2020-10-02 18:12:53,996 - __main__ - INFO - n_units=5
2020-10-02 18:12:53,997 - __main__ - INFO - max_energy=1.0
2020-10-02 18:12:53,997 - __main__ - INFO - beta=1e-14
2020-10-02 18:12:53,997 - __main__ - INFO - taudelta=4.0
2020-10-02 18:12:53,997 - __main__ - INFO - V=1
2020-10-02 18:12:53,997 - __main__ - INFO - layers=5
2020-10-02 18:12:53,997 - __main__ - INFO - train_len=2000, val_len=2000, buffer=2000
2020-10-02 18:12:53,997 - __main__ - INFO - alpha=0.5, Ntrials=10
2020-10-02 18:12:53,997 - __main__ - INFO - noise=6e-06, learning rate=10.0,scale_input=0.2
2020-10-02 18:13:06,495 - __main__ - INFO - innate_buffer=2000, innate_train_len=2000, innate_val_len=2000
2020-10-02 18:13:06,496 - __main__ - INFO - target_state_list=(6000, 25), target_innate_seq=(6000, 5)
2020-10-02 18:16:24,506 - __main__ - DEBUG - n=0, val_loss=0.002818879600288072
2020-10-02 18:16:34,106 - __main__ - INFO - innate_buffer=2000, innate_train_len=2000, innate_val_len=2000
2020-10-02 18:16:34,106 - __main__ - INFO - target_state_list=(6000, 25), target_innate_seq=(6000, 5)
2020-10-02 18:20:22,236 - __main__ - DEBUG - n=1, val_loss=0.003038105347430467
2020-10-02 18:20:37,656 - __main__ - INFO - innate_buffer=2000, innate_train_len=2000, innate_val_len=2000
2020-10-02 18:20:37,656 - __main__ - INFO - target_state_list=(6000, 25), target_innate_seq=(6000, 5)
2020-10-02 18:26:00,458 - __main__ - DEBUG - n=2, val_loss=0.0028021652356196147
2020-10-02 18:26:15,857 - __main__ - INFO - innate_buffer=2000, innate_train_len=2000, innate_val_len=2000
2020-10-02 18:26:15,857 - __main__ - INFO - target_state_list=(6000, 25), target_innate_seq=(6000, 5)
2020-10-02 18:31:33,747 - __main__ - DEBUG - n=3, val_loss=0.002963997585986512
2020-10-02 18:31:49,862 - __main__ - INFO - innate_buffer=2000, innate_train_len=2000, innate_val_len=2000
2020-10-02 18:31:49,862 - __main__ - INFO - target_state_list=(6000, 25), target_innate_seq=(6000, 5)
2020-10-02 18:37:09,050 - __main__ - DEBUG - n=4, val_loss=0.0029813937543141686
2020-10-02 18:37:25,047 - __main__ - INFO - innate_buffer=2000, innate_train_len=2000, innate_val_len=2000
2020-10-02 18:37:25,048 - __main__ - INFO - target_state_list=(6000, 25), target_innate_seq=(6000, 5)
2020-10-02 18:42:44,866 - __main__ - DEBUG - n=5, val_loss=0.0033022766919279063
2020-10-02 18:43:00,200 - __main__ - INFO - innate_buffer=2000, innate_train_len=2000, innate_val_len=2000
2020-10-02 18:43:00,200 - __main__ - INFO - target_state_list=(6000, 25), target_innate_seq=(6000, 5)
2020-10-02 18:48:15,199 - __main__ - DEBUG - n=6, val_loss=0.0036978749448372057
2020-10-02 18:48:24,655 - __main__ - INFO - innate_buffer=2000, innate_train_len=2000, innate_val_len=2000
2020-10-02 18:48:24,655 - __main__ - INFO - target_state_list=(6000, 25), target_innate_seq=(6000, 5)
2020-10-02 18:51:34,821 - __main__ - DEBUG - n=7, val_loss=0.0031047470837322895
2020-10-02 18:51:43,551 - __main__ - INFO - innate_buffer=2000, innate_train_len=2000, innate_val_len=2000
2020-10-02 18:51:43,551 - __main__ - INFO - target_state_list=(6000, 25), target_innate_seq=(6000, 5)
2020-10-02 18:54:30,337 - __main__ - DEBUG - n=8, val_loss=0.0031046005565088766
2020-10-02 18:54:37,613 - __main__ - INFO - innate_buffer=2000, innate_train_len=2000, innate_val_len=2000
2020-10-02 18:54:37,613 - __main__ - INFO - target_state_list=(6000, 25), target_innate_seq=(6000, 5)
2020-10-02 18:57:05,154 - __main__ - DEBUG - n=9, val_loss=0.0029796856784160357
2020-10-02 18:57:05,154 - __main__ - INFO - Ntrials=10, total loss avg=0.003079372647906115, std=0.0002475406918624292
