2020-10-02 18:12:54,049 - __main__ - INFO - n_units=5
2020-10-02 18:12:54,049 - __main__ - INFO - max_energy=1.0
2020-10-02 18:12:54,050 - __main__ - INFO - beta=1e-14
2020-10-02 18:12:54,050 - __main__ - INFO - taudelta=4.0
2020-10-02 18:12:54,050 - __main__ - INFO - V=1
2020-10-02 18:12:54,050 - __main__ - INFO - layers=5
2020-10-02 18:12:54,050 - __main__ - INFO - train_len=2000, val_len=2000, buffer=2000
2020-10-02 18:12:54,050 - __main__ - INFO - alpha=0.5, Ntrials=10
2020-10-02 18:12:54,050 - __main__ - INFO - noise=0.0004, learning rate=10.0,scale_input=0.2
2020-10-02 18:13:07,614 - __main__ - INFO - innate_buffer=2000, innate_train_len=2000, innate_val_len=2000
2020-10-02 18:13:07,614 - __main__ - INFO - target_state_list=(6000, 25), target_innate_seq=(6000, 5)
2020-10-02 18:18:11,143 - __main__ - DEBUG - n=0, val_loss=0.004362422024926672
2020-10-02 18:18:27,041 - __main__ - INFO - innate_buffer=2000, innate_train_len=2000, innate_val_len=2000
2020-10-02 18:18:27,041 - __main__ - INFO - target_state_list=(6000, 25), target_innate_seq=(6000, 5)
2020-10-02 18:21:55,857 - __main__ - DEBUG - n=1, val_loss=0.004468765230148795
2020-10-02 18:22:05,550 - __main__ - INFO - innate_buffer=2000, innate_train_len=2000, innate_val_len=2000
2020-10-02 18:22:05,550 - __main__ - INFO - target_state_list=(6000, 25), target_innate_seq=(6000, 5)
2020-10-02 18:25:25,442 - __main__ - DEBUG - n=2, val_loss=0.004418043927273779
2020-10-02 18:25:35,181 - __main__ - INFO - innate_buffer=2000, innate_train_len=2000, innate_val_len=2000
2020-10-02 18:25:35,181 - __main__ - INFO - target_state_list=(6000, 25), target_innate_seq=(6000, 5)
2020-10-02 18:30:35,273 - __main__ - DEBUG - n=3, val_loss=0.004367291449377519
2020-10-02 18:30:51,052 - __main__ - INFO - innate_buffer=2000, innate_train_len=2000, innate_val_len=2000
2020-10-02 18:30:51,052 - __main__ - INFO - target_state_list=(6000, 25), target_innate_seq=(6000, 5)
2020-10-02 18:34:23,549 - __main__ - DEBUG - n=4, val_loss=0.0033987906729233
2020-10-02 18:34:33,306 - __main__ - INFO - innate_buffer=2000, innate_train_len=2000, innate_val_len=2000
2020-10-02 18:34:33,306 - __main__ - INFO - target_state_list=(6000, 25), target_innate_seq=(6000, 5)
2020-10-02 18:39:05,945 - __main__ - DEBUG - n=5, val_loss=0.004722782833611519
2020-10-02 18:39:22,278 - __main__ - INFO - innate_buffer=2000, innate_train_len=2000, innate_val_len=2000
2020-10-02 18:39:22,278 - __main__ - INFO - target_state_list=(6000, 25), target_innate_seq=(6000, 5)
2020-10-02 18:44:29,927 - __main__ - DEBUG - n=6, val_loss=0.004943026915116854
2020-10-02 18:44:39,723 - __main__ - INFO - innate_buffer=2000, innate_train_len=2000, innate_val_len=2000
2020-10-02 18:44:39,723 - __main__ - INFO - target_state_list=(6000, 25), target_innate_seq=(6000, 5)
2020-10-02 18:48:00,762 - __main__ - DEBUG - n=7, val_loss=0.0037900372529406584
2020-10-02 18:48:10,453 - __main__ - INFO - innate_buffer=2000, innate_train_len=2000, innate_val_len=2000
2020-10-02 18:48:10,454 - __main__ - INFO - target_state_list=(6000, 25), target_innate_seq=(6000, 5)
2020-10-02 18:51:21,802 - __main__ - DEBUG - n=8, val_loss=0.004143723388956008
2020-10-02 18:51:30,715 - __main__ - INFO - innate_buffer=2000, innate_train_len=2000, innate_val_len=2000
2020-10-02 18:51:30,715 - __main__ - INFO - target_state_list=(6000, 25), target_innate_seq=(6000, 5)
2020-10-02 18:54:19,850 - __main__ - DEBUG - n=9, val_loss=0.004508426504468809
2020-10-02 18:54:19,851 - __main__ - INFO - Ntrials=10, total loss avg=0.004312331019974391, std=0.0004220963585458529
