2020-10-02 17:27:06,869 - __main__ - INFO - n_units=5
2020-10-02 17:27:06,870 - __main__ - INFO - max_energy=1.0
2020-10-02 17:27:06,870 - __main__ - INFO - beta=1e-14
2020-10-02 17:27:06,870 - __main__ - INFO - taudelta=4.0
2020-10-02 17:27:06,870 - __main__ - INFO - V=1
2020-10-02 17:27:06,870 - __main__ - INFO - layers=5
2020-10-02 17:27:06,870 - __main__ - INFO - train_len=2000, val_len=2000, buffer=2000
2020-10-02 17:27:06,870 - __main__ - INFO - alpha=0.5, Ntrials=10
2020-10-02 17:27:06,870 - __main__ - INFO - noise=0.008, learning rate=10.0,scale_input=0.2
2020-10-02 17:27:23,149 - __main__ - INFO - innate_buffer=2000, innate_train_len=2000, innate_val_len=2000
2020-10-02 17:27:23,149 - __main__ - INFO - target_state_list=(6000, 25), target_innate_seq=(6000, 5)
2020-10-02 17:32:45,031 - __main__ - DEBUG - n=0, val_loss=0.005563427161516416
2020-10-02 17:32:59,980 - __main__ - INFO - innate_buffer=2000, innate_train_len=2000, innate_val_len=2000
2020-10-02 17:32:59,980 - __main__ - INFO - target_state_list=(6000, 25), target_innate_seq=(6000, 5)
2020-10-02 17:36:39,900 - __main__ - DEBUG - n=1, val_loss=0.005900180666561122
2020-10-02 17:36:49,339 - __main__ - INFO - innate_buffer=2000, innate_train_len=2000, innate_val_len=2000
2020-10-02 17:36:49,339 - __main__ - INFO - target_state_list=(6000, 25), target_innate_seq=(6000, 5)
2020-10-02 17:40:07,377 - __main__ - DEBUG - n=2, val_loss=0.005300170988406965
2020-10-02 17:40:16,805 - __main__ - INFO - innate_buffer=2000, innate_train_len=2000, innate_val_len=2000
2020-10-02 17:40:16,805 - __main__ - INFO - target_state_list=(6000, 25), target_innate_seq=(6000, 5)
2020-10-02 17:43:35,083 - __main__ - DEBUG - n=3, val_loss=0.005560419834755918
2020-10-02 17:43:44,516 - __main__ - INFO - innate_buffer=2000, innate_train_len=2000, innate_val_len=2000
2020-10-02 17:43:44,516 - __main__ - INFO - target_state_list=(6000, 25), target_innate_seq=(6000, 5)
2020-10-02 17:47:03,514 - __main__ - DEBUG - n=4, val_loss=0.005544303821240723
2020-10-02 17:47:12,932 - __main__ - INFO - innate_buffer=2000, innate_train_len=2000, innate_val_len=2000
2020-10-02 17:47:12,932 - __main__ - INFO - target_state_list=(6000, 25), target_innate_seq=(6000, 5)
2020-10-02 17:50:31,916 - __main__ - DEBUG - n=5, val_loss=0.005640737310760772
2020-10-02 17:50:41,329 - __main__ - INFO - innate_buffer=2000, innate_train_len=2000, innate_val_len=2000
2020-10-02 17:50:41,329 - __main__ - INFO - target_state_list=(6000, 25), target_innate_seq=(6000, 5)
2020-10-02 17:54:02,034 - __main__ - DEBUG - n=6, val_loss=0.006404878718845639
2020-10-02 17:54:11,494 - __main__ - INFO - innate_buffer=2000, innate_train_len=2000, innate_val_len=2000
2020-10-02 17:54:11,494 - __main__ - INFO - target_state_list=(6000, 25), target_innate_seq=(6000, 5)
2020-10-02 17:59:25,058 - __main__ - DEBUG - n=7, val_loss=0.006136153400406972
2020-10-02 17:59:40,684 - __main__ - INFO - innate_buffer=2000, innate_train_len=2000, innate_val_len=2000
2020-10-02 17:59:40,684 - __main__ - INFO - target_state_list=(6000, 25), target_innate_seq=(6000, 5)
2020-10-02 18:03:24,911 - __main__ - DEBUG - n=8, val_loss=0.005341791614881869
2020-10-02 18:03:33,691 - __main__ - INFO - innate_buffer=2000, innate_train_len=2000, innate_val_len=2000
2020-10-02 18:03:33,691 - __main__ - INFO - target_state_list=(6000, 25), target_innate_seq=(6000, 5)
2020-10-02 18:06:27,264 - __main__ - DEBUG - n=9, val_loss=0.006059576681899003
2020-10-02 18:06:27,264 - __main__ - INFO - Ntrials=10, total loss avg=0.00574516401992754, std=0.00034498090009097196
