2020-10-02 17:22:58,516 - __main__ - INFO - n_units=5
2020-10-02 17:22:58,516 - __main__ - INFO - max_energy=1.0
2020-10-02 17:22:58,516 - __main__ - INFO - beta=1e-14
2020-10-02 17:22:58,516 - __main__ - INFO - taudelta=4.0
2020-10-02 17:22:58,516 - __main__ - INFO - V=1
2020-10-02 17:22:58,516 - __main__ - INFO - layers=5
2020-10-02 17:22:58,517 - __main__ - INFO - train_len=2000, val_len=2000, buffer=2000
2020-10-02 17:22:58,517 - __main__ - INFO - alpha=0.5, Ntrials=10
2020-10-02 17:22:58,517 - __main__ - INFO - noise=0.0009000000000000001, learning rate=0.0,scale_input=0.2
2020-10-02 17:23:15,160 - __main__ - DEBUG - n=0, val_loss=0.004696798836357944
2020-10-02 17:23:31,554 - __main__ - DEBUG - n=1, val_loss=0.004822900280868389
2020-10-02 17:23:46,456 - __main__ - DEBUG - n=2, val_loss=0.004654308574036648
2020-10-02 17:24:00,844 - __main__ - DEBUG - n=3, val_loss=0.004728725175442049
2020-10-02 17:24:10,455 - __main__ - DEBUG - n=4, val_loss=0.0036642771403461237
2020-10-02 17:24:20,059 - __main__ - DEBUG - n=5, val_loss=0.005052009524568516
2020-10-02 17:24:29,688 - __main__ - DEBUG - n=6, val_loss=0.005257718599757469
2020-10-02 17:24:38,705 - __main__ - DEBUG - n=7, val_loss=0.004064369536506276
2020-10-02 17:24:46,775 - __main__ - DEBUG - n=8, val_loss=0.0044838735705825
2020-10-02 17:24:54,636 - __main__ - DEBUG - n=9, val_loss=0.004853973319359855
2020-10-02 17:24:54,636 - __main__ - INFO - Ntrials=10, total loss avg=0.0046278954557825765, std=0.00044138010854926317
