2020-10-02 18:12:54,062 - __main__ - INFO - n_units=5
2020-10-02 18:12:54,062 - __main__ - INFO - max_energy=1.0
2020-10-02 18:12:54,062 - __main__ - INFO - beta=1e-14
2020-10-02 18:12:54,062 - __main__ - INFO - taudelta=4.0
2020-10-02 18:12:54,062 - __main__ - INFO - V=1
2020-10-02 18:12:54,062 - __main__ - INFO - layers=5
2020-10-02 18:12:54,063 - __main__ - INFO - train_len=2000, val_len=2000, buffer=2000
2020-10-02 18:12:54,063 - __main__ - INFO - alpha=0.5, Ntrials=10
2020-10-02 18:12:54,063 - __main__ - INFO - noise=0.004, learning rate=10.0,scale_input=0.2
2020-10-02 18:13:03,643 - __main__ - INFO - innate_buffer=2000, innate_train_len=2000, innate_val_len=2000
2020-10-02 18:13:03,644 - __main__ - INFO - target_state_list=(6000, 25), target_innate_seq=(6000, 5)
2020-10-02 18:17:27,754 - __main__ - DEBUG - n=0, val_loss=0.005289965007359139
2020-10-02 18:17:38,061 - __main__ - INFO - innate_buffer=2000, innate_train_len=2000, innate_val_len=2000
2020-10-02 18:17:38,061 - __main__ - INFO - target_state_list=(6000, 25), target_innate_seq=(6000, 5)
2020-10-02 18:21:02,568 - __main__ - DEBUG - n=1, val_loss=0.00531713309831631
2020-10-02 18:21:12,401 - __main__ - INFO - innate_buffer=2000, innate_train_len=2000, innate_val_len=2000
2020-10-02 18:21:12,402 - __main__ - INFO - target_state_list=(6000, 25), target_innate_seq=(6000, 5)
2020-10-02 18:25:00,933 - __main__ - DEBUG - n=2, val_loss=0.005213283144103628
2020-10-02 18:25:10,606 - __main__ - INFO - innate_buffer=2000, innate_train_len=2000, innate_val_len=2000
2020-10-02 18:25:10,606 - __main__ - INFO - target_state_list=(6000, 25), target_innate_seq=(6000, 5)
2020-10-02 18:29:41,826 - __main__ - DEBUG - n=3, val_loss=0.005216427960657681
2020-10-02 18:29:54,660 - __main__ - INFO - innate_buffer=2000, innate_train_len=2000, innate_val_len=2000
2020-10-02 18:29:54,661 - __main__ - INFO - target_state_list=(6000, 25), target_innate_seq=(6000, 5)
2020-10-02 18:34:18,174 - __main__ - DEBUG - n=4, val_loss=0.004074554658904335
2020-10-02 18:34:27,922 - __main__ - INFO - innate_buffer=2000, innate_train_len=2000, innate_val_len=2000
2020-10-02 18:34:27,922 - __main__ - INFO - target_state_list=(6000, 25), target_innate_seq=(6000, 5)
2020-10-02 18:39:05,733 - __main__ - DEBUG - n=5, val_loss=0.005724077080606728
2020-10-02 18:39:21,110 - __main__ - INFO - innate_buffer=2000, innate_train_len=2000, innate_val_len=2000
2020-10-02 18:39:21,111 - __main__ - INFO - target_state_list=(6000, 25), target_innate_seq=(6000, 5)
2020-10-02 18:44:39,593 - __main__ - DEBUG - n=6, val_loss=0.005740584303823485
2020-10-02 18:44:55,474 - __main__ - INFO - innate_buffer=2000, innate_train_len=2000, innate_val_len=2000
2020-10-02 18:44:55,474 - __main__ - INFO - target_state_list=(6000, 25), target_innate_seq=(6000, 5)
2020-10-02 18:49:13,825 - __main__ - DEBUG - n=7, val_loss=0.004469063599821473
2020-10-02 18:49:23,238 - __main__ - INFO - innate_buffer=2000, innate_train_len=2000, innate_val_len=2000
2020-10-02 18:49:23,238 - __main__ - INFO - target_state_list=(6000, 25), target_innate_seq=(6000, 5)
2020-10-02 18:52:26,320 - __main__ - DEBUG - n=8, val_loss=0.004905821405503732
2020-10-02 18:52:34,599 - __main__ - INFO - innate_buffer=2000, innate_train_len=2000, innate_val_len=2000
2020-10-02 18:52:34,599 - __main__ - INFO - target_state_list=(6000, 25), target_innate_seq=(6000, 5)
2020-10-02 18:55:12,480 - __main__ - DEBUG - n=9, val_loss=0.005336739751535183
2020-10-02 18:55:12,481 - __main__ - INFO - Ntrials=10, total loss avg=0.005128765001063169, std=0.0004944227090568183
