2020-10-02 17:27:06,857 - __main__ - INFO - n_units=5
2020-10-02 17:27:06,858 - __main__ - INFO - max_energy=1.0
2020-10-02 17:27:06,858 - __main__ - INFO - beta=1e-14
2020-10-02 17:27:06,858 - __main__ - INFO - taudelta=4.0
2020-10-02 17:27:06,858 - __main__ - INFO - V=1
2020-10-02 17:27:06,858 - __main__ - INFO - layers=5
2020-10-02 17:27:06,858 - __main__ - INFO - train_len=2000, val_len=2000, buffer=2000
2020-10-02 17:27:06,858 - __main__ - INFO - alpha=0.5, Ntrials=10
2020-10-02 17:27:06,858 - __main__ - INFO - noise=0.0009000000000000001, learning rate=10.0,scale_input=0.2
2020-10-02 17:27:17,046 - __main__ - INFO - innate_buffer=2000, innate_train_len=2000, innate_val_len=2000
2020-10-02 17:27:17,046 - __main__ - INFO - target_state_list=(6000, 25), target_innate_seq=(6000, 5)
2020-10-02 17:30:31,406 - __main__ - DEBUG - n=0, val_loss=0.004414392449079755
2020-10-02 17:30:40,740 - __main__ - INFO - innate_buffer=2000, innate_train_len=2000, innate_val_len=2000
2020-10-02 17:30:40,740 - __main__ - INFO - target_state_list=(6000, 25), target_innate_seq=(6000, 5)
2020-10-02 17:33:57,357 - __main__ - DEBUG - n=1, val_loss=0.004841073270842456
2020-10-02 17:34:06,729 - __main__ - INFO - innate_buffer=2000, innate_train_len=2000, innate_val_len=2000
2020-10-02 17:34:06,729 - __main__ - INFO - target_state_list=(6000, 25), target_innate_seq=(6000, 5)
2020-10-02 17:37:23,537 - __main__ - DEBUG - n=2, val_loss=0.00410936922005247
2020-10-02 17:37:32,924 - __main__ - INFO - innate_buffer=2000, innate_train_len=2000, innate_val_len=2000
2020-10-02 17:37:32,924 - __main__ - INFO - target_state_list=(6000, 25), target_innate_seq=(6000, 5)
2020-10-02 17:40:50,165 - __main__ - DEBUG - n=3, val_loss=0.00463620466256845
2020-10-02 17:40:59,539 - __main__ - INFO - innate_buffer=2000, innate_train_len=2000, innate_val_len=2000
2020-10-02 17:40:59,539 - __main__ - INFO - target_state_list=(6000, 25), target_innate_seq=(6000, 5)
2020-10-02 17:44:16,831 - __main__ - DEBUG - n=4, val_loss=0.004651622776427987
2020-10-02 17:44:26,228 - __main__ - INFO - innate_buffer=2000, innate_train_len=2000, innate_val_len=2000
2020-10-02 17:44:26,228 - __main__ - INFO - target_state_list=(6000, 25), target_innate_seq=(6000, 5)
2020-10-02 17:47:43,879 - __main__ - DEBUG - n=5, val_loss=0.004352984796775789
2020-10-02 17:47:53,265 - __main__ - INFO - innate_buffer=2000, innate_train_len=2000, innate_val_len=2000
2020-10-02 17:47:53,265 - __main__ - INFO - target_state_list=(6000, 25), target_innate_seq=(6000, 5)
2020-10-02 17:51:10,934 - __main__ - DEBUG - n=6, val_loss=0.005306399526429505
2020-10-02 17:51:20,323 - __main__ - INFO - innate_buffer=2000, innate_train_len=2000, innate_val_len=2000
2020-10-02 17:51:20,323 - __main__ - INFO - target_state_list=(6000, 25), target_innate_seq=(6000, 5)
2020-10-02 17:54:37,767 - __main__ - DEBUG - n=7, val_loss=0.005108280682966339
2020-10-02 17:54:47,164 - __main__ - INFO - innate_buffer=2000, innate_train_len=2000, innate_val_len=2000
2020-10-02 17:54:47,164 - __main__ - INFO - target_state_list=(6000, 25), target_innate_seq=(6000, 5)
2020-10-02 17:58:04,523 - __main__ - DEBUG - n=8, val_loss=0.004675530467773607
2020-10-02 17:58:13,913 - __main__ - INFO - innate_buffer=2000, innate_train_len=2000, innate_val_len=2000
2020-10-02 17:58:13,913 - __main__ - INFO - target_state_list=(6000, 25), target_innate_seq=(6000, 5)
2020-10-02 18:01:31,280 - __main__ - DEBUG - n=9, val_loss=0.005010292653790162
2020-10-02 18:01:31,280 - __main__ - INFO - Ntrials=10, total loss avg=0.004710615050670652, std=0.00034746435917242815
