2020-10-02 17:22:58,466 - __main__ - INFO - n_units=5
2020-10-02 17:22:58,467 - __main__ - INFO - max_energy=1.0
2020-10-02 17:22:58,467 - __main__ - INFO - beta=1e-14
2020-10-02 17:22:58,467 - __main__ - INFO - taudelta=4.0
2020-10-02 17:22:58,467 - __main__ - INFO - V=1
2020-10-02 17:22:58,467 - __main__ - INFO - layers=5
2020-10-02 17:22:58,467 - __main__ - INFO - train_len=2000, val_len=2000, buffer=2000
2020-10-02 17:22:58,467 - __main__ - INFO - alpha=0.5, Ntrials=10
2020-10-02 17:22:58,467 - __main__ - INFO - noise=7.000000000000001e-05, learning rate=0.0,scale_input=0.2
2020-10-02 17:23:07,819 - __main__ - DEBUG - n=0, val_loss=0.0032184487274227193
2020-10-02 17:23:17,399 - __main__ - DEBUG - n=1, val_loss=0.003434153899775771
2020-10-02 17:23:26,872 - __main__ - DEBUG - n=2, val_loss=0.00322439182199306
2020-10-02 17:23:36,378 - __main__ - DEBUG - n=3, val_loss=0.0033684070202226503
2020-10-02 17:23:45,963 - __main__ - DEBUG - n=4, val_loss=0.0032695923347434122
2020-10-02 17:23:55,558 - __main__ - DEBUG - n=5, val_loss=0.003700428731858263
2020-10-02 17:24:05,097 - __main__ - DEBUG - n=6, val_loss=0.004012327206726373
2020-10-02 17:24:14,644 - __main__ - DEBUG - n=7, val_loss=0.003443846321144768
2020-10-02 17:24:29,549 - __main__ - DEBUG - n=8, val_loss=0.003478966358738278
2020-10-02 17:24:40,025 - __main__ - DEBUG - n=9, val_loss=0.0034242659125150047
2020-10-02 17:24:40,025 - __main__ - INFO - Ntrials=10, total loss avg=0.00345748283351403, std=0.00022888340937951256
