2020-10-02 17:22:58,517 - __main__ - INFO - n_units=5
2020-10-02 17:22:58,517 - __main__ - INFO - max_energy=1.0
2020-10-02 17:22:58,517 - __main__ - INFO - beta=1e-14
2020-10-02 17:22:58,518 - __main__ - INFO - taudelta=4.0
2020-10-02 17:22:58,518 - __main__ - INFO - V=1
2020-10-02 17:22:58,518 - __main__ - INFO - layers=5
2020-10-02 17:22:58,518 - __main__ - INFO - train_len=2000, val_len=2000, buffer=2000
2020-10-02 17:22:58,518 - __main__ - INFO - alpha=0.5, Ntrials=10
2020-10-02 17:22:58,518 - __main__ - INFO - noise=0.001, learning rate=0.0,scale_input=0.2
2020-10-02 17:23:08,015 - __main__ - DEBUG - n=0, val_loss=0.004743476064805398
2020-10-02 17:23:17,468 - __main__ - DEBUG - n=1, val_loss=0.004866295388780081
2020-10-02 17:23:26,937 - __main__ - DEBUG - n=2, val_loss=0.004689834033107602
2020-10-02 17:23:36,419 - __main__ - DEBUG - n=3, val_loss=0.004773858115834893
2020-10-02 17:23:45,895 - __main__ - DEBUG - n=4, val_loss=0.0036990918872625914
2020-10-02 17:23:55,385 - __main__ - DEBUG - n=5, val_loss=0.005098625468978576
2020-10-02 17:24:04,887 - __main__ - DEBUG - n=6, val_loss=0.005299120661084742
2020-10-02 17:24:14,359 - __main__ - DEBUG - n=7, val_loss=0.004100395520518285
2020-10-02 17:24:23,821 - __main__ - DEBUG - n=8, val_loss=0.004521971219940049
2020-10-02 17:24:33,290 - __main__ - DEBUG - n=9, val_loss=0.004897583536949089
2020-10-02 17:24:33,290 - __main__ - INFO - Ntrials=10, total loss avg=0.00466902518972613, std=0.0004444583464849153
