2020-10-02 18:12:54,023 - __main__ - INFO - n_units=5
2020-10-02 18:12:54,024 - __main__ - INFO - max_energy=1.0
2020-10-02 18:12:54,024 - __main__ - INFO - beta=1e-14
2020-10-02 18:12:54,024 - __main__ - INFO - taudelta=4.0
2020-10-02 18:12:54,024 - __main__ - INFO - V=1
2020-10-02 18:12:54,024 - __main__ - INFO - layers=5
2020-10-02 18:12:54,024 - __main__ - INFO - train_len=2000, val_len=2000, buffer=2000
2020-10-02 18:12:54,024 - __main__ - INFO - alpha=0.5, Ntrials=10
2020-10-02 18:12:54,024 - __main__ - INFO - noise=0.009000000000000001, learning rate=10.0,scale_input=0.2
2020-10-02 18:13:04,980 - __main__ - INFO - innate_buffer=2000, innate_train_len=2000, innate_val_len=2000
2020-10-02 18:13:04,981 - __main__ - INFO - target_state_list=(6000, 25), target_innate_seq=(6000, 5)
2020-10-02 18:16:35,868 - __main__ - DEBUG - n=0, val_loss=0.005363268327053401
2020-10-02 18:16:45,542 - __main__ - INFO - innate_buffer=2000, innate_train_len=2000, innate_val_len=2000
2020-10-02 18:16:45,542 - __main__ - INFO - target_state_list=(6000, 25), target_innate_seq=(6000, 5)
2020-10-02 18:20:05,991 - __main__ - DEBUG - n=1, val_loss=0.005443466541560828
2020-10-02 18:20:15,619 - __main__ - INFO - innate_buffer=2000, innate_train_len=2000, innate_val_len=2000
2020-10-02 18:20:15,619 - __main__ - INFO - target_state_list=(6000, 25), target_innate_seq=(6000, 5)
2020-10-02 18:23:35,851 - __main__ - DEBUG - n=2, val_loss=0.0050547781588438576
2020-10-02 18:23:45,478 - __main__ - INFO - innate_buffer=2000, innate_train_len=2000, innate_val_len=2000
2020-10-02 18:23:45,478 - __main__ - INFO - target_state_list=(6000, 25), target_innate_seq=(6000, 5)
2020-10-02 18:27:05,909 - __main__ - DEBUG - n=3, val_loss=0.005202570551529619
2020-10-02 18:27:15,527 - __main__ - INFO - innate_buffer=2000, innate_train_len=2000, innate_val_len=2000
2020-10-02 18:27:15,527 - __main__ - INFO - target_state_list=(6000, 25), target_innate_seq=(6000, 5)
2020-10-02 18:31:32,949 - __main__ - DEBUG - n=4, val_loss=0.004925964328890904
2020-10-02 18:31:42,571 - __main__ - INFO - innate_buffer=2000, innate_train_len=2000, innate_val_len=2000
2020-10-02 18:31:42,571 - __main__ - INFO - target_state_list=(6000, 25), target_innate_seq=(6000, 5)
2020-10-02 18:36:57,152 - __main__ - DEBUG - n=5, val_loss=0.005748897560375684
2020-10-02 18:37:13,377 - __main__ - INFO - innate_buffer=2000, innate_train_len=2000, innate_val_len=2000
2020-10-02 18:37:13,377 - __main__ - INFO - target_state_list=(6000, 25), target_innate_seq=(6000, 5)
2020-10-02 18:42:27,343 - __main__ - DEBUG - n=6, val_loss=0.005959892975294601
2020-10-02 18:42:36,983 - __main__ - INFO - innate_buffer=2000, innate_train_len=2000, innate_val_len=2000
2020-10-02 18:42:36,983 - __main__ - INFO - target_state_list=(6000, 25), target_innate_seq=(6000, 5)
2020-10-02 18:45:58,106 - __main__ - DEBUG - n=7, val_loss=0.005454261426630908
2020-10-02 18:46:07,713 - __main__ - INFO - innate_buffer=2000, innate_train_len=2000, innate_val_len=2000
2020-10-02 18:46:07,713 - __main__ - INFO - target_state_list=(6000, 25), target_innate_seq=(6000, 5)
2020-10-02 18:50:16,330 - __main__ - DEBUG - n=8, val_loss=0.005340679491564226
2020-10-02 18:50:25,424 - __main__ - INFO - innate_buffer=2000, innate_train_len=2000, innate_val_len=2000
2020-10-02 18:50:25,424 - __main__ - INFO - target_state_list=(6000, 25), target_innate_seq=(6000, 5)
2020-10-02 18:53:21,482 - __main__ - DEBUG - n=9, val_loss=0.005477922637805159
2020-10-02 18:53:21,482 - __main__ - INFO - Ntrials=10, total loss avg=0.005397170199954919, std=0.0002887506911874203
