2020-10-02 17:20:53,539 - __main__ - INFO - n_units=5
2020-10-02 17:20:53,540 - __main__ - INFO - max_energy=1.0
2020-10-02 17:20:53,540 - __main__ - INFO - beta=1e-14
2020-10-02 17:20:53,540 - __main__ - INFO - taudelta=4.0
2020-10-02 17:20:53,540 - __main__ - INFO - V=1
2020-10-02 17:20:53,540 - __main__ - INFO - layers=5
2020-10-02 17:20:53,540 - __main__ - INFO - train_len=2000, val_len=2000, buffer=2000
2020-10-02 17:20:53,540 - __main__ - INFO - alpha=0.5, Ntrials=10
2020-10-02 17:20:53,540 - __main__ - INFO - noise=0.0005, learning rate=0.0,scale_input=0.2
2020-10-02 17:21:03,345 - __main__ - DEBUG - n=0, val_loss=0.0040661293448195
2020-10-02 17:21:12,539 - __main__ - DEBUG - n=1, val_loss=0.004475047623054277
2020-10-02 17:21:21,703 - __main__ - DEBUG - n=2, val_loss=0.0038674881296003045
2020-10-02 17:21:30,886 - __main__ - DEBUG - n=3, val_loss=0.004252696579529369
2020-10-02 17:21:40,073 - __main__ - DEBUG - n=4, val_loss=0.004328018122729874
2020-10-02 17:21:49,285 - __main__ - DEBUG - n=5, val_loss=0.0040620845089816456
2020-10-02 17:21:58,521 - __main__ - DEBUG - n=6, val_loss=0.004881221007307385
2020-10-02 17:22:07,732 - __main__ - DEBUG - n=7, val_loss=0.004696122009369274
2020-10-02 17:22:16,947 - __main__ - DEBUG - n=8, val_loss=0.004356762461044743
2020-10-02 17:22:26,100 - __main__ - DEBUG - n=9, val_loss=0.004606835633132288
2020-10-02 17:22:26,100 - __main__ - INFO - Ntrials=10, total loss avg=0.004359240541956866, std=0.0002981671094632107
