2020-10-02 17:22:58,489 - __main__ - INFO - n_units=5
2020-10-02 17:22:58,489 - __main__ - INFO - max_energy=1.0
2020-10-02 17:22:58,489 - __main__ - INFO - beta=1e-14
2020-10-02 17:22:58,489 - __main__ - INFO - taudelta=4.0
2020-10-02 17:22:58,489 - __main__ - INFO - V=1
2020-10-02 17:22:58,489 - __main__ - INFO - layers=5
2020-10-02 17:22:58,489 - __main__ - INFO - train_len=2000, val_len=2000, buffer=2000
2020-10-02 17:22:58,489 - __main__ - INFO - alpha=0.5, Ntrials=10
2020-10-02 17:22:58,490 - __main__ - INFO - noise=1e-06, learning rate=0.0,scale_input=0.2
2020-10-02 17:23:07,765 - __main__ - DEBUG - n=0, val_loss=0.0025555439334670493
2020-10-02 17:23:17,215 - __main__ - DEBUG - n=1, val_loss=0.003073639384795553
2020-10-02 17:23:26,666 - __main__ - DEBUG - n=2, val_loss=0.002384881561913544
2020-10-02 17:23:36,130 - __main__ - DEBUG - n=3, val_loss=0.002812887695031603
2020-10-02 17:23:45,594 - __main__ - DEBUG - n=4, val_loss=0.002713278286924656
2020-10-02 17:23:55,043 - __main__ - DEBUG - n=5, val_loss=0.003010977128499867
2020-10-02 17:24:04,521 - __main__ - DEBUG - n=6, val_loss=0.003835001304047154
2020-10-02 17:24:13,992 - __main__ - DEBUG - n=7, val_loss=0.0027260188677182932
2020-10-02 17:24:23,466 - __main__ - DEBUG - n=8, val_loss=0.0029446288580909754
2020-10-02 17:24:32,942 - __main__ - DEBUG - n=9, val_loss=0.003353976013509844
2020-10-02 17:24:32,942 - __main__ - INFO - Ntrials=10, total loss avg=0.0029410833033998536, std=0.0003955529734985174
