2020-10-02 17:20:53,512 - __main__ - INFO - n_units=5
2020-10-02 17:20:53,514 - __main__ - INFO - max_energy=1.0
2020-10-02 17:20:53,514 - __main__ - INFO - beta=1e-14
2020-10-02 17:20:53,514 - __main__ - INFO - taudelta=4.0
2020-10-02 17:20:53,514 - __main__ - INFO - V=1
2020-10-02 17:20:53,514 - __main__ - INFO - layers=5
2020-10-02 17:20:53,514 - __main__ - INFO - train_len=2000, val_len=2000, buffer=2000
2020-10-02 17:20:53,514 - __main__ - INFO - alpha=0.5, Ntrials=10
2020-10-02 17:20:53,514 - __main__ - INFO - noise=0.006, learning rate=0.0,scale_input=0.2
2020-10-02 17:21:02,413 - __main__ - DEBUG - n=0, val_loss=0.005915037055348427
2020-10-02 17:21:11,398 - __main__ - DEBUG - n=1, val_loss=0.006576065703437703
2020-10-02 17:21:20,385 - __main__ - DEBUG - n=2, val_loss=0.005443657593757618
2020-10-02 17:21:29,396 - __main__ - DEBUG - n=3, val_loss=0.006224759054805855
2020-10-02 17:21:38,443 - __main__ - DEBUG - n=4, val_loss=0.0061834753805122
2020-10-02 17:21:47,478 - __main__ - DEBUG - n=5, val_loss=0.006560256841362621
2020-10-02 17:21:56,531 - __main__ - DEBUG - n=6, val_loss=0.006988239382474658
2020-10-02 17:22:05,562 - __main__ - DEBUG - n=7, val_loss=0.006622966988536783
2020-10-02 17:22:14,590 - __main__ - DEBUG - n=8, val_loss=0.005900166622546992
2020-10-02 17:22:23,677 - __main__ - DEBUG - n=9, val_loss=0.006674918690856506
2020-10-02 17:22:23,677 - __main__ - INFO - Ntrials=10, total loss avg=0.006308954331363937, std=0.00043844200820699085
