2020-10-02 17:27:06,813 - __main__ - INFO - n_units=5
2020-10-02 17:27:06,813 - __main__ - INFO - max_energy=1.0
2020-10-02 17:27:06,813 - __main__ - INFO - beta=1e-14
2020-10-02 17:27:06,813 - __main__ - INFO - taudelta=4.0
2020-10-02 17:27:06,813 - __main__ - INFO - V=1
2020-10-02 17:27:06,813 - __main__ - INFO - layers=5
2020-10-02 17:27:06,813 - __main__ - INFO - train_len=2000, val_len=2000, buffer=2000
2020-10-02 17:27:06,814 - __main__ - INFO - alpha=0.5, Ntrials=10
2020-10-02 17:27:06,814 - __main__ - INFO - noise=0.0006000000000000001, learning rate=10.0,scale_input=0.2
2020-10-02 17:27:15,824 - __main__ - INFO - innate_buffer=2000, innate_train_len=2000, innate_val_len=2000
2020-10-02 17:27:15,824 - __main__ - INFO - target_state_list=(6000, 25), target_innate_seq=(6000, 5)
2020-10-02 17:30:31,660 - __main__ - DEBUG - n=0, val_loss=0.004334903390818602
2020-10-02 17:30:40,938 - __main__ - INFO - innate_buffer=2000, innate_train_len=2000, innate_val_len=2000
2020-10-02 17:30:40,938 - __main__ - INFO - target_state_list=(6000, 25), target_innate_seq=(6000, 5)
2020-10-02 17:34:03,524 - __main__ - DEBUG - n=1, val_loss=0.005044810458455787
2020-10-02 17:34:18,612 - __main__ - INFO - innate_buffer=2000, innate_train_len=2000, innate_val_len=2000
2020-10-02 17:34:18,612 - __main__ - INFO - target_state_list=(6000, 25), target_innate_seq=(6000, 5)
2020-10-02 17:37:41,862 - __main__ - DEBUG - n=2, val_loss=0.0039939690269521965
2020-10-02 17:37:51,126 - __main__ - INFO - innate_buffer=2000, innate_train_len=2000, innate_val_len=2000
2020-10-02 17:37:51,126 - __main__ - INFO - target_state_list=(6000, 25), target_innate_seq=(6000, 5)
2020-10-02 17:41:09,086 - __main__ - DEBUG - n=3, val_loss=0.004946609016693306
2020-10-02 17:41:18,357 - __main__ - INFO - innate_buffer=2000, innate_train_len=2000, innate_val_len=2000
2020-10-02 17:41:18,357 - __main__ - INFO - target_state_list=(6000, 25), target_innate_seq=(6000, 5)
2020-10-02 17:44:37,156 - __main__ - DEBUG - n=4, val_loss=0.0047629261002723414
2020-10-02 17:44:46,457 - __main__ - INFO - innate_buffer=2000, innate_train_len=2000, innate_val_len=2000
2020-10-02 17:44:46,457 - __main__ - INFO - target_state_list=(6000, 25), target_innate_seq=(6000, 5)
2020-10-02 17:48:05,004 - __main__ - DEBUG - n=5, val_loss=0.004730071093651598
2020-10-02 17:48:14,319 - __main__ - INFO - innate_buffer=2000, innate_train_len=2000, innate_val_len=2000
2020-10-02 17:48:14,319 - __main__ - INFO - target_state_list=(6000, 25), target_innate_seq=(6000, 5)
2020-10-02 17:51:33,348 - __main__ - DEBUG - n=6, val_loss=0.005468722197597963
2020-10-02 17:51:42,672 - __main__ - INFO - innate_buffer=2000, innate_train_len=2000, innate_val_len=2000
2020-10-02 17:51:42,672 - __main__ - INFO - target_state_list=(6000, 25), target_innate_seq=(6000, 5)
2020-10-02 17:55:29,295 - __main__ - DEBUG - n=7, val_loss=0.005204088795078849
2020-10-02 17:55:38,596 - __main__ - INFO - innate_buffer=2000, innate_train_len=2000, innate_val_len=2000
2020-10-02 17:55:38,596 - __main__ - INFO - target_state_list=(6000, 25), target_innate_seq=(6000, 5)
2020-10-02 17:58:57,258 - __main__ - DEBUG - n=8, val_loss=0.004733938860440585
2020-10-02 17:59:06,587 - __main__ - INFO - innate_buffer=2000, innate_train_len=2000, innate_val_len=2000
2020-10-02 17:59:06,587 - __main__ - INFO - target_state_list=(6000, 25), target_innate_seq=(6000, 5)
2020-10-02 18:02:24,056 - __main__ - DEBUG - n=9, val_loss=0.005101955616090596
2020-10-02 18:02:24,056 - __main__ - INFO - Ntrials=10, total loss avg=0.004832199455605182, std=0.000406120921206726
