2020-10-02 17:27:06,802 - __main__ - INFO - n_units=5
2020-10-02 17:27:06,803 - __main__ - INFO - max_energy=1.0
2020-10-02 17:27:06,803 - __main__ - INFO - beta=1e-14
2020-10-02 17:27:06,803 - __main__ - INFO - taudelta=4.0
2020-10-02 17:27:06,803 - __main__ - INFO - V=1
2020-10-02 17:27:06,803 - __main__ - INFO - layers=5
2020-10-02 17:27:06,803 - __main__ - INFO - train_len=2000, val_len=2000, buffer=2000
2020-10-02 17:27:06,803 - __main__ - INFO - alpha=0.5, Ntrials=10
2020-10-02 17:27:06,803 - __main__ - INFO - noise=2e-05, learning rate=10.0,scale_input=0.2
2020-10-02 17:27:21,717 - __main__ - INFO - innate_buffer=2000, innate_train_len=2000, innate_val_len=2000
2020-10-02 17:27:21,718 - __main__ - INFO - target_state_list=(6000, 25), target_innate_seq=(6000, 5)
2020-10-02 17:32:41,247 - __main__ - DEBUG - n=0, val_loss=0.0029973163815183953
2020-10-02 17:32:56,140 - __main__ - INFO - innate_buffer=2000, innate_train_len=2000, innate_val_len=2000
2020-10-02 17:32:56,140 - __main__ - INFO - target_state_list=(6000, 25), target_innate_seq=(6000, 5)
2020-10-02 17:36:36,428 - __main__ - DEBUG - n=1, val_loss=0.002992727886886252
2020-10-02 17:36:45,575 - __main__ - INFO - innate_buffer=2000, innate_train_len=2000, innate_val_len=2000
2020-10-02 17:36:45,575 - __main__ - INFO - target_state_list=(6000, 25), target_innate_seq=(6000, 5)
2020-10-02 17:39:59,740 - __main__ - DEBUG - n=2, val_loss=0.003174619237070314
2020-10-02 17:40:08,858 - __main__ - INFO - innate_buffer=2000, innate_train_len=2000, innate_val_len=2000
2020-10-02 17:40:08,858 - __main__ - INFO - target_state_list=(6000, 25), target_innate_seq=(6000, 5)
2020-10-02 17:43:22,915 - __main__ - DEBUG - n=3, val_loss=0.0031572406423686084
2020-10-02 17:43:32,044 - __main__ - INFO - innate_buffer=2000, innate_train_len=2000, innate_val_len=2000
2020-10-02 17:43:32,044 - __main__ - INFO - target_state_list=(6000, 25), target_innate_seq=(6000, 5)
2020-10-02 17:46:59,687 - __main__ - DEBUG - n=4, val_loss=0.0034558041993733553
2020-10-02 17:47:13,500 - __main__ - INFO - innate_buffer=2000, innate_train_len=2000, innate_val_len=2000
2020-10-02 17:47:13,500 - __main__ - INFO - target_state_list=(6000, 25), target_innate_seq=(6000, 5)
2020-10-02 17:52:19,134 - __main__ - DEBUG - n=5, val_loss=0.0031561236675642767
2020-10-02 17:52:33,961 - __main__ - INFO - innate_buffer=2000, innate_train_len=2000, innate_val_len=2000
2020-10-02 17:52:33,961 - __main__ - INFO - target_state_list=(6000, 25), target_innate_seq=(6000, 5)
2020-10-02 17:57:55,418 - __main__ - DEBUG - n=6, val_loss=0.003675436003487564
2020-10-02 17:58:10,574 - __main__ - INFO - innate_buffer=2000, innate_train_len=2000, innate_val_len=2000
2020-10-02 17:58:10,574 - __main__ - INFO - target_state_list=(6000, 25), target_innate_seq=(6000, 5)
2020-10-02 18:03:07,034 - __main__ - DEBUG - n=7, val_loss=0.0035040890141923384
2020-10-02 18:03:15,776 - __main__ - INFO - innate_buffer=2000, innate_train_len=2000, innate_val_len=2000
2020-10-02 18:03:15,776 - __main__ - INFO - target_state_list=(6000, 25), target_innate_seq=(6000, 5)
2020-10-02 18:06:11,331 - __main__ - DEBUG - n=8, val_loss=0.002759160535090872
2020-10-02 18:06:19,096 - __main__ - INFO - innate_buffer=2000, innate_train_len=2000, innate_val_len=2000
2020-10-02 18:06:19,096 - __main__ - INFO - target_state_list=(6000, 25), target_innate_seq=(6000, 5)
2020-10-02 18:08:58,976 - __main__ - DEBUG - n=9, val_loss=0.003362387827583252
2020-10-02 18:08:58,977 - __main__ - INFO - Ntrials=10, total loss avg=0.0032234905395135223, std=0.00026221680966317484
