2020-10-02 17:27:06,798 - __main__ - INFO - n_units=5
2020-10-02 17:27:06,798 - __main__ - INFO - max_energy=1.0
2020-10-02 17:27:06,799 - __main__ - INFO - beta=1e-14
2020-10-02 17:27:06,799 - __main__ - INFO - taudelta=4.0
2020-10-02 17:27:06,799 - __main__ - INFO - V=1
2020-10-02 17:27:06,799 - __main__ - INFO - layers=5
2020-10-02 17:27:06,799 - __main__ - INFO - train_len=2000, val_len=2000, buffer=2000
2020-10-02 17:27:06,799 - __main__ - INFO - alpha=0.5, Ntrials=10
2020-10-02 17:27:06,799 - __main__ - INFO - noise=6e-06, learning rate=10.0,scale_input=0.2
2020-10-02 17:27:15,607 - __main__ - INFO - innate_buffer=2000, innate_train_len=2000, innate_val_len=2000
2020-10-02 17:27:15,607 - __main__ - INFO - target_state_list=(6000, 25), target_innate_seq=(6000, 5)
2020-10-02 17:30:27,852 - __main__ - DEBUG - n=0, val_loss=0.002590218684550101
2020-10-02 17:30:36,962 - __main__ - INFO - innate_buffer=2000, innate_train_len=2000, innate_val_len=2000
2020-10-02 17:30:36,962 - __main__ - INFO - target_state_list=(6000, 25), target_innate_seq=(6000, 5)
2020-10-02 17:33:51,443 - __main__ - DEBUG - n=1, val_loss=0.002581671372996023
2020-10-02 17:34:00,579 - __main__ - INFO - innate_buffer=2000, innate_train_len=2000, innate_val_len=2000
2020-10-02 17:34:00,579 - __main__ - INFO - target_state_list=(6000, 25), target_innate_seq=(6000, 5)
2020-10-02 17:37:15,161 - __main__ - DEBUG - n=2, val_loss=0.0029285163584347766
2020-10-02 17:37:24,311 - __main__ - INFO - innate_buffer=2000, innate_train_len=2000, innate_val_len=2000
2020-10-02 17:37:24,311 - __main__ - INFO - target_state_list=(6000, 25), target_innate_seq=(6000, 5)
2020-10-02 17:40:39,482 - __main__ - DEBUG - n=3, val_loss=0.002804856601142748
2020-10-02 17:40:48,641 - __main__ - INFO - innate_buffer=2000, innate_train_len=2000, innate_val_len=2000
2020-10-02 17:40:48,641 - __main__ - INFO - target_state_list=(6000, 25), target_innate_seq=(6000, 5)
2020-10-02 17:44:20,561 - __main__ - DEBUG - n=4, val_loss=0.0030991831367279134
2020-10-02 17:44:29,721 - __main__ - INFO - innate_buffer=2000, innate_train_len=2000, innate_val_len=2000
2020-10-02 17:44:29,721 - __main__ - INFO - target_state_list=(6000, 25), target_innate_seq=(6000, 5)
2020-10-02 17:48:15,860 - __main__ - DEBUG - n=5, val_loss=0.0027944752951679103
2020-10-02 17:48:31,275 - __main__ - INFO - innate_buffer=2000, innate_train_len=2000, innate_val_len=2000
2020-10-02 17:48:31,275 - __main__ - INFO - target_state_list=(6000, 25), target_innate_seq=(6000, 5)
2020-10-02 17:53:46,790 - __main__ - DEBUG - n=6, val_loss=0.0031596358225765785
2020-10-02 17:54:02,252 - __main__ - INFO - innate_buffer=2000, innate_train_len=2000, innate_val_len=2000
2020-10-02 17:54:02,252 - __main__ - INFO - target_state_list=(6000, 25), target_innate_seq=(6000, 5)
2020-10-02 17:59:17,607 - __main__ - DEBUG - n=7, val_loss=0.0029774281089138253
2020-10-02 17:59:33,107 - __main__ - INFO - innate_buffer=2000, innate_train_len=2000, innate_val_len=2000
2020-10-02 17:59:33,107 - __main__ - INFO - target_state_list=(6000, 25), target_innate_seq=(6000, 5)
2020-10-02 18:02:55,176 - __main__ - DEBUG - n=8, val_loss=0.002221038609551738
2020-10-02 18:03:04,034 - __main__ - INFO - innate_buffer=2000, innate_train_len=2000, innate_val_len=2000
2020-10-02 18:03:04,034 - __main__ - INFO - target_state_list=(6000, 25), target_innate_seq=(6000, 5)
2020-10-02 18:06:01,618 - __main__ - DEBUG - n=9, val_loss=0.0030425776313841315
2020-10-02 18:06:01,619 - __main__ - INFO - Ntrials=10, total loss avg=0.0028199601621445745, std=0.0002736113080940871
