2020-10-02 17:27:06,845 - __main__ - INFO - n_units=5
2020-10-02 17:27:06,845 - __main__ - INFO - max_energy=1.0
2020-10-02 17:27:06,845 - __main__ - INFO - beta=1e-14
2020-10-02 17:27:06,845 - __main__ - INFO - taudelta=4.0
2020-10-02 17:27:06,845 - __main__ - INFO - V=1
2020-10-02 17:27:06,845 - __main__ - INFO - layers=5
2020-10-02 17:27:06,845 - __main__ - INFO - train_len=2000, val_len=2000, buffer=2000
2020-10-02 17:27:06,845 - __main__ - INFO - alpha=0.5, Ntrials=10
2020-10-02 17:27:06,846 - __main__ - INFO - noise=9e-05, learning rate=10.0,scale_input=0.2
2020-10-02 17:27:22,178 - __main__ - INFO - innate_buffer=2000, innate_train_len=2000, innate_val_len=2000
2020-10-02 17:27:22,178 - __main__ - INFO - target_state_list=(6000, 25), target_innate_seq=(6000, 5)
2020-10-02 17:32:50,069 - __main__ - DEBUG - n=0, val_loss=0.0034412856692017926
2020-10-02 17:33:06,510 - __main__ - INFO - innate_buffer=2000, innate_train_len=2000, innate_val_len=2000
2020-10-02 17:33:06,510 - __main__ - INFO - target_state_list=(6000, 25), target_innate_seq=(6000, 5)
2020-10-02 17:38:35,636 - __main__ - DEBUG - n=1, val_loss=0.0036618413849097047
2020-10-02 17:38:51,668 - __main__ - INFO - innate_buffer=2000, innate_train_len=2000, innate_val_len=2000
2020-10-02 17:38:51,668 - __main__ - INFO - target_state_list=(6000, 25), target_innate_seq=(6000, 5)
2020-10-02 17:44:07,035 - __main__ - DEBUG - n=2, val_loss=0.003445033617210451
2020-10-02 17:44:21,963 - __main__ - INFO - innate_buffer=2000, innate_train_len=2000, innate_val_len=2000
2020-10-02 17:44:21,963 - __main__ - INFO - target_state_list=(6000, 25), target_innate_seq=(6000, 5)
2020-10-02 17:49:41,393 - __main__ - DEBUG - n=3, val_loss=0.0034532151119653024
2020-10-02 17:49:56,404 - __main__ - INFO - innate_buffer=2000, innate_train_len=2000, innate_val_len=2000
2020-10-02 17:49:56,404 - __main__ - INFO - target_state_list=(6000, 25), target_innate_seq=(6000, 5)
2020-10-02 17:55:17,651 - __main__ - DEBUG - n=4, val_loss=0.003644136588570627
2020-10-02 17:55:32,726 - __main__ - INFO - innate_buffer=2000, innate_train_len=2000, innate_val_len=2000
2020-10-02 17:55:32,727 - __main__ - INFO - target_state_list=(6000, 25), target_innate_seq=(6000, 5)
2020-10-02 18:00:54,753 - __main__ - DEBUG - n=5, val_loss=0.003544993597583548
2020-10-02 18:01:10,116 - __main__ - INFO - innate_buffer=2000, innate_train_len=2000, innate_val_len=2000
2020-10-02 18:01:10,116 - __main__ - INFO - target_state_list=(6000, 25), target_innate_seq=(6000, 5)
2020-10-02 18:04:48,085 - __main__ - DEBUG - n=6, val_loss=0.004026141774865907
2020-10-02 18:04:56,594 - __main__ - INFO - innate_buffer=2000, innate_train_len=2000, innate_val_len=2000
2020-10-02 18:04:56,594 - __main__ - INFO - target_state_list=(6000, 25), target_innate_seq=(6000, 5)
2020-10-02 18:07:45,759 - __main__ - DEBUG - n=7, val_loss=0.0038600004874183584
2020-10-02 18:07:53,513 - __main__ - INFO - innate_buffer=2000, innate_train_len=2000, innate_val_len=2000
2020-10-02 18:07:53,513 - __main__ - INFO - target_state_list=(6000, 25), target_innate_seq=(6000, 5)
2020-10-02 18:10:23,922 - __main__ - DEBUG - n=8, val_loss=0.003528247442727855
2020-10-02 18:10:30,827 - __main__ - INFO - innate_buffer=2000, innate_train_len=2000, innate_val_len=2000
2020-10-02 18:10:30,827 - __main__ - INFO - target_state_list=(6000, 25), target_innate_seq=(6000, 5)
2020-10-02 18:12:53,593 - __main__ - DEBUG - n=9, val_loss=0.0037313748492177933
2020-10-02 18:12:53,593 - __main__ - INFO - Ntrials=10, total loss avg=0.003633627052367134, std=0.0001843490659896823
