2020-10-02 17:22:58,473 - __main__ - INFO - n_units=5
2020-10-02 17:22:58,473 - __main__ - INFO - max_energy=1.0
2020-10-02 17:22:58,473 - __main__ - INFO - beta=1e-14
2020-10-02 17:22:58,473 - __main__ - INFO - taudelta=4.0
2020-10-02 17:22:58,473 - __main__ - INFO - V=1
2020-10-02 17:22:58,474 - __main__ - INFO - layers=5
2020-10-02 17:22:58,474 - __main__ - INFO - train_len=2000, val_len=2000, buffer=2000
2020-10-02 17:22:58,474 - __main__ - INFO - alpha=0.5, Ntrials=10
2020-10-02 17:22:58,474 - __main__ - INFO - noise=0.0005, learning rate=0.0,scale_input=0.2
2020-10-02 17:23:10,819 - __main__ - DEBUG - n=0, val_loss=0.003927280684412694
2020-10-02 17:23:20,306 - __main__ - DEBUG - n=1, val_loss=0.004226081382080166
2020-10-02 17:23:29,798 - __main__ - DEBUG - n=2, val_loss=0.0036706412032070923
2020-10-02 17:23:39,294 - __main__ - DEBUG - n=3, val_loss=0.004192106339330964
2020-10-02 17:23:48,788 - __main__ - DEBUG - n=4, val_loss=0.00387220292430416
2020-10-02 17:23:58,297 - __main__ - DEBUG - n=5, val_loss=0.004274320606369644
2020-10-02 17:24:07,805 - __main__ - DEBUG - n=6, val_loss=0.004724061403700656
2020-10-02 17:24:17,316 - __main__ - DEBUG - n=7, val_loss=0.004251733273041498
2020-10-02 17:24:26,810 - __main__ - DEBUG - n=8, val_loss=0.004377555908420508
2020-10-02 17:24:36,085 - __main__ - DEBUG - n=9, val_loss=0.004267606847297588
2020-10-02 17:24:36,085 - __main__ - INFO - Ntrials=10, total loss avg=0.004178359057216497, std=0.00027875504539497754
