2020-10-02 17:22:58,463 - __main__ - INFO - n_units=5
2020-10-02 17:22:58,463 - __main__ - INFO - max_energy=1.0
2020-10-02 17:22:58,463 - __main__ - INFO - beta=1e-14
2020-10-02 17:22:58,463 - __main__ - INFO - taudelta=4.0
2020-10-02 17:22:58,463 - __main__ - INFO - V=1
2020-10-02 17:22:58,463 - __main__ - INFO - layers=5
2020-10-02 17:22:58,464 - __main__ - INFO - train_len=2000, val_len=2000, buffer=2000
2020-10-02 17:22:58,464 - __main__ - INFO - alpha=0.5, Ntrials=10
2020-10-02 17:22:58,464 - __main__ - INFO - noise=3.0000000000000004e-05, learning rate=0.0,scale_input=0.2
2020-10-02 17:23:14,999 - __main__ - DEBUG - n=0, val_loss=0.0030487222529764486
2020-10-02 17:23:30,832 - __main__ - DEBUG - n=1, val_loss=0.0032573170232953366
2020-10-02 17:23:46,828 - __main__ - DEBUG - n=2, val_loss=0.0030741891397601884
2020-10-02 17:24:02,501 - __main__ - DEBUG - n=3, val_loss=0.0031640266943121064
2020-10-02 17:24:18,531 - __main__ - DEBUG - n=4, val_loss=0.003155226477392555
2020-10-02 17:24:34,187 - __main__ - DEBUG - n=5, val_loss=0.003538515281320296
2020-10-02 17:24:42,588 - __main__ - DEBUG - n=6, val_loss=0.0038696244363881477
2020-10-02 17:24:50,545 - __main__ - DEBUG - n=7, val_loss=0.003286759769421595
2020-10-02 17:24:58,342 - __main__ - DEBUG - n=8, val_loss=0.003295364874365028
2020-10-02 17:25:05,945 - __main__ - DEBUG - n=9, val_loss=0.0032215105086176488
2020-10-02 17:25:05,945 - __main__ - INFO - Ntrials=10, total loss avg=0.003291125645784935, std=0.00023288030930910844
