2020-10-02 17:27:06,866 - __main__ - INFO - n_units=5
2020-10-02 17:27:06,867 - __main__ - INFO - max_energy=1.0
2020-10-02 17:27:06,867 - __main__ - INFO - beta=1e-14
2020-10-02 17:27:06,867 - __main__ - INFO - taudelta=4.0
2020-10-02 17:27:06,867 - __main__ - INFO - V=1
2020-10-02 17:27:06,867 - __main__ - INFO - layers=5
2020-10-02 17:27:06,867 - __main__ - INFO - train_len=2000, val_len=2000, buffer=2000
2020-10-02 17:27:06,867 - __main__ - INFO - alpha=0.5, Ntrials=10
2020-10-02 17:27:06,867 - __main__ - INFO - noise=0.006, learning rate=10.0,scale_input=0.2
2020-10-02 17:27:16,547 - __main__ - INFO - innate_buffer=2000, innate_train_len=2000, innate_val_len=2000
2020-10-02 17:27:16,547 - __main__ - INFO - target_state_list=(6000, 25), target_innate_seq=(6000, 5)
2020-10-02 17:31:39,334 - __main__ - DEBUG - n=0, val_loss=0.0054643500824800625
2020-10-02 17:31:54,637 - __main__ - INFO - innate_buffer=2000, innate_train_len=2000, innate_val_len=2000
2020-10-02 17:31:54,637 - __main__ - INFO - target_state_list=(6000, 25), target_innate_seq=(6000, 5)
2020-10-02 17:36:24,085 - __main__ - DEBUG - n=1, val_loss=0.00582019106640818
2020-10-02 17:36:39,189 - __main__ - INFO - innate_buffer=2000, innate_train_len=2000, innate_val_len=2000
2020-10-02 17:36:39,189 - __main__ - INFO - target_state_list=(6000, 25), target_innate_seq=(6000, 5)
2020-10-02 17:41:25,063 - __main__ - DEBUG - n=2, val_loss=0.005161916221426092
2020-10-02 17:41:40,497 - __main__ - INFO - innate_buffer=2000, innate_train_len=2000, innate_val_len=2000
2020-10-02 17:41:40,497 - __main__ - INFO - target_state_list=(6000, 25), target_innate_seq=(6000, 5)
2020-10-02 17:47:06,579 - __main__ - DEBUG - n=3, val_loss=0.0054959523981495005
2020-10-02 17:47:22,472 - __main__ - INFO - innate_buffer=2000, innate_train_len=2000, innate_val_len=2000
2020-10-02 17:47:22,472 - __main__ - INFO - target_state_list=(6000, 25), target_innate_seq=(6000, 5)
2020-10-02 17:52:47,451 - __main__ - DEBUG - n=4, val_loss=0.005479507346679701
2020-10-02 17:53:02,811 - __main__ - INFO - innate_buffer=2000, innate_train_len=2000, innate_val_len=2000
2020-10-02 17:53:02,811 - __main__ - INFO - target_state_list=(6000, 25), target_innate_seq=(6000, 5)
2020-10-02 17:56:29,632 - __main__ - DEBUG - n=5, val_loss=0.005503580012326368
2020-10-02 17:56:39,066 - __main__ - INFO - innate_buffer=2000, innate_train_len=2000, innate_val_len=2000
2020-10-02 17:56:39,066 - __main__ - INFO - target_state_list=(6000, 25), target_innate_seq=(6000, 5)
2020-10-02 17:59:58,018 - __main__ - DEBUG - n=6, val_loss=0.006328369576071014
2020-10-02 18:00:07,439 - __main__ - INFO - innate_buffer=2000, innate_train_len=2000, innate_val_len=2000
2020-10-02 18:00:07,439 - __main__ - INFO - target_state_list=(6000, 25), target_innate_seq=(6000, 5)
2020-10-02 18:03:22,562 - __main__ - DEBUG - n=7, val_loss=0.00606664064009938
2020-10-02 18:03:31,498 - __main__ - INFO - innate_buffer=2000, innate_train_len=2000, innate_val_len=2000
2020-10-02 18:03:31,498 - __main__ - INFO - target_state_list=(6000, 25), target_innate_seq=(6000, 5)
2020-10-02 18:06:28,364 - __main__ - DEBUG - n=8, val_loss=0.005301297269954406
2020-10-02 18:06:36,267 - __main__ - INFO - innate_buffer=2000, innate_train_len=2000, innate_val_len=2000
2020-10-02 18:06:36,268 - __main__ - INFO - target_state_list=(6000, 25), target_innate_seq=(6000, 5)
2020-10-02 18:09:15,871 - __main__ - DEBUG - n=9, val_loss=0.005987909354227946
2020-10-02 18:09:15,871 - __main__ - INFO - Ntrials=10, total loss avg=0.005660971396782266, std=0.0003527380333892812
