2020-10-02 17:22:58,523 - __main__ - INFO - n_units=5
2020-10-02 17:22:58,523 - __main__ - INFO - max_energy=1.0
2020-10-02 17:22:58,523 - __main__ - INFO - beta=1e-14
2020-10-02 17:22:58,523 - __main__ - INFO - taudelta=4.0
2020-10-02 17:22:58,523 - __main__ - INFO - V=1
2020-10-02 17:22:58,523 - __main__ - INFO - layers=5
2020-10-02 17:22:58,523 - __main__ - INFO - train_len=2000, val_len=2000, buffer=2000
2020-10-02 17:22:58,524 - __main__ - INFO - alpha=0.5, Ntrials=10
2020-10-02 17:22:58,524 - __main__ - INFO - noise=0.006, learning rate=0.0,scale_input=0.2
2020-10-02 17:23:14,897 - __main__ - DEBUG - n=0, val_loss=0.005396597566213478
2020-10-02 17:23:31,284 - __main__ - DEBUG - n=1, val_loss=0.005400505377564591
2020-10-02 17:23:47,333 - __main__ - DEBUG - n=2, val_loss=0.0053454743215896215
2020-10-02 17:24:03,655 - __main__ - DEBUG - n=3, val_loss=0.005271797997363582
2020-10-02 17:24:20,090 - __main__ - DEBUG - n=4, val_loss=0.0041531123266434055
2020-10-02 17:24:34,928 - __main__ - DEBUG - n=5, val_loss=0.005870107893292804
2020-10-02 17:24:43,292 - __main__ - DEBUG - n=6, val_loss=0.005814837245882263
2020-10-02 17:24:51,287 - __main__ - DEBUG - n=7, val_loss=0.0045303751760503875
2020-10-02 17:24:59,148 - __main__ - DEBUG - n=8, val_loss=0.004966778058275839
2020-10-02 17:25:06,759 - __main__ - DEBUG - n=9, val_loss=0.005412168248844395
2020-10-02 17:25:06,759 - __main__ - INFO - Ntrials=10, total loss avg=0.0052161754211720365, std=0.0005072871741540545
