2020-10-02 17:22:58,510 - __main__ - INFO - n_units=5
2020-10-02 17:22:58,510 - __main__ - INFO - max_energy=1.0
2020-10-02 17:22:58,510 - __main__ - INFO - beta=1e-14
2020-10-02 17:22:58,510 - __main__ - INFO - taudelta=4.0
2020-10-02 17:22:58,510 - __main__ - INFO - V=1
2020-10-02 17:22:58,510 - __main__ - INFO - layers=5
2020-10-02 17:22:58,511 - __main__ - INFO - train_len=2000, val_len=2000, buffer=2000
2020-10-02 17:22:58,511 - __main__ - INFO - alpha=0.5, Ntrials=10
2020-10-02 17:22:58,511 - __main__ - INFO - noise=0.00030000000000000003, learning rate=0.0,scale_input=0.2
2020-10-02 17:23:08,707 - __main__ - DEBUG - n=0, val_loss=0.004242168347338898
2020-10-02 17:23:24,251 - __main__ - DEBUG - n=1, val_loss=0.004364702639425165
2020-10-02 17:23:40,097 - __main__ - DEBUG - n=2, val_loss=0.004338741286125045
2020-10-02 17:23:55,947 - __main__ - DEBUG - n=3, val_loss=0.004220050571443526
2020-10-02 17:24:12,040 - __main__ - DEBUG - n=4, val_loss=0.0033261537588251495
2020-10-02 17:24:27,718 - __main__ - DEBUG - n=5, val_loss=0.004608960173914889
2020-10-02 17:24:38,219 - __main__ - DEBUG - n=6, val_loss=0.004833647535164944
2020-10-02 17:24:46,266 - __main__ - DEBUG - n=7, val_loss=0.0036977855626690965
2020-10-02 17:24:54,131 - __main__ - DEBUG - n=8, val_loss=0.004017460729671561
2020-10-02 17:25:01,966 - __main__ - DEBUG - n=9, val_loss=0.0043966074928633225
2020-10-02 17:25:01,966 - __main__ - INFO - Ntrials=10, total loss avg=0.00420462780974416, std=0.00041290452177490493
