2020-10-02 17:20:53,530 - __main__ - INFO - n_units=5
2020-10-02 17:20:53,530 - __main__ - INFO - max_energy=1.0
2020-10-02 17:20:53,530 - __main__ - INFO - beta=1e-14
2020-10-02 17:20:53,530 - __main__ - INFO - taudelta=4.0
2020-10-02 17:20:53,531 - __main__ - INFO - V=1
2020-10-02 17:20:53,531 - __main__ - INFO - layers=5
2020-10-02 17:20:53,531 - __main__ - INFO - train_len=2000, val_len=2000, buffer=2000
2020-10-02 17:20:53,531 - __main__ - INFO - alpha=0.5, Ntrials=10
2020-10-02 17:20:53,531 - __main__ - INFO - noise=5e-05, learning rate=0.0,scale_input=0.2
2020-10-02 17:21:02,899 - __main__ - DEBUG - n=0, val_loss=0.0033137086351279375
2020-10-02 17:21:12,045 - __main__ - DEBUG - n=1, val_loss=0.003504845639011397
2020-10-02 17:21:21,265 - __main__ - DEBUG - n=2, val_loss=0.0033357065185006148
2020-10-02 17:21:30,511 - __main__ - DEBUG - n=3, val_loss=0.0032860592307229763
2020-10-02 17:21:39,770 - __main__ - DEBUG - n=4, val_loss=0.0035294703259111534
2020-10-02 17:21:49,050 - __main__ - DEBUG - n=5, val_loss=0.00342736730473683
2020-10-02 17:21:58,331 - __main__ - DEBUG - n=6, val_loss=0.0038628258500105245
2020-10-02 17:22:07,593 - __main__ - DEBUG - n=7, val_loss=0.0037121406030322596
2020-10-02 17:22:16,844 - __main__ - DEBUG - n=8, val_loss=0.00336582874775731
2020-10-02 17:22:26,050 - __main__ - DEBUG - n=9, val_loss=0.003554424440546804
2020-10-02 17:22:26,050 - __main__ - INFO - Ntrials=10, total loss avg=0.0034892377295357804, std=0.0001760928377556466
