2020-10-02 17:20:53,531 - __main__ - INFO - n_units=5
2020-10-02 17:20:53,531 - __main__ - INFO - max_energy=1.0
2020-10-02 17:20:53,532 - __main__ - INFO - beta=1e-14
2020-10-02 17:20:53,532 - __main__ - INFO - taudelta=4.0
2020-10-02 17:20:53,532 - __main__ - INFO - V=1
2020-10-02 17:20:53,532 - __main__ - INFO - layers=5
2020-10-02 17:20:53,532 - __main__ - INFO - train_len=2000, val_len=2000, buffer=2000
2020-10-02 17:20:53,532 - __main__ - INFO - alpha=0.5, Ntrials=10
2020-10-02 17:20:53,532 - __main__ - INFO - noise=6.000000000000001e-05, learning rate=0.0,scale_input=0.2
2020-10-02 17:21:02,677 - __main__ - DEBUG - n=0, val_loss=0.0033482232032975854
2020-10-02 17:21:11,922 - __main__ - DEBUG - n=1, val_loss=0.003552551735472894
2020-10-02 17:21:21,151 - __main__ - DEBUG - n=2, val_loss=0.00336852739538033
2020-10-02 17:21:30,416 - __main__ - DEBUG - n=3, val_loss=0.0033323888346537436
2020-10-02 17:21:39,714 - __main__ - DEBUG - n=4, val_loss=0.003562668054597026
2020-10-02 17:21:49,036 - __main__ - DEBUG - n=5, val_loss=0.003461722741912755
2020-10-02 17:21:58,357 - __main__ - DEBUG - n=6, val_loss=0.0039069498070549834
2020-10-02 17:22:07,642 - __main__ - DEBUG - n=7, val_loss=0.003752389602931887
2020-10-02 17:22:16,921 - __main__ - DEBUG - n=8, val_loss=0.003409504703446637
2020-10-02 17:22:26,148 - __main__ - DEBUG - n=9, val_loss=0.0036053288550604457
2020-10-02 17:22:26,148 - __main__ - INFO - Ntrials=10, total loss avg=0.0035300254933808284, std=0.00017780488857045807
