2020-10-02 17:27:06,832 - __main__ - INFO - n_units=5
2020-10-02 17:27:06,833 - __main__ - INFO - max_energy=1.0
2020-10-02 17:27:06,833 - __main__ - INFO - beta=1e-14
2020-10-02 17:27:06,833 - __main__ - INFO - taudelta=4.0
2020-10-02 17:27:06,833 - __main__ - INFO - V=1
2020-10-02 17:27:06,833 - __main__ - INFO - layers=5
2020-10-02 17:27:06,833 - __main__ - INFO - train_len=2000, val_len=2000, buffer=2000
2020-10-02 17:27:06,833 - __main__ - INFO - alpha=0.5, Ntrials=10
2020-10-02 17:27:06,833 - __main__ - INFO - noise=7e-06, learning rate=10.0,scale_input=0.2
2020-10-02 17:27:20,691 - __main__ - INFO - innate_buffer=2000, innate_train_len=2000, innate_val_len=2000
2020-10-02 17:27:20,691 - __main__ - INFO - target_state_list=(6000, 25), target_innate_seq=(6000, 5)
2020-10-02 17:32:45,251 - __main__ - DEBUG - n=0, val_loss=0.003036144474278698
2020-10-02 17:33:00,233 - __main__ - INFO - innate_buffer=2000, innate_train_len=2000, innate_val_len=2000
2020-10-02 17:33:00,233 - __main__ - INFO - target_state_list=(6000, 25), target_innate_seq=(6000, 5)
2020-10-02 17:38:28,735 - __main__ - DEBUG - n=1, val_loss=0.0031187723997365344
2020-10-02 17:38:43,797 - __main__ - INFO - innate_buffer=2000, innate_train_len=2000, innate_val_len=2000
2020-10-02 17:38:43,797 - __main__ - INFO - target_state_list=(6000, 25), target_innate_seq=(6000, 5)
2020-10-02 17:44:11,442 - __main__ - DEBUG - n=2, val_loss=0.0030075401444086525
2020-10-02 17:44:26,927 - __main__ - INFO - innate_buffer=2000, innate_train_len=2000, innate_val_len=2000
2020-10-02 17:44:26,927 - __main__ - INFO - target_state_list=(6000, 25), target_innate_seq=(6000, 5)
2020-10-02 17:49:43,469 - __main__ - DEBUG - n=3, val_loss=0.0029708765826586218
2020-10-02 17:49:58,617 - __main__ - INFO - innate_buffer=2000, innate_train_len=2000, innate_val_len=2000
2020-10-02 17:49:58,617 - __main__ - INFO - target_state_list=(6000, 25), target_innate_seq=(6000, 5)
2020-10-02 17:55:15,002 - __main__ - DEBUG - n=4, val_loss=0.0032364957176941136
2020-10-02 17:55:30,895 - __main__ - INFO - innate_buffer=2000, innate_train_len=2000, innate_val_len=2000
2020-10-02 17:55:30,895 - __main__ - INFO - target_state_list=(6000, 25), target_innate_seq=(6000, 5)
2020-10-02 18:00:47,751 - __main__ - DEBUG - n=5, val_loss=0.0031246257631745104
2020-10-02 18:01:02,904 - __main__ - INFO - innate_buffer=2000, innate_train_len=2000, innate_val_len=2000
2020-10-02 18:01:02,904 - __main__ - INFO - target_state_list=(6000, 25), target_innate_seq=(6000, 5)
2020-10-02 18:04:25,697 - __main__ - DEBUG - n=6, val_loss=0.0035333920522834334
2020-10-02 18:04:34,305 - __main__ - INFO - innate_buffer=2000, innate_train_len=2000, innate_val_len=2000
2020-10-02 18:04:34,305 - __main__ - INFO - target_state_list=(6000, 25), target_innate_seq=(6000, 5)
2020-10-02 18:07:25,636 - __main__ - DEBUG - n=7, val_loss=0.0034011375683563713
2020-10-02 18:07:33,446 - __main__ - INFO - innate_buffer=2000, innate_train_len=2000, innate_val_len=2000
2020-10-02 18:07:33,446 - __main__ - INFO - target_state_list=(6000, 25), target_innate_seq=(6000, 5)
2020-10-02 18:10:06,079 - __main__ - DEBUG - n=8, val_loss=0.003081790951110458
2020-10-02 18:10:13,027 - __main__ - INFO - innate_buffer=2000, innate_train_len=2000, innate_val_len=2000
2020-10-02 18:10:13,027 - __main__ - INFO - target_state_list=(6000, 25), target_innate_seq=(6000, 5)
2020-10-02 18:12:41,212 - __main__ - DEBUG - n=9, val_loss=0.0031792213118223426
2020-10-02 18:12:41,212 - __main__ - INFO - Ntrials=10, total loss avg=0.0031689996965523735, std=0.0001692334578748575
