2020-10-02 18:12:54,000 - __main__ - INFO - n_units=5
2020-10-02 18:12:54,001 - __main__ - INFO - max_energy=1.0
2020-10-02 18:12:54,001 - __main__ - INFO - beta=1e-14
2020-10-02 18:12:54,001 - __main__ - INFO - taudelta=4.0
2020-10-02 18:12:54,001 - __main__ - INFO - V=1
2020-10-02 18:12:54,001 - __main__ - INFO - layers=5
2020-10-02 18:12:54,001 - __main__ - INFO - train_len=2000, val_len=2000, buffer=2000
2020-10-02 18:12:54,001 - __main__ - INFO - alpha=0.5, Ntrials=10
2020-10-02 18:12:54,001 - __main__ - INFO - noise=1e-05, learning rate=10.0,scale_input=0.2
2020-10-02 18:13:06,677 - __main__ - INFO - innate_buffer=2000, innate_train_len=2000, innate_val_len=2000
2020-10-02 18:13:06,677 - __main__ - INFO - target_state_list=(6000, 25), target_innate_seq=(6000, 5)
2020-10-02 18:16:25,160 - __main__ - DEBUG - n=0, val_loss=0.00288600775334211
2020-10-02 18:16:34,769 - __main__ - INFO - innate_buffer=2000, innate_train_len=2000, innate_val_len=2000
2020-10-02 18:16:34,769 - __main__ - INFO - target_state_list=(6000, 25), target_innate_seq=(6000, 5)
2020-10-02 18:20:41,126 - __main__ - DEBUG - n=1, val_loss=0.0030995786038357847
2020-10-02 18:20:56,805 - __main__ - INFO - innate_buffer=2000, innate_train_len=2000, innate_val_len=2000
2020-10-02 18:20:56,805 - __main__ - INFO - target_state_list=(6000, 25), target_innate_seq=(6000, 5)
2020-10-02 18:26:22,731 - __main__ - DEBUG - n=2, val_loss=0.0028870631143916204
2020-10-02 18:26:38,880 - __main__ - INFO - innate_buffer=2000, innate_train_len=2000, innate_val_len=2000
2020-10-02 18:26:38,880 - __main__ - INFO - target_state_list=(6000, 25), target_innate_seq=(6000, 5)
2020-10-02 18:30:55,928 - __main__ - DEBUG - n=3, val_loss=0.0030092019915380435
2020-10-02 18:31:05,657 - __main__ - INFO - innate_buffer=2000, innate_train_len=2000, innate_val_len=2000
2020-10-02 18:31:05,657 - __main__ - INFO - target_state_list=(6000, 25), target_innate_seq=(6000, 5)
2020-10-02 18:34:28,050 - __main__ - DEBUG - n=4, val_loss=0.0030376838300744434
2020-10-02 18:34:37,757 - __main__ - INFO - innate_buffer=2000, innate_train_len=2000, innate_val_len=2000
2020-10-02 18:34:37,757 - __main__ - INFO - target_state_list=(6000, 25), target_innate_seq=(6000, 5)
2020-10-02 18:38:12,054 - __main__ - DEBUG - n=5, val_loss=0.0033740281337720657
2020-10-02 18:38:27,398 - __main__ - INFO - innate_buffer=2000, innate_train_len=2000, innate_val_len=2000
2020-10-02 18:38:27,398 - __main__ - INFO - target_state_list=(6000, 25), target_innate_seq=(6000, 5)
2020-10-02 18:43:27,013 - __main__ - DEBUG - n=6, val_loss=0.003749223106328629
2020-10-02 18:43:36,617 - __main__ - INFO - innate_buffer=2000, innate_train_len=2000, innate_val_len=2000
2020-10-02 18:43:36,617 - __main__ - INFO - target_state_list=(6000, 25), target_innate_seq=(6000, 5)
2020-10-02 18:47:01,674 - __main__ - DEBUG - n=7, val_loss=0.0031560107683795894
2020-10-02 18:47:11,193 - __main__ - INFO - innate_buffer=2000, innate_train_len=2000, innate_val_len=2000
2020-10-02 18:47:11,193 - __main__ - INFO - target_state_list=(6000, 25), target_innate_seq=(6000, 5)
2020-10-02 18:50:23,395 - __main__ - DEBUG - n=8, val_loss=0.003132545419309807
2020-10-02 18:50:32,367 - __main__ - INFO - innate_buffer=2000, innate_train_len=2000, innate_val_len=2000
2020-10-02 18:50:32,367 - __main__ - INFO - target_state_list=(6000, 25), target_innate_seq=(6000, 5)
2020-10-02 18:53:27,281 - __main__ - DEBUG - n=9, val_loss=0.0030425361889457356
2020-10-02 18:53:27,281 - __main__ - INFO - Ntrials=10, total loss avg=0.003137387890991783, std=0.00024359075841803347
