2020-10-02 18:12:54,067 - __main__ - INFO - n_units=5
2020-10-02 18:12:54,067 - __main__ - INFO - max_energy=1.0
2020-10-02 18:12:54,067 - __main__ - INFO - beta=1e-14
2020-10-02 18:12:54,067 - __main__ - INFO - taudelta=4.0
2020-10-02 18:12:54,067 - __main__ - INFO - V=1
2020-10-02 18:12:54,067 - __main__ - INFO - layers=5
2020-10-02 18:12:54,067 - __main__ - INFO - train_len=2000, val_len=2000, buffer=2000
2020-10-02 18:12:54,067 - __main__ - INFO - alpha=0.5, Ntrials=10
2020-10-02 18:12:54,067 - __main__ - INFO - noise=0.007, learning rate=10.0,scale_input=0.2
2020-10-02 18:13:04,576 - __main__ - INFO - innate_buffer=2000, innate_train_len=2000, innate_val_len=2000
2020-10-02 18:13:04,576 - __main__ - INFO - target_state_list=(6000, 25), target_innate_seq=(6000, 5)
2020-10-02 18:16:22,762 - __main__ - DEBUG - n=0, val_loss=0.005431661986845272
2020-10-02 18:16:32,523 - __main__ - INFO - innate_buffer=2000, innate_train_len=2000, innate_val_len=2000
2020-10-02 18:16:32,523 - __main__ - INFO - target_state_list=(6000, 25), target_innate_seq=(6000, 5)
2020-10-02 18:20:50,726 - __main__ - DEBUG - n=1, val_loss=0.005423259778382545
2020-10-02 18:21:06,663 - __main__ - INFO - innate_buffer=2000, innate_train_len=2000, innate_val_len=2000
2020-10-02 18:21:06,663 - __main__ - INFO - target_state_list=(6000, 25), target_innate_seq=(6000, 5)
2020-10-02 18:25:58,337 - __main__ - DEBUG - n=2, val_loss=0.0054030538848543795
2020-10-02 18:26:14,099 - __main__ - INFO - innate_buffer=2000, innate_train_len=2000, innate_val_len=2000
2020-10-02 18:26:14,099 - __main__ - INFO - target_state_list=(6000, 25), target_innate_seq=(6000, 5)
2020-10-02 18:30:27,586 - __main__ - DEBUG - n=3, val_loss=0.005298680511186325
2020-10-02 18:30:37,338 - __main__ - INFO - innate_buffer=2000, innate_train_len=2000, innate_val_len=2000
2020-10-02 18:30:37,338 - __main__ - INFO - target_state_list=(6000, 25), target_innate_seq=(6000, 5)
2020-10-02 18:33:57,958 - __main__ - DEBUG - n=4, val_loss=0.004170058761642199
2020-10-02 18:34:07,708 - __main__ - INFO - innate_buffer=2000, innate_train_len=2000, innate_val_len=2000
2020-10-02 18:34:07,708 - __main__ - INFO - target_state_list=(6000, 25), target_innate_seq=(6000, 5)
2020-10-02 18:37:28,067 - __main__ - DEBUG - n=5, val_loss=0.0059229968234349294
2020-10-02 18:37:37,817 - __main__ - INFO - innate_buffer=2000, innate_train_len=2000, innate_val_len=2000
2020-10-02 18:37:37,817 - __main__ - INFO - target_state_list=(6000, 25), target_innate_seq=(6000, 5)
2020-10-02 18:40:58,485 - __main__ - DEBUG - n=6, val_loss=0.00584115111558873
2020-10-02 18:41:08,202 - __main__ - INFO - innate_buffer=2000, innate_train_len=2000, innate_val_len=2000
2020-10-02 18:41:08,203 - __main__ - INFO - target_state_list=(6000, 25), target_innate_seq=(6000, 5)
2020-10-02 18:45:50,473 - __main__ - DEBUG - n=7, val_loss=0.004548450081443516
2020-10-02 18:46:03,379 - __main__ - INFO - innate_buffer=2000, innate_train_len=2000, innate_val_len=2000
2020-10-02 18:46:03,379 - __main__ - INFO - target_state_list=(6000, 25), target_innate_seq=(6000, 5)
2020-10-02 18:49:22,854 - __main__ - DEBUG - n=8, val_loss=0.0049866389294175315
2020-10-02 18:49:32,260 - __main__ - INFO - innate_buffer=2000, innate_train_len=2000, innate_val_len=2000
2020-10-02 18:49:32,260 - __main__ - INFO - target_state_list=(6000, 25), target_innate_seq=(6000, 5)
2020-10-02 18:52:36,727 - __main__ - DEBUG - n=9, val_loss=0.005431341569817507
2020-10-02 18:52:36,727 - __main__ - INFO - Ntrials=10, total loss avg=0.005245729344261293, std=0.0005149472281597068
