2020-10-02 17:20:53,511 - __main__ - INFO - n_units=5
2020-10-02 17:20:53,511 - __main__ - INFO - max_energy=1.0
2020-10-02 17:20:53,511 - __main__ - INFO - beta=1e-14
2020-10-02 17:20:53,511 - __main__ - INFO - taudelta=4.0
2020-10-02 17:20:53,512 - __main__ - INFO - V=1
2020-10-02 17:20:53,512 - __main__ - INFO - layers=5
2020-10-02 17:20:53,512 - __main__ - INFO - train_len=2000, val_len=2000, buffer=2000
2020-10-02 17:20:53,512 - __main__ - INFO - alpha=0.5, Ntrials=10
2020-10-02 17:20:53,512 - __main__ - INFO - noise=0.005, learning rate=0.0,scale_input=0.2
2020-10-02 17:21:03,949 - __main__ - DEBUG - n=0, val_loss=0.005824345078913138
2020-10-02 17:21:13,083 - __main__ - DEBUG - n=1, val_loss=0.0065082538880601665
2020-10-02 17:21:22,113 - __main__ - DEBUG - n=2, val_loss=0.005326350929073582
2020-10-02 17:21:31,168 - __main__ - DEBUG - n=3, val_loss=0.006173896823469033
2020-10-02 17:21:40,252 - __main__ - DEBUG - n=4, val_loss=0.006114004940908979
2020-10-02 17:21:49,330 - __main__ - DEBUG - n=5, val_loss=0.0064360487642963265
2020-10-02 17:21:58,411 - __main__ - DEBUG - n=6, val_loss=0.006918854538847207
2020-10-02 17:22:07,495 - __main__ - DEBUG - n=7, val_loss=0.006565309548982796
2020-10-02 17:22:16,558 - __main__ - DEBUG - n=8, val_loss=0.005854087937854679
2020-10-02 17:22:25,608 - __main__ - DEBUG - n=9, val_loss=0.0066055273453581
2020-10-02 17:22:25,609 - __main__ - INFO - Ntrials=10, total loss avg=0.006232667979576401, std=0.0004457391447679344
