2020-10-02 17:22:58,507 - __main__ - INFO - n_units=5
2020-10-02 17:22:58,508 - __main__ - INFO - max_energy=1.0
2020-10-02 17:22:58,508 - __main__ - INFO - beta=1e-14
2020-10-02 17:22:58,508 - __main__ - INFO - taudelta=4.0
2020-10-02 17:22:58,508 - __main__ - INFO - V=1
2020-10-02 17:22:58,508 - __main__ - INFO - layers=5
2020-10-02 17:22:58,508 - __main__ - INFO - train_len=2000, val_len=2000, buffer=2000
2020-10-02 17:22:58,508 - __main__ - INFO - alpha=0.5, Ntrials=10
2020-10-02 17:22:58,508 - __main__ - INFO - noise=0.0001, learning rate=0.0,scale_input=0.2
2020-10-02 17:23:10,368 - __main__ - DEBUG - n=0, val_loss=0.0038695638423203163
2020-10-02 17:23:19,959 - __main__ - DEBUG - n=1, val_loss=0.003968325536960421
2020-10-02 17:23:29,538 - __main__ - DEBUG - n=2, val_loss=0.004068069625371495
2020-10-02 17:23:39,140 - __main__ - DEBUG - n=3, val_loss=0.003752206490825278
2020-10-02 17:23:48,751 - __main__ - DEBUG - n=4, val_loss=0.0031104307020119308
2020-10-02 17:23:58,375 - __main__ - DEBUG - n=5, val_loss=0.0042256852360031405
2020-10-02 17:24:07,998 - __main__ - DEBUG - n=6, val_loss=0.004500294017956375
2020-10-02 17:24:17,647 - __main__ - DEBUG - n=7, val_loss=0.0034387425081823294
2020-10-02 17:24:27,257 - __main__ - DEBUG - n=8, val_loss=0.0036212345121158476
2020-10-02 17:24:36,630 - __main__ - DEBUG - n=9, val_loss=0.004026213196415619
2020-10-02 17:24:36,630 - __main__ - INFO - Ntrials=10, total loss avg=0.0038580765668162756, std=0.0003787282951847527
