2020-10-02 17:20:53,492 - __main__ - INFO - n_units=5
2020-10-02 17:20:53,493 - __main__ - INFO - max_energy=1.0
2020-10-02 17:20:53,493 - __main__ - INFO - beta=1e-14
2020-10-02 17:20:53,493 - __main__ - INFO - taudelta=4.0
2020-10-02 17:20:53,493 - __main__ - INFO - V=1
2020-10-02 17:20:53,493 - __main__ - INFO - layers=5
2020-10-02 17:20:53,493 - __main__ - INFO - train_len=2000, val_len=2000, buffer=2000
2020-10-02 17:20:53,493 - __main__ - INFO - alpha=0.5, Ntrials=10
2020-10-02 17:20:53,493 - __main__ - INFO - noise=2e-05, learning rate=0.0,scale_input=0.2
2020-10-02 17:21:08,187 - __main__ - DEBUG - n=0, val_loss=0.002993305916444036
2020-10-02 17:21:23,723 - __main__ - DEBUG - n=1, val_loss=0.0030104858119996154
2020-10-02 17:21:38,781 - __main__ - DEBUG - n=2, val_loss=0.0031704713611244374
2020-10-02 17:21:53,751 - __main__ - DEBUG - n=3, val_loss=0.0031688004041317388
2020-10-02 17:22:08,942 - __main__ - DEBUG - n=4, val_loss=0.0034651163168318965
2020-10-02 17:22:23,908 - __main__ - DEBUG - n=5, val_loss=0.0031622257125613635
2020-10-02 17:22:32,039 - __main__ - DEBUG - n=6, val_loss=0.003674451589523139
2020-10-02 17:22:39,691 - __main__ - DEBUG - n=7, val_loss=0.0034983673928729326
2020-10-02 17:22:47,126 - __main__ - DEBUG - n=8, val_loss=0.0027873041035695427
2020-10-02 17:22:54,558 - __main__ - DEBUG - n=9, val_loss=0.003360811487730519
2020-10-02 17:22:54,558 - __main__ - INFO - Ntrials=10, total loss avg=0.0032291340096789224, std=0.0002557371168634754
