2020-10-02 17:20:53,547 - __main__ - INFO - n_units=5
2020-10-02 17:20:53,547 - __main__ - INFO - max_energy=1.0
2020-10-02 17:20:53,547 - __main__ - INFO - beta=1e-14
2020-10-02 17:20:53,547 - __main__ - INFO - taudelta=4.0
2020-10-02 17:20:53,548 - __main__ - INFO - V=1
2020-10-02 17:20:53,548 - __main__ - INFO - layers=5
2020-10-02 17:20:53,548 - __main__ - INFO - train_len=2000, val_len=2000, buffer=2000
2020-10-02 17:20:53,548 - __main__ - INFO - alpha=0.5, Ntrials=10
2020-10-02 17:20:53,548 - __main__ - INFO - noise=0.003, learning rate=0.0,scale_input=0.2
2020-10-02 17:21:08,847 - __main__ - DEBUG - n=0, val_loss=0.005145271783797332
2020-10-02 17:21:23,387 - __main__ - DEBUG - n=1, val_loss=0.00555492390690823
2020-10-02 17:21:38,942 - __main__ - DEBUG - n=2, val_loss=0.004768315036178516
2020-10-02 17:21:54,321 - __main__ - DEBUG - n=3, val_loss=0.005255733359085621
2020-10-02 17:22:09,452 - __main__ - DEBUG - n=4, val_loss=0.0052669209970507246
2020-10-02 17:22:24,848 - __main__ - DEBUG - n=5, val_loss=0.005095753391774986
2020-10-02 17:22:33,232 - __main__ - DEBUG - n=6, val_loss=0.006051206005986486
2020-10-02 17:22:41,131 - __main__ - DEBUG - n=7, val_loss=0.005818185697493962
2020-10-02 17:22:48,776 - __main__ - DEBUG - n=8, val_loss=0.00515407798139738
2020-10-02 17:22:56,222 - __main__ - DEBUG - n=9, val_loss=0.005739157393927094
2020-10-02 17:22:56,222 - __main__ - INFO - Ntrials=10, total loss avg=0.005384954555360033, std=0.000372986986471246
