2020-10-02 17:22:58,481 - __main__ - INFO - n_units=5
2020-10-02 17:22:58,482 - __main__ - INFO - max_energy=1.0
2020-10-02 17:22:58,482 - __main__ - INFO - beta=1e-14
2020-10-02 17:22:58,482 - __main__ - INFO - taudelta=4.0
2020-10-02 17:22:58,482 - __main__ - INFO - V=1
2020-10-02 17:22:58,482 - __main__ - INFO - layers=5
2020-10-02 17:22:58,482 - __main__ - INFO - train_len=2000, val_len=2000, buffer=2000
2020-10-02 17:22:58,482 - __main__ - INFO - alpha=0.5, Ntrials=10
2020-10-02 17:22:58,482 - __main__ - INFO - noise=0.005, learning rate=0.0,scale_input=0.2
2020-10-02 17:23:08,319 - __main__ - DEBUG - n=0, val_loss=0.0051781113094591475
2020-10-02 17:23:17,755 - __main__ - DEBUG - n=1, val_loss=0.005314795626356785
2020-10-02 17:23:27,201 - __main__ - DEBUG - n=2, val_loss=0.004789668141582827
2020-10-02 17:23:36,656 - __main__ - DEBUG - n=3, val_loss=0.005108594277426059
2020-10-02 17:23:46,102 - __main__ - DEBUG - n=4, val_loss=0.004812428606730551
2020-10-02 17:23:55,569 - __main__ - DEBUG - n=5, val_loss=0.005489879059971533
2020-10-02 17:24:05,054 - __main__ - DEBUG - n=6, val_loss=0.005819749444404188
2020-10-02 17:24:14,528 - __main__ - DEBUG - n=7, val_loss=0.005339607277782069
2020-10-02 17:24:23,994 - __main__ - DEBUG - n=8, val_loss=0.005257791771522205
2020-10-02 17:24:33,456 - __main__ - DEBUG - n=9, val_loss=0.005363912610355487
2020-10-02 17:24:33,456 - __main__ - INFO - Ntrials=10, total loss avg=0.005247453812559085, std=0.00028911831493710547
