2020-10-02 17:20:53,521 - __main__ - INFO - n_units=5
2020-10-02 17:20:53,521 - __main__ - INFO - max_energy=1.0
2020-10-02 17:20:53,521 - __main__ - INFO - beta=1e-14
2020-10-02 17:20:53,521 - __main__ - INFO - taudelta=4.0
2020-10-02 17:20:53,521 - __main__ - INFO - V=1
2020-10-02 17:20:53,522 - __main__ - INFO - layers=5
2020-10-02 17:20:53,522 - __main__ - INFO - train_len=2000, val_len=2000, buffer=2000
2020-10-02 17:20:53,522 - __main__ - INFO - alpha=0.5, Ntrials=10
2020-10-02 17:20:53,522 - __main__ - INFO - noise=4e-06, learning rate=0.0,scale_input=0.2
2020-10-02 17:21:02,716 - __main__ - DEBUG - n=0, val_loss=0.0029743208735677484
2020-10-02 17:21:11,998 - __main__ - DEBUG - n=1, val_loss=0.0030301767781150462
2020-10-02 17:21:21,259 - __main__ - DEBUG - n=2, val_loss=0.002939846267586126
2020-10-02 17:21:30,565 - __main__ - DEBUG - n=3, val_loss=0.0029147824995775476
2020-10-02 17:21:39,885 - __main__ - DEBUG - n=4, val_loss=0.003152309110913436
2020-10-02 17:21:49,212 - __main__ - DEBUG - n=5, val_loss=0.0030484329818551907
2020-10-02 17:21:58,576 - __main__ - DEBUG - n=6, val_loss=0.0034414090954935687
2020-10-02 17:22:07,912 - __main__ - DEBUG - n=7, val_loss=0.0033188338393335954
2020-10-02 17:22:17,249 - __main__ - DEBUG - n=8, val_loss=0.003042923317288376
2020-10-02 17:22:26,501 - __main__ - DEBUG - n=9, val_loss=0.00310438799167525
2020-10-02 17:22:26,501 - __main__ - INFO - Ntrials=10, total loss avg=0.0030967422755405886, std=0.0001592607799384067
