2020-10-02 17:27:06,836 - __main__ - INFO - n_units=5
2020-10-02 17:27:06,836 - __main__ - INFO - max_energy=1.0
2020-10-02 17:27:06,836 - __main__ - INFO - beta=1e-14
2020-10-02 17:27:06,836 - __main__ - INFO - taudelta=4.0
2020-10-02 17:27:06,836 - __main__ - INFO - V=1
2020-10-02 17:27:06,836 - __main__ - INFO - layers=5
2020-10-02 17:27:06,836 - __main__ - INFO - train_len=2000, val_len=2000, buffer=2000
2020-10-02 17:27:06,836 - __main__ - INFO - alpha=0.5, Ntrials=10
2020-10-02 17:27:06,837 - __main__ - INFO - noise=2e-05, learning rate=10.0,scale_input=0.2
2020-10-02 17:27:21,859 - __main__ - INFO - innate_buffer=2000, innate_train_len=2000, innate_val_len=2000
2020-10-02 17:27:21,860 - __main__ - INFO - target_state_list=(6000, 25), target_innate_seq=(6000, 5)
2020-10-02 17:32:37,622 - __main__ - DEBUG - n=0, val_loss=0.0031717316154135414
2020-10-02 17:32:46,997 - __main__ - INFO - innate_buffer=2000, innate_train_len=2000, innate_val_len=2000
2020-10-02 17:32:46,997 - __main__ - INFO - target_state_list=(6000, 25), target_innate_seq=(6000, 5)
2020-10-02 17:36:05,709 - __main__ - DEBUG - n=1, val_loss=0.0032999016628092273
2020-10-02 17:36:15,149 - __main__ - INFO - innate_buffer=2000, innate_train_len=2000, innate_val_len=2000
2020-10-02 17:36:15,149 - __main__ - INFO - target_state_list=(6000, 25), target_innate_seq=(6000, 5)
2020-10-02 17:39:33,734 - __main__ - DEBUG - n=2, val_loss=0.0031751769397643788
2020-10-02 17:39:43,176 - __main__ - INFO - innate_buffer=2000, innate_train_len=2000, innate_val_len=2000
2020-10-02 17:39:43,176 - __main__ - INFO - target_state_list=(6000, 25), target_innate_seq=(6000, 5)
2020-10-02 17:44:27,331 - __main__ - DEBUG - n=3, val_loss=0.0031065337903612047
2020-10-02 17:44:39,062 - __main__ - INFO - innate_buffer=2000, innate_train_len=2000, innate_val_len=2000
2020-10-02 17:44:39,062 - __main__ - INFO - target_state_list=(6000, 25), target_innate_seq=(6000, 5)
2020-10-02 17:48:36,071 - __main__ - DEBUG - n=4, val_loss=0.0033873577316822197
2020-10-02 17:48:45,570 - __main__ - INFO - innate_buffer=2000, innate_train_len=2000, innate_val_len=2000
2020-10-02 17:48:45,571 - __main__ - INFO - target_state_list=(6000, 25), target_innate_seq=(6000, 5)
2020-10-02 17:52:04,370 - __main__ - DEBUG - n=5, val_loss=0.003274486707760617
2020-10-02 17:52:13,869 - __main__ - INFO - innate_buffer=2000, innate_train_len=2000, innate_val_len=2000
2020-10-02 17:52:13,869 - __main__ - INFO - target_state_list=(6000, 25), target_innate_seq=(6000, 5)
2020-10-02 17:55:36,554 - __main__ - DEBUG - n=6, val_loss=0.003692365536078752
2020-10-02 17:55:46,011 - __main__ - INFO - innate_buffer=2000, innate_train_len=2000, innate_val_len=2000
2020-10-02 17:55:46,011 - __main__ - INFO - target_state_list=(6000, 25), target_innate_seq=(6000, 5)
2020-10-02 18:00:20,762 - __main__ - DEBUG - n=7, val_loss=0.0035525055414085916
2020-10-02 18:00:30,252 - __main__ - INFO - innate_buffer=2000, innate_train_len=2000, innate_val_len=2000
2020-10-02 18:00:30,252 - __main__ - INFO - target_state_list=(6000, 25), target_innate_seq=(6000, 5)
2020-10-02 18:03:44,485 - __main__ - DEBUG - n=8, val_loss=0.003196972670265524
2020-10-02 18:03:53,318 - __main__ - INFO - innate_buffer=2000, innate_train_len=2000, innate_val_len=2000
2020-10-02 18:03:53,318 - __main__ - INFO - target_state_list=(6000, 25), target_innate_seq=(6000, 5)
2020-10-02 18:06:49,800 - __main__ - DEBUG - n=9, val_loss=0.0033473047741202308
2020-10-02 18:06:49,800 - __main__ - INFO - Ntrials=10, total loss avg=0.003320433696966429, std=0.00017439375995510908
