2020-10-02 18:12:53,998 - __main__ - INFO - n_units=5
2020-10-02 18:12:53,999 - __main__ - INFO - max_energy=1.0
2020-10-02 18:12:53,999 - __main__ - INFO - beta=1e-14
2020-10-02 18:12:53,999 - __main__ - INFO - taudelta=4.0
2020-10-02 18:12:53,999 - __main__ - INFO - V=1
2020-10-02 18:12:53,999 - __main__ - INFO - layers=5
2020-10-02 18:12:53,999 - __main__ - INFO - train_len=2000, val_len=2000, buffer=2000
2020-10-02 18:12:53,999 - __main__ - INFO - alpha=0.5, Ntrials=10
2020-10-02 18:12:53,999 - __main__ - INFO - noise=8e-06, learning rate=10.0,scale_input=0.2
2020-10-02 18:13:03,191 - __main__ - INFO - innate_buffer=2000, innate_train_len=2000, innate_val_len=2000
2020-10-02 18:13:03,191 - __main__ - INFO - target_state_list=(6000, 25), target_innate_seq=(6000, 5)
2020-10-02 18:16:17,953 - __main__ - DEBUG - n=0, val_loss=0.002856130564488374
2020-10-02 18:16:27,391 - __main__ - INFO - innate_buffer=2000, innate_train_len=2000, innate_val_len=2000
2020-10-02 18:16:27,391 - __main__ - INFO - target_state_list=(6000, 25), target_innate_seq=(6000, 5)
2020-10-02 18:19:44,499 - __main__ - DEBUG - n=1, val_loss=0.0030728014012898312
2020-10-02 18:19:53,990 - __main__ - INFO - innate_buffer=2000, innate_train_len=2000, innate_val_len=2000
2020-10-02 18:19:53,991 - __main__ - INFO - target_state_list=(6000, 25), target_innate_seq=(6000, 5)
2020-10-02 18:23:11,019 - __main__ - DEBUG - n=2, val_loss=0.002848977564173535
2020-10-02 18:23:20,545 - __main__ - INFO - innate_buffer=2000, innate_train_len=2000, innate_val_len=2000
2020-10-02 18:23:20,545 - __main__ - INFO - target_state_list=(6000, 25), target_innate_seq=(6000, 5)
2020-10-02 18:26:38,145 - __main__ - DEBUG - n=3, val_loss=0.002987946424332604
2020-10-02 18:26:49,326 - __main__ - INFO - innate_buffer=2000, innate_train_len=2000, innate_val_len=2000
2020-10-02 18:26:49,326 - __main__ - INFO - target_state_list=(6000, 25), target_innate_seq=(6000, 5)
2020-10-02 18:31:06,746 - __main__ - DEBUG - n=4, val_loss=0.00301357120439758
2020-10-02 18:31:16,269 - __main__ - INFO - innate_buffer=2000, innate_train_len=2000, innate_val_len=2000
2020-10-02 18:31:16,269 - __main__ - INFO - target_state_list=(6000, 25), target_innate_seq=(6000, 5)
2020-10-02 18:35:40,728 - __main__ - DEBUG - n=5, val_loss=0.0033429453183637793
2020-10-02 18:35:50,215 - __main__ - INFO - innate_buffer=2000, innate_train_len=2000, innate_val_len=2000
2020-10-02 18:35:50,215 - __main__ - INFO - target_state_list=(6000, 25), target_innate_seq=(6000, 5)
2020-10-02 18:39:07,857 - __main__ - DEBUG - n=6, val_loss=0.0037270281488119587
2020-10-02 18:39:17,370 - __main__ - INFO - innate_buffer=2000, innate_train_len=2000, innate_val_len=2000
2020-10-02 18:39:17,370 - __main__ - INFO - target_state_list=(6000, 25), target_innate_seq=(6000, 5)
2020-10-02 18:42:35,205 - __main__ - DEBUG - n=7, val_loss=0.003133274513709766
2020-10-02 18:42:44,736 - __main__ - INFO - innate_buffer=2000, innate_train_len=2000, innate_val_len=2000
2020-10-02 18:42:44,736 - __main__ - INFO - target_state_list=(6000, 25), target_innate_seq=(6000, 5)
2020-10-02 18:46:02,259 - __main__ - DEBUG - n=8, val_loss=0.0030987150675328454
2020-10-02 18:46:11,726 - __main__ - INFO - innate_buffer=2000, innate_train_len=2000, innate_val_len=2000
2020-10-02 18:46:11,726 - __main__ - INFO - target_state_list=(6000, 25), target_innate_seq=(6000, 5)
2020-10-02 18:49:26,774 - __main__ - DEBUG - n=9, val_loss=0.003013926539645028
2020-10-02 18:49:26,774 - __main__ - INFO - Ntrials=10, total loss avg=0.0031095316746745302, std=0.00024556993972265945
