2020-10-02 17:27:06,830 - __main__ - INFO - n_units=5
2020-10-02 17:27:06,830 - __main__ - INFO - max_energy=1.0
2020-10-02 17:27:06,830 - __main__ - INFO - beta=1e-14
2020-10-02 17:27:06,830 - __main__ - INFO - taudelta=4.0
2020-10-02 17:27:06,830 - __main__ - INFO - V=1
2020-10-02 17:27:06,830 - __main__ - INFO - layers=5
2020-10-02 17:27:06,830 - __main__ - INFO - train_len=2000, val_len=2000, buffer=2000
2020-10-02 17:27:06,830 - __main__ - INFO - alpha=0.5, Ntrials=10
2020-10-02 17:27:06,830 - __main__ - INFO - noise=4e-06, learning rate=10.0,scale_input=0.2
2020-10-02 17:27:22,162 - __main__ - INFO - innate_buffer=2000, innate_train_len=2000, innate_val_len=2000
2020-10-02 17:27:22,162 - __main__ - INFO - target_state_list=(6000, 25), target_innate_seq=(6000, 5)
2020-10-02 17:32:50,055 - __main__ - DEBUG - n=0, val_loss=0.00297103779170946
2020-10-02 17:33:06,496 - __main__ - INFO - innate_buffer=2000, innate_train_len=2000, innate_val_len=2000
2020-10-02 17:33:06,496 - __main__ - INFO - target_state_list=(6000, 25), target_innate_seq=(6000, 5)
2020-10-02 17:38:35,624 - __main__ - DEBUG - n=1, val_loss=0.0030229903823801936
2020-10-02 17:38:51,657 - __main__ - INFO - innate_buffer=2000, innate_train_len=2000, innate_val_len=2000
2020-10-02 17:38:51,658 - __main__ - INFO - target_state_list=(6000, 25), target_innate_seq=(6000, 5)
2020-10-02 17:42:27,181 - __main__ - DEBUG - n=2, val_loss=0.0029358798693560426
2020-10-02 17:42:36,598 - __main__ - INFO - innate_buffer=2000, innate_train_len=2000, innate_val_len=2000
2020-10-02 17:42:36,598 - __main__ - INFO - target_state_list=(6000, 25), target_innate_seq=(6000, 5)
2020-10-02 17:45:54,783 - __main__ - DEBUG - n=3, val_loss=0.0029105264007848585
2020-10-02 17:46:04,193 - __main__ - INFO - innate_buffer=2000, innate_train_len=2000, innate_val_len=2000
2020-10-02 17:46:04,193 - __main__ - INFO - target_state_list=(6000, 25), target_innate_seq=(6000, 5)
2020-10-02 17:49:23,280 - __main__ - DEBUG - n=4, val_loss=0.0031494222469103665
2020-10-02 17:49:32,677 - __main__ - INFO - innate_buffer=2000, innate_train_len=2000, innate_val_len=2000
2020-10-02 17:49:32,677 - __main__ - INFO - target_state_list=(6000, 25), target_innate_seq=(6000, 5)
2020-10-02 17:52:50,891 - __main__ - DEBUG - n=5, val_loss=0.003048273741326702
2020-10-02 17:53:00,309 - __main__ - INFO - innate_buffer=2000, innate_train_len=2000, innate_val_len=2000
2020-10-02 17:53:00,309 - __main__ - INFO - target_state_list=(6000, 25), target_innate_seq=(6000, 5)
2020-10-02 17:56:19,795 - __main__ - DEBUG - n=6, val_loss=0.0034429095397098615
2020-10-02 17:56:29,248 - __main__ - INFO - innate_buffer=2000, innate_train_len=2000, innate_val_len=2000
2020-10-02 17:56:29,248 - __main__ - INFO - target_state_list=(6000, 25), target_innate_seq=(6000, 5)
2020-10-02 17:59:48,496 - __main__ - DEBUG - n=7, val_loss=0.00331925703794332
2020-10-02 17:59:57,925 - __main__ - INFO - innate_buffer=2000, innate_train_len=2000, innate_val_len=2000
2020-10-02 17:59:57,925 - __main__ - INFO - target_state_list=(6000, 25), target_innate_seq=(6000, 5)
2020-10-02 18:03:14,005 - __main__ - DEBUG - n=8, val_loss=0.0030352826354323108
2020-10-02 18:03:22,991 - __main__ - INFO - innate_buffer=2000, innate_train_len=2000, innate_val_len=2000
2020-10-02 18:03:22,991 - __main__ - INFO - target_state_list=(6000, 25), target_innate_seq=(6000, 5)
2020-10-02 18:06:21,553 - __main__ - DEBUG - n=9, val_loss=0.003105118309435019
2020-10-02 18:06:21,554 - __main__ - INFO - Ntrials=10, total loss avg=0.0030940697954988136, std=0.00016125725441255834
