2020-10-02 17:22:58,521 - __main__ - INFO - n_units=5
2020-10-02 17:22:58,521 - __main__ - INFO - max_energy=1.0
2020-10-02 17:22:58,521 - __main__ - INFO - beta=1e-14
2020-10-02 17:22:58,521 - __main__ - INFO - taudelta=4.0
2020-10-02 17:22:58,521 - __main__ - INFO - V=1
2020-10-02 17:22:58,521 - __main__ - INFO - layers=5
2020-10-02 17:22:58,521 - __main__ - INFO - train_len=2000, val_len=2000, buffer=2000
2020-10-02 17:22:58,521 - __main__ - INFO - alpha=0.5, Ntrials=10
2020-10-02 17:22:58,521 - __main__ - INFO - noise=0.004, learning rate=0.0,scale_input=0.2
2020-10-02 17:23:08,473 - __main__ - DEBUG - n=0, val_loss=0.00528799816724104
2020-10-02 17:23:18,056 - __main__ - DEBUG - n=1, val_loss=0.005320621158549656
2020-10-02 17:23:27,617 - __main__ - DEBUG - n=2, val_loss=0.005205600758769837
2020-10-02 17:23:37,215 - __main__ - DEBUG - n=3, val_loss=0.005205657258689576
2020-10-02 17:23:46,819 - __main__ - DEBUG - n=4, val_loss=0.004081414388858207
2020-10-02 17:23:56,422 - __main__ - DEBUG - n=5, val_loss=0.005719726384709046
2020-10-02 17:24:06,056 - __main__ - DEBUG - n=6, val_loss=0.005737205440274574
2020-10-02 17:24:15,652 - __main__ - DEBUG - n=7, val_loss=0.00446899130195563
2020-10-02 17:24:25,241 - __main__ - DEBUG - n=8, val_loss=0.004905219670874357
2020-10-02 17:24:34,757 - __main__ - DEBUG - n=9, val_loss=0.005339580229705212
2020-10-02 17:24:34,757 - __main__ - INFO - Ntrials=10, total loss avg=0.005127201475962713, std=0.0004919401419318766
