2020-10-02 17:22:58,492 - __main__ - INFO - n_units=5
2020-10-02 17:22:58,492 - __main__ - INFO - max_energy=1.0
2020-10-02 17:22:58,492 - __main__ - INFO - beta=1e-14
2020-10-02 17:22:58,492 - __main__ - INFO - taudelta=4.0
2020-10-02 17:22:58,492 - __main__ - INFO - V=1
2020-10-02 17:22:58,492 - __main__ - INFO - layers=5
2020-10-02 17:22:58,492 - __main__ - INFO - train_len=2000, val_len=2000, buffer=2000
2020-10-02 17:22:58,492 - __main__ - INFO - alpha=0.5, Ntrials=10
2020-10-02 17:22:58,493 - __main__ - INFO - noise=4e-06, learning rate=0.0,scale_input=0.2
2020-10-02 17:23:08,130 - __main__ - DEBUG - n=0, val_loss=0.002930723712642487
2020-10-02 17:23:17,681 - __main__ - DEBUG - n=1, val_loss=0.003309431814660414
2020-10-02 17:23:27,240 - __main__ - DEBUG - n=2, val_loss=0.0028694541955568706
2020-10-02 17:23:36,814 - __main__ - DEBUG - n=3, val_loss=0.003006026269405776
2020-10-02 17:23:46,394 - __main__ - DEBUG - n=4, val_loss=0.002856099390872222
2020-10-02 17:23:55,957 - __main__ - DEBUG - n=5, val_loss=0.003444518801875597
2020-10-02 17:24:10,357 - __main__ - DEBUG - n=6, val_loss=0.004018990134768596
2020-10-02 17:24:26,431 - __main__ - DEBUG - n=7, val_loss=0.0029778205502807168
2020-10-02 17:24:38,172 - __main__ - DEBUG - n=8, val_loss=0.0030614994221253205
2020-10-02 17:24:46,366 - __main__ - DEBUG - n=9, val_loss=0.0034808446788634193
2020-10-02 17:24:46,366 - __main__ - INFO - Ntrials=10, total loss avg=0.0031955408971051417, std=0.0003503418770108337
