2020-10-02 18:12:54,068 - __main__ - INFO - n_units=5
2020-10-02 18:12:54,069 - __main__ - INFO - max_energy=1.0
2020-10-02 18:12:54,069 - __main__ - INFO - beta=1e-14
2020-10-02 18:12:54,069 - __main__ - INFO - taudelta=4.0
2020-10-02 18:12:54,069 - __main__ - INFO - V=1
2020-10-02 18:12:54,069 - __main__ - INFO - layers=5
2020-10-02 18:12:54,069 - __main__ - INFO - train_len=2000, val_len=2000, buffer=2000
2020-10-02 18:12:54,069 - __main__ - INFO - alpha=0.5, Ntrials=10
2020-10-02 18:12:54,069 - __main__ - INFO - noise=0.008, learning rate=10.0,scale_input=0.2
2020-10-02 18:13:08,715 - __main__ - INFO - innate_buffer=2000, innate_train_len=2000, innate_val_len=2000
2020-10-02 18:13:08,715 - __main__ - INFO - target_state_list=(6000, 25), target_innate_seq=(6000, 5)
2020-10-02 18:18:33,912 - __main__ - DEBUG - n=0, val_loss=0.0054582551446289975
2020-10-02 18:18:50,170 - __main__ - INFO - innate_buffer=2000, innate_train_len=2000, innate_val_len=2000
2020-10-02 18:18:50,171 - __main__ - INFO - target_state_list=(6000, 25), target_innate_seq=(6000, 5)
2020-10-02 18:23:56,248 - __main__ - DEBUG - n=1, val_loss=0.0054424736467145254
2020-10-02 18:24:11,007 - __main__ - INFO - innate_buffer=2000, innate_train_len=2000, innate_val_len=2000
2020-10-02 18:24:11,008 - __main__ - INFO - target_state_list=(6000, 25), target_innate_seq=(6000, 5)
2020-10-02 18:29:31,835 - __main__ - DEBUG - n=2, val_loss=0.005442739146537817
2020-10-02 18:29:47,703 - __main__ - INFO - innate_buffer=2000, innate_train_len=2000, innate_val_len=2000
2020-10-02 18:29:47,704 - __main__ - INFO - target_state_list=(6000, 25), target_innate_seq=(6000, 5)
2020-10-02 18:35:07,488 - __main__ - DEBUG - n=3, val_loss=0.005312677388535473
2020-10-02 18:35:22,582 - __main__ - INFO - innate_buffer=2000, innate_train_len=2000, innate_val_len=2000
2020-10-02 18:35:22,582 - __main__ - INFO - target_state_list=(6000, 25), target_innate_seq=(6000, 5)
2020-10-02 18:40:42,036 - __main__ - DEBUG - n=4, val_loss=0.004188002432103362
2020-10-02 18:40:58,724 - __main__ - INFO - innate_buffer=2000, innate_train_len=2000, innate_val_len=2000
2020-10-02 18:40:58,724 - __main__ - INFO - target_state_list=(6000, 25), target_innate_seq=(6000, 5)
2020-10-02 18:44:51,650 - __main__ - DEBUG - n=5, val_loss=0.0059626531037797435
2020-10-02 18:45:01,430 - __main__ - INFO - innate_buffer=2000, innate_train_len=2000, innate_val_len=2000
2020-10-02 18:45:01,430 - __main__ - INFO - target_state_list=(6000, 25), target_innate_seq=(6000, 5)
2020-10-02 18:48:22,264 - __main__ - DEBUG - n=6, val_loss=0.005859382764470073
2020-10-02 18:48:31,835 - __main__ - INFO - innate_buffer=2000, innate_train_len=2000, innate_val_len=2000
2020-10-02 18:48:31,835 - __main__ - INFO - target_state_list=(6000, 25), target_innate_seq=(6000, 5)
2020-10-02 18:51:41,770 - __main__ - DEBUG - n=7, val_loss=0.004562516202980013
2020-10-02 18:51:50,642 - __main__ - INFO - innate_buffer=2000, innate_train_len=2000, innate_val_len=2000
2020-10-02 18:51:50,642 - __main__ - INFO - target_state_list=(6000, 25), target_innate_seq=(6000, 5)
2020-10-02 18:54:36,455 - __main__ - DEBUG - n=8, val_loss=0.005001954632658728
2020-10-02 18:54:43,735 - __main__ - INFO - innate_buffer=2000, innate_train_len=2000, innate_val_len=2000
2020-10-02 18:54:43,735 - __main__ - INFO - target_state_list=(6000, 25), target_innate_seq=(6000, 5)
2020-10-02 18:57:10,709 - __main__ - DEBUG - n=9, val_loss=0.005447964182305757
2020-10-02 18:57:10,709 - __main__ - INFO - Ntrials=10, total loss avg=0.005267861864471449, std=0.0005194914444570534
