2020-10-02 18:12:54,017 - __main__ - INFO - n_units=5
2020-10-02 18:12:54,018 - __main__ - INFO - max_energy=1.0
2020-10-02 18:12:54,018 - __main__ - INFO - beta=1e-14
2020-10-02 18:12:54,018 - __main__ - INFO - taudelta=4.0
2020-10-02 18:12:54,018 - __main__ - INFO - V=1
2020-10-02 18:12:54,018 - __main__ - INFO - layers=5
2020-10-02 18:12:54,018 - __main__ - INFO - train_len=2000, val_len=2000, buffer=2000
2020-10-02 18:12:54,018 - __main__ - INFO - alpha=0.5, Ntrials=10
2020-10-02 18:12:54,018 - __main__ - INFO - noise=0.004, learning rate=10.0,scale_input=0.2
2020-10-02 18:13:08,384 - __main__ - INFO - innate_buffer=2000, innate_train_len=2000, innate_val_len=2000
2020-10-02 18:13:08,384 - __main__ - INFO - target_state_list=(6000, 25), target_innate_seq=(6000, 5)
2020-10-02 18:17:48,754 - __main__ - DEBUG - n=0, val_loss=0.005084591374810863
2020-10-02 18:17:58,216 - __main__ - INFO - innate_buffer=2000, innate_train_len=2000, innate_val_len=2000
2020-10-02 18:17:58,216 - __main__ - INFO - target_state_list=(6000, 25), target_innate_seq=(6000, 5)
2020-10-02 18:21:15,420 - __main__ - DEBUG - n=1, val_loss=0.005245108569350007
2020-10-02 18:21:24,951 - __main__ - INFO - innate_buffer=2000, innate_train_len=2000, innate_val_len=2000
2020-10-02 18:21:24,952 - __main__ - INFO - target_state_list=(6000, 25), target_innate_seq=(6000, 5)
2020-10-02 18:25:07,951 - __main__ - DEBUG - n=2, val_loss=0.004680669346604472
2020-10-02 18:25:17,450 - __main__ - INFO - innate_buffer=2000, innate_train_len=2000, innate_val_len=2000
2020-10-02 18:25:17,450 - __main__ - INFO - target_state_list=(6000, 25), target_innate_seq=(6000, 5)
2020-10-02 18:29:46,901 - __main__ - DEBUG - n=3, val_loss=0.005073787659359559
2020-10-02 18:30:02,252 - __main__ - INFO - innate_buffer=2000, innate_train_len=2000, innate_val_len=2000
2020-10-02 18:30:02,252 - __main__ - INFO - target_state_list=(6000, 25), target_innate_seq=(6000, 5)
2020-10-02 18:33:30,281 - __main__ - DEBUG - n=4, val_loss=0.0047442271512089145
2020-10-02 18:33:39,797 - __main__ - INFO - innate_buffer=2000, innate_train_len=2000, innate_val_len=2000
2020-10-02 18:33:39,797 - __main__ - INFO - target_state_list=(6000, 25), target_innate_seq=(6000, 5)
2020-10-02 18:36:58,073 - __main__ - DEBUG - n=5, val_loss=0.005378447873736923
2020-10-02 18:37:07,613 - __main__ - INFO - innate_buffer=2000, innate_train_len=2000, innate_val_len=2000
2020-10-02 18:37:07,613 - __main__ - INFO - target_state_list=(6000, 25), target_innate_seq=(6000, 5)
2020-10-02 18:40:25,816 - __main__ - DEBUG - n=6, val_loss=0.005757524107457496
2020-10-02 18:40:35,332 - __main__ - INFO - innate_buffer=2000, innate_train_len=2000, innate_val_len=2000
2020-10-02 18:40:35,332 - __main__ - INFO - target_state_list=(6000, 25), target_innate_seq=(6000, 5)
2020-10-02 18:43:57,793 - __main__ - DEBUG - n=7, val_loss=0.005282164291084845
2020-10-02 18:44:07,319 - __main__ - INFO - innate_buffer=2000, innate_train_len=2000, innate_val_len=2000
2020-10-02 18:44:07,319 - __main__ - INFO - target_state_list=(6000, 25), target_innate_seq=(6000, 5)
2020-10-02 18:48:35,157 - __main__ - DEBUG - n=8, val_loss=0.00521504240033995
2020-10-02 18:48:50,858 - __main__ - INFO - innate_buffer=2000, innate_train_len=2000, innate_val_len=2000
2020-10-02 18:48:50,858 - __main__ - INFO - target_state_list=(6000, 25), target_innate_seq=(6000, 5)
2020-10-02 18:52:02,197 - __main__ - DEBUG - n=9, val_loss=0.0052987170114675505
2020-10-02 18:52:02,197 - __main__ - INFO - Ntrials=10, total loss avg=0.005176027978542058, std=0.0002936612325075291
