2020-10-02 17:22:58,483 - __main__ - INFO - n_units=5
2020-10-02 17:22:58,485 - __main__ - INFO - max_energy=1.0
2020-10-02 17:22:58,485 - __main__ - INFO - beta=1e-14
2020-10-02 17:22:58,486 - __main__ - INFO - taudelta=4.0
2020-10-02 17:22:58,486 - __main__ - INFO - V=1
2020-10-02 17:22:58,486 - __main__ - INFO - layers=5
2020-10-02 17:22:58,486 - __main__ - INFO - train_len=2000, val_len=2000, buffer=2000
2020-10-02 17:22:58,486 - __main__ - INFO - alpha=0.5, Ntrials=10
2020-10-02 17:22:58,486 - __main__ - INFO - noise=0.007, learning rate=0.0,scale_input=0.2
2020-10-02 17:23:07,821 - __main__ - DEBUG - n=0, val_loss=0.005295320432175143
2020-10-02 17:23:17,244 - __main__ - DEBUG - n=1, val_loss=0.005396410544309621
2020-10-02 17:23:26,683 - __main__ - DEBUG - n=2, val_loss=0.004945321659633716
2020-10-02 17:23:36,151 - __main__ - DEBUG - n=3, val_loss=0.005163988822338639
2020-10-02 17:23:45,610 - __main__ - DEBUG - n=4, val_loss=0.0048871288954504865
2020-10-02 17:23:55,078 - __main__ - DEBUG - n=5, val_loss=0.005646228550341708
2020-10-02 17:24:04,560 - __main__ - DEBUG - n=6, val_loss=0.005904993219452049
2020-10-02 17:24:14,024 - __main__ - DEBUG - n=7, val_loss=0.00541108265099039
2020-10-02 17:24:23,474 - __main__ - DEBUG - n=8, val_loss=0.005309420067755068
2020-10-02 17:24:32,932 - __main__ - DEBUG - n=9, val_loss=0.005438287286080684
2020-10-02 17:24:32,932 - __main__ - INFO - Ntrials=10, total loss avg=0.005339818212852751, std=0.00028734348372301446
