2020-10-02 17:22:58,473 - __main__ - INFO - n_units=5
2020-10-02 17:22:58,474 - __main__ - INFO - max_energy=1.0
2020-10-02 17:22:58,474 - __main__ - INFO - beta=1e-14
2020-10-02 17:22:58,474 - __main__ - INFO - taudelta=4.0
2020-10-02 17:22:58,474 - __main__ - INFO - V=1
2020-10-02 17:22:58,474 - __main__ - INFO - layers=5
2020-10-02 17:22:58,474 - __main__ - INFO - train_len=2000, val_len=2000, buffer=2000
2020-10-02 17:22:58,474 - __main__ - INFO - alpha=0.5, Ntrials=10
2020-10-02 17:22:58,474 - __main__ - INFO - noise=0.0006000000000000001, learning rate=0.0,scale_input=0.2
2020-10-02 17:23:12,782 - __main__ - DEBUG - n=0, val_loss=0.0040245519957349245
2020-10-02 17:23:28,487 - __main__ - DEBUG - n=1, val_loss=0.004326525805801637
2020-10-02 17:23:44,319 - __main__ - DEBUG - n=2, val_loss=0.0037356250419522574
2020-10-02 17:23:59,893 - __main__ - DEBUG - n=3, val_loss=0.004288046353039231
2020-10-02 17:24:15,720 - __main__ - DEBUG - n=4, val_loss=0.003956583459033819
2020-10-02 17:24:31,520 - __main__ - DEBUG - n=5, val_loss=0.004350258956091875
2020-10-02 17:24:40,057 - __main__ - DEBUG - n=6, val_loss=0.004821648439363841
2020-10-02 17:24:47,905 - __main__ - DEBUG - n=7, val_loss=0.0043588369872362715
2020-10-02 17:24:55,581 - __main__ - DEBUG - n=8, val_loss=0.004473250970450081
2020-10-02 17:25:03,248 - __main__ - DEBUG - n=9, val_loss=0.004373592274852197
2020-10-02 17:25:03,249 - __main__ - INFO - Ntrials=10, total loss avg=0.004270892028355613, std=0.0002860482397351535
