2020-10-02 17:20:53,499 - __main__ - INFO - n_units=5
2020-10-02 17:20:53,499 - __main__ - INFO - max_energy=1.0
2020-10-02 17:20:53,499 - __main__ - INFO - beta=1e-14
2020-10-02 17:20:53,499 - __main__ - INFO - taudelta=4.0
2020-10-02 17:20:53,499 - __main__ - INFO - V=1
2020-10-02 17:20:53,499 - __main__ - INFO - layers=5
2020-10-02 17:20:53,499 - __main__ - INFO - train_len=2000, val_len=2000, buffer=2000
2020-10-02 17:20:53,499 - __main__ - INFO - alpha=0.5, Ntrials=10
2020-10-02 17:20:53,499 - __main__ - INFO - noise=9e-05, learning rate=0.0,scale_input=0.2
2020-10-02 17:21:02,553 - __main__ - DEBUG - n=0, val_loss=0.003410838173023062
2020-10-02 17:21:11,684 - __main__ - DEBUG - n=1, val_loss=0.0037227828746991673
2020-10-02 17:21:20,812 - __main__ - DEBUG - n=2, val_loss=0.0034638670224194875
2020-10-02 17:21:29,969 - __main__ - DEBUG - n=3, val_loss=0.0036988905513690596
2020-10-02 17:21:39,133 - __main__ - DEBUG - n=4, val_loss=0.0038196062789693044
2020-10-02 17:21:48,344 - __main__ - DEBUG - n=5, val_loss=0.003695703837661714
2020-10-02 17:21:57,565 - __main__ - DEBUG - n=6, val_loss=0.004257802760147329
2020-10-02 17:22:06,736 - __main__ - DEBUG - n=7, val_loss=0.0040197740228577845
2020-10-02 17:22:15,902 - __main__ - DEBUG - n=8, val_loss=0.0034707952360722486
2020-10-02 17:22:28,181 - __main__ - DEBUG - n=9, val_loss=0.0038644196529534483
2020-10-02 17:22:28,181 - __main__ - INFO - Ntrials=10, total loss avg=0.0037424480410172606, std=0.00025083209197834523
