2020-10-02 17:20:53,529 - __main__ - INFO - n_units=5
2020-10-02 17:20:53,530 - __main__ - INFO - max_energy=1.0
2020-10-02 17:20:53,530 - __main__ - INFO - beta=1e-14
2020-10-02 17:20:53,530 - __main__ - INFO - taudelta=4.0
2020-10-02 17:20:53,530 - __main__ - INFO - V=1
2020-10-02 17:20:53,530 - __main__ - INFO - layers=5
2020-10-02 17:20:53,530 - __main__ - INFO - train_len=2000, val_len=2000, buffer=2000
2020-10-02 17:20:53,530 - __main__ - INFO - alpha=0.5, Ntrials=10
2020-10-02 17:20:53,530 - __main__ - INFO - noise=4e-05, learning rate=0.0,scale_input=0.2
2020-10-02 17:21:02,542 - __main__ - DEBUG - n=0, val_loss=0.00327470110392747
2020-10-02 17:21:11,666 - __main__ - DEBUG - n=1, val_loss=0.0034510586652842564
2020-10-02 17:21:20,776 - __main__ - DEBUG - n=2, val_loss=0.003295689794603126
2020-10-02 17:21:29,893 - __main__ - DEBUG - n=3, val_loss=0.003234542295606332
2020-10-02 17:21:39,022 - __main__ - DEBUG - n=4, val_loss=0.003492433518839004
2020-10-02 17:21:48,185 - __main__ - DEBUG - n=5, val_loss=0.0033873725355514526
2020-10-02 17:21:57,358 - __main__ - DEBUG - n=6, val_loss=0.003814208974070978
2020-10-02 17:22:06,528 - __main__ - DEBUG - n=7, val_loss=0.0036677265602034805
2020-10-02 17:22:15,706 - __main__ - DEBUG - n=8, val_loss=0.0033168997264522
2020-10-02 17:22:24,855 - __main__ - DEBUG - n=9, val_loss=0.0034970786948967255
2020-10-02 17:22:24,855 - __main__ - INFO - Ntrials=10, total loss avg=0.003443171186943503, std=0.0001749874508926017
