2020-10-02 17:27:06,801 - __main__ - INFO - n_units=5
2020-10-02 17:27:06,802 - __main__ - INFO - max_energy=1.0
2020-10-02 17:27:06,802 - __main__ - INFO - beta=1e-14
2020-10-02 17:27:06,802 - __main__ - INFO - taudelta=4.0
2020-10-02 17:27:06,802 - __main__ - INFO - V=1
2020-10-02 17:27:06,802 - __main__ - INFO - layers=5
2020-10-02 17:27:06,802 - __main__ - INFO - train_len=2000, val_len=2000, buffer=2000
2020-10-02 17:27:06,802 - __main__ - INFO - alpha=0.5, Ntrials=10
2020-10-02 17:27:06,802 - __main__ - INFO - noise=1e-05, learning rate=10.0,scale_input=0.2
2020-10-02 17:27:15,602 - __main__ - INFO - innate_buffer=2000, innate_train_len=2000, innate_val_len=2000
2020-10-02 17:27:15,602 - __main__ - INFO - target_state_list=(6000, 25), target_innate_seq=(6000, 5)
2020-10-02 17:30:27,479 - __main__ - DEBUG - n=0, val_loss=0.0027801434438524206
2020-10-02 17:30:36,610 - __main__ - INFO - innate_buffer=2000, innate_train_len=2000, innate_val_len=2000
2020-10-02 17:30:36,611 - __main__ - INFO - target_state_list=(6000, 25), target_innate_seq=(6000, 5)
2020-10-02 17:33:51,240 - __main__ - DEBUG - n=1, val_loss=0.0027485952702638464
2020-10-02 17:34:00,407 - __main__ - INFO - innate_buffer=2000, innate_train_len=2000, innate_val_len=2000
2020-10-02 17:34:00,407 - __main__ - INFO - target_state_list=(6000, 25), target_innate_seq=(6000, 5)
2020-10-02 17:37:15,095 - __main__ - DEBUG - n=2, val_loss=0.003038614537168175
2020-10-02 17:37:24,228 - __main__ - INFO - innate_buffer=2000, innate_train_len=2000, innate_val_len=2000
2020-10-02 17:37:24,228 - __main__ - INFO - target_state_list=(6000, 25), target_innate_seq=(6000, 5)
2020-10-02 17:40:38,845 - __main__ - DEBUG - n=3, val_loss=0.0029618025355028165
2020-10-02 17:40:47,973 - __main__ - INFO - innate_buffer=2000, innate_train_len=2000, innate_val_len=2000
2020-10-02 17:40:47,973 - __main__ - INFO - target_state_list=(6000, 25), target_innate_seq=(6000, 5)
2020-10-02 17:44:02,855 - __main__ - DEBUG - n=4, val_loss=0.0032715873470449595
2020-10-02 17:44:12,000 - __main__ - INFO - innate_buffer=2000, innate_train_len=2000, innate_val_len=2000
2020-10-02 17:44:12,000 - __main__ - INFO - target_state_list=(6000, 25), target_innate_seq=(6000, 5)
2020-10-02 17:48:01,498 - __main__ - DEBUG - n=5, val_loss=0.002950974105224759
2020-10-02 17:48:13,902 - __main__ - INFO - innate_buffer=2000, innate_train_len=2000, innate_val_len=2000
2020-10-02 17:48:13,902 - __main__ - INFO - target_state_list=(6000, 25), target_innate_seq=(6000, 5)
2020-10-02 17:53:36,203 - __main__ - DEBUG - n=6, val_loss=0.003396578100428424
2020-10-02 17:53:51,281 - __main__ - INFO - innate_buffer=2000, innate_train_len=2000, innate_val_len=2000
2020-10-02 17:53:51,281 - __main__ - INFO - target_state_list=(6000, 25), target_innate_seq=(6000, 5)
2020-10-02 17:59:12,475 - __main__ - DEBUG - n=7, val_loss=0.0032274409300183707
2020-10-02 17:59:27,824 - __main__ - INFO - innate_buffer=2000, innate_train_len=2000, innate_val_len=2000
2020-10-02 17:59:27,825 - __main__ - INFO - target_state_list=(6000, 25), target_innate_seq=(6000, 5)
2020-10-02 18:03:51,560 - __main__ - DEBUG - n=8, val_loss=0.0024715604359131452
2020-10-02 18:03:59,922 - __main__ - INFO - innate_buffer=2000, innate_train_len=2000, innate_val_len=2000
2020-10-02 18:03:59,923 - __main__ - INFO - target_state_list=(6000, 25), target_innate_seq=(6000, 5)
2020-10-02 18:06:51,844 - __main__ - DEBUG - n=9, val_loss=0.0031798106757579886
2020-10-02 18:06:51,844 - __main__ - INFO - Ntrials=10, total loss avg=0.0030027107381174908, std=0.0002666767584562653
