2020-10-02 17:22:58,453 - __main__ - INFO - n_units=5
2020-10-02 17:22:58,453 - __main__ - INFO - max_energy=1.0
2020-10-02 17:22:58,453 - __main__ - INFO - beta=1e-14
2020-10-02 17:22:58,453 - __main__ - INFO - taudelta=4.0
2020-10-02 17:22:58,453 - __main__ - INFO - V=1
2020-10-02 17:22:58,454 - __main__ - INFO - layers=5
2020-10-02 17:22:58,454 - __main__ - INFO - train_len=2000, val_len=2000, buffer=2000
2020-10-02 17:22:58,454 - __main__ - INFO - alpha=0.5, Ntrials=10
2020-10-02 17:22:58,454 - __main__ - INFO - noise=1e-06, learning rate=0.0,scale_input=0.2
2020-10-02 17:23:07,750 - __main__ - DEBUG - n=0, val_loss=0.002622462757357926
2020-10-02 17:23:17,196 - __main__ - DEBUG - n=1, val_loss=0.0027952791469394783
2020-10-02 17:23:26,640 - __main__ - DEBUG - n=2, val_loss=0.0025557869010293093
2020-10-02 17:23:36,132 - __main__ - DEBUG - n=3, val_loss=0.002855137200658021
2020-10-02 17:23:45,622 - __main__ - DEBUG - n=4, val_loss=0.002753687778702454
2020-10-02 17:23:55,100 - __main__ - DEBUG - n=5, val_loss=0.002974091530554891
2020-10-02 17:24:04,621 - __main__ - DEBUG - n=6, val_loss=0.0034770438402645545
2020-10-02 17:24:17,334 - __main__ - DEBUG - n=7, val_loss=0.0029300109024092006
2020-10-02 17:24:33,203 - __main__ - DEBUG - n=8, val_loss=0.00281418678301686
2020-10-02 17:24:41,722 - __main__ - DEBUG - n=9, val_loss=0.0027891097705613132
2020-10-02 17:24:41,722 - __main__ - INFO - Ntrials=10, total loss avg=0.002856679661149401, std=0.00023878019366170523
