2020-10-02 18:12:53,992 - __main__ - INFO - n_units=5
2020-10-02 18:12:53,993 - __main__ - INFO - max_energy=1.0
2020-10-02 18:12:53,993 - __main__ - INFO - beta=1e-14
2020-10-02 18:12:53,993 - __main__ - INFO - taudelta=4.0
2020-10-02 18:12:53,993 - __main__ - INFO - V=1
2020-10-02 18:12:53,993 - __main__ - INFO - layers=5
2020-10-02 18:12:53,993 - __main__ - INFO - train_len=2000, val_len=2000, buffer=2000
2020-10-02 18:12:53,993 - __main__ - INFO - alpha=0.5, Ntrials=10
2020-10-02 18:12:53,993 - __main__ - INFO - noise=1e-06, learning rate=10.0,scale_input=0.2
2020-10-02 18:13:03,361 - __main__ - INFO - innate_buffer=2000, innate_train_len=2000, innate_val_len=2000
2020-10-02 18:13:03,361 - __main__ - INFO - target_state_list=(6000, 25), target_innate_seq=(6000, 5)
2020-10-02 18:16:38,479 - __main__ - DEBUG - n=0, val_loss=0.0026227781480994473
2020-10-02 18:16:48,076 - __main__ - INFO - innate_buffer=2000, innate_train_len=2000, innate_val_len=2000
2020-10-02 18:16:48,076 - __main__ - INFO - target_state_list=(6000, 25), target_innate_seq=(6000, 5)
2020-10-02 18:20:35,951 - __main__ - DEBUG - n=1, val_loss=0.002784114064130126
2020-10-02 18:20:45,658 - __main__ - INFO - innate_buffer=2000, innate_train_len=2000, innate_val_len=2000
2020-10-02 18:20:45,658 - __main__ - INFO - target_state_list=(6000, 25), target_innate_seq=(6000, 5)
2020-10-02 18:24:18,104 - __main__ - DEBUG - n=2, val_loss=0.0025623568760926177
2020-10-02 18:24:27,716 - __main__ - INFO - innate_buffer=2000, innate_train_len=2000, innate_val_len=2000
2020-10-02 18:24:27,716 - __main__ - INFO - target_state_list=(6000, 25), target_innate_seq=(6000, 5)
2020-10-02 18:28:14,066 - __main__ - DEBUG - n=3, val_loss=0.002856811828077431
2020-10-02 18:28:23,817 - __main__ - INFO - innate_buffer=2000, innate_train_len=2000, innate_val_len=2000
2020-10-02 18:28:23,817 - __main__ - INFO - target_state_list=(6000, 25), target_innate_seq=(6000, 5)
2020-10-02 18:31:59,599 - __main__ - DEBUG - n=4, val_loss=0.0027493755593144403
2020-10-02 18:32:09,268 - __main__ - INFO - innate_buffer=2000, innate_train_len=2000, innate_val_len=2000
2020-10-02 18:32:09,268 - __main__ - INFO - target_state_list=(6000, 25), target_innate_seq=(6000, 5)
2020-10-02 18:35:46,330 - __main__ - DEBUG - n=5, val_loss=0.002976035714703607
2020-10-02 18:36:02,163 - __main__ - INFO - innate_buffer=2000, innate_train_len=2000, innate_val_len=2000
2020-10-02 18:36:02,163 - __main__ - INFO - target_state_list=(6000, 25), target_innate_seq=(6000, 5)
2020-10-02 18:40:18,217 - __main__ - DEBUG - n=6, val_loss=0.0034762959788374424
2020-10-02 18:40:33,856 - __main__ - INFO - innate_buffer=2000, innate_train_len=2000, innate_val_len=2000
2020-10-02 18:40:33,856 - __main__ - INFO - target_state_list=(6000, 25), target_innate_seq=(6000, 5)
2020-10-02 18:44:24,606 - __main__ - DEBUG - n=7, val_loss=0.0029296567039911094
2020-10-02 18:44:40,329 - __main__ - INFO - innate_buffer=2000, innate_train_len=2000, innate_val_len=2000
2020-10-02 18:44:40,329 - __main__ - INFO - target_state_list=(6000, 25), target_innate_seq=(6000, 5)
2020-10-02 18:49:06,394 - __main__ - DEBUG - n=8, val_loss=0.002826838104098234
2020-10-02 18:49:15,745 - __main__ - INFO - innate_buffer=2000, innate_train_len=2000, innate_val_len=2000
2020-10-02 18:49:15,746 - __main__ - INFO - target_state_list=(6000, 25), target_innate_seq=(6000, 5)
2020-10-02 18:52:22,022 - __main__ - DEBUG - n=9, val_loss=0.0027905353586224523
2020-10-02 18:52:22,023 - __main__ - INFO - Ntrials=10, total loss avg=0.002857479833596691, std=0.00023809049859074824
