2020-10-02 17:22:58,465 - __main__ - INFO - n_units=5
2020-10-02 17:22:58,465 - __main__ - INFO - max_energy=1.0
2020-10-02 17:22:58,465 - __main__ - INFO - beta=1e-14
2020-10-02 17:22:58,465 - __main__ - INFO - taudelta=4.0
2020-10-02 17:22:58,465 - __main__ - INFO - V=1
2020-10-02 17:22:58,465 - __main__ - INFO - layers=5
2020-10-02 17:22:58,465 - __main__ - INFO - train_len=2000, val_len=2000, buffer=2000
2020-10-02 17:22:58,465 - __main__ - INFO - alpha=0.5, Ntrials=10
2020-10-02 17:22:58,466 - __main__ - INFO - noise=5e-05, learning rate=0.0,scale_input=0.2
2020-10-02 17:23:12,769 - __main__ - DEBUG - n=0, val_loss=0.0031446908646820078
2020-10-02 17:23:28,478 - __main__ - DEBUG - n=1, val_loss=0.003354716998969302
2020-10-02 17:23:44,313 - __main__ - DEBUG - n=2, val_loss=0.003165752794469144
2020-10-02 17:23:59,888 - __main__ - DEBUG - n=3, val_loss=0.003277306614448039
2020-10-02 17:24:15,726 - __main__ - DEBUG - n=4, val_loss=0.003218532197468267
2020-10-02 17:24:28,872 - __main__ - DEBUG - n=5, val_loss=0.0036313152250401107
2020-10-02 17:24:37,806 - __main__ - DEBUG - n=6, val_loss=0.0039477620414224025
2020-10-02 17:24:45,739 - __main__ - DEBUG - n=7, val_loss=0.0033724976982153656
2020-10-02 17:24:53,504 - __main__ - DEBUG - n=8, val_loss=0.0033873261181394335
2020-10-02 17:25:01,204 - __main__ - DEBUG - n=9, val_loss=0.0033353691538633478
2020-10-02 17:25:01,205 - __main__ - INFO - Ntrials=10, total loss avg=0.003383526970671742, std=0.00022935121949433512
