2020-10-02 17:20:53,491 - __main__ - INFO - n_units=5
2020-10-02 17:20:53,491 - __main__ - INFO - max_energy=1.0
2020-10-02 17:20:53,491 - __main__ - INFO - beta=1e-14
2020-10-02 17:20:53,491 - __main__ - INFO - taudelta=4.0
2020-10-02 17:20:53,491 - __main__ - INFO - V=1
2020-10-02 17:20:53,491 - __main__ - INFO - layers=5
2020-10-02 17:20:53,491 - __main__ - INFO - train_len=2000, val_len=2000, buffer=2000
2020-10-02 17:20:53,491 - __main__ - INFO - alpha=0.5, Ntrials=10
2020-10-02 17:20:53,492 - __main__ - INFO - noise=9e-06, learning rate=0.0,scale_input=0.2
2020-10-02 17:21:02,566 - __main__ - DEBUG - n=0, val_loss=0.0027417103729620303
2020-10-02 17:21:11,714 - __main__ - DEBUG - n=1, val_loss=0.00272744746440498
2020-10-02 17:21:26,726 - __main__ - DEBUG - n=2, val_loss=0.0030131584051650653
2020-10-02 17:21:41,949 - __main__ - DEBUG - n=3, val_loss=0.002950610293946046
2020-10-02 17:21:56,971 - __main__ - DEBUG - n=4, val_loss=0.0032510749612802525
2020-10-02 17:22:12,168 - __main__ - DEBUG - n=5, val_loss=0.0029294762821696994
2020-10-02 17:22:26,358 - __main__ - DEBUG - n=6, val_loss=0.003353564537060306
2020-10-02 17:22:34,238 - __main__ - DEBUG - n=7, val_loss=0.0031703822948051423
2020-10-02 17:22:41,886 - __main__ - DEBUG - n=8, val_loss=0.002443499202087771
2020-10-02 17:22:49,294 - __main__ - DEBUG - n=9, val_loss=0.0031504769274673106
2020-10-02 17:22:49,294 - __main__ - INFO - Ntrials=10, total loss avg=0.0029731400741348606, std=0.0002628275156058887
