2020-10-02 17:22:58,510 - __main__ - INFO - n_units=5
2020-10-02 17:22:58,511 - __main__ - INFO - max_energy=1.0
2020-10-02 17:22:58,511 - __main__ - INFO - beta=1e-14
2020-10-02 17:22:58,511 - __main__ - INFO - taudelta=4.0
2020-10-02 17:22:58,511 - __main__ - INFO - V=1
2020-10-02 17:22:58,511 - __main__ - INFO - layers=5
2020-10-02 17:22:58,511 - __main__ - INFO - train_len=2000, val_len=2000, buffer=2000
2020-10-02 17:22:58,511 - __main__ - INFO - alpha=0.5, Ntrials=10
2020-10-02 17:22:58,511 - __main__ - INFO - noise=0.0004, learning rate=0.0,scale_input=0.2
2020-10-02 17:23:09,948 - __main__ - DEBUG - n=0, val_loss=0.004353078027034304
2020-10-02 17:23:19,409 - __main__ - DEBUG - n=1, val_loss=0.0044817024138574845
2020-10-02 17:23:28,879 - __main__ - DEBUG - n=2, val_loss=0.004412920907610779
2020-10-02 17:23:38,369 - __main__ - DEBUG - n=3, val_loss=0.004354293984761514
2020-10-02 17:23:47,865 - __main__ - DEBUG - n=4, val_loss=0.0034057914759117675
2020-10-02 17:23:57,348 - __main__ - DEBUG - n=5, val_loss=0.004718004547166321
2020-10-02 17:24:06,850 - __main__ - DEBUG - n=6, val_loss=0.0049388772782131074
2020-10-02 17:24:16,364 - __main__ - DEBUG - n=7, val_loss=0.003786937880898716
2020-10-02 17:24:26,167 - __main__ - DEBUG - n=8, val_loss=0.0041419122151072916
2020-10-02 17:24:35,539 - __main__ - DEBUG - n=9, val_loss=0.00451153487088495
2020-10-02 17:24:35,540 - __main__ - INFO - Ntrials=10, total loss avg=0.004310505360144623, std=0.0004202262172217239
