2020-10-02 17:20:53,493 - __main__ - INFO - n_units=5
2020-10-02 17:20:53,494 - __main__ - INFO - max_energy=1.0
2020-10-02 17:20:53,494 - __main__ - INFO - beta=1e-14
2020-10-02 17:20:53,494 - __main__ - INFO - taudelta=4.0
2020-10-02 17:20:53,494 - __main__ - INFO - V=1
2020-10-02 17:20:53,494 - __main__ - INFO - layers=5
2020-10-02 17:20:53,494 - __main__ - INFO - train_len=2000, val_len=2000, buffer=2000
2020-10-02 17:20:53,494 - __main__ - INFO - alpha=0.5, Ntrials=10
2020-10-02 17:20:53,494 - __main__ - INFO - noise=3.0000000000000004e-05, learning rate=0.0,scale_input=0.2
2020-10-02 17:21:02,383 - __main__ - DEBUG - n=0, val_loss=0.00310440777721592
2020-10-02 17:21:11,361 - __main__ - DEBUG - n=1, val_loss=0.0031761439481226487
2020-10-02 17:21:20,343 - __main__ - DEBUG - n=2, val_loss=0.0032488574205422264
2020-10-02 17:21:29,366 - __main__ - DEBUG - n=3, val_loss=0.0032865012974076396
2020-10-02 17:21:38,400 - __main__ - DEBUG - n=4, val_loss=0.003555570956683024
2020-10-02 17:21:47,444 - __main__ - DEBUG - n=5, val_loss=0.0032877413518817467
2020-10-02 17:21:56,525 - __main__ - DEBUG - n=6, val_loss=0.003824700991565091
2020-10-02 17:22:05,575 - __main__ - DEBUG - n=7, val_loss=0.003637929600807477
2020-10-02 17:22:14,634 - __main__ - DEBUG - n=8, val_loss=0.002948200501672252
2020-10-02 17:22:23,727 - __main__ - DEBUG - n=9, val_loss=0.0034756019786200566
2020-10-02 17:22:23,728 - __main__ - INFO - Ntrials=10, total loss avg=0.003354565582451808, std=0.00025222879804777864
