2020-10-02 17:20:53,506 - __main__ - INFO - n_units=5
2020-10-02 17:20:53,506 - __main__ - INFO - max_energy=1.0
2020-10-02 17:20:53,506 - __main__ - INFO - beta=1e-14
2020-10-02 17:20:53,506 - __main__ - INFO - taudelta=4.0
2020-10-02 17:20:53,506 - __main__ - INFO - V=1
2020-10-02 17:20:53,506 - __main__ - INFO - layers=5
2020-10-02 17:20:53,506 - __main__ - INFO - train_len=2000, val_len=2000, buffer=2000
2020-10-02 17:20:53,506 - __main__ - INFO - alpha=0.5, Ntrials=10
2020-10-02 17:20:53,507 - __main__ - INFO - noise=0.0008, learning rate=0.0,scale_input=0.2
2020-10-02 17:21:02,901 - __main__ - DEBUG - n=0, val_loss=0.004527642029467996
2020-10-02 17:21:11,928 - __main__ - DEBUG - n=1, val_loss=0.005304039666070426
2020-10-02 17:21:20,954 - __main__ - DEBUG - n=2, val_loss=0.004131023541783041
2020-10-02 17:21:30,013 - __main__ - DEBUG - n=3, val_loss=0.005151626338907105
2020-10-02 17:21:39,092 - __main__ - DEBUG - n=4, val_loss=0.004984922482571959
2020-10-02 17:21:48,162 - __main__ - DEBUG - n=5, val_loss=0.004936027238302825
2020-10-02 17:21:57,247 - __main__ - DEBUG - n=6, val_loss=0.005695933986233587
2020-10-02 17:22:06,325 - __main__ - DEBUG - n=7, val_loss=0.0054395868219555546
2020-10-02 17:22:15,397 - __main__ - DEBUG - n=8, val_loss=0.004946646452697184
2020-10-02 17:22:24,485 - __main__ - DEBUG - n=9, val_loss=0.0053520721040856605
2020-10-02 17:22:24,485 - __main__ - INFO - Ntrials=10, total loss avg=0.005046952066207535, std=0.00043362538414297604
