2020-10-02 17:20:53,520 - __main__ - INFO - n_units=5
2020-10-02 17:20:53,520 - __main__ - INFO - max_energy=1.0
2020-10-02 17:20:53,520 - __main__ - INFO - beta=1e-14
2020-10-02 17:20:53,520 - __main__ - INFO - taudelta=4.0
2020-10-02 17:20:53,520 - __main__ - INFO - V=1
2020-10-02 17:20:53,520 - __main__ - INFO - layers=5
2020-10-02 17:20:53,520 - __main__ - INFO - train_len=2000, val_len=2000, buffer=2000
2020-10-02 17:20:53,521 - __main__ - INFO - alpha=0.5, Ntrials=10
2020-10-02 17:20:53,521 - __main__ - INFO - noise=3e-06, learning rate=0.0,scale_input=0.2
2020-10-02 17:21:06,583 - __main__ - DEBUG - n=0, val_loss=0.0029437389009966722
2020-10-02 17:21:22,433 - __main__ - DEBUG - n=1, val_loss=0.0029785492965195056
2020-10-02 17:21:38,170 - __main__ - DEBUG - n=2, val_loss=0.002908865933514533
2020-10-02 17:21:53,716 - __main__ - DEBUG - n=3, val_loss=0.002884061754958353
2020-10-02 17:22:09,331 - __main__ - DEBUG - n=4, val_loss=0.0031061240832564478
2020-10-02 17:22:25,205 - __main__ - DEBUG - n=5, val_loss=0.0030083592812801064
2020-10-02 17:22:33,423 - __main__ - DEBUG - n=6, val_loss=0.003391666510691645
2020-10-02 17:22:41,339 - __main__ - DEBUG - n=7, val_loss=0.0032755692270030556
2020-10-02 17:22:48,991 - __main__ - DEBUG - n=8, val_loss=0.0030130144802642204
2020-10-02 17:22:56,411 - __main__ - DEBUG - n=9, val_loss=0.003068062631615193
2020-10-02 17:22:56,411 - __main__ - INFO - Ntrials=10, total loss avg=0.0030578012100099736, std=0.00015409019810167006
