2020-10-02 17:20:53,486 - __main__ - INFO - n_units=5
2020-10-02 17:20:53,486 - __main__ - INFO - max_energy=1.0
2020-10-02 17:20:53,486 - __main__ - INFO - beta=1e-14
2020-10-02 17:20:53,486 - __main__ - INFO - taudelta=4.0
2020-10-02 17:20:53,486 - __main__ - INFO - V=1
2020-10-02 17:20:53,486 - __main__ - INFO - layers=5
2020-10-02 17:20:53,486 - __main__ - INFO - train_len=2000, val_len=2000, buffer=2000
2020-10-02 17:20:53,486 - __main__ - INFO - alpha=0.5, Ntrials=10
2020-10-02 17:20:53,486 - __main__ - INFO - noise=3e-06, learning rate=0.0,scale_input=0.2
2020-10-02 17:21:08,104 - __main__ - DEBUG - n=0, val_loss=0.0022932743346105564
2020-10-02 17:21:20,846 - __main__ - DEBUG - n=1, val_loss=0.0023578312489150864
2020-10-02 17:21:32,568 - __main__ - DEBUG - n=2, val_loss=0.0027432289927531318
2020-10-02 17:21:41,626 - __main__ - DEBUG - n=3, val_loss=0.002581574573003914
2020-10-02 17:21:55,891 - __main__ - DEBUG - n=4, val_loss=0.002821629070614726
2020-10-02 17:22:06,603 - __main__ - DEBUG - n=5, val_loss=0.0025686427403789182
2020-10-02 17:22:17,344 - __main__ - DEBUG - n=6, val_loss=0.0027946740406102726
2020-10-02 17:22:27,207 - __main__ - DEBUG - n=7, val_loss=0.0025716110285405416
2020-10-02 17:22:35,005 - __main__ - DEBUG - n=8, val_loss=0.0019204818446541501
2020-10-02 17:22:42,647 - __main__ - DEBUG - n=9, val_loss=0.0028249707408416463
2020-10-02 17:22:42,647 - __main__ - INFO - Ntrials=10, total loss avg=0.002547791861492294, std=0.0002734020624302793
