2020-10-02 17:22:58,468 - __main__ - INFO - n_units=5
2020-10-02 17:22:58,469 - __main__ - INFO - max_energy=1.0
2020-10-02 17:22:58,469 - __main__ - INFO - beta=1e-14
2020-10-02 17:22:58,469 - __main__ - INFO - taudelta=4.0
2020-10-02 17:22:58,469 - __main__ - INFO - V=1
2020-10-02 17:22:58,469 - __main__ - INFO - layers=5
2020-10-02 17:22:58,469 - __main__ - INFO - train_len=2000, val_len=2000, buffer=2000
2020-10-02 17:22:58,469 - __main__ - INFO - alpha=0.5, Ntrials=10
2020-10-02 17:22:58,469 - __main__ - INFO - noise=9e-05, learning rate=0.0,scale_input=0.2
2020-10-02 17:23:07,815 - __main__ - DEBUG - n=0, val_loss=0.003280247731331304
2020-10-02 17:23:17,256 - __main__ - DEBUG - n=1, val_loss=0.003502873338527833
2020-10-02 17:23:26,701 - __main__ - DEBUG - n=2, val_loss=0.003268184502887456
2020-10-02 17:23:36,164 - __main__ - DEBUG - n=3, val_loss=0.0034455242642909066
2020-10-02 17:23:45,621 - __main__ - DEBUG - n=4, val_loss=0.0033148545508304788
2020-10-02 17:23:55,062 - __main__ - DEBUG - n=5, val_loss=0.003756548857207901
2020-10-02 17:24:04,520 - __main__ - DEBUG - n=6, val_loss=0.004069060907331496
2020-10-02 17:24:13,988 - __main__ - DEBUG - n=7, val_loss=0.003507244081427208
2020-10-02 17:24:23,439 - __main__ - DEBUG - n=8, val_loss=0.0035603682859344054
2020-10-02 17:24:32,895 - __main__ - DEBUG - n=9, val_loss=0.0034992171765123848
2020-10-02 17:24:32,895 - __main__ - INFO - Ntrials=10, total loss avg=0.0035204123696281377, std=0.00022988314140327123
