2020-10-02 17:27:06,799 - __main__ - INFO - n_units=5
2020-10-02 17:27:06,799 - __main__ - INFO - max_energy=1.0
2020-10-02 17:27:06,799 - __main__ - INFO - beta=1e-14
2020-10-02 17:27:06,799 - __main__ - INFO - taudelta=4.0
2020-10-02 17:27:06,799 - __main__ - INFO - V=1
2020-10-02 17:27:06,800 - __main__ - INFO - layers=5
2020-10-02 17:27:06,800 - __main__ - INFO - train_len=2000, val_len=2000, buffer=2000
2020-10-02 17:27:06,800 - __main__ - INFO - alpha=0.5, Ntrials=10
2020-10-02 17:27:06,800 - __main__ - INFO - noise=7e-06, learning rate=10.0,scale_input=0.2
2020-10-02 17:27:15,751 - __main__ - INFO - innate_buffer=2000, innate_train_len=2000, innate_val_len=2000
2020-10-02 17:27:15,751 - __main__ - INFO - target_state_list=(6000, 25), target_innate_seq=(6000, 5)
2020-10-02 17:30:30,314 - __main__ - DEBUG - n=0, val_loss=0.0026504459926297128
2020-10-02 17:30:39,537 - __main__ - INFO - innate_buffer=2000, innate_train_len=2000, innate_val_len=2000
2020-10-02 17:30:39,537 - __main__ - INFO - target_state_list=(6000, 25), target_innate_seq=(6000, 5)
2020-10-02 17:33:56,332 - __main__ - DEBUG - n=1, val_loss=0.002631930626747355
2020-10-02 17:34:05,568 - __main__ - INFO - innate_buffer=2000, innate_train_len=2000, innate_val_len=2000
2020-10-02 17:34:05,568 - __main__ - INFO - target_state_list=(6000, 25), target_innate_seq=(6000, 5)
2020-10-02 17:37:22,390 - __main__ - DEBUG - n=2, val_loss=0.0029633950001068683
2020-10-02 17:37:31,672 - __main__ - INFO - innate_buffer=2000, innate_train_len=2000, innate_val_len=2000
2020-10-02 17:37:31,673 - __main__ - INFO - target_state_list=(6000, 25), target_innate_seq=(6000, 5)
2020-10-02 17:40:48,822 - __main__ - DEBUG - n=3, val_loss=0.0028545433578471345
2020-10-02 17:40:58,057 - __main__ - INFO - innate_buffer=2000, innate_train_len=2000, innate_val_len=2000
2020-10-02 17:40:58,057 - __main__ - INFO - target_state_list=(6000, 25), target_innate_seq=(6000, 5)
2020-10-02 17:44:16,045 - __main__ - DEBUG - n=4, val_loss=0.003155034891915399
2020-10-02 17:44:25,344 - __main__ - INFO - innate_buffer=2000, innate_train_len=2000, innate_val_len=2000
2020-10-02 17:44:25,344 - __main__ - INFO - target_state_list=(6000, 25), target_innate_seq=(6000, 5)
2020-10-02 17:47:43,089 - __main__ - DEBUG - n=5, val_loss=0.0028430703659600132
2020-10-02 17:47:52,362 - __main__ - INFO - innate_buffer=2000, innate_train_len=2000, innate_val_len=2000
2020-10-02 17:47:52,362 - __main__ - INFO - target_state_list=(6000, 25), target_innate_seq=(6000, 5)
2020-10-02 17:51:10,225 - __main__ - DEBUG - n=6, val_loss=0.0032346487259395716
2020-10-02 17:51:19,501 - __main__ - INFO - innate_buffer=2000, innate_train_len=2000, innate_val_len=2000
2020-10-02 17:51:19,501 - __main__ - INFO - target_state_list=(6000, 25), target_innate_seq=(6000, 5)
2020-10-02 17:54:37,588 - __main__ - DEBUG - n=7, val_loss=0.0030571927955810626
2020-10-02 17:54:47,588 - __main__ - INFO - innate_buffer=2000, innate_train_len=2000, innate_val_len=2000
2020-10-02 17:54:47,589 - __main__ - INFO - target_state_list=(6000, 25), target_innate_seq=(6000, 5)
2020-10-02 17:58:05,192 - __main__ - DEBUG - n=8, val_loss=0.002294727031826576
2020-10-02 17:58:14,470 - __main__ - INFO - innate_buffer=2000, innate_train_len=2000, innate_val_len=2000
2020-10-02 17:58:14,470 - __main__ - INFO - target_state_list=(6000, 25), target_innate_seq=(6000, 5)
2020-10-02 18:01:55,097 - __main__ - DEBUG - n=9, val_loss=0.0030851188909864755
2020-10-02 18:01:55,098 - __main__ - INFO - Ntrials=10, total loss avg=0.002877010767954017, std=0.0002721297612918664
