2020-10-02 17:22:58,465 - __main__ - INFO - n_units=5
2020-10-02 17:22:58,466 - __main__ - INFO - max_energy=1.0
2020-10-02 17:22:58,466 - __main__ - INFO - beta=1e-14
2020-10-02 17:22:58,466 - __main__ - INFO - taudelta=4.0
2020-10-02 17:22:58,466 - __main__ - INFO - V=1
2020-10-02 17:22:58,466 - __main__ - INFO - layers=5
2020-10-02 17:22:58,466 - __main__ - INFO - train_len=2000, val_len=2000, buffer=2000
2020-10-02 17:22:58,466 - __main__ - INFO - alpha=0.5, Ntrials=10
2020-10-02 17:22:58,466 - __main__ - INFO - noise=6.000000000000001e-05, learning rate=0.0,scale_input=0.2
2020-10-02 17:23:07,774 - __main__ - DEBUG - n=0, val_loss=0.0031834711377917066
2020-10-02 17:23:17,232 - __main__ - DEBUG - n=1, val_loss=0.0033960710112982302
2020-10-02 17:23:26,678 - __main__ - DEBUG - n=2, val_loss=0.003197618820636641
2020-10-02 17:23:36,182 - __main__ - DEBUG - n=3, val_loss=0.0033249965689457384
2020-10-02 17:23:45,681 - __main__ - DEBUG - n=4, val_loss=0.0032450102732532677
2020-10-02 17:23:55,158 - __main__ - DEBUG - n=5, val_loss=0.0036679280912677724
2020-10-02 17:24:04,658 - __main__ - DEBUG - n=6, val_loss=0.003981252602452689
2020-10-02 17:24:14,162 - __main__ - DEBUG - n=7, val_loss=0.0034094118494304676
2020-10-02 17:24:23,621 - __main__ - DEBUG - n=8, val_loss=0.0034505628047213476
2020-10-02 17:24:33,094 - __main__ - DEBUG - n=9, val_loss=0.003382016691286482
2020-10-02 17:24:33,094 - __main__ - INFO - Ntrials=10, total loss avg=0.0034238339851084343, std=0.0002290051741684192
