2020-10-02 17:20:53,527 - __main__ - INFO - n_units=5
2020-10-02 17:20:53,527 - __main__ - INFO - max_energy=1.0
2020-10-02 17:20:53,528 - __main__ - INFO - beta=1e-14
2020-10-02 17:20:53,528 - __main__ - INFO - taudelta=4.0
2020-10-02 17:20:53,528 - __main__ - INFO - V=1
2020-10-02 17:20:53,528 - __main__ - INFO - layers=5
2020-10-02 17:20:53,528 - __main__ - INFO - train_len=2000, val_len=2000, buffer=2000
2020-10-02 17:20:53,528 - __main__ - INFO - alpha=0.5, Ntrials=10
2020-10-02 17:20:53,528 - __main__ - INFO - noise=2e-05, learning rate=0.0,scale_input=0.2
2020-10-02 17:21:08,868 - __main__ - DEBUG - n=0, val_loss=0.003170189099044788
2020-10-02 17:21:24,931 - __main__ - DEBUG - n=1, val_loss=0.0033085433509432746
2020-10-02 17:21:41,287 - __main__ - DEBUG - n=2, val_loss=0.0031729957149229334
2020-10-02 17:21:54,530 - __main__ - DEBUG - n=3, val_loss=0.003106038556037079
2020-10-02 17:22:03,861 - __main__ - DEBUG - n=4, val_loss=0.0033915277718934668
2020-10-02 17:22:13,199 - __main__ - DEBUG - n=5, val_loss=0.00327463435486405
2020-10-02 17:22:22,568 - __main__ - DEBUG - n=6, val_loss=0.003690266830068034
2020-10-02 17:22:31,103 - __main__ - DEBUG - n=7, val_loss=0.0035522415883531304
2020-10-02 17:22:39,030 - __main__ - DEBUG - n=8, val_loss=0.0032008810076026182
2020-10-02 17:22:46,713 - __main__ - DEBUG - n=9, val_loss=0.0033476021933966284
2020-10-02 17:22:46,713 - __main__ - INFO - Ntrials=10, total loss avg=0.0033214920467126005, std=0.00017409802362535468
