2020-10-02 17:22:58,454 - __main__ - INFO - n_units=5
2020-10-02 17:22:58,454 - __main__ - INFO - max_energy=1.0
2020-10-02 17:22:58,454 - __main__ - INFO - beta=1e-14
2020-10-02 17:22:58,454 - __main__ - INFO - taudelta=4.0
2020-10-02 17:22:58,454 - __main__ - INFO - V=1
2020-10-02 17:22:58,454 - __main__ - INFO - layers=5
2020-10-02 17:22:58,454 - __main__ - INFO - train_len=2000, val_len=2000, buffer=2000
2020-10-02 17:22:58,455 - __main__ - INFO - alpha=0.5, Ntrials=10
2020-10-02 17:22:58,455 - __main__ - INFO - noise=2e-06, learning rate=0.0,scale_input=0.2
2020-10-02 17:23:14,887 - __main__ - DEBUG - n=0, val_loss=0.0026891877261156394
2020-10-02 17:23:31,110 - __main__ - DEBUG - n=1, val_loss=0.0029021745993320527
2020-10-02 17:23:47,025 - __main__ - DEBUG - n=2, val_loss=0.00263900632314361
2020-10-02 17:24:03,262 - __main__ - DEBUG - n=3, val_loss=0.002891636385297281
2020-10-02 17:24:19,032 - __main__ - DEBUG - n=4, val_loss=0.0028483774750641517
2020-10-02 17:24:34,071 - __main__ - DEBUG - n=5, val_loss=0.0031203579800711365
2020-10-02 17:24:42,439 - __main__ - DEBUG - n=6, val_loss=0.003571275461134561
2020-10-02 17:24:50,382 - __main__ - DEBUG - n=7, val_loss=0.0029971392437377203
2020-10-02 17:24:58,171 - __main__ - DEBUG - n=8, val_loss=0.002963126005354547
2020-10-02 17:25:05,768 - __main__ - DEBUG - n=9, val_loss=0.0028622796950680952
2020-10-02 17:25:05,768 - __main__ - INFO - Ntrials=10, total loss avg=0.0029484560894318798, std=0.00024613640179694586
