2020-10-02 17:20:53,532 - __main__ - INFO - n_units=5
2020-10-02 17:20:53,532 - __main__ - INFO - max_energy=1.0
2020-10-02 17:20:53,532 - __main__ - INFO - beta=1e-14
2020-10-02 17:20:53,533 - __main__ - INFO - taudelta=4.0
2020-10-02 17:20:53,533 - __main__ - INFO - V=1
2020-10-02 17:20:53,533 - __main__ - INFO - layers=5
2020-10-02 17:20:53,533 - __main__ - INFO - train_len=2000, val_len=2000, buffer=2000
2020-10-02 17:20:53,533 - __main__ - INFO - alpha=0.5, Ntrials=10
2020-10-02 17:20:53,533 - __main__ - INFO - noise=7.000000000000001e-05, learning rate=0.0,scale_input=0.2
2020-10-02 17:21:03,628 - __main__ - DEBUG - n=0, val_loss=0.003379543874848365
2020-10-02 17:21:17,670 - __main__ - DEBUG - n=1, val_loss=0.0035958434415435314
2020-10-02 17:21:33,008 - __main__ - DEBUG - n=2, val_loss=0.003396440397330665
2020-10-02 17:21:48,699 - __main__ - DEBUG - n=3, val_loss=0.003374745093656475
2020-10-02 17:22:03,393 - __main__ - DEBUG - n=4, val_loss=0.0035933087091220904
2020-10-02 17:22:19,207 - __main__ - DEBUG - n=5, val_loss=0.00349208319599874
2020-10-02 17:22:30,377 - __main__ - DEBUG - n=6, val_loss=0.003947807959849074
2020-10-02 17:22:38,209 - __main__ - DEBUG - n=7, val_loss=0.0037897620392808654
2020-10-02 17:22:45,823 - __main__ - DEBUG - n=8, val_loss=0.0034482528695615445
2020-10-02 17:22:53,364 - __main__ - DEBUG - n=9, val_loss=0.0036515215677214927
2020-10-02 17:22:53,364 - __main__ - INFO - Ntrials=10, total loss avg=0.0035669309148912845, std=0.0001800586856691954
