2020-10-02 17:20:53,485 - __main__ - INFO - n_units=5
2020-10-02 17:20:53,485 - __main__ - INFO - max_energy=1.0
2020-10-02 17:20:53,485 - __main__ - INFO - beta=1e-14
2020-10-02 17:20:53,485 - __main__ - INFO - taudelta=4.0
2020-10-02 17:20:53,485 - __main__ - INFO - V=1
2020-10-02 17:20:53,485 - __main__ - INFO - layers=5
2020-10-02 17:20:53,486 - __main__ - INFO - train_len=2000, val_len=2000, buffer=2000
2020-10-02 17:20:53,486 - __main__ - INFO - alpha=0.5, Ntrials=10
2020-10-02 17:20:53,486 - __main__ - INFO - noise=2e-06, learning rate=0.0,scale_input=0.2
2020-10-02 17:21:02,510 - __main__ - DEBUG - n=0, val_loss=0.0021103177254230827
2020-10-02 17:21:11,654 - __main__ - DEBUG - n=1, val_loss=0.002206189038152885
2020-10-02 17:21:20,790 - __main__ - DEBUG - n=2, val_loss=0.0026097854746369087
2020-10-02 17:21:29,962 - __main__ - DEBUG - n=3, val_loss=0.002405982890204516
2020-10-02 17:21:39,160 - __main__ - DEBUG - n=4, val_loss=0.002622022110217227
2020-10-02 17:21:48,402 - __main__ - DEBUG - n=5, val_loss=0.0024065702136761664
2020-10-02 17:21:57,636 - __main__ - DEBUG - n=6, val_loss=0.002555145349125405
2020-10-02 17:22:06,820 - __main__ - DEBUG - n=7, val_loss=0.0023284741781966715
2020-10-02 17:22:16,000 - __main__ - DEBUG - n=8, val_loss=0.0017564839208355006
2020-10-02 17:22:25,178 - __main__ - DEBUG - n=9, val_loss=0.002671226358868055
2020-10-02 17:22:25,178 - __main__ - INFO - Ntrials=10, total loss avg=0.002367219725933642, std=0.00026851042351505773
