2020-10-02 18:12:54,047 - __main__ - INFO - n_units=5
2020-10-02 18:12:54,047 - __main__ - INFO - max_energy=1.0
2020-10-02 18:12:54,047 - __main__ - INFO - beta=1e-14
2020-10-02 18:12:54,047 - __main__ - INFO - taudelta=4.0
2020-10-02 18:12:54,047 - __main__ - INFO - V=1
2020-10-02 18:12:54,047 - __main__ - INFO - layers=5
2020-10-02 18:12:54,047 - __main__ - INFO - train_len=2000, val_len=2000, buffer=2000
2020-10-02 18:12:54,047 - __main__ - INFO - alpha=0.5, Ntrials=10
2020-10-02 18:12:54,047 - __main__ - INFO - noise=0.0002, learning rate=10.0,scale_input=0.2
2020-10-02 18:13:03,402 - __main__ - INFO - innate_buffer=2000, innate_train_len=2000, innate_val_len=2000
2020-10-02 18:13:03,403 - __main__ - INFO - target_state_list=(6000, 25), target_innate_seq=(6000, 5)
2020-10-02 18:16:18,396 - __main__ - DEBUG - n=0, val_loss=0.004105947676127528
2020-10-02 18:16:27,963 - __main__ - INFO - innate_buffer=2000, innate_train_len=2000, innate_val_len=2000
2020-10-02 18:16:27,963 - __main__ - INFO - target_state_list=(6000, 25), target_innate_seq=(6000, 5)
2020-10-02 18:19:44,662 - __main__ - DEBUG - n=1, val_loss=0.004193937240247071
2020-10-02 18:19:54,305 - __main__ - INFO - innate_buffer=2000, innate_train_len=2000, innate_val_len=2000
2020-10-02 18:19:54,306 - __main__ - INFO - target_state_list=(6000, 25), target_innate_seq=(6000, 5)
2020-10-02 18:23:20,262 - __main__ - DEBUG - n=2, val_loss=0.004248209764171085
2020-10-02 18:23:29,901 - __main__ - INFO - innate_buffer=2000, innate_train_len=2000, innate_val_len=2000
2020-10-02 18:23:29,901 - __main__ - INFO - target_state_list=(6000, 25), target_innate_seq=(6000, 5)
2020-10-02 18:27:45,504 - __main__ - DEBUG - n=3, val_loss=0.004047071831203471
2020-10-02 18:28:01,754 - __main__ - INFO - innate_buffer=2000, innate_train_len=2000, innate_val_len=2000
2020-10-02 18:28:01,754 - __main__ - INFO - target_state_list=(6000, 25), target_innate_seq=(6000, 5)
2020-10-02 18:33:31,803 - __main__ - DEBUG - n=4, val_loss=0.0032246012627875787
2020-10-02 18:33:48,078 - __main__ - INFO - innate_buffer=2000, innate_train_len=2000, innate_val_len=2000
2020-10-02 18:33:48,079 - __main__ - INFO - target_state_list=(6000, 25), target_innate_seq=(6000, 5)
2020-10-02 18:39:18,994 - __main__ - DEBUG - n=5, val_loss=0.004464886298318038
2020-10-02 18:39:35,086 - __main__ - INFO - innate_buffer=2000, innate_train_len=2000, innate_val_len=2000
2020-10-02 18:39:35,087 - __main__ - INFO - target_state_list=(6000, 25), target_innate_seq=(6000, 5)
2020-10-02 18:44:03,458 - __main__ - DEBUG - n=6, val_loss=0.0047010222556400786
2020-10-02 18:44:13,293 - __main__ - INFO - innate_buffer=2000, innate_train_len=2000, innate_val_len=2000
2020-10-02 18:44:13,293 - __main__ - INFO - target_state_list=(6000, 25), target_innate_seq=(6000, 5)
2020-10-02 18:47:35,124 - __main__ - DEBUG - n=7, val_loss=0.003590308028245967
2020-10-02 18:47:44,939 - __main__ - INFO - innate_buffer=2000, innate_train_len=2000, innate_val_len=2000
2020-10-02 18:47:44,939 - __main__ - INFO - target_state_list=(6000, 25), target_innate_seq=(6000, 5)
2020-10-02 18:50:59,134 - __main__ - DEBUG - n=8, val_loss=0.003858804185838729
2020-10-02 18:51:08,214 - __main__ - INFO - innate_buffer=2000, innate_train_len=2000, innate_val_len=2000
2020-10-02 18:51:08,214 - __main__ - INFO - target_state_list=(6000, 25), target_innate_seq=(6000, 5)
2020-10-02 18:54:01,388 - __main__ - DEBUG - n=9, val_loss=0.004243879587316451
2020-10-02 18:54:01,388 - __main__ - INFO - Ntrials=10, total loss avg=0.0040678668129896, std=0.00040282217692223923
