2020-10-02 18:12:54,006 - __main__ - INFO - n_units=5
2020-10-02 18:12:54,007 - __main__ - INFO - max_energy=1.0
2020-10-02 18:12:54,007 - __main__ - INFO - beta=1e-14
2020-10-02 18:12:54,007 - __main__ - INFO - taudelta=4.0
2020-10-02 18:12:54,007 - __main__ - INFO - V=1
2020-10-02 18:12:54,007 - __main__ - INFO - layers=5
2020-10-02 18:12:54,007 - __main__ - INFO - train_len=2000, val_len=2000, buffer=2000
2020-10-02 18:12:54,007 - __main__ - INFO - alpha=0.5, Ntrials=10
2020-10-02 18:12:54,007 - __main__ - INFO - noise=9e-05, learning rate=10.0,scale_input=0.2
2020-10-02 18:13:04,221 - __main__ - INFO - innate_buffer=2000, innate_train_len=2000, innate_val_len=2000
2020-10-02 18:13:04,221 - __main__ - INFO - target_state_list=(6000, 25), target_innate_seq=(6000, 5)
2020-10-02 18:16:22,106 - __main__ - DEBUG - n=0, val_loss=0.0032867572454225334
2020-10-02 18:16:31,701 - __main__ - INFO - innate_buffer=2000, innate_train_len=2000, innate_val_len=2000
2020-10-02 18:16:31,701 - __main__ - INFO - target_state_list=(6000, 25), target_innate_seq=(6000, 5)
2020-10-02 18:20:43,363 - __main__ - DEBUG - n=1, val_loss=0.0034939429524672564
2020-10-02 18:20:53,007 - __main__ - INFO - innate_buffer=2000, innate_train_len=2000, innate_val_len=2000
2020-10-02 18:20:53,007 - __main__ - INFO - target_state_list=(6000, 25), target_innate_seq=(6000, 5)
2020-10-02 18:24:13,071 - __main__ - DEBUG - n=2, val_loss=0.003274414547359354
2020-10-02 18:24:23,687 - __main__ - INFO - innate_buffer=2000, innate_train_len=2000, innate_val_len=2000
2020-10-02 18:24:23,687 - __main__ - INFO - target_state_list=(6000, 25), target_innate_seq=(6000, 5)
2020-10-02 18:28:06,930 - __main__ - DEBUG - n=3, val_loss=0.003450616132903942
2020-10-02 18:28:16,578 - __main__ - INFO - innate_buffer=2000, innate_train_len=2000, innate_val_len=2000
2020-10-02 18:28:16,578 - __main__ - INFO - target_state_list=(6000, 25), target_innate_seq=(6000, 5)
2020-10-02 18:31:37,215 - __main__ - DEBUG - n=4, val_loss=0.0033116501014523163
2020-10-02 18:31:46,815 - __main__ - INFO - innate_buffer=2000, innate_train_len=2000, innate_val_len=2000
2020-10-02 18:31:46,816 - __main__ - INFO - target_state_list=(6000, 25), target_innate_seq=(6000, 5)
2020-10-02 18:35:07,070 - __main__ - DEBUG - n=5, val_loss=0.0037576129332985908
2020-10-02 18:35:16,713 - __main__ - INFO - innate_buffer=2000, innate_train_len=2000, innate_val_len=2000
2020-10-02 18:35:16,714 - __main__ - INFO - target_state_list=(6000, 25), target_innate_seq=(6000, 5)
2020-10-02 18:38:37,305 - __main__ - DEBUG - n=6, val_loss=0.00407297107351573
2020-10-02 18:38:46,955 - __main__ - INFO - innate_buffer=2000, innate_train_len=2000, innate_val_len=2000
2020-10-02 18:38:46,955 - __main__ - INFO - target_state_list=(6000, 25), target_innate_seq=(6000, 5)
2020-10-02 18:42:07,735 - __main__ - DEBUG - n=7, val_loss=0.0035100616475184335
2020-10-02 18:42:17,396 - __main__ - INFO - innate_buffer=2000, innate_train_len=2000, innate_val_len=2000
2020-10-02 18:42:17,396 - __main__ - INFO - target_state_list=(6000, 25), target_innate_seq=(6000, 5)
2020-10-02 18:45:37,924 - __main__ - DEBUG - n=8, val_loss=0.0035687611557170588
2020-10-02 18:45:47,574 - __main__ - INFO - innate_buffer=2000, innate_train_len=2000, innate_val_len=2000
2020-10-02 18:45:47,574 - __main__ - INFO - target_state_list=(6000, 25), target_innate_seq=(6000, 5)
2020-10-02 18:49:06,403 - __main__ - DEBUG - n=9, val_loss=0.003498100660828686
2020-10-02 18:49:06,403 - __main__ - INFO - Ntrials=10, total loss avg=0.0035224888450483905, std=0.00022994524152675005
