2020-10-02 17:27:06,856 - __main__ - INFO - n_units=5
2020-10-02 17:27:06,856 - __main__ - INFO - max_energy=1.0
2020-10-02 17:27:06,857 - __main__ - INFO - beta=1e-14
2020-10-02 17:27:06,857 - __main__ - INFO - taudelta=4.0
2020-10-02 17:27:06,857 - __main__ - INFO - V=1
2020-10-02 17:27:06,857 - __main__ - INFO - layers=5
2020-10-02 17:27:06,857 - __main__ - INFO - train_len=2000, val_len=2000, buffer=2000
2020-10-02 17:27:06,857 - __main__ - INFO - alpha=0.5, Ntrials=10
2020-10-02 17:27:06,857 - __main__ - INFO - noise=0.0008, learning rate=10.0,scale_input=0.2
2020-10-02 17:27:21,986 - __main__ - INFO - innate_buffer=2000, innate_train_len=2000, innate_val_len=2000
2020-10-02 17:27:21,986 - __main__ - INFO - target_state_list=(6000, 25), target_innate_seq=(6000, 5)
2020-10-02 17:32:02,285 - __main__ - DEBUG - n=0, val_loss=0.004342330459432413
2020-10-02 17:32:11,536 - __main__ - INFO - innate_buffer=2000, innate_train_len=2000, innate_val_len=2000
2020-10-02 17:32:11,536 - __main__ - INFO - target_state_list=(6000, 25), target_innate_seq=(6000, 5)
2020-10-02 17:35:26,166 - __main__ - DEBUG - n=1, val_loss=0.004763896147568724
2020-10-02 17:35:35,445 - __main__ - INFO - innate_buffer=2000, innate_train_len=2000, innate_val_len=2000
2020-10-02 17:35:35,445 - __main__ - INFO - target_state_list=(6000, 25), target_innate_seq=(6000, 5)
2020-10-02 17:38:49,938 - __main__ - DEBUG - n=2, val_loss=0.00405575040575703
2020-10-02 17:38:59,175 - __main__ - INFO - innate_buffer=2000, innate_train_len=2000, innate_val_len=2000
2020-10-02 17:38:59,175 - __main__ - INFO - target_state_list=(6000, 25), target_innate_seq=(6000, 5)
2020-10-02 17:42:13,857 - __main__ - DEBUG - n=3, val_loss=0.0045622653733068405
2020-10-02 17:42:23,102 - __main__ - INFO - innate_buffer=2000, innate_train_len=2000, innate_val_len=2000
2020-10-02 17:42:23,103 - __main__ - INFO - target_state_list=(6000, 25), target_innate_seq=(6000, 5)
2020-10-02 17:46:06,559 - __main__ - DEBUG - n=4, val_loss=0.004583839155775444
2020-10-02 17:46:21,597 - __main__ - INFO - innate_buffer=2000, innate_train_len=2000, innate_val_len=2000
2020-10-02 17:46:21,597 - __main__ - INFO - target_state_list=(6000, 25), target_innate_seq=(6000, 5)
2020-10-02 17:50:15,643 - __main__ - DEBUG - n=5, val_loss=0.0042897433060108785
2020-10-02 17:50:24,908 - __main__ - INFO - innate_buffer=2000, innate_train_len=2000, innate_val_len=2000
2020-10-02 17:50:24,908 - __main__ - INFO - target_state_list=(6000, 25), target_innate_seq=(6000, 5)
2020-10-02 17:53:39,965 - __main__ - DEBUG - n=6, val_loss=0.005221638992350863
2020-10-02 17:53:49,228 - __main__ - INFO - innate_buffer=2000, innate_train_len=2000, innate_val_len=2000
2020-10-02 17:53:49,228 - __main__ - INFO - target_state_list=(6000, 25), target_innate_seq=(6000, 5)
2020-10-02 17:57:04,260 - __main__ - DEBUG - n=7, val_loss=0.005025902536568972
2020-10-02 17:57:13,539 - __main__ - INFO - innate_buffer=2000, innate_train_len=2000, innate_val_len=2000
2020-10-02 17:57:13,539 - __main__ - INFO - target_state_list=(6000, 25), target_innate_seq=(6000, 5)
2020-10-02 18:00:28,360 - __main__ - DEBUG - n=8, val_loss=0.004613816657314055
2020-10-02 18:00:37,641 - __main__ - INFO - innate_buffer=2000, innate_train_len=2000, innate_val_len=2000
2020-10-02 18:00:37,642 - __main__ - INFO - target_state_list=(6000, 25), target_innate_seq=(6000, 5)
2020-10-02 18:03:47,623 - __main__ - DEBUG - n=9, val_loss=0.004927883433223512
2020-10-02 18:03:47,623 - __main__ - INFO - Ntrials=10, total loss avg=0.004638706646730873, std=0.00033881438274042697
