2020-10-02 17:22:58,476 - __main__ - INFO - n_units=5
2020-10-02 17:22:58,476 - __main__ - INFO - max_energy=1.0
2020-10-02 17:22:58,476 - __main__ - INFO - beta=1e-14
2020-10-02 17:22:58,476 - __main__ - INFO - taudelta=4.0
2020-10-02 17:22:58,476 - __main__ - INFO - V=1
2020-10-02 17:22:58,476 - __main__ - INFO - layers=5
2020-10-02 17:22:58,477 - __main__ - INFO - train_len=2000, val_len=2000, buffer=2000
2020-10-02 17:22:58,477 - __main__ - INFO - alpha=0.5, Ntrials=10
2020-10-02 17:22:58,477 - __main__ - INFO - noise=0.0008, learning rate=0.0,scale_input=0.2
2020-10-02 17:23:07,768 - __main__ - DEBUG - n=0, val_loss=0.004187620224149737
2020-10-02 17:23:17,303 - __main__ - DEBUG - n=1, val_loss=0.004488479080989311
2020-10-02 17:23:29,854 - __main__ - DEBUG - n=2, val_loss=0.0038501278480214548
2020-10-02 17:23:41,223 - __main__ - DEBUG - n=3, val_loss=0.004438373454071784
2020-10-02 17:23:52,570 - __main__ - DEBUG - n=4, val_loss=0.004093950832655178
2020-10-02 17:24:02,929 - __main__ - DEBUG - n=5, val_loss=0.0044814079488700986
2020-10-02 17:24:13,373 - __main__ - DEBUG - n=6, val_loss=0.004981068967705899
2020-10-02 17:24:25,566 - __main__ - DEBUG - n=7, val_loss=0.0045299929843102375
2020-10-02 17:24:35,022 - __main__ - DEBUG - n=8, val_loss=0.004621850967618859
2020-10-02 17:24:43,156 - __main__ - DEBUG - n=9, val_loss=0.004543268142244245
2020-10-02 17:24:43,156 - __main__ - INFO - Ntrials=10, total loss avg=0.004421614045063681, std=0.0002960861755654265
