2020-10-02 18:12:54,005 - __main__ - INFO - n_units=5
2020-10-02 18:12:54,005 - __main__ - INFO - max_energy=1.0
2020-10-02 18:12:54,005 - __main__ - INFO - beta=1e-14
2020-10-02 18:12:54,005 - __main__ - INFO - taudelta=4.0
2020-10-02 18:12:54,005 - __main__ - INFO - V=1
2020-10-02 18:12:54,005 - __main__ - INFO - layers=5
2020-10-02 18:12:54,005 - __main__ - INFO - train_len=2000, val_len=2000, buffer=2000
2020-10-02 18:12:54,005 - __main__ - INFO - alpha=0.5, Ntrials=10
2020-10-02 18:12:54,006 - __main__ - INFO - noise=7.000000000000001e-05, learning rate=10.0,scale_input=0.2
2020-10-02 18:13:03,376 - __main__ - INFO - innate_buffer=2000, innate_train_len=2000, innate_val_len=2000
2020-10-02 18:13:03,376 - __main__ - INFO - target_state_list=(6000, 25), target_innate_seq=(6000, 5)
2020-10-02 18:16:22,064 - __main__ - DEBUG - n=0, val_loss=0.003224395990520094
2020-10-02 18:16:31,666 - __main__ - INFO - innate_buffer=2000, innate_train_len=2000, innate_val_len=2000
2020-10-02 18:16:31,666 - __main__ - INFO - target_state_list=(6000, 25), target_innate_seq=(6000, 5)
2020-10-02 18:19:51,460 - __main__ - DEBUG - n=1, val_loss=0.0034256850554193383
2020-10-02 18:20:01,106 - __main__ - INFO - innate_buffer=2000, innate_train_len=2000, innate_val_len=2000
2020-10-02 18:20:01,106 - __main__ - INFO - target_state_list=(6000, 25), target_innate_seq=(6000, 5)
2020-10-02 18:23:33,710 - __main__ - DEBUG - n=2, val_loss=0.0032317409726712065
2020-10-02 18:23:45,043 - __main__ - INFO - innate_buffer=2000, innate_train_len=2000, innate_val_len=2000
2020-10-02 18:23:45,043 - __main__ - INFO - target_state_list=(6000, 25), target_innate_seq=(6000, 5)
2020-10-02 18:27:29,314 - __main__ - DEBUG - n=3, val_loss=0.0033726482677355926
2020-10-02 18:27:38,802 - __main__ - INFO - innate_buffer=2000, innate_train_len=2000, innate_val_len=2000
2020-10-02 18:27:38,802 - __main__ - INFO - target_state_list=(6000, 25), target_innate_seq=(6000, 5)
2020-10-02 18:30:56,055 - __main__ - DEBUG - n=4, val_loss=0.003266867741675468
2020-10-02 18:31:05,546 - __main__ - INFO - innate_buffer=2000, innate_train_len=2000, innate_val_len=2000
2020-10-02 18:31:05,546 - __main__ - INFO - target_state_list=(6000, 25), target_innate_seq=(6000, 5)
2020-10-02 18:34:27,940 - __main__ - DEBUG - n=5, val_loss=0.003701186207742587
2020-10-02 18:34:37,434 - __main__ - INFO - innate_buffer=2000, innate_train_len=2000, innate_val_len=2000
2020-10-02 18:34:37,434 - __main__ - INFO - target_state_list=(6000, 25), target_innate_seq=(6000, 5)
2020-10-02 18:37:54,556 - __main__ - DEBUG - n=6, val_loss=0.004015825074549352
2020-10-02 18:38:04,093 - __main__ - INFO - innate_buffer=2000, innate_train_len=2000, innate_val_len=2000
2020-10-02 18:38:04,093 - __main__ - INFO - target_state_list=(6000, 25), target_innate_seq=(6000, 5)
2020-10-02 18:41:21,352 - __main__ - DEBUG - n=7, val_loss=0.0034464532868870644
2020-10-02 18:41:30,843 - __main__ - INFO - innate_buffer=2000, innate_train_len=2000, innate_val_len=2000
2020-10-02 18:41:30,844 - __main__ - INFO - target_state_list=(6000, 25), target_innate_seq=(6000, 5)
2020-10-02 18:45:02,103 - __main__ - DEBUG - n=8, val_loss=0.003470154527707728
2020-10-02 18:45:13,070 - __main__ - INFO - innate_buffer=2000, innate_train_len=2000, innate_val_len=2000
2020-10-02 18:45:13,070 - __main__ - INFO - target_state_list=(6000, 25), target_innate_seq=(6000, 5)
2020-10-02 18:48:38,391 - __main__ - DEBUG - n=9, val_loss=0.0034234880323064047
2020-10-02 18:48:38,392 - __main__ - INFO - Ntrials=10, total loss avg=0.0034578445157214836, std=0.00022856179327023963
