2020-10-02 17:27:06,840 - __main__ - INFO - n_units=5
2020-10-02 17:27:06,840 - __main__ - INFO - max_energy=1.0
2020-10-02 17:27:06,841 - __main__ - INFO - beta=1e-14
2020-10-02 17:27:06,841 - __main__ - INFO - taudelta=4.0
2020-10-02 17:27:06,841 - __main__ - INFO - V=1
2020-10-02 17:27:06,841 - __main__ - INFO - layers=5
2020-10-02 17:27:06,841 - __main__ - INFO - train_len=2000, val_len=2000, buffer=2000
2020-10-02 17:27:06,841 - __main__ - INFO - alpha=0.5, Ntrials=10
2020-10-02 17:27:06,841 - __main__ - INFO - noise=5e-05, learning rate=10.0,scale_input=0.2
2020-10-02 17:27:16,370 - __main__ - INFO - innate_buffer=2000, innate_train_len=2000, innate_val_len=2000
2020-10-02 17:27:16,370 - __main__ - INFO - target_state_list=(6000, 25), target_innate_seq=(6000, 5)
2020-10-02 17:30:32,123 - __main__ - DEBUG - n=0, val_loss=0.0033179113290623726
2020-10-02 17:30:41,523 - __main__ - INFO - innate_buffer=2000, innate_train_len=2000, innate_val_len=2000
2020-10-02 17:30:41,523 - __main__ - INFO - target_state_list=(6000, 25), target_innate_seq=(6000, 5)
2020-10-02 17:33:59,723 - __main__ - DEBUG - n=1, val_loss=0.0034947930714622154
2020-10-02 17:34:09,232 - __main__ - INFO - innate_buffer=2000, innate_train_len=2000, innate_val_len=2000
2020-10-02 17:34:09,232 - __main__ - INFO - target_state_list=(6000, 25), target_innate_seq=(6000, 5)
2020-10-02 17:39:06,308 - __main__ - DEBUG - n=2, val_loss=0.0033386428221927815
2020-10-02 17:39:22,229 - __main__ - INFO - innate_buffer=2000, innate_train_len=2000, innate_val_len=2000
2020-10-02 17:39:22,229 - __main__ - INFO - target_state_list=(6000, 25), target_innate_seq=(6000, 5)
2020-10-02 17:43:03,747 - __main__ - DEBUG - n=3, val_loss=0.0032872342768472383
2020-10-02 17:43:13,170 - __main__ - INFO - innate_buffer=2000, innate_train_len=2000, innate_val_len=2000
2020-10-02 17:43:13,171 - __main__ - INFO - target_state_list=(6000, 25), target_innate_seq=(6000, 5)
2020-10-02 17:46:32,149 - __main__ - DEBUG - n=4, val_loss=0.00352494712461452
2020-10-02 17:46:41,611 - __main__ - INFO - innate_buffer=2000, innate_train_len=2000, innate_val_len=2000
2020-10-02 17:46:41,611 - __main__ - INFO - target_state_list=(6000, 25), target_innate_seq=(6000, 5)
2020-10-02 17:50:00,278 - __main__ - DEBUG - n=5, val_loss=0.00342740675280607
2020-10-02 17:50:09,661 - __main__ - INFO - innate_buffer=2000, innate_train_len=2000, innate_val_len=2000
2020-10-02 17:50:09,661 - __main__ - INFO - target_state_list=(6000, 25), target_innate_seq=(6000, 5)
2020-10-02 17:53:28,476 - __main__ - DEBUG - n=6, val_loss=0.0038657323633035944
2020-10-02 17:53:37,938 - __main__ - INFO - innate_buffer=2000, innate_train_len=2000, innate_val_len=2000
2020-10-02 17:53:37,938 - __main__ - INFO - target_state_list=(6000, 25), target_innate_seq=(6000, 5)
2020-10-02 17:56:56,875 - __main__ - DEBUG - n=7, val_loss=0.0037130225702962124
2020-10-02 17:57:06,333 - __main__ - INFO - innate_buffer=2000, innate_train_len=2000, innate_val_len=2000
2020-10-02 17:57:06,333 - __main__ - INFO - target_state_list=(6000, 25), target_innate_seq=(6000, 5)
2020-10-02 18:00:25,286 - __main__ - DEBUG - n=8, val_loss=0.003362162929544608
2020-10-02 18:00:34,758 - __main__ - INFO - innate_buffer=2000, innate_train_len=2000, innate_val_len=2000
2020-10-02 18:00:34,758 - __main__ - INFO - target_state_list=(6000, 25), target_innate_seq=(6000, 5)
2020-10-02 18:03:48,299 - __main__ - DEBUG - n=9, val_loss=0.0035528885187515137
2020-10-02 18:03:48,299 - __main__ - INFO - Ntrials=10, total loss avg=0.0034884741758881128, std=0.00017606462187164633
