2020-10-02 17:22:58,527 - __main__ - INFO - n_units=5
2020-10-02 17:22:58,528 - __main__ - INFO - max_energy=1.0
2020-10-02 17:22:58,528 - __main__ - INFO - beta=1e-14
2020-10-02 17:22:58,528 - __main__ - INFO - taudelta=4.0
2020-10-02 17:22:58,528 - __main__ - INFO - V=1
2020-10-02 17:22:58,528 - __main__ - INFO - layers=5
2020-10-02 17:22:58,528 - __main__ - INFO - train_len=2000, val_len=2000, buffer=2000
2020-10-02 17:22:58,528 - __main__ - INFO - alpha=0.5, Ntrials=10
2020-10-02 17:22:58,528 - __main__ - INFO - noise=0.01, learning rate=0.0,scale_input=0.2
2020-10-02 17:23:11,435 - __main__ - DEBUG - n=0, val_loss=0.0054966735326372525
2020-10-02 17:23:21,004 - __main__ - DEBUG - n=1, val_loss=0.005471090038702712
2020-10-02 17:23:30,582 - __main__ - DEBUG - n=2, val_loss=0.0054936242426427435
2020-10-02 17:23:40,163 - __main__ - DEBUG - n=3, val_loss=0.005326645803304961
2020-10-02 17:23:49,773 - __main__ - DEBUG - n=4, val_loss=0.004219154503366578
2020-10-02 17:23:59,368 - __main__ - DEBUG - n=5, val_loss=0.006020140524119173
2020-10-02 17:24:09,001 - __main__ - DEBUG - n=6, val_loss=0.0058838732989908125
2020-10-02 17:24:18,618 - __main__ - DEBUG - n=7, val_loss=0.004583191841692739
2020-10-02 17:24:28,243 - __main__ - DEBUG - n=8, val_loss=0.005021816229942638
2020-10-02 17:24:37,496 - __main__ - DEBUG - n=9, val_loss=0.005473767356502757
2020-10-02 17:24:37,496 - __main__ - INFO - Ntrials=10, total loss avg=0.0052989977371902365, std=0.000524907154830222
