2020-10-02 17:22:58,469 - __main__ - INFO - n_units=5
2020-10-02 17:22:58,469 - __main__ - INFO - max_energy=1.0
2020-10-02 17:22:58,470 - __main__ - INFO - beta=1e-14
2020-10-02 17:22:58,470 - __main__ - INFO - taudelta=4.0
2020-10-02 17:22:58,470 - __main__ - INFO - V=1
2020-10-02 17:22:58,470 - __main__ - INFO - layers=5
2020-10-02 17:22:58,470 - __main__ - INFO - train_len=2000, val_len=2000, buffer=2000
2020-10-02 17:22:58,470 - __main__ - INFO - alpha=0.5, Ntrials=10
2020-10-02 17:22:58,470 - __main__ - INFO - noise=0.0001, learning rate=0.0,scale_input=0.2
2020-10-02 17:23:07,753 - __main__ - DEBUG - n=0, val_loss=0.0033080779295923423
2020-10-02 17:23:17,062 - __main__ - DEBUG - n=1, val_loss=0.0035342787926808945
2020-10-02 17:23:26,385 - __main__ - DEBUG - n=2, val_loss=0.003286794028984131
2020-10-02 17:23:35,736 - __main__ - DEBUG - n=3, val_loss=0.003480300847582585
2020-10-02 17:23:45,090 - __main__ - DEBUG - n=4, val_loss=0.003336024134885863
2020-10-02 17:23:54,431 - __main__ - DEBUG - n=5, val_loss=0.003781261920246565
2020-10-02 17:24:03,807 - __main__ - DEBUG - n=6, val_loss=0.004095300179323389
2020-10-02 17:24:13,230 - __main__ - DEBUG - n=7, val_loss=0.003536797326322087
2020-10-02 17:24:22,666 - __main__ - DEBUG - n=8, val_loss=0.003603567331659838
2020-10-02 17:24:32,088 - __main__ - DEBUG - n=9, val_loss=0.003533071476637155
2020-10-02 17:24:32,088 - __main__ - INFO - Ntrials=10, total loss avg=0.003549547396791485, std=0.0002308369831144061
