2020-10-02 18:12:54,024 - __main__ - INFO - n_units=5
2020-10-02 18:12:54,025 - __main__ - INFO - max_energy=1.0
2020-10-02 18:12:54,025 - __main__ - INFO - beta=1e-14
2020-10-02 18:12:54,025 - __main__ - INFO - taudelta=4.0
2020-10-02 18:12:54,025 - __main__ - INFO - V=1
2020-10-02 18:12:54,025 - __main__ - INFO - layers=5
2020-10-02 18:12:54,025 - __main__ - INFO - train_len=2000, val_len=2000, buffer=2000
2020-10-02 18:12:54,025 - __main__ - INFO - alpha=0.5, Ntrials=10
2020-10-02 18:12:54,025 - __main__ - INFO - noise=0.01, learning rate=10.0,scale_input=0.2
2020-10-02 18:13:03,361 - __main__ - INFO - innate_buffer=2000, innate_train_len=2000, innate_val_len=2000
2020-10-02 18:13:03,361 - __main__ - INFO - target_state_list=(6000, 25), target_innate_seq=(6000, 5)
2020-10-02 18:16:21,086 - __main__ - DEBUG - n=0, val_loss=0.005389404849101415
2020-10-02 18:16:30,700 - __main__ - INFO - innate_buffer=2000, innate_train_len=2000, innate_val_len=2000
2020-10-02 18:16:30,700 - __main__ - INFO - target_state_list=(6000, 25), target_innate_seq=(6000, 5)
2020-10-02 18:19:50,636 - __main__ - DEBUG - n=1, val_loss=0.005460955892975113
2020-10-02 18:20:00,285 - __main__ - INFO - innate_buffer=2000, innate_train_len=2000, innate_val_len=2000
2020-10-02 18:20:00,285 - __main__ - INFO - target_state_list=(6000, 25), target_innate_seq=(6000, 5)
2020-10-02 18:23:20,309 - __main__ - DEBUG - n=2, val_loss=0.005094070925140714
2020-10-02 18:23:29,947 - __main__ - INFO - innate_buffer=2000, innate_train_len=2000, innate_val_len=2000
2020-10-02 18:23:29,947 - __main__ - INFO - target_state_list=(6000, 25), target_innate_seq=(6000, 5)
2020-10-02 18:26:50,490 - __main__ - DEBUG - n=3, val_loss=0.005212928279278045
2020-10-02 18:27:00,135 - __main__ - INFO - innate_buffer=2000, innate_train_len=2000, innate_val_len=2000
2020-10-02 18:27:00,135 - __main__ - INFO - target_state_list=(6000, 25), target_innate_seq=(6000, 5)
2020-10-02 18:30:20,506 - __main__ - DEBUG - n=4, val_loss=0.0049427362177923385
2020-10-02 18:30:30,148 - __main__ - INFO - innate_buffer=2000, innate_train_len=2000, innate_val_len=2000
2020-10-02 18:30:30,148 - __main__ - INFO - target_state_list=(6000, 25), target_innate_seq=(6000, 5)
2020-10-02 18:33:50,352 - __main__ - DEBUG - n=5, val_loss=0.005786734302070949
2020-10-02 18:33:59,998 - __main__ - INFO - innate_buffer=2000, innate_train_len=2000, innate_val_len=2000
2020-10-02 18:33:59,998 - __main__ - INFO - target_state_list=(6000, 25), target_innate_seq=(6000, 5)
2020-10-02 18:37:28,546 - __main__ - DEBUG - n=6, val_loss=0.005977943282612296
2020-10-02 18:37:38,184 - __main__ - INFO - innate_buffer=2000, innate_train_len=2000, innate_val_len=2000
2020-10-02 18:37:38,184 - __main__ - INFO - target_state_list=(6000, 25), target_innate_seq=(6000, 5)
2020-10-02 18:40:58,743 - __main__ - DEBUG - n=7, val_loss=0.005468797161487421
2020-10-02 18:41:08,363 - __main__ - INFO - innate_buffer=2000, innate_train_len=2000, innate_val_len=2000
2020-10-02 18:41:08,363 - __main__ - INFO - target_state_list=(6000, 25), target_innate_seq=(6000, 5)
2020-10-02 18:44:36,258 - __main__ - DEBUG - n=8, val_loss=0.005351314752923292
2020-10-02 18:44:45,922 - __main__ - INFO - innate_buffer=2000, innate_train_len=2000, innate_val_len=2000
2020-10-02 18:44:45,922 - __main__ - INFO - target_state_list=(6000, 25), target_innate_seq=(6000, 5)
2020-10-02 18:48:38,717 - __main__ - DEBUG - n=9, val_loss=0.005493110683640286
2020-10-02 18:48:38,717 - __main__ - INFO - Ntrials=10, total loss avg=0.005417799634702186, std=0.00028942925951728164
