2020-10-02 17:27:06,848 - __main__ - INFO - n_units=5
2020-10-02 17:27:06,848 - __main__ - INFO - max_energy=1.0
2020-10-02 17:27:06,848 - __main__ - INFO - beta=1e-14
2020-10-02 17:27:06,848 - __main__ - INFO - taudelta=4.0
2020-10-02 17:27:06,848 - __main__ - INFO - V=1
2020-10-02 17:27:06,848 - __main__ - INFO - layers=5
2020-10-02 17:27:06,848 - __main__ - INFO - train_len=2000, val_len=2000, buffer=2000
2020-10-02 17:27:06,848 - __main__ - INFO - alpha=0.5, Ntrials=10
2020-10-02 17:27:06,848 - __main__ - INFO - noise=0.0002, learning rate=10.0,scale_input=0.2
2020-10-02 17:27:20,225 - __main__ - INFO - innate_buffer=2000, innate_train_len=2000, innate_val_len=2000
2020-10-02 17:27:20,225 - __main__ - INFO - target_state_list=(6000, 25), target_innate_seq=(6000, 5)
2020-10-02 17:31:43,467 - __main__ - DEBUG - n=0, val_loss=0.0036728788533180357
2020-10-02 17:31:58,852 - __main__ - INFO - innate_buffer=2000, innate_train_len=2000, innate_val_len=2000
2020-10-02 17:31:58,852 - __main__ - INFO - target_state_list=(6000, 25), target_innate_seq=(6000, 5)
2020-10-02 17:37:11,143 - __main__ - DEBUG - n=1, val_loss=0.003969612205554048
2020-10-02 17:37:26,716 - __main__ - INFO - innate_buffer=2000, innate_train_len=2000, innate_val_len=2000
2020-10-02 17:37:26,716 - __main__ - INFO - target_state_list=(6000, 25), target_innate_seq=(6000, 5)
2020-10-02 17:42:10,059 - __main__ - DEBUG - n=2, val_loss=0.0036066894379429507
2020-10-02 17:42:24,563 - __main__ - INFO - innate_buffer=2000, innate_train_len=2000, innate_val_len=2000
2020-10-02 17:42:24,563 - __main__ - INFO - target_state_list=(6000, 25), target_innate_seq=(6000, 5)
2020-10-02 17:47:35,877 - __main__ - DEBUG - n=3, val_loss=0.00376544207242733
2020-10-02 17:47:51,109 - __main__ - INFO - innate_buffer=2000, innate_train_len=2000, innate_val_len=2000
2020-10-02 17:47:51,109 - __main__ - INFO - target_state_list=(6000, 25), target_innate_seq=(6000, 5)
2020-10-02 17:53:06,949 - __main__ - DEBUG - n=4, val_loss=0.003888042834375263
2020-10-02 17:53:22,189 - __main__ - INFO - innate_buffer=2000, innate_train_len=2000, innate_val_len=2000
2020-10-02 17:53:22,189 - __main__ - INFO - target_state_list=(6000, 25), target_innate_seq=(6000, 5)
2020-10-02 17:58:36,842 - __main__ - DEBUG - n=5, val_loss=0.0037434979019718975
2020-10-02 17:58:52,372 - __main__ - INFO - innate_buffer=2000, innate_train_len=2000, innate_val_len=2000
2020-10-02 17:58:52,372 - __main__ - INFO - target_state_list=(6000, 25), target_innate_seq=(6000, 5)
2020-10-02 18:02:19,331 - __main__ - DEBUG - n=6, val_loss=0.004345730436943664
2020-10-02 18:02:28,310 - __main__ - INFO - innate_buffer=2000, innate_train_len=2000, innate_val_len=2000
2020-10-02 18:02:28,310 - __main__ - INFO - target_state_list=(6000, 25), target_innate_seq=(6000, 5)
2020-10-02 18:05:29,009 - __main__ - DEBUG - n=7, val_loss=0.0041640276660124455
2020-10-02 18:05:37,136 - __main__ - INFO - innate_buffer=2000, innate_train_len=2000, innate_val_len=2000
2020-10-02 18:05:37,136 - __main__ - INFO - target_state_list=(6000, 25), target_innate_seq=(6000, 5)
2020-10-02 18:08:20,388 - __main__ - DEBUG - n=8, val_loss=0.0038542929097137696
2020-10-02 18:08:27,746 - __main__ - INFO - innate_buffer=2000, innate_train_len=2000, innate_val_len=2000
2020-10-02 18:08:27,746 - __main__ - INFO - target_state_list=(6000, 25), target_innate_seq=(6000, 5)
2020-10-02 18:10:55,125 - __main__ - DEBUG - n=9, val_loss=0.004062812326267943
2020-10-02 18:10:55,125 - __main__ - INFO - Ntrials=10, total loss avg=0.0039073026644527355, std=0.00021946585384978874
