2020-10-02 17:27:06,826 - __main__ - INFO - n_units=5
2020-10-02 17:27:06,826 - __main__ - INFO - max_energy=1.0
2020-10-02 17:27:06,826 - __main__ - INFO - beta=1e-14
2020-10-02 17:27:06,827 - __main__ - INFO - taudelta=4.0
2020-10-02 17:27:06,827 - __main__ - INFO - V=1
2020-10-02 17:27:06,827 - __main__ - INFO - layers=5
2020-10-02 17:27:06,827 - __main__ - INFO - train_len=2000, val_len=2000, buffer=2000
2020-10-02 17:27:06,827 - __main__ - INFO - alpha=0.5, Ntrials=10
2020-10-02 17:27:06,827 - __main__ - INFO - noise=0.01, learning rate=10.0,scale_input=0.2
2020-10-02 17:27:16,453 - __main__ - INFO - innate_buffer=2000, innate_train_len=2000, innate_val_len=2000
2020-10-02 17:27:16,453 - __main__ - INFO - target_state_list=(6000, 25), target_innate_seq=(6000, 5)
2020-10-02 17:30:31,569 - __main__ - DEBUG - n=0, val_loss=0.006120077156570061
2020-10-02 17:30:40,715 - __main__ - INFO - innate_buffer=2000, innate_train_len=2000, innate_val_len=2000
2020-10-02 17:30:40,715 - __main__ - INFO - target_state_list=(6000, 25), target_innate_seq=(6000, 5)
2020-10-02 17:34:16,293 - __main__ - DEBUG - n=1, val_loss=0.006718607233807387
2020-10-02 17:34:25,460 - __main__ - INFO - innate_buffer=2000, innate_train_len=2000, innate_val_len=2000
2020-10-02 17:34:25,461 - __main__ - INFO - target_state_list=(6000, 25), target_innate_seq=(6000, 5)
2020-10-02 17:38:32,482 - __main__ - DEBUG - n=2, val_loss=0.005737050433664585
2020-10-02 17:38:41,656 - __main__ - INFO - innate_buffer=2000, innate_train_len=2000, innate_val_len=2000
2020-10-02 17:38:41,656 - __main__ - INFO - target_state_list=(6000, 25), target_innate_seq=(6000, 5)
2020-10-02 17:41:57,350 - __main__ - DEBUG - n=3, val_loss=0.006340177773422358
2020-10-02 17:42:06,526 - __main__ - INFO - innate_buffer=2000, innate_train_len=2000, innate_val_len=2000
2020-10-02 17:42:06,526 - __main__ - INFO - target_state_list=(6000, 25), target_innate_seq=(6000, 5)
2020-10-02 17:46:03,450 - __main__ - DEBUG - n=4, val_loss=0.00633015145565765
2020-10-02 17:46:15,646 - __main__ - INFO - innate_buffer=2000, innate_train_len=2000, innate_val_len=2000
2020-10-02 17:46:15,646 - __main__ - INFO - target_state_list=(6000, 25), target_innate_seq=(6000, 5)
2020-10-02 17:51:06,024 - __main__ - DEBUG - n=5, val_loss=0.00684800095377837
2020-10-02 17:51:15,218 - __main__ - INFO - innate_buffer=2000, innate_train_len=2000, innate_val_len=2000
2020-10-02 17:51:15,218 - __main__ - INFO - target_state_list=(6000, 25), target_innate_seq=(6000, 5)
2020-10-02 17:55:03,122 - __main__ - DEBUG - n=6, val_loss=0.007145512168077872
2020-10-02 17:55:12,265 - __main__ - INFO - innate_buffer=2000, innate_train_len=2000, innate_val_len=2000
2020-10-02 17:55:12,266 - __main__ - INFO - target_state_list=(6000, 25), target_innate_seq=(6000, 5)
2020-10-02 17:59:19,459 - __main__ - DEBUG - n=7, val_loss=0.006742884826600636
2020-10-02 17:59:34,552 - __main__ - INFO - innate_buffer=2000, innate_train_len=2000, innate_val_len=2000
2020-10-02 17:59:34,553 - __main__ - INFO - target_state_list=(6000, 25), target_innate_seq=(6000, 5)
2020-10-02 18:02:50,055 - __main__ - DEBUG - n=8, val_loss=0.005999032310805873
2020-10-02 18:02:58,921 - __main__ - INFO - innate_buffer=2000, innate_train_len=2000, innate_val_len=2000
2020-10-02 18:02:58,921 - __main__ - INFO - target_state_list=(6000, 25), target_innate_seq=(6000, 5)
2020-10-02 18:05:57,391 - __main__ - DEBUG - n=9, val_loss=0.006822321479346051
2020-10-02 18:05:57,391 - __main__ - INFO - Ntrials=10, total loss avg=0.006480381579173085, std=0.0004214746495098652
