2020-10-02 17:22:58,524 - __main__ - INFO - n_units=5
2020-10-02 17:22:58,524 - __main__ - INFO - max_energy=1.0
2020-10-02 17:22:58,524 - __main__ - INFO - beta=1e-14
2020-10-02 17:22:58,524 - __main__ - INFO - taudelta=4.0
2020-10-02 17:22:58,525 - __main__ - INFO - V=1
2020-10-02 17:22:58,525 - __main__ - INFO - layers=5
2020-10-02 17:22:58,525 - __main__ - INFO - train_len=2000, val_len=2000, buffer=2000
2020-10-02 17:22:58,525 - __main__ - INFO - alpha=0.5, Ntrials=10
2020-10-02 17:22:58,525 - __main__ - INFO - noise=0.007, learning rate=0.0,scale_input=0.2
2020-10-02 17:23:14,647 - __main__ - DEBUG - n=0, val_loss=0.0054308783221400534
2020-10-02 17:23:30,584 - __main__ - DEBUG - n=1, val_loss=0.0054250152765049795
2020-10-02 17:23:46,237 - __main__ - DEBUG - n=2, val_loss=0.00539382912772391
2020-10-02 17:24:02,308 - __main__ - DEBUG - n=3, val_loss=0.005291317618192808
2020-10-02 17:24:18,127 - __main__ - DEBUG - n=4, val_loss=0.0041756684093025775
2020-10-02 17:24:33,047 - __main__ - DEBUG - n=5, val_loss=0.005920167044230877
2020-10-02 17:24:41,475 - __main__ - DEBUG - n=6, val_loss=0.005838739439537242
2020-10-02 17:24:49,414 - __main__ - DEBUG - n=7, val_loss=0.004548885885610905
2020-10-02 17:24:57,207 - __main__ - DEBUG - n=8, val_loss=0.004985724941337469
2020-10-02 17:25:04,910 - __main__ - DEBUG - n=9, val_loss=0.005433885914732268
2020-10-02 17:25:04,911 - __main__ - INFO - Ntrials=10, total loss avg=0.005244411197931309, std=0.0005128909855099302
