2020-10-02 17:22:58,522 - __main__ - INFO - n_units=5
2020-10-02 17:22:58,522 - __main__ - INFO - max_energy=1.0
2020-10-02 17:22:58,522 - __main__ - INFO - beta=1e-14
2020-10-02 17:22:58,522 - __main__ - INFO - taudelta=4.0
2020-10-02 17:22:58,522 - __main__ - INFO - V=1
2020-10-02 17:22:58,522 - __main__ - INFO - layers=5
2020-10-02 17:22:58,522 - __main__ - INFO - train_len=2000, val_len=2000, buffer=2000
2020-10-02 17:22:58,522 - __main__ - INFO - alpha=0.5, Ntrials=10
2020-10-02 17:22:58,523 - __main__ - INFO - noise=0.005, learning rate=0.0,scale_input=0.2
2020-10-02 17:23:13,265 - __main__ - DEBUG - n=0, val_loss=0.005351134540193474
2020-10-02 17:23:28,992 - __main__ - DEBUG - n=1, val_loss=0.005367476943594203
2020-10-02 17:23:44,856 - __main__ - DEBUG - n=2, val_loss=0.005284645663535614
2020-10-02 17:24:01,653 - __main__ - DEBUG - n=3, val_loss=0.005244936229589527
2020-10-02 17:24:17,710 - __main__ - DEBUG - n=4, val_loss=0.004123177147497362
2020-10-02 17:24:33,587 - __main__ - DEBUG - n=5, val_loss=0.005805699415098842
2020-10-02 17:24:42,139 - __main__ - DEBUG - n=6, val_loss=0.0057827005031340995
2020-10-02 17:24:50,212 - __main__ - DEBUG - n=7, val_loss=0.004505179998972486
2020-10-02 17:24:58,114 - __main__ - DEBUG - n=8, val_loss=0.004941141099907976
2020-10-02 17:25:05,838 - __main__ - DEBUG - n=9, val_loss=0.005382460410201625
2020-10-02 17:25:05,839 - __main__ - INFO - Ntrials=10, total loss avg=0.00517885519517252, std=0.0005004634831833123
