2020-10-02 18:12:54,002 - __main__ - INFO - n_units=5
2020-10-02 18:12:54,003 - __main__ - INFO - max_energy=1.0
2020-10-02 18:12:54,003 - __main__ - INFO - beta=1e-14
2020-10-02 18:12:54,003 - __main__ - INFO - taudelta=4.0
2020-10-02 18:12:54,003 - __main__ - INFO - V=1
2020-10-02 18:12:54,003 - __main__ - INFO - layers=5
2020-10-02 18:12:54,003 - __main__ - INFO - train_len=2000, val_len=2000, buffer=2000
2020-10-02 18:12:54,003 - __main__ - INFO - alpha=0.5, Ntrials=10
2020-10-02 18:12:54,003 - __main__ - INFO - noise=4e-05, learning rate=10.0,scale_input=0.2
2020-10-02 18:13:03,198 - __main__ - INFO - innate_buffer=2000, innate_train_len=2000, innate_val_len=2000
2020-10-02 18:13:03,198 - __main__ - INFO - target_state_list=(6000, 25), target_innate_seq=(6000, 5)
2020-10-02 18:16:17,813 - __main__ - DEBUG - n=0, val_loss=0.003105327023771621
2020-10-02 18:16:27,224 - __main__ - INFO - innate_buffer=2000, innate_train_len=2000, innate_val_len=2000
2020-10-02 18:16:27,225 - __main__ - INFO - target_state_list=(6000, 25), target_innate_seq=(6000, 5)
2020-10-02 18:19:43,518 - __main__ - DEBUG - n=1, val_loss=0.003301611236708109
2020-10-02 18:19:52,998 - __main__ - INFO - innate_buffer=2000, innate_train_len=2000, innate_val_len=2000
2020-10-02 18:19:52,998 - __main__ - INFO - target_state_list=(6000, 25), target_innate_seq=(6000, 5)
2020-10-02 18:23:21,153 - __main__ - DEBUG - n=2, val_loss=0.0031360496161657848
2020-10-02 18:23:30,615 - __main__ - INFO - innate_buffer=2000, innate_train_len=2000, innate_val_len=2000
2020-10-02 18:23:30,615 - __main__ - INFO - target_state_list=(6000, 25), target_innate_seq=(6000, 5)
2020-10-02 18:27:18,328 - __main__ - DEBUG - n=3, val_loss=0.0032274409035584553
2020-10-02 18:27:27,795 - __main__ - INFO - innate_buffer=2000, innate_train_len=2000, innate_val_len=2000
2020-10-02 18:27:27,795 - __main__ - INFO - target_state_list=(6000, 25), target_innate_seq=(6000, 5)
2020-10-02 18:30:45,076 - __main__ - DEBUG - n=4, val_loss=0.0031872422711129687
2020-10-02 18:30:54,595 - __main__ - INFO - innate_buffer=2000, innate_train_len=2000, innate_val_len=2000
2020-10-02 18:30:54,596 - __main__ - INFO - target_state_list=(6000, 25), target_innate_seq=(6000, 5)
2020-10-02 18:35:53,007 - __main__ - DEBUG - n=5, val_loss=0.0035894567122569825
2020-10-02 18:36:08,271 - __main__ - INFO - innate_buffer=2000, innate_train_len=2000, innate_val_len=2000
2020-10-02 18:36:08,271 - __main__ - INFO - target_state_list=(6000, 25), target_innate_seq=(6000, 5)
2020-10-02 18:40:02,352 - __main__ - DEBUG - n=6, val_loss=0.003913711994116271
2020-10-02 18:40:12,012 - __main__ - INFO - innate_buffer=2000, innate_train_len=2000, innate_val_len=2000
2020-10-02 18:40:12,013 - __main__ - INFO - target_state_list=(6000, 25), target_innate_seq=(6000, 5)
2020-10-02 18:43:58,099 - __main__ - DEBUG - n=7, val_loss=0.0033343695742535226
2020-10-02 18:44:09,952 - __main__ - INFO - innate_buffer=2000, innate_train_len=2000, innate_val_len=2000
2020-10-02 18:44:09,952 - __main__ - INFO - target_state_list=(6000, 25), target_innate_seq=(6000, 5)
2020-10-02 18:49:10,318 - __main__ - DEBUG - n=8, val_loss=0.0033307576782442734
2020-10-02 18:49:19,864 - __main__ - INFO - innate_buffer=2000, innate_train_len=2000, innate_val_len=2000
2020-10-02 18:49:19,864 - __main__ - INFO - target_state_list=(6000, 25), target_innate_seq=(6000, 5)
2020-10-02 18:52:25,776 - __main__ - DEBUG - n=9, val_loss=0.003282731095612399
2020-10-02 18:52:25,776 - __main__ - INFO - Ntrials=10, total loss avg=0.003340869810580039, std=0.00022998015638426498
