2020-10-02 17:27:06,810 - __main__ - INFO - n_units=5
2020-10-02 17:27:06,810 - __main__ - INFO - max_energy=1.0
2020-10-02 17:27:06,810 - __main__ - INFO - beta=1e-14
2020-10-02 17:27:06,810 - __main__ - INFO - taudelta=4.0
2020-10-02 17:27:06,810 - __main__ - INFO - V=1
2020-10-02 17:27:06,810 - __main__ - INFO - layers=5
2020-10-02 17:27:06,810 - __main__ - INFO - train_len=2000, val_len=2000, buffer=2000
2020-10-02 17:27:06,810 - __main__ - INFO - alpha=0.5, Ntrials=10
2020-10-02 17:27:06,810 - __main__ - INFO - noise=0.0002, learning rate=10.0,scale_input=0.2
2020-10-02 17:27:15,621 - __main__ - INFO - innate_buffer=2000, innate_train_len=2000, innate_val_len=2000
2020-10-02 17:27:15,621 - __main__ - INFO - target_state_list=(6000, 25), target_innate_seq=(6000, 5)
2020-10-02 17:30:27,406 - __main__ - DEBUG - n=0, val_loss=0.0037173941901244957
2020-10-02 17:30:36,502 - __main__ - INFO - innate_buffer=2000, innate_train_len=2000, innate_val_len=2000
2020-10-02 17:30:36,502 - __main__ - INFO - target_state_list=(6000, 25), target_innate_seq=(6000, 5)
2020-10-02 17:33:50,893 - __main__ - DEBUG - n=1, val_loss=0.004195998712516153
2020-10-02 17:34:00,002 - __main__ - INFO - innate_buffer=2000, innate_train_len=2000, innate_val_len=2000
2020-10-02 17:34:00,002 - __main__ - INFO - target_state_list=(6000, 25), target_innate_seq=(6000, 5)
2020-10-02 17:37:14,636 - __main__ - DEBUG - n=2, val_loss=0.003637335549234123
2020-10-02 17:37:23,802 - __main__ - INFO - innate_buffer=2000, innate_train_len=2000, innate_val_len=2000
2020-10-02 17:37:23,802 - __main__ - INFO - target_state_list=(6000, 25), target_innate_seq=(6000, 5)
2020-10-02 17:40:38,812 - __main__ - DEBUG - n=3, val_loss=0.004138549128158936
2020-10-02 17:40:47,937 - __main__ - INFO - innate_buffer=2000, innate_train_len=2000, innate_val_len=2000
2020-10-02 17:40:47,938 - __main__ - INFO - target_state_list=(6000, 25), target_innate_seq=(6000, 5)
2020-10-02 17:44:02,780 - __main__ - DEBUG - n=4, val_loss=0.004107664449700968
2020-10-02 17:44:11,904 - __main__ - INFO - innate_buffer=2000, innate_train_len=2000, innate_val_len=2000
2020-10-02 17:44:11,905 - __main__ - INFO - target_state_list=(6000, 25), target_innate_seq=(6000, 5)
2020-10-02 17:47:26,754 - __main__ - DEBUG - n=5, val_loss=0.004071718540248669
2020-10-02 17:47:35,912 - __main__ - INFO - innate_buffer=2000, innate_train_len=2000, innate_val_len=2000
2020-10-02 17:47:35,913 - __main__ - INFO - target_state_list=(6000, 25), target_innate_seq=(6000, 5)
2020-10-02 17:50:51,196 - __main__ - DEBUG - n=6, val_loss=0.004675594382960351
2020-10-02 17:51:00,342 - __main__ - INFO - innate_buffer=2000, innate_train_len=2000, innate_val_len=2000
2020-10-02 17:51:00,343 - __main__ - INFO - target_state_list=(6000, 25), target_innate_seq=(6000, 5)
2020-10-02 17:54:15,402 - __main__ - DEBUG - n=7, val_loss=0.004410117072151388
2020-10-02 17:54:24,541 - __main__ - INFO - innate_buffer=2000, innate_train_len=2000, innate_val_len=2000
2020-10-02 17:54:24,541 - __main__ - INFO - target_state_list=(6000, 25), target_innate_seq=(6000, 5)
2020-10-02 17:57:39,669 - __main__ - DEBUG - n=8, val_loss=0.00393966853444807
2020-10-02 17:57:48,807 - __main__ - INFO - innate_buffer=2000, innate_train_len=2000, innate_val_len=2000
2020-10-02 17:57:48,807 - __main__ - INFO - target_state_list=(6000, 25), target_innate_seq=(6000, 5)
2020-10-02 18:01:04,326 - __main__ - DEBUG - n=9, val_loss=0.004277413529075431
2020-10-02 18:01:04,327 - __main__ - INFO - Ntrials=10, total loss avg=0.0041171454088618584, std=0.0002921865078035467
