2020-10-02 17:20:53,536 - __main__ - INFO - n_units=5
2020-10-02 17:20:53,536 - __main__ - INFO - max_energy=1.0
2020-10-02 17:20:53,537 - __main__ - INFO - beta=1e-14
2020-10-02 17:20:53,537 - __main__ - INFO - taudelta=4.0
2020-10-02 17:20:53,537 - __main__ - INFO - V=1
2020-10-02 17:20:53,537 - __main__ - INFO - layers=5
2020-10-02 17:20:53,537 - __main__ - INFO - train_len=2000, val_len=2000, buffer=2000
2020-10-02 17:20:53,537 - __main__ - INFO - alpha=0.5, Ntrials=10
2020-10-02 17:20:53,537 - __main__ - INFO - noise=0.0002, learning rate=0.0,scale_input=0.2
2020-10-02 17:21:02,753 - __main__ - DEBUG - n=0, val_loss=0.0036652308900063375
2020-10-02 17:21:12,036 - __main__ - DEBUG - n=1, val_loss=0.0039815013071509
2020-10-02 17:21:21,306 - __main__ - DEBUG - n=2, val_loss=0.0036053580684435272
2020-10-02 17:21:30,613 - __main__ - DEBUG - n=3, val_loss=0.0037585828970704486
2020-10-02 17:21:39,926 - __main__ - DEBUG - n=4, val_loss=0.003895203652330679
2020-10-02 17:21:49,261 - __main__ - DEBUG - n=5, val_loss=0.0037418376729738763
2020-10-02 17:21:58,605 - __main__ - DEBUG - n=6, val_loss=0.00434027438299228
2020-10-02 17:22:07,936 - __main__ - DEBUG - n=7, val_loss=0.004161555585880854
2020-10-02 17:22:17,266 - __main__ - DEBUG - n=8, val_loss=0.0038582575397758043
2020-10-02 17:22:26,506 - __main__ - DEBUG - n=9, val_loss=0.004066165262888447
2020-10-02 17:22:26,506 - __main__ - INFO - Ntrials=10, total loss avg=0.003907396725951315, std=0.00022015200621416066
