2020-10-02 17:20:53,551 - __main__ - INFO - n_units=5
2020-10-02 17:20:53,552 - __main__ - INFO - max_energy=1.0
2020-10-02 17:20:53,552 - __main__ - INFO - beta=1e-14
2020-10-02 17:20:53,552 - __main__ - INFO - taudelta=4.0
2020-10-02 17:20:53,552 - __main__ - INFO - V=1
2020-10-02 17:20:53,552 - __main__ - INFO - layers=5
2020-10-02 17:20:53,552 - __main__ - INFO - train_len=2000, val_len=2000, buffer=2000
2020-10-02 17:20:53,552 - __main__ - INFO - alpha=0.5, Ntrials=10
2020-10-02 17:20:53,552 - __main__ - INFO - noise=0.007, learning rate=0.0,scale_input=0.2
2020-10-02 17:21:09,389 - __main__ - DEBUG - n=0, val_loss=0.005521371213844455
2020-10-02 17:21:24,905 - __main__ - DEBUG - n=1, val_loss=0.005866678908180821
2020-10-02 17:21:40,473 - __main__ - DEBUG - n=2, val_loss=0.005227767282609354
2020-10-02 17:21:56,089 - __main__ - DEBUG - n=3, val_loss=0.005519183078374104
2020-10-02 17:22:12,325 - __main__ - DEBUG - n=4, val_loss=0.005522861552349082
2020-10-02 17:22:27,267 - __main__ - DEBUG - n=5, val_loss=0.005574809712619376
2020-10-02 17:22:35,333 - __main__ - DEBUG - n=6, val_loss=0.0063658564658973646
2020-10-02 17:22:43,174 - __main__ - DEBUG - n=7, val_loss=0.006103820627702206
2020-10-02 17:22:50,779 - __main__ - DEBUG - n=8, val_loss=0.005323709970499098
2020-10-02 17:22:58,050 - __main__ - DEBUG - n=9, val_loss=0.006033824962222432
2020-10-02 17:22:58,050 - __main__ - INFO - Ntrials=10, total loss avg=0.005705988377429829, std=0.000349506774681708
