2020-10-02 17:22:58,477 - __main__ - INFO - n_units=5
2020-10-02 17:22:58,477 - __main__ - INFO - max_energy=1.0
2020-10-02 17:22:58,477 - __main__ - INFO - beta=1e-14
2020-10-02 17:22:58,477 - __main__ - INFO - taudelta=4.0
2020-10-02 17:22:58,477 - __main__ - INFO - V=1
2020-10-02 17:22:58,477 - __main__ - INFO - layers=5
2020-10-02 17:22:58,478 - __main__ - INFO - train_len=2000, val_len=2000, buffer=2000
2020-10-02 17:22:58,478 - __main__ - INFO - alpha=0.5, Ntrials=10
2020-10-02 17:22:58,478 - __main__ - INFO - noise=0.0009000000000000001, learning rate=0.0,scale_input=0.2
2020-10-02 17:23:07,652 - __main__ - DEBUG - n=0, val_loss=0.0042570017382129325
2020-10-02 17:23:17,003 - __main__ - DEBUG - n=1, val_loss=0.0045549739268589875
2020-10-02 17:23:26,334 - __main__ - DEBUG - n=2, val_loss=0.0039012256325793664
2020-10-02 17:23:35,701 - __main__ - DEBUG - n=3, val_loss=0.004498451797284406
2020-10-02 17:23:45,074 - __main__ - DEBUG - n=4, val_loss=0.004150694130703658
2020-10-02 17:23:54,448 - __main__ - DEBUG - n=5, val_loss=0.004539124470914929
2020-10-02 17:24:03,837 - __main__ - DEBUG - n=6, val_loss=0.005047143794346716
2020-10-02 17:24:13,226 - __main__ - DEBUG - n=7, val_loss=0.004599470700613394
2020-10-02 17:24:22,610 - __main__ - DEBUG - n=8, val_loss=0.004686066792154567
2020-10-02 17:24:32,520 - __main__ - DEBUG - n=9, val_loss=0.004612373688708597
2020-10-02 17:24:32,520 - __main__ - INFO - Ntrials=10, total loss avg=0.004484652667237755, std=0.00029971699738701266
