2020-10-02 18:12:54,042 - __main__ - INFO - n_units=5
2020-10-02 18:12:54,043 - __main__ - INFO - max_energy=1.0
2020-10-02 18:12:54,043 - __main__ - INFO - beta=1e-14
2020-10-02 18:12:54,043 - __main__ - INFO - taudelta=4.0
2020-10-02 18:12:54,043 - __main__ - INFO - V=1
2020-10-02 18:12:54,043 - __main__ - INFO - layers=5
2020-10-02 18:12:54,043 - __main__ - INFO - train_len=2000, val_len=2000, buffer=2000
2020-10-02 18:12:54,043 - __main__ - INFO - alpha=0.5, Ntrials=10
2020-10-02 18:12:54,043 - __main__ - INFO - noise=8e-05, learning rate=10.0,scale_input=0.2
2020-10-02 18:13:03,691 - __main__ - INFO - innate_buffer=2000, innate_train_len=2000, innate_val_len=2000
2020-10-02 18:13:03,692 - __main__ - INFO - target_state_list=(6000, 25), target_innate_seq=(6000, 5)
2020-10-02 18:16:18,437 - __main__ - DEBUG - n=0, val_loss=0.0038099751264614296
2020-10-02 18:16:28,029 - __main__ - INFO - innate_buffer=2000, innate_train_len=2000, innate_val_len=2000
2020-10-02 18:16:28,029 - __main__ - INFO - target_state_list=(6000, 25), target_innate_seq=(6000, 5)
2020-10-02 18:19:45,253 - __main__ - DEBUG - n=1, val_loss=0.003885065779778569
2020-10-02 18:19:54,866 - __main__ - INFO - innate_buffer=2000, innate_train_len=2000, innate_val_len=2000
2020-10-02 18:19:54,866 - __main__ - INFO - target_state_list=(6000, 25), target_innate_seq=(6000, 5)
2020-10-02 18:23:11,906 - __main__ - DEBUG - n=2, val_loss=0.004024051190575858
2020-10-02 18:23:21,522 - __main__ - INFO - innate_buffer=2000, innate_train_len=2000, innate_val_len=2000
2020-10-02 18:23:21,522 - __main__ - INFO - target_state_list=(6000, 25), target_innate_seq=(6000, 5)
2020-10-02 18:26:38,733 - __main__ - DEBUG - n=3, val_loss=0.0036746940480636638
2020-10-02 18:26:48,373 - __main__ - INFO - innate_buffer=2000, innate_train_len=2000, innate_val_len=2000
2020-10-02 18:26:48,374 - __main__ - INFO - target_state_list=(6000, 25), target_innate_seq=(6000, 5)
2020-10-02 18:30:43,903 - __main__ - DEBUG - n=4, val_loss=0.0030787251966532562
2020-10-02 18:30:53,539 - __main__ - INFO - innate_buffer=2000, innate_train_len=2000, innate_val_len=2000
2020-10-02 18:30:53,539 - __main__ - INFO - target_state_list=(6000, 25), target_innate_seq=(6000, 5)
2020-10-02 18:34:13,224 - __main__ - DEBUG - n=5, val_loss=0.004156990444265977
2020-10-02 18:34:28,825 - __main__ - INFO - innate_buffer=2000, innate_train_len=2000, innate_val_len=2000
2020-10-02 18:34:28,825 - __main__ - INFO - target_state_list=(6000, 25), target_innate_seq=(6000, 5)
2020-10-02 18:39:46,239 - __main__ - DEBUG - n=6, val_loss=0.004448697984026549
2020-10-02 18:40:02,174 - __main__ - INFO - innate_buffer=2000, innate_train_len=2000, innate_val_len=2000
2020-10-02 18:40:02,174 - __main__ - INFO - target_state_list=(6000, 25), target_innate_seq=(6000, 5)
2020-10-02 18:45:19,580 - __main__ - DEBUG - n=7, val_loss=0.0034036545472272564
2020-10-02 18:45:35,887 - __main__ - INFO - innate_buffer=2000, innate_train_len=2000, innate_val_len=2000
2020-10-02 18:45:35,887 - __main__ - INFO - target_state_list=(6000, 25), target_innate_seq=(6000, 5)
2020-10-02 18:50:15,100 - __main__ - DEBUG - n=8, val_loss=0.0035615268940687264
2020-10-02 18:50:24,471 - __main__ - INFO - innate_buffer=2000, innate_train_len=2000, innate_val_len=2000
2020-10-02 18:50:24,471 - __main__ - INFO - target_state_list=(6000, 25), target_innate_seq=(6000, 5)
2020-10-02 18:53:23,059 - __main__ - DEBUG - n=9, val_loss=0.003961803845848746
2020-10-02 18:53:23,059 - __main__ - INFO - Ntrials=10, total loss avg=0.003800518505697003, std=0.00037173400941837523
