2020-10-02 17:27:06,809 - __main__ - INFO - n_units=5
2020-10-02 17:27:06,809 - __main__ - INFO - max_energy=1.0
2020-10-02 17:27:06,809 - __main__ - INFO - beta=1e-14
2020-10-02 17:27:06,809 - __main__ - INFO - taudelta=4.0
2020-10-02 17:27:06,809 - __main__ - INFO - V=1
2020-10-02 17:27:06,809 - __main__ - INFO - layers=5
2020-10-02 17:27:06,809 - __main__ - INFO - train_len=2000, val_len=2000, buffer=2000
2020-10-02 17:27:06,809 - __main__ - INFO - alpha=0.5, Ntrials=10
2020-10-02 17:27:06,809 - __main__ - INFO - noise=0.0001, learning rate=10.0,scale_input=0.2
2020-10-02 17:27:17,599 - __main__ - INFO - innate_buffer=2000, innate_train_len=2000, innate_val_len=2000
2020-10-02 17:27:17,600 - __main__ - INFO - target_state_list=(6000, 25), target_innate_seq=(6000, 5)
2020-10-02 17:30:33,075 - __main__ - DEBUG - n=0, val_loss=0.0034550047853029566
2020-10-02 17:30:42,333 - __main__ - INFO - innate_buffer=2000, innate_train_len=2000, innate_val_len=2000
2020-10-02 17:30:42,333 - __main__ - INFO - target_state_list=(6000, 25), target_innate_seq=(6000, 5)
2020-10-02 17:33:59,961 - __main__ - DEBUG - n=1, val_loss=0.0037580431087301325
2020-10-02 17:34:09,243 - __main__ - INFO - innate_buffer=2000, innate_train_len=2000, innate_val_len=2000
2020-10-02 17:34:09,243 - __main__ - INFO - target_state_list=(6000, 25), target_innate_seq=(6000, 5)
2020-10-02 17:37:26,813 - __main__ - DEBUG - n=2, val_loss=0.003486661504429615
2020-10-02 17:37:36,106 - __main__ - INFO - innate_buffer=2000, innate_train_len=2000, innate_val_len=2000
2020-10-02 17:37:36,106 - __main__ - INFO - target_state_list=(6000, 25), target_innate_seq=(6000, 5)
2020-10-02 17:41:43,294 - __main__ - DEBUG - n=3, val_loss=0.003748991551165853
2020-10-02 17:41:58,816 - __main__ - INFO - innate_buffer=2000, innate_train_len=2000, innate_val_len=2000
2020-10-02 17:41:58,816 - __main__ - INFO - target_state_list=(6000, 25), target_innate_seq=(6000, 5)
2020-10-02 17:45:54,317 - __main__ - DEBUG - n=4, val_loss=0.003843623681244101
2020-10-02 17:46:03,607 - __main__ - INFO - innate_buffer=2000, innate_train_len=2000, innate_val_len=2000
2020-10-02 17:46:03,607 - __main__ - INFO - target_state_list=(6000, 25), target_innate_seq=(6000, 5)
2020-10-02 17:49:22,156 - __main__ - DEBUG - n=5, val_loss=0.003740458927456783
2020-10-02 17:49:31,424 - __main__ - INFO - innate_buffer=2000, innate_train_len=2000, innate_val_len=2000
2020-10-02 17:49:31,425 - __main__ - INFO - target_state_list=(6000, 25), target_innate_seq=(6000, 5)
2020-10-02 17:52:49,815 - __main__ - DEBUG - n=6, val_loss=0.004311107867638917
2020-10-02 17:52:59,067 - __main__ - INFO - innate_buffer=2000, innate_train_len=2000, innate_val_len=2000
2020-10-02 17:52:59,067 - __main__ - INFO - target_state_list=(6000, 25), target_innate_seq=(6000, 5)
2020-10-02 17:56:17,271 - __main__ - DEBUG - n=7, val_loss=0.004064688798858044
2020-10-02 17:56:26,574 - __main__ - INFO - innate_buffer=2000, innate_train_len=2000, innate_val_len=2000
2020-10-02 17:56:26,574 - __main__ - INFO - target_state_list=(6000, 25), target_innate_seq=(6000, 5)
2020-10-02 17:59:45,277 - __main__ - DEBUG - n=8, val_loss=0.0035134365126377977
2020-10-02 17:59:54,576 - __main__ - INFO - innate_buffer=2000, innate_train_len=2000, innate_val_len=2000
2020-10-02 17:59:54,577 - __main__ - INFO - target_state_list=(6000, 25), target_innate_seq=(6000, 5)
2020-10-02 18:03:10,142 - __main__ - DEBUG - n=9, val_loss=0.003911191279263884
2020-10-02 18:03:10,142 - __main__ - INFO - Ntrials=10, total loss avg=0.0037833208016728086, std=0.0002549518988634945
