2020-10-02 18:12:54,018 - __main__ - INFO - n_units=5
2020-10-02 18:12:54,019 - __main__ - INFO - max_energy=1.0
2020-10-02 18:12:54,019 - __main__ - INFO - beta=1e-14
2020-10-02 18:12:54,019 - __main__ - INFO - taudelta=4.0
2020-10-02 18:12:54,019 - __main__ - INFO - V=1
2020-10-02 18:12:54,019 - __main__ - INFO - layers=5
2020-10-02 18:12:54,019 - __main__ - INFO - train_len=2000, val_len=2000, buffer=2000
2020-10-02 18:12:54,019 - __main__ - INFO - alpha=0.5, Ntrials=10
2020-10-02 18:12:54,019 - __main__ - INFO - noise=0.005, learning rate=10.0,scale_input=0.2
2020-10-02 18:13:03,358 - __main__ - INFO - innate_buffer=2000, innate_train_len=2000, innate_val_len=2000
2020-10-02 18:13:03,358 - __main__ - INFO - target_state_list=(6000, 25), target_innate_seq=(6000, 5)
2020-10-02 18:16:20,991 - __main__ - DEBUG - n=0, val_loss=0.005175769323782503
2020-10-02 18:16:30,571 - __main__ - INFO - innate_buffer=2000, innate_train_len=2000, innate_val_len=2000
2020-10-02 18:16:30,571 - __main__ - INFO - target_state_list=(6000, 25), target_innate_seq=(6000, 5)
2020-10-02 18:19:55,273 - __main__ - DEBUG - n=1, val_loss=0.005312248133032158
2020-10-02 18:20:04,893 - __main__ - INFO - innate_buffer=2000, innate_train_len=2000, innate_val_len=2000
2020-10-02 18:20:04,893 - __main__ - INFO - target_state_list=(6000, 25), target_innate_seq=(6000, 5)
2020-10-02 18:23:24,526 - __main__ - DEBUG - n=2, val_loss=0.00479472957939449
2020-10-02 18:23:34,155 - __main__ - INFO - innate_buffer=2000, innate_train_len=2000, innate_val_len=2000
2020-10-02 18:23:34,155 - __main__ - INFO - target_state_list=(6000, 25), target_innate_seq=(6000, 5)
2020-10-02 18:26:53,970 - __main__ - DEBUG - n=3, val_loss=0.0051193419983635744
2020-10-02 18:27:03,581 - __main__ - INFO - innate_buffer=2000, innate_train_len=2000, innate_val_len=2000
2020-10-02 18:27:03,581 - __main__ - INFO - target_state_list=(6000, 25), target_innate_seq=(6000, 5)
2020-10-02 18:30:23,941 - __main__ - DEBUG - n=4, val_loss=0.00480450303438294
2020-10-02 18:30:33,545 - __main__ - INFO - innate_buffer=2000, innate_train_len=2000, innate_val_len=2000
2020-10-02 18:30:33,545 - __main__ - INFO - target_state_list=(6000, 25), target_innate_seq=(6000, 5)
2020-10-02 18:33:53,521 - __main__ - DEBUG - n=5, val_loss=0.005493412420417399
2020-10-02 18:34:03,142 - __main__ - INFO - innate_buffer=2000, innate_train_len=2000, innate_val_len=2000
2020-10-02 18:34:03,142 - __main__ - INFO - target_state_list=(6000, 25), target_innate_seq=(6000, 5)
2020-10-02 18:37:23,624 - __main__ - DEBUG - n=6, val_loss=0.005825703220444638
2020-10-02 18:37:33,246 - __main__ - INFO - innate_buffer=2000, innate_train_len=2000, innate_val_len=2000
2020-10-02 18:37:33,246 - __main__ - INFO - target_state_list=(6000, 25), target_innate_seq=(6000, 5)
2020-10-02 18:40:53,318 - __main__ - DEBUG - n=7, val_loss=0.005341733085626238
2020-10-02 18:41:02,939 - __main__ - INFO - innate_buffer=2000, innate_train_len=2000, innate_val_len=2000
2020-10-02 18:41:02,940 - __main__ - INFO - target_state_list=(6000, 25), target_innate_seq=(6000, 5)
2020-10-02 18:44:22,561 - __main__ - DEBUG - n=8, val_loss=0.005258277673726732
2020-10-02 18:44:32,175 - __main__ - INFO - innate_buffer=2000, innate_train_len=2000, innate_val_len=2000
2020-10-02 18:44:32,175 - __main__ - INFO - target_state_list=(6000, 25), target_innate_seq=(6000, 5)
2020-10-02 18:47:56,557 - __main__ - DEBUG - n=9, val_loss=0.005360572696719981
2020-10-02 18:47:56,557 - __main__ - INFO - Ntrials=10, total loss avg=0.005248629116589065, std=0.00029044277411788586
