2020-10-02 17:27:06,843 - __main__ - INFO - n_units=5
2020-10-02 17:27:06,844 - __main__ - INFO - max_energy=1.0
2020-10-02 17:27:06,844 - __main__ - INFO - beta=1e-14
2020-10-02 17:27:06,844 - __main__ - INFO - taudelta=4.0
2020-10-02 17:27:06,844 - __main__ - INFO - V=1
2020-10-02 17:27:06,844 - __main__ - INFO - layers=5
2020-10-02 17:27:06,844 - __main__ - INFO - train_len=2000, val_len=2000, buffer=2000
2020-10-02 17:27:06,844 - __main__ - INFO - alpha=0.5, Ntrials=10
2020-10-02 17:27:06,844 - __main__ - INFO - noise=8e-05, learning rate=10.0,scale_input=0.2
2020-10-02 17:27:17,657 - __main__ - INFO - innate_buffer=2000, innate_train_len=2000, innate_val_len=2000
2020-10-02 17:27:17,657 - __main__ - INFO - target_state_list=(6000, 25), target_innate_seq=(6000, 5)
2020-10-02 17:30:36,864 - __main__ - DEBUG - n=0, val_loss=0.0034139742342154857
2020-10-02 17:30:46,256 - __main__ - INFO - innate_buffer=2000, innate_train_len=2000, innate_val_len=2000
2020-10-02 17:30:46,256 - __main__ - INFO - target_state_list=(6000, 25), target_innate_seq=(6000, 5)
2020-10-02 17:34:49,388 - __main__ - DEBUG - n=1, val_loss=0.0036248709511857093
2020-10-02 17:34:58,795 - __main__ - INFO - innate_buffer=2000, innate_train_len=2000, innate_val_len=2000
2020-10-02 17:34:58,795 - __main__ - INFO - target_state_list=(6000, 25), target_innate_seq=(6000, 5)
2020-10-02 17:39:00,046 - __main__ - DEBUG - n=2, val_loss=0.003423388357100852
2020-10-02 17:39:09,423 - __main__ - INFO - innate_buffer=2000, innate_train_len=2000, innate_val_len=2000
2020-10-02 17:39:09,424 - __main__ - INFO - target_state_list=(6000, 25), target_innate_seq=(6000, 5)
2020-10-02 17:43:45,195 - __main__ - DEBUG - n=3, val_loss=0.0034161976609498245
2020-10-02 17:43:54,559 - __main__ - INFO - innate_buffer=2000, innate_train_len=2000, innate_val_len=2000
2020-10-02 17:43:54,559 - __main__ - INFO - target_state_list=(6000, 25), target_innate_seq=(6000, 5)
2020-10-02 17:47:57,037 - __main__ - DEBUG - n=4, val_loss=0.0036170105063377898
2020-10-02 17:48:06,396 - __main__ - INFO - innate_buffer=2000, innate_train_len=2000, innate_val_len=2000
2020-10-02 17:48:06,396 - __main__ - INFO - target_state_list=(6000, 25), target_innate_seq=(6000, 5)
2020-10-02 17:51:23,356 - __main__ - DEBUG - n=5, val_loss=0.003519845521360202
2020-10-02 17:51:32,726 - __main__ - INFO - innate_buffer=2000, innate_train_len=2000, innate_val_len=2000
2020-10-02 17:51:32,727 - __main__ - INFO - target_state_list=(6000, 25), target_innate_seq=(6000, 5)
2020-10-02 17:54:56,187 - __main__ - DEBUG - n=6, val_loss=0.003989699384404815
2020-10-02 17:55:05,745 - __main__ - INFO - innate_buffer=2000, innate_train_len=2000, innate_val_len=2000
2020-10-02 17:55:05,745 - __main__ - INFO - target_state_list=(6000, 25), target_innate_seq=(6000, 5)
2020-10-02 17:58:25,258 - __main__ - DEBUG - n=7, val_loss=0.0038263507238187446
2020-10-02 17:58:34,681 - __main__ - INFO - innate_buffer=2000, innate_train_len=2000, innate_val_len=2000
2020-10-02 17:58:34,682 - __main__ - INFO - target_state_list=(6000, 25), target_innate_seq=(6000, 5)
2020-10-02 18:02:17,696 - __main__ - DEBUG - n=8, val_loss=0.003488561306268061
2020-10-02 18:02:26,862 - __main__ - INFO - innate_buffer=2000, innate_train_len=2000, innate_val_len=2000
2020-10-02 18:02:26,863 - __main__ - INFO - target_state_list=(6000, 25), target_innate_seq=(6000, 5)
2020-10-02 18:05:31,162 - __main__ - DEBUG - n=9, val_loss=0.003691866564261861
2020-10-02 18:05:31,162 - __main__ - INFO - Ntrials=10, total loss avg=0.0036011765209903344, std=0.00018189493841793623
