2020-10-02 17:22:58,454 - __main__ - INFO - n_units=5
2020-10-02 17:22:58,455 - __main__ - INFO - max_energy=1.0
2020-10-02 17:22:58,455 - __main__ - INFO - beta=1e-14
2020-10-02 17:22:58,455 - __main__ - INFO - taudelta=4.0
2020-10-02 17:22:58,455 - __main__ - INFO - V=1
2020-10-02 17:22:58,455 - __main__ - INFO - layers=5
2020-10-02 17:22:58,455 - __main__ - INFO - train_len=2000, val_len=2000, buffer=2000
2020-10-02 17:22:58,455 - __main__ - INFO - alpha=0.5, Ntrials=10
2020-10-02 17:22:58,455 - __main__ - INFO - noise=3e-06, learning rate=0.0,scale_input=0.2
2020-10-02 17:23:07,765 - __main__ - DEBUG - n=0, val_loss=0.0027334229663208242
2020-10-02 17:23:17,208 - __main__ - DEBUG - n=1, val_loss=0.0029587997471331342
2020-10-02 17:23:26,678 - __main__ - DEBUG - n=2, val_loss=0.00269029763198169
2020-10-02 17:23:36,145 - __main__ - DEBUG - n=3, val_loss=0.0029147591751407242
2020-10-02 17:23:45,611 - __main__ - DEBUG - n=4, val_loss=0.0029001438926422127
2020-10-02 17:23:55,064 - __main__ - DEBUG - n=5, val_loss=0.0031933463824570705
2020-10-02 17:24:04,540 - __main__ - DEBUG - n=6, val_loss=0.0036213849272163064
2020-10-02 17:24:14,014 - __main__ - DEBUG - n=7, val_loss=0.0030363576793648816
2020-10-02 17:24:23,475 - __main__ - DEBUG - n=8, val_loss=0.003017658424125082
2020-10-02 17:24:32,968 - __main__ - DEBUG - n=9, val_loss=0.002903837708130348
2020-10-02 17:24:32,968 - __main__ - INFO - Ntrials=10, total loss avg=0.0029970008534512278, std=0.00024903946727910733
