2020-10-02 17:20:53,499 - __main__ - INFO - n_units=5
2020-10-02 17:20:53,500 - __main__ - INFO - max_energy=1.0
2020-10-02 17:20:53,500 - __main__ - INFO - beta=1e-14
2020-10-02 17:20:53,500 - __main__ - INFO - taudelta=4.0
2020-10-02 17:20:53,500 - __main__ - INFO - V=1
2020-10-02 17:20:53,500 - __main__ - INFO - layers=5
2020-10-02 17:20:53,500 - __main__ - INFO - train_len=2000, val_len=2000, buffer=2000
2020-10-02 17:20:53,500 - __main__ - INFO - alpha=0.5, Ntrials=10
2020-10-02 17:20:53,500 - __main__ - INFO - noise=0.0001, learning rate=0.0,scale_input=0.2
2020-10-02 17:21:03,110 - __main__ - DEBUG - n=0, val_loss=0.003444429950850724
2020-10-02 17:21:12,266 - __main__ - DEBUG - n=1, val_loss=0.003783167713573212
2020-10-02 17:21:21,413 - __main__ - DEBUG - n=2, val_loss=0.0034851357699974103
2020-10-02 17:21:30,600 - __main__ - DEBUG - n=3, val_loss=0.003748506650028227
2020-10-02 17:21:39,802 - __main__ - DEBUG - n=4, val_loss=0.003851538966944456
2020-10-02 17:21:49,014 - __main__ - DEBUG - n=5, val_loss=0.003741218314232251
2020-10-02 17:21:58,251 - __main__ - DEBUG - n=6, val_loss=0.004305426912485436
2020-10-02 17:22:07,464 - __main__ - DEBUG - n=7, val_loss=0.004063066274788831
2020-10-02 17:22:16,663 - __main__ - DEBUG - n=8, val_loss=0.0035118347939190973
2020-10-02 17:22:25,820 - __main__ - DEBUG - n=9, val_loss=0.003910984525242809
2020-10-02 17:22:25,820 - __main__ - INFO - Ntrials=10, total loss avg=0.003784530987206245, std=0.0002553899101192004
