2020-10-02 17:22:58,509 - __main__ - INFO - n_units=5
2020-10-02 17:22:58,509 - __main__ - INFO - max_energy=1.0
2020-10-02 17:22:58,509 - __main__ - INFO - beta=1e-14
2020-10-02 17:22:58,510 - __main__ - INFO - taudelta=4.0
2020-10-02 17:22:58,510 - __main__ - INFO - V=1
2020-10-02 17:22:58,510 - __main__ - INFO - layers=5
2020-10-02 17:22:58,510 - __main__ - INFO - train_len=2000, val_len=2000, buffer=2000
2020-10-02 17:22:58,510 - __main__ - INFO - alpha=0.5, Ntrials=10
2020-10-02 17:22:58,510 - __main__ - INFO - noise=0.0002, learning rate=0.0,scale_input=0.2
2020-10-02 17:23:10,787 - __main__ - DEBUG - n=0, val_loss=0.00409628801574443
2020-10-02 17:23:27,402 - __main__ - DEBUG - n=1, val_loss=0.004208251987368697
2020-10-02 17:23:43,333 - __main__ - DEBUG - n=2, val_loss=0.004239738151436955
2020-10-02 17:23:59,531 - __main__ - DEBUG - n=3, val_loss=0.004037420021631021
2020-10-02 17:24:15,975 - __main__ - DEBUG - n=4, val_loss=0.0032300800787891113
2020-10-02 17:24:32,397 - __main__ - DEBUG - n=5, val_loss=0.004461444159871874
2020-10-02 17:24:41,262 - __main__ - DEBUG - n=6, val_loss=0.004697523891731483
2020-10-02 17:24:49,340 - __main__ - DEBUG - n=7, val_loss=0.0035869499463957785
2020-10-02 17:24:57,243 - __main__ - DEBUG - n=8, val_loss=0.00386030800765387
2020-10-02 17:25:05,008 - __main__ - DEBUG - n=9, val_loss=0.004246841016265418
2020-10-02 17:25:05,008 - __main__ - INFO - Ntrials=10, total loss avg=0.004066484527688864, std=0.00040132463809049564
