2020-10-02 18:12:54,028 - __main__ - INFO - n_units=5
2020-10-02 18:12:54,028 - __main__ - INFO - max_energy=1.0
2020-10-02 18:12:54,028 - __main__ - INFO - beta=1e-14
2020-10-02 18:12:54,028 - __main__ - INFO - taudelta=4.0
2020-10-02 18:12:54,028 - __main__ - INFO - V=1
2020-10-02 18:12:54,028 - __main__ - INFO - layers=5
2020-10-02 18:12:54,028 - __main__ - INFO - train_len=2000, val_len=2000, buffer=2000
2020-10-02 18:12:54,029 - __main__ - INFO - alpha=0.5, Ntrials=10
2020-10-02 18:12:54,029 - __main__ - INFO - noise=4e-06, learning rate=10.0,scale_input=0.2
2020-10-02 18:13:03,674 - __main__ - INFO - innate_buffer=2000, innate_train_len=2000, innate_val_len=2000
2020-10-02 18:13:03,674 - __main__ - INFO - target_state_list=(6000, 25), target_innate_seq=(6000, 5)
2020-10-02 18:16:18,367 - __main__ - DEBUG - n=0, val_loss=0.002941526505120208
2020-10-02 18:16:27,945 - __main__ - INFO - innate_buffer=2000, innate_train_len=2000, innate_val_len=2000
2020-10-02 18:16:27,945 - __main__ - INFO - target_state_list=(6000, 25), target_innate_seq=(6000, 5)
2020-10-02 18:19:44,809 - __main__ - DEBUG - n=1, val_loss=0.0032968593735141563
2020-10-02 18:19:54,407 - __main__ - INFO - innate_buffer=2000, innate_train_len=2000, innate_val_len=2000
2020-10-02 18:19:54,407 - __main__ - INFO - target_state_list=(6000, 25), target_innate_seq=(6000, 5)
2020-10-02 18:23:11,125 - __main__ - DEBUG - n=2, val_loss=0.002903215586757137
2020-10-02 18:23:20,739 - __main__ - INFO - innate_buffer=2000, innate_train_len=2000, innate_val_len=2000
2020-10-02 18:23:20,740 - __main__ - INFO - target_state_list=(6000, 25), target_innate_seq=(6000, 5)
2020-10-02 18:26:37,941 - __main__ - DEBUG - n=3, val_loss=0.003011754738246771
2020-10-02 18:26:47,600 - __main__ - INFO - innate_buffer=2000, innate_train_len=2000, innate_val_len=2000
2020-10-02 18:26:47,600 - __main__ - INFO - target_state_list=(6000, 25), target_innate_seq=(6000, 5)
2020-10-02 18:30:31,934 - __main__ - DEBUG - n=4, val_loss=0.002856089524607044
2020-10-02 18:30:47,525 - __main__ - INFO - innate_buffer=2000, innate_train_len=2000, innate_val_len=2000
2020-10-02 18:30:47,525 - __main__ - INFO - target_state_list=(6000, 25), target_innate_seq=(6000, 5)
2020-10-02 18:35:51,682 - __main__ - DEBUG - n=5, val_loss=0.0034436319347461836
2020-10-02 18:36:07,801 - __main__ - INFO - innate_buffer=2000, innate_train_len=2000, innate_val_len=2000
2020-10-02 18:36:07,801 - __main__ - INFO - target_state_list=(6000, 25), target_innate_seq=(6000, 5)
2020-10-02 18:41:24,985 - __main__ - DEBUG - n=6, val_loss=0.0040189161339784
2020-10-02 18:41:40,711 - __main__ - INFO - innate_buffer=2000, innate_train_len=2000, innate_val_len=2000
2020-10-02 18:41:40,711 - __main__ - INFO - target_state_list=(6000, 25), target_innate_seq=(6000, 5)
2020-10-02 18:46:23,829 - __main__ - DEBUG - n=7, val_loss=0.0029819850038149227
2020-10-02 18:46:39,833 - __main__ - INFO - innate_buffer=2000, innate_train_len=2000, innate_val_len=2000
2020-10-02 18:46:39,834 - __main__ - INFO - target_state_list=(6000, 25), target_innate_seq=(6000, 5)
2020-10-02 18:50:48,565 - __main__ - DEBUG - n=8, val_loss=0.0030597726791989762
2020-10-02 18:50:57,507 - __main__ - INFO - innate_buffer=2000, innate_train_len=2000, innate_val_len=2000
2020-10-02 18:50:57,507 - __main__ - INFO - target_state_list=(6000, 25), target_innate_seq=(6000, 5)
2020-10-02 18:53:48,848 - __main__ - DEBUG - n=9, val_loss=0.003482135553667281
2020-10-02 18:53:48,848 - __main__ - INFO - Ntrials=10, total loss avg=0.003199588703365108, std=0.00034565230225867507
