2020-10-02 17:20:53,489 - __main__ - INFO - n_units=5
2020-10-02 17:20:53,489 - __main__ - INFO - max_energy=1.0
2020-10-02 17:20:53,489 - __main__ - INFO - beta=1e-14
2020-10-02 17:20:53,489 - __main__ - INFO - taudelta=4.0
2020-10-02 17:20:53,490 - __main__ - INFO - V=1
2020-10-02 17:20:53,490 - __main__ - INFO - layers=5
2020-10-02 17:20:53,490 - __main__ - INFO - train_len=2000, val_len=2000, buffer=2000
2020-10-02 17:20:53,490 - __main__ - INFO - alpha=0.5, Ntrials=10
2020-10-02 17:20:53,490 - __main__ - INFO - noise=7e-06, learning rate=0.0,scale_input=0.2
2020-10-02 17:21:04,535 - __main__ - DEBUG - n=0, val_loss=0.0026494472604642956
2020-10-02 17:21:19,313 - __main__ - DEBUG - n=1, val_loss=0.00264481509173335
2020-10-02 17:21:34,117 - __main__ - DEBUG - n=2, val_loss=0.002959814236089092
2020-10-02 17:21:48,975 - __main__ - DEBUG - n=3, val_loss=0.0028775205125020093
2020-10-02 17:22:04,401 - __main__ - DEBUG - n=4, val_loss=0.003168151659244614
2020-10-02 17:22:19,871 - __main__ - DEBUG - n=5, val_loss=0.002854415360229856
2020-10-02 17:22:29,992 - __main__ - DEBUG - n=6, val_loss=0.003239535554900015
2020-10-02 17:22:37,725 - __main__ - DEBUG - n=7, val_loss=0.003047493201779421
2020-10-02 17:22:45,330 - __main__ - DEBUG - n=8, val_loss=0.002318872897115262
2020-10-02 17:22:52,817 - __main__ - DEBUG - n=9, val_loss=0.0030833660249371146
2020-10-02 17:22:52,817 - __main__ - INFO - Ntrials=10, total loss avg=0.002884343179899503, std=0.00026681106440623343
