2020-10-02 17:22:58,474 - __main__ - INFO - n_units=5
2020-10-02 17:22:58,475 - __main__ - INFO - max_energy=1.0
2020-10-02 17:22:58,475 - __main__ - INFO - beta=1e-14
2020-10-02 17:22:58,475 - __main__ - INFO - taudelta=4.0
2020-10-02 17:22:58,475 - __main__ - INFO - V=1
2020-10-02 17:22:58,475 - __main__ - INFO - layers=5
2020-10-02 17:22:58,475 - __main__ - INFO - train_len=2000, val_len=2000, buffer=2000
2020-10-02 17:22:58,475 - __main__ - INFO - alpha=0.5, Ntrials=10
2020-10-02 17:22:58,475 - __main__ - INFO - noise=0.0007, learning rate=0.0,scale_input=0.2
2020-10-02 17:23:07,800 - __main__ - DEBUG - n=0, val_loss=0.004110640633537762
2020-10-02 17:23:17,281 - __main__ - DEBUG - n=1, val_loss=0.004413025778432068
2020-10-02 17:23:26,772 - __main__ - DEBUG - n=2, val_loss=0.0037951466223271817
2020-10-02 17:23:36,283 - __main__ - DEBUG - n=3, val_loss=0.004368979179744844
2020-10-02 17:23:45,781 - __main__ - DEBUG - n=4, val_loss=0.004029785176337325
2020-10-02 17:23:55,288 - __main__ - DEBUG - n=5, val_loss=0.004418787361858894
2020-10-02 17:24:04,814 - __main__ - DEBUG - n=6, val_loss=0.004906508497790489
2020-10-02 17:24:14,340 - __main__ - DEBUG - n=7, val_loss=0.004450552334317776
2020-10-02 17:24:23,853 - __main__ - DEBUG - n=8, val_loss=0.004557953309879803
2020-10-02 17:24:33,350 - __main__ - DEBUG - n=9, val_loss=0.0044644347448296534
2020-10-02 17:24:33,351 - __main__ - INFO - Ntrials=10, total loss avg=0.0043515813639055795, std=0.0002920418176100255
