2020-10-02 17:22:58,459 - __main__ - INFO - n_units=5
2020-10-02 17:22:58,459 - __main__ - INFO - max_energy=1.0
2020-10-02 17:22:58,459 - __main__ - INFO - beta=1e-14
2020-10-02 17:22:58,460 - __main__ - INFO - taudelta=4.0
2020-10-02 17:22:58,460 - __main__ - INFO - V=1
2020-10-02 17:22:58,460 - __main__ - INFO - layers=5
2020-10-02 17:22:58,460 - __main__ - INFO - train_len=2000, val_len=2000, buffer=2000
2020-10-02 17:22:58,460 - __main__ - INFO - alpha=0.5, Ntrials=10
2020-10-02 17:22:58,460 - __main__ - INFO - noise=8e-06, learning rate=0.0,scale_input=0.2
2020-10-02 17:23:07,609 - __main__ - DEBUG - n=0, val_loss=0.002853844316105029
2020-10-02 17:23:16,920 - __main__ - DEBUG - n=1, val_loss=0.003080302203142743
2020-10-02 17:23:26,222 - __main__ - DEBUG - n=2, val_loss=0.0028357308521196013
2020-10-02 17:23:35,559 - __main__ - DEBUG - n=3, val_loss=0.0029853106813401034
2020-10-02 17:23:44,901 - __main__ - DEBUG - n=4, val_loss=0.003015004872984324
2020-10-02 17:23:54,235 - __main__ - DEBUG - n=5, val_loss=0.0033418980922543823
2020-10-02 17:24:03,593 - __main__ - DEBUG - n=6, val_loss=0.0037263026659700954
2020-10-02 17:24:12,940 - __main__ - DEBUG - n=7, val_loss=0.003131870807258663
2020-10-02 17:24:22,273 - __main__ - DEBUG - n=8, val_loss=0.0031189783198861502
2020-10-02 17:24:31,626 - __main__ - DEBUG - n=9, val_loss=0.0030127287804715876
2020-10-02 17:24:31,626 - __main__ - INFO - Ntrials=10, total loss avg=0.0031101971591532677, std=0.0002469653223624582
