2020-10-02 18:12:54,011 - __main__ - INFO - n_units=5
2020-10-02 18:12:54,011 - __main__ - INFO - max_energy=1.0
2020-10-02 18:12:54,011 - __main__ - INFO - beta=1e-14
2020-10-02 18:12:54,011 - __main__ - INFO - taudelta=4.0
2020-10-02 18:12:54,011 - __main__ - INFO - V=1
2020-10-02 18:12:54,011 - __main__ - INFO - layers=5
2020-10-02 18:12:54,011 - __main__ - INFO - train_len=2000, val_len=2000, buffer=2000
2020-10-02 18:12:54,011 - __main__ - INFO - alpha=0.5, Ntrials=10
2020-10-02 18:12:54,011 - __main__ - INFO - noise=0.0005, learning rate=10.0,scale_input=0.2
2020-10-02 18:13:03,179 - __main__ - INFO - innate_buffer=2000, innate_train_len=2000, innate_val_len=2000
2020-10-02 18:13:03,179 - __main__ - INFO - target_state_list=(6000, 25), target_innate_seq=(6000, 5)
2020-10-02 18:16:17,719 - __main__ - DEBUG - n=0, val_loss=0.00393498698232403
2020-10-02 18:16:27,179 - __main__ - INFO - innate_buffer=2000, innate_train_len=2000, innate_val_len=2000
2020-10-02 18:16:27,180 - __main__ - INFO - target_state_list=(6000, 25), target_innate_seq=(6000, 5)
2020-10-02 18:19:43,777 - __main__ - DEBUG - n=1, val_loss=0.004216020606497035
2020-10-02 18:19:53,260 - __main__ - INFO - innate_buffer=2000, innate_train_len=2000, innate_val_len=2000
2020-10-02 18:19:53,261 - __main__ - INFO - target_state_list=(6000, 25), target_innate_seq=(6000, 5)
2020-10-02 18:24:33,038 - __main__ - DEBUG - n=2, val_loss=0.003671253613910954
2020-10-02 18:24:48,373 - __main__ - INFO - innate_buffer=2000, innate_train_len=2000, innate_val_len=2000
2020-10-02 18:24:48,373 - __main__ - INFO - target_state_list=(6000, 25), target_innate_seq=(6000, 5)
2020-10-02 18:28:46,907 - __main__ - DEBUG - n=3, val_loss=0.004207170939280685
2020-10-02 18:28:56,416 - __main__ - INFO - innate_buffer=2000, innate_train_len=2000, innate_val_len=2000
2020-10-02 18:28:56,416 - __main__ - INFO - target_state_list=(6000, 25), target_innate_seq=(6000, 5)
2020-10-02 18:32:32,608 - __main__ - DEBUG - n=4, val_loss=0.0038636628452032324
2020-10-02 18:32:48,198 - __main__ - INFO - innate_buffer=2000, innate_train_len=2000, innate_val_len=2000
2020-10-02 18:32:48,198 - __main__ - INFO - target_state_list=(6000, 25), target_innate_seq=(6000, 5)
2020-10-02 18:38:16,609 - __main__ - DEBUG - n=5, val_loss=0.00427882057113473
2020-10-02 18:38:32,153 - __main__ - INFO - innate_buffer=2000, innate_train_len=2000, innate_val_len=2000
2020-10-02 18:38:32,153 - __main__ - INFO - target_state_list=(6000, 25), target_innate_seq=(6000, 5)
2020-10-02 18:42:50,972 - __main__ - DEBUG - n=6, val_loss=0.00473125409629824
2020-10-02 18:43:00,477 - __main__ - INFO - innate_buffer=2000, innate_train_len=2000, innate_val_len=2000
2020-10-02 18:43:00,478 - __main__ - INFO - target_state_list=(6000, 25), target_innate_seq=(6000, 5)
2020-10-02 18:47:43,500 - __main__ - DEBUG - n=7, val_loss=0.004255461038725484
2020-10-02 18:47:58,779 - __main__ - INFO - innate_buffer=2000, innate_train_len=2000, innate_val_len=2000
2020-10-02 18:47:58,780 - __main__ - INFO - target_state_list=(6000, 25), target_innate_seq=(6000, 5)
2020-10-02 18:51:12,639 - __main__ - DEBUG - n=8, val_loss=0.004374136382041616
2020-10-02 18:51:21,365 - __main__ - INFO - innate_buffer=2000, innate_train_len=2000, innate_val_len=2000
2020-10-02 18:51:21,365 - __main__ - INFO - target_state_list=(6000, 25), target_innate_seq=(6000, 5)
2020-10-02 18:54:09,352 - __main__ - DEBUG - n=9, val_loss=0.004264741025286588
2020-10-02 18:54:09,352 - __main__ - INFO - Ntrials=10, total loss avg=0.0041797508100702594, std=0.00028020876347844745
