2020-10-02 17:22:58,499 - __main__ - INFO - n_units=5
2020-10-02 17:22:58,499 - __main__ - INFO - max_energy=1.0
2020-10-02 17:22:58,499 - __main__ - INFO - beta=1e-14
2020-10-02 17:22:58,499 - __main__ - INFO - taudelta=4.0
2020-10-02 17:22:58,499 - __main__ - INFO - V=1
2020-10-02 17:22:58,499 - __main__ - INFO - layers=5
2020-10-02 17:22:58,499 - __main__ - INFO - train_len=2000, val_len=2000, buffer=2000
2020-10-02 17:22:58,499 - __main__ - INFO - alpha=0.5, Ntrials=10
2020-10-02 17:22:58,499 - __main__ - INFO - noise=2e-05, learning rate=0.0,scale_input=0.2
2020-10-02 17:23:13,055 - __main__ - DEBUG - n=0, val_loss=0.003401183004712241
2020-10-02 17:23:23,042 - __main__ - DEBUG - n=1, val_loss=0.0035656122448113
2020-10-02 17:23:32,647 - __main__ - DEBUG - n=2, val_loss=0.0035348822851288446
2020-10-02 17:23:42,257 - __main__ - DEBUG - n=3, val_loss=0.003261962993343885
2020-10-02 17:23:51,879 - __main__ - DEBUG - n=4, val_loss=0.002974616869679805
2020-10-02 17:24:01,509 - __main__ - DEBUG - n=5, val_loss=0.0037968319287160403
2020-10-02 17:24:11,157 - __main__ - DEBUG - n=6, val_loss=0.00419929584099059
2020-10-02 17:24:20,799 - __main__ - DEBUG - n=7, val_loss=0.003211374752937196
2020-10-02 17:24:30,415 - __main__ - DEBUG - n=8, val_loss=0.0032649732658180225
2020-10-02 17:24:39,359 - __main__ - DEBUG - n=9, val_loss=0.0036665766476101916
2020-10-02 17:24:39,359 - __main__ - INFO - Ntrials=10, total loss avg=0.0034877309833748114, std=0.00033013391937203746
