2020-10-02 17:20:53,546 - __main__ - INFO - n_units=5
2020-10-02 17:20:53,546 - __main__ - INFO - max_energy=1.0
2020-10-02 17:20:53,546 - __main__ - INFO - beta=1e-14
2020-10-02 17:20:53,546 - __main__ - INFO - taudelta=4.0
2020-10-02 17:20:53,546 - __main__ - INFO - V=1
2020-10-02 17:20:53,546 - __main__ - INFO - layers=5
2020-10-02 17:20:53,546 - __main__ - INFO - train_len=2000, val_len=2000, buffer=2000
2020-10-02 17:20:53,547 - __main__ - INFO - alpha=0.5, Ntrials=10
2020-10-02 17:20:53,547 - __main__ - INFO - noise=0.002, learning rate=0.0,scale_input=0.2
2020-10-02 17:21:04,561 - __main__ - DEBUG - n=0, val_loss=0.0049108254212845105
2020-10-02 17:21:19,886 - __main__ - DEBUG - n=1, val_loss=0.005345715803933753
2020-10-02 17:21:35,312 - __main__ - DEBUG - n=2, val_loss=0.004530733125922589
2020-10-02 17:21:50,784 - __main__ - DEBUG - n=3, val_loss=0.005072822540352407
2020-10-02 17:22:05,934 - __main__ - DEBUG - n=4, val_loss=0.005090944597742011
2020-10-02 17:22:21,411 - __main__ - DEBUG - n=5, val_loss=0.004834315370361028
2020-10-02 17:22:30,769 - __main__ - DEBUG - n=6, val_loss=0.005832059489115542
2020-10-02 17:22:38,593 - __main__ - DEBUG - n=7, val_loss=0.0056150219702690955
2020-10-02 17:22:46,197 - __main__ - DEBUG - n=8, val_loss=0.0050270044644309805
2020-10-02 17:22:53,725 - __main__ - DEBUG - n=9, val_loss=0.005530800617984558
2020-10-02 17:22:53,725 - __main__ - INFO - Ntrials=10, total loss avg=0.005179024340139647, std=0.00037699665400292305
