2020-10-02 18:12:54,013 - __main__ - INFO - n_units=5
2020-10-02 18:12:54,013 - __main__ - INFO - max_energy=1.0
2020-10-02 18:12:54,014 - __main__ - INFO - beta=1e-14
2020-10-02 18:12:54,014 - __main__ - INFO - taudelta=4.0
2020-10-02 18:12:54,014 - __main__ - INFO - V=1
2020-10-02 18:12:54,014 - __main__ - INFO - layers=5
2020-10-02 18:12:54,014 - __main__ - INFO - train_len=2000, val_len=2000, buffer=2000
2020-10-02 18:12:54,014 - __main__ - INFO - alpha=0.5, Ntrials=10
2020-10-02 18:12:54,014 - __main__ - INFO - noise=0.0008, learning rate=10.0,scale_input=0.2
2020-10-02 18:13:10,135 - __main__ - INFO - innate_buffer=2000, innate_train_len=2000, innate_val_len=2000
2020-10-02 18:13:10,135 - __main__ - INFO - target_state_list=(6000, 25), target_innate_seq=(6000, 5)
2020-10-02 18:17:41,378 - __main__ - DEBUG - n=0, val_loss=0.004194111597775726
2020-10-02 18:17:51,000 - __main__ - INFO - innate_buffer=2000, innate_train_len=2000, innate_val_len=2000
2020-10-02 18:17:51,001 - __main__ - INFO - target_state_list=(6000, 25), target_innate_seq=(6000, 5)
2020-10-02 18:21:11,159 - __main__ - DEBUG - n=1, val_loss=0.004479238880123602
2020-10-02 18:21:20,795 - __main__ - INFO - innate_buffer=2000, innate_train_len=2000, innate_val_len=2000
2020-10-02 18:21:20,795 - __main__ - INFO - target_state_list=(6000, 25), target_innate_seq=(6000, 5)
2020-10-02 18:24:40,791 - __main__ - DEBUG - n=2, val_loss=0.003850309678135246
2020-10-02 18:24:50,461 - __main__ - INFO - innate_buffer=2000, innate_train_len=2000, innate_val_len=2000
2020-10-02 18:24:50,461 - __main__ - INFO - target_state_list=(6000, 25), target_innate_seq=(6000, 5)
2020-10-02 18:28:10,709 - __main__ - DEBUG - n=3, val_loss=0.00445521837046583
2020-10-02 18:28:20,351 - __main__ - INFO - innate_buffer=2000, innate_train_len=2000, innate_val_len=2000
2020-10-02 18:28:20,351 - __main__ - INFO - target_state_list=(6000, 25), target_innate_seq=(6000, 5)
2020-10-02 18:32:15,497 - __main__ - DEBUG - n=4, val_loss=0.004084224895334842
2020-10-02 18:32:31,129 - __main__ - INFO - innate_buffer=2000, innate_train_len=2000, innate_val_len=2000
2020-10-02 18:32:31,130 - __main__ - INFO - target_state_list=(6000, 25), target_innate_seq=(6000, 5)
2020-10-02 18:36:44,459 - __main__ - DEBUG - n=5, val_loss=0.0044867331389893215
2020-10-02 18:36:54,127 - __main__ - INFO - innate_buffer=2000, innate_train_len=2000, innate_val_len=2000
2020-10-02 18:36:54,127 - __main__ - INFO - target_state_list=(6000, 25), target_innate_seq=(6000, 5)
2020-10-02 18:40:49,368 - __main__ - DEBUG - n=6, val_loss=0.00498899942171567
2020-10-02 18:41:06,070 - __main__ - INFO - innate_buffer=2000, innate_train_len=2000, innate_val_len=2000
2020-10-02 18:41:06,070 - __main__ - INFO - target_state_list=(6000, 25), target_innate_seq=(6000, 5)
2020-10-02 18:45:51,518 - __main__ - DEBUG - n=7, val_loss=0.004533539778720612
2020-10-02 18:46:07,084 - __main__ - INFO - innate_buffer=2000, innate_train_len=2000, innate_val_len=2000
2020-10-02 18:46:07,084 - __main__ - INFO - target_state_list=(6000, 25), target_innate_seq=(6000, 5)
2020-10-02 18:50:17,849 - __main__ - DEBUG - n=8, val_loss=0.004625607011125239
2020-10-02 18:50:27,058 - __main__ - INFO - innate_buffer=2000, innate_train_len=2000, innate_val_len=2000
2020-10-02 18:50:27,058 - __main__ - INFO - target_state_list=(6000, 25), target_innate_seq=(6000, 5)
2020-10-02 18:53:25,126 - __main__ - DEBUG - n=9, val_loss=0.0045401463663688945
2020-10-02 18:53:25,126 - __main__ - INFO - Ntrials=10, total loss avg=0.004423812913875498, std=0.0002984520190738557
