2020-10-02 17:27:06,855 - __main__ - INFO - n_units=5
2020-10-02 17:27:06,855 - __main__ - INFO - max_energy=1.0
2020-10-02 17:27:06,855 - __main__ - INFO - beta=1e-14
2020-10-02 17:27:06,855 - __main__ - INFO - taudelta=4.0
2020-10-02 17:27:06,855 - __main__ - INFO - V=1
2020-10-02 17:27:06,855 - __main__ - INFO - layers=5
2020-10-02 17:27:06,855 - __main__ - INFO - train_len=2000, val_len=2000, buffer=2000
2020-10-02 17:27:06,855 - __main__ - INFO - alpha=0.5, Ntrials=10
2020-10-02 17:27:06,855 - __main__ - INFO - noise=0.0007, learning rate=10.0,scale_input=0.2
2020-10-02 17:27:16,973 - __main__ - INFO - innate_buffer=2000, innate_train_len=2000, innate_val_len=2000
2020-10-02 17:27:16,973 - __main__ - INFO - target_state_list=(6000, 25), target_innate_seq=(6000, 5)
2020-10-02 17:32:10,293 - __main__ - DEBUG - n=0, val_loss=0.004262673599790573
2020-10-02 17:32:26,128 - __main__ - INFO - innate_buffer=2000, innate_train_len=2000, innate_val_len=2000
2020-10-02 17:32:26,129 - __main__ - INFO - target_state_list=(6000, 25), target_innate_seq=(6000, 5)
2020-10-02 17:37:49,502 - __main__ - DEBUG - n=1, val_loss=0.004676844773342929
2020-10-02 17:38:05,325 - __main__ - INFO - innate_buffer=2000, innate_train_len=2000, innate_val_len=2000
2020-10-02 17:38:05,325 - __main__ - INFO - target_state_list=(6000, 25), target_innate_seq=(6000, 5)
2020-10-02 17:43:30,435 - __main__ - DEBUG - n=2, val_loss=0.003998198962345035
2020-10-02 17:43:46,025 - __main__ - INFO - innate_buffer=2000, innate_train_len=2000, innate_val_len=2000
2020-10-02 17:43:46,025 - __main__ - INFO - target_state_list=(6000, 25), target_innate_seq=(6000, 5)
2020-10-02 17:49:14,780 - __main__ - DEBUG - n=3, val_loss=0.004477936750670039
2020-10-02 17:49:30,164 - __main__ - INFO - innate_buffer=2000, innate_train_len=2000, innate_val_len=2000
2020-10-02 17:49:30,164 - __main__ - INFO - target_state_list=(6000, 25), target_innate_seq=(6000, 5)
2020-10-02 17:52:55,655 - __main__ - DEBUG - n=4, val_loss=0.004507081243089432
2020-10-02 17:53:05,011 - __main__ - INFO - innate_buffer=2000, innate_train_len=2000, innate_val_len=2000
2020-10-02 17:53:05,011 - __main__ - INFO - target_state_list=(6000, 25), target_innate_seq=(6000, 5)
2020-10-02 17:56:22,325 - __main__ - DEBUG - n=5, val_loss=0.004221425331189966
2020-10-02 17:56:31,717 - __main__ - INFO - innate_buffer=2000, innate_train_len=2000, innate_val_len=2000
2020-10-02 17:56:31,717 - __main__ - INFO - target_state_list=(6000, 25), target_innate_seq=(6000, 5)
2020-10-02 17:59:59,042 - __main__ - DEBUG - n=6, val_loss=0.005125626659255864
2020-10-02 18:00:08,460 - __main__ - INFO - innate_buffer=2000, innate_train_len=2000, innate_val_len=2000
2020-10-02 18:00:08,461 - __main__ - INFO - target_state_list=(6000, 25), target_innate_seq=(6000, 5)
2020-10-02 18:03:44,919 - __main__ - DEBUG - n=7, val_loss=0.004932138794897517
2020-10-02 18:03:53,656 - __main__ - INFO - innate_buffer=2000, innate_train_len=2000, innate_val_len=2000
2020-10-02 18:03:53,656 - __main__ - INFO - target_state_list=(6000, 25), target_innate_seq=(6000, 5)
2020-10-02 18:06:48,402 - __main__ - DEBUG - n=8, val_loss=0.004541844708131033
2020-10-02 18:06:56,269 - __main__ - INFO - innate_buffer=2000, innate_train_len=2000, innate_val_len=2000
2020-10-02 18:06:56,269 - __main__ - INFO - target_state_list=(6000, 25), target_innate_seq=(6000, 5)
2020-10-02 18:09:33,521 - __main__ - DEBUG - n=9, val_loss=0.004834309246542036
2020-10-02 18:09:33,521 - __main__ - INFO - Ntrials=10, total loss avg=0.004557808006925442, std=0.0003279926222746894
