2020-10-02 17:27:06,825 - __main__ - INFO - n_units=5
2020-10-02 17:27:06,825 - __main__ - INFO - max_energy=1.0
2020-10-02 17:27:06,825 - __main__ - INFO - beta=1e-14
2020-10-02 17:27:06,826 - __main__ - INFO - taudelta=4.0
2020-10-02 17:27:06,826 - __main__ - INFO - V=1
2020-10-02 17:27:06,826 - __main__ - INFO - layers=5
2020-10-02 17:27:06,826 - __main__ - INFO - train_len=2000, val_len=2000, buffer=2000
2020-10-02 17:27:06,826 - __main__ - INFO - alpha=0.5, Ntrials=10
2020-10-02 17:27:06,826 - __main__ - INFO - noise=0.009000000000000001, learning rate=10.0,scale_input=0.2
2020-10-02 17:27:15,857 - __main__ - INFO - innate_buffer=2000, innate_train_len=2000, innate_val_len=2000
2020-10-02 17:27:15,857 - __main__ - INFO - target_state_list=(6000, 25), target_innate_seq=(6000, 5)
2020-10-02 17:30:31,881 - __main__ - DEBUG - n=0, val_loss=0.0060837246646157596
2020-10-02 17:30:41,161 - __main__ - INFO - innate_buffer=2000, innate_train_len=2000, innate_val_len=2000
2020-10-02 17:30:41,162 - __main__ - INFO - target_state_list=(6000, 25), target_innate_seq=(6000, 5)
2020-10-02 17:33:58,927 - __main__ - DEBUG - n=1, val_loss=0.006693301067504279
2020-10-02 17:34:08,221 - __main__ - INFO - innate_buffer=2000, innate_train_len=2000, innate_val_len=2000
2020-10-02 17:34:08,221 - __main__ - INFO - target_state_list=(6000, 25), target_innate_seq=(6000, 5)
2020-10-02 17:37:26,452 - __main__ - DEBUG - n=2, val_loss=0.005682571432169735
2020-10-02 17:37:35,788 - __main__ - INFO - innate_buffer=2000, innate_train_len=2000, innate_val_len=2000
2020-10-02 17:37:35,788 - __main__ - INFO - target_state_list=(6000, 25), target_innate_seq=(6000, 5)
2020-10-02 17:40:58,434 - __main__ - DEBUG - n=3, val_loss=0.006323029534335428
2020-10-02 17:41:07,706 - __main__ - INFO - innate_buffer=2000, innate_train_len=2000, innate_val_len=2000
2020-10-02 17:41:07,706 - __main__ - INFO - target_state_list=(6000, 25), target_innate_seq=(6000, 5)
2020-10-02 17:44:26,227 - __main__ - DEBUG - n=4, val_loss=0.0063023772361100044
2020-10-02 17:44:35,500 - __main__ - INFO - innate_buffer=2000, innate_train_len=2000, innate_val_len=2000
2020-10-02 17:44:35,500 - __main__ - INFO - target_state_list=(6000, 25), target_innate_seq=(6000, 5)
2020-10-02 17:48:26,513 - __main__ - DEBUG - n=5, val_loss=0.006795513014486833
2020-10-02 17:48:35,856 - __main__ - INFO - innate_buffer=2000, innate_train_len=2000, innate_val_len=2000
2020-10-02 17:48:35,856 - __main__ - INFO - target_state_list=(6000, 25), target_innate_seq=(6000, 5)
2020-10-02 17:52:29,058 - __main__ - DEBUG - n=6, val_loss=0.007120137142511754
2020-10-02 17:52:38,393 - __main__ - INFO - innate_buffer=2000, innate_train_len=2000, innate_val_len=2000
2020-10-02 17:52:38,393 - __main__ - INFO - target_state_list=(6000, 25), target_innate_seq=(6000, 5)
2020-10-02 17:56:51,892 - __main__ - DEBUG - n=7, val_loss=0.006722558872008574
2020-10-02 17:57:07,570 - __main__ - INFO - innate_buffer=2000, innate_train_len=2000, innate_val_len=2000
2020-10-02 17:57:07,570 - __main__ - INFO - target_state_list=(6000, 25), target_innate_seq=(6000, 5)
2020-10-02 18:01:42,659 - __main__ - DEBUG - n=8, val_loss=0.005981748399657081
2020-10-02 18:01:51,897 - __main__ - INFO - innate_buffer=2000, innate_train_len=2000, innate_val_len=2000
2020-10-02 18:01:51,897 - __main__ - INFO - target_state_list=(6000, 25), target_innate_seq=(6000, 5)
2020-10-02 18:04:58,951 - __main__ - DEBUG - n=9, val_loss=0.0067967979642356595
2020-10-02 18:04:58,951 - __main__ - INFO - Ntrials=10, total loss avg=0.00645017593276351, std=0.0004245577779777074
