2020-10-02 17:22:58,460 - __main__ - INFO - n_units=5
2020-10-02 17:22:58,460 - __main__ - INFO - max_energy=1.0
2020-10-02 17:22:58,460 - __main__ - INFO - beta=1e-14
2020-10-02 17:22:58,460 - __main__ - INFO - taudelta=4.0
2020-10-02 17:22:58,461 - __main__ - INFO - V=1
2020-10-02 17:22:58,461 - __main__ - INFO - layers=5
2020-10-02 17:22:58,461 - __main__ - INFO - train_len=2000, val_len=2000, buffer=2000
2020-10-02 17:22:58,461 - __main__ - INFO - alpha=0.5, Ntrials=10
2020-10-02 17:22:58,461 - __main__ - INFO - noise=9e-06, learning rate=0.0,scale_input=0.2
2020-10-02 17:23:09,879 - __main__ - DEBUG - n=0, val_loss=0.002869401177679692
2020-10-02 17:23:19,315 - __main__ - DEBUG - n=1, val_loss=0.003094219858650815
2020-10-02 17:23:28,779 - __main__ - DEBUG - n=2, val_loss=0.0028555976552073026
2020-10-02 17:23:38,253 - __main__ - DEBUG - n=3, val_loss=0.0029961731442519983
2020-10-02 17:23:47,737 - __main__ - DEBUG - n=4, val_loss=0.0030278235144649106
2020-10-02 17:23:57,213 - __main__ - DEBUG - n=5, val_loss=0.0033584133777978063
2020-10-02 17:24:06,699 - __main__ - DEBUG - n=6, val_loss=0.003737901676764883
2020-10-02 17:24:16,184 - __main__ - DEBUG - n=7, val_loss=0.00314373825239777
2020-10-02 17:24:25,659 - __main__ - DEBUG - n=8, val_loss=0.0031233621308522272
2020-10-02 17:24:34,999 - __main__ - DEBUG - n=9, val_loss=0.0030276087316959297
2020-10-02 17:24:34,999 - __main__ - INFO - Ntrials=10, total loss avg=0.0031234239519763334, std=0.00024593489412002445
