2020-10-02 17:20:53,553 - __main__ - INFO - n_units=5
2020-10-02 17:20:53,554 - __main__ - INFO - max_energy=1.0
2020-10-02 17:20:53,554 - __main__ - INFO - beta=1e-14
2020-10-02 17:20:53,554 - __main__ - INFO - taudelta=4.0
2020-10-02 17:20:53,554 - __main__ - INFO - V=1
2020-10-02 17:20:53,554 - __main__ - INFO - layers=5
2020-10-02 17:20:53,554 - __main__ - INFO - train_len=2000, val_len=2000, buffer=2000
2020-10-02 17:20:53,554 - __main__ - INFO - alpha=0.5, Ntrials=10
2020-10-02 17:20:53,554 - __main__ - INFO - noise=0.008, learning rate=0.0,scale_input=0.2
2020-10-02 17:21:09,925 - __main__ - DEBUG - n=0, val_loss=0.005565297537153323
2020-10-02 17:21:26,070 - __main__ - DEBUG - n=1, val_loss=0.005901319755883245
2020-10-02 17:21:41,435 - __main__ - DEBUG - n=2, val_loss=0.005289146833641272
2020-10-02 17:21:56,700 - __main__ - DEBUG - n=3, val_loss=0.00554800161112686
2020-10-02 17:22:12,848 - __main__ - DEBUG - n=4, val_loss=0.005550817175102484
2020-10-02 17:22:23,982 - __main__ - DEBUG - n=5, val_loss=0.005636099814587238
2020-10-02 17:22:32,299 - __main__ - DEBUG - n=6, val_loss=0.006399598852722898
2020-10-02 17:22:40,182 - __main__ - DEBUG - n=7, val_loss=0.006134067719416265
2020-10-02 17:22:47,818 - __main__ - DEBUG - n=8, val_loss=0.005341335771472894
2020-10-02 17:22:55,269 - __main__ - DEBUG - n=9, val_loss=0.006064967886599403
2020-10-02 17:22:55,269 - __main__ - INFO - Ntrials=10, total loss avg=0.005743065295770589, std=0.00034613085833528186
