2020-10-02 17:20:53,524 - __main__ - INFO - n_units=5
2020-10-02 17:20:53,524 - __main__ - INFO - max_energy=1.0
2020-10-02 17:20:53,524 - __main__ - INFO - beta=1e-14
2020-10-02 17:20:53,524 - __main__ - INFO - taudelta=4.0
2020-10-02 17:20:53,524 - __main__ - INFO - V=1
2020-10-02 17:20:53,524 - __main__ - INFO - layers=5
2020-10-02 17:20:53,525 - __main__ - INFO - train_len=2000, val_len=2000, buffer=2000
2020-10-02 17:20:53,525 - __main__ - INFO - alpha=0.5, Ntrials=10
2020-10-02 17:20:53,525 - __main__ - INFO - noise=7e-06, learning rate=0.0,scale_input=0.2
2020-10-02 17:21:02,709 - __main__ - DEBUG - n=0, val_loss=0.0030376958730669833
2020-10-02 17:21:11,967 - __main__ - DEBUG - n=1, val_loss=0.0031265612761558104
2020-10-02 17:21:21,234 - __main__ - DEBUG - n=2, val_loss=0.0030089012686254136
2020-10-02 17:21:30,539 - __main__ - DEBUG - n=3, val_loss=0.002972478104454178
2020-10-02 17:21:39,864 - __main__ - DEBUG - n=4, val_loss=0.0032401054693996997
2020-10-02 17:21:49,190 - __main__ - DEBUG - n=5, val_loss=0.003124707568961695
2020-10-02 17:21:58,531 - __main__ - DEBUG - n=6, val_loss=0.003531719339266117
2020-10-02 17:22:07,855 - __main__ - DEBUG - n=7, val_loss=0.003400903060994088
2020-10-02 17:22:17,177 - __main__ - DEBUG - n=8, val_loss=0.003085394808262245
2020-10-02 17:22:26,418 - __main__ - DEBUG - n=9, val_loss=0.003178688448195719
2020-10-02 17:22:26,418 - __main__ - INFO - Ntrials=10, total loss avg=0.0031707155217381945, std=0.0001681400303959044
