2020-10-02 17:27:06,829 - __main__ - INFO - n_units=5
2020-10-02 17:27:06,829 - __main__ - INFO - max_energy=1.0
2020-10-02 17:27:06,829 - __main__ - INFO - beta=1e-14
2020-10-02 17:27:06,829 - __main__ - INFO - taudelta=4.0
2020-10-02 17:27:06,829 - __main__ - INFO - V=1
2020-10-02 17:27:06,829 - __main__ - INFO - layers=5
2020-10-02 17:27:06,829 - __main__ - INFO - train_len=2000, val_len=2000, buffer=2000
2020-10-02 17:27:06,829 - __main__ - INFO - alpha=0.5, Ntrials=10
2020-10-02 17:27:06,829 - __main__ - INFO - noise=3e-06, learning rate=10.0,scale_input=0.2
2020-10-02 17:27:22,757 - __main__ - INFO - innate_buffer=2000, innate_train_len=2000, innate_val_len=2000
2020-10-02 17:27:22,758 - __main__ - INFO - target_state_list=(6000, 25), target_innate_seq=(6000, 5)
2020-10-02 17:32:44,891 - __main__ - DEBUG - n=0, val_loss=0.002939563195854376
2020-10-02 17:33:00,424 - __main__ - INFO - innate_buffer=2000, innate_train_len=2000, innate_val_len=2000
2020-10-02 17:33:00,424 - __main__ - INFO - target_state_list=(6000, 25), target_innate_seq=(6000, 5)
2020-10-02 17:38:23,783 - __main__ - DEBUG - n=1, val_loss=0.0029718298782131993
2020-10-02 17:38:39,081 - __main__ - INFO - innate_buffer=2000, innate_train_len=2000, innate_val_len=2000
2020-10-02 17:38:39,081 - __main__ - INFO - target_state_list=(6000, 25), target_innate_seq=(6000, 5)
2020-10-02 17:43:07,671 - __main__ - DEBUG - n=2, val_loss=0.0029034392964542026
2020-10-02 17:43:17,068 - __main__ - INFO - innate_buffer=2000, innate_train_len=2000, innate_val_len=2000
2020-10-02 17:43:17,068 - __main__ - INFO - target_state_list=(6000, 25), target_innate_seq=(6000, 5)
2020-10-02 17:46:35,586 - __main__ - DEBUG - n=3, val_loss=0.002879295139262031
2020-10-02 17:46:47,800 - __main__ - INFO - innate_buffer=2000, innate_train_len=2000, innate_val_len=2000
2020-10-02 17:46:47,800 - __main__ - INFO - target_state_list=(6000, 25), target_innate_seq=(6000, 5)
2020-10-02 17:50:06,793 - __main__ - DEBUG - n=4, val_loss=0.0031035935350044322
2020-10-02 17:50:16,209 - __main__ - INFO - innate_buffer=2000, innate_train_len=2000, innate_val_len=2000
2020-10-02 17:50:16,209 - __main__ - INFO - target_state_list=(6000, 25), target_innate_seq=(6000, 5)
2020-10-02 17:53:34,149 - __main__ - DEBUG - n=5, val_loss=0.003008102153277846
2020-10-02 17:53:43,516 - __main__ - INFO - innate_buffer=2000, innate_train_len=2000, innate_val_len=2000
2020-10-02 17:53:43,516 - __main__ - INFO - target_state_list=(6000, 25), target_innate_seq=(6000, 5)
2020-10-02 17:57:01,357 - __main__ - DEBUG - n=6, val_loss=0.0033930627957615275
2020-10-02 17:57:10,731 - __main__ - INFO - innate_buffer=2000, innate_train_len=2000, innate_val_len=2000
2020-10-02 17:57:10,732 - __main__ - INFO - target_state_list=(6000, 25), target_innate_seq=(6000, 5)
2020-10-02 18:00:29,315 - __main__ - DEBUG - n=7, val_loss=0.003276087266464283
2020-10-02 18:00:38,774 - __main__ - INFO - innate_buffer=2000, innate_train_len=2000, innate_val_len=2000
2020-10-02 18:00:38,775 - __main__ - INFO - target_state_list=(6000, 25), target_innate_seq=(6000, 5)
2020-10-02 18:03:52,203 - __main__ - DEBUG - n=8, val_loss=0.0030147174436550082
2020-10-02 18:04:00,852 - __main__ - INFO - innate_buffer=2000, innate_train_len=2000, innate_val_len=2000
2020-10-02 18:04:00,852 - __main__ - INFO - target_state_list=(6000, 25), target_innate_seq=(6000, 5)
2020-10-02 18:06:55,445 - __main__ - DEBUG - n=9, val_loss=0.0030688613665094747
2020-10-02 18:06:55,445 - __main__ - INFO - Ntrials=10, total loss avg=0.003055855207045638, std=0.00015608332737165477
