2020-10-02 18:12:54,017 - __main__ - INFO - n_units=5
2020-10-02 18:12:54,017 - __main__ - INFO - max_energy=1.0
2020-10-02 18:12:54,017 - __main__ - INFO - beta=1e-14
2020-10-02 18:12:54,017 - __main__ - INFO - taudelta=4.0
2020-10-02 18:12:54,017 - __main__ - INFO - V=1
2020-10-02 18:12:54,017 - __main__ - INFO - layers=5
2020-10-02 18:12:54,017 - __main__ - INFO - train_len=2000, val_len=2000, buffer=2000
2020-10-02 18:12:54,017 - __main__ - INFO - alpha=0.5, Ntrials=10
2020-10-02 18:12:54,017 - __main__ - INFO - noise=0.003, learning rate=10.0,scale_input=0.2
2020-10-02 18:13:03,322 - __main__ - INFO - innate_buffer=2000, innate_train_len=2000, innate_val_len=2000
2020-10-02 18:13:03,322 - __main__ - INFO - target_state_list=(6000, 25), target_innate_seq=(6000, 5)
2020-10-02 18:16:18,477 - __main__ - DEBUG - n=0, val_loss=0.00495077411563124
2020-10-02 18:16:27,960 - __main__ - INFO - innate_buffer=2000, innate_train_len=2000, innate_val_len=2000
2020-10-02 18:16:27,960 - __main__ - INFO - target_state_list=(6000, 25), target_innate_seq=(6000, 5)
2020-10-02 18:19:57,858 - __main__ - DEBUG - n=1, val_loss=0.005142842228037814
2020-10-02 18:20:07,375 - __main__ - INFO - innate_buffer=2000, innate_train_len=2000, innate_val_len=2000
2020-10-02 18:20:07,375 - __main__ - INFO - target_state_list=(6000, 25), target_innate_seq=(6000, 5)
2020-10-02 18:24:06,014 - __main__ - DEBUG - n=2, val_loss=0.004525842860888827
2020-10-02 18:24:21,951 - __main__ - INFO - innate_buffer=2000, innate_train_len=2000, innate_val_len=2000
2020-10-02 18:24:21,951 - __main__ - INFO - target_state_list=(6000, 25), target_innate_seq=(6000, 5)
2020-10-02 18:28:00,069 - __main__ - DEBUG - n=3, val_loss=0.005001215387521354
2020-10-02 18:28:09,585 - __main__ - INFO - innate_buffer=2000, innate_train_len=2000, innate_val_len=2000
2020-10-02 18:28:09,586 - __main__ - INFO - target_state_list=(6000, 25), target_innate_seq=(6000, 5)
2020-10-02 18:31:27,806 - __main__ - DEBUG - n=4, val_loss=0.00465381927687767
2020-10-02 18:31:37,345 - __main__ - INFO - innate_buffer=2000, innate_train_len=2000, innate_val_len=2000
2020-10-02 18:31:37,345 - __main__ - INFO - target_state_list=(6000, 25), target_innate_seq=(6000, 5)
2020-10-02 18:34:55,334 - __main__ - DEBUG - n=5, val_loss=0.005219491349090271
2020-10-02 18:35:04,845 - __main__ - INFO - innate_buffer=2000, innate_train_len=2000, innate_val_len=2000
2020-10-02 18:35:04,845 - __main__ - INFO - target_state_list=(6000, 25), target_innate_seq=(6000, 5)
2020-10-02 18:38:23,181 - __main__ - DEBUG - n=6, val_loss=0.005653999106802891
2020-10-02 18:38:32,724 - __main__ - INFO - innate_buffer=2000, innate_train_len=2000, innate_val_len=2000
2020-10-02 18:38:32,724 - __main__ - INFO - target_state_list=(6000, 25), target_innate_seq=(6000, 5)
2020-10-02 18:42:59,025 - __main__ - DEBUG - n=7, val_loss=0.005189202304329004
2020-10-02 18:43:14,332 - __main__ - INFO - innate_buffer=2000, innate_train_len=2000, innate_val_len=2000
2020-10-02 18:43:14,332 - __main__ - INFO - target_state_list=(6000, 25), target_innate_seq=(6000, 5)
2020-10-02 18:48:36,286 - __main__ - DEBUG - n=8, val_loss=0.005146831368202747
2020-10-02 18:48:51,947 - __main__ - INFO - innate_buffer=2000, innate_train_len=2000, innate_val_len=2000
2020-10-02 18:48:51,947 - __main__ - INFO - target_state_list=(6000, 25), target_innate_seq=(6000, 5)
2020-10-02 18:52:03,045 - __main__ - DEBUG - n=9, val_loss=0.00520263569282777
2020-10-02 18:52:03,046 - __main__ - INFO - Ntrials=10, total loss avg=0.005068665369020959, std=0.0002991078056917272
