2020-10-02 18:12:54,007 - __main__ - INFO - n_units=5
2020-10-02 18:12:54,007 - __main__ - INFO - max_energy=1.0
2020-10-02 18:12:54,008 - __main__ - INFO - beta=1e-14
2020-10-02 18:12:54,008 - __main__ - INFO - taudelta=4.0
2020-10-02 18:12:54,008 - __main__ - INFO - V=1
2020-10-02 18:12:54,008 - __main__ - INFO - layers=5
2020-10-02 18:12:54,008 - __main__ - INFO - train_len=2000, val_len=2000, buffer=2000
2020-10-02 18:12:54,008 - __main__ - INFO - alpha=0.5, Ntrials=10
2020-10-02 18:12:54,008 - __main__ - INFO - noise=0.0001, learning rate=10.0,scale_input=0.2
2020-10-02 18:13:03,311 - __main__ - INFO - innate_buffer=2000, innate_train_len=2000, innate_val_len=2000
2020-10-02 18:13:03,311 - __main__ - INFO - target_state_list=(6000, 25), target_innate_seq=(6000, 5)
2020-10-02 18:16:19,229 - __main__ - DEBUG - n=0, val_loss=0.003314810529761473
2020-10-02 18:16:28,732 - __main__ - INFO - innate_buffer=2000, innate_train_len=2000, innate_val_len=2000
2020-10-02 18:16:28,732 - __main__ - INFO - target_state_list=(6000, 25), target_innate_seq=(6000, 5)
2020-10-02 18:21:26,427 - __main__ - DEBUG - n=1, val_loss=0.003525164546304742
2020-10-02 18:21:42,530 - __main__ - INFO - innate_buffer=2000, innate_train_len=2000, innate_val_len=2000
2020-10-02 18:21:42,530 - __main__ - INFO - target_state_list=(6000, 25), target_innate_seq=(6000, 5)
2020-10-02 18:26:03,165 - __main__ - DEBUG - n=2, val_loss=0.0032925653427740196
2020-10-02 18:26:19,230 - __main__ - INFO - innate_buffer=2000, innate_train_len=2000, innate_val_len=2000
2020-10-02 18:26:19,230 - __main__ - INFO - target_state_list=(6000, 25), target_innate_seq=(6000, 5)
2020-10-02 18:30:16,952 - __main__ - DEBUG - n=3, val_loss=0.0034856971624741715
2020-10-02 18:30:30,067 - __main__ - INFO - innate_buffer=2000, innate_train_len=2000, innate_val_len=2000
2020-10-02 18:30:30,068 - __main__ - INFO - target_state_list=(6000, 25), target_innate_seq=(6000, 5)
2020-10-02 18:35:56,376 - __main__ - DEBUG - n=4, val_loss=0.003332587108338969
2020-10-02 18:36:11,953 - __main__ - INFO - innate_buffer=2000, innate_train_len=2000, innate_val_len=2000
2020-10-02 18:36:11,953 - __main__ - INFO - target_state_list=(6000, 25), target_innate_seq=(6000, 5)
2020-10-02 18:40:36,703 - __main__ - DEBUG - n=5, val_loss=0.0037824777611121328
2020-10-02 18:40:46,272 - __main__ - INFO - innate_buffer=2000, innate_train_len=2000, innate_val_len=2000
2020-10-02 18:40:46,272 - __main__ - INFO - target_state_list=(6000, 25), target_innate_seq=(6000, 5)
2020-10-02 18:44:05,389 - __main__ - DEBUG - n=6, val_loss=0.004099389857827706
2020-10-02 18:44:14,973 - __main__ - INFO - innate_buffer=2000, innate_train_len=2000, innate_val_len=2000
2020-10-02 18:44:14,973 - __main__ - INFO - target_state_list=(6000, 25), target_innate_seq=(6000, 5)
2020-10-02 18:47:34,305 - __main__ - DEBUG - n=7, val_loss=0.003539703684598945
2020-10-02 18:47:43,859 - __main__ - INFO - innate_buffer=2000, innate_train_len=2000, innate_val_len=2000
2020-10-02 18:47:43,859 - __main__ - INFO - target_state_list=(6000, 25), target_innate_seq=(6000, 5)
2020-10-02 18:50:55,066 - __main__ - DEBUG - n=8, val_loss=0.003589520529415459
2020-10-02 18:51:03,934 - __main__ - INFO - innate_buffer=2000, innate_train_len=2000, innate_val_len=2000
2020-10-02 18:51:03,934 - __main__ - INFO - target_state_list=(6000, 25), target_innate_seq=(6000, 5)
2020-10-02 18:53:57,189 - __main__ - DEBUG - n=9, val_loss=0.0035318159041285574
2020-10-02 18:53:57,189 - __main__ - INFO - Ntrials=10, total loss avg=0.0035493732426736175, std=0.00023053773108401226
