2020-10-02 17:20:53,526 - __main__ - INFO - n_units=5
2020-10-02 17:20:53,527 - __main__ - INFO - max_energy=1.0
2020-10-02 17:20:53,527 - __main__ - INFO - beta=1e-14
2020-10-02 17:20:53,527 - __main__ - INFO - taudelta=4.0
2020-10-02 17:20:53,527 - __main__ - INFO - V=1
2020-10-02 17:20:53,527 - __main__ - INFO - layers=5
2020-10-02 17:20:53,527 - __main__ - INFO - train_len=2000, val_len=2000, buffer=2000
2020-10-02 17:20:53,527 - __main__ - INFO - alpha=0.5, Ntrials=10
2020-10-02 17:20:53,527 - __main__ - INFO - noise=1e-05, learning rate=0.0,scale_input=0.2
2020-10-02 17:21:03,508 - __main__ - DEBUG - n=0, val_loss=0.003080554373834201
2020-10-02 17:21:12,810 - __main__ - DEBUG - n=1, val_loss=0.003186856587270555
2020-10-02 17:21:22,106 - __main__ - DEBUG - n=2, val_loss=0.0030599927835702583
2020-10-02 17:21:31,431 - __main__ - DEBUG - n=3, val_loss=0.0030126464151953437
2020-10-02 17:21:40,774 - __main__ - DEBUG - n=4, val_loss=0.003293528646137458
2020-10-02 17:21:50,114 - __main__ - DEBUG - n=5, val_loss=0.0031738753439283867
2020-10-02 17:21:59,467 - __main__ - DEBUG - n=6, val_loss=0.0035856066083688022
2020-10-02 17:22:08,810 - __main__ - DEBUG - n=7, val_loss=0.003451873278048738
2020-10-02 17:22:18,151 - __main__ - DEBUG - n=8, val_loss=0.003122732157091287
2020-10-02 17:22:27,321 - __main__ - DEBUG - n=9, val_loss=0.0032304656855591564
2020-10-02 17:22:27,321 - __main__ - INFO - Ntrials=10, total loss avg=0.0032198131879004185, std=0.00017137063827048438
