2020-10-02 18:12:54,030 - __main__ - INFO - n_units=5
2020-10-02 18:12:54,030 - __main__ - INFO - max_energy=1.0
2020-10-02 18:12:54,030 - __main__ - INFO - beta=1e-14
2020-10-02 18:12:54,030 - __main__ - INFO - taudelta=4.0
2020-10-02 18:12:54,030 - __main__ - INFO - V=1
2020-10-02 18:12:54,030 - __main__ - INFO - layers=5
2020-10-02 18:12:54,030 - __main__ - INFO - train_len=2000, val_len=2000, buffer=2000
2020-10-02 18:12:54,030 - __main__ - INFO - alpha=0.5, Ntrials=10
2020-10-02 18:12:54,030 - __main__ - INFO - noise=6e-06, learning rate=10.0,scale_input=0.2
2020-10-02 18:13:04,350 - __main__ - INFO - innate_buffer=2000, innate_train_len=2000, innate_val_len=2000
2020-10-02 18:13:04,350 - __main__ - INFO - target_state_list=(6000, 25), target_innate_seq=(6000, 5)
2020-10-02 18:16:22,884 - __main__ - DEBUG - n=0, val_loss=0.0030601364463485633
2020-10-02 18:16:32,693 - __main__ - INFO - innate_buffer=2000, innate_train_len=2000, innate_val_len=2000
2020-10-02 18:16:32,693 - __main__ - INFO - target_state_list=(6000, 25), target_innate_seq=(6000, 5)
2020-10-02 18:19:53,799 - __main__ - DEBUG - n=1, val_loss=0.0033590808772136008
2020-10-02 18:20:03,570 - __main__ - INFO - innate_buffer=2000, innate_train_len=2000, innate_val_len=2000
2020-10-02 18:20:03,570 - __main__ - INFO - target_state_list=(6000, 25), target_innate_seq=(6000, 5)
2020-10-02 18:23:45,766 - __main__ - DEBUG - n=2, val_loss=0.0030696336662870377
2020-10-02 18:24:01,831 - __main__ - INFO - innate_buffer=2000, innate_train_len=2000, innate_val_len=2000
2020-10-02 18:24:01,831 - __main__ - INFO - target_state_list=(6000, 25), target_innate_seq=(6000, 5)
2020-10-02 18:29:20,694 - __main__ - DEBUG - n=3, val_loss=0.003064697075162785
2020-10-02 18:29:36,896 - __main__ - INFO - innate_buffer=2000, innate_train_len=2000, innate_val_len=2000
2020-10-02 18:29:36,896 - __main__ - INFO - target_state_list=(6000, 25), target_innate_seq=(6000, 5)
2020-10-02 18:33:33,360 - __main__ - DEBUG - n=4, val_loss=0.0028913816288118717
2020-10-02 18:33:43,148 - __main__ - INFO - innate_buffer=2000, innate_train_len=2000, innate_val_len=2000
2020-10-02 18:33:43,148 - __main__ - INFO - target_state_list=(6000, 25), target_innate_seq=(6000, 5)
2020-10-02 18:37:03,627 - __main__ - DEBUG - n=5, val_loss=0.0035409569135273137
2020-10-02 18:37:13,408 - __main__ - INFO - innate_buffer=2000, innate_train_len=2000, innate_val_len=2000
2020-10-02 18:37:13,408 - __main__ - INFO - target_state_list=(6000, 25), target_innate_seq=(6000, 5)
2020-10-02 18:40:36,444 - __main__ - DEBUG - n=6, val_loss=0.004062916988264536
2020-10-02 18:40:46,301 - __main__ - INFO - innate_buffer=2000, innate_train_len=2000, innate_val_len=2000
2020-10-02 18:40:46,301 - __main__ - INFO - target_state_list=(6000, 25), target_innate_seq=(6000, 5)
2020-10-02 18:44:07,716 - __main__ - DEBUG - n=7, val_loss=0.0030469647477645205
2020-10-02 18:44:17,448 - __main__ - INFO - innate_buffer=2000, innate_train_len=2000, innate_val_len=2000
2020-10-02 18:44:17,448 - __main__ - INFO - target_state_list=(6000, 25), target_innate_seq=(6000, 5)
2020-10-02 18:47:41,248 - __main__ - DEBUG - n=8, val_loss=0.0031020395375887565
2020-10-02 18:47:50,986 - __main__ - INFO - innate_buffer=2000, innate_train_len=2000, innate_val_len=2000
2020-10-02 18:47:50,986 - __main__ - INFO - target_state_list=(6000, 25), target_innate_seq=(6000, 5)
2020-10-02 18:51:04,621 - __main__ - DEBUG - n=9, val_loss=0.00351825846278388
2020-10-02 18:51:04,621 - __main__ - INFO - Ntrials=10, total loss avg=0.003271606634375286, std=0.00033456282444607386
