2020-10-02 17:22:58,495 - __main__ - INFO - n_units=5
2020-10-02 17:22:58,495 - __main__ - INFO - max_energy=1.0
2020-10-02 17:22:58,495 - __main__ - INFO - beta=1e-14
2020-10-02 17:22:58,495 - __main__ - INFO - taudelta=4.0
2020-10-02 17:22:58,495 - __main__ - INFO - V=1
2020-10-02 17:22:58,495 - __main__ - INFO - layers=5
2020-10-02 17:22:58,495 - __main__ - INFO - train_len=2000, val_len=2000, buffer=2000
2020-10-02 17:22:58,495 - __main__ - INFO - alpha=0.5, Ntrials=10
2020-10-02 17:22:58,495 - __main__ - INFO - noise=7e-06, learning rate=0.0,scale_input=0.2
2020-10-02 17:23:09,453 - __main__ - DEBUG - n=0, val_loss=0.0030957338586606134
2020-10-02 17:23:19,051 - __main__ - DEBUG - n=1, val_loss=0.0033938382699192308
2020-10-02 17:23:28,657 - __main__ - DEBUG - n=2, val_loss=0.003097715573589647
2020-10-02 17:23:38,265 - __main__ - DEBUG - n=3, val_loss=0.00307976085804263
2020-10-02 17:23:47,884 - __main__ - DEBUG - n=4, val_loss=0.002904488795871296
2020-10-02 17:23:57,494 - __main__ - DEBUG - n=5, val_loss=0.003575770635765264
2020-10-02 17:24:07,125 - __main__ - DEBUG - n=6, val_loss=0.004078891132260461
2020-10-02 17:24:16,779 - __main__ - DEBUG - n=7, val_loss=0.0030668501186796667
2020-10-02 17:24:26,383 - __main__ - DEBUG - n=8, val_loss=0.0031504037777021765
2020-10-02 17:24:35,837 - __main__ - DEBUG - n=9, val_loss=0.0035323697505132757
2020-10-02 17:24:35,837 - __main__ - INFO - Ntrials=10, total loss avg=0.0032975822771004262, std=0.0003331335531392739
