2020-10-02 17:20:53,533 - __main__ - INFO - n_units=5
2020-10-02 17:20:53,533 - __main__ - INFO - max_energy=1.0
2020-10-02 17:20:53,533 - __main__ - INFO - beta=1e-14
2020-10-02 17:20:53,534 - __main__ - INFO - taudelta=4.0
2020-10-02 17:20:53,534 - __main__ - INFO - V=1
2020-10-02 17:20:53,534 - __main__ - INFO - layers=5
2020-10-02 17:20:53,534 - __main__ - INFO - train_len=2000, val_len=2000, buffer=2000
2020-10-02 17:20:53,534 - __main__ - INFO - alpha=0.5, Ntrials=10
2020-10-02 17:20:53,534 - __main__ - INFO - noise=8e-05, learning rate=0.0,scale_input=0.2
2020-10-02 17:21:09,184 - __main__ - DEBUG - n=0, val_loss=0.0034084484869150063
2020-10-02 17:21:24,489 - __main__ - DEBUG - n=1, val_loss=0.0036357315781926887
2020-10-02 17:21:40,080 - __main__ - DEBUG - n=2, val_loss=0.003420844756866586
2020-10-02 17:21:55,498 - __main__ - DEBUG - n=3, val_loss=0.0034139634892914445
2020-10-02 17:22:11,251 - __main__ - DEBUG - n=4, val_loss=0.003622083085611232
2020-10-02 17:22:26,405 - __main__ - DEBUG - n=5, val_loss=0.0035194477005394955
2020-10-02 17:22:34,508 - __main__ - DEBUG - n=6, val_loss=0.003986123699691016
2020-10-02 17:22:42,371 - __main__ - DEBUG - n=7, val_loss=0.003824983030933712
2020-10-02 17:22:49,992 - __main__ - DEBUG - n=8, val_loss=0.003493441971134195
2020-10-02 17:22:57,328 - __main__ - DEBUG - n=9, val_loss=0.0036940893366942196
2020-10-02 17:22:57,328 - __main__ - INFO - Ntrials=10, total loss avg=0.0036019157135869597, std=0.00018207988378830727
