2020-10-02 18:12:54,002 - __main__ - INFO - n_units=5
2020-10-02 18:12:54,002 - __main__ - INFO - max_energy=1.0
2020-10-02 18:12:54,002 - __main__ - INFO - beta=1e-14
2020-10-02 18:12:54,002 - __main__ - INFO - taudelta=4.0
2020-10-02 18:12:54,002 - __main__ - INFO - V=1
2020-10-02 18:12:54,002 - __main__ - INFO - layers=5
2020-10-02 18:12:54,002 - __main__ - INFO - train_len=2000, val_len=2000, buffer=2000
2020-10-02 18:12:54,002 - __main__ - INFO - alpha=0.5, Ntrials=10
2020-10-02 18:12:54,003 - __main__ - INFO - noise=3.0000000000000004e-05, learning rate=10.0,scale_input=0.2
2020-10-02 18:13:03,172 - __main__ - INFO - innate_buffer=2000, innate_train_len=2000, innate_val_len=2000
2020-10-02 18:13:03,172 - __main__ - INFO - target_state_list=(6000, 25), target_innate_seq=(6000, 5)
2020-10-02 18:16:17,335 - __main__ - DEBUG - n=0, val_loss=0.003052782058494816
2020-10-02 18:16:26,766 - __main__ - INFO - innate_buffer=2000, innate_train_len=2000, innate_val_len=2000
2020-10-02 18:16:26,766 - __main__ - INFO - target_state_list=(6000, 25), target_innate_seq=(6000, 5)
2020-10-02 18:19:43,163 - __main__ - DEBUG - n=1, val_loss=0.0032502445549353245
2020-10-02 18:19:52,636 - __main__ - INFO - innate_buffer=2000, innate_train_len=2000, innate_val_len=2000
2020-10-02 18:19:52,636 - __main__ - INFO - target_state_list=(6000, 25), target_innate_seq=(6000, 5)
2020-10-02 18:23:09,287 - __main__ - DEBUG - n=2, val_loss=0.0030851857434562088
2020-10-02 18:23:18,776 - __main__ - INFO - innate_buffer=2000, innate_train_len=2000, innate_val_len=2000
2020-10-02 18:23:18,776 - __main__ - INFO - target_state_list=(6000, 25), target_innate_seq=(6000, 5)
2020-10-02 18:26:35,531 - __main__ - DEBUG - n=3, val_loss=0.0031669773393548373
2020-10-02 18:26:45,004 - __main__ - INFO - innate_buffer=2000, innate_train_len=2000, innate_val_len=2000
2020-10-02 18:26:45,004 - __main__ - INFO - target_state_list=(6000, 25), target_innate_seq=(6000, 5)
2020-10-02 18:30:02,208 - __main__ - DEBUG - n=4, val_loss=0.0031534422894405095
2020-10-02 18:30:11,712 - __main__ - INFO - innate_buffer=2000, innate_train_len=2000, innate_val_len=2000
2020-10-02 18:30:11,712 - __main__ - INFO - target_state_list=(6000, 25), target_innate_seq=(6000, 5)
2020-10-02 18:33:28,606 - __main__ - DEBUG - n=5, val_loss=0.003538840984092752
2020-10-02 18:33:38,083 - __main__ - INFO - innate_buffer=2000, innate_train_len=2000, innate_val_len=2000
2020-10-02 18:33:38,083 - __main__ - INFO - target_state_list=(6000, 25), target_innate_seq=(6000, 5)
2020-10-02 18:36:55,163 - __main__ - DEBUG - n=6, val_loss=0.003871896576221503
2020-10-02 18:37:04,680 - __main__ - INFO - innate_buffer=2000, innate_train_len=2000, innate_val_len=2000
2020-10-02 18:37:04,680 - __main__ - INFO - target_state_list=(6000, 25), target_innate_seq=(6000, 5)
2020-10-02 18:40:22,125 - __main__ - DEBUG - n=7, val_loss=0.003288749220118935
2020-10-02 18:40:31,641 - __main__ - INFO - innate_buffer=2000, innate_train_len=2000, innate_val_len=2000
2020-10-02 18:40:31,641 - __main__ - INFO - target_state_list=(6000, 25), target_innate_seq=(6000, 5)
2020-10-02 18:44:05,729 - __main__ - DEBUG - n=8, val_loss=0.0032941002248684623
2020-10-02 18:44:21,058 - __main__ - INFO - innate_buffer=2000, innate_train_len=2000, innate_val_len=2000
2020-10-02 18:44:21,058 - __main__ - INFO - target_state_list=(6000, 25), target_innate_seq=(6000, 5)
2020-10-02 18:49:06,040 - __main__ - DEBUG - n=9, val_loss=0.0032218218944492444
2020-10-02 18:49:06,040 - __main__ - INFO - Ntrials=10, total loss avg=0.0032924040885432596, std=0.0002321031246987831
