2020-10-02 17:20:53,554 - __main__ - INFO - n_units=5
2020-10-02 17:20:53,554 - __main__ - INFO - max_energy=1.0
2020-10-02 17:20:53,554 - __main__ - INFO - beta=1e-14
2020-10-02 17:20:53,554 - __main__ - INFO - taudelta=4.0
2020-10-02 17:20:53,554 - __main__ - INFO - V=1
2020-10-02 17:20:53,554 - __main__ - INFO - layers=5
2020-10-02 17:20:53,554 - __main__ - INFO - train_len=2000, val_len=2000, buffer=2000
2020-10-02 17:20:53,554 - __main__ - INFO - alpha=0.5, Ntrials=10
2020-10-02 17:20:53,554 - __main__ - INFO - noise=0.009000000000000001, learning rate=0.0,scale_input=0.2
2020-10-02 17:21:09,121 - __main__ - DEBUG - n=0, val_loss=0.005600798760871022
2020-10-02 17:21:24,454 - __main__ - DEBUG - n=1, val_loss=0.00592905812170197
2020-10-02 17:21:40,091 - __main__ - DEBUG - n=2, val_loss=0.005340094338615333
2020-10-02 17:21:55,707 - __main__ - DEBUG - n=3, val_loss=0.00557104139999342
2020-10-02 17:22:05,926 - __main__ - DEBUG - n=4, val_loss=0.005573127811994783
2020-10-02 17:22:15,232 - __main__ - DEBUG - n=5, val_loss=0.005686485824093966
2020-10-02 17:22:24,568 - __main__ - DEBUG - n=6, val_loss=0.00642637664788104
2020-10-02 17:22:32,824 - __main__ - DEBUG - n=7, val_loss=0.00615802892766529
2020-10-02 17:22:40,720 - __main__ - DEBUG - n=8, val_loss=0.005355120572676161
2020-10-02 17:22:48,366 - __main__ - DEBUG - n=9, val_loss=0.0060895895189677675
2020-10-02 17:22:48,366 - __main__ - INFO - Ntrials=10, total loss avg=0.005772972192446076, std=0.0003434582997623435
