2020-10-02 17:22:58,456 - __main__ - INFO - n_units=5
2020-10-02 17:22:58,457 - __main__ - INFO - max_energy=1.0
2020-10-02 17:22:58,457 - __main__ - INFO - beta=1e-14
2020-10-02 17:22:58,457 - __main__ - INFO - taudelta=4.0
2020-10-02 17:22:58,457 - __main__ - INFO - V=1
2020-10-02 17:22:58,457 - __main__ - INFO - layers=5
2020-10-02 17:22:58,457 - __main__ - INFO - train_len=2000, val_len=2000, buffer=2000
2020-10-02 17:22:58,457 - __main__ - INFO - alpha=0.5, Ntrials=10
2020-10-02 17:22:58,457 - __main__ - INFO - noise=4.9999999999999996e-06, learning rate=0.0,scale_input=0.2
2020-10-02 17:23:14,432 - __main__ - DEBUG - n=0, val_loss=0.002794045542397891
2020-10-02 17:23:29,975 - __main__ - DEBUG - n=1, val_loss=0.003024107230318382
2020-10-02 17:23:45,639 - __main__ - DEBUG - n=2, val_loss=0.002761590028306748
2020-10-02 17:24:02,266 - __main__ - DEBUG - n=3, val_loss=0.0029480332668511957
2020-10-02 17:24:18,144 - __main__ - DEBUG - n=4, val_loss=0.0029618019099598657
2020-10-02 17:24:33,748 - __main__ - DEBUG - n=5, val_loss=0.0032742450903364504
2020-10-02 17:24:42,135 - __main__ - DEBUG - n=6, val_loss=0.003678508763013285
2020-10-02 17:24:50,078 - __main__ - DEBUG - n=7, val_loss=0.0030857290571079683
2020-10-02 17:24:57,860 - __main__ - DEBUG - n=8, val_loss=0.0030412015437398937
2020-10-02 17:25:05,483 - __main__ - DEBUG - n=9, val_loss=0.0029579634097806873
2020-10-02 17:25:05,483 - __main__ - INFO - Ntrials=10, total loss avg=0.0030527225841812363, std=0.00024951939058675995
