2020-10-02 17:27:06,800 - __main__ - INFO - n_units=5
2020-10-02 17:27:06,800 - __main__ - INFO - max_energy=1.0
2020-10-02 17:27:06,800 - __main__ - INFO - beta=1e-14
2020-10-02 17:27:06,800 - __main__ - INFO - taudelta=4.0
2020-10-02 17:27:06,800 - __main__ - INFO - V=1
2020-10-02 17:27:06,800 - __main__ - INFO - layers=5
2020-10-02 17:27:06,800 - __main__ - INFO - train_len=2000, val_len=2000, buffer=2000
2020-10-02 17:27:06,801 - __main__ - INFO - alpha=0.5, Ntrials=10
2020-10-02 17:27:06,801 - __main__ - INFO - noise=8e-06, learning rate=10.0,scale_input=0.2
2020-10-02 17:27:15,789 - __main__ - INFO - innate_buffer=2000, innate_train_len=2000, innate_val_len=2000
2020-10-02 17:27:15,789 - __main__ - INFO - target_state_list=(6000, 25), target_innate_seq=(6000, 5)
2020-10-02 17:32:05,066 - __main__ - DEBUG - n=0, val_loss=0.00270058716475217
2020-10-02 17:32:20,597 - __main__ - INFO - innate_buffer=2000, innate_train_len=2000, innate_val_len=2000
2020-10-02 17:32:20,597 - __main__ - INFO - target_state_list=(6000, 25), target_innate_seq=(6000, 5)
2020-10-02 17:36:32,640 - __main__ - DEBUG - n=1, val_loss=0.0026753837643614083
2020-10-02 17:36:41,890 - __main__ - INFO - innate_buffer=2000, innate_train_len=2000, innate_val_len=2000
2020-10-02 17:36:41,890 - __main__ - INFO - target_state_list=(6000, 25), target_innate_seq=(6000, 5)
2020-10-02 17:39:59,404 - __main__ - DEBUG - n=2, val_loss=0.00299224865721745
2020-10-02 17:40:08,694 - __main__ - INFO - innate_buffer=2000, innate_train_len=2000, innate_val_len=2000
2020-10-02 17:40:08,694 - __main__ - INFO - target_state_list=(6000, 25), target_innate_seq=(6000, 5)
2020-10-02 17:43:26,150 - __main__ - DEBUG - n=3, val_loss=0.0028957900454637925
2020-10-02 17:43:35,407 - __main__ - INFO - innate_buffer=2000, innate_train_len=2000, innate_val_len=2000
2020-10-02 17:43:35,407 - __main__ - INFO - target_state_list=(6000, 25), target_innate_seq=(6000, 5)
2020-10-02 17:46:53,524 - __main__ - DEBUG - n=4, val_loss=0.003200689701856548
2020-10-02 17:47:02,802 - __main__ - INFO - innate_buffer=2000, innate_train_len=2000, innate_val_len=2000
2020-10-02 17:47:02,802 - __main__ - INFO - target_state_list=(6000, 25), target_innate_seq=(6000, 5)
2020-10-02 17:52:02,974 - __main__ - DEBUG - n=5, val_loss=0.0028840800254422844
2020-10-02 17:52:12,263 - __main__ - INFO - innate_buffer=2000, innate_train_len=2000, innate_val_len=2000
2020-10-02 17:52:12,263 - __main__ - INFO - target_state_list=(6000, 25), target_innate_seq=(6000, 5)
2020-10-02 17:55:30,623 - __main__ - DEBUG - n=6, val_loss=0.0032971043472362635
2020-10-02 17:55:39,892 - __main__ - INFO - innate_buffer=2000, innate_train_len=2000, innate_val_len=2000
2020-10-02 17:55:39,893 - __main__ - INFO - target_state_list=(6000, 25), target_innate_seq=(6000, 5)
2020-10-02 17:58:58,039 - __main__ - DEBUG - n=7, val_loss=0.0031233077959559796
2020-10-02 17:59:07,337 - __main__ - INFO - innate_buffer=2000, innate_train_len=2000, innate_val_len=2000
2020-10-02 17:59:07,337 - __main__ - INFO - target_state_list=(6000, 25), target_innate_seq=(6000, 5)
2020-10-02 18:02:23,942 - __main__ - DEBUG - n=8, val_loss=0.002352457406976678
2020-10-02 18:02:32,952 - __main__ - INFO - innate_buffer=2000, innate_train_len=2000, innate_val_len=2000
2020-10-02 18:02:32,952 - __main__ - INFO - target_state_list=(6000, 25), target_innate_seq=(6000, 5)
2020-10-02 18:05:36,767 - __main__ - DEBUG - n=9, val_loss=0.003121037439089233
2020-10-02 18:05:36,767 - __main__ - INFO - Ntrials=10, total loss avg=0.002924268634835181, std=0.0002719820254459841
