2020-10-02 17:22:58,482 - __main__ - INFO - n_units=5
2020-10-02 17:22:58,484 - __main__ - INFO - max_energy=1.0
2020-10-02 17:22:58,484 - __main__ - INFO - beta=1e-14
2020-10-02 17:22:58,485 - __main__ - INFO - taudelta=4.0
2020-10-02 17:22:58,485 - __main__ - INFO - V=1
2020-10-02 17:22:58,485 - __main__ - INFO - layers=5
2020-10-02 17:22:58,485 - __main__ - INFO - train_len=2000, val_len=2000, buffer=2000
2020-10-02 17:22:58,485 - __main__ - INFO - alpha=0.5, Ntrials=10
2020-10-02 17:22:58,485 - __main__ - INFO - noise=0.006, learning rate=0.0,scale_input=0.2
2020-10-02 17:23:07,724 - __main__ - DEBUG - n=0, val_loss=0.005244785231784534
2020-10-02 17:23:17,022 - __main__ - DEBUG - n=1, val_loss=0.005361636766278466
2020-10-02 17:23:26,352 - __main__ - DEBUG - n=2, val_loss=0.004876513324811741
2020-10-02 17:23:35,699 - __main__ - DEBUG - n=3, val_loss=0.005140714191074263
2020-10-02 17:23:45,048 - __main__ - DEBUG - n=4, val_loss=0.004855074529674432
2020-10-02 17:23:54,384 - __main__ - DEBUG - n=5, val_loss=0.005577501927525758
2020-10-02 17:24:06,186 - __main__ - DEBUG - n=6, val_loss=0.005868563261377938
2020-10-02 17:24:21,484 - __main__ - DEBUG - n=7, val_loss=0.005380898628943865
2020-10-02 17:24:34,189 - __main__ - DEBUG - n=8, val_loss=0.0052869175993023555
2020-10-02 17:24:42,415 - __main__ - DEBUG - n=9, val_loss=0.005406843289084908
2020-10-02 17:24:42,415 - __main__ - INFO - Ntrials=10, total loss avg=0.005299944874985826, std=0.0002877363491279756
