2020-10-02 17:27:06,852 - __main__ - INFO - n_units=5
2020-10-02 17:27:06,852 - __main__ - INFO - max_energy=1.0
2020-10-02 17:27:06,852 - __main__ - INFO - beta=1e-14
2020-10-02 17:27:06,852 - __main__ - INFO - taudelta=4.0
2020-10-02 17:27:06,852 - __main__ - INFO - V=1
2020-10-02 17:27:06,852 - __main__ - INFO - layers=5
2020-10-02 17:27:06,852 - __main__ - INFO - train_len=2000, val_len=2000, buffer=2000
2020-10-02 17:27:06,852 - __main__ - INFO - alpha=0.5, Ntrials=10
2020-10-02 17:27:06,853 - __main__ - INFO - noise=0.0005, learning rate=10.0,scale_input=0.2
2020-10-02 17:27:21,878 - __main__ - INFO - innate_buffer=2000, innate_train_len=2000, innate_val_len=2000
2020-10-02 17:27:21,878 - __main__ - INFO - target_state_list=(6000, 25), target_innate_seq=(6000, 5)
2020-10-02 17:31:12,686 - __main__ - DEBUG - n=0, val_loss=0.004074423586249253
2020-10-02 17:31:22,098 - __main__ - INFO - innate_buffer=2000, innate_train_len=2000, innate_val_len=2000
2020-10-02 17:31:22,098 - __main__ - INFO - target_state_list=(6000, 25), target_innate_seq=(6000, 5)
2020-10-02 17:36:03,129 - __main__ - DEBUG - n=1, val_loss=0.00446349048836392
2020-10-02 17:36:18,676 - __main__ - INFO - innate_buffer=2000, innate_train_len=2000, innate_val_len=2000
2020-10-02 17:36:18,677 - __main__ - INFO - target_state_list=(6000, 25), target_innate_seq=(6000, 5)
2020-10-02 17:41:10,156 - __main__ - DEBUG - n=2, val_loss=0.0038682224217323593
2020-10-02 17:41:19,600 - __main__ - INFO - innate_buffer=2000, innate_train_len=2000, innate_val_len=2000
2020-10-02 17:41:19,600 - __main__ - INFO - target_state_list=(6000, 25), target_innate_seq=(6000, 5)
2020-10-02 17:45:20,778 - __main__ - DEBUG - n=3, val_loss=0.00426710225730576
2020-10-02 17:45:35,260 - __main__ - INFO - innate_buffer=2000, innate_train_len=2000, innate_val_len=2000
2020-10-02 17:45:35,260 - __main__ - INFO - target_state_list=(6000, 25), target_innate_seq=(6000, 5)
2020-10-02 17:50:01,076 - __main__ - DEBUG - n=4, val_loss=0.004318141699206082
2020-10-02 17:50:14,439 - __main__ - INFO - innate_buffer=2000, innate_train_len=2000, innate_val_len=2000
2020-10-02 17:50:14,439 - __main__ - INFO - target_state_list=(6000, 25), target_innate_seq=(6000, 5)
2020-10-02 17:54:51,737 - __main__ - DEBUG - n=5, val_loss=0.004065464061962807
2020-10-02 17:55:06,775 - __main__ - INFO - innate_buffer=2000, innate_train_len=2000, innate_val_len=2000
2020-10-02 17:55:06,776 - __main__ - INFO - target_state_list=(6000, 25), target_innate_seq=(6000, 5)
2020-10-02 17:58:33,193 - __main__ - DEBUG - n=6, val_loss=0.004889104145433986
2020-10-02 17:58:42,638 - __main__ - INFO - innate_buffer=2000, innate_train_len=2000, innate_val_len=2000
2020-10-02 17:58:42,639 - __main__ - INFO - target_state_list=(6000, 25), target_innate_seq=(6000, 5)
2020-10-02 18:02:00,415 - __main__ - DEBUG - n=7, val_loss=0.004699500628684827
2020-10-02 18:02:09,661 - __main__ - INFO - innate_buffer=2000, innate_train_len=2000, innate_val_len=2000
2020-10-02 18:02:09,661 - __main__ - INFO - target_state_list=(6000, 25), target_innate_seq=(6000, 5)
2020-10-02 18:05:16,282 - __main__ - DEBUG - n=8, val_loss=0.004351844184475664
2020-10-02 18:05:24,564 - __main__ - INFO - innate_buffer=2000, innate_train_len=2000, innate_val_len=2000
2020-10-02 18:05:24,564 - __main__ - INFO - target_state_list=(6000, 25), target_innate_seq=(6000, 5)
2020-10-02 18:08:11,218 - __main__ - DEBUG - n=9, val_loss=0.004602736880742708
2020-10-02 18:08:11,218 - __main__ - INFO - Ntrials=10, total loss avg=0.004360003035415737, std=0.0002975638530799844
