2020-10-02 17:20:53,548 - __main__ - INFO - n_units=5
2020-10-02 17:20:53,548 - __main__ - INFO - max_energy=1.0
2020-10-02 17:20:53,548 - __main__ - INFO - beta=1e-14
2020-10-02 17:20:53,548 - __main__ - INFO - taudelta=4.0
2020-10-02 17:20:53,549 - __main__ - INFO - V=1
2020-10-02 17:20:53,549 - __main__ - INFO - layers=5
2020-10-02 17:20:53,549 - __main__ - INFO - train_len=2000, val_len=2000, buffer=2000
2020-10-02 17:20:53,549 - __main__ - INFO - alpha=0.5, Ntrials=10
2020-10-02 17:20:53,549 - __main__ - INFO - noise=0.004, learning rate=0.0,scale_input=0.2
2020-10-02 17:21:08,158 - __main__ - DEBUG - n=0, val_loss=0.005291871999368209
2020-10-02 17:21:23,810 - __main__ - DEBUG - n=1, val_loss=0.005679771858361119
2020-10-02 17:21:39,877 - __main__ - DEBUG - n=2, val_loss=0.0049344807071903755
2020-10-02 17:21:55,364 - __main__ - DEBUG - n=3, val_loss=0.005362375244347951
2020-10-02 17:22:11,120 - __main__ - DEBUG - n=4, val_loss=0.005370335651846261
2020-10-02 17:22:26,006 - __main__ - DEBUG - n=5, val_loss=0.005273117284245232
2020-10-02 17:22:34,155 - __main__ - DEBUG - n=6, val_loss=0.006179228524855107
2020-10-02 17:22:42,018 - __main__ - DEBUG - n=7, val_loss=0.005935235277302322
2020-10-02 17:22:49,639 - __main__ - DEBUG - n=8, val_loss=0.005224723572869658
2020-10-02 17:22:57,013 - __main__ - DEBUG - n=9, val_loss=0.005859811935665498
2020-10-02 17:22:57,013 - __main__ - INFO - Ntrials=10, total loss avg=0.005511095205605173, std=0.00036571413420815934
