2020-10-02 17:22:58,526 - __main__ - INFO - n_units=5
2020-10-02 17:22:58,527 - __main__ - INFO - max_energy=1.0
2020-10-02 17:22:58,527 - __main__ - INFO - beta=1e-14
2020-10-02 17:22:58,527 - __main__ - INFO - taudelta=4.0
2020-10-02 17:22:58,527 - __main__ - INFO - V=1
2020-10-02 17:22:58,527 - __main__ - INFO - layers=5
2020-10-02 17:22:58,527 - __main__ - INFO - train_len=2000, val_len=2000, buffer=2000
2020-10-02 17:22:58,527 - __main__ - INFO - alpha=0.5, Ntrials=10
2020-10-02 17:22:58,527 - __main__ - INFO - noise=0.009000000000000001, learning rate=0.0,scale_input=0.2
2020-10-02 17:23:14,664 - __main__ - DEBUG - n=0, val_loss=0.005479092889357295
2020-10-02 17:23:29,997 - __main__ - DEBUG - n=1, val_loss=0.0054589054981501114
2020-10-02 17:23:45,883 - __main__ - DEBUG - n=2, val_loss=0.005465964493002462
2020-10-02 17:24:01,312 - __main__ - DEBUG - n=3, val_loss=0.005317487995741176
2020-10-02 17:24:17,329 - __main__ - DEBUG - n=4, val_loss=0.004207486612729553
2020-10-02 17:24:32,688 - __main__ - DEBUG - n=5, val_loss=0.005992902119425786
2020-10-02 17:24:41,254 - __main__ - DEBUG - n=6, val_loss=0.00587190378802746
2020-10-02 17:24:49,205 - __main__ - DEBUG - n=7, val_loss=0.004574187846706704
2020-10-02 17:24:56,995 - __main__ - DEBUG - n=8, val_loss=0.005012086699459242
2020-10-02 17:25:04,713 - __main__ - DEBUG - n=9, val_loss=0.005463359254335818
2020-10-02 17:25:04,713 - __main__ - INFO - Ntrials=10, total loss avg=0.00528433771969356, std=0.0005215245517473785
