2020-10-02 17:22:58,484 - __main__ - INFO - n_units=5
2020-10-02 17:22:58,486 - __main__ - INFO - max_energy=1.0
2020-10-02 17:22:58,486 - __main__ - INFO - beta=1e-14
2020-10-02 17:22:58,486 - __main__ - INFO - taudelta=4.0
2020-10-02 17:22:58,487 - __main__ - INFO - V=1
2020-10-02 17:22:58,487 - __main__ - INFO - layers=5
2020-10-02 17:22:58,487 - __main__ - INFO - train_len=2000, val_len=2000, buffer=2000
2020-10-02 17:22:58,487 - __main__ - INFO - alpha=0.5, Ntrials=10
2020-10-02 17:22:58,487 - __main__ - INFO - noise=0.008, learning rate=0.0,scale_input=0.2
2020-10-02 17:23:12,392 - __main__ - DEBUG - n=0, val_loss=0.005334938861573866
2020-10-02 17:23:21,737 - __main__ - DEBUG - n=1, val_loss=0.005423218741837478
2020-10-02 17:23:31,083 - __main__ - DEBUG - n=2, val_loss=0.005001196194449436
2020-10-02 17:23:40,454 - __main__ - DEBUG - n=3, val_loss=0.005181549136625266
2020-10-02 17:23:49,828 - __main__ - DEBUG - n=4, val_loss=0.0049121332746841825
2020-10-02 17:23:59,217 - __main__ - DEBUG - n=5, val_loss=0.0057015869451712995
2020-10-02 17:24:08,594 - __main__ - DEBUG - n=6, val_loss=0.005933220811068183
2020-10-02 17:24:17,970 - __main__ - DEBUG - n=7, val_loss=0.005434048832621468
2020-10-02 17:24:27,340 - __main__ - DEBUG - n=8, val_loss=0.005326087368476795
2020-10-02 17:24:36,435 - __main__ - DEBUG - n=9, val_loss=0.005462242564570317
2020-10-02 17:24:36,435 - __main__ - INFO - Ntrials=10, total loss avg=0.005371022273107829, std=0.00028756387597339697
