2020-10-02 17:22:58,497 - __main__ - INFO - n_units=5
2020-10-02 17:22:58,497 - __main__ - INFO - max_energy=1.0
2020-10-02 17:22:58,497 - __main__ - INFO - beta=1e-14
2020-10-02 17:22:58,497 - __main__ - INFO - taudelta=4.0
2020-10-02 17:22:58,497 - __main__ - INFO - V=1
2020-10-02 17:22:58,497 - __main__ - INFO - layers=5
2020-10-02 17:22:58,497 - __main__ - INFO - train_len=2000, val_len=2000, buffer=2000
2020-10-02 17:22:58,497 - __main__ - INFO - alpha=0.5, Ntrials=10
2020-10-02 17:22:58,497 - __main__ - INFO - noise=9e-06, learning rate=0.0,scale_input=0.2
2020-10-02 17:23:14,632 - __main__ - DEBUG - n=0, val_loss=0.0031698988266623705
2020-10-02 17:23:30,648 - __main__ - DEBUG - n=1, val_loss=0.003432001122060775
2020-10-02 17:23:46,162 - __main__ - DEBUG - n=2, val_loss=0.003203582727040071
2020-10-02 17:24:00,491 - __main__ - DEBUG - n=3, val_loss=0.003116322595280203
2020-10-02 17:24:09,973 - __main__ - DEBUG - n=4, val_loss=0.002923521643574385
2020-10-02 17:24:19,451 - __main__ - DEBUG - n=5, val_loss=0.0036295168656240435
2020-10-02 17:24:30,434 - __main__ - DEBUG - n=6, val_loss=0.004105620265358134
2020-10-02 17:24:39,767 - __main__ - DEBUG - n=7, val_loss=0.003103936010951138
2020-10-02 17:24:47,737 - __main__ - DEBUG - n=8, val_loss=0.0031736913468757995
2020-10-02 17:24:55,542 - __main__ - DEBUG - n=9, val_loss=0.0035589159881292513
2020-10-02 17:24:55,542 - __main__ - INFO - Ntrials=10, total loss avg=0.003341700739155617, std=0.0003287504458864806
