2020-10-02 17:22:58,515 - __main__ - INFO - n_units=5
2020-10-02 17:22:58,515 - __main__ - INFO - max_energy=1.0
2020-10-02 17:22:58,515 - __main__ - INFO - beta=1e-14
2020-10-02 17:22:58,516 - __main__ - INFO - taudelta=4.0
2020-10-02 17:22:58,516 - __main__ - INFO - V=1
2020-10-02 17:22:58,516 - __main__ - INFO - layers=5
2020-10-02 17:22:58,516 - __main__ - INFO - train_len=2000, val_len=2000, buffer=2000
2020-10-02 17:22:58,516 - __main__ - INFO - alpha=0.5, Ntrials=10
2020-10-02 17:22:58,516 - __main__ - INFO - noise=0.0008, learning rate=0.0,scale_input=0.2
2020-10-02 17:23:14,145 - __main__ - DEBUG - n=0, val_loss=0.004644828360250513
2020-10-02 17:23:28,188 - __main__ - DEBUG - n=1, val_loss=0.0047737278372264845
2020-10-02 17:23:37,713 - __main__ - DEBUG - n=2, val_loss=0.004615774003166694
2020-10-02 17:23:47,674 - __main__ - DEBUG - n=3, val_loss=0.004676687292635343
2020-10-02 17:24:00,864 - __main__ - DEBUG - n=4, val_loss=0.0036252480113392826
2020-10-02 17:24:11,246 - __main__ - DEBUG - n=5, val_loss=0.00500074540228449
2020-10-02 17:24:20,807 - __main__ - DEBUG - n=6, val_loss=0.0052109742514142385
2020-10-02 17:24:32,176 - __main__ - DEBUG - n=7, val_loss=0.004023590237924408
2020-10-02 17:24:40,758 - __main__ - DEBUG - n=8, val_loss=0.004432895958680913
2020-10-02 17:24:48,828 - __main__ - DEBUG - n=9, val_loss=0.004804460416729073
2020-10-02 17:24:48,828 - __main__ - INFO - Ntrials=10, total loss avg=0.004580893177165144, std=0.0004382549355958202
