2020-10-02 17:20:53,545 - __main__ - INFO - n_units=5
2020-10-02 17:20:53,545 - __main__ - INFO - max_energy=1.0
2020-10-02 17:20:53,545 - __main__ - INFO - beta=1e-14
2020-10-02 17:20:53,545 - __main__ - INFO - taudelta=4.0
2020-10-02 17:20:53,545 - __main__ - INFO - V=1
2020-10-02 17:20:53,545 - __main__ - INFO - layers=5
2020-10-02 17:20:53,545 - __main__ - INFO - train_len=2000, val_len=2000, buffer=2000
2020-10-02 17:20:53,545 - __main__ - INFO - alpha=0.5, Ntrials=10
2020-10-02 17:20:53,546 - __main__ - INFO - noise=0.001, learning rate=0.0,scale_input=0.2
2020-10-02 17:21:09,617 - __main__ - DEBUG - n=0, val_loss=0.00447313721286691
2020-10-02 17:21:25,352 - __main__ - DEBUG - n=1, val_loss=0.0049198219418768235
2020-10-02 17:21:41,072 - __main__ - DEBUG - n=2, val_loss=0.0041580716135430195
2020-10-02 17:21:56,741 - __main__ - DEBUG - n=3, val_loss=0.004683172429714742
2020-10-02 17:22:12,367 - __main__ - DEBUG - n=4, val_loss=0.0047228787441264165
2020-10-02 17:22:26,836 - __main__ - DEBUG - n=5, val_loss=0.004407211753205973
2020-10-02 17:22:34,885 - __main__ - DEBUG - n=6, val_loss=0.0053725461179130645
2020-10-02 17:22:42,726 - __main__ - DEBUG - n=7, val_loss=0.00517774797389808
2020-10-02 17:22:50,322 - __main__ - DEBUG - n=8, val_loss=0.004731108464217598
2020-10-02 17:22:57,625 - __main__ - DEBUG - n=9, val_loss=0.005087947946528099
2020-10-02 17:22:57,625 - __main__ - INFO - Ntrials=10, total loss avg=0.004773364419789073, std=0.0003547133659751931
