2020-10-02 18:12:54,003 - __main__ - INFO - n_units=5
2020-10-02 18:12:54,004 - __main__ - INFO - max_energy=1.0
2020-10-02 18:12:54,004 - __main__ - INFO - beta=1e-14
2020-10-02 18:12:54,004 - __main__ - INFO - taudelta=4.0
2020-10-02 18:12:54,004 - __main__ - INFO - V=1
2020-10-02 18:12:54,004 - __main__ - INFO - layers=5
2020-10-02 18:12:54,004 - __main__ - INFO - train_len=2000, val_len=2000, buffer=2000
2020-10-02 18:12:54,004 - __main__ - INFO - alpha=0.5, Ntrials=10
2020-10-02 18:12:54,004 - __main__ - INFO - noise=5e-05, learning rate=10.0,scale_input=0.2
2020-10-02 18:13:03,187 - __main__ - INFO - innate_buffer=2000, innate_train_len=2000, innate_val_len=2000
2020-10-02 18:13:03,188 - __main__ - INFO - target_state_list=(6000, 25), target_innate_seq=(6000, 5)
2020-10-02 18:16:17,938 - __main__ - DEBUG - n=0, val_loss=0.0031498591768498218
2020-10-02 18:16:27,376 - __main__ - INFO - innate_buffer=2000, innate_train_len=2000, innate_val_len=2000
2020-10-02 18:16:27,376 - __main__ - INFO - target_state_list=(6000, 25), target_innate_seq=(6000, 5)
2020-10-02 18:19:43,850 - __main__ - DEBUG - n=1, val_loss=0.003346871173305711
2020-10-02 18:19:53,363 - __main__ - INFO - innate_buffer=2000, innate_train_len=2000, innate_val_len=2000
2020-10-02 18:19:53,363 - __main__ - INFO - target_state_list=(6000, 25), target_innate_seq=(6000, 5)
2020-10-02 18:23:10,166 - __main__ - DEBUG - n=2, val_loss=0.0031746173341299323
2020-10-02 18:23:19,671 - __main__ - INFO - innate_buffer=2000, innate_train_len=2000, innate_val_len=2000
2020-10-02 18:23:19,671 - __main__ - INFO - target_state_list=(6000, 25), target_innate_seq=(6000, 5)
2020-10-02 18:26:36,807 - __main__ - DEBUG - n=3, val_loss=0.0032808083397708196
2020-10-02 18:26:46,303 - __main__ - INFO - innate_buffer=2000, innate_train_len=2000, innate_val_len=2000
2020-10-02 18:26:46,304 - __main__ - INFO - target_state_list=(6000, 25), target_innate_seq=(6000, 5)
2020-10-02 18:30:03,823 - __main__ - DEBUG - n=4, val_loss=0.0032162940103668824
2020-10-02 18:30:13,329 - __main__ - INFO - innate_buffer=2000, innate_train_len=2000, innate_val_len=2000
2020-10-02 18:30:13,329 - __main__ - INFO - target_state_list=(6000, 25), target_innate_seq=(6000, 5)
2020-10-02 18:33:30,685 - __main__ - DEBUG - n=5, val_loss=0.003631790775971406
2020-10-02 18:33:40,200 - __main__ - INFO - innate_buffer=2000, innate_train_len=2000, innate_val_len=2000
2020-10-02 18:33:40,200 - __main__ - INFO - target_state_list=(6000, 25), target_innate_seq=(6000, 5)
2020-10-02 18:36:57,785 - __main__ - DEBUG - n=6, val_loss=0.003950743268512173
2020-10-02 18:37:07,316 - __main__ - INFO - innate_buffer=2000, innate_train_len=2000, innate_val_len=2000
2020-10-02 18:37:07,316 - __main__ - INFO - target_state_list=(6000, 25), target_innate_seq=(6000, 5)
2020-10-02 18:40:25,165 - __main__ - DEBUG - n=7, val_loss=0.0033748363888996477
2020-10-02 18:40:34,690 - __main__ - INFO - innate_buffer=2000, innate_train_len=2000, innate_val_len=2000
2020-10-02 18:40:34,690 - __main__ - INFO - target_state_list=(6000, 25), target_innate_seq=(6000, 5)
2020-10-02 18:43:52,082 - __main__ - DEBUG - n=8, val_loss=0.0033905639396344797
2020-10-02 18:44:01,807 - __main__ - INFO - innate_buffer=2000, innate_train_len=2000, innate_val_len=2000
2020-10-02 18:44:01,807 - __main__ - INFO - target_state_list=(6000, 25), target_innate_seq=(6000, 5)
2020-10-02 18:48:12,445 - __main__ - DEBUG - n=9, val_loss=0.0033350454671089006
2020-10-02 18:48:12,446 - __main__ - INFO - Ntrials=10, total loss avg=0.0033851429874549774, std=0.00022889389103323212
