2020-10-02 18:12:54,058 - __main__ - INFO - n_units=5
2020-10-02 18:12:54,058 - __main__ - INFO - max_energy=1.0
2020-10-02 18:12:54,058 - __main__ - INFO - beta=1e-14
2020-10-02 18:12:54,058 - __main__ - INFO - taudelta=4.0
2020-10-02 18:12:54,058 - __main__ - INFO - V=1
2020-10-02 18:12:54,058 - __main__ - INFO - layers=5
2020-10-02 18:12:54,058 - __main__ - INFO - train_len=2000, val_len=2000, buffer=2000
2020-10-02 18:12:54,058 - __main__ - INFO - alpha=0.5, Ntrials=10
2020-10-02 18:12:54,059 - __main__ - INFO - noise=0.001, learning rate=10.0,scale_input=0.2
2020-10-02 18:13:03,358 - __main__ - INFO - innate_buffer=2000, innate_train_len=2000, innate_val_len=2000
2020-10-02 18:13:03,358 - __main__ - INFO - target_state_list=(6000, 25), target_innate_seq=(6000, 5)
2020-10-02 18:18:08,025 - __main__ - DEBUG - n=0, val_loss=0.0047506216521624
2020-10-02 18:18:23,712 - __main__ - INFO - innate_buffer=2000, innate_train_len=2000, innate_val_len=2000
2020-10-02 18:18:23,712 - __main__ - INFO - target_state_list=(6000, 25), target_innate_seq=(6000, 5)
2020-10-02 18:23:45,429 - __main__ - DEBUG - n=1, val_loss=0.004856696725642455
2020-10-02 18:24:01,082 - __main__ - INFO - innate_buffer=2000, innate_train_len=2000, innate_val_len=2000
2020-10-02 18:24:01,082 - __main__ - INFO - target_state_list=(6000, 25), target_innate_seq=(6000, 5)
2020-10-02 18:27:58,997 - __main__ - DEBUG - n=2, val_loss=0.004694073442151891
2020-10-02 18:28:08,604 - __main__ - INFO - innate_buffer=2000, innate_train_len=2000, innate_val_len=2000
2020-10-02 18:28:08,604 - __main__ - INFO - target_state_list=(6000, 25), target_innate_seq=(6000, 5)
2020-10-02 18:31:25,884 - __main__ - DEBUG - n=3, val_loss=0.004789959010080338
2020-10-02 18:31:35,504 - __main__ - INFO - innate_buffer=2000, innate_train_len=2000, innate_val_len=2000
2020-10-02 18:31:35,504 - __main__ - INFO - target_state_list=(6000, 25), target_innate_seq=(6000, 5)
2020-10-02 18:34:55,893 - __main__ - DEBUG - n=4, val_loss=0.003690837371214416
2020-10-02 18:35:05,516 - __main__ - INFO - innate_buffer=2000, innate_train_len=2000, innate_val_len=2000
2020-10-02 18:35:05,516 - __main__ - INFO - target_state_list=(6000, 25), target_innate_seq=(6000, 5)
2020-10-02 18:38:22,703 - __main__ - DEBUG - n=5, val_loss=0.005104532052364499
2020-10-02 18:38:32,353 - __main__ - INFO - innate_buffer=2000, innate_train_len=2000, innate_val_len=2000
2020-10-02 18:38:32,354 - __main__ - INFO - target_state_list=(6000, 25), target_innate_seq=(6000, 5)
2020-10-02 18:42:22,188 - __main__ - DEBUG - n=6, val_loss=0.005303738011614776
2020-10-02 18:42:38,330 - __main__ - INFO - innate_buffer=2000, innate_train_len=2000, innate_val_len=2000
2020-10-02 18:42:38,330 - __main__ - INFO - target_state_list=(6000, 25), target_innate_seq=(6000, 5)
2020-10-02 18:46:43,883 - __main__ - DEBUG - n=7, val_loss=0.004102490681239869
2020-10-02 18:46:53,514 - __main__ - INFO - innate_buffer=2000, innate_train_len=2000, innate_val_len=2000
2020-10-02 18:46:53,514 - __main__ - INFO - target_state_list=(6000, 25), target_innate_seq=(6000, 5)
2020-10-02 18:50:06,477 - __main__ - DEBUG - n=8, val_loss=0.004522726943578198
2020-10-02 18:50:15,684 - __main__ - INFO - innate_buffer=2000, innate_train_len=2000, innate_val_len=2000
2020-10-02 18:50:15,684 - __main__ - INFO - target_state_list=(6000, 25), target_innate_seq=(6000, 5)
2020-10-02 18:53:12,320 - __main__ - DEBUG - n=9, val_loss=0.0048945147809047115
2020-10-02 18:53:12,320 - __main__ - INFO - Ntrials=10, total loss avg=0.0046710190670953555, std=0.0004471777409802508
