2020-10-02 17:22:58,519 - __main__ - INFO - n_units=5
2020-10-02 17:22:58,520 - __main__ - INFO - max_energy=1.0
2020-10-02 17:22:58,520 - __main__ - INFO - beta=1e-14
2020-10-02 17:22:58,520 - __main__ - INFO - taudelta=4.0
2020-10-02 17:22:58,520 - __main__ - INFO - V=1
2020-10-02 17:22:58,520 - __main__ - INFO - layers=5
2020-10-02 17:22:58,520 - __main__ - INFO - train_len=2000, val_len=2000, buffer=2000
2020-10-02 17:22:58,520 - __main__ - INFO - alpha=0.5, Ntrials=10
2020-10-02 17:22:58,520 - __main__ - INFO - noise=0.003, learning rate=0.0,scale_input=0.2
2020-10-02 17:23:09,976 - __main__ - DEBUG - n=0, val_loss=0.005194453573729332
2020-10-02 17:23:19,564 - __main__ - DEBUG - n=1, val_loss=0.005249068181107549
2020-10-02 17:23:29,164 - __main__ - DEBUG - n=2, val_loss=0.005098351718305932
2020-10-02 17:23:38,755 - __main__ - DEBUG - n=3, val_loss=0.005143513147600063
2020-10-02 17:23:48,355 - __main__ - DEBUG - n=4, val_loss=0.004018828446538229
2020-10-02 17:23:57,952 - __main__ - DEBUG - n=5, val_loss=0.005599035879599599
2020-10-02 17:24:07,576 - __main__ - DEBUG - n=6, val_loss=0.005667864389118727
2020-10-02 17:24:17,186 - __main__ - DEBUG - n=7, val_loss=0.004412839548088304
2020-10-02 17:24:26,777 - __main__ - DEBUG - n=8, val_loss=0.004848585381042851
2020-10-02 17:24:36,211 - __main__ - DEBUG - n=9, val_loss=0.005272731494537165
2020-10-02 17:24:36,211 - __main__ - INFO - Ntrials=10, total loss avg=0.005050527175966775, std=0.0004810651698004239
