2020-10-02 17:27:06,811 - __main__ - INFO - n_units=5
2020-10-02 17:27:06,811 - __main__ - INFO - max_energy=1.0
2020-10-02 17:27:06,812 - __main__ - INFO - beta=1e-14
2020-10-02 17:27:06,812 - __main__ - INFO - taudelta=4.0
2020-10-02 17:27:06,812 - __main__ - INFO - V=1
2020-10-02 17:27:06,812 - __main__ - INFO - layers=5
2020-10-02 17:27:06,812 - __main__ - INFO - train_len=2000, val_len=2000, buffer=2000
2020-10-02 17:27:06,812 - __main__ - INFO - alpha=0.5, Ntrials=10
2020-10-02 17:27:06,812 - __main__ - INFO - noise=0.0004, learning rate=10.0,scale_input=0.2
2020-10-02 17:27:15,833 - __main__ - INFO - innate_buffer=2000, innate_train_len=2000, innate_val_len=2000
2020-10-02 17:27:15,833 - __main__ - INFO - target_state_list=(6000, 25), target_innate_seq=(6000, 5)
2020-10-02 17:30:31,726 - __main__ - DEBUG - n=0, val_loss=0.004074015974829634
2020-10-02 17:30:40,998 - __main__ - INFO - innate_buffer=2000, innate_train_len=2000, innate_val_len=2000
2020-10-02 17:30:40,998 - __main__ - INFO - target_state_list=(6000, 25), target_innate_seq=(6000, 5)
2020-10-02 17:33:59,213 - __main__ - DEBUG - n=1, val_loss=0.004711955209157179
2020-10-02 17:34:08,437 - __main__ - INFO - innate_buffer=2000, innate_train_len=2000, innate_val_len=2000
2020-10-02 17:34:08,438 - __main__ - INFO - target_state_list=(6000, 25), target_innate_seq=(6000, 5)
2020-10-02 17:37:30,938 - __main__ - DEBUG - n=2, val_loss=0.003836974313487717
2020-10-02 17:37:40,228 - __main__ - INFO - innate_buffer=2000, innate_train_len=2000, innate_val_len=2000
2020-10-02 17:37:40,228 - __main__ - INFO - target_state_list=(6000, 25), target_innate_seq=(6000, 5)
2020-10-02 17:40:58,312 - __main__ - DEBUG - n=3, val_loss=0.004628907684921138
2020-10-02 17:41:07,594 - __main__ - INFO - innate_buffer=2000, innate_train_len=2000, innate_val_len=2000
2020-10-02 17:41:07,594 - __main__ - INFO - target_state_list=(6000, 25), target_innate_seq=(6000, 5)
2020-10-02 17:44:26,144 - __main__ - DEBUG - n=4, val_loss=0.004488855874926967
2020-10-02 17:44:35,405 - __main__ - INFO - innate_buffer=2000, innate_train_len=2000, innate_val_len=2000
2020-10-02 17:44:35,405 - __main__ - INFO - target_state_list=(6000, 25), target_innate_seq=(6000, 5)
2020-10-02 17:47:53,634 - __main__ - DEBUG - n=5, val_loss=0.0044632731183224614
2020-10-02 17:48:02,939 - __main__ - INFO - innate_buffer=2000, innate_train_len=2000, innate_val_len=2000
2020-10-02 17:48:02,939 - __main__ - INFO - target_state_list=(6000, 25), target_innate_seq=(6000, 5)
2020-10-02 17:51:22,048 - __main__ - DEBUG - n=6, val_loss=0.005146923526208427
2020-10-02 17:51:31,439 - __main__ - INFO - innate_buffer=2000, innate_train_len=2000, innate_val_len=2000
2020-10-02 17:51:31,439 - __main__ - INFO - target_state_list=(6000, 25), target_innate_seq=(6000, 5)
2020-10-02 17:54:51,853 - __main__ - DEBUG - n=7, val_loss=0.004881333496944803
2020-10-02 17:55:01,249 - __main__ - INFO - innate_buffer=2000, innate_train_len=2000, innate_val_len=2000
2020-10-02 17:55:01,249 - __main__ - INFO - target_state_list=(6000, 25), target_innate_seq=(6000, 5)
2020-10-02 17:59:56,537 - __main__ - DEBUG - n=8, val_loss=0.00442942606302245
2020-10-02 18:00:06,165 - __main__ - INFO - innate_buffer=2000, innate_train_len=2000, innate_val_len=2000
2020-10-02 18:00:06,165 - __main__ - INFO - target_state_list=(6000, 25), target_innate_seq=(6000, 5)
2020-10-02 18:03:27,207 - __main__ - DEBUG - n=9, val_loss=0.004766162226027416
2020-10-02 18:03:27,207 - __main__ - INFO - Ntrials=10, total loss avg=0.004542782748784819, std=0.00036132054575128297
