2020-10-02 17:20:53,498 - __main__ - INFO - n_units=5
2020-10-02 17:20:53,498 - __main__ - INFO - max_energy=1.0
2020-10-02 17:20:53,498 - __main__ - INFO - beta=1e-14
2020-10-02 17:20:53,498 - __main__ - INFO - taudelta=4.0
2020-10-02 17:20:53,498 - __main__ - INFO - V=1
2020-10-02 17:20:53,498 - __main__ - INFO - layers=5
2020-10-02 17:20:53,498 - __main__ - INFO - train_len=2000, val_len=2000, buffer=2000
2020-10-02 17:20:53,498 - __main__ - INFO - alpha=0.5, Ntrials=10
2020-10-02 17:20:53,498 - __main__ - INFO - noise=8e-05, learning rate=0.0,scale_input=0.2
2020-10-02 17:21:02,716 - __main__ - DEBUG - n=0, val_loss=0.0033746534979404094
2020-10-02 17:21:11,964 - __main__ - DEBUG - n=1, val_loss=0.003657003930484301
2020-10-02 17:21:24,950 - __main__ - DEBUG - n=2, val_loss=0.0034403603302245673
2020-10-02 17:21:34,214 - __main__ - DEBUG - n=3, val_loss=0.003645846477802635
2020-10-02 17:21:43,504 - __main__ - DEBUG - n=4, val_loss=0.0037859595384079716
2020-10-02 17:21:52,823 - __main__ - DEBUG - n=5, val_loss=0.003646208068227024
2020-10-02 17:22:04,320 - __main__ - DEBUG - n=6, val_loss=0.004206380146678629
2020-10-02 17:22:19,773 - __main__ - DEBUG - n=7, val_loss=0.003973599093995551
2020-10-02 17:22:30,586 - __main__ - DEBUG - n=8, val_loss=0.0034042143073697473
2020-10-02 17:22:38,484 - __main__ - DEBUG - n=9, val_loss=0.0038147663461640027
2020-10-02 17:22:38,484 - __main__ - INFO - Ntrials=10, total loss avg=0.0036948991737294845, std=0.0002489989172118018
