2020-10-02 18:12:53,995 - __main__ - INFO - n_units=5
2020-10-02 18:12:53,995 - __main__ - INFO - max_energy=1.0
2020-10-02 18:12:53,995 - __main__ - INFO - beta=1e-14
2020-10-02 18:12:53,995 - __main__ - INFO - taudelta=4.0
2020-10-02 18:12:53,995 - __main__ - INFO - V=1
2020-10-02 18:12:53,995 - __main__ - INFO - layers=5
2020-10-02 18:12:53,996 - __main__ - INFO - train_len=2000, val_len=2000, buffer=2000
2020-10-02 18:12:53,996 - __main__ - INFO - alpha=0.5, Ntrials=10
2020-10-02 18:12:53,996 - __main__ - INFO - noise=4e-06, learning rate=10.0,scale_input=0.2
2020-10-02 18:13:08,842 - __main__ - INFO - innate_buffer=2000, innate_train_len=2000, innate_val_len=2000
2020-10-02 18:13:08,842 - __main__ - INFO - target_state_list=(6000, 25), target_innate_seq=(6000, 5)
2020-10-02 18:17:15,581 - __main__ - DEBUG - n=0, val_loss=0.0027687235039505365
2020-10-02 18:17:25,170 - __main__ - INFO - innate_buffer=2000, innate_train_len=2000, innate_val_len=2000
2020-10-02 18:17:25,170 - __main__ - INFO - target_state_list=(6000, 25), target_innate_seq=(6000, 5)
2020-10-02 18:20:45,543 - __main__ - DEBUG - n=1, val_loss=0.002987321049325059
2020-10-02 18:20:55,186 - __main__ - INFO - innate_buffer=2000, innate_train_len=2000, innate_val_len=2000
2020-10-02 18:20:55,186 - __main__ - INFO - target_state_list=(6000, 25), target_innate_seq=(6000, 5)
2020-10-02 18:24:15,796 - __main__ - DEBUG - n=2, val_loss=0.0027412375093776743
2020-10-02 18:24:25,447 - __main__ - INFO - innate_buffer=2000, innate_train_len=2000, innate_val_len=2000
2020-10-02 18:24:25,447 - __main__ - INFO - target_state_list=(6000, 25), target_innate_seq=(6000, 5)
2020-10-02 18:28:45,509 - __main__ - DEBUG - n=3, val_loss=0.002934847897409801
2020-10-02 18:28:55,186 - __main__ - INFO - innate_buffer=2000, innate_train_len=2000, innate_val_len=2000
2020-10-02 18:28:55,186 - __main__ - INFO - target_state_list=(6000, 25), target_innate_seq=(6000, 5)
2020-10-02 18:32:16,249 - __main__ - DEBUG - n=4, val_loss=0.002933757378933062
2020-10-02 18:32:25,907 - __main__ - INFO - innate_buffer=2000, innate_train_len=2000, innate_val_len=2000
2020-10-02 18:32:25,907 - __main__ - INFO - target_state_list=(6000, 25), target_innate_seq=(6000, 5)
2020-10-02 18:36:53,804 - __main__ - DEBUG - n=5, val_loss=0.003241769891077655
2020-10-02 18:37:09,392 - __main__ - INFO - innate_buffer=2000, innate_train_len=2000, innate_val_len=2000
2020-10-02 18:37:09,393 - __main__ - INFO - target_state_list=(6000, 25), target_innate_seq=(6000, 5)
2020-10-02 18:42:40,044 - __main__ - DEBUG - n=6, val_loss=0.0036543652956277043
2020-10-02 18:42:55,675 - __main__ - INFO - innate_buffer=2000, innate_train_len=2000, innate_val_len=2000
2020-10-02 18:42:55,676 - __main__ - INFO - target_state_list=(6000, 25), target_innate_seq=(6000, 5)
2020-10-02 18:48:15,686 - __main__ - DEBUG - n=7, val_loss=0.003065192440171738
2020-10-02 18:48:25,176 - __main__ - INFO - innate_buffer=2000, innate_train_len=2000, innate_val_len=2000
2020-10-02 18:48:25,176 - __main__ - INFO - target_state_list=(6000, 25), target_innate_seq=(6000, 5)
2020-10-02 18:51:35,573 - __main__ - DEBUG - n=8, val_loss=0.0030525488508695593
2020-10-02 18:51:44,332 - __main__ - INFO - innate_buffer=2000, innate_train_len=2000, innate_val_len=2000
2020-10-02 18:51:44,332 - __main__ - INFO - target_state_list=(6000, 25), target_innate_seq=(6000, 5)
2020-10-02 18:54:31,766 - __main__ - DEBUG - n=9, val_loss=0.0029351064522444973
2020-10-02 18:54:31,766 - __main__ - INFO - Ntrials=10, total loss avg=0.0030314870268987283, std=0.00024843417267636915
