2020-10-02 17:27:06,815 - __main__ - INFO - n_units=5
2020-10-02 17:27:06,815 - __main__ - INFO - max_energy=1.0
2020-10-02 17:27:06,815 - __main__ - INFO - beta=1e-14
2020-10-02 17:27:06,815 - __main__ - INFO - taudelta=4.0
2020-10-02 17:27:06,815 - __main__ - INFO - V=1
2020-10-02 17:27:06,815 - __main__ - INFO - layers=5
2020-10-02 17:27:06,815 - __main__ - INFO - train_len=2000, val_len=2000, buffer=2000
2020-10-02 17:27:06,815 - __main__ - INFO - alpha=0.5, Ntrials=10
2020-10-02 17:27:06,815 - __main__ - INFO - noise=0.0008, learning rate=10.0,scale_input=0.2
2020-10-02 17:27:15,836 - __main__ - INFO - innate_buffer=2000, innate_train_len=2000, innate_val_len=2000
2020-10-02 17:27:15,837 - __main__ - INFO - target_state_list=(6000, 25), target_innate_seq=(6000, 5)
2020-10-02 17:30:31,063 - __main__ - DEBUG - n=0, val_loss=0.004540811295376208
2020-10-02 17:30:40,276 - __main__ - INFO - innate_buffer=2000, innate_train_len=2000, innate_val_len=2000
2020-10-02 17:30:40,276 - __main__ - INFO - target_state_list=(6000, 25), target_innate_seq=(6000, 5)
2020-10-02 17:33:57,152 - __main__ - DEBUG - n=1, val_loss=0.005286962439114085
2020-10-02 17:34:06,398 - __main__ - INFO - innate_buffer=2000, innate_train_len=2000, innate_val_len=2000
2020-10-02 17:34:06,398 - __main__ - INFO - target_state_list=(6000, 25), target_innate_seq=(6000, 5)
2020-10-02 17:37:23,774 - __main__ - DEBUG - n=2, val_loss=0.0041285427524118
2020-10-02 17:37:33,060 - __main__ - INFO - innate_buffer=2000, innate_train_len=2000, innate_val_len=2000
2020-10-02 17:37:33,060 - __main__ - INFO - target_state_list=(6000, 25), target_innate_seq=(6000, 5)
2020-10-02 17:40:50,769 - __main__ - DEBUG - n=3, val_loss=0.005172898061616308
2020-10-02 17:41:00,050 - __main__ - INFO - innate_buffer=2000, innate_train_len=2000, innate_val_len=2000
2020-10-02 17:41:00,050 - __main__ - INFO - target_state_list=(6000, 25), target_innate_seq=(6000, 5)
2020-10-02 17:44:18,824 - __main__ - DEBUG - n=4, val_loss=0.004971441007181169
2020-10-02 17:44:28,154 - __main__ - INFO - innate_buffer=2000, innate_train_len=2000, innate_val_len=2000
2020-10-02 17:44:28,154 - __main__ - INFO - target_state_list=(6000, 25), target_innate_seq=(6000, 5)
2020-10-02 17:47:46,452 - __main__ - DEBUG - n=5, val_loss=0.004939435988471267
2020-10-02 17:47:55,755 - __main__ - INFO - innate_buffer=2000, innate_train_len=2000, innate_val_len=2000
2020-10-02 17:47:55,755 - __main__ - INFO - target_state_list=(6000, 25), target_innate_seq=(6000, 5)
2020-10-02 17:51:14,302 - __main__ - DEBUG - n=6, val_loss=0.005708081915045604
2020-10-02 17:51:23,576 - __main__ - INFO - innate_buffer=2000, innate_train_len=2000, innate_val_len=2000
2020-10-02 17:51:23,576 - __main__ - INFO - target_state_list=(6000, 25), target_innate_seq=(6000, 5)
2020-10-02 17:54:42,236 - __main__ - DEBUG - n=7, val_loss=0.005440772028084626
2020-10-02 17:54:51,547 - __main__ - INFO - innate_buffer=2000, innate_train_len=2000, innate_val_len=2000
2020-10-02 17:54:51,547 - __main__ - INFO - target_state_list=(6000, 25), target_innate_seq=(6000, 5)
2020-10-02 17:58:09,953 - __main__ - DEBUG - n=8, val_loss=0.0049448388666555165
2020-10-02 17:58:19,239 - __main__ - INFO - innate_buffer=2000, innate_train_len=2000, innate_val_len=2000
2020-10-02 17:58:19,240 - __main__ - INFO - target_state_list=(6000, 25), target_innate_seq=(6000, 5)
2020-10-02 18:01:37,928 - __main__ - DEBUG - n=9, val_loss=0.0053512654469000664
2020-10-02 18:01:37,928 - __main__ - INFO - Ntrials=10, total loss avg=0.005048504980085666, std=0.00043423261169648047
