2020-10-02 17:22:58,511 - __main__ - INFO - n_units=5
2020-10-02 17:22:58,512 - __main__ - INFO - max_energy=1.0
2020-10-02 17:22:58,512 - __main__ - INFO - beta=1e-14
2020-10-02 17:22:58,512 - __main__ - INFO - taudelta=4.0
2020-10-02 17:22:58,512 - __main__ - INFO - V=1
2020-10-02 17:22:58,512 - __main__ - INFO - layers=5
2020-10-02 17:22:58,512 - __main__ - INFO - train_len=2000, val_len=2000, buffer=2000
2020-10-02 17:22:58,512 - __main__ - INFO - alpha=0.5, Ntrials=10
2020-10-02 17:22:58,512 - __main__ - INFO - noise=0.0005, learning rate=0.0,scale_input=0.2
2020-10-02 17:23:10,433 - __main__ - DEBUG - n=0, val_loss=0.00444352874977771
2020-10-02 17:23:24,537 - __main__ - DEBUG - n=1, val_loss=0.004574965390607131
2020-10-02 17:23:40,495 - __main__ - DEBUG - n=2, val_loss=0.004474002020600594
2020-10-02 17:23:57,282 - __main__ - DEBUG - n=3, val_loss=0.004459391605097718
2020-10-02 17:24:14,098 - __main__ - DEBUG - n=4, val_loss=0.0034731329272988582
2020-10-02 17:24:29,554 - __main__ - DEBUG - n=5, val_loss=0.0048056368823900025
2020-10-02 17:24:39,790 - __main__ - DEBUG - n=6, val_loss=0.005024517630600685
2020-10-02 17:24:47,899 - __main__ - DEBUG - n=7, val_loss=0.0038608827081394316
2020-10-02 17:24:55,795 - __main__ - DEBUG - n=8, val_loss=0.00423735832553102
2020-10-02 17:25:03,637 - __main__ - DEBUG - n=9, val_loss=0.004604475608360154
2020-10-02 17:25:03,638 - __main__ - INFO - Ntrials=10, total loss avg=0.00439578918484033, std=0.00042589789350836686
