2020-10-02 17:20:53,495 - __main__ - INFO - n_units=5
2020-10-02 17:20:53,496 - __main__ - INFO - max_energy=1.0
2020-10-02 17:20:53,496 - __main__ - INFO - beta=1e-14
2020-10-02 17:20:53,496 - __main__ - INFO - taudelta=4.0
2020-10-02 17:20:53,496 - __main__ - INFO - V=1
2020-10-02 17:20:53,496 - __main__ - INFO - layers=5
2020-10-02 17:20:53,496 - __main__ - INFO - train_len=2000, val_len=2000, buffer=2000
2020-10-02 17:20:53,496 - __main__ - INFO - alpha=0.5, Ntrials=10
2020-10-02 17:20:53,496 - __main__ - INFO - noise=5e-05, learning rate=0.0,scale_input=0.2
2020-10-02 17:21:02,485 - __main__ - DEBUG - n=0, val_loss=0.0032409008680306423
2020-10-02 17:21:11,616 - __main__ - DEBUG - n=1, val_loss=0.0034119438170505034
2020-10-02 17:21:25,545 - __main__ - DEBUG - n=2, val_loss=0.0033481408425141005
2020-10-02 17:21:36,541 - __main__ - DEBUG - n=3, val_loss=0.0034571315385839075
2020-10-02 17:21:46,202 - __main__ - DEBUG - n=4, val_loss=0.0036681577922516666
2020-10-02 17:21:55,319 - __main__ - DEBUG - n=5, val_loss=0.0034630137511526106
2020-10-02 17:22:05,034 - __main__ - DEBUG - n=6, val_loss=0.004016050512887756
2020-10-02 17:22:18,899 - __main__ - DEBUG - n=7, val_loss=0.0038064595785890056
2020-10-02 17:22:30,068 - __main__ - DEBUG - n=8, val_loss=0.0031837357770715196
2020-10-02 17:22:37,863 - __main__ - DEBUG - n=9, val_loss=0.0036381408990071216
2020-10-02 17:22:37,863 - __main__ - INFO - Ntrials=10, total loss avg=0.0035233675377138833, std=0.00024562193297704427
