2020-10-02 17:22:58,480 - __main__ - INFO - n_units=5
2020-10-02 17:22:58,481 - __main__ - INFO - max_energy=1.0
2020-10-02 17:22:58,481 - __main__ - INFO - beta=1e-14
2020-10-02 17:22:58,481 - __main__ - INFO - taudelta=4.0
2020-10-02 17:22:58,481 - __main__ - INFO - V=1
2020-10-02 17:22:58,481 - __main__ - INFO - layers=5
2020-10-02 17:22:58,481 - __main__ - INFO - train_len=2000, val_len=2000, buffer=2000
2020-10-02 17:22:58,481 - __main__ - INFO - alpha=0.5, Ntrials=10
2020-10-02 17:22:58,481 - __main__ - INFO - noise=0.004, learning rate=0.0,scale_input=0.2
2020-10-02 17:23:14,407 - __main__ - DEBUG - n=0, val_loss=0.0050861116728745425
2020-10-02 17:23:30,198 - __main__ - DEBUG - n=1, val_loss=0.005248405127844626
2020-10-02 17:23:46,458 - __main__ - DEBUG - n=2, val_loss=0.004676553902280797
2020-10-02 17:24:02,008 - __main__ - DEBUG - n=3, val_loss=0.005061665048369498
2020-10-02 17:24:17,724 - __main__ - DEBUG - n=4, val_loss=0.00475276743082355
2020-10-02 17:24:33,527 - __main__ - DEBUG - n=5, val_loss=0.005374277041197812
2020-10-02 17:24:41,960 - __main__ - DEBUG - n=6, val_loss=0.005750946905150161
2020-10-02 17:24:49,908 - __main__ - DEBUG - n=7, val_loss=0.005279968424040023
2020-10-02 17:24:57,702 - __main__ - DEBUG - n=8, val_loss=0.005213930907517089
2020-10-02 17:25:05,341 - __main__ - DEBUG - n=9, val_loss=0.005302094492346932
2020-10-02 17:25:05,341 - __main__ - INFO - Ntrials=10, total loss avg=0.005174672095244503, std=0.00029205739344087393
