2020-10-02 17:27:06,838 - __main__ - INFO - n_units=5
2020-10-02 17:27:06,838 - __main__ - INFO - max_energy=1.0
2020-10-02 17:27:06,839 - __main__ - INFO - beta=1e-14
2020-10-02 17:27:06,839 - __main__ - INFO - taudelta=4.0
2020-10-02 17:27:06,839 - __main__ - INFO - V=1
2020-10-02 17:27:06,839 - __main__ - INFO - layers=5
2020-10-02 17:27:06,839 - __main__ - INFO - train_len=2000, val_len=2000, buffer=2000
2020-10-02 17:27:06,839 - __main__ - INFO - alpha=0.5, Ntrials=10
2020-10-02 17:27:06,839 - __main__ - INFO - noise=4e-05, learning rate=10.0,scale_input=0.2
2020-10-02 17:27:15,780 - __main__ - INFO - innate_buffer=2000, innate_train_len=2000, innate_val_len=2000
2020-10-02 17:27:15,780 - __main__ - INFO - target_state_list=(6000, 25), target_innate_seq=(6000, 5)
2020-10-02 17:30:27,708 - __main__ - DEBUG - n=0, val_loss=0.0032782569265376554
2020-10-02 17:30:36,932 - __main__ - INFO - innate_buffer=2000, innate_train_len=2000, innate_val_len=2000
2020-10-02 17:30:36,932 - __main__ - INFO - target_state_list=(6000, 25), target_innate_seq=(6000, 5)
2020-10-02 17:33:51,269 - __main__ - DEBUG - n=1, val_loss=0.003441398188968127
2020-10-02 17:34:00,524 - __main__ - INFO - innate_buffer=2000, innate_train_len=2000, innate_val_len=2000
2020-10-02 17:34:00,524 - __main__ - INFO - target_state_list=(6000, 25), target_innate_seq=(6000, 5)
2020-10-02 17:37:14,158 - __main__ - DEBUG - n=2, val_loss=0.0032986472579789997
2020-10-02 17:37:23,378 - __main__ - INFO - innate_buffer=2000, innate_train_len=2000, innate_val_len=2000
2020-10-02 17:37:23,378 - __main__ - INFO - target_state_list=(6000, 25), target_innate_seq=(6000, 5)
2020-10-02 17:40:37,599 - __main__ - DEBUG - n=3, val_loss=0.003235485205263612
2020-10-02 17:40:46,787 - __main__ - INFO - innate_buffer=2000, innate_train_len=2000, innate_val_len=2000
2020-10-02 17:40:46,787 - __main__ - INFO - target_state_list=(6000, 25), target_innate_seq=(6000, 5)
2020-10-02 17:44:01,161 - __main__ - DEBUG - n=4, val_loss=0.003488062320311943
2020-10-02 17:44:10,341 - __main__ - INFO - innate_buffer=2000, innate_train_len=2000, innate_val_len=2000
2020-10-02 17:44:10,341 - __main__ - INFO - target_state_list=(6000, 25), target_innate_seq=(6000, 5)
2020-10-02 17:47:24,558 - __main__ - DEBUG - n=5, val_loss=0.0033873127026465355
2020-10-02 17:47:33,814 - __main__ - INFO - innate_buffer=2000, innate_train_len=2000, innate_val_len=2000
2020-10-02 17:47:33,814 - __main__ - INFO - target_state_list=(6000, 25), target_innate_seq=(6000, 5)
2020-10-02 17:51:01,610 - __main__ - DEBUG - n=6, val_loss=0.003816863204756352
2020-10-02 17:51:16,479 - __main__ - INFO - innate_buffer=2000, innate_train_len=2000, innate_val_len=2000
2020-10-02 17:51:16,480 - __main__ - INFO - target_state_list=(6000, 25), target_innate_seq=(6000, 5)
2020-10-02 17:56:28,776 - __main__ - DEBUG - n=7, val_loss=0.003668412655237083
2020-10-02 17:56:43,734 - __main__ - INFO - innate_buffer=2000, innate_train_len=2000, innate_val_len=2000
2020-10-02 17:56:43,734 - __main__ - INFO - target_state_list=(6000, 25), target_innate_seq=(6000, 5)
2020-10-02 18:00:15,783 - __main__ - DEBUG - n=8, val_loss=0.0033093254466407115
2020-10-02 18:00:25,052 - __main__ - INFO - innate_buffer=2000, innate_train_len=2000, innate_val_len=2000
2020-10-02 18:00:25,052 - __main__ - INFO - target_state_list=(6000, 25), target_innate_seq=(6000, 5)
2020-10-02 18:03:35,718 - __main__ - DEBUG - n=9, val_loss=0.0034958697557249414
2020-10-02 18:03:35,719 - __main__ - INFO - Ntrials=10, total loss avg=0.003441963366406596, std=0.00017533184257862856
