2020-10-02 17:22:58,514 - __main__ - INFO - n_units=5
2020-10-02 17:22:58,514 - __main__ - INFO - max_energy=1.0
2020-10-02 17:22:58,514 - __main__ - INFO - beta=1e-14
2020-10-02 17:22:58,514 - __main__ - INFO - taudelta=4.0
2020-10-02 17:22:58,514 - __main__ - INFO - V=1
2020-10-02 17:22:58,514 - __main__ - INFO - layers=5
2020-10-02 17:22:58,514 - __main__ - INFO - train_len=2000, val_len=2000, buffer=2000
2020-10-02 17:22:58,514 - __main__ - INFO - alpha=0.5, Ntrials=10
2020-10-02 17:22:58,515 - __main__ - INFO - noise=0.0007, learning rate=0.0,scale_input=0.2
2020-10-02 17:23:15,147 - __main__ - DEBUG - n=0, val_loss=0.00458644696238416
2020-10-02 17:23:24,793 - __main__ - DEBUG - n=1, val_loss=0.0047174206258663995
2020-10-02 17:23:34,416 - __main__ - DEBUG - n=2, val_loss=0.00457355466688943
2020-10-02 17:23:44,049 - __main__ - DEBUG - n=3, val_loss=0.004616238142707552
2020-10-02 17:23:53,688 - __main__ - DEBUG - n=4, val_loss=0.0035811643693928817
2020-10-02 17:24:03,342 - __main__ - DEBUG - n=5, val_loss=0.004943770907989509
2020-10-02 17:24:13,006 - __main__ - DEBUG - n=6, val_loss=0.005157707121816995
2020-10-02 17:24:22,667 - __main__ - DEBUG - n=7, val_loss=0.0039770468862885015
2020-10-02 17:24:32,321 - __main__ - DEBUG - n=8, val_loss=0.004381068713382052
2020-10-02 17:24:41,059 - __main__ - DEBUG - n=9, val_loss=0.004747709529041985
2020-10-02 17:24:41,059 - __main__ - INFO - Ntrials=10, total loss avg=0.004528212792575947, std=0.0004345643333092042
