2020-10-02 17:22:58,488 - __main__ - INFO - n_units=5
2020-10-02 17:22:58,488 - __main__ - INFO - max_energy=1.0
2020-10-02 17:22:58,488 - __main__ - INFO - beta=1e-14
2020-10-02 17:22:58,488 - __main__ - INFO - taudelta=4.0
2020-10-02 17:22:58,488 - __main__ - INFO - V=1
2020-10-02 17:22:58,488 - __main__ - INFO - layers=5
2020-10-02 17:22:58,488 - __main__ - INFO - train_len=2000, val_len=2000, buffer=2000
2020-10-02 17:22:58,488 - __main__ - INFO - alpha=0.5, Ntrials=10
2020-10-02 17:22:58,489 - __main__ - INFO - noise=0.01, learning rate=0.0,scale_input=0.2
2020-10-02 17:23:07,867 - __main__ - DEBUG - n=0, val_loss=0.0053930478766309655
2020-10-02 17:23:17,160 - __main__ - DEBUG - n=1, val_loss=0.005461782430661336
2020-10-02 17:23:26,484 - __main__ - DEBUG - n=2, val_loss=0.0050864425480227566
2020-10-02 17:23:35,832 - __main__ - DEBUG - n=3, val_loss=0.005206149077648186
2020-10-02 17:23:45,153 - __main__ - DEBUG - n=4, val_loss=0.00494868201957505
2020-10-02 17:23:54,499 - __main__ - DEBUG - n=5, val_loss=0.005785278225744243
2020-10-02 17:24:04,940 - __main__ - DEBUG - n=6, val_loss=0.005974112214717916
2020-10-02 17:24:14,496 - __main__ - DEBUG - n=7, val_loss=0.00546655870213936
2020-10-02 17:24:25,004 - __main__ - DEBUG - n=8, val_loss=0.005350387263051412
2020-10-02 17:24:34,468 - __main__ - DEBUG - n=9, val_loss=0.005496187026286448
2020-10-02 17:24:34,468 - __main__ - INFO - Ntrials=10, total loss avg=0.005416862738447767, std=0.0002889279895345772
