2020-10-02 17:20:53,490 - __main__ - INFO - n_units=5
2020-10-02 17:20:53,490 - __main__ - INFO - max_energy=1.0
2020-10-02 17:20:53,490 - __main__ - INFO - beta=1e-14
2020-10-02 17:20:53,490 - __main__ - INFO - taudelta=4.0
2020-10-02 17:20:53,490 - __main__ - INFO - V=1
2020-10-02 17:20:53,490 - __main__ - INFO - layers=5
2020-10-02 17:20:53,490 - __main__ - INFO - train_len=2000, val_len=2000, buffer=2000
2020-10-02 17:20:53,491 - __main__ - INFO - alpha=0.5, Ntrials=10
2020-10-02 17:20:53,491 - __main__ - INFO - noise=8e-06, learning rate=0.0,scale_input=0.2
2020-10-02 17:21:02,936 - __main__ - DEBUG - n=0, val_loss=0.0026993271338631728
2020-10-02 17:21:12,067 - __main__ - DEBUG - n=1, val_loss=0.0026885895709557453
2020-10-02 17:21:21,235 - __main__ - DEBUG - n=2, val_loss=0.0029885196067222196
2020-10-02 17:21:30,428 - __main__ - DEBUG - n=3, val_loss=0.0029170537533433874
2020-10-02 17:21:39,632 - __main__ - DEBUG - n=4, val_loss=0.0032132926396009087
2020-10-02 17:21:48,846 - __main__ - DEBUG - n=5, val_loss=0.002894632246590935
2020-10-02 17:21:58,054 - __main__ - DEBUG - n=6, val_loss=0.0033010926769264687
2020-10-02 17:22:07,237 - __main__ - DEBUG - n=7, val_loss=0.003114021062403835
2020-10-02 17:22:16,411 - __main__ - DEBUG - n=8, val_loss=0.002353283231743911
2020-10-02 17:22:25,572 - __main__ - DEBUG - n=9, val_loss=0.003119298937461564
2020-10-02 17:22:25,572 - __main__ - INFO - Ntrials=10, total loss avg=0.0029289110859612145, std=0.0002714009397884349
