2020-10-02 17:27:06,861 - __main__ - INFO - n_units=5
2020-10-02 17:27:06,861 - __main__ - INFO - max_energy=1.0
2020-10-02 17:27:06,861 - __main__ - INFO - beta=1e-14
2020-10-02 17:27:06,861 - __main__ - INFO - taudelta=4.0
2020-10-02 17:27:06,861 - __main__ - INFO - V=1
2020-10-02 17:27:06,861 - __main__ - INFO - layers=5
2020-10-02 17:27:06,861 - __main__ - INFO - train_len=2000, val_len=2000, buffer=2000
2020-10-02 17:27:06,861 - __main__ - INFO - alpha=0.5, Ntrials=10
2020-10-02 17:27:06,861 - __main__ - INFO - noise=0.002, learning rate=10.0,scale_input=0.2
2020-10-02 17:27:16,748 - __main__ - INFO - innate_buffer=2000, innate_train_len=2000, innate_val_len=2000
2020-10-02 17:27:16,748 - __main__ - INFO - target_state_list=(6000, 25), target_innate_seq=(6000, 5)
2020-10-02 17:31:27,570 - __main__ - DEBUG - n=0, val_loss=0.0049144306629832196
2020-10-02 17:31:40,123 - __main__ - INFO - innate_buffer=2000, innate_train_len=2000, innate_val_len=2000
2020-10-02 17:31:40,123 - __main__ - INFO - target_state_list=(6000, 25), target_innate_seq=(6000, 5)
2020-10-02 17:35:56,450 - __main__ - DEBUG - n=1, val_loss=0.005338975415388827
2020-10-02 17:36:05,850 - __main__ - INFO - innate_buffer=2000, innate_train_len=2000, innate_val_len=2000
2020-10-02 17:36:05,850 - __main__ - INFO - target_state_list=(6000, 25), target_innate_seq=(6000, 5)
2020-10-02 17:40:28,339 - __main__ - DEBUG - n=2, val_loss=0.004534465885758351
2020-10-02 17:40:37,728 - __main__ - INFO - innate_buffer=2000, innate_train_len=2000, innate_val_len=2000
2020-10-02 17:40:37,729 - __main__ - INFO - target_state_list=(6000, 25), target_innate_seq=(6000, 5)
2020-10-02 17:44:41,080 - __main__ - DEBUG - n=3, val_loss=0.005091390298252964
2020-10-02 17:44:56,858 - __main__ - INFO - innate_buffer=2000, innate_train_len=2000, innate_val_len=2000
2020-10-02 17:44:56,858 - __main__ - INFO - target_state_list=(6000, 25), target_innate_seq=(6000, 5)
2020-10-02 17:48:28,849 - __main__ - DEBUG - n=4, val_loss=0.0050806356270279105
2020-10-02 17:48:38,220 - __main__ - INFO - innate_buffer=2000, innate_train_len=2000, innate_val_len=2000
2020-10-02 17:48:38,220 - __main__ - INFO - target_state_list=(6000, 25), target_innate_seq=(6000, 5)
2020-10-02 17:52:09,230 - __main__ - DEBUG - n=5, val_loss=0.004839648771435896
2020-10-02 17:52:18,484 - __main__ - INFO - innate_buffer=2000, innate_train_len=2000, innate_val_len=2000
2020-10-02 17:52:18,484 - __main__ - INFO - target_state_list=(6000, 25), target_innate_seq=(6000, 5)
2020-10-02 17:55:33,831 - __main__ - DEBUG - n=6, val_loss=0.00584127641000927
2020-10-02 17:55:43,118 - __main__ - INFO - innate_buffer=2000, innate_train_len=2000, innate_val_len=2000
2020-10-02 17:55:43,119 - __main__ - INFO - target_state_list=(6000, 25), target_innate_seq=(6000, 5)
2020-10-02 17:59:50,192 - __main__ - DEBUG - n=7, val_loss=0.005618025419941654
2020-10-02 18:00:05,302 - __main__ - INFO - innate_buffer=2000, innate_train_len=2000, innate_val_len=2000
2020-10-02 18:00:05,303 - __main__ - INFO - target_state_list=(6000, 25), target_innate_seq=(6000, 5)
2020-10-02 18:03:37,120 - __main__ - DEBUG - n=8, val_loss=0.00502725786749116
2020-10-02 18:03:45,789 - __main__ - INFO - innate_buffer=2000, innate_train_len=2000, innate_val_len=2000
2020-10-02 18:03:45,789 - __main__ - INFO - target_state_list=(6000, 25), target_innate_seq=(6000, 5)
2020-10-02 18:06:38,562 - __main__ - DEBUG - n=9, val_loss=0.005525938667617729
2020-10-02 18:06:38,563 - __main__ - INFO - Ntrials=10, total loss avg=0.005181204502590698, std=0.00037659267600919174
