2020-10-02 18:12:54,031 - __main__ - INFO - n_units=5
2020-10-02 18:12:54,031 - __main__ - INFO - max_energy=1.0
2020-10-02 18:12:54,031 - __main__ - INFO - beta=1e-14
2020-10-02 18:12:54,031 - __main__ - INFO - taudelta=4.0
2020-10-02 18:12:54,031 - __main__ - INFO - V=1
2020-10-02 18:12:54,031 - __main__ - INFO - layers=5
2020-10-02 18:12:54,031 - __main__ - INFO - train_len=2000, val_len=2000, buffer=2000
2020-10-02 18:12:54,032 - __main__ - INFO - alpha=0.5, Ntrials=10
2020-10-02 18:12:54,032 - __main__ - INFO - noise=7e-06, learning rate=10.0,scale_input=0.2
2020-10-02 18:13:03,337 - __main__ - INFO - innate_buffer=2000, innate_train_len=2000, innate_val_len=2000
2020-10-02 18:13:03,337 - __main__ - INFO - target_state_list=(6000, 25), target_innate_seq=(6000, 5)
2020-10-02 18:16:17,923 - __main__ - DEBUG - n=0, val_loss=0.003105402650879872
2020-10-02 18:16:27,488 - __main__ - INFO - innate_buffer=2000, innate_train_len=2000, innate_val_len=2000
2020-10-02 18:16:27,488 - __main__ - INFO - target_state_list=(6000, 25), target_innate_seq=(6000, 5)
2020-10-02 18:19:44,065 - __main__ - DEBUG - n=1, val_loss=0.003382482376475328
2020-10-02 18:19:53,690 - __main__ - INFO - innate_buffer=2000, innate_train_len=2000, innate_val_len=2000
2020-10-02 18:19:53,691 - __main__ - INFO - target_state_list=(6000, 25), target_innate_seq=(6000, 5)
2020-10-02 18:23:10,515 - __main__ - DEBUG - n=2, val_loss=0.0031342366991884683
2020-10-02 18:23:20,130 - __main__ - INFO - innate_buffer=2000, innate_train_len=2000, innate_val_len=2000
2020-10-02 18:23:20,130 - __main__ - INFO - target_state_list=(6000, 25), target_innate_seq=(6000, 5)
2020-10-02 18:26:40,011 - __main__ - DEBUG - n=3, val_loss=0.003086279572259915
2020-10-02 18:26:49,690 - __main__ - INFO - innate_buffer=2000, innate_train_len=2000, innate_val_len=2000
2020-10-02 18:26:49,690 - __main__ - INFO - target_state_list=(6000, 25), target_innate_seq=(6000, 5)
2020-10-02 18:30:08,245 - __main__ - DEBUG - n=4, val_loss=0.002903693719855444
2020-10-02 18:30:17,909 - __main__ - INFO - innate_buffer=2000, innate_train_len=2000, innate_val_len=2000
2020-10-02 18:30:17,909 - __main__ - INFO - target_state_list=(6000, 25), target_innate_seq=(6000, 5)
2020-10-02 18:33:36,589 - __main__ - DEBUG - n=5, val_loss=0.003575273320183481
2020-10-02 18:33:46,279 - __main__ - INFO - innate_buffer=2000, innate_train_len=2000, innate_val_len=2000
2020-10-02 18:33:46,279 - __main__ - INFO - target_state_list=(6000, 25), target_innate_seq=(6000, 5)
2020-10-02 18:37:04,853 - __main__ - DEBUG - n=6, val_loss=0.004079348807373385
2020-10-02 18:37:14,464 - __main__ - INFO - innate_buffer=2000, innate_train_len=2000, innate_val_len=2000
2020-10-02 18:37:14,464 - __main__ - INFO - target_state_list=(6000, 25), target_innate_seq=(6000, 5)
2020-10-02 18:40:32,722 - __main__ - DEBUG - n=7, val_loss=0.0030704702328682282
2020-10-02 18:40:42,406 - __main__ - INFO - innate_buffer=2000, innate_train_len=2000, innate_val_len=2000
2020-10-02 18:40:42,407 - __main__ - INFO - target_state_list=(6000, 25), target_innate_seq=(6000, 5)
2020-10-02 18:44:07,657 - __main__ - DEBUG - n=8, val_loss=0.0031485379755268406
2020-10-02 18:44:17,387 - __main__ - INFO - innate_buffer=2000, innate_train_len=2000, innate_val_len=2000
2020-10-02 18:44:17,388 - __main__ - INFO - target_state_list=(6000, 25), target_innate_seq=(6000, 5)
2020-10-02 18:47:47,236 - __main__ - DEBUG - n=9, val_loss=0.003533152560175017
2020-10-02 18:47:47,236 - __main__ - INFO - Ntrials=10, total loss avg=0.003301887791478598, std=0.0003298474091895645
