2020-10-02 17:20:53,505 - __main__ - INFO - n_units=5
2020-10-02 17:20:53,505 - __main__ - INFO - max_energy=1.0
2020-10-02 17:20:53,505 - __main__ - INFO - beta=1e-14
2020-10-02 17:20:53,505 - __main__ - INFO - taudelta=4.0
2020-10-02 17:20:53,505 - __main__ - INFO - V=1
2020-10-02 17:20:53,505 - __main__ - INFO - layers=5
2020-10-02 17:20:53,505 - __main__ - INFO - train_len=2000, val_len=2000, buffer=2000
2020-10-02 17:20:53,506 - __main__ - INFO - alpha=0.5, Ntrials=10
2020-10-02 17:20:53,506 - __main__ - INFO - noise=0.0007, learning rate=0.0,scale_input=0.2
2020-10-02 17:21:02,565 - __main__ - DEBUG - n=0, val_loss=0.004429862787213695
2020-10-02 17:21:11,700 - __main__ - DEBUG - n=1, val_loss=0.005192383097541918
2020-10-02 17:21:20,888 - __main__ - DEBUG - n=2, val_loss=0.0040660015477532434
2020-10-02 17:21:30,115 - __main__ - DEBUG - n=3, val_loss=0.00504793648107239
2020-10-02 17:21:39,372 - __main__ - DEBUG - n=4, val_loss=0.004886997280822982
2020-10-02 17:21:48,612 - __main__ - DEBUG - n=5, val_loss=0.0048368020849773406
2020-10-02 17:21:57,821 - __main__ - DEBUG - n=6, val_loss=0.00558466488451511
2020-10-02 17:22:07,029 - __main__ - DEBUG - n=7, val_loss=0.005329631404712375
2020-10-02 17:22:16,225 - __main__ - DEBUG - n=8, val_loss=0.004850314039606848
2020-10-02 17:22:25,435 - __main__ - DEBUG - n=9, val_loss=0.005235901554772282
2020-10-02 17:22:25,435 - __main__ - INFO - Ntrials=10, total loss avg=0.004946049516298819, std=0.0004213740215265115
