2020-10-02 17:20:53,538 - __main__ - INFO - n_units=5
2020-10-02 17:20:53,538 - __main__ - INFO - max_energy=1.0
2020-10-02 17:20:53,539 - __main__ - INFO - beta=1e-14
2020-10-02 17:20:53,539 - __main__ - INFO - taudelta=4.0
2020-10-02 17:20:53,539 - __main__ - INFO - V=1
2020-10-02 17:20:53,539 - __main__ - INFO - layers=5
2020-10-02 17:20:53,539 - __main__ - INFO - train_len=2000, val_len=2000, buffer=2000
2020-10-02 17:20:53,539 - __main__ - INFO - alpha=0.5, Ntrials=10
2020-10-02 17:20:53,539 - __main__ - INFO - noise=0.0004, learning rate=0.0,scale_input=0.2
2020-10-02 17:21:08,441 - __main__ - DEBUG - n=0, val_loss=0.0039528653121207085
2020-10-02 17:21:19,280 - __main__ - DEBUG - n=1, val_loss=0.004341568649539114
2020-10-02 17:21:28,428 - __main__ - DEBUG - n=2, val_loss=0.0037925070567902497
2020-10-02 17:21:37,584 - __main__ - DEBUG - n=3, val_loss=0.00411999591818805
2020-10-02 17:21:46,774 - __main__ - DEBUG - n=4, val_loss=0.004209032827121368
2020-10-02 17:21:55,957 - __main__ - DEBUG - n=5, val_loss=0.003971412366245723
2020-10-02 17:22:05,180 - __main__ - DEBUG - n=6, val_loss=0.004733320958301205
2020-10-02 17:22:14,378 - __main__ - DEBUG - n=7, val_loss=0.004549478552580601
2020-10-02 17:22:23,575 - __main__ - DEBUG - n=8, val_loss=0.004226536311422261
2020-10-02 17:22:31,813 - __main__ - DEBUG - n=9, val_loss=0.004460452084374771
2020-10-02 17:22:31,813 - __main__ - INFO - Ntrials=10, total loss avg=0.004235717003668404, std=0.0002771734493913056
