2020-10-02 17:20:53,497 - __main__ - INFO - n_units=5
2020-10-02 17:20:53,497 - __main__ - INFO - max_energy=1.0
2020-10-02 17:20:53,497 - __main__ - INFO - beta=1e-14
2020-10-02 17:20:53,497 - __main__ - INFO - taudelta=4.0
2020-10-02 17:20:53,497 - __main__ - INFO - V=1
2020-10-02 17:20:53,497 - __main__ - INFO - layers=5
2020-10-02 17:20:53,498 - __main__ - INFO - train_len=2000, val_len=2000, buffer=2000
2020-10-02 17:20:53,498 - __main__ - INFO - alpha=0.5, Ntrials=10
2020-10-02 17:20:53,498 - __main__ - INFO - noise=7.000000000000001e-05, learning rate=0.0,scale_input=0.2
2020-10-02 17:21:02,395 - __main__ - DEBUG - n=0, val_loss=0.003335141178520893
2020-10-02 17:21:11,403 - __main__ - DEBUG - n=1, val_loss=0.0035845799515215786
2020-10-02 17:21:20,417 - __main__ - DEBUG - n=2, val_loss=0.0034139930364390637
2020-10-02 17:21:29,441 - __main__ - DEBUG - n=3, val_loss=0.003588625002424926
2020-10-02 17:21:38,465 - __main__ - DEBUG - n=4, val_loss=0.0037501154179862355
2020-10-02 17:21:47,516 - __main__ - DEBUG - n=5, val_loss=0.0035918535142498227
2020-10-02 17:21:56,574 - __main__ - DEBUG - n=6, val_loss=0.004150134169254845
2020-10-02 17:22:05,604 - __main__ - DEBUG - n=7, val_loss=0.00392370175286001
2020-10-02 17:22:14,635 - __main__ - DEBUG - n=8, val_loss=0.003352838483696305
2020-10-02 17:22:23,687 - __main__ - DEBUG - n=9, val_loss=0.003761301703175636
2020-10-02 17:22:23,688 - __main__ - INFO - Ntrials=10, total loss avg=0.003645228421012931, std=0.0002453157844743516
