2020-10-02 17:22:58,457 - __main__ - INFO - n_units=5
2020-10-02 17:22:58,457 - __main__ - INFO - max_energy=1.0
2020-10-02 17:22:58,458 - __main__ - INFO - beta=1e-14
2020-10-02 17:22:58,458 - __main__ - INFO - taudelta=4.0
2020-10-02 17:22:58,458 - __main__ - INFO - V=1
2020-10-02 17:22:58,458 - __main__ - INFO - layers=5
2020-10-02 17:22:58,458 - __main__ - INFO - train_len=2000, val_len=2000, buffer=2000
2020-10-02 17:22:58,458 - __main__ - INFO - alpha=0.5, Ntrials=10
2020-10-02 17:22:58,458 - __main__ - INFO - noise=6e-06, learning rate=0.0,scale_input=0.2
2020-10-02 17:23:11,902 - __main__ - DEBUG - n=0, val_loss=0.002816814698262305
2020-10-02 17:23:21,343 - __main__ - DEBUG - n=1, val_loss=0.003046170946278705
2020-10-02 17:23:30,800 - __main__ - DEBUG - n=2, val_loss=0.0027893285216535205
2020-10-02 17:23:40,280 - __main__ - DEBUG - n=3, val_loss=0.0029615785036998274
2020-10-02 17:23:49,766 - __main__ - DEBUG - n=4, val_loss=0.002982841939015681
2020-10-02 17:23:59,251 - __main__ - DEBUG - n=5, val_loss=0.003300988112665614
2020-10-02 17:24:08,750 - __main__ - DEBUG - n=6, val_loss=0.003697455342472515
2020-10-02 17:24:18,244 - __main__ - DEBUG - n=7, val_loss=0.0031034682015902873
2020-10-02 17:24:27,709 - __main__ - DEBUG - n=8, val_loss=0.003071337783477069
2020-10-02 17:24:36,881 - __main__ - DEBUG - n=9, val_loss=0.0029784483485004736
2020-10-02 17:24:36,882 - __main__ - INFO - Ntrials=10, total loss avg=0.0030748432397615993, std=0.0002488219460537641
