2020-10-02 17:20:53,501 - __main__ - INFO - n_units=5
2020-10-02 17:20:53,501 - __main__ - INFO - max_energy=1.0
2020-10-02 17:20:53,502 - __main__ - INFO - beta=1e-14
2020-10-02 17:20:53,502 - __main__ - INFO - taudelta=4.0
2020-10-02 17:20:53,502 - __main__ - INFO - V=1
2020-10-02 17:20:53,502 - __main__ - INFO - layers=5
2020-10-02 17:20:53,502 - __main__ - INFO - train_len=2000, val_len=2000, buffer=2000
2020-10-02 17:20:53,502 - __main__ - INFO - alpha=0.5, Ntrials=10
2020-10-02 17:20:53,502 - __main__ - INFO - noise=0.00030000000000000003, learning rate=0.0,scale_input=0.2
2020-10-02 17:21:02,478 - __main__ - DEBUG - n=0, val_loss=0.0038988003654866258
2020-10-02 17:21:11,501 - __main__ - DEBUG - n=1, val_loss=0.004510846150303462
2020-10-02 17:21:20,536 - __main__ - DEBUG - n=2, val_loss=0.0037465992279486736
2020-10-02 17:21:29,582 - __main__ - DEBUG - n=3, val_loss=0.004402282005162902
2020-10-02 17:21:38,650 - __main__ - DEBUG - n=4, val_loss=0.004326545991367664
2020-10-02 17:21:47,715 - __main__ - DEBUG - n=5, val_loss=0.004289939192829336
2020-10-02 17:21:56,800 - __main__ - DEBUG - n=6, val_loss=0.004928738454070675
2020-10-02 17:22:05,870 - __main__ - DEBUG - n=7, val_loss=0.004669523198669604
2020-10-02 17:22:14,937 - __main__ - DEBUG - n=8, val_loss=0.004218903513775105
2020-10-02 17:22:24,034 - __main__ - DEBUG - n=9, val_loss=0.004548918146396317
2020-10-02 17:22:24,034 - __main__ - INFO - Ntrials=10, total loss avg=0.004354109624601036, std=0.000330765020118236
