2020-10-02 17:27:06,830 - __main__ - INFO - n_units=5
2020-10-02 17:27:06,831 - __main__ - INFO - max_energy=1.0
2020-10-02 17:27:06,831 - __main__ - INFO - beta=1e-14
2020-10-02 17:27:06,831 - __main__ - INFO - taudelta=4.0
2020-10-02 17:27:06,831 - __main__ - INFO - V=1
2020-10-02 17:27:06,831 - __main__ - INFO - layers=5
2020-10-02 17:27:06,831 - __main__ - INFO - train_len=2000, val_len=2000, buffer=2000
2020-10-02 17:27:06,831 - __main__ - INFO - alpha=0.5, Ntrials=10
2020-10-02 17:27:06,831 - __main__ - INFO - noise=4.9999999999999996e-06, learning rate=10.0,scale_input=0.2
2020-10-02 17:27:22,639 - __main__ - INFO - innate_buffer=2000, innate_train_len=2000, innate_val_len=2000
2020-10-02 17:27:22,639 - __main__ - INFO - target_state_list=(6000, 25), target_innate_seq=(6000, 5)
2020-10-02 17:30:50,193 - __main__ - DEBUG - n=0, val_loss=0.0029964112661978147
2020-10-02 17:30:59,406 - __main__ - INFO - innate_buffer=2000, innate_train_len=2000, innate_val_len=2000
2020-10-02 17:30:59,406 - __main__ - INFO - target_state_list=(6000, 25), target_innate_seq=(6000, 5)
2020-10-02 17:34:13,828 - __main__ - DEBUG - n=1, val_loss=0.0030616327522063076
2020-10-02 17:34:23,083 - __main__ - INFO - innate_buffer=2000, innate_train_len=2000, innate_val_len=2000
2020-10-02 17:34:23,083 - __main__ - INFO - target_state_list=(6000, 25), target_innate_seq=(6000, 5)
2020-10-02 17:37:38,016 - __main__ - DEBUG - n=2, val_loss=0.0029628755572514614
2020-10-02 17:37:47,289 - __main__ - INFO - innate_buffer=2000, innate_train_len=2000, innate_val_len=2000
2020-10-02 17:37:47,289 - __main__ - INFO - target_state_list=(6000, 25), target_innate_seq=(6000, 5)
2020-10-02 17:41:01,927 - __main__ - DEBUG - n=3, val_loss=0.002934618970281878
2020-10-02 17:41:11,150 - __main__ - INFO - innate_buffer=2000, innate_train_len=2000, innate_val_len=2000
2020-10-02 17:41:11,150 - __main__ - INFO - target_state_list=(6000, 25), target_innate_seq=(6000, 5)
2020-10-02 17:44:26,151 - __main__ - DEBUG - n=4, val_loss=0.0031845669242375387
2020-10-02 17:44:35,392 - __main__ - INFO - innate_buffer=2000, innate_train_len=2000, innate_val_len=2000
2020-10-02 17:44:35,392 - __main__ - INFO - target_state_list=(6000, 25), target_innate_seq=(6000, 5)
2020-10-02 17:47:50,360 - __main__ - DEBUG - n=5, val_loss=0.0030788188076993
2020-10-02 17:47:59,630 - __main__ - INFO - innate_buffer=2000, innate_train_len=2000, innate_val_len=2000
2020-10-02 17:47:59,630 - __main__ - INFO - target_state_list=(6000, 25), target_innate_seq=(6000, 5)
2020-10-02 17:51:14,919 - __main__ - DEBUG - n=6, val_loss=0.003480008876886624
2020-10-02 17:51:24,180 - __main__ - INFO - innate_buffer=2000, innate_train_len=2000, innate_val_len=2000
2020-10-02 17:51:24,180 - __main__ - INFO - target_state_list=(6000, 25), target_innate_seq=(6000, 5)
2020-10-02 17:54:39,140 - __main__ - DEBUG - n=7, val_loss=0.0033522677108739213
2020-10-02 17:54:48,419 - __main__ - INFO - innate_buffer=2000, innate_train_len=2000, innate_val_len=2000
2020-10-02 17:54:48,419 - __main__ - INFO - target_state_list=(6000, 25), target_innate_seq=(6000, 5)
2020-10-02 17:58:03,812 - __main__ - DEBUG - n=8, val_loss=0.0030580354897726007
2020-10-02 17:58:13,084 - __main__ - INFO - innate_buffer=2000, innate_train_len=2000, innate_val_len=2000
2020-10-02 17:58:13,084 - __main__ - INFO - target_state_list=(6000, 25), target_innate_seq=(6000, 5)
2020-10-02 18:01:28,069 - __main__ - DEBUG - n=9, val_loss=0.0031339329732104505
2020-10-02 18:01:28,069 - __main__ - INFO - Ntrials=10, total loss avg=0.00312431693286179, std=0.0001646213703805443
