2020-10-02 17:20:53,487 - __main__ - INFO - n_units=5
2020-10-02 17:20:53,487 - __main__ - INFO - max_energy=1.0
2020-10-02 17:20:53,487 - __main__ - INFO - beta=1e-14
2020-10-02 17:20:53,487 - __main__ - INFO - taudelta=4.0
2020-10-02 17:20:53,487 - __main__ - INFO - V=1
2020-10-02 17:20:53,487 - __main__ - INFO - layers=5
2020-10-02 17:20:53,487 - __main__ - INFO - train_len=2000, val_len=2000, buffer=2000
2020-10-02 17:20:53,487 - __main__ - INFO - alpha=0.5, Ntrials=10
2020-10-02 17:20:53,488 - __main__ - INFO - noise=4e-06, learning rate=0.0,scale_input=0.2
2020-10-02 17:21:02,556 - __main__ - DEBUG - n=0, val_loss=0.002420546177208315
2020-10-02 17:21:11,705 - __main__ - DEBUG - n=1, val_loss=0.00245880773377306
2020-10-02 17:21:20,863 - __main__ - DEBUG - n=2, val_loss=0.0028248441360791067
2020-10-02 17:21:30,055 - __main__ - DEBUG - n=3, val_loss=0.0026921351510511204
2020-10-02 17:21:39,248 - __main__ - DEBUG - n=4, val_loss=0.002950869763998474
2020-10-02 17:21:48,449 - __main__ - DEBUG - n=5, val_loss=0.00267296291895349
2020-10-02 17:21:57,673 - __main__ - DEBUG - n=6, val_loss=0.002955891816231439
2020-10-02 17:22:06,875 - __main__ - DEBUG - n=7, val_loss=0.002741378662437991
2020-10-02 17:22:16,077 - __main__ - DEBUG - n=8, val_loss=0.002043454724158064
2020-10-02 17:22:25,282 - __main__ - DEBUG - n=9, val_loss=0.0029205432695208855
2020-10-02 17:22:25,283 - __main__ - INFO - Ntrials=10, total loss avg=0.0026681434353411945, std=0.0002742841858228738
