2020-10-02 17:27:06,820 - __main__ - INFO - n_units=5
2020-10-02 17:27:06,820 - __main__ - INFO - max_energy=1.0
2020-10-02 17:27:06,820 - __main__ - INFO - beta=1e-14
2020-10-02 17:27:06,820 - __main__ - INFO - taudelta=4.0
2020-10-02 17:27:06,820 - __main__ - INFO - V=1
2020-10-02 17:27:06,820 - __main__ - INFO - layers=5
2020-10-02 17:27:06,820 - __main__ - INFO - train_len=2000, val_len=2000, buffer=2000
2020-10-02 17:27:06,820 - __main__ - INFO - alpha=0.5, Ntrials=10
2020-10-02 17:27:06,820 - __main__ - INFO - noise=0.005, learning rate=10.0,scale_input=0.2
2020-10-02 17:27:21,139 - __main__ - INFO - innate_buffer=2000, innate_train_len=2000, innate_val_len=2000
2020-10-02 17:27:21,140 - __main__ - INFO - target_state_list=(6000, 25), target_innate_seq=(6000, 5)
2020-10-02 17:30:53,038 - __main__ - DEBUG - n=0, val_loss=0.0058270562795886514
2020-10-02 17:31:02,244 - __main__ - INFO - innate_buffer=2000, innate_train_len=2000, innate_val_len=2000
2020-10-02 17:31:02,244 - __main__ - INFO - target_state_list=(6000, 25), target_innate_seq=(6000, 5)
2020-10-02 17:34:22,052 - __main__ - DEBUG - n=1, val_loss=0.006503321309484182
2020-10-02 17:34:31,280 - __main__ - INFO - innate_buffer=2000, innate_train_len=2000, innate_val_len=2000
2020-10-02 17:34:31,280 - __main__ - INFO - target_state_list=(6000, 25), target_innate_seq=(6000, 5)
2020-10-02 17:37:48,106 - __main__ - DEBUG - n=2, val_loss=0.005328445865415154
2020-10-02 17:37:57,327 - __main__ - INFO - innate_buffer=2000, innate_train_len=2000, innate_val_len=2000
2020-10-02 17:37:57,327 - __main__ - INFO - target_state_list=(6000, 25), target_innate_seq=(6000, 5)
2020-10-02 17:41:14,486 - __main__ - DEBUG - n=3, val_loss=0.0061888792287558315
2020-10-02 17:41:23,725 - __main__ - INFO - innate_buffer=2000, innate_train_len=2000, innate_val_len=2000
2020-10-02 17:41:23,725 - __main__ - INFO - target_state_list=(6000, 25), target_innate_seq=(6000, 5)
2020-10-02 17:44:41,110 - __main__ - DEBUG - n=4, val_loss=0.0061037340139826176
2020-10-02 17:44:50,329 - __main__ - INFO - innate_buffer=2000, innate_train_len=2000, innate_val_len=2000
2020-10-02 17:44:50,329 - __main__ - INFO - target_state_list=(6000, 25), target_innate_seq=(6000, 5)
2020-10-02 17:48:08,401 - __main__ - DEBUG - n=5, val_loss=0.006435777517305912
2020-10-02 17:48:17,671 - __main__ - INFO - innate_buffer=2000, innate_train_len=2000, innate_val_len=2000
2020-10-02 17:48:17,671 - __main__ - INFO - target_state_list=(6000, 25), target_innate_seq=(6000, 5)
2020-10-02 17:51:35,978 - __main__ - DEBUG - n=6, val_loss=0.006929785480178468
2020-10-02 17:51:45,391 - __main__ - INFO - innate_buffer=2000, innate_train_len=2000, innate_val_len=2000
2020-10-02 17:51:45,391 - __main__ - INFO - target_state_list=(6000, 25), target_innate_seq=(6000, 5)
2020-10-02 17:56:55,644 - __main__ - DEBUG - n=7, val_loss=0.00656532568934448
2020-10-02 17:57:11,084 - __main__ - INFO - innate_buffer=2000, innate_train_len=2000, innate_val_len=2000
2020-10-02 17:57:11,084 - __main__ - INFO - target_state_list=(6000, 25), target_innate_seq=(6000, 5)
2020-10-02 18:02:04,531 - __main__ - DEBUG - n=8, val_loss=0.00585388592584022
2020-10-02 18:02:13,403 - __main__ - INFO - innate_buffer=2000, innate_train_len=2000, innate_val_len=2000
2020-10-02 18:02:13,403 - __main__ - INFO - target_state_list=(6000, 25), target_innate_seq=(6000, 5)
2020-10-02 18:05:15,152 - __main__ - DEBUG - n=9, val_loss=0.00660494454464189
2020-10-02 18:05:15,152 - __main__ - INFO - Ntrials=10, total loss avg=0.00623411558545374, std=0.00044652718902770435
