2020-10-02 17:20:53,555 - __main__ - INFO - n_units=5
2020-10-02 17:20:53,555 - __main__ - INFO - max_energy=1.0
2020-10-02 17:20:53,555 - __main__ - INFO - beta=1e-14
2020-10-02 17:20:53,555 - __main__ - INFO - taudelta=4.0
2020-10-02 17:20:53,555 - __main__ - INFO - V=1
2020-10-02 17:20:53,555 - __main__ - INFO - layers=5
2020-10-02 17:20:53,555 - __main__ - INFO - train_len=2000, val_len=2000, buffer=2000
2020-10-02 17:20:53,556 - __main__ - INFO - alpha=0.5, Ntrials=10
2020-10-02 17:20:53,556 - __main__ - INFO - noise=0.01, learning rate=0.0,scale_input=0.2
2020-10-02 17:21:03,070 - __main__ - DEBUG - n=0, val_loss=0.005630096415058505
2020-10-02 17:21:12,491 - __main__ - DEBUG - n=1, val_loss=0.005951776839450034
2020-10-02 17:21:27,781 - __main__ - DEBUG - n=2, val_loss=0.005383063799675005
2020-10-02 17:21:42,863 - __main__ - DEBUG - n=3, val_loss=0.0055899034190601445
2020-10-02 17:21:58,208 - __main__ - DEBUG - n=4, val_loss=0.005591349865795015
2020-10-02 17:22:13,336 - __main__ - DEBUG - n=5, val_loss=0.005728638909712268
2020-10-02 17:22:26,693 - __main__ - DEBUG - n=6, val_loss=0.006448130757315279
2020-10-02 17:22:34,589 - __main__ - DEBUG - n=7, val_loss=0.006177470152294054
2020-10-02 17:22:42,310 - __main__ - DEBUG - n=8, val_loss=0.005366389922152972
2020-10-02 17:22:49,793 - __main__ - DEBUG - n=9, val_loss=0.006109522213152332
2020-10-02 17:22:49,793 - __main__ - INFO - Ntrials=10, total loss avg=0.005797634229366561, std=0.0003412960613797914
