2020-10-02 17:22:58,490 - __main__ - INFO - n_units=5
2020-10-02 17:22:58,490 - __main__ - INFO - max_energy=1.0
2020-10-02 17:22:58,490 - __main__ - INFO - beta=1e-14
2020-10-02 17:22:58,490 - __main__ - INFO - taudelta=4.0
2020-10-02 17:22:58,490 - __main__ - INFO - V=1
2020-10-02 17:22:58,490 - __main__ - INFO - layers=5
2020-10-02 17:22:58,490 - __main__ - INFO - train_len=2000, val_len=2000, buffer=2000
2020-10-02 17:22:58,490 - __main__ - INFO - alpha=0.5, Ntrials=10
2020-10-02 17:22:58,491 - __main__ - INFO - noise=2e-06, learning rate=0.0,scale_input=0.2
2020-10-02 17:23:08,005 - __main__ - DEBUG - n=0, val_loss=0.002733829755918622
2020-10-02 17:23:17,465 - __main__ - DEBUG - n=1, val_loss=0.003197976099930656
2020-10-02 17:23:26,938 - __main__ - DEBUG - n=2, val_loss=0.0026086088158347827
2020-10-02 17:23:36,431 - __main__ - DEBUG - n=3, val_loss=0.0029167108022047326
2020-10-02 17:23:45,933 - __main__ - DEBUG - n=4, val_loss=0.002787574934531777
2020-10-02 17:23:55,418 - __main__ - DEBUG - n=5, val_loss=0.0032470945329814947
2020-10-02 17:24:08,535 - __main__ - DEBUG - n=6, val_loss=0.003936622837881931
2020-10-02 17:24:24,544 - __main__ - DEBUG - n=7, val_loss=0.0028565817354314106
2020-10-02 17:24:36,725 - __main__ - DEBUG - n=8, val_loss=0.0030620119909969866
2020-10-02 17:24:44,828 - __main__ - DEBUG - n=9, val_loss=0.003421388597874291
2020-10-02 17:24:44,828 - __main__ - INFO - Ntrials=10, total loss avg=0.0030768400103586687, std=0.00037370396114287874
