2020-10-02 17:27:06,833 - __main__ - INFO - n_units=5
2020-10-02 17:27:06,833 - __main__ - INFO - max_energy=1.0
2020-10-02 17:27:06,833 - __main__ - INFO - beta=1e-14
2020-10-02 17:27:06,833 - __main__ - INFO - taudelta=4.0
2020-10-02 17:27:06,833 - __main__ - INFO - V=1
2020-10-02 17:27:06,833 - __main__ - INFO - layers=5
2020-10-02 17:27:06,834 - __main__ - INFO - train_len=2000, val_len=2000, buffer=2000
2020-10-02 17:27:06,834 - __main__ - INFO - alpha=0.5, Ntrials=10
2020-10-02 17:27:06,834 - __main__ - INFO - noise=8e-06, learning rate=10.0,scale_input=0.2
2020-10-02 17:27:22,485 - __main__ - INFO - innate_buffer=2000, innate_train_len=2000, innate_val_len=2000
2020-10-02 17:27:22,485 - __main__ - INFO - target_state_list=(6000, 25), target_innate_seq=(6000, 5)
2020-10-02 17:31:15,029 - __main__ - DEBUG - n=0, val_loss=0.0030523747543395657
2020-10-02 17:31:24,409 - __main__ - INFO - innate_buffer=2000, innate_train_len=2000, innate_val_len=2000
2020-10-02 17:31:24,409 - __main__ - INFO - target_state_list=(6000, 25), target_innate_seq=(6000, 5)
2020-10-02 17:34:50,715 - __main__ - DEBUG - n=1, val_loss=0.003141247184569299
2020-10-02 17:35:05,761 - __main__ - INFO - innate_buffer=2000, innate_train_len=2000, innate_val_len=2000
2020-10-02 17:35:05,761 - __main__ - INFO - target_state_list=(6000, 25), target_innate_seq=(6000, 5)
2020-10-02 17:39:37,728 - __main__ - DEBUG - n=2, val_loss=0.003026531875210562
2020-10-02 17:39:53,117 - __main__ - INFO - innate_buffer=2000, innate_train_len=2000, innate_val_len=2000
2020-10-02 17:39:53,118 - __main__ - INFO - target_state_list=(6000, 25), target_innate_seq=(6000, 5)
2020-10-02 17:45:19,723 - __main__ - DEBUG - n=3, val_loss=0.002985907386179569
2020-10-02 17:45:34,970 - __main__ - INFO - innate_buffer=2000, innate_train_len=2000, innate_val_len=2000
2020-10-02 17:45:34,970 - __main__ - INFO - target_state_list=(6000, 25), target_innate_seq=(6000, 5)
2020-10-02 17:50:55,385 - __main__ - DEBUG - n=4, val_loss=0.003256636187083863
2020-10-02 17:51:04,771 - __main__ - INFO - innate_buffer=2000, innate_train_len=2000, innate_val_len=2000
2020-10-02 17:51:04,771 - __main__ - INFO - target_state_list=(6000, 25), target_innate_seq=(6000, 5)
2020-10-02 17:55:06,066 - __main__ - DEBUG - n=5, val_loss=0.00314290501769732
2020-10-02 17:55:18,803 - __main__ - INFO - innate_buffer=2000, innate_train_len=2000, innate_val_len=2000
2020-10-02 17:55:18,803 - __main__ - INFO - target_state_list=(6000, 25), target_innate_seq=(6000, 5)
2020-10-02 17:58:37,370 - __main__ - DEBUG - n=6, val_loss=0.0035538461456290295
2020-10-02 17:58:46,812 - __main__ - INFO - innate_buffer=2000, innate_train_len=2000, innate_val_len=2000
2020-10-02 17:58:46,812 - __main__ - INFO - target_state_list=(6000, 25), target_innate_seq=(6000, 5)
2020-10-02 18:02:05,669 - __main__ - DEBUG - n=7, val_loss=0.003420267800611171
2020-10-02 18:02:14,905 - __main__ - INFO - innate_buffer=2000, innate_train_len=2000, innate_val_len=2000
2020-10-02 18:02:14,905 - __main__ - INFO - target_state_list=(6000, 25), target_innate_seq=(6000, 5)
2020-10-02 18:05:19,800 - __main__ - DEBUG - n=8, val_loss=0.0030944418000104956
2020-10-02 18:05:28,085 - __main__ - INFO - innate_buffer=2000, innate_train_len=2000, innate_val_len=2000
2020-10-02 18:05:28,085 - __main__ - INFO - target_state_list=(6000, 25), target_innate_seq=(6000, 5)
2020-10-02 18:08:14,424 - __main__ - DEBUG - n=9, val_loss=0.003198023776833862
2020-10-02 18:08:14,424 - __main__ - INFO - Ntrials=10, total loss avg=0.003187218192816474, std=0.0001705512036416538
