2020-10-02 17:20:53,524 - __main__ - INFO - n_units=5
2020-10-02 17:20:53,525 - __main__ - INFO - max_energy=1.0
2020-10-02 17:20:53,525 - __main__ - INFO - beta=1e-14
2020-10-02 17:20:53,525 - __main__ - INFO - taudelta=4.0
2020-10-02 17:20:53,525 - __main__ - INFO - V=1
2020-10-02 17:20:53,525 - __main__ - INFO - layers=5
2020-10-02 17:20:53,525 - __main__ - INFO - train_len=2000, val_len=2000, buffer=2000
2020-10-02 17:20:53,525 - __main__ - INFO - alpha=0.5, Ntrials=10
2020-10-02 17:20:53,525 - __main__ - INFO - noise=8e-06, learning rate=0.0,scale_input=0.2
2020-10-02 17:21:02,982 - __main__ - DEBUG - n=0, val_loss=0.0030535213072646703
2020-10-02 17:21:16,012 - __main__ - DEBUG - n=1, val_loss=0.003149137197966786
2020-10-02 17:21:31,923 - __main__ - DEBUG - n=2, val_loss=0.0030274224336448072
2020-10-02 17:21:47,561 - __main__ - DEBUG - n=3, val_loss=0.0029872253747186953
2020-10-02 17:22:03,443 - __main__ - DEBUG - n=4, val_loss=0.0032603822105892197
2020-10-02 17:22:18,990 - __main__ - DEBUG - n=5, val_loss=0.0031429863501605117
2020-10-02 17:22:30,128 - __main__ - DEBUG - n=6, val_loss=0.003552132670397152
2020-10-02 17:22:38,100 - __main__ - DEBUG - n=7, val_loss=0.003420065918506224
2020-10-02 17:22:45,824 - __main__ - DEBUG - n=8, val_loss=0.0030979962751775153
2020-10-02 17:22:53,422 - __main__ - DEBUG - n=9, val_loss=0.0031975581602517993
2020-10-02 17:22:53,422 - __main__ - INFO - Ntrials=10, total loss avg=0.003188842789867738, std=0.00016958418923388526
