2020-10-02 17:22:58,470 - __main__ - INFO - n_units=5
2020-10-02 17:22:58,470 - __main__ - INFO - max_energy=1.0
2020-10-02 17:22:58,471 - __main__ - INFO - beta=1e-14
2020-10-02 17:22:58,471 - __main__ - INFO - taudelta=4.0
2020-10-02 17:22:58,471 - __main__ - INFO - V=1
2020-10-02 17:22:58,471 - __main__ - INFO - layers=5
2020-10-02 17:22:58,471 - __main__ - INFO - train_len=2000, val_len=2000, buffer=2000
2020-10-02 17:22:58,471 - __main__ - INFO - alpha=0.5, Ntrials=10
2020-10-02 17:22:58,471 - __main__ - INFO - noise=0.0002, learning rate=0.0,scale_input=0.2
2020-10-02 17:23:07,633 - __main__ - DEBUG - n=0, val_loss=0.0035250758402987107
2020-10-02 17:23:16,941 - __main__ - DEBUG - n=1, val_loss=0.0037828528484742108
2020-10-02 17:23:26,244 - __main__ - DEBUG - n=2, val_loss=0.0034208989052136526
2020-10-02 17:23:35,573 - __main__ - DEBUG - n=3, val_loss=0.0037465060593933246
2020-10-02 17:23:44,905 - __main__ - DEBUG - n=4, val_loss=0.003515306911850347
2020-10-02 17:23:54,239 - __main__ - DEBUG - n=5, val_loss=0.003962985107319964
2020-10-02 17:24:03,594 - __main__ - DEBUG - n=6, val_loss=0.0043105481259842135
2020-10-02 17:24:12,928 - __main__ - DEBUG - n=7, val_loss=0.0037828680205165516
2020-10-02 17:24:22,260 - __main__ - DEBUG - n=8, val_loss=0.003889022932240504
2020-10-02 17:24:31,605 - __main__ - DEBUG - n=9, val_loss=0.0037975476367265648
2020-10-02 17:24:31,605 - __main__ - INFO - Ntrials=10, total loss avg=0.003773361238801805, std=0.00024328144483840592
