2020-10-02 17:20:53,538 - __main__ - INFO - n_units=5
2020-10-02 17:20:53,538 - __main__ - INFO - max_energy=1.0
2020-10-02 17:20:53,538 - __main__ - INFO - beta=1e-14
2020-10-02 17:20:53,538 - __main__ - INFO - taudelta=4.0
2020-10-02 17:20:53,538 - __main__ - INFO - V=1
2020-10-02 17:20:53,538 - __main__ - INFO - layers=5
2020-10-02 17:20:53,539 - __main__ - INFO - train_len=2000, val_len=2000, buffer=2000
2020-10-02 17:20:53,539 - __main__ - INFO - alpha=0.5, Ntrials=10
2020-10-02 17:20:53,539 - __main__ - INFO - noise=0.00030000000000000003, learning rate=0.0,scale_input=0.2
2020-10-02 17:21:02,982 - __main__ - DEBUG - n=0, val_loss=0.003821903031035036
2020-10-02 17:21:12,276 - __main__ - DEBUG - n=1, val_loss=0.004181451915067623
2020-10-02 17:21:21,568 - __main__ - DEBUG - n=2, val_loss=0.003707359765501817
2020-10-02 17:21:30,881 - __main__ - DEBUG - n=3, val_loss=0.003959572572445092
2020-10-02 17:21:40,210 - __main__ - DEBUG - n=4, val_loss=0.00406749811528792
2020-10-02 17:21:49,553 - __main__ - DEBUG - n=5, val_loss=0.0038675173590285985
2020-10-02 17:21:58,916 - __main__ - DEBUG - n=6, val_loss=0.004556925657127386
2020-10-02 17:22:08,237 - __main__ - DEBUG - n=7, val_loss=0.004374603567351875
2020-10-02 17:22:17,590 - __main__ - DEBUG - n=8, val_loss=0.004068949610945892
2020-10-02 17:22:26,800 - __main__ - DEBUG - n=9, val_loss=0.004284673225955109
2020-10-02 17:22:26,800 - __main__ - INFO - Ntrials=10, total loss avg=0.004089045481974635, std=0.0002512010337104732
