2020-10-02 18:12:54,055 - __main__ - INFO - n_units=5
2020-10-02 18:12:54,055 - __main__ - INFO - max_energy=1.0
2020-10-02 18:12:54,055 - __main__ - INFO - beta=1e-14
2020-10-02 18:12:54,055 - __main__ - INFO - taudelta=4.0
2020-10-02 18:12:54,055 - __main__ - INFO - V=1
2020-10-02 18:12:54,055 - __main__ - INFO - layers=5
2020-10-02 18:12:54,055 - __main__ - INFO - train_len=2000, val_len=2000, buffer=2000
2020-10-02 18:12:54,056 - __main__ - INFO - alpha=0.5, Ntrials=10
2020-10-02 18:12:54,056 - __main__ - INFO - noise=0.0008, learning rate=10.0,scale_input=0.2
2020-10-02 18:13:09,615 - __main__ - INFO - innate_buffer=2000, innate_train_len=2000, innate_val_len=2000
2020-10-02 18:13:09,615 - __main__ - INFO - target_state_list=(6000, 25), target_innate_seq=(6000, 5)
2020-10-02 18:18:28,571 - __main__ - DEBUG - n=0, val_loss=0.0046526999885916145
2020-10-02 18:18:44,147 - __main__ - INFO - innate_buffer=2000, innate_train_len=2000, innate_val_len=2000
2020-10-02 18:18:44,147 - __main__ - INFO - target_state_list=(6000, 25), target_innate_seq=(6000, 5)
2020-10-02 18:22:20,464 - __main__ - DEBUG - n=1, val_loss=0.004763182630719984
2020-10-02 18:22:30,221 - __main__ - INFO - innate_buffer=2000, innate_train_len=2000, innate_val_len=2000
2020-10-02 18:22:30,221 - __main__ - INFO - target_state_list=(6000, 25), target_innate_seq=(6000, 5)
2020-10-02 18:25:50,253 - __main__ - DEBUG - n=2, val_loss=0.004619929466592302
2020-10-02 18:25:59,996 - __main__ - INFO - innate_buffer=2000, innate_train_len=2000, innate_val_len=2000
2020-10-02 18:25:59,997 - __main__ - INFO - target_state_list=(6000, 25), target_innate_seq=(6000, 5)
2020-10-02 18:29:20,617 - __main__ - DEBUG - n=3, val_loss=0.004692489580014546
2020-10-02 18:29:30,381 - __main__ - INFO - innate_buffer=2000, innate_train_len=2000, innate_val_len=2000
2020-10-02 18:29:30,381 - __main__ - INFO - target_state_list=(6000, 25), target_innate_seq=(6000, 5)
2020-10-02 18:32:51,146 - __main__ - DEBUG - n=4, val_loss=0.0036171522879194624
2020-10-02 18:33:00,935 - __main__ - INFO - innate_buffer=2000, innate_train_len=2000, innate_val_len=2000
2020-10-02 18:33:00,936 - __main__ - INFO - target_state_list=(6000, 25), target_innate_seq=(6000, 5)
2020-10-02 18:36:21,344 - __main__ - DEBUG - n=5, val_loss=0.005006489538270143
2020-10-02 18:36:31,115 - __main__ - INFO - innate_buffer=2000, innate_train_len=2000, innate_val_len=2000
2020-10-02 18:36:31,115 - __main__ - INFO - target_state_list=(6000, 25), target_innate_seq=(6000, 5)
2020-10-02 18:39:51,693 - __main__ - DEBUG - n=6, val_loss=0.0052155526224405965
2020-10-02 18:40:01,444 - __main__ - INFO - innate_buffer=2000, innate_train_len=2000, innate_val_len=2000
2020-10-02 18:40:01,444 - __main__ - INFO - target_state_list=(6000, 25), target_innate_seq=(6000, 5)
2020-10-02 18:44:17,444 - __main__ - DEBUG - n=7, val_loss=0.004025995100545102
2020-10-02 18:44:33,399 - __main__ - INFO - innate_buffer=2000, innate_train_len=2000, innate_val_len=2000
2020-10-02 18:44:33,399 - __main__ - INFO - target_state_list=(6000, 25), target_innate_seq=(6000, 5)
2020-10-02 18:48:57,392 - __main__ - DEBUG - n=8, val_loss=0.004432916223384751
2020-10-02 18:49:06,910 - __main__ - INFO - innate_buffer=2000, innate_train_len=2000, innate_val_len=2000
2020-10-02 18:49:06,910 - __main__ - INFO - target_state_list=(6000, 25), target_innate_seq=(6000, 5)
2020-10-02 18:52:14,170 - __main__ - DEBUG - n=9, val_loss=0.004801371562772615
2020-10-02 18:52:14,170 - __main__ - INFO - Ntrials=10, total loss avg=0.004582777900125112, std=0.0004408479192117629
