2020-10-02 17:22:58,471 - __main__ - INFO - n_units=5
2020-10-02 17:22:58,471 - __main__ - INFO - max_energy=1.0
2020-10-02 17:22:58,472 - __main__ - INFO - beta=1e-14
2020-10-02 17:22:58,472 - __main__ - INFO - taudelta=4.0
2020-10-02 17:22:58,472 - __main__ - INFO - V=1
2020-10-02 17:22:58,472 - __main__ - INFO - layers=5
2020-10-02 17:22:58,472 - __main__ - INFO - train_len=2000, val_len=2000, buffer=2000
2020-10-02 17:22:58,472 - __main__ - INFO - alpha=0.5, Ntrials=10
2020-10-02 17:22:58,472 - __main__ - INFO - noise=0.00030000000000000003, learning rate=0.0,scale_input=0.2
2020-10-02 17:23:07,684 - __main__ - DEBUG - n=0, val_loss=0.0036850210630099845
2020-10-02 17:23:17,055 - __main__ - DEBUG - n=1, val_loss=0.003963852528948703
2020-10-02 17:23:26,416 - __main__ - DEBUG - n=2, val_loss=0.0035174826920485796
2020-10-02 17:23:35,802 - __main__ - DEBUG - n=3, val_loss=0.003932689409738476
2020-10-02 17:23:45,190 - __main__ - DEBUG - n=4, val_loss=0.0036569172098495366
2020-10-02 17:23:54,566 - __main__ - DEBUG - n=5, val_loss=0.00408818456073249
2020-10-02 17:24:03,936 - __main__ - DEBUG - n=6, val_loss=0.004475437761925168
2020-10-02 17:24:13,302 - __main__ - DEBUG - n=7, val_loss=0.003972011048089527
2020-10-02 17:24:22,668 - __main__ - DEBUG - n=8, val_loss=0.004089848001086306
2020-10-02 17:24:32,061 - __main__ - DEBUG - n=9, val_loss=0.0039895618585244555
2020-10-02 17:24:32,061 - __main__ - INFO - Ntrials=10, total loss avg=0.003937100613395322, std=0.0002566704292924089
