2020-10-02 17:20:53,535 - __main__ - INFO - n_units=5
2020-10-02 17:20:53,535 - __main__ - INFO - max_energy=1.0
2020-10-02 17:20:53,535 - __main__ - INFO - beta=1e-14
2020-10-02 17:20:53,535 - __main__ - INFO - taudelta=4.0
2020-10-02 17:20:53,535 - __main__ - INFO - V=1
2020-10-02 17:20:53,535 - __main__ - INFO - layers=5
2020-10-02 17:20:53,535 - __main__ - INFO - train_len=2000, val_len=2000, buffer=2000
2020-10-02 17:20:53,535 - __main__ - INFO - alpha=0.5, Ntrials=10
2020-10-02 17:20:53,535 - __main__ - INFO - noise=9e-05, learning rate=0.0,scale_input=0.2
2020-10-02 17:21:05,418 - __main__ - DEBUG - n=0, val_loss=0.0034354442686994544
2020-10-02 17:21:14,537 - __main__ - DEBUG - n=1, val_loss=0.0036728852882538317
2020-10-02 17:21:23,657 - __main__ - DEBUG - n=2, val_loss=0.003442628779092425
2020-10-02 17:21:32,804 - __main__ - DEBUG - n=3, val_loss=0.0034507119308788904
2020-10-02 17:21:41,971 - __main__ - DEBUG - n=4, val_loss=0.0036494020975809988
2020-10-02 17:21:51,161 - __main__ - DEBUG - n=5, val_loss=0.003544473061903608
2020-10-02 17:22:00,347 - __main__ - DEBUG - n=6, val_loss=0.004022367521336745
2020-10-02 17:22:09,516 - __main__ - DEBUG - n=7, val_loss=0.0038584987159762667
2020-10-02 17:22:18,687 - __main__ - DEBUG - n=8, val_loss=0.003530466498164014
2020-10-02 17:22:27,628 - __main__ - DEBUG - n=9, val_loss=0.003733762715066409
2020-10-02 17:22:27,628 - __main__ - INFO - Ntrials=10, total loss avg=0.0036340640876952645, std=0.00018474494611632678
