2020-10-02 17:27:06,853 - __main__ - INFO - n_units=5
2020-10-02 17:27:06,853 - __main__ - INFO - max_energy=1.0
2020-10-02 17:27:06,854 - __main__ - INFO - beta=1e-14
2020-10-02 17:27:06,854 - __main__ - INFO - taudelta=4.0
2020-10-02 17:27:06,854 - __main__ - INFO - V=1
2020-10-02 17:27:06,854 - __main__ - INFO - layers=5
2020-10-02 17:27:06,854 - __main__ - INFO - train_len=2000, val_len=2000, buffer=2000
2020-10-02 17:27:06,854 - __main__ - INFO - alpha=0.5, Ntrials=10
2020-10-02 17:27:06,854 - __main__ - INFO - noise=0.0006000000000000001, learning rate=10.0,scale_input=0.2
2020-10-02 17:27:22,881 - __main__ - INFO - innate_buffer=2000, innate_train_len=2000, innate_val_len=2000
2020-10-02 17:27:22,881 - __main__ - INFO - target_state_list=(6000, 25), target_innate_seq=(6000, 5)
2020-10-02 17:30:47,457 - __main__ - DEBUG - n=0, val_loss=0.004174004284872716
2020-10-02 17:30:56,744 - __main__ - INFO - innate_buffer=2000, innate_train_len=2000, innate_val_len=2000
2020-10-02 17:30:56,744 - __main__ - INFO - target_state_list=(6000, 25), target_innate_seq=(6000, 5)
2020-10-02 17:34:53,890 - __main__ - DEBUG - n=1, val_loss=0.004577718789504317
2020-10-02 17:35:03,971 - __main__ - INFO - innate_buffer=2000, innate_train_len=2000, innate_val_len=2000
2020-10-02 17:35:03,971 - __main__ - INFO - target_state_list=(6000, 25), target_innate_seq=(6000, 5)
2020-10-02 17:39:35,477 - __main__ - DEBUG - n=2, val_loss=0.003936015907958927
2020-10-02 17:39:44,802 - __main__ - INFO - innate_buffer=2000, innate_train_len=2000, innate_val_len=2000
2020-10-02 17:39:44,802 - __main__ - INFO - target_state_list=(6000, 25), target_innate_seq=(6000, 5)
2020-10-02 17:44:25,938 - __main__ - DEBUG - n=3, val_loss=0.004380624410772002
2020-10-02 17:44:36,300 - __main__ - INFO - innate_buffer=2000, innate_train_len=2000, innate_val_len=2000
2020-10-02 17:44:36,300 - __main__ - INFO - target_state_list=(6000, 25), target_innate_seq=(6000, 5)
2020-10-02 17:48:21,510 - __main__ - DEBUG - n=4, val_loss=0.004419385892344509
2020-10-02 17:48:30,818 - __main__ - INFO - innate_buffer=2000, innate_train_len=2000, innate_val_len=2000
2020-10-02 17:48:30,818 - __main__ - INFO - target_state_list=(6000, 25), target_innate_seq=(6000, 5)
2020-10-02 17:52:20,137 - __main__ - DEBUG - n=5, val_loss=0.004147110463855896
2020-10-02 17:52:35,171 - __main__ - INFO - innate_buffer=2000, innate_train_len=2000, innate_val_len=2000
2020-10-02 17:52:35,171 - __main__ - INFO - target_state_list=(6000, 25), target_innate_seq=(6000, 5)
2020-10-02 17:56:47,559 - __main__ - DEBUG - n=6, val_loss=0.005015889759410375
2020-10-02 17:56:56,862 - __main__ - INFO - innate_buffer=2000, innate_train_len=2000, innate_val_len=2000
2020-10-02 17:56:56,862 - __main__ - INFO - target_state_list=(6000, 25), target_innate_seq=(6000, 5)
2020-10-02 18:00:58,110 - __main__ - DEBUG - n=7, val_loss=0.004824457163201729
2020-10-02 18:01:13,709 - __main__ - INFO - innate_buffer=2000, innate_train_len=2000, innate_val_len=2000
2020-10-02 18:01:13,709 - __main__ - INFO - target_state_list=(6000, 25), target_innate_seq=(6000, 5)
2020-10-02 18:04:28,210 - __main__ - DEBUG - n=8, val_loss=0.00445737754920682
2020-10-02 18:04:36,776 - __main__ - INFO - innate_buffer=2000, innate_train_len=2000, innate_val_len=2000
2020-10-02 18:04:36,776 - __main__ - INFO - target_state_list=(6000, 25), target_innate_seq=(6000, 5)
2020-10-02 18:07:25,869 - __main__ - DEBUG - n=9, val_loss=0.004727060955708663
2020-10-02 18:07:25,869 - __main__ - INFO - Ntrials=10, total loss avg=0.004465964517683595, std=0.00031446391970250514
