2020-10-02 17:22:58,498 - __main__ - INFO - n_units=5
2020-10-02 17:22:58,498 - __main__ - INFO - max_energy=1.0
2020-10-02 17:22:58,498 - __main__ - INFO - beta=1e-14
2020-10-02 17:22:58,498 - __main__ - INFO - taudelta=4.0
2020-10-02 17:22:58,498 - __main__ - INFO - V=1
2020-10-02 17:22:58,498 - __main__ - INFO - layers=5
2020-10-02 17:22:58,498 - __main__ - INFO - train_len=2000, val_len=2000, buffer=2000
2020-10-02 17:22:58,498 - __main__ - INFO - alpha=0.5, Ntrials=10
2020-10-02 17:22:58,498 - __main__ - INFO - noise=1e-05, learning rate=0.0,scale_input=0.2
2020-10-02 17:23:08,733 - __main__ - DEBUG - n=0, val_loss=0.0032008471693941525
2020-10-02 17:23:25,159 - __main__ - DEBUG - n=1, val_loss=0.003448321312633317
2020-10-02 17:23:40,970 - __main__ - DEBUG - n=2, val_loss=0.003248016487514613
2020-10-02 17:23:56,727 - __main__ - DEBUG - n=3, val_loss=0.003132866311695952
2020-10-02 17:24:13,060 - __main__ - DEBUG - n=4, val_loss=0.002930992188912899
2020-10-02 17:24:28,965 - __main__ - DEBUG - n=5, val_loss=0.0036515439093446145
2020-10-02 17:24:39,371 - __main__ - DEBUG - n=6, val_loss=0.004117022871469779
2020-10-02 17:24:47,502 - __main__ - DEBUG - n=7, val_loss=0.003118957235911262
2020-10-02 17:24:55,389 - __main__ - DEBUG - n=8, val_loss=0.003158591218178531
2020-10-02 17:25:03,250 - __main__ - DEBUG - n=9, val_loss=0.003570931473376518
2020-10-02 17:25:03,250 - __main__ - INFO - Ntrials=10, total loss avg=0.0033578090178431634, std=0.0003290137796675615
