2020-10-02 17:22:58,464 - __main__ - INFO - n_units=5
2020-10-02 17:22:58,464 - __main__ - INFO - max_energy=1.0
2020-10-02 17:22:58,464 - __main__ - INFO - beta=1e-14
2020-10-02 17:22:58,464 - __main__ - INFO - taudelta=4.0
2020-10-02 17:22:58,464 - __main__ - INFO - V=1
2020-10-02 17:22:58,464 - __main__ - INFO - layers=5
2020-10-02 17:22:58,464 - __main__ - INFO - train_len=2000, val_len=2000, buffer=2000
2020-10-02 17:22:58,464 - __main__ - INFO - alpha=0.5, Ntrials=10
2020-10-02 17:22:58,465 - __main__ - INFO - noise=4e-05, learning rate=0.0,scale_input=0.2
2020-10-02 17:23:07,667 - __main__ - DEBUG - n=0, val_loss=0.003100662789403221
2020-10-02 17:23:17,173 - __main__ - DEBUG - n=1, val_loss=0.0033090793895037027
2020-10-02 17:23:27,350 - __main__ - DEBUG - n=2, val_loss=0.0031262132957751996
2020-10-02 17:23:42,500 - __main__ - DEBUG - n=3, val_loss=0.0032242377757465655
2020-10-02 17:23:53,846 - __main__ - DEBUG - n=4, val_loss=0.0031892451743622753
2020-10-02 17:24:06,757 - __main__ - DEBUG - n=5, val_loss=0.003589086433540122
2020-10-02 17:24:20,712 - __main__ - DEBUG - n=6, val_loss=0.003911051246934485
2020-10-02 17:24:30,186 - __main__ - DEBUG - n=7, val_loss=0.0033321935330350412
2020-10-02 17:24:38,940 - __main__ - DEBUG - n=8, val_loss=0.003331016509571941
2020-10-02 17:24:46,900 - __main__ - DEBUG - n=9, val_loss=0.0032827649846668026
2020-10-02 17:24:46,901 - __main__ - INFO - Ntrials=10, total loss avg=0.003339555113253935, std=0.00023057106045948453
