2020-10-02 17:20:53,507 - __main__ - INFO - n_units=5
2020-10-02 17:20:53,507 - __main__ - INFO - max_energy=1.0
2020-10-02 17:20:53,507 - __main__ - INFO - beta=1e-14
2020-10-02 17:20:53,507 - __main__ - INFO - taudelta=4.0
2020-10-02 17:20:53,507 - __main__ - INFO - V=1
2020-10-02 17:20:53,507 - __main__ - INFO - layers=5
2020-10-02 17:20:53,507 - __main__ - INFO - train_len=2000, val_len=2000, buffer=2000
2020-10-02 17:20:53,507 - __main__ - INFO - alpha=0.5, Ntrials=10
2020-10-02 17:20:53,507 - __main__ - INFO - noise=0.0009000000000000001, learning rate=0.0,scale_input=0.2
2020-10-02 17:21:08,368 - __main__ - DEBUG - n=0, val_loss=0.004616144525907664
2020-10-02 17:21:24,236 - __main__ - DEBUG - n=1, val_loss=0.005402051960027332
2020-10-02 17:21:39,711 - __main__ - DEBUG - n=2, val_loss=0.004192018264518821
2020-10-02 17:21:54,926 - __main__ - DEBUG - n=3, val_loss=0.005241711322369526
2020-10-02 17:22:06,754 - __main__ - DEBUG - n=4, val_loss=0.005071886762780014
2020-10-02 17:22:15,986 - __main__ - DEBUG - n=5, val_loss=0.005026538808484443
2020-10-02 17:22:25,229 - __main__ - DEBUG - n=6, val_loss=0.0057941478692345744
2020-10-02 17:22:33,239 - __main__ - DEBUG - n=7, val_loss=0.005535837881824699
2020-10-02 17:22:40,916 - __main__ - DEBUG - n=8, val_loss=0.005029774851736372
2020-10-02 17:22:48,387 - __main__ - DEBUG - n=9, val_loss=0.005454401196677477
2020-10-02 17:22:48,387 - __main__ - INFO - Ntrials=10, total loss avg=0.005136451344356092, std=0.00044329358625906477
