2020-10-02 17:27:06,804 - __main__ - INFO - n_units=5
2020-10-02 17:27:06,804 - __main__ - INFO - max_energy=1.0
2020-10-02 17:27:06,804 - __main__ - INFO - beta=1e-14
2020-10-02 17:27:06,804 - __main__ - INFO - taudelta=4.0
2020-10-02 17:27:06,805 - __main__ - INFO - V=1
2020-10-02 17:27:06,805 - __main__ - INFO - layers=5
2020-10-02 17:27:06,805 - __main__ - INFO - train_len=2000, val_len=2000, buffer=2000
2020-10-02 17:27:06,805 - __main__ - INFO - alpha=0.5, Ntrials=10
2020-10-02 17:27:06,805 - __main__ - INFO - noise=4e-05, learning rate=10.0,scale_input=0.2
2020-10-02 17:27:15,623 - __main__ - INFO - innate_buffer=2000, innate_train_len=2000, innate_val_len=2000
2020-10-02 17:27:15,623 - __main__ - INFO - target_state_list=(6000, 25), target_innate_seq=(6000, 5)
2020-10-02 17:30:27,335 - __main__ - DEBUG - n=0, val_loss=0.003187762918783747
2020-10-02 17:30:36,459 - __main__ - INFO - innate_buffer=2000, innate_train_len=2000, innate_val_len=2000
2020-10-02 17:30:36,459 - __main__ - INFO - target_state_list=(6000, 25), target_innate_seq=(6000, 5)
2020-10-02 17:35:30,655 - __main__ - DEBUG - n=1, val_loss=0.003282893214180317
2020-10-02 17:35:45,717 - __main__ - INFO - innate_buffer=2000, innate_train_len=2000, innate_val_len=2000
2020-10-02 17:35:45,717 - __main__ - INFO - target_state_list=(6000, 25), target_innate_seq=(6000, 5)
2020-10-02 17:40:58,913 - __main__ - DEBUG - n=2, val_loss=0.0033082268968806935
2020-10-02 17:41:14,255 - __main__ - INFO - innate_buffer=2000, innate_train_len=2000, innate_val_len=2000
2020-10-02 17:41:14,255 - __main__ - INFO - target_state_list=(6000, 25), target_innate_seq=(6000, 5)
2020-10-02 17:46:02,880 - __main__ - DEBUG - n=3, val_loss=0.0033724926102024
2020-10-02 17:46:12,035 - __main__ - INFO - innate_buffer=2000, innate_train_len=2000, innate_val_len=2000
2020-10-02 17:46:12,035 - __main__ - INFO - target_state_list=(6000, 25), target_innate_seq=(6000, 5)
2020-10-02 17:49:27,081 - __main__ - DEBUG - n=4, val_loss=0.0036102864366815393
2020-10-02 17:49:36,193 - __main__ - INFO - innate_buffer=2000, innate_train_len=2000, innate_val_len=2000
2020-10-02 17:49:36,193 - __main__ - INFO - target_state_list=(6000, 25), target_innate_seq=(6000, 5)
2020-10-02 17:52:50,860 - __main__ - DEBUG - n=5, val_loss=0.003380026776745647
2020-10-02 17:52:59,970 - __main__ - INFO - innate_buffer=2000, innate_train_len=2000, innate_val_len=2000
2020-10-02 17:52:59,970 - __main__ - INFO - target_state_list=(6000, 25), target_innate_seq=(6000, 5)
2020-10-02 17:56:15,425 - __main__ - DEBUG - n=6, val_loss=0.0039346910250931105
2020-10-02 17:56:24,547 - __main__ - INFO - innate_buffer=2000, innate_train_len=2000, innate_val_len=2000
2020-10-02 17:56:24,547 - __main__ - INFO - target_state_list=(6000, 25), target_innate_seq=(6000, 5)
2020-10-02 17:59:39,672 - __main__ - DEBUG - n=7, val_loss=0.0037359162562783273
2020-10-02 17:59:48,833 - __main__ - INFO - innate_buffer=2000, innate_train_len=2000, innate_val_len=2000
2020-10-02 17:59:48,833 - __main__ - INFO - target_state_list=(6000, 25), target_innate_seq=(6000, 5)
2020-10-02 18:03:01,802 - __main__ - DEBUG - n=8, val_loss=0.003068363649764816
2020-10-02 18:03:10,752 - __main__ - INFO - innate_buffer=2000, innate_train_len=2000, innate_val_len=2000
2020-10-02 18:03:10,752 - __main__ - INFO - target_state_list=(6000, 25), target_innate_seq=(6000, 5)
2020-10-02 18:06:10,542 - __main__ - DEBUG - n=9, val_loss=0.0035652150665927648
2020-10-02 18:06:10,542 - __main__ - INFO - Ntrials=10, total loss avg=0.003444587485120336, std=0.0002507367791644047
