2020-10-02 17:22:58,502 - __main__ - INFO - n_units=5
2020-10-02 17:22:58,502 - __main__ - INFO - max_energy=1.0
2020-10-02 17:22:58,502 - __main__ - INFO - beta=1e-14
2020-10-02 17:22:58,502 - __main__ - INFO - taudelta=4.0
2020-10-02 17:22:58,502 - __main__ - INFO - V=1
2020-10-02 17:22:58,502 - __main__ - INFO - layers=5
2020-10-02 17:22:58,502 - __main__ - INFO - train_len=2000, val_len=2000, buffer=2000
2020-10-02 17:22:58,503 - __main__ - INFO - alpha=0.5, Ntrials=10
2020-10-02 17:22:58,503 - __main__ - INFO - noise=5e-05, learning rate=0.0,scale_input=0.2
2020-10-02 17:23:14,131 - __main__ - DEBUG - n=0, val_loss=0.0036623202901986643
2020-10-02 17:23:24,912 - __main__ - DEBUG - n=1, val_loss=0.0037678584121525896
2020-10-02 17:23:38,112 - __main__ - DEBUG - n=2, val_loss=0.003867420518713673
2020-10-02 17:23:51,440 - __main__ - DEBUG - n=3, val_loss=0.0035075530950743634
2020-10-02 17:24:02,865 - __main__ - DEBUG - n=4, val_loss=0.003036144332892471
2020-10-02 17:24:18,053 - __main__ - DEBUG - n=5, val_loss=0.004018827947164871
2020-10-02 17:24:29,767 - __main__ - DEBUG - n=6, val_loss=0.004346119450911347
2020-10-02 17:24:39,724 - __main__ - DEBUG - n=7, val_loss=0.0033299317288997443
2020-10-02 17:24:47,667 - __main__ - DEBUG - n=8, val_loss=0.003431731523311423
2020-10-02 17:24:55,452 - __main__ - DEBUG - n=9, val_loss=0.0038463963320761042
2020-10-02 17:24:55,452 - __main__ - INFO - Ntrials=10, total loss avg=0.003681430363139525, std=0.00035465729799293635
