2020-10-02 18:12:54,011 - __main__ - INFO - n_units=5
2020-10-02 18:12:54,012 - __main__ - INFO - max_energy=1.0
2020-10-02 18:12:54,012 - __main__ - INFO - beta=1e-14
2020-10-02 18:12:54,012 - __main__ - INFO - taudelta=4.0
2020-10-02 18:12:54,012 - __main__ - INFO - V=1
2020-10-02 18:12:54,012 - __main__ - INFO - layers=5
2020-10-02 18:12:54,012 - __main__ - INFO - train_len=2000, val_len=2000, buffer=2000
2020-10-02 18:12:54,012 - __main__ - INFO - alpha=0.5, Ntrials=10
2020-10-02 18:12:54,012 - __main__ - INFO - noise=0.0006000000000000001, learning rate=10.0,scale_input=0.2
2020-10-02 18:13:09,663 - __main__ - INFO - innate_buffer=2000, innate_train_len=2000, innate_val_len=2000
2020-10-02 18:13:09,664 - __main__ - INFO - target_state_list=(6000, 25), target_innate_seq=(6000, 5)
2020-10-02 18:18:29,694 - __main__ - DEBUG - n=0, val_loss=0.004031892897050157
2020-10-02 18:18:46,411 - __main__ - INFO - innate_buffer=2000, innate_train_len=2000, innate_val_len=2000
2020-10-02 18:18:46,411 - __main__ - INFO - target_state_list=(6000, 25), target_innate_seq=(6000, 5)
2020-10-02 18:22:55,184 - __main__ - DEBUG - n=1, val_loss=0.004316705944562995
2020-10-02 18:23:11,154 - __main__ - INFO - innate_buffer=2000, innate_train_len=2000, innate_val_len=2000
2020-10-02 18:23:11,155 - __main__ - INFO - target_state_list=(6000, 25), target_innate_seq=(6000, 5)
2020-10-02 18:27:07,596 - __main__ - DEBUG - n=2, val_loss=0.003735991529290534
2020-10-02 18:27:17,298 - __main__ - INFO - innate_buffer=2000, innate_train_len=2000, innate_val_len=2000
2020-10-02 18:27:17,299 - __main__ - INFO - target_state_list=(6000, 25), target_innate_seq=(6000, 5)
2020-10-02 18:31:08,113 - __main__ - DEBUG - n=3, val_loss=0.004304019196988885
2020-10-02 18:31:17,815 - __main__ - INFO - innate_buffer=2000, innate_train_len=2000, innate_val_len=2000
2020-10-02 18:31:17,815 - __main__ - INFO - target_state_list=(6000, 25), target_innate_seq=(6000, 5)
2020-10-02 18:34:40,101 - __main__ - DEBUG - n=4, val_loss=0.003947516772260624
2020-10-02 18:34:49,763 - __main__ - INFO - innate_buffer=2000, innate_train_len=2000, innate_val_len=2000
2020-10-02 18:34:49,763 - __main__ - INFO - target_state_list=(6000, 25), target_innate_seq=(6000, 5)
2020-10-02 18:38:12,301 - __main__ - DEBUG - n=5, val_loss=0.004355114251961366
2020-10-02 18:38:22,003 - __main__ - INFO - innate_buffer=2000, innate_train_len=2000, innate_val_len=2000
2020-10-02 18:38:22,003 - __main__ - INFO - target_state_list=(6000, 25), target_innate_seq=(6000, 5)
2020-10-02 18:43:08,160 - __main__ - DEBUG - n=6, val_loss=0.004829163218305095
2020-10-02 18:43:24,514 - __main__ - INFO - innate_buffer=2000, innate_train_len=2000, innate_val_len=2000
2020-10-02 18:43:24,514 - __main__ - INFO - target_state_list=(6000, 25), target_innate_seq=(6000, 5)
2020-10-02 18:48:26,453 - __main__ - DEBUG - n=7, val_loss=0.004362523528097442
2020-10-02 18:48:35,946 - __main__ - INFO - innate_buffer=2000, innate_train_len=2000, innate_val_len=2000
2020-10-02 18:48:35,946 - __main__ - INFO - target_state_list=(6000, 25), target_innate_seq=(6000, 5)
2020-10-02 18:51:45,988 - __main__ - DEBUG - n=8, val_loss=0.004469513676080914
2020-10-02 18:51:54,754 - __main__ - INFO - innate_buffer=2000, innate_train_len=2000, innate_val_len=2000
2020-10-02 18:51:54,755 - __main__ - INFO - target_state_list=(6000, 25), target_innate_seq=(6000, 5)
2020-10-02 18:54:40,560 - __main__ - DEBUG - n=9, val_loss=0.004370615868586294
2020-10-02 18:54:40,561 - __main__ - INFO - Ntrials=10, total loss avg=0.004272305688318431, std=0.00028766975236744227
