2020-10-02 17:22:58,491 - __main__ - INFO - n_units=5
2020-10-02 17:22:58,491 - __main__ - INFO - max_energy=1.0
2020-10-02 17:22:58,491 - __main__ - INFO - beta=1e-14
2020-10-02 17:22:58,491 - __main__ - INFO - taudelta=4.0
2020-10-02 17:22:58,491 - __main__ - INFO - V=1
2020-10-02 17:22:58,491 - __main__ - INFO - layers=5
2020-10-02 17:22:58,491 - __main__ - INFO - train_len=2000, val_len=2000, buffer=2000
2020-10-02 17:22:58,492 - __main__ - INFO - alpha=0.5, Ntrials=10
2020-10-02 17:22:58,492 - __main__ - INFO - noise=3e-06, learning rate=0.0,scale_input=0.2
2020-10-02 17:23:07,927 - __main__ - DEBUG - n=0, val_loss=0.0028474323138324782
2020-10-02 17:23:17,509 - __main__ - DEBUG - n=1, val_loss=0.0032645620420345732
2020-10-02 17:23:27,092 - __main__ - DEBUG - n=2, val_loss=0.002757384248273166
2020-10-02 17:23:36,708 - __main__ - DEBUG - n=3, val_loss=0.0029698193013449597
2020-10-02 17:23:46,322 - __main__ - DEBUG - n=4, val_loss=0.0028285523080842606
2020-10-02 17:23:57,697 - __main__ - DEBUG - n=5, val_loss=0.003367854993824644
2020-10-02 17:24:11,905 - __main__ - DEBUG - n=6, val_loss=0.00398642243587413
2020-10-02 17:24:21,540 - __main__ - DEBUG - n=7, val_loss=0.0029288225209012394
2020-10-02 17:24:31,213 - __main__ - DEBUG - n=8, val_loss=0.002994616434980416
2020-10-02 17:24:40,026 - __main__ - DEBUG - n=9, val_loss=0.0034563311741906406
2020-10-02 17:24:40,026 - __main__ - INFO - Ntrials=10, total loss avg=0.0031401797773340503, std=0.00036160942149690404
