2020-10-02 17:27:06,868 - __main__ - INFO - n_units=5
2020-10-02 17:27:06,868 - __main__ - INFO - max_energy=1.0
2020-10-02 17:27:06,868 - __main__ - INFO - beta=1e-14
2020-10-02 17:27:06,868 - __main__ - INFO - taudelta=4.0
2020-10-02 17:27:06,869 - __main__ - INFO - V=1
2020-10-02 17:27:06,869 - __main__ - INFO - layers=5
2020-10-02 17:27:06,869 - __main__ - INFO - train_len=2000, val_len=2000, buffer=2000
2020-10-02 17:27:06,869 - __main__ - INFO - alpha=0.5, Ntrials=10
2020-10-02 17:27:06,869 - __main__ - INFO - noise=0.007, learning rate=10.0,scale_input=0.2
2020-10-02 17:27:22,662 - __main__ - INFO - innate_buffer=2000, innate_train_len=2000, innate_val_len=2000
2020-10-02 17:27:22,662 - __main__ - INFO - target_state_list=(6000, 25), target_innate_seq=(6000, 5)
2020-10-02 17:32:42,483 - __main__ - DEBUG - n=0, val_loss=0.005519755914952692
2020-10-02 17:32:58,694 - __main__ - INFO - innate_buffer=2000, innate_train_len=2000, innate_val_len=2000
2020-10-02 17:32:58,695 - __main__ - INFO - target_state_list=(6000, 25), target_innate_seq=(6000, 5)
2020-10-02 17:38:24,431 - __main__ - DEBUG - n=1, val_loss=0.00586517407339647
2020-10-02 17:38:39,347 - __main__ - INFO - innate_buffer=2000, innate_train_len=2000, innate_val_len=2000
2020-10-02 17:38:39,348 - __main__ - INFO - target_state_list=(6000, 25), target_innate_seq=(6000, 5)
2020-10-02 17:43:55,936 - __main__ - DEBUG - n=2, val_loss=0.005238122837272693
2020-10-02 17:44:11,141 - __main__ - INFO - innate_buffer=2000, innate_train_len=2000, innate_val_len=2000
2020-10-02 17:44:11,141 - __main__ - INFO - target_state_list=(6000, 25), target_innate_seq=(6000, 5)
2020-10-02 17:49:09,527 - __main__ - DEBUG - n=3, val_loss=0.005532234103539163
2020-10-02 17:49:18,791 - __main__ - INFO - innate_buffer=2000, innate_train_len=2000, innate_val_len=2000
2020-10-02 17:49:18,791 - __main__ - INFO - target_state_list=(6000, 25), target_innate_seq=(6000, 5)
2020-10-02 17:52:59,604 - __main__ - DEBUG - n=4, val_loss=0.005515998778335324
2020-10-02 17:53:08,878 - __main__ - INFO - innate_buffer=2000, innate_train_len=2000, innate_val_len=2000
2020-10-02 17:53:08,878 - __main__ - INFO - target_state_list=(6000, 25), target_innate_seq=(6000, 5)
2020-10-02 17:56:24,565 - __main__ - DEBUG - n=5, val_loss=0.005579587722591328
2020-10-02 17:56:33,865 - __main__ - INFO - innate_buffer=2000, innate_train_len=2000, innate_val_len=2000
2020-10-02 17:56:33,865 - __main__ - INFO - target_state_list=(6000, 25), target_innate_seq=(6000, 5)
2020-10-02 18:00:27,727 - __main__ - DEBUG - n=6, val_loss=0.00637161331958608
2020-10-02 18:00:43,106 - __main__ - INFO - innate_buffer=2000, innate_train_len=2000, innate_val_len=2000
2020-10-02 18:00:43,106 - __main__ - INFO - target_state_list=(6000, 25), target_innate_seq=(6000, 5)
2020-10-02 18:03:59,613 - __main__ - DEBUG - n=7, val_loss=0.006105938140434272
2020-10-02 18:04:08,081 - __main__ - INFO - innate_buffer=2000, innate_train_len=2000, innate_val_len=2000
2020-10-02 18:04:08,081 - __main__ - INFO - target_state_list=(6000, 25), target_innate_seq=(6000, 5)
2020-10-02 18:06:58,455 - __main__ - DEBUG - n=8, val_loss=0.005324287573796267
2020-10-02 18:07:06,140 - __main__ - INFO - innate_buffer=2000, innate_train_len=2000, innate_val_len=2000
2020-10-02 18:07:06,140 - __main__ - INFO - target_state_list=(6000, 25), target_innate_seq=(6000, 5)
2020-10-02 18:09:41,557 - __main__ - DEBUG - n=9, val_loss=0.006028456381062941
2020-10-02 18:09:41,557 - __main__ - INFO - Ntrials=10, total loss avg=0.0057081168844967224, std=0.000348401591347728
