2020-10-02 17:27:06,814 - __main__ - INFO - n_units=5
2020-10-02 17:27:06,814 - __main__ - INFO - max_energy=1.0
2020-10-02 17:27:06,814 - __main__ - INFO - beta=1e-14
2020-10-02 17:27:06,814 - __main__ - INFO - taudelta=4.0
2020-10-02 17:27:06,814 - __main__ - INFO - V=1
2020-10-02 17:27:06,814 - __main__ - INFO - layers=5
2020-10-02 17:27:06,814 - __main__ - INFO - train_len=2000, val_len=2000, buffer=2000
2020-10-02 17:27:06,814 - __main__ - INFO - alpha=0.5, Ntrials=10
2020-10-02 17:27:06,815 - __main__ - INFO - noise=0.0007, learning rate=10.0,scale_input=0.2
2020-10-02 17:27:15,624 - __main__ - INFO - innate_buffer=2000, innate_train_len=2000, innate_val_len=2000
2020-10-02 17:27:15,624 - __main__ - INFO - target_state_list=(6000, 25), target_innate_seq=(6000, 5)
2020-10-02 17:30:28,336 - __main__ - DEBUG - n=0, val_loss=0.004443399886788508
2020-10-02 17:30:37,487 - __main__ - INFO - innate_buffer=2000, innate_train_len=2000, innate_val_len=2000
2020-10-02 17:30:37,487 - __main__ - INFO - target_state_list=(6000, 25), target_innate_seq=(6000, 5)
2020-10-02 17:33:55,568 - __main__ - DEBUG - n=1, val_loss=0.005174450482763656
2020-10-02 17:34:07,772 - __main__ - INFO - innate_buffer=2000, innate_train_len=2000, innate_val_len=2000
2020-10-02 17:34:07,772 - __main__ - INFO - target_state_list=(6000, 25), target_innate_seq=(6000, 5)
2020-10-02 17:39:20,661 - __main__ - DEBUG - n=2, val_loss=0.0040635692920927575
2020-10-02 17:39:35,623 - __main__ - INFO - innate_buffer=2000, innate_train_len=2000, innate_val_len=2000
2020-10-02 17:39:35,623 - __main__ - INFO - target_state_list=(6000, 25), target_innate_seq=(6000, 5)
2020-10-02 17:44:49,033 - __main__ - DEBUG - n=3, val_loss=0.005068431074470575
2020-10-02 17:44:59,172 - __main__ - INFO - innate_buffer=2000, innate_train_len=2000, innate_val_len=2000
2020-10-02 17:44:59,172 - __main__ - INFO - target_state_list=(6000, 25), target_innate_seq=(6000, 5)
2020-10-02 17:48:14,256 - __main__ - DEBUG - n=4, val_loss=0.004873755280903825
2020-10-02 17:48:23,372 - __main__ - INFO - innate_buffer=2000, innate_train_len=2000, innate_val_len=2000
2020-10-02 17:48:23,372 - __main__ - INFO - target_state_list=(6000, 25), target_innate_seq=(6000, 5)
2020-10-02 17:51:37,921 - __main__ - DEBUG - n=5, val_loss=0.004840147436737461
2020-10-02 17:51:47,074 - __main__ - INFO - innate_buffer=2000, innate_train_len=2000, innate_val_len=2000
2020-10-02 17:51:47,074 - __main__ - INFO - target_state_list=(6000, 25), target_innate_seq=(6000, 5)
2020-10-02 17:55:02,451 - __main__ - DEBUG - n=6, val_loss=0.005596452359174005
2020-10-02 17:55:11,574 - __main__ - INFO - innate_buffer=2000, innate_train_len=2000, innate_val_len=2000
2020-10-02 17:55:11,574 - __main__ - INFO - target_state_list=(6000, 25), target_innate_seq=(6000, 5)
2020-10-02 17:58:26,789 - __main__ - DEBUG - n=7, val_loss=0.005330863314166236
2020-10-02 17:58:35,929 - __main__ - INFO - innate_buffer=2000, innate_train_len=2000, innate_val_len=2000
2020-10-02 17:58:35,930 - __main__ - INFO - target_state_list=(6000, 25), target_innate_seq=(6000, 5)
2020-10-02 18:01:50,402 - __main__ - DEBUG - n=8, val_loss=0.004850509069751293
2020-10-02 18:01:59,387 - __main__ - INFO - innate_buffer=2000, innate_train_len=2000, innate_val_len=2000
2020-10-02 18:01:59,387 - __main__ - INFO - target_state_list=(6000, 25), target_innate_seq=(6000, 5)
2020-10-02 18:05:04,363 - __main__ - DEBUG - n=9, val_loss=0.005235086171859091
2020-10-02 18:05:04,363 - __main__ - INFO - Ntrials=10, total loss avg=0.004947666436870741, std=0.0004217538960416249
