2020-10-02 18:12:53,999 - __main__ - INFO - n_units=5
2020-10-02 18:12:53,999 - __main__ - INFO - max_energy=1.0
2020-10-02 18:12:54,000 - __main__ - INFO - beta=1e-14
2020-10-02 18:12:54,000 - __main__ - INFO - taudelta=4.0
2020-10-02 18:12:54,000 - __main__ - INFO - V=1
2020-10-02 18:12:54,000 - __main__ - INFO - layers=5
2020-10-02 18:12:54,000 - __main__ - INFO - train_len=2000, val_len=2000, buffer=2000
2020-10-02 18:12:54,000 - __main__ - INFO - alpha=0.5, Ntrials=10
2020-10-02 18:12:54,000 - __main__ - INFO - noise=9e-06, learning rate=10.0,scale_input=0.2
2020-10-02 18:13:06,228 - __main__ - INFO - innate_buffer=2000, innate_train_len=2000, innate_val_len=2000
2020-10-02 18:13:06,228 - __main__ - INFO - target_state_list=(6000, 25), target_innate_seq=(6000, 5)
2020-10-02 18:16:24,280 - __main__ - DEBUG - n=0, val_loss=0.0028717870798728525
2020-10-02 18:16:33,868 - __main__ - INFO - innate_buffer=2000, innate_train_len=2000, innate_val_len=2000
2020-10-02 18:16:33,868 - __main__ - INFO - target_state_list=(6000, 25), target_innate_seq=(6000, 5)
2020-10-02 18:19:53,618 - __main__ - DEBUG - n=1, val_loss=0.0030869135139585877
2020-10-02 18:20:03,234 - __main__ - INFO - innate_buffer=2000, innate_train_len=2000, innate_val_len=2000
2020-10-02 18:20:03,234 - __main__ - INFO - target_state_list=(6000, 25), target_innate_seq=(6000, 5)
2020-10-02 18:23:23,091 - __main__ - DEBUG - n=2, val_loss=0.0028688640649749053
2020-10-02 18:23:32,700 - __main__ - INFO - innate_buffer=2000, innate_train_len=2000, innate_val_len=2000
2020-10-02 18:23:32,700 - __main__ - INFO - target_state_list=(6000, 25), target_innate_seq=(6000, 5)
2020-10-02 18:26:53,050 - __main__ - DEBUG - n=3, val_loss=0.0029988433240301553
2020-10-02 18:27:02,678 - __main__ - INFO - innate_buffer=2000, innate_train_len=2000, innate_val_len=2000
2020-10-02 18:27:02,679 - __main__ - INFO - target_state_list=(6000, 25), target_innate_seq=(6000, 5)
2020-10-02 18:30:23,431 - __main__ - DEBUG - n=4, val_loss=0.003026383356442041
2020-10-02 18:30:33,046 - __main__ - INFO - innate_buffer=2000, innate_train_len=2000, innate_val_len=2000
2020-10-02 18:30:33,046 - __main__ - INFO - target_state_list=(6000, 25), target_innate_seq=(6000, 5)
2020-10-02 18:33:53,250 - __main__ - DEBUG - n=5, val_loss=0.003359362098008163
2020-10-02 18:34:02,893 - __main__ - INFO - innate_buffer=2000, innate_train_len=2000, innate_val_len=2000
2020-10-02 18:34:02,893 - __main__ - INFO - target_state_list=(6000, 25), target_innate_seq=(6000, 5)
2020-10-02 18:37:23,095 - __main__ - DEBUG - n=6, val_loss=0.003738755208714229
2020-10-02 18:37:32,744 - __main__ - INFO - innate_buffer=2000, innate_train_len=2000, innate_val_len=2000
2020-10-02 18:37:32,744 - __main__ - INFO - target_state_list=(6000, 25), target_innate_seq=(6000, 5)
2020-10-02 18:42:38,643 - __main__ - DEBUG - n=7, val_loss=0.0031451881793502813
2020-10-02 18:42:54,783 - __main__ - INFO - innate_buffer=2000, innate_train_len=2000, innate_val_len=2000
2020-10-02 18:42:54,783 - __main__ - INFO - target_state_list=(6000, 25), target_innate_seq=(6000, 5)
2020-10-02 18:47:14,608 - __main__ - DEBUG - n=8, val_loss=0.0031215710022208768
2020-10-02 18:47:24,226 - __main__ - INFO - innate_buffer=2000, innate_train_len=2000, innate_val_len=2000
2020-10-02 18:47:24,226 - __main__ - INFO - target_state_list=(6000, 25), target_innate_seq=(6000, 5)
2020-10-02 18:50:38,949 - __main__ - DEBUG - n=9, val_loss=0.0030287775684878617
2020-10-02 18:50:38,950 - __main__ - INFO - Ntrials=10, total loss avg=0.0031246445396059955, std=0.0002445632009217559
