2020-10-02 17:20:53,525 - __main__ - INFO - n_units=5
2020-10-02 17:20:53,526 - __main__ - INFO - max_energy=1.0
2020-10-02 17:20:53,526 - __main__ - INFO - beta=1e-14
2020-10-02 17:20:53,526 - __main__ - INFO - taudelta=4.0
2020-10-02 17:20:53,526 - __main__ - INFO - V=1
2020-10-02 17:20:53,526 - __main__ - INFO - layers=5
2020-10-02 17:20:53,526 - __main__ - INFO - train_len=2000, val_len=2000, buffer=2000
2020-10-02 17:20:53,526 - __main__ - INFO - alpha=0.5, Ntrials=10
2020-10-02 17:20:53,526 - __main__ - INFO - noise=9e-06, learning rate=0.0,scale_input=0.2
2020-10-02 17:21:03,283 - __main__ - DEBUG - n=0, val_loss=0.0030676975029985416
2020-10-02 17:21:12,413 - __main__ - DEBUG - n=1, val_loss=0.0031690299543038676
2020-10-02 17:21:21,531 - __main__ - DEBUG - n=2, val_loss=0.0030442287608201564
2020-10-02 17:21:30,674 - __main__ - DEBUG - n=3, val_loss=0.0030005878516711363
2020-10-02 17:21:39,819 - __main__ - DEBUG - n=4, val_loss=0.003277995729791231
2020-10-02 17:21:48,999 - __main__ - DEBUG - n=5, val_loss=0.0031592266555593757
2020-10-02 17:21:58,178 - __main__ - DEBUG - n=6, val_loss=0.003569879681830742
2020-10-02 17:22:07,326 - __main__ - DEBUG - n=7, val_loss=0.0034368777079204827
2020-10-02 17:22:16,490 - __main__ - DEBUG - n=8, val_loss=0.003104028790103839
2020-10-02 17:22:25,624 - __main__ - DEBUG - n=9, val_loss=0.0032146957272113728
2020-10-02 17:22:25,624 - __main__ - INFO - Ntrials=10, total loss avg=0.0032044248362210746, std=0.00017099457625748885
