2020-10-02 17:27:06,818 - __main__ - INFO - n_units=5
2020-10-02 17:27:06,818 - __main__ - INFO - max_energy=1.0
2020-10-02 17:27:06,818 - __main__ - INFO - beta=1e-14
2020-10-02 17:27:06,818 - __main__ - INFO - taudelta=4.0
2020-10-02 17:27:06,818 - __main__ - INFO - V=1
2020-10-02 17:27:06,818 - __main__ - INFO - layers=5
2020-10-02 17:27:06,818 - __main__ - INFO - train_len=2000, val_len=2000, buffer=2000
2020-10-02 17:27:06,818 - __main__ - INFO - alpha=0.5, Ntrials=10
2020-10-02 17:27:06,819 - __main__ - INFO - noise=0.003, learning rate=10.0,scale_input=0.2
2020-10-02 17:27:15,824 - __main__ - INFO - innate_buffer=2000, innate_train_len=2000, innate_val_len=2000
2020-10-02 17:27:15,824 - __main__ - INFO - target_state_list=(6000, 25), target_innate_seq=(6000, 5)
2020-10-02 17:30:31,084 - __main__ - DEBUG - n=0, val_loss=0.005525441551876934
2020-10-02 17:30:40,314 - __main__ - INFO - innate_buffer=2000, innate_train_len=2000, innate_val_len=2000
2020-10-02 17:30:40,314 - __main__ - INFO - target_state_list=(6000, 25), target_innate_seq=(6000, 5)
2020-10-02 17:33:57,464 - __main__ - DEBUG - n=1, val_loss=0.006257722316460887
2020-10-02 17:34:06,709 - __main__ - INFO - innate_buffer=2000, innate_train_len=2000, innate_val_len=2000
2020-10-02 17:34:06,709 - __main__ - INFO - target_state_list=(6000, 25), target_innate_seq=(6000, 5)
2020-10-02 17:37:24,127 - __main__ - DEBUG - n=2, val_loss=0.0049727289907864555
2020-10-02 17:37:33,418 - __main__ - INFO - innate_buffer=2000, innate_train_len=2000, innate_val_len=2000
2020-10-02 17:37:33,418 - __main__ - INFO - target_state_list=(6000, 25), target_innate_seq=(6000, 5)
2020-10-02 17:40:58,918 - __main__ - DEBUG - n=3, val_loss=0.006003765340705177
2020-10-02 17:41:08,170 - __main__ - INFO - innate_buffer=2000, innate_train_len=2000, innate_val_len=2000
2020-10-02 17:41:08,170 - __main__ - INFO - target_state_list=(6000, 25), target_innate_seq=(6000, 5)
2020-10-02 17:44:26,203 - __main__ - DEBUG - n=4, val_loss=0.005861479480745695
2020-10-02 17:44:35,444 - __main__ - INFO - innate_buffer=2000, innate_train_len=2000, innate_val_len=2000
2020-10-02 17:44:35,444 - __main__ - INFO - target_state_list=(6000, 25), target_innate_seq=(6000, 5)
2020-10-02 17:47:53,478 - __main__ - DEBUG - n=5, val_loss=0.006041576018565931
2020-10-02 17:48:02,778 - __main__ - INFO - innate_buffer=2000, innate_train_len=2000, innate_val_len=2000
2020-10-02 17:48:02,778 - __main__ - INFO - target_state_list=(6000, 25), target_innate_seq=(6000, 5)
2020-10-02 17:51:21,362 - __main__ - DEBUG - n=6, val_loss=0.006683269383943052
2020-10-02 17:51:30,657 - __main__ - INFO - innate_buffer=2000, innate_train_len=2000, innate_val_len=2000
2020-10-02 17:51:30,657 - __main__ - INFO - target_state_list=(6000, 25), target_innate_seq=(6000, 5)
2020-10-02 17:54:48,904 - __main__ - DEBUG - n=7, val_loss=0.00635246553807585
2020-10-02 17:54:58,202 - __main__ - INFO - innate_buffer=2000, innate_train_len=2000, innate_val_len=2000
2020-10-02 17:54:58,202 - __main__ - INFO - target_state_list=(6000, 25), target_innate_seq=(6000, 5)
2020-10-02 17:58:16,414 - __main__ - DEBUG - n=8, val_loss=0.00568744615284511
2020-10-02 17:58:25,755 - __main__ - INFO - innate_buffer=2000, innate_train_len=2000, innate_val_len=2000
2020-10-02 17:58:25,755 - __main__ - INFO - target_state_list=(6000, 25), target_innate_seq=(6000, 5)
2020-10-02 18:03:11,116 - __main__ - DEBUG - n=9, val_loss=0.0063550908544414385
2020-10-02 18:03:11,116 - __main__ - INFO - Ntrials=10, total loss avg=0.0059740985628446526, std=0.00046647641968266965
