2020-10-02 18:12:54,056 - __main__ - INFO - n_units=5
2020-10-02 18:12:54,056 - __main__ - INFO - max_energy=1.0
2020-10-02 18:12:54,057 - __main__ - INFO - beta=1e-14
2020-10-02 18:12:54,057 - __main__ - INFO - taudelta=4.0
2020-10-02 18:12:54,057 - __main__ - INFO - V=1
2020-10-02 18:12:54,057 - __main__ - INFO - layers=5
2020-10-02 18:12:54,057 - __main__ - INFO - train_len=2000, val_len=2000, buffer=2000
2020-10-02 18:12:54,057 - __main__ - INFO - alpha=0.5, Ntrials=10
2020-10-02 18:12:54,057 - __main__ - INFO - noise=0.0009000000000000001, learning rate=10.0,scale_input=0.2
2020-10-02 18:13:09,983 - __main__ - INFO - innate_buffer=2000, innate_train_len=2000, innate_val_len=2000
2020-10-02 18:13:09,984 - __main__ - INFO - target_state_list=(6000, 25), target_innate_seq=(6000, 5)
2020-10-02 18:18:36,450 - __main__ - DEBUG - n=0, val_loss=0.0047043008432882776
2020-10-02 18:18:52,147 - __main__ - INFO - innate_buffer=2000, innate_train_len=2000, innate_val_len=2000
2020-10-02 18:18:52,147 - __main__ - INFO - target_state_list=(6000, 25), target_innate_seq=(6000, 5)
2020-10-02 18:23:41,997 - __main__ - DEBUG - n=1, val_loss=0.004812846066795423
2020-10-02 18:23:51,756 - __main__ - INFO - innate_buffer=2000, innate_train_len=2000, innate_val_len=2000
2020-10-02 18:23:51,756 - __main__ - INFO - target_state_list=(6000, 25), target_innate_seq=(6000, 5)
2020-10-02 18:27:12,130 - __main__ - DEBUG - n=2, val_loss=0.004658484023956995
2020-10-02 18:27:21,913 - __main__ - INFO - innate_buffer=2000, innate_train_len=2000, innate_val_len=2000
2020-10-02 18:27:21,913 - __main__ - INFO - target_state_list=(6000, 25), target_innate_seq=(6000, 5)
2020-10-02 18:31:01,607 - __main__ - DEBUG - n=3, val_loss=0.004744549740067188
2020-10-02 18:31:11,375 - __main__ - INFO - innate_buffer=2000, innate_train_len=2000, innate_val_len=2000
2020-10-02 18:31:11,375 - __main__ - INFO - target_state_list=(6000, 25), target_innate_seq=(6000, 5)
2020-10-02 18:35:47,437 - __main__ - DEBUG - n=4, val_loss=0.0036560835424756994
2020-10-02 18:36:03,180 - __main__ - INFO - innate_buffer=2000, innate_train_len=2000, innate_val_len=2000
2020-10-02 18:36:03,180 - __main__ - INFO - target_state_list=(6000, 25), target_innate_seq=(6000, 5)
2020-10-02 18:41:23,434 - __main__ - DEBUG - n=5, val_loss=0.005057851120936518
2020-10-02 18:41:38,076 - __main__ - INFO - innate_buffer=2000, innate_train_len=2000, innate_val_len=2000
2020-10-02 18:41:38,076 - __main__ - INFO - target_state_list=(6000, 25), target_innate_seq=(6000, 5)
2020-10-02 18:45:02,687 - __main__ - DEBUG - n=6, val_loss=0.005262325274330632
2020-10-02 18:45:15,282 - __main__ - INFO - innate_buffer=2000, innate_train_len=2000, innate_val_len=2000
2020-10-02 18:45:15,282 - __main__ - INFO - target_state_list=(6000, 25), target_innate_seq=(6000, 5)
2020-10-02 18:49:48,164 - __main__ - DEBUG - n=7, val_loss=0.004066615036677178
2020-10-02 18:49:57,342 - __main__ - INFO - innate_buffer=2000, innate_train_len=2000, innate_val_len=2000
2020-10-02 18:49:57,342 - __main__ - INFO - target_state_list=(6000, 25), target_innate_seq=(6000, 5)
2020-10-02 18:52:55,701 - __main__ - DEBUG - n=8, val_loss=0.004481202023681463
2020-10-02 18:53:03,828 - __main__ - INFO - innate_buffer=2000, innate_train_len=2000, innate_val_len=2000
2020-10-02 18:53:03,828 - __main__ - INFO - target_state_list=(6000, 25), target_innate_seq=(6000, 5)
2020-10-02 18:55:38,315 - __main__ - DEBUG - n=9, val_loss=0.0048508947281858325
2020-10-02 18:55:38,315 - __main__ - INFO - Ntrials=10, total loss avg=0.00462951524003952, std=0.0004441426536800564
