2020-10-02 18:12:54,045 - __main__ - INFO - n_units=5
2020-10-02 18:12:54,046 - __main__ - INFO - max_energy=1.0
2020-10-02 18:12:54,046 - __main__ - INFO - beta=1e-14
2020-10-02 18:12:54,046 - __main__ - INFO - taudelta=4.0
2020-10-02 18:12:54,046 - __main__ - INFO - V=1
2020-10-02 18:12:54,046 - __main__ - INFO - layers=5
2020-10-02 18:12:54,046 - __main__ - INFO - train_len=2000, val_len=2000, buffer=2000
2020-10-02 18:12:54,046 - __main__ - INFO - alpha=0.5, Ntrials=10
2020-10-02 18:12:54,046 - __main__ - INFO - noise=0.0001, learning rate=10.0,scale_input=0.2
2020-10-02 18:13:06,670 - __main__ - INFO - innate_buffer=2000, innate_train_len=2000, innate_val_len=2000
2020-10-02 18:13:06,671 - __main__ - INFO - target_state_list=(6000, 25), target_innate_seq=(6000, 5)
2020-10-02 18:16:25,473 - __main__ - DEBUG - n=0, val_loss=0.0038786566871794118
2020-10-02 18:16:35,231 - __main__ - INFO - innate_buffer=2000, innate_train_len=2000, innate_val_len=2000
2020-10-02 18:16:35,231 - __main__ - INFO - target_state_list=(6000, 25), target_innate_seq=(6000, 5)
2020-10-02 18:19:55,862 - __main__ - DEBUG - n=1, val_loss=0.003953887002578135
2020-10-02 18:20:05,671 - __main__ - INFO - innate_buffer=2000, innate_train_len=2000, innate_val_len=2000
2020-10-02 18:20:05,671 - __main__ - INFO - target_state_list=(6000, 25), target_innate_seq=(6000, 5)
2020-10-02 18:23:26,648 - __main__ - DEBUG - n=2, val_loss=0.004082242078669215
2020-10-02 18:23:36,417 - __main__ - INFO - innate_buffer=2000, innate_train_len=2000, innate_val_len=2000
2020-10-02 18:23:36,417 - __main__ - INFO - target_state_list=(6000, 25), target_innate_seq=(6000, 5)
2020-10-02 18:26:57,636 - __main__ - DEBUG - n=3, val_loss=0.0037589346255531017
2020-10-02 18:27:07,462 - __main__ - INFO - innate_buffer=2000, innate_train_len=2000, innate_val_len=2000
2020-10-02 18:27:07,462 - __main__ - INFO - target_state_list=(6000, 25), target_innate_seq=(6000, 5)
2020-10-02 18:30:29,035 - __main__ - DEBUG - n=4, val_loss=0.003106352147447612
2020-10-02 18:30:38,860 - __main__ - INFO - innate_buffer=2000, innate_train_len=2000, innate_val_len=2000
2020-10-02 18:30:38,860 - __main__ - INFO - target_state_list=(6000, 25), target_innate_seq=(6000, 5)
2020-10-02 18:34:00,125 - __main__ - DEBUG - n=5, val_loss=0.004227701884926973
2020-10-02 18:34:09,930 - __main__ - INFO - innate_buffer=2000, innate_train_len=2000, innate_val_len=2000
2020-10-02 18:34:09,930 - __main__ - INFO - target_state_list=(6000, 25), target_innate_seq=(6000, 5)
2020-10-02 18:37:31,366 - __main__ - DEBUG - n=6, val_loss=0.004503090043280487
2020-10-02 18:37:41,155 - __main__ - INFO - innate_buffer=2000, innate_train_len=2000, innate_val_len=2000
2020-10-02 18:37:41,155 - __main__ - INFO - target_state_list=(6000, 25), target_innate_seq=(6000, 5)
2020-10-02 18:41:02,650 - __main__ - DEBUG - n=7, val_loss=0.003442053105687525
2020-10-02 18:41:12,461 - __main__ - INFO - innate_buffer=2000, innate_train_len=2000, innate_val_len=2000
2020-10-02 18:41:12,461 - __main__ - INFO - target_state_list=(6000, 25), target_innate_seq=(6000, 5)
2020-10-02 18:44:33,898 - __main__ - DEBUG - n=8, val_loss=0.003612833787777764
2020-10-02 18:44:43,681 - __main__ - INFO - innate_buffer=2000, innate_train_len=2000, innate_val_len=2000
2020-10-02 18:44:43,681 - __main__ - INFO - target_state_list=(6000, 25), target_innate_seq=(6000, 5)
2020-10-02 18:48:08,672 - __main__ - DEBUG - n=9, val_loss=0.004023699377585553
2020-10-02 18:48:08,672 - __main__ - INFO - Ntrials=10, total loss avg=0.003858945074068578, std=0.0003805364974269244
