2020-10-02 17:27:06,863 - __main__ - INFO - n_units=5
2020-10-02 17:27:06,864 - __main__ - INFO - max_energy=1.0
2020-10-02 17:27:06,864 - __main__ - INFO - beta=1e-14
2020-10-02 17:27:06,864 - __main__ - INFO - taudelta=4.0
2020-10-02 17:27:06,864 - __main__ - INFO - V=1
2020-10-02 17:27:06,864 - __main__ - INFO - layers=5
2020-10-02 17:27:06,864 - __main__ - INFO - train_len=2000, val_len=2000, buffer=2000
2020-10-02 17:27:06,864 - __main__ - INFO - alpha=0.5, Ntrials=10
2020-10-02 17:27:06,864 - __main__ - INFO - noise=0.004, learning rate=10.0,scale_input=0.2
2020-10-02 17:27:16,090 - __main__ - INFO - innate_buffer=2000, innate_train_len=2000, innate_val_len=2000
2020-10-02 17:27:16,090 - __main__ - INFO - target_state_list=(6000, 25), target_innate_seq=(6000, 5)
2020-10-02 17:32:05,549 - __main__ - DEBUG - n=0, val_loss=0.005292044487660301
2020-10-02 17:32:20,602 - __main__ - INFO - innate_buffer=2000, innate_train_len=2000, innate_val_len=2000
2020-10-02 17:32:20,602 - __main__ - INFO - target_state_list=(6000, 25), target_innate_seq=(6000, 5)
2020-10-02 17:37:40,102 - __main__ - DEBUG - n=1, val_loss=0.005676265856067603
2020-10-02 17:37:49,637 - __main__ - INFO - innate_buffer=2000, innate_train_len=2000, innate_val_len=2000
2020-10-02 17:37:49,637 - __main__ - INFO - target_state_list=(6000, 25), target_innate_seq=(6000, 5)
2020-10-02 17:42:47,153 - __main__ - DEBUG - n=2, val_loss=0.004941759919564681
2020-10-02 17:43:02,055 - __main__ - INFO - innate_buffer=2000, innate_train_len=2000, innate_val_len=2000
2020-10-02 17:43:02,056 - __main__ - INFO - target_state_list=(6000, 25), target_innate_seq=(6000, 5)
2020-10-02 17:48:19,061 - __main__ - DEBUG - n=3, val_loss=0.005378232260830354
2020-10-02 17:48:34,061 - __main__ - INFO - innate_buffer=2000, innate_train_len=2000, innate_val_len=2000
2020-10-02 17:48:34,061 - __main__ - INFO - target_state_list=(6000, 25), target_innate_seq=(6000, 5)
2020-10-02 17:53:33,369 - __main__ - DEBUG - n=4, val_loss=0.005361851872421818
2020-10-02 17:53:48,240 - __main__ - INFO - innate_buffer=2000, innate_train_len=2000, innate_val_len=2000
2020-10-02 17:53:48,240 - __main__ - INFO - target_state_list=(6000, 25), target_innate_seq=(6000, 5)
2020-10-02 17:59:02,603 - __main__ - DEBUG - n=5, val_loss=0.005278375877412801
2020-10-02 17:59:17,723 - __main__ - INFO - innate_buffer=2000, innate_train_len=2000, innate_val_len=2000
2020-10-02 17:59:17,723 - __main__ - INFO - target_state_list=(6000, 25), target_innate_seq=(6000, 5)
2020-10-02 18:03:10,318 - __main__ - DEBUG - n=6, val_loss=0.006186874926401552
2020-10-02 18:03:19,160 - __main__ - INFO - innate_buffer=2000, innate_train_len=2000, innate_val_len=2000
2020-10-02 18:03:19,160 - __main__ - INFO - target_state_list=(6000, 25), target_innate_seq=(6000, 5)
2020-10-02 18:06:15,347 - __main__ - DEBUG - n=7, val_loss=0.005937638310750765
2020-10-02 18:06:23,203 - __main__ - INFO - innate_buffer=2000, innate_train_len=2000, innate_val_len=2000
2020-10-02 18:06:23,203 - __main__ - INFO - target_state_list=(6000, 25), target_innate_seq=(6000, 5)
2020-10-02 18:09:02,847 - __main__ - DEBUG - n=8, val_loss=0.005224900359778182
2020-10-02 18:09:09,901 - __main__ - INFO - innate_buffer=2000, innate_train_len=2000, innate_val_len=2000
2020-10-02 18:09:09,901 - __main__ - INFO - target_state_list=(6000, 25), target_innate_seq=(6000, 5)
2020-10-02 18:11:35,053 - __main__ - DEBUG - n=9, val_loss=0.0058546210144392
2020-10-02 18:11:35,053 - __main__ - INFO - Ntrials=10, total loss avg=0.005513256488532726, std=0.00036496296528638786
