2020-10-02 17:20:53,509 - __main__ - INFO - n_units=5
2020-10-02 17:20:53,510 - __main__ - INFO - max_energy=1.0
2020-10-02 17:20:53,510 - __main__ - INFO - beta=1e-14
2020-10-02 17:20:53,510 - __main__ - INFO - taudelta=4.0
2020-10-02 17:20:53,510 - __main__ - INFO - V=1
2020-10-02 17:20:53,510 - __main__ - INFO - layers=5
2020-10-02 17:20:53,510 - __main__ - INFO - train_len=2000, val_len=2000, buffer=2000
2020-10-02 17:20:53,510 - __main__ - INFO - alpha=0.5, Ntrials=10
2020-10-02 17:20:53,510 - __main__ - INFO - noise=0.003, learning rate=0.0,scale_input=0.2
2020-10-02 17:21:04,954 - __main__ - DEBUG - n=0, val_loss=0.0055197797327413345
2020-10-02 17:21:14,137 - __main__ - DEBUG - n=1, val_loss=0.006265531930087943
2020-10-02 17:21:23,309 - __main__ - DEBUG - n=2, val_loss=0.004972788343058675
2020-10-02 17:21:32,502 - __main__ - DEBUG - n=3, val_loss=0.005984926646451006
2020-10-02 17:21:41,711 - __main__ - DEBUG - n=4, val_loss=0.00587357888051234
2020-10-02 17:21:50,923 - __main__ - DEBUG - n=5, val_loss=0.00604010006230928
2020-10-02 17:22:00,151 - __main__ - DEBUG - n=6, val_loss=0.006670901315579778
2020-10-02 17:22:09,373 - __main__ - DEBUG - n=7, val_loss=0.006352244901110327
2020-10-02 17:22:18,585 - __main__ - DEBUG - n=8, val_loss=0.005687830811473485
2020-10-02 17:22:27,595 - __main__ - DEBUG - n=9, val_loss=0.0063557045221541725
2020-10-02 17:22:27,595 - __main__ - INFO - Ntrials=10, total loss avg=0.005972338714547834, std=0.0004652535768156715
