2020-10-02 17:20:53,492 - __main__ - INFO - n_units=5
2020-10-02 17:20:53,492 - __main__ - INFO - max_energy=1.0
2020-10-02 17:20:53,492 - __main__ - INFO - beta=1e-14
2020-10-02 17:20:53,492 - __main__ - INFO - taudelta=4.0
2020-10-02 17:20:53,492 - __main__ - INFO - V=1
2020-10-02 17:20:53,492 - __main__ - INFO - layers=5
2020-10-02 17:20:53,492 - __main__ - INFO - train_len=2000, val_len=2000, buffer=2000
2020-10-02 17:20:53,492 - __main__ - INFO - alpha=0.5, Ntrials=10
2020-10-02 17:20:53,492 - __main__ - INFO - noise=1e-05, learning rate=0.0,scale_input=0.2
2020-10-02 17:21:02,668 - __main__ - DEBUG - n=0, val_loss=0.002778357871667277
2020-10-02 17:21:11,913 - __main__ - DEBUG - n=1, val_loss=0.0027625600535549845
2020-10-02 17:21:21,153 - __main__ - DEBUG - n=2, val_loss=0.0030346815644250106
2020-10-02 17:21:30,424 - __main__ - DEBUG - n=3, val_loss=0.002980226232138087
2020-10-02 17:21:39,700 - __main__ - DEBUG - n=4, val_loss=0.0032833254280794314
2020-10-02 17:21:48,994 - __main__ - DEBUG - n=5, val_loss=0.002960277496064218
2020-10-02 17:21:58,304 - __main__ - DEBUG - n=6, val_loss=0.0033991449746810353
2020-10-02 17:22:07,585 - __main__ - DEBUG - n=7, val_loss=0.0032189448352789667
2020-10-02 17:22:16,876 - __main__ - DEBUG - n=8, val_loss=0.0024694819375599922
2020-10-02 17:22:26,096 - __main__ - DEBUG - n=9, val_loss=0.0031780929465236606
2020-10-02 17:22:26,097 - __main__ - INFO - Ntrials=10, total loss avg=0.0030065093339972666, std=0.0002662600794590833
