2020-10-02 17:20:53,528 - __main__ - INFO - n_units=5
2020-10-02 17:20:53,528 - __main__ - INFO - max_energy=1.0
2020-10-02 17:20:53,529 - __main__ - INFO - beta=1e-14
2020-10-02 17:20:53,529 - __main__ - INFO - taudelta=4.0
2020-10-02 17:20:53,529 - __main__ - INFO - V=1
2020-10-02 17:20:53,529 - __main__ - INFO - layers=5
2020-10-02 17:20:53,529 - __main__ - INFO - train_len=2000, val_len=2000, buffer=2000
2020-10-02 17:20:53,529 - __main__ - INFO - alpha=0.5, Ntrials=10
2020-10-02 17:20:53,529 - __main__ - INFO - noise=3.0000000000000004e-05, learning rate=0.0,scale_input=0.2
2020-10-02 17:21:02,568 - __main__ - DEBUG - n=0, val_loss=0.0032287436072686083
2020-10-02 17:21:11,713 - __main__ - DEBUG - n=1, val_loss=0.003388057571485236
2020-10-02 17:21:20,859 - __main__ - DEBUG - n=2, val_loss=0.003244298365291076
2020-10-02 17:21:30,035 - __main__ - DEBUG - n=3, val_loss=0.0031758378328104815
2020-10-02 17:21:39,211 - __main__ - DEBUG - n=4, val_loss=0.0034488303182428582
2020-10-02 17:21:48,403 - __main__ - DEBUG - n=5, val_loss=0.0033387032102284815
2020-10-02 17:21:57,611 - __main__ - DEBUG - n=6, val_loss=0.0037586886390601425
2020-10-02 17:22:06,836 - __main__ - DEBUG - n=7, val_loss=0.003616551345956672
2020-10-02 17:22:16,024 - __main__ - DEBUG - n=8, val_loss=0.003263721068064881
2020-10-02 17:22:25,193 - __main__ - DEBUG - n=9, val_loss=0.003430248397579568
2020-10-02 17:22:25,193 - __main__ - INFO - Ntrials=10, total loss avg=0.0033893680355988006, std=0.00017435977108209695
