2020-10-02 17:20:53,535 - __main__ - INFO - n_units=5
2020-10-02 17:20:53,536 - __main__ - INFO - max_energy=1.0
2020-10-02 17:20:53,536 - __main__ - INFO - beta=1e-14
2020-10-02 17:20:53,536 - __main__ - INFO - taudelta=4.0
2020-10-02 17:20:53,536 - __main__ - INFO - V=1
2020-10-02 17:20:53,536 - __main__ - INFO - layers=5
2020-10-02 17:20:53,536 - __main__ - INFO - train_len=2000, val_len=2000, buffer=2000
2020-10-02 17:20:53,536 - __main__ - INFO - alpha=0.5, Ntrials=10
2020-10-02 17:20:53,536 - __main__ - INFO - noise=0.0001, learning rate=0.0,scale_input=0.2
2020-10-02 17:21:02,741 - __main__ - DEBUG - n=0, val_loss=0.0034608829167398383
2020-10-02 17:21:12,538 - __main__ - DEBUG - n=1, val_loss=0.0037077756390961974
2020-10-02 17:21:21,803 - __main__ - DEBUG - n=2, val_loss=0.0034624011393112977
2020-10-02 17:21:31,105 - __main__ - DEBUG - n=3, val_loss=0.003485173178960971
2020-10-02 17:21:40,429 - __main__ - DEBUG - n=4, val_loss=0.0036755294449657776
2020-10-02 17:21:49,767 - __main__ - DEBUG - n=5, val_loss=0.0035676165775148983
2020-10-02 17:21:59,111 - __main__ - DEBUG - n=6, val_loss=0.004056867387304909
2020-10-02 17:22:08,433 - __main__ - DEBUG - n=7, val_loss=0.003890602835840611
2020-10-02 17:22:17,768 - __main__ - DEBUG - n=8, val_loss=0.0035670689177397046
2020-10-02 17:22:26,964 - __main__ - DEBUG - n=9, val_loss=0.0037710575477425015
2020-10-02 17:22:26,964 - __main__ - INFO - Ntrials=10, total loss avg=0.0036644975585216704, std=0.00018755393562552128
