2020-10-02 18:12:54,041 - __main__ - INFO - n_units=5
2020-10-02 18:12:54,041 - __main__ - INFO - max_energy=1.0
2020-10-02 18:12:54,042 - __main__ - INFO - beta=1e-14
2020-10-02 18:12:54,042 - __main__ - INFO - taudelta=4.0
2020-10-02 18:12:54,042 - __main__ - INFO - V=1
2020-10-02 18:12:54,042 - __main__ - INFO - layers=5
2020-10-02 18:12:54,042 - __main__ - INFO - train_len=2000, val_len=2000, buffer=2000
2020-10-02 18:12:54,042 - __main__ - INFO - alpha=0.5, Ntrials=10
2020-10-02 18:12:54,042 - __main__ - INFO - noise=7.000000000000001e-05, learning rate=10.0,scale_input=0.2
2020-10-02 18:13:04,237 - __main__ - INFO - innate_buffer=2000, innate_train_len=2000, innate_val_len=2000
2020-10-02 18:13:04,237 - __main__ - INFO - target_state_list=(6000, 25), target_innate_seq=(6000, 5)
2020-10-02 18:16:19,956 - __main__ - DEBUG - n=0, val_loss=0.0037697033420732414
2020-10-02 18:16:29,613 - __main__ - INFO - innate_buffer=2000, innate_train_len=2000, innate_val_len=2000
2020-10-02 18:16:29,613 - __main__ - INFO - target_state_list=(6000, 25), target_innate_seq=(6000, 5)
2020-10-02 18:20:34,312 - __main__ - DEBUG - n=1, val_loss=0.003845973667646358
2020-10-02 18:20:46,882 - __main__ - INFO - innate_buffer=2000, innate_train_len=2000, innate_val_len=2000
2020-10-02 18:20:46,883 - __main__ - INFO - target_state_list=(6000, 25), target_innate_seq=(6000, 5)
2020-10-02 18:24:35,828 - __main__ - DEBUG - n=2, val_loss=0.003987669733970933
2020-10-02 18:24:45,482 - __main__ - INFO - innate_buffer=2000, innate_train_len=2000, innate_val_len=2000
2020-10-02 18:24:45,482 - __main__ - INFO - target_state_list=(6000, 25), target_innate_seq=(6000, 5)
2020-10-02 18:28:04,097 - __main__ - DEBUG - n=3, val_loss=0.0036264715399509447
2020-10-02 18:28:13,775 - __main__ - INFO - innate_buffer=2000, innate_train_len=2000, innate_val_len=2000
2020-10-02 18:28:13,775 - __main__ - INFO - target_state_list=(6000, 25), target_innate_seq=(6000, 5)
2020-10-02 18:31:41,409 - __main__ - DEBUG - n=4, val_loss=0.0030641926019775623
2020-10-02 18:31:51,046 - __main__ - INFO - innate_buffer=2000, innate_train_len=2000, innate_val_len=2000
2020-10-02 18:31:51,046 - __main__ - INFO - target_state_list=(6000, 25), target_innate_seq=(6000, 5)
2020-10-02 18:36:08,338 - __main__ - DEBUG - n=5, val_loss=0.0041163007440089905
2020-10-02 18:36:20,960 - __main__ - INFO - innate_buffer=2000, innate_train_len=2000, innate_val_len=2000
2020-10-02 18:36:20,960 - __main__ - INFO - target_state_list=(6000, 25), target_innate_seq=(6000, 5)
2020-10-02 18:40:56,204 - __main__ - DEBUG - n=6, val_loss=0.00441824515454548
2020-10-02 18:41:12,276 - __main__ - INFO - innate_buffer=2000, innate_train_len=2000, innate_val_len=2000
2020-10-02 18:41:12,276 - __main__ - INFO - target_state_list=(6000, 25), target_innate_seq=(6000, 5)
2020-10-02 18:45:55,081 - __main__ - DEBUG - n=7, val_loss=0.0033823569007081847
2020-10-02 18:46:06,117 - __main__ - INFO - innate_buffer=2000, innate_train_len=2000, innate_val_len=2000
2020-10-02 18:46:06,117 - __main__ - INFO - target_state_list=(6000, 25), target_innate_seq=(6000, 5)
2020-10-02 18:49:38,414 - __main__ - DEBUG - n=8, val_loss=0.0035288726812343213
2020-10-02 18:49:47,674 - __main__ - INFO - innate_buffer=2000, innate_train_len=2000, innate_val_len=2000
2020-10-02 18:49:47,674 - __main__ - INFO - target_state_list=(6000, 25), target_innate_seq=(6000, 5)
2020-10-02 18:52:48,714 - __main__ - DEBUG - n=9, val_loss=0.003926723630271508
2020-10-02 18:52:48,715 - __main__ - INFO - Ntrials=10, total loss avg=0.0037666509996387527, std=0.0003667318341027467
