2020-10-02 17:20:53,523 - __main__ - INFO - n_units=5
2020-10-02 17:20:53,523 - __main__ - INFO - max_energy=1.0
2020-10-02 17:20:53,523 - __main__ - INFO - beta=1e-14
2020-10-02 17:20:53,523 - __main__ - INFO - taudelta=4.0
2020-10-02 17:20:53,523 - __main__ - INFO - V=1
2020-10-02 17:20:53,523 - __main__ - INFO - layers=5
2020-10-02 17:20:53,523 - __main__ - INFO - train_len=2000, val_len=2000, buffer=2000
2020-10-02 17:20:53,523 - __main__ - INFO - alpha=0.5, Ntrials=10
2020-10-02 17:20:53,523 - __main__ - INFO - noise=6e-06, learning rate=0.0,scale_input=0.2
2020-10-02 17:21:08,486 - __main__ - DEBUG - n=0, val_loss=0.0030197537820221476
2020-10-02 17:21:23,993 - __main__ - DEBUG - n=1, val_loss=0.003100375866191033
2020-10-02 17:21:39,585 - __main__ - DEBUG - n=2, val_loss=0.0029884595209569206
2020-10-02 17:21:54,760 - __main__ - DEBUG - n=3, val_loss=0.002955538142069234
2020-10-02 17:22:10,075 - __main__ - DEBUG - n=4, val_loss=0.003216324103508135
2020-10-02 17:22:24,796 - __main__ - DEBUG - n=5, val_loss=0.0031037171565315488
2020-10-02 17:22:32,918 - __main__ - DEBUG - n=6, val_loss=0.0035076676993525007
2020-10-02 17:22:40,702 - __main__ - DEBUG - n=7, val_loss=0.003378598971158792
2020-10-02 17:22:48,239 - __main__ - DEBUG - n=8, val_loss=0.003071153495321956
2020-10-02 17:22:55,672 - __main__ - DEBUG - n=9, val_loss=0.003157544240765375
2020-10-02 17:22:55,672 - __main__ - INFO - Ntrials=10, total loss avg=0.0031499132977877648, std=0.0001662334639264201
