2020-10-02 18:12:54,019 - __main__ - INFO - n_units=5
2020-10-02 18:12:54,021 - __main__ - INFO - max_energy=1.0
2020-10-02 18:12:54,021 - __main__ - INFO - beta=1e-14
2020-10-02 18:12:54,021 - __main__ - INFO - taudelta=4.0
2020-10-02 18:12:54,021 - __main__ - INFO - V=1
2020-10-02 18:12:54,021 - __main__ - INFO - layers=5
2020-10-02 18:12:54,021 - __main__ - INFO - train_len=2000, val_len=2000, buffer=2000
2020-10-02 18:12:54,021 - __main__ - INFO - alpha=0.5, Ntrials=10
2020-10-02 18:12:54,021 - __main__ - INFO - noise=0.007, learning rate=10.0,scale_input=0.2
2020-10-02 18:13:03,963 - __main__ - INFO - innate_buffer=2000, innate_train_len=2000, innate_val_len=2000
2020-10-02 18:13:03,963 - __main__ - INFO - target_state_list=(6000, 25), target_innate_seq=(6000, 5)
2020-10-02 18:16:19,486 - __main__ - DEBUG - n=0, val_loss=0.005292115553729101
2020-10-02 18:16:29,010 - __main__ - INFO - innate_buffer=2000, innate_train_len=2000, innate_val_len=2000
2020-10-02 18:16:29,010 - __main__ - INFO - target_state_list=(6000, 25), target_innate_seq=(6000, 5)
2020-10-02 18:20:59,769 - __main__ - DEBUG - n=1, val_loss=0.005394812859348085
2020-10-02 18:21:15,055 - __main__ - INFO - innate_buffer=2000, innate_train_len=2000, innate_val_len=2000
2020-10-02 18:21:15,055 - __main__ - INFO - target_state_list=(6000, 25), target_innate_seq=(6000, 5)
2020-10-02 18:26:03,902 - __main__ - DEBUG - n=2, val_loss=0.004951737407963583
2020-10-02 18:26:13,446 - __main__ - INFO - innate_buffer=2000, innate_train_len=2000, innate_val_len=2000
2020-10-02 18:26:13,447 - __main__ - INFO - target_state_list=(6000, 25), target_innate_seq=(6000, 5)
2020-10-02 18:30:11,536 - __main__ - DEBUG - n=3, val_loss=0.005172756948018247
2020-10-02 18:30:21,121 - __main__ - INFO - innate_buffer=2000, innate_train_len=2000, innate_val_len=2000
2020-10-02 18:30:21,121 - __main__ - INFO - target_state_list=(6000, 25), target_innate_seq=(6000, 5)
2020-10-02 18:34:42,513 - __main__ - DEBUG - n=4, val_loss=0.004880171960700352
2020-10-02 18:34:52,646 - __main__ - INFO - innate_buffer=2000, innate_train_len=2000, innate_val_len=2000
2020-10-02 18:34:52,646 - __main__ - INFO - target_state_list=(6000, 25), target_innate_seq=(6000, 5)
2020-10-02 18:38:11,835 - __main__ - DEBUG - n=5, val_loss=0.005648741468776349
2020-10-02 18:38:21,394 - __main__ - INFO - innate_buffer=2000, innate_train_len=2000, innate_val_len=2000
2020-10-02 18:38:21,395 - __main__ - INFO - target_state_list=(6000, 25), target_innate_seq=(6000, 5)
2020-10-02 18:41:39,847 - __main__ - DEBUG - n=6, val_loss=0.0059099313074951676
2020-10-02 18:41:49,375 - __main__ - INFO - innate_buffer=2000, innate_train_len=2000, innate_val_len=2000
2020-10-02 18:41:49,375 - __main__ - INFO - target_state_list=(6000, 25), target_innate_seq=(6000, 5)
2020-10-02 18:45:09,029 - __main__ - DEBUG - n=7, val_loss=0.005413203884556658
2020-10-02 18:45:18,573 - __main__ - INFO - innate_buffer=2000, innate_train_len=2000, innate_val_len=2000
2020-10-02 18:45:18,573 - __main__ - INFO - target_state_list=(6000, 25), target_innate_seq=(6000, 5)
2020-10-02 18:48:38,970 - __main__ - DEBUG - n=8, val_loss=0.00531042719717894
2020-10-02 18:48:48,244 - __main__ - INFO - innate_buffer=2000, innate_train_len=2000, innate_val_len=2000
2020-10-02 18:48:48,244 - __main__ - INFO - target_state_list=(6000, 25), target_innate_seq=(6000, 5)
2020-10-02 18:51:54,921 - __main__ - DEBUG - n=9, val_loss=0.00543504611538387
2020-10-02 18:51:54,922 - __main__ - INFO - Ntrials=10, total loss avg=0.005340894470315035, std=0.0002882463159775119
