2020-10-02 18:12:54,032 - __main__ - INFO - n_units=5
2020-10-02 18:12:54,033 - __main__ - INFO - max_energy=1.0
2020-10-02 18:12:54,033 - __main__ - INFO - beta=1e-14
2020-10-02 18:12:54,033 - __main__ - INFO - taudelta=4.0
2020-10-02 18:12:54,033 - __main__ - INFO - V=1
2020-10-02 18:12:54,033 - __main__ - INFO - layers=5
2020-10-02 18:12:54,033 - __main__ - INFO - train_len=2000, val_len=2000, buffer=2000
2020-10-02 18:12:54,033 - __main__ - INFO - alpha=0.5, Ntrials=10
2020-10-02 18:12:54,033 - __main__ - INFO - noise=9e-06, learning rate=10.0,scale_input=0.2
2020-10-02 18:13:09,599 - __main__ - INFO - innate_buffer=2000, innate_train_len=2000, innate_val_len=2000
2020-10-02 18:13:09,599 - __main__ - INFO - target_state_list=(6000, 25), target_innate_seq=(6000, 5)
2020-10-02 18:17:31,768 - __main__ - DEBUG - n=0, val_loss=0.003179027314441987
2020-10-02 18:17:41,362 - __main__ - INFO - innate_buffer=2000, innate_train_len=2000, innate_val_len=2000
2020-10-02 18:17:41,362 - __main__ - INFO - target_state_list=(6000, 25), target_innate_seq=(6000, 5)
2020-10-02 18:21:14,881 - __main__ - DEBUG - n=1, val_loss=0.003420933947995753
2020-10-02 18:21:24,503 - __main__ - INFO - innate_buffer=2000, innate_train_len=2000, innate_val_len=2000
2020-10-02 18:21:24,503 - __main__ - INFO - target_state_list=(6000, 25), target_innate_seq=(6000, 5)
2020-10-02 18:24:45,166 - __main__ - DEBUG - n=2, val_loss=0.003239754689856563
2020-10-02 18:24:54,826 - __main__ - INFO - innate_buffer=2000, innate_train_len=2000, innate_val_len=2000
2020-10-02 18:24:54,826 - __main__ - INFO - target_state_list=(6000, 25), target_innate_seq=(6000, 5)
2020-10-02 18:28:12,895 - __main__ - DEBUG - n=3, val_loss=0.0031226613412728968
2020-10-02 18:28:22,562 - __main__ - INFO - innate_buffer=2000, innate_train_len=2000, innate_val_len=2000
2020-10-02 18:28:22,562 - __main__ - INFO - target_state_list=(6000, 25), target_innate_seq=(6000, 5)
2020-10-02 18:31:45,509 - __main__ - DEBUG - n=4, val_loss=0.0029223800879866167
2020-10-02 18:31:55,136 - __main__ - INFO - innate_buffer=2000, innate_train_len=2000, innate_val_len=2000
2020-10-02 18:31:55,136 - __main__ - INFO - target_state_list=(6000, 25), target_innate_seq=(6000, 5)
2020-10-02 18:35:35,653 - __main__ - DEBUG - n=5, val_loss=0.0036291094050514812
2020-10-02 18:35:45,336 - __main__ - INFO - innate_buffer=2000, innate_train_len=2000, innate_val_len=2000
2020-10-02 18:35:45,336 - __main__ - INFO - target_state_list=(6000, 25), target_innate_seq=(6000, 5)
2020-10-02 18:39:26,801 - __main__ - DEBUG - n=6, val_loss=0.0041063041411412895
2020-10-02 18:39:36,433 - __main__ - INFO - innate_buffer=2000, innate_train_len=2000, innate_val_len=2000
2020-10-02 18:39:36,433 - __main__ - INFO - target_state_list=(6000, 25), target_innate_seq=(6000, 5)
2020-10-02 18:42:54,203 - __main__ - DEBUG - n=7, val_loss=0.003107357743457919
2020-10-02 18:43:03,867 - __main__ - INFO - innate_buffer=2000, innate_train_len=2000, innate_val_len=2000
2020-10-02 18:43:03,867 - __main__ - INFO - target_state_list=(6000, 25), target_innate_seq=(6000, 5)
2020-10-02 18:46:57,303 - __main__ - DEBUG - n=8, val_loss=0.0031455968630973853
2020-10-02 18:47:06,956 - __main__ - INFO - innate_buffer=2000, innate_train_len=2000, innate_val_len=2000
2020-10-02 18:47:06,956 - __main__ - INFO - target_state_list=(6000, 25), target_innate_seq=(6000, 5)
2020-10-02 18:50:26,080 - __main__ - DEBUG - n=9, val_loss=0.003559441755368223
2020-10-02 18:50:26,081 - __main__ - INFO - Ntrials=10, total loss avg=0.003343256728967012, std=0.00032786033921116086
