2020-10-02 18:12:54,065 - __main__ - INFO - n_units=5
2020-10-02 18:12:54,065 - __main__ - INFO - max_energy=1.0
2020-10-02 18:12:54,065 - __main__ - INFO - beta=1e-14
2020-10-02 18:12:54,065 - __main__ - INFO - taudelta=4.0
2020-10-02 18:12:54,065 - __main__ - INFO - V=1
2020-10-02 18:12:54,066 - __main__ - INFO - layers=5
2020-10-02 18:12:54,066 - __main__ - INFO - train_len=2000, val_len=2000, buffer=2000
2020-10-02 18:12:54,066 - __main__ - INFO - alpha=0.5, Ntrials=10
2020-10-02 18:12:54,066 - __main__ - INFO - noise=0.006, learning rate=10.0,scale_input=0.2
2020-10-02 18:13:04,049 - __main__ - INFO - innate_buffer=2000, innate_train_len=2000, innate_val_len=2000
2020-10-02 18:13:04,049 - __main__ - INFO - target_state_list=(6000, 25), target_innate_seq=(6000, 5)
2020-10-02 18:16:57,387 - __main__ - DEBUG - n=0, val_loss=0.005397625639882792
2020-10-02 18:17:07,129 - __main__ - INFO - innate_buffer=2000, innate_train_len=2000, innate_val_len=2000
2020-10-02 18:17:07,129 - __main__ - INFO - target_state_list=(6000, 25), target_innate_seq=(6000, 5)
2020-10-02 18:21:08,181 - __main__ - DEBUG - n=1, val_loss=0.005398336090412663
2020-10-02 18:21:18,007 - __main__ - INFO - innate_buffer=2000, innate_train_len=2000, innate_val_len=2000
2020-10-02 18:21:18,007 - __main__ - INFO - target_state_list=(6000, 25), target_innate_seq=(6000, 5)
2020-10-02 18:26:09,503 - __main__ - DEBUG - n=2, val_loss=0.0053543313795115476
2020-10-02 18:26:25,201 - __main__ - INFO - innate_buffer=2000, innate_train_len=2000, innate_val_len=2000
2020-10-02 18:26:25,201 - __main__ - INFO - target_state_list=(6000, 25), target_innate_seq=(6000, 5)
2020-10-02 18:31:22,189 - __main__ - DEBUG - n=3, val_loss=0.005280027046499006
2020-10-02 18:31:31,975 - __main__ - INFO - innate_buffer=2000, innate_train_len=2000, innate_val_len=2000
2020-10-02 18:31:31,976 - __main__ - INFO - target_state_list=(6000, 25), target_innate_seq=(6000, 5)
2020-10-02 18:34:53,300 - __main__ - DEBUG - n=4, val_loss=0.0041471472321210415
2020-10-02 18:35:03,088 - __main__ - INFO - innate_buffer=2000, innate_train_len=2000, innate_val_len=2000
2020-10-02 18:35:03,088 - __main__ - INFO - target_state_list=(6000, 25), target_innate_seq=(6000, 5)
2020-10-02 18:38:23,817 - __main__ - DEBUG - n=5, val_loss=0.0058733639668481
2020-10-02 18:38:33,610 - __main__ - INFO - innate_buffer=2000, innate_train_len=2000, innate_val_len=2000
2020-10-02 18:38:33,610 - __main__ - INFO - target_state_list=(6000, 25), target_innate_seq=(6000, 5)
2020-10-02 18:41:54,724 - __main__ - DEBUG - n=6, val_loss=0.005817522423499601
2020-10-02 18:42:04,536 - __main__ - INFO - innate_buffer=2000, innate_train_len=2000, innate_val_len=2000
2020-10-02 18:42:04,536 - __main__ - INFO - target_state_list=(6000, 25), target_innate_seq=(6000, 5)
2020-10-02 18:45:43,962 - __main__ - DEBUG - n=7, val_loss=0.004530053920345949
2020-10-02 18:45:53,741 - __main__ - INFO - innate_buffer=2000, innate_train_len=2000, innate_val_len=2000
2020-10-02 18:45:53,741 - __main__ - INFO - target_state_list=(6000, 25), target_innate_seq=(6000, 5)
2020-10-02 18:49:12,586 - __main__ - DEBUG - n=8, val_loss=0.004968325394059873
2020-10-02 18:49:22,037 - __main__ - INFO - innate_buffer=2000, innate_train_len=2000, innate_val_len=2000
2020-10-02 18:49:22,038 - __main__ - INFO - target_state_list=(6000, 25), target_innate_seq=(6000, 5)
2020-10-02 18:52:28,070 - __main__ - DEBUG - n=9, val_loss=0.005409521091235186
2020-10-02 18:52:28,070 - __main__ - INFO - Ntrials=10, total loss avg=0.005217625418441576, std=0.0005094272209038785
