2020-10-02 17:22:58,458 - __main__ - INFO - n_units=5
2020-10-02 17:22:58,459 - __main__ - INFO - max_energy=1.0
2020-10-02 17:22:58,459 - __main__ - INFO - beta=1e-14
2020-10-02 17:22:58,459 - __main__ - INFO - taudelta=4.0
2020-10-02 17:22:58,459 - __main__ - INFO - V=1
2020-10-02 17:22:58,459 - __main__ - INFO - layers=5
2020-10-02 17:22:58,459 - __main__ - INFO - train_len=2000, val_len=2000, buffer=2000
2020-10-02 17:22:58,459 - __main__ - INFO - alpha=0.5, Ntrials=10
2020-10-02 17:22:58,459 - __main__ - INFO - noise=7e-06, learning rate=0.0,scale_input=0.2
2020-10-02 17:23:12,819 - __main__ - DEBUG - n=0, val_loss=0.0028364891878793945
2020-10-02 17:23:28,641 - __main__ - DEBUG - n=1, val_loss=0.0030645206790338563
2020-10-02 17:23:44,022 - __main__ - DEBUG - n=2, val_loss=0.002813847946701531
2020-10-02 17:23:59,092 - __main__ - DEBUG - n=3, val_loss=0.0029737109516505835
2020-10-02 17:24:08,436 - __main__ - DEBUG - n=4, val_loss=0.003000231268707568
2020-10-02 17:24:17,765 - __main__ - DEBUG - n=5, val_loss=0.0033230508350846335
2020-10-02 17:24:27,122 - __main__ - DEBUG - n=6, val_loss=0.003713036091028757
2020-10-02 17:24:36,244 - __main__ - DEBUG - n=7, val_loss=0.0031186035151588207
2020-10-02 17:24:44,261 - __main__ - DEBUG - n=8, val_loss=0.0031055893913304626
2020-10-02 17:24:52,111 - __main__ - DEBUG - n=9, val_loss=0.0029964812153133787
2020-10-02 17:24:52,112 - __main__ - INFO - Ntrials=10, total loss avg=0.0030945561081888984, std=0.00024796057884556526
