2020-10-02 17:22:58,487 - __main__ - INFO - n_units=5
2020-10-02 17:22:58,487 - __main__ - INFO - max_energy=1.0
2020-10-02 17:22:58,487 - __main__ - INFO - beta=1e-14
2020-10-02 17:22:58,487 - __main__ - INFO - taudelta=4.0
2020-10-02 17:22:58,487 - __main__ - INFO - V=1
2020-10-02 17:22:58,487 - __main__ - INFO - layers=5
2020-10-02 17:22:58,488 - __main__ - INFO - train_len=2000, val_len=2000, buffer=2000
2020-10-02 17:22:58,488 - __main__ - INFO - alpha=0.5, Ntrials=10
2020-10-02 17:22:58,488 - __main__ - INFO - noise=0.009000000000000001, learning rate=0.0,scale_input=0.2
2020-10-02 17:23:07,826 - __main__ - DEBUG - n=0, val_loss=0.00536682895844183
2020-10-02 17:23:17,251 - __main__ - DEBUG - n=1, val_loss=0.005444497071025931
2020-10-02 17:23:26,695 - __main__ - DEBUG - n=2, val_loss=0.005047477096354836
2020-10-02 17:23:36,141 - __main__ - DEBUG - n=3, val_loss=0.005195231816251222
2020-10-02 17:23:45,596 - __main__ - DEBUG - n=4, val_loss=0.0049322032999467285
2020-10-02 17:23:55,064 - __main__ - DEBUG - n=5, val_loss=0.005747137556821704
2020-10-02 17:24:04,539 - __main__ - DEBUG - n=6, val_loss=0.005955735574809563
2020-10-02 17:24:14,004 - __main__ - DEBUG - n=7, val_loss=0.005452069388067923
2020-10-02 17:24:23,461 - __main__ - DEBUG - n=8, val_loss=0.005339631621752866
2020-10-02 17:24:32,927 - __main__ - DEBUG - n=9, val_loss=0.005481054341527186
2020-10-02 17:24:32,927 - __main__ - INFO - Ntrials=10, total loss avg=0.00539618667249998, std=0.00028813936435760683
