2020-10-02 17:20:53,510 - __main__ - INFO - n_units=5
2020-10-02 17:20:53,510 - __main__ - INFO - max_energy=1.0
2020-10-02 17:20:53,510 - __main__ - INFO - beta=1e-14
2020-10-02 17:20:53,511 - __main__ - INFO - taudelta=4.0
2020-10-02 17:20:53,511 - __main__ - INFO - V=1
2020-10-02 17:20:53,511 - __main__ - INFO - layers=5
2020-10-02 17:20:53,511 - __main__ - INFO - train_len=2000, val_len=2000, buffer=2000
2020-10-02 17:20:53,511 - __main__ - INFO - alpha=0.5, Ntrials=10
2020-10-02 17:20:53,511 - __main__ - INFO - noise=0.004, learning rate=0.0,scale_input=0.2
2020-10-02 17:21:02,566 - __main__ - DEBUG - n=0, val_loss=0.0057002590211590294
2020-10-02 17:21:11,704 - __main__ - DEBUG - n=1, val_loss=0.006412123138350323
2020-10-02 17:21:20,842 - __main__ - DEBUG - n=2, val_loss=0.005175189088841425
2020-10-02 17:21:30,018 - __main__ - DEBUG - n=3, val_loss=0.006100272283489416
2020-10-02 17:21:39,223 - __main__ - DEBUG - n=4, val_loss=0.006017481955959894
2020-10-02 17:21:48,414 - __main__ - DEBUG - n=5, val_loss=0.006270808786027208
2020-10-02 17:21:57,623 - __main__ - DEBUG - n=6, val_loss=0.006820598820555256
2020-10-02 17:22:06,815 - __main__ - DEBUG - n=7, val_loss=0.006482088988568763
2020-10-02 17:22:16,005 - __main__ - DEBUG - n=8, val_loss=0.005788695125109125
2020-10-02 17:22:25,192 - __main__ - DEBUG - n=9, val_loss=0.006506857670594599
2020-10-02 17:22:25,193 - __main__ - INFO - Ntrials=10, total loss avg=0.0061274374878655035, std=0.00045482351031920663
