2020-10-02 17:22:58,455 - __main__ - INFO - n_units=5
2020-10-02 17:22:58,455 - __main__ - INFO - max_energy=1.0
2020-10-02 17:22:58,455 - __main__ - INFO - beta=1e-14
2020-10-02 17:22:58,455 - __main__ - INFO - taudelta=4.0
2020-10-02 17:22:58,456 - __main__ - INFO - V=1
2020-10-02 17:22:58,456 - __main__ - INFO - layers=5
2020-10-02 17:22:58,456 - __main__ - INFO - train_len=2000, val_len=2000, buffer=2000
2020-10-02 17:22:58,456 - __main__ - INFO - alpha=0.5, Ntrials=10
2020-10-02 17:22:58,456 - __main__ - INFO - noise=4e-06, learning rate=0.0,scale_input=0.2
2020-10-02 17:23:13,248 - __main__ - DEBUG - n=0, val_loss=0.0027669554102099253
2020-10-02 17:23:29,182 - __main__ - DEBUG - n=1, val_loss=0.0029963112331488845
2020-10-02 17:23:44,758 - __main__ - DEBUG - n=2, val_loss=0.0027293243687389985
2020-10-02 17:23:58,034 - __main__ - DEBUG - n=3, val_loss=0.0029328307769376175
2020-10-02 17:24:13,776 - __main__ - DEBUG - n=4, val_loss=0.002935354901913938
2020-10-02 17:24:24,131 - __main__ - DEBUG - n=5, val_loss=0.0032401717301190564
2020-10-02 17:24:33,591 - __main__ - DEBUG - n=6, val_loss=0.0036543520726762205
2020-10-02 17:24:41,980 - __main__ - DEBUG - n=7, val_loss=0.003064140604009658
2020-10-02 17:24:49,912 - __main__ - DEBUG - n=8, val_loss=0.0030330867903952856
2020-10-02 17:24:57,711 - __main__ - DEBUG - n=9, val_loss=0.002933862686933964
2020-10-02 17:24:57,711 - __main__ - INFO - Ntrials=10, total loss avg=0.0030286390575083545, std=0.0002497037072609389
