2020-10-02 17:27:06,828 - __main__ - INFO - n_units=5
2020-10-02 17:27:06,828 - __main__ - INFO - max_energy=1.0
2020-10-02 17:27:06,828 - __main__ - INFO - beta=1e-14
2020-10-02 17:27:06,828 - __main__ - INFO - taudelta=4.0
2020-10-02 17:27:06,828 - __main__ - INFO - V=1
2020-10-02 17:27:06,828 - __main__ - INFO - layers=5
2020-10-02 17:27:06,828 - __main__ - INFO - train_len=2000, val_len=2000, buffer=2000
2020-10-02 17:27:06,828 - __main__ - INFO - alpha=0.5, Ntrials=10
2020-10-02 17:27:06,828 - __main__ - INFO - noise=2e-06, learning rate=10.0,scale_input=0.2
2020-10-02 17:27:15,978 - __main__ - INFO - innate_buffer=2000, innate_train_len=2000, innate_val_len=2000
2020-10-02 17:27:15,978 - __main__ - INFO - target_state_list=(6000, 25), target_innate_seq=(6000, 5)
2020-10-02 17:31:37,414 - __main__ - DEBUG - n=0, val_loss=0.0028975848314299725
2020-10-02 17:31:46,796 - __main__ - INFO - innate_buffer=2000, innate_train_len=2000, innate_val_len=2000
2020-10-02 17:31:46,796 - __main__ - INFO - target_state_list=(6000, 25), target_innate_seq=(6000, 5)
2020-10-02 17:35:05,112 - __main__ - DEBUG - n=1, val_loss=0.0028961418715598795
2020-10-02 17:35:14,518 - __main__ - INFO - innate_buffer=2000, innate_train_len=2000, innate_val_len=2000
2020-10-02 17:35:14,518 - __main__ - INFO - target_state_list=(6000, 25), target_innate_seq=(6000, 5)
2020-10-02 17:39:05,106 - __main__ - DEBUG - n=2, val_loss=0.0028619797825284285
2020-10-02 17:39:14,536 - __main__ - INFO - innate_buffer=2000, innate_train_len=2000, innate_val_len=2000
2020-10-02 17:39:14,536 - __main__ - INFO - target_state_list=(6000, 25), target_innate_seq=(6000, 5)
2020-10-02 17:42:37,129 - __main__ - DEBUG - n=3, val_loss=0.0028347795917658108
2020-10-02 17:42:46,800 - __main__ - INFO - innate_buffer=2000, innate_train_len=2000, innate_val_len=2000
2020-10-02 17:42:46,800 - __main__ - INFO - target_state_list=(6000, 25), target_innate_seq=(6000, 5)
2020-10-02 17:46:47,316 - __main__ - DEBUG - n=4, val_loss=0.0030383529164834853
2020-10-02 17:46:56,673 - __main__ - INFO - innate_buffer=2000, innate_train_len=2000, innate_val_len=2000
2020-10-02 17:46:56,673 - __main__ - INFO - target_state_list=(6000, 25), target_innate_seq=(6000, 5)
2020-10-02 17:50:13,807 - __main__ - DEBUG - n=5, val_loss=0.002948601009365885
2020-10-02 17:50:23,184 - __main__ - INFO - innate_buffer=2000, innate_train_len=2000, innate_val_len=2000
2020-10-02 17:50:23,184 - __main__ - INFO - target_state_list=(6000, 25), target_innate_seq=(6000, 5)
2020-10-02 17:53:59,207 - __main__ - DEBUG - n=6, val_loss=0.003319593910183763
2020-10-02 17:54:13,755 - __main__ - INFO - innate_buffer=2000, innate_train_len=2000, innate_val_len=2000
2020-10-02 17:54:13,756 - __main__ - INFO - target_state_list=(6000, 25), target_innate_seq=(6000, 5)
2020-10-02 17:58:08,166 - __main__ - DEBUG - n=7, val_loss=0.003214664942945091
2020-10-02 17:58:17,636 - __main__ - INFO - innate_buffer=2000, innate_train_len=2000, innate_val_len=2000
2020-10-02 17:58:17,636 - __main__ - INFO - target_state_list=(6000, 25), target_innate_seq=(6000, 5)
2020-10-02 18:02:05,965 - __main__ - DEBUG - n=8, val_loss=0.0029770910332825237
2020-10-02 18:02:15,096 - __main__ - INFO - innate_buffer=2000, innate_train_len=2000, innate_val_len=2000
2020-10-02 18:02:15,096 - __main__ - INFO - target_state_list=(6000, 25), target_innate_seq=(6000, 5)
2020-10-02 18:05:19,651 - __main__ - DEBUG - n=9, val_loss=0.0030185495203173957
2020-10-02 18:05:19,651 - __main__ - INFO - Ntrials=10, total loss avg=0.0030007339409862236, std=0.0001486002583065724
