2020-10-02 17:22:58,495 - __main__ - INFO - n_units=5
2020-10-02 17:22:58,496 - __main__ - INFO - max_energy=1.0
2020-10-02 17:22:58,496 - __main__ - INFO - beta=1e-14
2020-10-02 17:22:58,496 - __main__ - INFO - taudelta=4.0
2020-10-02 17:22:58,496 - __main__ - INFO - V=1
2020-10-02 17:22:58,496 - __main__ - INFO - layers=5
2020-10-02 17:22:58,496 - __main__ - INFO - train_len=2000, val_len=2000, buffer=2000
2020-10-02 17:22:58,496 - __main__ - INFO - alpha=0.5, Ntrials=10
2020-10-02 17:22:58,496 - __main__ - INFO - noise=8e-06, learning rate=0.0,scale_input=0.2
2020-10-02 17:23:09,694 - __main__ - DEBUG - n=0, val_loss=0.0031351876109062355
2020-10-02 17:23:19,258 - __main__ - DEBUG - n=1, val_loss=0.0034140111179728192
2020-10-02 17:23:28,824 - __main__ - DEBUG - n=2, val_loss=0.0031536535124668547
2020-10-02 17:23:38,427 - __main__ - DEBUG - n=3, val_loss=0.003099012233309258
2020-10-02 17:23:48,025 - __main__ - DEBUG - n=4, val_loss=0.002914818369346782
2020-10-02 17:23:57,627 - __main__ - DEBUG - n=5, val_loss=0.003604587323744472
2020-10-02 17:24:07,242 - __main__ - DEBUG - n=6, val_loss=0.004093035732108577
2020-10-02 17:24:16,833 - __main__ - DEBUG - n=7, val_loss=0.0030867789780480545
2020-10-02 17:24:26,401 - __main__ - DEBUG - n=8, val_loss=0.003150286837742226
2020-10-02 17:24:35,820 - __main__ - DEBUG - n=9, val_loss=0.0035461285047357345
2020-10-02 17:24:35,820 - __main__ - INFO - Ntrials=10, total loss avg=0.003319750022038101, std=0.00033114571965618916
