2020-10-02 17:20:53,543 - __main__ - INFO - n_units=5
2020-10-02 17:20:53,543 - __main__ - INFO - max_energy=1.0
2020-10-02 17:20:53,543 - __main__ - INFO - beta=1e-14
2020-10-02 17:20:53,543 - __main__ - INFO - taudelta=4.0
2020-10-02 17:20:53,543 - __main__ - INFO - V=1
2020-10-02 17:20:53,543 - __main__ - INFO - layers=5
2020-10-02 17:20:53,543 - __main__ - INFO - train_len=2000, val_len=2000, buffer=2000
2020-10-02 17:20:53,543 - __main__ - INFO - alpha=0.5, Ntrials=10
2020-10-02 17:20:53,543 - __main__ - INFO - noise=0.0008, learning rate=0.0,scale_input=0.2
2020-10-02 17:21:09,915 - __main__ - DEBUG - n=0, val_loss=0.004334809612608488
2020-10-02 17:21:26,061 - __main__ - DEBUG - n=1, val_loss=0.004774417424633341
2020-10-02 17:21:41,427 - __main__ - DEBUG - n=2, val_loss=0.004054656256745245
2020-10-02 17:21:56,692 - __main__ - DEBUG - n=3, val_loss=0.004544776757263226
2020-10-02 17:22:12,841 - __main__ - DEBUG - n=4, val_loss=0.0045946068027412044
2020-10-02 17:22:27,230 - __main__ - DEBUG - n=5, val_loss=0.004285489685210735
2020-10-02 17:22:35,282 - __main__ - DEBUG - n=6, val_loss=0.005212708432368758
2020-10-02 17:22:43,117 - __main__ - DEBUG - n=7, val_loss=0.005022385621232315
2020-10-02 17:22:50,721 - __main__ - DEBUG - n=8, val_loss=0.004614827902600259
2020-10-02 17:22:57,992 - __main__ - DEBUG - n=9, val_loss=0.004932263202054843
2020-10-02 17:22:57,992 - __main__ - INFO - Ntrials=10, total loss avg=0.004637094169745842, std=0.00033923778873750065
