2020-10-02 17:20:53,488 - __main__ - INFO - n_units=5
2020-10-02 17:20:53,488 - __main__ - INFO - max_energy=1.0
2020-10-02 17:20:53,488 - __main__ - INFO - beta=1e-14
2020-10-02 17:20:53,489 - __main__ - INFO - taudelta=4.0
2020-10-02 17:20:53,489 - __main__ - INFO - V=1
2020-10-02 17:20:53,489 - __main__ - INFO - layers=5
2020-10-02 17:20:53,489 - __main__ - INFO - train_len=2000, val_len=2000, buffer=2000
2020-10-02 17:20:53,489 - __main__ - INFO - alpha=0.5, Ntrials=10
2020-10-02 17:20:53,489 - __main__ - INFO - noise=6e-06, learning rate=0.0,scale_input=0.2
2020-10-02 17:21:08,030 - __main__ - DEBUG - n=0, val_loss=0.0025894698341048608
2020-10-02 17:21:23,890 - __main__ - DEBUG - n=1, val_loss=0.002594310274576285
2020-10-02 17:21:40,111 - __main__ - DEBUG - n=2, val_loss=0.0029252896782309963
2020-10-02 17:21:55,855 - __main__ - DEBUG - n=3, val_loss=0.0028303835210898116
2020-10-02 17:22:11,041 - __main__ - DEBUG - n=4, val_loss=0.003112878706409235
2020-10-02 17:22:26,418 - __main__ - DEBUG - n=5, val_loss=0.0028067675065846075
2020-10-02 17:22:34,263 - __main__ - DEBUG - n=6, val_loss=0.0031655887135388
2020-10-02 17:22:41,899 - __main__ - DEBUG - n=7, val_loss=0.0029673243451950274
2020-10-02 17:22:49,280 - __main__ - DEBUG - n=8, val_loss=0.00224177618859492
2020-10-02 17:22:56,543 - __main__ - DEBUG - n=9, val_loss=0.0030408036989563935
2020-10-02 17:22:56,543 - __main__ - INFO - Ntrials=10, total loss avg=0.0028274592467280937, std=0.00026924031022402655
