2020-10-02 17:22:58,467 - __main__ - INFO - n_units=5
2020-10-02 17:22:58,468 - __main__ - INFO - max_energy=1.0
2020-10-02 17:22:58,468 - __main__ - INFO - beta=1e-14
2020-10-02 17:22:58,468 - __main__ - INFO - taudelta=4.0
2020-10-02 17:22:58,468 - __main__ - INFO - V=1
2020-10-02 17:22:58,468 - __main__ - INFO - layers=5
2020-10-02 17:22:58,468 - __main__ - INFO - train_len=2000, val_len=2000, buffer=2000
2020-10-02 17:22:58,468 - __main__ - INFO - alpha=0.5, Ntrials=10
2020-10-02 17:22:58,468 - __main__ - INFO - noise=8e-05, learning rate=0.0,scale_input=0.2
2020-10-02 17:23:07,825 - __main__ - DEBUG - n=0, val_loss=0.003250510536236234
2020-10-02 17:23:17,295 - __main__ - DEBUG - n=1, val_loss=0.00346960682985579
2020-10-02 17:23:26,745 - __main__ - DEBUG - n=2, val_loss=0.003247595168892316
2020-10-02 17:23:36,223 - __main__ - DEBUG - n=3, val_loss=0.0034083897630075065
2020-10-02 17:23:45,694 - __main__ - DEBUG - n=4, val_loss=0.0032927746344771497
2020-10-02 17:23:55,148 - __main__ - DEBUG - n=5, val_loss=0.003729756699683535
2020-10-02 17:24:04,628 - __main__ - DEBUG - n=6, val_loss=0.004041484144698272
2020-10-02 17:24:14,088 - __main__ - DEBUG - n=7, val_loss=0.0034763407228351273
2020-10-02 17:24:23,560 - __main__ - DEBUG - n=8, val_loss=0.0035139579267617193
2020-10-02 17:24:33,044 - __main__ - DEBUG - n=9, val_loss=0.0034631083689978257
2020-10-02 17:24:33,044 - __main__ - INFO - Ntrials=10, total loss avg=0.0034893524795445476, std=0.00022916954954116207
