2020-10-02 18:12:54,010 - __main__ - INFO - n_units=5
2020-10-02 18:12:54,010 - __main__ - INFO - max_energy=1.0
2020-10-02 18:12:54,010 - __main__ - INFO - beta=1e-14
2020-10-02 18:12:54,010 - __main__ - INFO - taudelta=4.0
2020-10-02 18:12:54,010 - __main__ - INFO - V=1
2020-10-02 18:12:54,010 - __main__ - INFO - layers=5
2020-10-02 18:12:54,010 - __main__ - INFO - train_len=2000, val_len=2000, buffer=2000
2020-10-02 18:12:54,010 - __main__ - INFO - alpha=0.5, Ntrials=10
2020-10-02 18:12:54,010 - __main__ - INFO - noise=0.0004, learning rate=10.0,scale_input=0.2
2020-10-02 18:13:03,467 - __main__ - INFO - innate_buffer=2000, innate_train_len=2000, innate_val_len=2000
2020-10-02 18:13:03,467 - __main__ - INFO - target_state_list=(6000, 25), target_innate_seq=(6000, 5)
2020-10-02 18:16:29,597 - __main__ - DEBUG - n=0, val_loss=0.0038237572969447423
2020-10-02 18:16:45,492 - __main__ - INFO - innate_buffer=2000, innate_train_len=2000, innate_val_len=2000
2020-10-02 18:16:45,492 - __main__ - INFO - target_state_list=(6000, 25), target_innate_seq=(6000, 5)
2020-10-02 18:20:51,231 - __main__ - DEBUG - n=1, val_loss=0.004097216033023681
2020-10-02 18:21:00,889 - __main__ - INFO - innate_buffer=2000, innate_train_len=2000, innate_val_len=2000
2020-10-02 18:21:00,889 - __main__ - INFO - target_state_list=(6000, 25), target_innate_seq=(6000, 5)
2020-10-02 18:24:21,678 - __main__ - DEBUG - n=2, val_loss=0.0035998106026935567
2020-10-02 18:24:31,833 - __main__ - INFO - innate_buffer=2000, innate_train_len=2000, innate_val_len=2000
2020-10-02 18:24:31,833 - __main__ - INFO - target_state_list=(6000, 25), target_innate_seq=(6000, 5)
2020-10-02 18:27:52,227 - __main__ - DEBUG - n=3, val_loss=0.004090018629482511
2020-10-02 18:28:01,952 - __main__ - INFO - innate_buffer=2000, innate_train_len=2000, innate_val_len=2000
2020-10-02 18:28:01,952 - __main__ - INFO - target_state_list=(6000, 25), target_innate_seq=(6000, 5)
2020-10-02 18:31:29,784 - __main__ - DEBUG - n=4, val_loss=0.0037658964580929355
2020-10-02 18:31:44,178 - __main__ - INFO - innate_buffer=2000, innate_train_len=2000, innate_val_len=2000
2020-10-02 18:31:44,178 - __main__ - INFO - target_state_list=(6000, 25), target_innate_seq=(6000, 5)
2020-10-02 18:35:11,673 - __main__ - DEBUG - n=5, val_loss=0.004192528928654728
2020-10-02 18:35:21,228 - __main__ - INFO - innate_buffer=2000, innate_train_len=2000, innate_val_len=2000
2020-10-02 18:35:21,229 - __main__ - INFO - target_state_list=(6000, 25), target_innate_seq=(6000, 5)
2020-10-02 18:38:38,936 - __main__ - DEBUG - n=6, val_loss=0.004617117002601718
2020-10-02 18:38:48,449 - __main__ - INFO - innate_buffer=2000, innate_train_len=2000, innate_val_len=2000
2020-10-02 18:38:48,449 - __main__ - INFO - target_state_list=(6000, 25), target_innate_seq=(6000, 5)
2020-10-02 18:42:05,619 - __main__ - DEBUG - n=7, val_loss=0.0041286345523810835
2020-10-02 18:42:15,129 - __main__ - INFO - innate_buffer=2000, innate_train_len=2000, innate_val_len=2000
2020-10-02 18:42:15,129 - __main__ - INFO - target_state_list=(6000, 25), target_innate_seq=(6000, 5)
2020-10-02 18:46:03,118 - __main__ - DEBUG - n=8, val_loss=0.004255156935421969
2020-10-02 18:46:12,844 - __main__ - INFO - innate_buffer=2000, innate_train_len=2000, innate_val_len=2000
2020-10-02 18:46:12,844 - __main__ - INFO - target_state_list=(6000, 25), target_innate_seq=(6000, 5)
2020-10-02 18:50:25,247 - __main__ - DEBUG - n=9, val_loss=0.004139245090519011
2020-10-02 18:50:25,247 - __main__ - INFO - Ntrials=10, total loss avg=0.004070938152981593, std=0.0002705903723230832
