2020-10-02 17:22:58,501 - __main__ - INFO - n_units=5
2020-10-02 17:22:58,501 - __main__ - INFO - max_energy=1.0
2020-10-02 17:22:58,501 - __main__ - INFO - beta=1e-14
2020-10-02 17:22:58,501 - __main__ - INFO - taudelta=4.0
2020-10-02 17:22:58,501 - __main__ - INFO - V=1
2020-10-02 17:22:58,501 - __main__ - INFO - layers=5
2020-10-02 17:22:58,501 - __main__ - INFO - train_len=2000, val_len=2000, buffer=2000
2020-10-02 17:22:58,501 - __main__ - INFO - alpha=0.5, Ntrials=10
2020-10-02 17:22:58,501 - __main__ - INFO - noise=4e-05, learning rate=0.0,scale_input=0.2
2020-10-02 17:23:08,011 - __main__ - DEBUG - n=0, val_loss=0.0035981617382713806
2020-10-02 17:23:19,481 - __main__ - DEBUG - n=1, val_loss=0.003712285379563167
2020-10-02 17:23:35,694 - __main__ - DEBUG - n=2, val_loss=0.0037935337252862035
2020-10-02 17:23:51,599 - __main__ - DEBUG - n=3, val_loss=0.0034391730957426068
2020-10-02 17:24:07,549 - __main__ - DEBUG - n=4, val_loss=0.0030187677925936052
2020-10-02 17:24:23,966 - __main__ - DEBUG - n=5, val_loss=0.00395972390437941
2020-10-02 17:24:37,116 - __main__ - DEBUG - n=6, val_loss=0.004304965946755618
2020-10-02 17:24:45,399 - __main__ - DEBUG - n=7, val_loss=0.003299830260681576
2020-10-02 17:24:53,357 - __main__ - DEBUG - n=8, val_loss=0.003388676124933918
2020-10-02 17:25:01,261 - __main__ - DEBUG - n=9, val_loss=0.0037966121709123823
2020-10-02 17:25:01,261 - __main__ - INFO - Ntrials=10, total loss avg=0.0036311730139119867, std=0.0003469639122995746
