2020-10-02 17:20:53,500 - __main__ - INFO - n_units=5
2020-10-02 17:20:53,501 - __main__ - INFO - max_energy=1.0
2020-10-02 17:20:53,501 - __main__ - INFO - beta=1e-14
2020-10-02 17:20:53,501 - __main__ - INFO - taudelta=4.0
2020-10-02 17:20:53,501 - __main__ - INFO - V=1
2020-10-02 17:20:53,501 - __main__ - INFO - layers=5
2020-10-02 17:20:53,501 - __main__ - INFO - train_len=2000, val_len=2000, buffer=2000
2020-10-02 17:20:53,501 - __main__ - INFO - alpha=0.5, Ntrials=10
2020-10-02 17:20:53,501 - __main__ - INFO - noise=0.0002, learning rate=0.0,scale_input=0.2
2020-10-02 17:21:05,207 - __main__ - DEBUG - n=0, val_loss=0.0037045140295274225
2020-10-02 17:21:14,355 - __main__ - DEBUG - n=1, val_loss=0.004220036473232937
2020-10-02 17:21:23,497 - __main__ - DEBUG - n=2, val_loss=0.0036376233629144125
2020-10-02 17:21:32,677 - __main__ - DEBUG - n=3, val_loss=0.004131048813005715
2020-10-02 17:21:41,865 - __main__ - DEBUG - n=4, val_loss=0.004117108273862309
2020-10-02 17:21:51,046 - __main__ - DEBUG - n=5, val_loss=0.004070534800087351
2020-10-02 17:22:00,257 - __main__ - DEBUG - n=6, val_loss=0.004667964303664543
2020-10-02 17:22:09,464 - __main__ - DEBUG - n=7, val_loss=0.0044088624393763595
2020-10-02 17:22:18,637 - __main__ - DEBUG - n=8, val_loss=0.003935195339406177
2020-10-02 17:22:27,604 - __main__ - DEBUG - n=9, val_loss=0.004277832155453851
2020-10-02 17:22:27,604 - __main__ - INFO - Ntrials=10, total loss avg=0.004117071999053108, std=0.00029335724960254496
