2020-10-02 17:20:53,541 - __main__ - INFO - n_units=5
2020-10-02 17:20:53,542 - __main__ - INFO - max_energy=1.0
2020-10-02 17:20:53,542 - __main__ - INFO - beta=1e-14
2020-10-02 17:20:53,542 - __main__ - INFO - taudelta=4.0
2020-10-02 17:20:53,542 - __main__ - INFO - V=1
2020-10-02 17:20:53,542 - __main__ - INFO - layers=5
2020-10-02 17:20:53,542 - __main__ - INFO - train_len=2000, val_len=2000, buffer=2000
2020-10-02 17:20:53,542 - __main__ - INFO - alpha=0.5, Ntrials=10
2020-10-02 17:20:53,542 - __main__ - INFO - noise=0.0007, learning rate=0.0,scale_input=0.2
2020-10-02 17:21:03,542 - __main__ - DEBUG - n=0, val_loss=0.0042548378303737125
2020-10-02 17:21:12,828 - __main__ - DEBUG - n=1, val_loss=0.004687731934440427
2020-10-02 17:21:22,123 - __main__ - DEBUG - n=2, val_loss=0.003997265777563814
2020-10-02 17:21:31,441 - __main__ - DEBUG - n=3, val_loss=0.0044611258305690266
2020-10-02 17:21:40,775 - __main__ - DEBUG - n=4, val_loss=0.00451766349853249
2020-10-02 17:21:50,109 - __main__ - DEBUG - n=5, val_loss=0.004217409134942999
2020-10-02 17:21:59,464 - __main__ - DEBUG - n=6, val_loss=0.005116952152234221
2020-10-02 17:22:08,781 - __main__ - DEBUG - n=7, val_loss=0.004928630370937958
2020-10-02 17:22:18,115 - __main__ - DEBUG - n=8, val_loss=0.004542730227071524
2020-10-02 17:22:27,252 - __main__ - DEBUG - n=9, val_loss=0.004838613358021415
2020-10-02 17:22:27,252 - __main__ - INFO - Ntrials=10, total loss avg=0.004556296011468759, std=0.0003284686722925361
