2020-10-02 17:27:06,803 - __main__ - INFO - n_units=5
2020-10-02 17:27:06,804 - __main__ - INFO - max_energy=1.0
2020-10-02 17:27:06,804 - __main__ - INFO - beta=1e-14
2020-10-02 17:27:06,804 - __main__ - INFO - taudelta=4.0
2020-10-02 17:27:06,804 - __main__ - INFO - V=1
2020-10-02 17:27:06,804 - __main__ - INFO - layers=5
2020-10-02 17:27:06,804 - __main__ - INFO - train_len=2000, val_len=2000, buffer=2000
2020-10-02 17:27:06,804 - __main__ - INFO - alpha=0.5, Ntrials=10
2020-10-02 17:27:06,804 - __main__ - INFO - noise=3.0000000000000004e-05, learning rate=10.0,scale_input=0.2
2020-10-02 17:27:15,829 - __main__ - INFO - innate_buffer=2000, innate_train_len=2000, innate_val_len=2000
2020-10-02 17:27:15,829 - __main__ - INFO - target_state_list=(6000, 25), target_innate_seq=(6000, 5)
2020-10-02 17:30:31,638 - __main__ - DEBUG - n=0, val_loss=0.0031100086491425687
2020-10-02 17:30:40,920 - __main__ - INFO - innate_buffer=2000, innate_train_len=2000, innate_val_len=2000
2020-10-02 17:30:40,920 - __main__ - INFO - target_state_list=(6000, 25), target_innate_seq=(6000, 5)
2020-10-02 17:33:58,862 - __main__ - DEBUG - n=1, val_loss=0.003155709470916498
2020-10-02 17:34:08,149 - __main__ - INFO - innate_buffer=2000, innate_train_len=2000, innate_val_len=2000
2020-10-02 17:34:08,150 - __main__ - INFO - target_state_list=(6000, 25), target_innate_seq=(6000, 5)
2020-10-02 17:37:26,147 - __main__ - DEBUG - n=2, val_loss=0.0032527515893393875
2020-10-02 17:37:35,462 - __main__ - INFO - innate_buffer=2000, innate_train_len=2000, innate_val_len=2000
2020-10-02 17:37:35,462 - __main__ - INFO - target_state_list=(6000, 25), target_innate_seq=(6000, 5)
2020-10-02 17:40:54,355 - __main__ - DEBUG - n=3, val_loss=0.0032781877558859915
2020-10-02 17:41:03,656 - __main__ - INFO - innate_buffer=2000, innate_train_len=2000, innate_val_len=2000
2020-10-02 17:41:03,656 - __main__ - INFO - target_state_list=(6000, 25), target_innate_seq=(6000, 5)
2020-10-02 17:44:25,523 - __main__ - DEBUG - n=4, val_loss=0.0035472672707819878
2020-10-02 17:44:37,243 - __main__ - INFO - innate_buffer=2000, innate_train_len=2000, innate_val_len=2000
2020-10-02 17:44:37,243 - __main__ - INFO - target_state_list=(6000, 25), target_innate_seq=(6000, 5)
2020-10-02 17:48:18,491 - __main__ - DEBUG - n=5, val_loss=0.003283134419877636
2020-10-02 17:48:27,825 - __main__ - INFO - innate_buffer=2000, innate_train_len=2000, innate_val_len=2000
2020-10-02 17:48:27,825 - __main__ - INFO - target_state_list=(6000, 25), target_innate_seq=(6000, 5)
2020-10-02 17:51:47,279 - __main__ - DEBUG - n=6, val_loss=0.0038271693901509537
2020-10-02 17:51:56,586 - __main__ - INFO - innate_buffer=2000, innate_train_len=2000, innate_val_len=2000
2020-10-02 17:51:56,586 - __main__ - INFO - target_state_list=(6000, 25), target_innate_seq=(6000, 5)
2020-10-02 17:55:16,276 - __main__ - DEBUG - n=7, val_loss=0.003642163163542911
2020-10-02 17:55:25,627 - __main__ - INFO - innate_buffer=2000, innate_train_len=2000, innate_val_len=2000
2020-10-02 17:55:25,627 - __main__ - INFO - target_state_list=(6000, 25), target_innate_seq=(6000, 5)
2020-10-02 17:58:44,700 - __main__ - DEBUG - n=8, val_loss=0.002938848125483553
2020-10-02 17:58:54,083 - __main__ - INFO - innate_buffer=2000, innate_train_len=2000, innate_val_len=2000
2020-10-02 17:58:54,083 - __main__ - INFO - target_state_list=(6000, 25), target_innate_seq=(6000, 5)
2020-10-02 18:02:12,180 - __main__ - DEBUG - n=9, val_loss=0.0034769646520040275
2020-10-02 18:02:12,180 - __main__ - INFO - Ntrials=10, total loss avg=0.0033512204487125517, std=0.00025525383929340386
