2020-10-02 18:12:54,008 - __main__ - INFO - n_units=5
2020-10-02 18:12:54,008 - __main__ - INFO - max_energy=1.0
2020-10-02 18:12:54,008 - __main__ - INFO - beta=1e-14
2020-10-02 18:12:54,009 - __main__ - INFO - taudelta=4.0
2020-10-02 18:12:54,009 - __main__ - INFO - V=1
2020-10-02 18:12:54,009 - __main__ - INFO - layers=5
2020-10-02 18:12:54,009 - __main__ - INFO - train_len=2000, val_len=2000, buffer=2000
2020-10-02 18:12:54,009 - __main__ - INFO - alpha=0.5, Ntrials=10
2020-10-02 18:12:54,009 - __main__ - INFO - noise=0.0002, learning rate=10.0,scale_input=0.2
2020-10-02 18:13:08,410 - __main__ - INFO - innate_buffer=2000, innate_train_len=2000, innate_val_len=2000
2020-10-02 18:13:08,410 - __main__ - INFO - target_state_list=(6000, 25), target_innate_seq=(6000, 5)
2020-10-02 18:18:30,579 - __main__ - DEBUG - n=0, val_loss=0.003532930488258525
2020-10-02 18:18:45,895 - __main__ - INFO - innate_buffer=2000, innate_train_len=2000, innate_val_len=2000
2020-10-02 18:18:45,895 - __main__ - INFO - target_state_list=(6000, 25), target_innate_seq=(6000, 5)
2020-10-02 18:24:14,487 - __main__ - DEBUG - n=1, val_loss=0.0037728075334448716
2020-10-02 18:24:30,503 - __main__ - INFO - innate_buffer=2000, innate_train_len=2000, innate_val_len=2000
2020-10-02 18:24:30,504 - __main__ - INFO - target_state_list=(6000, 25), target_innate_seq=(6000, 5)
2020-10-02 18:29:34,020 - __main__ - DEBUG - n=2, val_loss=0.0034239362186172188
2020-10-02 18:29:43,521 - __main__ - INFO - innate_buffer=2000, innate_train_len=2000, innate_val_len=2000
2020-10-02 18:29:43,521 - __main__ - INFO - target_state_list=(6000, 25), target_innate_seq=(6000, 5)
2020-10-02 18:33:25,708 - __main__ - DEBUG - n=3, val_loss=0.003755652024521232
2020-10-02 18:33:35,208 - __main__ - INFO - innate_buffer=2000, innate_train_len=2000, innate_val_len=2000
2020-10-02 18:33:35,209 - __main__ - INFO - target_state_list=(6000, 25), target_innate_seq=(6000, 5)
2020-10-02 18:36:52,855 - __main__ - DEBUG - n=4, val_loss=0.003509898895178134
2020-10-02 18:37:02,369 - __main__ - INFO - innate_buffer=2000, innate_train_len=2000, innate_val_len=2000
2020-10-02 18:37:02,369 - __main__ - INFO - target_state_list=(6000, 25), target_innate_seq=(6000, 5)
2020-10-02 18:40:19,602 - __main__ - DEBUG - n=5, val_loss=0.003965480559985331
2020-10-02 18:40:29,122 - __main__ - INFO - innate_buffer=2000, innate_train_len=2000, innate_val_len=2000
2020-10-02 18:40:29,122 - __main__ - INFO - target_state_list=(6000, 25), target_innate_seq=(6000, 5)
2020-10-02 18:43:46,571 - __main__ - DEBUG - n=6, val_loss=0.004315915015760694
2020-10-02 18:43:56,105 - __main__ - INFO - innate_buffer=2000, innate_train_len=2000, innate_val_len=2000
2020-10-02 18:43:56,105 - __main__ - INFO - target_state_list=(6000, 25), target_innate_seq=(6000, 5)
2020-10-02 18:47:14,155 - __main__ - DEBUG - n=7, val_loss=0.003786309729147545
2020-10-02 18:47:23,645 - __main__ - INFO - innate_buffer=2000, innate_train_len=2000, innate_val_len=2000
2020-10-02 18:47:23,645 - __main__ - INFO - target_state_list=(6000, 25), target_innate_seq=(6000, 5)
2020-10-02 18:50:34,770 - __main__ - DEBUG - n=8, val_loss=0.003887835110559951
2020-10-02 18:50:43,644 - __main__ - INFO - innate_buffer=2000, innate_train_len=2000, innate_val_len=2000
2020-10-02 18:50:43,644 - __main__ - INFO - target_state_list=(6000, 25), target_innate_seq=(6000, 5)
2020-10-02 18:53:36,126 - __main__ - DEBUG - n=9, val_loss=0.0037954637546341757
2020-10-02 18:53:36,126 - __main__ - INFO - Ntrials=10, total loss avg=0.0037746229330107677, std=0.00024385448274960995
