2020-10-02 17:20:53,522 - __main__ - INFO - n_units=5
2020-10-02 17:20:53,522 - __main__ - INFO - max_energy=1.0
2020-10-02 17:20:53,522 - __main__ - INFO - beta=1e-14
2020-10-02 17:20:53,522 - __main__ - INFO - taudelta=4.0
2020-10-02 17:20:53,522 - __main__ - INFO - V=1
2020-10-02 17:20:53,522 - __main__ - INFO - layers=5
2020-10-02 17:20:53,522 - __main__ - INFO - train_len=2000, val_len=2000, buffer=2000
2020-10-02 17:20:53,523 - __main__ - INFO - alpha=0.5, Ntrials=10
2020-10-02 17:20:53,523 - __main__ - INFO - noise=4.9999999999999996e-06, learning rate=0.0,scale_input=0.2
2020-10-02 17:21:02,667 - __main__ - DEBUG - n=0, val_loss=0.002998999223530043
2020-10-02 17:21:11,924 - __main__ - DEBUG - n=1, val_loss=0.003069102992499706
2020-10-02 17:21:21,206 - __main__ - DEBUG - n=2, val_loss=0.0029659262759373648
2020-10-02 17:21:30,526 - __main__ - DEBUG - n=3, val_loss=0.0029366624437739968
2020-10-02 17:21:39,872 - __main__ - DEBUG - n=4, val_loss=0.0031877579583523058
2020-10-02 17:21:49,223 - __main__ - DEBUG - n=5, val_loss=0.003078930686751014
2020-10-02 17:21:58,569 - __main__ - DEBUG - n=6, val_loss=0.003478437134593491
2020-10-02 17:22:07,896 - __main__ - DEBUG - n=7, val_loss=0.00335192473039184
2020-10-02 17:22:17,227 - __main__ - DEBUG - n=8, val_loss=0.003063177980549882
2020-10-02 17:22:26,473 - __main__ - DEBUG - n=9, val_loss=0.0031332679989197394
2020-10-02 17:22:26,473 - __main__ - INFO - Ntrials=10, total loss avg=0.003126418742529938, std=0.00016313182822952514
