2020-10-02 17:22:58,518 - __main__ - INFO - n_units=5
2020-10-02 17:22:58,519 - __main__ - INFO - max_energy=1.0
2020-10-02 17:22:58,519 - __main__ - INFO - beta=1e-14
2020-10-02 17:22:58,519 - __main__ - INFO - taudelta=4.0
2020-10-02 17:22:58,519 - __main__ - INFO - V=1
2020-10-02 17:22:58,519 - __main__ - INFO - layers=5
2020-10-02 17:22:58,519 - __main__ - INFO - train_len=2000, val_len=2000, buffer=2000
2020-10-02 17:22:58,519 - __main__ - INFO - alpha=0.5, Ntrials=10
2020-10-02 17:22:58,519 - __main__ - INFO - noise=0.002, learning rate=0.0,scale_input=0.2
2020-10-02 17:23:07,803 - __main__ - DEBUG - n=0, val_loss=0.005041493552334246
2020-10-02 17:23:17,267 - __main__ - DEBUG - n=1, val_loss=0.005126439739777872
2020-10-02 17:23:26,723 - __main__ - DEBUG - n=2, val_loss=0.004943042737022957
2020-10-02 17:23:36,218 - __main__ - DEBUG - n=3, val_loss=0.005031361906799885
2020-10-02 17:23:45,720 - __main__ - DEBUG - n=4, val_loss=0.003913960281198954
2020-10-02 17:23:55,230 - __main__ - DEBUG - n=5, val_loss=0.005416338040801118
2020-10-02 17:24:04,764 - __main__ - DEBUG - n=6, val_loss=0.005549274647720181
2020-10-02 17:24:14,275 - __main__ - DEBUG - n=7, val_loss=0.004314530802034333
2020-10-02 17:24:23,787 - __main__ - DEBUG - n=8, val_loss=0.004748406534479841
2020-10-02 17:24:33,324 - __main__ - DEBUG - n=9, val_loss=0.005155173477013621
2020-10-02 17:24:33,324 - __main__ - INFO - Ntrials=10, total loss avg=0.004924002171918301, std=0.00046647058833685864
