2020-10-02 17:20:53,502 - __main__ - INFO - n_units=5
2020-10-02 17:20:53,502 - __main__ - INFO - max_energy=1.0
2020-10-02 17:20:53,502 - __main__ - INFO - beta=1e-14
2020-10-02 17:20:53,503 - __main__ - INFO - taudelta=4.0
2020-10-02 17:20:53,503 - __main__ - INFO - V=1
2020-10-02 17:20:53,503 - __main__ - INFO - layers=5
2020-10-02 17:20:53,503 - __main__ - INFO - train_len=2000, val_len=2000, buffer=2000
2020-10-02 17:20:53,503 - __main__ - INFO - alpha=0.5, Ntrials=10
2020-10-02 17:20:53,503 - __main__ - INFO - noise=0.0004, learning rate=0.0,scale_input=0.2
2020-10-02 17:21:02,418 - __main__ - DEBUG - n=0, val_loss=0.0040599709054399335
2020-10-02 17:21:11,410 - __main__ - DEBUG - n=1, val_loss=0.00473306702977313
2020-10-02 17:21:20,398 - __main__ - DEBUG - n=2, val_loss=0.00383877692903568
2020-10-02 17:21:29,413 - __main__ - DEBUG - n=3, val_loss=0.004613431845841601
2020-10-02 17:21:38,453 - __main__ - DEBUG - n=4, val_loss=0.004500553695141848
2020-10-02 17:21:47,510 - __main__ - DEBUG - n=5, val_loss=0.00446059659974295
2020-10-02 17:21:56,578 - __main__ - DEBUG - n=6, val_loss=0.00513696665497375
2020-10-02 17:22:05,620 - __main__ - DEBUG - n=7, val_loss=0.004880055812834684
2020-10-02 17:22:14,654 - __main__ - DEBUG - n=8, val_loss=0.004430064742054856
2020-10-02 17:22:23,733 - __main__ - DEBUG - n=9, val_loss=0.00476692081510303
2020-10-02 17:22:23,733 - __main__ - INFO - Ntrials=10, total loss avg=0.004542040502994147, std=0.00036169242119793714
