2020-10-02 17:20:53,549 - __main__ - INFO - n_units=5
2020-10-02 17:20:53,549 - __main__ - INFO - max_energy=1.0
2020-10-02 17:20:53,550 - __main__ - INFO - beta=1e-14
2020-10-02 17:20:53,550 - __main__ - INFO - taudelta=4.0
2020-10-02 17:20:53,550 - __main__ - INFO - V=1
2020-10-02 17:20:53,550 - __main__ - INFO - layers=5
2020-10-02 17:20:53,550 - __main__ - INFO - train_len=2000, val_len=2000, buffer=2000
2020-10-02 17:20:53,550 - __main__ - INFO - alpha=0.5, Ntrials=10
2020-10-02 17:20:53,550 - __main__ - INFO - noise=0.005, learning rate=0.0,scale_input=0.2
2020-10-02 17:21:09,487 - __main__ - DEBUG - n=0, val_loss=0.005392354405275366
2020-10-02 17:21:24,724 - __main__ - DEBUG - n=1, val_loss=0.0057628515805758585
2020-10-02 17:21:40,722 - __main__ - DEBUG - n=2, val_loss=0.005057516645308455
2020-10-02 17:21:56,714 - __main__ - DEBUG - n=3, val_loss=0.005432465366073719
2020-10-02 17:22:12,001 - __main__ - DEBUG - n=4, val_loss=0.005438477810796986
2020-10-02 17:22:25,690 - __main__ - DEBUG - n=5, val_loss=0.005401455683943224
2020-10-02 17:22:33,685 - __main__ - DEBUG - n=6, val_loss=0.006263030589451745
2020-10-02 17:22:41,458 - __main__ - DEBUG - n=7, val_loss=0.006011222375630332
2020-10-02 17:22:49,066 - __main__ - DEBUG - n=8, val_loss=0.005269705588286126
2020-10-02 17:22:56,457 - __main__ - DEBUG - n=9, val_loss=0.0059382690016501006
2020-10-02 17:22:56,457 - __main__ - INFO - Ntrials=10, total loss avg=0.005596734904699191, std=0.00035911415305046304
