2020-10-02 17:22:58,472 - __main__ - INFO - n_units=5
2020-10-02 17:22:58,472 - __main__ - INFO - max_energy=1.0
2020-10-02 17:22:58,472 - __main__ - INFO - beta=1e-14
2020-10-02 17:22:58,473 - __main__ - INFO - taudelta=4.0
2020-10-02 17:22:58,473 - __main__ - INFO - V=1
2020-10-02 17:22:58,473 - __main__ - INFO - layers=5
2020-10-02 17:22:58,473 - __main__ - INFO - train_len=2000, val_len=2000, buffer=2000
2020-10-02 17:22:58,473 - __main__ - INFO - alpha=0.5, Ntrials=10
2020-10-02 17:22:58,473 - __main__ - INFO - noise=0.0004, learning rate=0.0,scale_input=0.2
2020-10-02 17:23:14,412 - __main__ - DEBUG - n=0, val_loss=0.0038157757401522437
2020-10-02 17:23:30,258 - __main__ - DEBUG - n=1, val_loss=0.004107446480621759
2020-10-02 17:23:46,115 - __main__ - DEBUG - n=2, val_loss=0.0035987743638792773
2020-10-02 17:24:01,681 - __main__ - DEBUG - n=3, val_loss=0.004076340699295115
2020-10-02 17:24:17,616 - __main__ - DEBUG - n=4, val_loss=0.0037737118398044394
2020-10-02 17:24:33,188 - __main__ - DEBUG - n=5, val_loss=0.004188502140471593
2020-10-02 17:24:41,662 - __main__ - DEBUG - n=6, val_loss=0.004610355360600307
2020-10-02 17:24:49,584 - __main__ - DEBUG - n=7, val_loss=0.004124906204685719
2020-10-02 17:24:57,311 - __main__ - DEBUG - n=8, val_loss=0.004253220423422407
2020-10-02 17:25:04,920 - __main__ - DEBUG - n=9, val_loss=0.00414195546654461
2020-10-02 17:25:04,920 - __main__ - INFO - Ntrials=10, total loss avg=0.004069098871947748, std=0.0002690154732406662
