2020-10-02 17:22:58,504 - __main__ - INFO - n_units=5
2020-10-02 17:22:58,504 - __main__ - INFO - max_energy=1.0
2020-10-02 17:22:58,504 - __main__ - INFO - beta=1e-14
2020-10-02 17:22:58,504 - __main__ - INFO - taudelta=4.0
2020-10-02 17:22:58,504 - __main__ - INFO - V=1
2020-10-02 17:22:58,504 - __main__ - INFO - layers=5
2020-10-02 17:22:58,505 - __main__ - INFO - train_len=2000, val_len=2000, buffer=2000
2020-10-02 17:22:58,505 - __main__ - INFO - alpha=0.5, Ntrials=10
2020-10-02 17:22:58,505 - __main__ - INFO - noise=7.000000000000001e-05, learning rate=0.0,scale_input=0.2
2020-10-02 17:23:08,137 - __main__ - DEBUG - n=0, val_loss=0.0037610826009374524
2020-10-02 17:23:17,696 - __main__ - DEBUG - n=1, val_loss=0.0038599543438543786
2020-10-02 17:23:27,283 - __main__ - DEBUG - n=2, val_loss=0.0039699353899205906
2020-10-02 17:23:36,881 - __main__ - DEBUG - n=3, val_loss=0.0036207417971919637
2020-10-02 17:23:47,398 - __main__ - DEBUG - n=4, val_loss=0.003067682411874322
2020-10-02 17:23:57,043 - __main__ - DEBUG - n=5, val_loss=0.0041149618087129676
2020-10-02 17:24:06,649 - __main__ - DEBUG - n=6, val_loss=0.004415803416378079
2020-10-02 17:24:16,249 - __main__ - DEBUG - n=7, val_loss=0.0033791295151224224
2020-10-02 17:24:25,829 - __main__ - DEBUG - n=8, val_loss=0.0035208769868670703
2020-10-02 17:24:35,293 - __main__ - DEBUG - n=9, val_loss=0.003928870689357694
2020-10-02 17:24:35,293 - __main__ - INFO - Ntrials=10, total loss avg=0.0037639038960216946, std=0.0003659842147716202
