2020-10-02 17:22:58,506 - __main__ - INFO - n_units=5
2020-10-02 17:22:58,507 - __main__ - INFO - max_energy=1.0
2020-10-02 17:22:58,507 - __main__ - INFO - beta=1e-14
2020-10-02 17:22:58,507 - __main__ - INFO - taudelta=4.0
2020-10-02 17:22:58,507 - __main__ - INFO - V=1
2020-10-02 17:22:58,507 - __main__ - INFO - layers=5
2020-10-02 17:22:58,507 - __main__ - INFO - train_len=2000, val_len=2000, buffer=2000
2020-10-02 17:22:58,507 - __main__ - INFO - alpha=0.5, Ntrials=10
2020-10-02 17:22:58,507 - __main__ - INFO - noise=9e-05, learning rate=0.0,scale_input=0.2
2020-10-02 17:23:15,250 - __main__ - DEBUG - n=0, val_loss=0.00383704102077519
2020-10-02 17:23:32,153 - __main__ - DEBUG - n=1, val_loss=0.003935190724276795
2020-10-02 17:23:49,058 - __main__ - DEBUG - n=2, val_loss=0.004040149133274071
2020-10-02 17:24:06,010 - __main__ - DEBUG - n=3, val_loss=0.003712270321622386
2020-10-02 17:24:21,578 - __main__ - DEBUG - n=4, val_loss=0.0030966511364500893
2020-10-02 17:24:35,536 - __main__ - DEBUG - n=5, val_loss=0.004192099426096748
2020-10-02 17:24:43,900 - __main__ - DEBUG - n=6, val_loss=0.004474166438452658
2020-10-02 17:24:51,906 - __main__ - DEBUG - n=7, val_loss=0.003420163014050125
2020-10-02 17:24:59,786 - __main__ - DEBUG - n=8, val_loss=0.0035838425436810167
2020-10-02 17:25:07,315 - __main__ - DEBUG - n=9, val_loss=0.003996372312055578
2020-10-02 17:25:07,315 - __main__ - INFO - Ntrials=10, total loss avg=0.0038287946070734657, std=0.0003753970718005203
