2020-10-02 17:22:58,478 - __main__ - INFO - n_units=5
2020-10-02 17:22:58,478 - __main__ - INFO - max_energy=1.0
2020-10-02 17:22:58,478 - __main__ - INFO - beta=1e-14
2020-10-02 17:22:58,478 - __main__ - INFO - taudelta=4.0
2020-10-02 17:22:58,478 - __main__ - INFO - V=1
2020-10-02 17:22:58,478 - __main__ - INFO - layers=5
2020-10-02 17:22:58,478 - __main__ - INFO - train_len=2000, val_len=2000, buffer=2000
2020-10-02 17:22:58,478 - __main__ - INFO - alpha=0.5, Ntrials=10
2020-10-02 17:22:58,478 - __main__ - INFO - noise=0.001, learning rate=0.0,scale_input=0.2
2020-10-02 17:23:07,825 - __main__ - DEBUG - n=0, val_loss=0.004319937861523625
2020-10-02 17:23:17,300 - __main__ - DEBUG - n=1, val_loss=0.004614073124331566
2020-10-02 17:23:26,793 - __main__ - DEBUG - n=2, val_loss=0.00394894068094138
2020-10-02 17:23:36,311 - __main__ - DEBUG - n=3, val_loss=0.004550984541681019
2020-10-02 17:23:45,819 - __main__ - DEBUG - n=4, val_loss=0.0042012583002854235
2020-10-02 17:23:55,328 - __main__ - DEBUG - n=5, val_loss=0.004592656596833177
2020-10-02 17:24:04,866 - __main__ - DEBUG - n=6, val_loss=0.005106128776252626
2020-10-02 17:24:14,394 - __main__ - DEBUG - n=7, val_loss=0.004660744720446157
2020-10-02 17:24:23,920 - __main__ - DEBUG - n=8, val_loss=0.004735551371822908
2020-10-02 17:24:33,422 - __main__ - DEBUG - n=9, val_loss=0.004673468704067258
2020-10-02 17:24:33,422 - __main__ - INFO - Ntrials=10, total loss avg=0.004540374467818514, std=0.00030199975466865006
