2020-10-02 17:22:58,479 - __main__ - INFO - n_units=5
2020-10-02 17:22:58,479 - __main__ - INFO - max_energy=1.0
2020-10-02 17:22:58,479 - __main__ - INFO - beta=1e-14
2020-10-02 17:22:58,479 - __main__ - INFO - taudelta=4.0
2020-10-02 17:22:58,479 - __main__ - INFO - V=1
2020-10-02 17:22:58,479 - __main__ - INFO - layers=5
2020-10-02 17:22:58,479 - __main__ - INFO - train_len=2000, val_len=2000, buffer=2000
2020-10-02 17:22:58,479 - __main__ - INFO - alpha=0.5, Ntrials=10
2020-10-02 17:22:58,479 - __main__ - INFO - noise=0.003, learning rate=0.0,scale_input=0.2
2020-10-02 17:23:13,365 - __main__ - DEBUG - n=0, val_loss=0.0049509744360939556
2020-10-02 17:23:29,301 - __main__ - DEBUG - n=1, val_loss=0.005147223258576129
2020-10-02 17:23:44,879 - __main__ - DEBUG - n=2, val_loss=0.004522911731875641
2020-10-02 17:23:59,738 - __main__ - DEBUG - n=3, val_loss=0.004987421509268014
2020-10-02 17:24:09,235 - __main__ - DEBUG - n=4, val_loss=0.004663069622215753
2020-10-02 17:24:18,746 - __main__ - DEBUG - n=5, val_loss=0.0052146103067581915
2020-10-02 17:24:28,255 - __main__ - DEBUG - n=6, val_loss=0.005646722009691946
2020-10-02 17:24:37,385 - __main__ - DEBUG - n=7, val_loss=0.005186840244108215
2020-10-02 17:24:45,494 - __main__ - DEBUG - n=8, val_loss=0.0051466052265863454
2020-10-02 17:24:53,368 - __main__ - DEBUG - n=9, val_loss=0.005206032303347263
2020-10-02 17:24:53,369 - __main__ - INFO - Ntrials=10, total loss avg=0.0050672410648521455, std=0.00029720644678954563
