2020-10-02 17:20:53,494 - __main__ - INFO - n_units=5
2020-10-02 17:20:53,495 - __main__ - INFO - max_energy=1.0
2020-10-02 17:20:53,495 - __main__ - INFO - beta=1e-14
2020-10-02 17:20:53,495 - __main__ - INFO - taudelta=4.0
2020-10-02 17:20:53,495 - __main__ - INFO - V=1
2020-10-02 17:20:53,495 - __main__ - INFO - layers=5
2020-10-02 17:20:53,495 - __main__ - INFO - train_len=2000, val_len=2000, buffer=2000
2020-10-02 17:20:53,495 - __main__ - INFO - alpha=0.5, Ntrials=10
2020-10-02 17:20:53,495 - __main__ - INFO - noise=4e-05, learning rate=0.0,scale_input=0.2
2020-10-02 17:21:09,116 - __main__ - DEBUG - n=0, val_loss=0.0031809657769280987
2020-10-02 17:21:24,449 - __main__ - DEBUG - n=1, val_loss=0.00330508928822343
2020-10-02 17:21:39,806 - __main__ - DEBUG - n=2, val_loss=0.0033046899770547505
2020-10-02 17:21:55,247 - __main__ - DEBUG - n=3, val_loss=0.0033787670606774812
2020-10-02 17:22:11,319 - __main__ - DEBUG - n=4, val_loss=0.0036181285164754067
2020-10-02 17:22:26,602 - __main__ - DEBUG - n=5, val_loss=0.0033836646472802595
2020-10-02 17:22:34,630 - __main__ - DEBUG - n=6, val_loss=0.003931358731237197
2020-10-02 17:22:42,432 - __main__ - DEBUG - n=7, val_loss=0.0037325694281840206
2020-10-02 17:22:49,969 - __main__ - DEBUG - n=8, val_loss=0.0030849963162024293
2020-10-02 17:22:57,235 - __main__ - DEBUG - n=9, val_loss=0.0035640750387620807
2020-10-02 17:22:57,235 - __main__ - INFO - Ntrials=10, total loss avg=0.0034484304781025156, std=0.00024698241204670234
