2020-10-02 17:20:53,517 - __main__ - INFO - n_units=5
2020-10-02 17:20:53,518 - __main__ - INFO - max_energy=1.0
2020-10-02 17:20:53,518 - __main__ - INFO - beta=1e-14
2020-10-02 17:20:53,518 - __main__ - INFO - taudelta=4.0
2020-10-02 17:20:53,518 - __main__ - INFO - V=1
2020-10-02 17:20:53,518 - __main__ - INFO - layers=5
2020-10-02 17:20:53,518 - __main__ - INFO - train_len=2000, val_len=2000, buffer=2000
2020-10-02 17:20:53,518 - __main__ - INFO - alpha=0.5, Ntrials=10
2020-10-02 17:20:53,518 - __main__ - INFO - noise=0.01, learning rate=0.0,scale_input=0.2
2020-10-02 17:21:02,405 - __main__ - DEBUG - n=0, val_loss=0.006119852636588916
2020-10-02 17:21:11,406 - __main__ - DEBUG - n=1, val_loss=0.006721072030921766
2020-10-02 17:21:20,392 - __main__ - DEBUG - n=2, val_loss=0.0057320601343619545
2020-10-02 17:21:29,402 - __main__ - DEBUG - n=3, val_loss=0.0063302198986233986
2020-10-02 17:21:38,419 - __main__ - DEBUG - n=4, val_loss=0.006337789390500978
2020-10-02 17:21:47,451 - __main__ - DEBUG - n=5, val_loss=0.006850767859577781
2020-10-02 17:21:56,510 - __main__ - DEBUG - n=6, val_loss=0.007137055169111136
2020-10-02 17:22:05,554 - __main__ - DEBUG - n=7, val_loss=0.0067427263813432505
2020-10-02 17:22:14,576 - __main__ - DEBUG - n=8, val_loss=0.005999084923998358
2020-10-02 17:22:23,646 - __main__ - DEBUG - n=9, val_loss=0.0068228177091905345
2020-10-02 17:22:23,646 - __main__ - INFO - Ntrials=10, total loss avg=0.006479344613421809, std=0.0004215338984527508
