2020-10-02 18:12:54,031 - __main__ - INFO - n_units=5
2020-10-02 18:12:54,032 - __main__ - INFO - max_energy=1.0
2020-10-02 18:12:54,032 - __main__ - INFO - beta=1e-14
2020-10-02 18:12:54,032 - __main__ - INFO - taudelta=4.0
2020-10-02 18:12:54,032 - __main__ - INFO - V=1
2020-10-02 18:12:54,032 - __main__ - INFO - layers=5
2020-10-02 18:12:54,032 - __main__ - INFO - train_len=2000, val_len=2000, buffer=2000
2020-10-02 18:12:54,032 - __main__ - INFO - alpha=0.5, Ntrials=10
2020-10-02 18:12:54,032 - __main__ - INFO - noise=8e-06, learning rate=10.0,scale_input=0.2
2020-10-02 18:13:03,868 - __main__ - INFO - innate_buffer=2000, innate_train_len=2000, innate_val_len=2000
2020-10-02 18:13:03,868 - __main__ - INFO - target_state_list=(6000, 25), target_innate_seq=(6000, 5)
2020-10-02 18:16:22,743 - __main__ - DEBUG - n=0, val_loss=0.0031445661540812765
2020-10-02 18:16:32,476 - __main__ - INFO - innate_buffer=2000, innate_train_len=2000, innate_val_len=2000
2020-10-02 18:16:32,476 - __main__ - INFO - target_state_list=(6000, 25), target_innate_seq=(6000, 5)
2020-10-02 18:20:04,189 - __main__ - DEBUG - n=1, val_loss=0.003402830615449676
2020-10-02 18:20:20,052 - __main__ - INFO - innate_buffer=2000, innate_train_len=2000, innate_val_len=2000
2020-10-02 18:20:20,052 - __main__ - INFO - target_state_list=(6000, 25), target_innate_seq=(6000, 5)
2020-10-02 18:25:38,766 - __main__ - DEBUG - n=2, val_loss=0.003190100759969217
2020-10-02 18:25:54,467 - __main__ - INFO - innate_buffer=2000, innate_train_len=2000, innate_val_len=2000
2020-10-02 18:25:54,467 - __main__ - INFO - target_state_list=(6000, 25), target_innate_seq=(6000, 5)
2020-10-02 18:30:35,949 - __main__ - DEBUG - n=3, val_loss=0.0031050418329453848
2020-10-02 18:30:52,175 - __main__ - INFO - innate_buffer=2000, innate_train_len=2000, innate_val_len=2000
2020-10-02 18:30:52,175 - __main__ - INFO - target_state_list=(6000, 25), target_innate_seq=(6000, 5)
2020-10-02 18:36:24,308 - __main__ - DEBUG - n=4, val_loss=0.002913835649904751
2020-10-02 18:36:40,211 - __main__ - INFO - innate_buffer=2000, innate_train_len=2000, innate_val_len=2000
2020-10-02 18:36:40,211 - __main__ - INFO - target_state_list=(6000, 25), target_innate_seq=(6000, 5)
2020-10-02 18:40:57,792 - __main__ - DEBUG - n=5, val_loss=0.003604141848288016
2020-10-02 18:41:07,642 - __main__ - INFO - innate_buffer=2000, innate_train_len=2000, innate_val_len=2000
2020-10-02 18:41:07,642 - __main__ - INFO - target_state_list=(6000, 25), target_innate_seq=(6000, 5)
2020-10-02 18:44:30,116 - __main__ - DEBUG - n=6, val_loss=0.004093614849240237
2020-10-02 18:44:45,514 - __main__ - INFO - innate_buffer=2000, innate_train_len=2000, innate_val_len=2000
2020-10-02 18:44:45,515 - __main__ - INFO - target_state_list=(6000, 25), target_innate_seq=(6000, 5)
2020-10-02 18:49:18,742 - __main__ - DEBUG - n=7, val_loss=0.0030902889188130535
2020-10-02 18:49:28,208 - __main__ - INFO - innate_buffer=2000, innate_train_len=2000, innate_val_len=2000
2020-10-02 18:49:28,209 - __main__ - INFO - target_state_list=(6000, 25), target_innate_seq=(6000, 5)
2020-10-02 18:52:33,512 - __main__ - DEBUG - n=8, val_loss=0.0031689925303061825
2020-10-02 18:52:41,917 - __main__ - INFO - innate_buffer=2000, innate_train_len=2000, innate_val_len=2000
2020-10-02 18:52:41,917 - __main__ - INFO - target_state_list=(6000, 25), target_innate_seq=(6000, 5)
2020-10-02 18:55:20,469 - __main__ - DEBUG - n=9, val_loss=0.0035467775588992664
2020-10-02 18:55:20,469 - __main__ - INFO - Ntrials=10, total loss avg=0.0033260190717897065, std=0.00032734400577788205
