2020-10-02 18:12:54,035 - __main__ - INFO - n_units=5
2020-10-02 18:12:54,035 - __main__ - INFO - max_energy=1.0
2020-10-02 18:12:54,035 - __main__ - INFO - beta=1e-14
2020-10-02 18:12:54,035 - __main__ - INFO - taudelta=4.0
2020-10-02 18:12:54,035 - __main__ - INFO - V=1
2020-10-02 18:12:54,035 - __main__ - INFO - layers=5
2020-10-02 18:12:54,035 - __main__ - INFO - train_len=2000, val_len=2000, buffer=2000
2020-10-02 18:12:54,036 - __main__ - INFO - alpha=0.5, Ntrials=10
2020-10-02 18:12:54,036 - __main__ - INFO - noise=2e-05, learning rate=10.0,scale_input=0.2
2020-10-02 18:13:03,384 - __main__ - INFO - innate_buffer=2000, innate_train_len=2000, innate_val_len=2000
2020-10-02 18:13:03,384 - __main__ - INFO - target_state_list=(6000, 25), target_innate_seq=(6000, 5)
2020-10-02 18:16:18,605 - __main__ - DEBUG - n=0, val_loss=0.003409109274690265
2020-10-02 18:16:28,196 - __main__ - INFO - innate_buffer=2000, innate_train_len=2000, innate_val_len=2000
2020-10-02 18:16:28,197 - __main__ - INFO - target_state_list=(6000, 25), target_innate_seq=(6000, 5)
2020-10-02 18:19:45,327 - __main__ - DEBUG - n=1, val_loss=0.0035542471761896666
2020-10-02 18:19:54,938 - __main__ - INFO - innate_buffer=2000, innate_train_len=2000, innate_val_len=2000
2020-10-02 18:19:54,938 - __main__ - INFO - target_state_list=(6000, 25), target_innate_seq=(6000, 5)
2020-10-02 18:23:23,160 - __main__ - DEBUG - n=2, val_loss=0.0035661446820950153
2020-10-02 18:23:32,917 - __main__ - INFO - innate_buffer=2000, innate_train_len=2000, innate_val_len=2000
2020-10-02 18:23:32,917 - __main__ - INFO - target_state_list=(6000, 25), target_innate_seq=(6000, 5)
2020-10-02 18:27:00,598 - __main__ - DEBUG - n=3, val_loss=0.003268330319829634
2020-10-02 18:27:10,210 - __main__ - INFO - innate_buffer=2000, innate_train_len=2000, innate_val_len=2000
2020-10-02 18:27:10,210 - __main__ - INFO - target_state_list=(6000, 25), target_innate_seq=(6000, 5)
2020-10-02 18:30:27,911 - __main__ - DEBUG - n=4, val_loss=0.002972583089319365
2020-10-02 18:30:37,536 - __main__ - INFO - innate_buffer=2000, innate_train_len=2000, innate_val_len=2000
2020-10-02 18:30:37,536 - __main__ - INFO - target_state_list=(6000, 25), target_innate_seq=(6000, 5)
2020-10-02 18:34:03,571 - __main__ - DEBUG - n=5, val_loss=0.0037966967729571835
2020-10-02 18:34:13,222 - __main__ - INFO - innate_buffer=2000, innate_train_len=2000, innate_val_len=2000
2020-10-02 18:34:13,222 - __main__ - INFO - target_state_list=(6000, 25), target_innate_seq=(6000, 5)
2020-10-02 18:37:31,084 - __main__ - DEBUG - n=6, val_loss=0.004200643004100435
2020-10-02 18:37:40,728 - __main__ - INFO - innate_buffer=2000, innate_train_len=2000, innate_val_len=2000
2020-10-02 18:37:40,728 - __main__ - INFO - target_state_list=(6000, 25), target_innate_seq=(6000, 5)
2020-10-02 18:40:57,982 - __main__ - DEBUG - n=7, val_loss=0.0032144522858932323
2020-10-02 18:41:07,600 - __main__ - INFO - innate_buffer=2000, innate_train_len=2000, innate_val_len=2000
2020-10-02 18:41:07,600 - __main__ - INFO - target_state_list=(6000, 25), target_innate_seq=(6000, 5)
2020-10-02 18:44:37,699 - __main__ - DEBUG - n=8, val_loss=0.0032478565379899433
2020-10-02 18:44:53,187 - __main__ - INFO - innate_buffer=2000, innate_train_len=2000, innate_val_len=2000
2020-10-02 18:44:53,188 - __main__ - INFO - target_state_list=(6000, 25), target_innate_seq=(6000, 5)
2020-10-02 18:48:38,007 - __main__ - DEBUG - n=9, val_loss=0.003666125430034946
2020-10-02 18:48:38,007 - __main__ - INFO - Ntrials=10, total loss avg=0.0034896188573099686, std=0.0003313580889968391
