2020-10-02 17:22:58,500 - __main__ - INFO - n_units=5
2020-10-02 17:22:58,500 - __main__ - INFO - max_energy=1.0
2020-10-02 17:22:58,500 - __main__ - INFO - beta=1e-14
2020-10-02 17:22:58,500 - __main__ - INFO - taudelta=4.0
2020-10-02 17:22:58,500 - __main__ - INFO - V=1
2020-10-02 17:22:58,500 - __main__ - INFO - layers=5
2020-10-02 17:22:58,500 - __main__ - INFO - train_len=2000, val_len=2000, buffer=2000
2020-10-02 17:22:58,500 - __main__ - INFO - alpha=0.5, Ntrials=10
2020-10-02 17:22:58,501 - __main__ - INFO - noise=3.0000000000000004e-05, learning rate=0.0,scale_input=0.2
2020-10-02 17:23:08,185 - __main__ - DEBUG - n=0, val_loss=0.003516319710707425
2020-10-02 17:23:17,707 - __main__ - DEBUG - n=1, val_loss=0.0036469090812725805
2020-10-02 17:23:27,133 - __main__ - DEBUG - n=2, val_loss=0.0036910859617863244
2020-10-02 17:23:36,600 - __main__ - DEBUG - n=3, val_loss=0.003359246928683288
2020-10-02 17:23:46,056 - __main__ - DEBUG - n=4, val_loss=0.0029992418999101947
2020-10-02 17:23:55,514 - __main__ - DEBUG - n=5, val_loss=0.003888696554528787
2020-10-02 17:24:04,989 - __main__ - DEBUG - n=6, val_loss=0.0042573685218891015
2020-10-02 17:24:14,469 - __main__ - DEBUG - n=7, val_loss=0.0032627251398071795
2020-10-02 17:24:23,937 - __main__ - DEBUG - n=8, val_loss=0.0033279221834941913
2020-10-02 17:24:33,399 - __main__ - DEBUG - n=9, val_loss=0.0037381673683650465
2020-10-02 17:24:33,399 - __main__ - INFO - Ntrials=10, total loss avg=0.0035687683350444114, std=0.00033896425147358244
