2020-10-02 18:12:54,044 - __main__ - INFO - n_units=5
2020-10-02 18:12:54,044 - __main__ - INFO - max_energy=1.0
2020-10-02 18:12:54,044 - __main__ - INFO - beta=1e-14
2020-10-02 18:12:54,044 - __main__ - INFO - taudelta=4.0
2020-10-02 18:12:54,044 - __main__ - INFO - V=1
2020-10-02 18:12:54,044 - __main__ - INFO - layers=5
2020-10-02 18:12:54,045 - __main__ - INFO - train_len=2000, val_len=2000, buffer=2000
2020-10-02 18:12:54,045 - __main__ - INFO - alpha=0.5, Ntrials=10
2020-10-02 18:12:54,045 - __main__ - INFO - noise=9e-05, learning rate=10.0,scale_input=0.2
2020-10-02 18:13:06,588 - __main__ - INFO - innate_buffer=2000, innate_train_len=2000, innate_val_len=2000
2020-10-02 18:13:06,588 - __main__ - INFO - target_state_list=(6000, 25), target_innate_seq=(6000, 5)
2020-10-02 18:17:38,744 - __main__ - DEBUG - n=0, val_loss=0.00384599933851086
2020-10-02 18:17:48,485 - __main__ - INFO - innate_buffer=2000, innate_train_len=2000, innate_val_len=2000
2020-10-02 18:17:48,485 - __main__ - INFO - target_state_list=(6000, 25), target_innate_seq=(6000, 5)
2020-10-02 18:21:10,849 - __main__ - DEBUG - n=1, val_loss=0.003920853426717623
2020-10-02 18:21:20,722 - __main__ - INFO - innate_buffer=2000, innate_train_len=2000, innate_val_len=2000
2020-10-02 18:21:20,722 - __main__ - INFO - target_state_list=(6000, 25), target_innate_seq=(6000, 5)
2020-10-02 18:24:44,502 - __main__ - DEBUG - n=2, val_loss=0.004055168463362322
2020-10-02 18:24:54,378 - __main__ - INFO - innate_buffer=2000, innate_train_len=2000, innate_val_len=2000
2020-10-02 18:24:54,378 - __main__ - INFO - target_state_list=(6000, 25), target_innate_seq=(6000, 5)
2020-10-02 18:28:22,355 - __main__ - DEBUG - n=3, val_loss=0.003718585781660742
2020-10-02 18:28:32,157 - __main__ - INFO - innate_buffer=2000, innate_train_len=2000, innate_val_len=2000
2020-10-02 18:28:32,158 - __main__ - INFO - target_state_list=(6000, 25), target_innate_seq=(6000, 5)
2020-10-02 18:32:18,725 - __main__ - DEBUG - n=4, val_loss=0.0030927566339871513
2020-10-02 18:32:28,476 - __main__ - INFO - innate_buffer=2000, innate_train_len=2000, innate_val_len=2000
2020-10-02 18:32:28,476 - __main__ - INFO - target_state_list=(6000, 25), target_innate_seq=(6000, 5)
2020-10-02 18:35:49,192 - __main__ - DEBUG - n=5, val_loss=0.004193908591072584
2020-10-02 18:35:58,964 - __main__ - INFO - innate_buffer=2000, innate_train_len=2000, innate_val_len=2000
2020-10-02 18:35:58,964 - __main__ - INFO - target_state_list=(6000, 25), target_innate_seq=(6000, 5)
2020-10-02 18:39:20,447 - __main__ - DEBUG - n=6, val_loss=0.004476856488752456
2020-10-02 18:39:30,253 - __main__ - INFO - innate_buffer=2000, innate_train_len=2000, innate_val_len=2000
2020-10-02 18:39:30,254 - __main__ - INFO - target_state_list=(6000, 25), target_innate_seq=(6000, 5)
2020-10-02 18:43:19,963 - __main__ - DEBUG - n=7, val_loss=0.00342345112993671
2020-10-02 18:43:29,785 - __main__ - INFO - innate_buffer=2000, innate_train_len=2000, innate_val_len=2000
2020-10-02 18:43:29,785 - __main__ - INFO - target_state_list=(6000, 25), target_innate_seq=(6000, 5)
2020-10-02 18:46:51,218 - __main__ - DEBUG - n=8, val_loss=0.0036076993221713727
2020-10-02 18:47:01,011 - __main__ - INFO - innate_buffer=2000, innate_train_len=2000, innate_val_len=2000
2020-10-02 18:47:01,011 - __main__ - INFO - target_state_list=(6000, 25), target_innate_seq=(6000, 5)
2020-10-02 18:50:19,108 - __main__ - DEBUG - n=9, val_loss=0.003993957553348423
2020-10-02 18:50:19,109 - __main__ - INFO - Ntrials=10, total loss avg=0.0038329236729520246, std=0.0003751667662687172
