2020-10-02 17:22:58,461 - __main__ - INFO - n_units=5
2020-10-02 17:22:58,461 - __main__ - INFO - max_energy=1.0
2020-10-02 17:22:58,462 - __main__ - INFO - beta=1e-14
2020-10-02 17:22:58,462 - __main__ - INFO - taudelta=4.0
2020-10-02 17:22:58,462 - __main__ - INFO - V=1
2020-10-02 17:22:58,462 - __main__ - INFO - layers=5
2020-10-02 17:22:58,462 - __main__ - INFO - train_len=2000, val_len=2000, buffer=2000
2020-10-02 17:22:58,462 - __main__ - INFO - alpha=0.5, Ntrials=10
2020-10-02 17:22:58,462 - __main__ - INFO - noise=1e-05, learning rate=0.0,scale_input=0.2
2020-10-02 17:23:08,820 - __main__ - DEBUG - n=0, val_loss=0.0028835262113567355
2020-10-02 17:23:20,091 - __main__ - DEBUG - n=1, val_loss=0.0031067330340301125
2020-10-02 17:23:29,654 - __main__ - DEBUG - n=2, val_loss=0.0028737784009829244
2020-10-02 17:23:39,230 - __main__ - DEBUG - n=3, val_loss=0.00300654190396556
2020-10-02 17:23:48,799 - __main__ - DEBUG - n=4, val_loss=0.0030391339650219333
2020-10-02 17:23:58,363 - __main__ - DEBUG - n=5, val_loss=0.0033731655870151873
2020-10-02 17:24:07,947 - __main__ - DEBUG - n=6, val_loss=0.0037482538161014325
2020-10-02 17:24:17,551 - __main__ - DEBUG - n=7, val_loss=0.003154520677381227
2020-10-02 17:24:27,139 - __main__ - DEBUG - n=8, val_loss=0.003155082334042081
2020-10-02 17:24:36,482 - __main__ - DEBUG - n=9, val_loss=0.003041400582772853
2020-10-02 17:24:36,482 - __main__ - INFO - Ntrials=10, total loss avg=0.0031382136512670042, std=0.00024499216574818214
