2020-10-02 17:20:53,550 - __main__ - INFO - n_units=5
2020-10-02 17:20:53,551 - __main__ - INFO - max_energy=1.0
2020-10-02 17:20:53,551 - __main__ - INFO - beta=1e-14
2020-10-02 17:20:53,551 - __main__ - INFO - taudelta=4.0
2020-10-02 17:20:53,551 - __main__ - INFO - V=1
2020-10-02 17:20:53,551 - __main__ - INFO - layers=5
2020-10-02 17:20:53,551 - __main__ - INFO - train_len=2000, val_len=2000, buffer=2000
2020-10-02 17:20:53,551 - __main__ - INFO - alpha=0.5, Ntrials=10
2020-10-02 17:20:53,551 - __main__ - INFO - noise=0.006, learning rate=0.0,scale_input=0.2
2020-10-02 17:21:03,097 - __main__ - DEBUG - n=0, val_loss=0.005465588830095142
2020-10-02 17:21:12,367 - __main__ - DEBUG - n=1, val_loss=0.005822172700113778
2020-10-02 17:21:21,638 - __main__ - DEBUG - n=2, val_loss=0.0051523724142678315
2020-10-02 17:21:30,957 - __main__ - DEBUG - n=3, val_loss=0.005482081592172671
2020-10-02 17:21:40,257 - __main__ - DEBUG - n=4, val_loss=0.005486797289063436
2020-10-02 17:21:49,575 - __main__ - DEBUG - n=5, val_loss=0.005498648210979434
2020-10-02 17:22:04,529 - __main__ - DEBUG - n=6, val_loss=0.0063220677034401445
2020-10-02 17:22:19,935 - __main__ - DEBUG - n=7, val_loss=0.006064469014965196
2020-10-02 17:22:31,146 - __main__ - DEBUG - n=8, val_loss=0.005300809286216283
2020-10-02 17:22:39,076 - __main__ - DEBUG - n=9, val_loss=0.005993241291494922
2020-10-02 17:22:39,076 - __main__ - INFO - Ntrials=10, total loss avg=0.005658824833280883, std=0.00035375877900694816
