2020-10-02 17:22:58,479 - __main__ - INFO - n_units=5
2020-10-02 17:22:58,479 - __main__ - INFO - max_energy=1.0
2020-10-02 17:22:58,479 - __main__ - INFO - beta=1e-14
2020-10-02 17:22:58,479 - __main__ - INFO - taudelta=4.0
2020-10-02 17:22:58,479 - __main__ - INFO - V=1
2020-10-02 17:22:58,479 - __main__ - INFO - layers=5
2020-10-02 17:22:58,479 - __main__ - INFO - train_len=2000, val_len=2000, buffer=2000
2020-10-02 17:22:58,479 - __main__ - INFO - alpha=0.5, Ntrials=10
2020-10-02 17:22:58,479 - __main__ - INFO - noise=0.002, learning rate=0.0,scale_input=0.2
2020-10-02 17:23:07,681 - __main__ - DEBUG - n=0, val_loss=0.004732933015975007
2020-10-02 17:23:17,031 - __main__ - DEBUG - n=1, val_loss=0.004974639621129448
2020-10-02 17:23:27,070 - __main__ - DEBUG - n=2, val_loss=0.004301351130358672
2020-10-02 17:23:36,527 - __main__ - DEBUG - n=3, val_loss=0.004854023271718764
2020-10-02 17:23:45,974 - __main__ - DEBUG - n=4, val_loss=0.004512174329402901
2020-10-02 17:23:55,431 - __main__ - DEBUG - n=5, val_loss=0.004979174030606473
2020-10-02 17:24:04,908 - __main__ - DEBUG - n=6, val_loss=0.005470235658329598
2020-10-02 17:24:14,381 - __main__ - DEBUG - n=7, val_loss=0.005022526143026414
2020-10-02 17:24:23,855 - __main__ - DEBUG - n=8, val_loss=0.005026295575510163
2020-10-02 17:24:33,286 - __main__ - DEBUG - n=9, val_loss=0.0050379381381344705
2020-10-02 17:24:33,286 - __main__ - INFO - Ntrials=10, total loss avg=0.004891129091419191, std=0.0003041423993242116
