2020-10-02 17:20:53,508 - __main__ - INFO - n_units=5
2020-10-02 17:20:53,509 - __main__ - INFO - max_energy=1.0
2020-10-02 17:20:53,509 - __main__ - INFO - beta=1e-14
2020-10-02 17:20:53,509 - __main__ - INFO - taudelta=4.0
2020-10-02 17:20:53,509 - __main__ - INFO - V=1
2020-10-02 17:20:53,509 - __main__ - INFO - layers=5
2020-10-02 17:20:53,509 - __main__ - INFO - train_len=2000, val_len=2000, buffer=2000
2020-10-02 17:20:53,509 - __main__ - INFO - alpha=0.5, Ntrials=10
2020-10-02 17:20:53,509 - __main__ - INFO - noise=0.002, learning rate=0.0,scale_input=0.2
2020-10-02 17:21:07,182 - __main__ - DEBUG - n=0, val_loss=0.0052321122949188295
2020-10-02 17:21:22,084 - __main__ - DEBUG - n=1, val_loss=0.006015097291777841
2020-10-02 17:21:36,815 - __main__ - DEBUG - n=2, val_loss=0.004687081398421578
2020-10-02 17:21:51,668 - __main__ - DEBUG - n=3, val_loss=0.005779943115566296
2020-10-02 17:22:07,034 - __main__ - DEBUG - n=4, val_loss=0.005634191479576713
2020-10-02 17:22:22,559 - __main__ - DEBUG - n=5, val_loss=0.005694474419320393
2020-10-02 17:22:31,383 - __main__ - DEBUG - n=6, val_loss=0.006415449102225745
2020-10-02 17:22:39,092 - __main__ - DEBUG - n=7, val_loss=0.006123419332965995
2020-10-02 17:22:46,554 - __main__ - DEBUG - n=8, val_loss=0.005509435221766172
2020-10-02 17:22:53,963 - __main__ - DEBUG - n=9, val_loss=0.006095717745639681
2020-10-02 17:22:53,964 - __main__ - INFO - Ntrials=10, total loss avg=0.005718692140217925, std=0.00047281353128556105
