2020-10-02 17:20:53,496 - __main__ - INFO - n_units=5
2020-10-02 17:20:53,496 - __main__ - INFO - max_energy=1.0
2020-10-02 17:20:53,496 - __main__ - INFO - beta=1e-14
2020-10-02 17:20:53,496 - __main__ - INFO - taudelta=4.0
2020-10-02 17:20:53,496 - __main__ - INFO - V=1
2020-10-02 17:20:53,496 - __main__ - INFO - layers=5
2020-10-02 17:20:53,496 - __main__ - INFO - train_len=2000, val_len=2000, buffer=2000
2020-10-02 17:20:53,497 - __main__ - INFO - alpha=0.5, Ntrials=10
2020-10-02 17:20:53,497 - __main__ - INFO - noise=6.000000000000001e-05, learning rate=0.0,scale_input=0.2
2020-10-02 17:21:07,795 - __main__ - DEBUG - n=0, val_loss=0.00329117468087604
2020-10-02 17:21:19,009 - __main__ - DEBUG - n=1, val_loss=0.0035037545712760455
2020-10-02 17:21:28,123 - __main__ - DEBUG - n=2, val_loss=0.0033837462866546588
2020-10-02 17:21:41,956 - __main__ - DEBUG - n=3, val_loss=0.003526266250851644
2020-10-02 17:21:51,122 - __main__ - DEBUG - n=4, val_loss=0.0037112967402610176
2020-10-02 17:22:00,793 - __main__ - DEBUG - n=5, val_loss=0.0035314047581257793
2020-10-02 17:22:14,900 - __main__ - DEBUG - n=6, val_loss=0.004087519493343269
2020-10-02 17:22:24,972 - __main__ - DEBUG - n=7, val_loss=0.003868747505763129
2020-10-02 17:22:33,464 - __main__ - DEBUG - n=8, val_loss=0.00326570160946863
2020-10-02 17:22:41,236 - __main__ - DEBUG - n=9, val_loss=0.0037029706813532844
2020-10-02 17:22:41,237 - __main__ - INFO - Ntrials=10, total loss avg=0.00358725825779735, std=0.0002458792792433156
