2020-10-02 17:27:06,871 - __main__ - INFO - n_units=5
2020-10-02 17:27:06,871 - __main__ - INFO - max_energy=1.0
2020-10-02 17:27:06,871 - __main__ - INFO - beta=1e-14
2020-10-02 17:27:06,871 - __main__ - INFO - taudelta=4.0
2020-10-02 17:27:06,871 - __main__ - INFO - V=1
2020-10-02 17:27:06,872 - __main__ - INFO - layers=5
2020-10-02 17:27:06,872 - __main__ - INFO - train_len=2000, val_len=2000, buffer=2000
2020-10-02 17:27:06,872 - __main__ - INFO - alpha=0.5, Ntrials=10
2020-10-02 17:27:06,872 - __main__ - INFO - noise=0.009000000000000001, learning rate=10.0,scale_input=0.2
2020-10-02 17:27:16,796 - __main__ - INFO - innate_buffer=2000, innate_train_len=2000, innate_val_len=2000
2020-10-02 17:27:16,796 - __main__ - INFO - target_state_list=(6000, 25), target_innate_seq=(6000, 5)
2020-10-02 17:30:28,888 - __main__ - DEBUG - n=0, val_loss=0.005598755801016194
2020-10-02 17:30:38,129 - __main__ - INFO - innate_buffer=2000, innate_train_len=2000, innate_val_len=2000
2020-10-02 17:30:38,129 - __main__ - INFO - target_state_list=(6000, 25), target_innate_seq=(6000, 5)
2020-10-02 17:33:52,517 - __main__ - DEBUG - n=1, val_loss=0.005928205858123182
2020-10-02 17:34:01,778 - __main__ - INFO - innate_buffer=2000, innate_train_len=2000, innate_val_len=2000
2020-10-02 17:34:01,778 - __main__ - INFO - target_state_list=(6000, 25), target_innate_seq=(6000, 5)
2020-10-02 17:37:16,310 - __main__ - DEBUG - n=2, val_loss=0.005351668867476978
2020-10-02 17:37:25,562 - __main__ - INFO - innate_buffer=2000, innate_train_len=2000, innate_val_len=2000
2020-10-02 17:37:25,562 - __main__ - INFO - target_state_list=(6000, 25), target_innate_seq=(6000, 5)
2020-10-02 17:40:40,620 - __main__ - DEBUG - n=3, val_loss=0.005582852979069314
2020-10-02 17:40:49,894 - __main__ - INFO - innate_buffer=2000, innate_train_len=2000, innate_val_len=2000
2020-10-02 17:40:49,894 - __main__ - INFO - target_state_list=(6000, 25), target_innate_seq=(6000, 5)
2020-10-02 17:45:48,858 - __main__ - DEBUG - n=4, val_loss=0.005566903992010455
2020-10-02 17:46:04,055 - __main__ - INFO - innate_buffer=2000, innate_train_len=2000, innate_val_len=2000
2020-10-02 17:46:04,055 - __main__ - INFO - target_state_list=(6000, 25), target_innate_seq=(6000, 5)
2020-10-02 17:49:28,083 - __main__ - DEBUG - n=5, val_loss=0.005690995882964885
2020-10-02 17:49:37,324 - __main__ - INFO - innate_buffer=2000, innate_train_len=2000, innate_val_len=2000
2020-10-02 17:49:37,324 - __main__ - INFO - target_state_list=(6000, 25), target_innate_seq=(6000, 5)
2020-10-02 17:52:52,988 - __main__ - DEBUG - n=6, val_loss=0.006431235817853206
2020-10-02 17:53:02,261 - __main__ - INFO - innate_buffer=2000, innate_train_len=2000, innate_val_len=2000
2020-10-02 17:53:02,262 - __main__ - INFO - target_state_list=(6000, 25), target_innate_seq=(6000, 5)
2020-10-02 17:56:18,045 - __main__ - DEBUG - n=7, val_loss=0.006160097556042049
2020-10-02 17:56:27,318 - __main__ - INFO - innate_buffer=2000, innate_train_len=2000, innate_val_len=2000
2020-10-02 17:56:27,318 - __main__ - INFO - target_state_list=(6000, 25), target_innate_seq=(6000, 5)
2020-10-02 17:59:42,552 - __main__ - DEBUG - n=8, val_loss=0.005355712997316687
2020-10-02 17:59:51,855 - __main__ - INFO - innate_buffer=2000, innate_train_len=2000, innate_val_len=2000
2020-10-02 17:59:51,855 - __main__ - INFO - target_state_list=(6000, 25), target_innate_seq=(6000, 5)
2020-10-02 18:03:47,575 - __main__ - DEBUG - n=9, val_loss=0.006084185999779333
2020-10-02 18:03:47,575 - __main__ - INFO - Ntrials=10, total loss avg=0.005775061575165228, std=0.0003422524696391857
