2020-10-02 17:20:53,503 - __main__ - INFO - n_units=5
2020-10-02 17:20:53,503 - __main__ - INFO - max_energy=1.0
2020-10-02 17:20:53,503 - __main__ - INFO - beta=1e-14
2020-10-02 17:20:53,503 - __main__ - INFO - taudelta=4.0
2020-10-02 17:20:53,503 - __main__ - INFO - V=1
2020-10-02 17:20:53,503 - __main__ - INFO - layers=5
2020-10-02 17:20:53,504 - __main__ - INFO - train_len=2000, val_len=2000, buffer=2000
2020-10-02 17:20:53,504 - __main__ - INFO - alpha=0.5, Ntrials=10
2020-10-02 17:20:53,504 - __main__ - INFO - noise=0.0005, learning rate=0.0,scale_input=0.2
2020-10-02 17:21:08,718 - __main__ - DEBUG - n=0, val_loss=0.004198897785405012
2020-10-02 17:21:19,381 - __main__ - DEBUG - n=1, val_loss=0.004913074574733055
2020-10-02 17:21:28,521 - __main__ - DEBUG - n=2, val_loss=0.003921080034381488
2020-10-02 17:21:37,690 - __main__ - DEBUG - n=3, val_loss=0.004784701097179754
2020-10-02 17:21:46,891 - __main__ - DEBUG - n=4, val_loss=0.0046483674495946615
2020-10-02 17:21:56,073 - __main__ - DEBUG - n=5, val_loss=0.004603122023414732
2020-10-02 17:22:05,275 - __main__ - DEBUG - n=6, val_loss=0.005310108333052334
2020-10-02 17:22:14,476 - __main__ - DEBUG - n=7, val_loss=0.005054927460336803
2020-10-02 17:22:23,681 - __main__ - DEBUG - n=8, val_loss=0.004598815696152403
2020-10-02 17:22:31,978 - __main__ - DEBUG - n=9, val_loss=0.004948451246392208
2020-10-02 17:22:31,978 - __main__ - INFO - Ntrials=10, total loss avg=0.004698154570064246, std=0.0003863397422482452
