2020-10-02 17:22:58,503 - __main__ - INFO - n_units=5
2020-10-02 17:22:58,503 - __main__ - INFO - max_energy=1.0
2020-10-02 17:22:58,503 - __main__ - INFO - beta=1e-14
2020-10-02 17:22:58,504 - __main__ - INFO - taudelta=4.0
2020-10-02 17:22:58,504 - __main__ - INFO - V=1
2020-10-02 17:22:58,504 - __main__ - INFO - layers=5
2020-10-02 17:22:58,504 - __main__ - INFO - train_len=2000, val_len=2000, buffer=2000
2020-10-02 17:22:58,504 - __main__ - INFO - alpha=0.5, Ntrials=10
2020-10-02 17:22:58,504 - __main__ - INFO - noise=6.000000000000001e-05, learning rate=0.0,scale_input=0.2
2020-10-02 17:23:07,842 - __main__ - DEBUG - n=0, val_loss=0.0037154738964773164
2020-10-02 17:23:17,377 - __main__ - DEBUG - n=1, val_loss=0.0038165209209255215
2020-10-02 17:23:26,849 - __main__ - DEBUG - n=2, val_loss=0.003924130796578001
2020-10-02 17:23:36,360 - __main__ - DEBUG - n=3, val_loss=0.0035675760511321773
2020-10-02 17:23:45,883 - __main__ - DEBUG - n=4, val_loss=0.0030523193820335788
2020-10-02 17:23:55,397 - __main__ - DEBUG - n=5, val_loss=0.004069872725059899
2020-10-02 17:24:04,918 - __main__ - DEBUG - n=6, val_loss=0.004382703935683529
2020-10-02 17:24:14,427 - __main__ - DEBUG - n=7, val_loss=0.0033558997689419573
2020-10-02 17:24:23,963 - __main__ - DEBUG - n=8, val_loss=0.0034755306798954014
2020-10-02 17:24:36,141 - __main__ - DEBUG - n=9, val_loss=0.003889975260732396
2020-10-02 17:24:36,141 - __main__ - INFO - Ntrials=10, total loss avg=0.003725000341745978, std=0.000360915479804198
