2020-10-02 17:27:06,846 - __main__ - INFO - n_units=5
2020-10-02 17:27:06,846 - __main__ - INFO - max_energy=1.0
2020-10-02 17:27:06,847 - __main__ - INFO - beta=1e-14
2020-10-02 17:27:06,847 - __main__ - INFO - taudelta=4.0
2020-10-02 17:27:06,847 - __main__ - INFO - V=1
2020-10-02 17:27:06,847 - __main__ - INFO - layers=5
2020-10-02 17:27:06,847 - __main__ - INFO - train_len=2000, val_len=2000, buffer=2000
2020-10-02 17:27:06,847 - __main__ - INFO - alpha=0.5, Ntrials=10
2020-10-02 17:27:06,847 - __main__ - INFO - noise=0.0001, learning rate=10.0,scale_input=0.2
2020-10-02 17:27:22,657 - __main__ - INFO - innate_buffer=2000, innate_train_len=2000, innate_val_len=2000
2020-10-02 17:27:22,657 - __main__ - INFO - target_state_list=(6000, 25), target_innate_seq=(6000, 5)
2020-10-02 17:32:39,167 - __main__ - DEBUG - n=0, val_loss=0.0034669988081910664
2020-10-02 17:32:54,303 - __main__ - INFO - innate_buffer=2000, innate_train_len=2000, innate_val_len=2000
2020-10-02 17:32:54,303 - __main__ - INFO - target_state_list=(6000, 25), target_innate_seq=(6000, 5)
2020-10-02 17:38:03,867 - __main__ - DEBUG - n=1, val_loss=0.003696578067435173
2020-10-02 17:38:18,821 - __main__ - INFO - innate_buffer=2000, innate_train_len=2000, innate_val_len=2000
2020-10-02 17:38:18,821 - __main__ - INFO - target_state_list=(6000, 25), target_innate_seq=(6000, 5)
2020-10-02 17:43:36,854 - __main__ - DEBUG - n=2, val_loss=0.003464670236717762
2020-10-02 17:43:51,829 - __main__ - INFO - innate_buffer=2000, innate_train_len=2000, innate_val_len=2000
2020-10-02 17:43:51,829 - __main__ - INFO - target_state_list=(6000, 25), target_innate_seq=(6000, 5)
2020-10-02 17:49:01,543 - __main__ - DEBUG - n=3, val_loss=0.0034881968377066005
2020-10-02 17:49:10,828 - __main__ - INFO - innate_buffer=2000, innate_train_len=2000, innate_val_len=2000
2020-10-02 17:49:10,829 - __main__ - INFO - target_state_list=(6000, 25), target_innate_seq=(6000, 5)
2020-10-02 17:52:26,138 - __main__ - DEBUG - n=4, val_loss=0.0036700716002100574
2020-10-02 17:52:38,887 - __main__ - INFO - innate_buffer=2000, innate_train_len=2000, innate_val_len=2000
2020-10-02 17:52:38,887 - __main__ - INFO - target_state_list=(6000, 25), target_innate_seq=(6000, 5)
2020-10-02 17:57:53,609 - __main__ - DEBUG - n=5, val_loss=0.003568257777716873
2020-10-02 17:58:08,531 - __main__ - INFO - innate_buffer=2000, innate_train_len=2000, innate_val_len=2000
2020-10-02 17:58:08,532 - __main__ - INFO - target_state_list=(6000, 25), target_innate_seq=(6000, 5)
2020-10-02 18:02:28,172 - __main__ - DEBUG - n=6, val_loss=0.00406083006055857
2020-10-02 18:02:37,134 - __main__ - INFO - innate_buffer=2000, innate_train_len=2000, innate_val_len=2000
2020-10-02 18:02:37,134 - __main__ - INFO - target_state_list=(6000, 25), target_innate_seq=(6000, 5)
2020-10-02 18:05:36,961 - __main__ - DEBUG - n=7, val_loss=0.0038922277475826957
2020-10-02 18:05:45,002 - __main__ - INFO - innate_buffer=2000, innate_train_len=2000, innate_val_len=2000
2020-10-02 18:05:45,002 - __main__ - INFO - target_state_list=(6000, 25), target_innate_seq=(6000, 5)
2020-10-02 18:08:27,290 - __main__ - DEBUG - n=8, val_loss=0.0035707323188319054
2020-10-02 18:08:34,622 - __main__ - INFO - innate_buffer=2000, innate_train_len=2000, innate_val_len=2000
2020-10-02 18:08:34,622 - __main__ - INFO - target_state_list=(6000, 25), target_innate_seq=(6000, 5)
2020-10-02 18:11:01,440 - __main__ - DEBUG - n=9, val_loss=0.003768526013274477
2020-10-02 18:11:01,440 - __main__ - INFO - Ntrials=10, total loss avg=0.003664708946822518, std=0.00018678727670439242
