2020-10-02 17:20:53,519 - __main__ - INFO - n_units=5
2020-10-02 17:20:53,520 - __main__ - INFO - max_energy=1.0
2020-10-02 17:20:53,520 - __main__ - INFO - beta=1e-14
2020-10-02 17:20:53,520 - __main__ - INFO - taudelta=4.0
2020-10-02 17:20:53,520 - __main__ - INFO - V=1
2020-10-02 17:20:53,520 - __main__ - INFO - layers=5
2020-10-02 17:20:53,520 - __main__ - INFO - train_len=2000, val_len=2000, buffer=2000
2020-10-02 17:20:53,520 - __main__ - INFO - alpha=0.5, Ntrials=10
2020-10-02 17:20:53,520 - __main__ - INFO - noise=2e-06, learning rate=0.0,scale_input=0.2
2020-10-02 17:21:02,549 - __main__ - DEBUG - n=0, val_loss=0.0029029792224117535
2020-10-02 17:21:11,670 - __main__ - DEBUG - n=1, val_loss=0.0029020274844660265
2020-10-02 17:21:20,789 - __main__ - DEBUG - n=2, val_loss=0.002867945262064438
2020-10-02 17:21:29,935 - __main__ - DEBUG - n=3, val_loss=0.0028417027405854022
2020-10-02 17:21:39,076 - __main__ - DEBUG - n=4, val_loss=0.0030406055477262576
2020-10-02 17:21:48,259 - __main__ - DEBUG - n=5, val_loss=0.0029490684683188798
2020-10-02 17:21:57,458 - __main__ - DEBUG - n=6, val_loss=0.003318377232878786
2020-10-02 17:22:06,642 - __main__ - DEBUG - n=7, val_loss=0.003214059632747741
2020-10-02 17:22:15,825 - __main__ - DEBUG - n=8, val_loss=0.0029602235874611814
2020-10-02 17:22:25,006 - __main__ - DEBUG - n=9, val_loss=0.0030176681074038257
2020-10-02 17:22:25,007 - __main__ - INFO - Ntrials=10, total loss avg=0.0030014657286064296, std=0.00014656376866629907
