2020-10-02 17:27:06,873 - __main__ - INFO - n_units=5
2020-10-02 17:27:06,873 - __main__ - INFO - max_energy=1.0
2020-10-02 17:27:06,873 - __main__ - INFO - beta=1e-14
2020-10-02 17:27:06,873 - __main__ - INFO - taudelta=4.0
2020-10-02 17:27:06,873 - __main__ - INFO - V=1
2020-10-02 17:27:06,873 - __main__ - INFO - layers=5
2020-10-02 17:27:06,873 - __main__ - INFO - train_len=2000, val_len=2000, buffer=2000
2020-10-02 17:27:06,873 - __main__ - INFO - alpha=0.5, Ntrials=10
2020-10-02 17:27:06,873 - __main__ - INFO - noise=0.01, learning rate=10.0,scale_input=0.2
2020-10-02 17:27:15,949 - __main__ - INFO - innate_buffer=2000, innate_train_len=2000, innate_val_len=2000
2020-10-02 17:27:15,949 - __main__ - INFO - target_state_list=(6000, 25), target_innate_seq=(6000, 5)
2020-10-02 17:30:30,796 - __main__ - DEBUG - n=0, val_loss=0.005627938273545354
2020-10-02 17:30:40,123 - __main__ - INFO - innate_buffer=2000, innate_train_len=2000, innate_val_len=2000
2020-10-02 17:30:40,123 - __main__ - INFO - target_state_list=(6000, 25), target_innate_seq=(6000, 5)
2020-10-02 17:33:57,177 - __main__ - DEBUG - n=1, val_loss=0.005951153637919068
2020-10-02 17:34:06,569 - __main__ - INFO - innate_buffer=2000, innate_train_len=2000, innate_val_len=2000
2020-10-02 17:34:06,569 - __main__ - INFO - target_state_list=(6000, 25), target_innate_seq=(6000, 5)
2020-10-02 17:37:24,217 - __main__ - DEBUG - n=2, val_loss=0.005395095582946148
2020-10-02 17:37:34,169 - __main__ - INFO - innate_buffer=2000, innate_train_len=2000, innate_val_len=2000
2020-10-02 17:37:34,169 - __main__ - INFO - target_state_list=(6000, 25), target_innate_seq=(6000, 5)
2020-10-02 17:40:57,110 - __main__ - DEBUG - n=3, val_loss=0.0056012522718530584
2020-10-02 17:41:06,526 - __main__ - INFO - innate_buffer=2000, innate_train_len=2000, innate_val_len=2000
2020-10-02 17:41:06,526 - __main__ - INFO - target_state_list=(6000, 25), target_innate_seq=(6000, 5)
2020-10-02 17:44:24,912 - __main__ - DEBUG - n=4, val_loss=0.0055853687264080755
2020-10-02 17:44:34,314 - __main__ - INFO - innate_buffer=2000, innate_train_len=2000, innate_val_len=2000
2020-10-02 17:44:34,314 - __main__ - INFO - target_state_list=(6000, 25), target_innate_seq=(6000, 5)
2020-10-02 17:47:52,829 - __main__ - DEBUG - n=5, val_loss=0.005733033415554296
2020-10-02 17:48:02,242 - __main__ - INFO - innate_buffer=2000, innate_train_len=2000, innate_val_len=2000
2020-10-02 17:48:02,242 - __main__ - INFO - target_state_list=(6000, 25), target_innate_seq=(6000, 5)
2020-10-02 17:51:21,018 - __main__ - DEBUG - n=6, val_loss=0.006452615900833505
2020-10-02 17:51:30,444 - __main__ - INFO - innate_buffer=2000, innate_train_len=2000, innate_val_len=2000
2020-10-02 17:51:30,444 - __main__ - INFO - target_state_list=(6000, 25), target_innate_seq=(6000, 5)
2020-10-02 17:54:49,409 - __main__ - DEBUG - n=7, val_loss=0.006179531703253457
2020-10-02 17:54:58,839 - __main__ - INFO - innate_buffer=2000, innate_train_len=2000, innate_val_len=2000
2020-10-02 17:54:58,839 - __main__ - INFO - target_state_list=(6000, 25), target_innate_seq=(6000, 5)
2020-10-02 17:58:17,897 - __main__ - DEBUG - n=8, val_loss=0.005367098264147332
2020-10-02 17:58:27,331 - __main__ - INFO - innate_buffer=2000, innate_train_len=2000, innate_val_len=2000
2020-10-02 17:58:27,332 - __main__ - INFO - target_state_list=(6000, 25), target_innate_seq=(6000, 5)
2020-10-02 18:01:46,049 - __main__ - DEBUG - n=9, val_loss=0.006104114138515416
2020-10-02 18:01:46,049 - __main__ - INFO - Ntrials=10, total loss avg=0.005799720191497571, std=0.0003400429944010715
