2020-10-02 17:20:53,484 - __main__ - INFO - n_units=5
2020-10-02 17:20:53,484 - __main__ - INFO - max_energy=1.0
2020-10-02 17:20:53,484 - __main__ - INFO - beta=1e-14
2020-10-02 17:20:53,485 - __main__ - INFO - taudelta=4.0
2020-10-02 17:20:53,485 - __main__ - INFO - V=1
2020-10-02 17:20:53,485 - __main__ - INFO - layers=5
2020-10-02 17:20:53,485 - __main__ - INFO - train_len=2000, val_len=2000, buffer=2000
2020-10-02 17:20:53,485 - __main__ - INFO - alpha=0.5, Ntrials=10
2020-10-02 17:20:53,485 - __main__ - INFO - noise=1e-06, learning rate=0.0,scale_input=0.2
2020-10-02 17:21:07,514 - __main__ - DEBUG - n=0, val_loss=0.001816545774990962
2020-10-02 17:21:18,617 - __main__ - DEBUG - n=1, val_loss=0.0019266004385425897
2020-10-02 17:21:32,384 - __main__ - DEBUG - n=2, val_loss=0.0023356729147471335
2020-10-02 17:21:47,894 - __main__ - DEBUG - n=3, val_loss=0.0020669176019112293
2020-10-02 17:22:01,916 - __main__ - DEBUG - n=4, val_loss=0.0022529839227088616
2020-10-02 17:22:17,426 - __main__ - DEBUG - n=5, val_loss=0.0020944477942159085
2020-10-02 17:22:29,357 - __main__ - DEBUG - n=6, val_loss=0.0021441429486239853
2020-10-02 17:22:37,215 - __main__ - DEBUG - n=7, val_loss=0.00193718170350864
2020-10-02 17:22:44,838 - __main__ - DEBUG - n=8, val_loss=0.0014723926180456228
2020-10-02 17:22:52,309 - __main__ - DEBUG - n=9, val_loss=0.002350746261668188
2020-10-02 17:22:52,309 - __main__ - INFO - Ntrials=10, total loss avg=0.0020397631978963117, std=0.00025286818086252933
