2020-10-02 17:22:58,525 - __main__ - INFO - n_units=5
2020-10-02 17:22:58,525 - __main__ - INFO - max_energy=1.0
2020-10-02 17:22:58,526 - __main__ - INFO - beta=1e-14
2020-10-02 17:22:58,526 - __main__ - INFO - taudelta=4.0
2020-10-02 17:22:58,526 - __main__ - INFO - V=1
2020-10-02 17:22:58,526 - __main__ - INFO - layers=5
2020-10-02 17:22:58,526 - __main__ - INFO - train_len=2000, val_len=2000, buffer=2000
2020-10-02 17:22:58,526 - __main__ - INFO - alpha=0.5, Ntrials=10
2020-10-02 17:22:58,526 - __main__ - INFO - noise=0.008, learning rate=0.0,scale_input=0.2
2020-10-02 17:23:11,026 - __main__ - DEBUG - n=0, val_loss=0.005457636464756725
2020-10-02 17:23:25,043 - __main__ - DEBUG - n=1, val_loss=0.005443908607379672
2020-10-02 17:23:40,993 - __main__ - DEBUG - n=2, val_loss=0.005433225603973319
2020-10-02 17:23:57,785 - __main__ - DEBUG - n=3, val_loss=0.005306011856092789
2020-10-02 17:24:14,597 - __main__ - DEBUG - n=4, val_loss=0.004193302947459344
2020-10-02 17:24:30,058 - __main__ - DEBUG - n=5, val_loss=0.005960185853457002
2020-10-02 17:24:40,070 - __main__ - DEBUG - n=6, val_loss=0.005857208109047326
2020-10-02 17:24:48,168 - __main__ - DEBUG - n=7, val_loss=0.004563036035166878
2020-10-02 17:24:55,985 - __main__ - DEBUG - n=8, val_loss=0.005000812111516093
2020-10-02 17:25:03,784 - __main__ - DEBUG - n=9, val_loss=0.005450404933324778
2020-10-02 17:25:03,784 - __main__ - INFO - Ntrials=10, total loss avg=0.005266573252217393, std=0.0005175447997647101
