2020-10-02 17:22:58,493 - __main__ - INFO - n_units=5
2020-10-02 17:22:58,493 - __main__ - INFO - max_energy=1.0
2020-10-02 17:22:58,493 - __main__ - INFO - beta=1e-14
2020-10-02 17:22:58,493 - __main__ - INFO - taudelta=4.0
2020-10-02 17:22:58,493 - __main__ - INFO - V=1
2020-10-02 17:22:58,493 - __main__ - INFO - layers=5
2020-10-02 17:22:58,493 - __main__ - INFO - train_len=2000, val_len=2000, buffer=2000
2020-10-02 17:22:58,493 - __main__ - INFO - alpha=0.5, Ntrials=10
2020-10-02 17:22:58,493 - __main__ - INFO - noise=4.9999999999999996e-06, learning rate=0.0,scale_input=0.2
2020-10-02 17:23:08,275 - __main__ - DEBUG - n=0, val_loss=0.0029962676487664637
2020-10-02 17:23:17,874 - __main__ - DEBUG - n=1, val_loss=0.0033433145362680647
2020-10-02 17:23:27,491 - __main__ - DEBUG - n=2, val_loss=0.002959245471441171
2020-10-02 17:23:37,105 - __main__ - DEBUG - n=3, val_loss=0.0030344749674608693
2020-10-02 17:23:46,699 - __main__ - DEBUG - n=4, val_loss=0.0028763189144745656
2020-10-02 17:23:56,296 - __main__ - DEBUG - n=5, val_loss=0.003499313364471089
2020-10-02 17:24:05,903 - __main__ - DEBUG - n=6, val_loss=0.004043210416384427
2020-10-02 17:24:15,522 - __main__ - DEBUG - n=7, val_loss=0.003014365121458866
2020-10-02 17:24:25,152 - __main__ - DEBUG - n=8, val_loss=0.0031202099587679666
2020-10-02 17:24:34,699 - __main__ - DEBUG - n=9, val_loss=0.0035004793701942146
2020-10-02 17:24:34,700 - __main__ - INFO - Ntrials=10, total loss avg=0.00323871997696877, std=0.00034189050773590483
