2020-10-02 17:27:06,820 - __main__ - INFO - n_units=5
2020-10-02 17:27:06,823 - __main__ - INFO - max_energy=1.0
2020-10-02 17:27:06,823 - __main__ - INFO - beta=1e-14
2020-10-02 17:27:06,823 - __main__ - INFO - taudelta=4.0
2020-10-02 17:27:06,823 - __main__ - INFO - V=1
2020-10-02 17:27:06,823 - __main__ - INFO - layers=5
2020-10-02 17:27:06,823 - __main__ - INFO - train_len=2000, val_len=2000, buffer=2000
2020-10-02 17:27:06,823 - __main__ - INFO - alpha=0.5, Ntrials=10
2020-10-02 17:27:06,823 - __main__ - INFO - noise=0.006, learning rate=10.0,scale_input=0.2
2020-10-02 17:27:20,503 - __main__ - INFO - innate_buffer=2000, innate_train_len=2000, innate_val_len=2000
2020-10-02 17:27:20,503 - __main__ - INFO - target_state_list=(6000, 25), target_innate_seq=(6000, 5)
2020-10-02 17:32:45,084 - __main__ - DEBUG - n=0, val_loss=0.00591691440156383
2020-10-02 17:32:59,887 - __main__ - INFO - innate_buffer=2000, innate_train_len=2000, innate_val_len=2000
2020-10-02 17:32:59,887 - __main__ - INFO - target_state_list=(6000, 25), target_innate_seq=(6000, 5)
2020-10-02 17:38:28,389 - __main__ - DEBUG - n=1, val_loss=0.0065719452618369
2020-10-02 17:38:43,251 - __main__ - INFO - innate_buffer=2000, innate_train_len=2000, innate_val_len=2000
2020-10-02 17:38:43,251 - __main__ - INFO - target_state_list=(6000, 25), target_innate_seq=(6000, 5)
2020-10-02 17:44:02,424 - __main__ - DEBUG - n=2, val_loss=0.005446571943689032
2020-10-02 17:44:11,724 - __main__ - INFO - innate_buffer=2000, innate_train_len=2000, innate_val_len=2000
2020-10-02 17:44:11,724 - __main__ - INFO - target_state_list=(6000, 25), target_innate_seq=(6000, 5)
2020-10-02 17:47:29,478 - __main__ - DEBUG - n=3, val_loss=0.006238380674408517
2020-10-02 17:47:38,755 - __main__ - INFO - innate_buffer=2000, innate_train_len=2000, innate_val_len=2000
2020-10-02 17:47:38,755 - __main__ - INFO - target_state_list=(6000, 25), target_innate_seq=(6000, 5)
2020-10-02 17:50:56,430 - __main__ - DEBUG - n=4, val_loss=0.006173906272380183
2020-10-02 17:51:05,703 - __main__ - INFO - innate_buffer=2000, innate_train_len=2000, innate_val_len=2000
2020-10-02 17:51:05,703 - __main__ - INFO - target_state_list=(6000, 25), target_innate_seq=(6000, 5)
2020-10-02 17:54:23,241 - __main__ - DEBUG - n=5, val_loss=0.00655932025002558
2020-10-02 17:54:32,547 - __main__ - INFO - innate_buffer=2000, innate_train_len=2000, innate_val_len=2000
2020-10-02 17:54:32,548 - __main__ - INFO - target_state_list=(6000, 25), target_innate_seq=(6000, 5)
2020-10-02 17:57:51,028 - __main__ - DEBUG - n=6, val_loss=0.006998550561976158
2020-10-02 17:58:00,322 - __main__ - INFO - innate_buffer=2000, innate_train_len=2000, innate_val_len=2000
2020-10-02 17:58:00,322 - __main__ - INFO - target_state_list=(6000, 25), target_innate_seq=(6000, 5)
2020-10-02 18:01:18,520 - __main__ - DEBUG - n=7, val_loss=0.0066229746872676805
2020-10-02 18:01:27,735 - __main__ - INFO - innate_buffer=2000, innate_train_len=2000, innate_val_len=2000
2020-10-02 18:01:27,735 - __main__ - INFO - target_state_list=(6000, 25), target_innate_seq=(6000, 5)
2020-10-02 18:04:35,874 - __main__ - DEBUG - n=8, val_loss=0.005899884143400791
2020-10-02 18:04:44,352 - __main__ - INFO - innate_buffer=2000, innate_train_len=2000, innate_val_len=2000
2020-10-02 18:04:44,352 - __main__ - INFO - target_state_list=(6000, 25), target_innate_seq=(6000, 5)
2020-10-02 18:07:34,803 - __main__ - DEBUG - n=9, val_loss=0.00667434806444171
2020-10-02 18:07:34,803 - __main__ - INFO - Ntrials=10, total loss avg=0.006310279626099038, std=0.0004390273124928642
