2020-10-02 18:12:54,038 - __main__ - INFO - n_units=5
2020-10-02 18:12:54,038 - __main__ - INFO - max_energy=1.0
2020-10-02 18:12:54,038 - __main__ - INFO - beta=1e-14
2020-10-02 18:12:54,038 - __main__ - INFO - taudelta=4.0
2020-10-02 18:12:54,038 - __main__ - INFO - V=1
2020-10-02 18:12:54,038 - __main__ - INFO - layers=5
2020-10-02 18:12:54,038 - __main__ - INFO - train_len=2000, val_len=2000, buffer=2000
2020-10-02 18:12:54,039 - __main__ - INFO - alpha=0.5, Ntrials=10
2020-10-02 18:12:54,039 - __main__ - INFO - noise=4e-05, learning rate=10.0,scale_input=0.2
2020-10-02 18:13:04,398 - __main__ - INFO - innate_buffer=2000, innate_train_len=2000, innate_val_len=2000
2020-10-02 18:13:04,398 - __main__ - INFO - target_state_list=(6000, 25), target_innate_seq=(6000, 5)
2020-10-02 18:16:23,311 - __main__ - DEBUG - n=0, val_loss=0.003606141563215915
2020-10-02 18:16:33,047 - __main__ - INFO - innate_buffer=2000, innate_train_len=2000, innate_val_len=2000
2020-10-02 18:16:33,047 - __main__ - INFO - target_state_list=(6000, 25), target_innate_seq=(6000, 5)
2020-10-02 18:19:53,382 - __main__ - DEBUG - n=1, val_loss=0.0036994964812625095
2020-10-02 18:20:03,153 - __main__ - INFO - innate_buffer=2000, innate_train_len=2000, innate_val_len=2000
2020-10-02 18:20:03,153 - __main__ - INFO - target_state_list=(6000, 25), target_innate_seq=(6000, 5)
2020-10-02 18:23:24,061 - __main__ - DEBUG - n=2, val_loss=0.003817498970036868
2020-10-02 18:23:33,846 - __main__ - INFO - innate_buffer=2000, innate_train_len=2000, innate_val_len=2000
2020-10-02 18:23:33,846 - __main__ - INFO - target_state_list=(6000, 25), target_innate_seq=(6000, 5)
2020-10-02 18:26:54,897 - __main__ - DEBUG - n=3, val_loss=0.003445132966719903
2020-10-02 18:27:04,702 - __main__ - INFO - innate_buffer=2000, innate_train_len=2000, innate_val_len=2000
2020-10-02 18:27:04,702 - __main__ - INFO - target_state_list=(6000, 25), target_innate_seq=(6000, 5)
2020-10-02 18:30:25,923 - __main__ - DEBUG - n=4, val_loss=0.0030160179821022387
2020-10-02 18:30:35,698 - __main__ - INFO - innate_buffer=2000, innate_train_len=2000, innate_val_len=2000
2020-10-02 18:30:35,699 - __main__ - INFO - target_state_list=(6000, 25), target_innate_seq=(6000, 5)
2020-10-02 18:33:56,660 - __main__ - DEBUG - n=5, val_loss=0.003960201341861649
2020-10-02 18:34:06,477 - __main__ - INFO - innate_buffer=2000, innate_train_len=2000, innate_val_len=2000
2020-10-02 18:34:06,477 - __main__ - INFO - target_state_list=(6000, 25), target_innate_seq=(6000, 5)
2020-10-02 18:37:28,211 - __main__ - DEBUG - n=6, val_loss=0.004306889408079098
2020-10-02 18:37:37,998 - __main__ - INFO - innate_buffer=2000, innate_train_len=2000, innate_val_len=2000
2020-10-02 18:37:37,998 - __main__ - INFO - target_state_list=(6000, 25), target_innate_seq=(6000, 5)
2020-10-02 18:41:16,390 - __main__ - DEBUG - n=7, val_loss=0.003302928586282423
2020-10-02 18:41:26,194 - __main__ - INFO - innate_buffer=2000, innate_train_len=2000, innate_val_len=2000
2020-10-02 18:41:26,195 - __main__ - INFO - target_state_list=(6000, 25), target_innate_seq=(6000, 5)
2020-10-02 18:44:47,864 - __main__ - DEBUG - n=8, val_loss=0.0033756593503960256
2020-10-02 18:44:57,725 - __main__ - INFO - innate_buffer=2000, innate_train_len=2000, innate_val_len=2000
2020-10-02 18:44:57,726 - __main__ - INFO - target_state_list=(6000, 25), target_innate_seq=(6000, 5)
2020-10-02 18:48:19,401 - __main__ - DEBUG - n=9, val_loss=0.003795186238896393
2020-10-02 18:48:19,401 - __main__ - INFO - Ntrials=10, total loss avg=0.0036325152888853026, std=0.0003489706129980275
