2020-10-02 17:22:58,513 - __main__ - INFO - n_units=5
2020-10-02 17:22:58,514 - __main__ - INFO - max_energy=1.0
2020-10-02 17:22:58,514 - __main__ - INFO - beta=1e-14
2020-10-02 17:22:58,514 - __main__ - INFO - taudelta=4.0
2020-10-02 17:22:58,514 - __main__ - INFO - V=1
2020-10-02 17:22:58,514 - __main__ - INFO - layers=5
2020-10-02 17:22:58,514 - __main__ - INFO - train_len=2000, val_len=2000, buffer=2000
2020-10-02 17:22:58,514 - __main__ - INFO - alpha=0.5, Ntrials=10
2020-10-02 17:22:58,514 - __main__ - INFO - noise=0.0006000000000000001, learning rate=0.0,scale_input=0.2
2020-10-02 17:23:08,193 - __main__ - DEBUG - n=0, val_loss=0.004520105808376473
2020-10-02 17:23:17,641 - __main__ - DEBUG - n=1, val_loss=0.004652088707597152
2020-10-02 17:23:27,079 - __main__ - DEBUG - n=2, val_loss=0.004526745009915088
2020-10-02 17:23:36,547 - __main__ - DEBUG - n=3, val_loss=0.004544799035893307
2020-10-02 17:23:46,015 - __main__ - DEBUG - n=4, val_loss=0.0035309387735747494
2020-10-02 17:23:55,475 - __main__ - DEBUG - n=5, val_loss=0.004879537180455404
2020-10-02 17:24:04,949 - __main__ - DEBUG - n=6, val_loss=0.0050963135574020315
2020-10-02 17:24:14,412 - __main__ - DEBUG - n=7, val_loss=0.003923410093601676
2020-10-02 17:24:23,877 - __main__ - DEBUG - n=8, val_loss=0.004313442689416723
2020-10-02 17:24:33,739 - __main__ - DEBUG - n=9, val_loss=0.004681905760143398
2020-10-02 17:24:33,739 - __main__ - INFO - Ntrials=10, total loss avg=0.004466928661637601, std=0.0004306260071090369
