2020-10-02 18:12:54,051 - __main__ - INFO - n_units=5
2020-10-02 18:12:54,051 - __main__ - INFO - max_energy=1.0
2020-10-02 18:12:54,051 - __main__ - INFO - beta=1e-14
2020-10-02 18:12:54,051 - __main__ - INFO - taudelta=4.0
2020-10-02 18:12:54,051 - __main__ - INFO - V=1
2020-10-02 18:12:54,051 - __main__ - INFO - layers=5
2020-10-02 18:12:54,051 - __main__ - INFO - train_len=2000, val_len=2000, buffer=2000
2020-10-02 18:12:54,051 - __main__ - INFO - alpha=0.5, Ntrials=10
2020-10-02 18:12:54,051 - __main__ - INFO - noise=0.0005, learning rate=10.0,scale_input=0.2
2020-10-02 18:13:03,820 - __main__ - INFO - innate_buffer=2000, innate_train_len=2000, innate_val_len=2000
2020-10-02 18:13:03,820 - __main__ - INFO - target_state_list=(6000, 25), target_innate_seq=(6000, 5)
2020-10-02 18:16:21,475 - __main__ - DEBUG - n=0, val_loss=0.004452533099305406
2020-10-02 18:16:31,172 - __main__ - INFO - innate_buffer=2000, innate_train_len=2000, innate_val_len=2000
2020-10-02 18:16:31,172 - __main__ - INFO - target_state_list=(6000, 25), target_innate_seq=(6000, 5)
2020-10-02 18:19:50,821 - __main__ - DEBUG - n=1, val_loss=0.004562696638197578
2020-10-02 18:20:00,578 - __main__ - INFO - innate_buffer=2000, innate_train_len=2000, innate_val_len=2000
2020-10-02 18:20:00,578 - __main__ - INFO - target_state_list=(6000, 25), target_innate_seq=(6000, 5)
2020-10-02 18:23:20,573 - __main__ - DEBUG - n=2, val_loss=0.0044785899606274125
2020-10-02 18:23:30,306 - __main__ - INFO - innate_buffer=2000, innate_train_len=2000, innate_val_len=2000
2020-10-02 18:23:30,306 - __main__ - INFO - target_state_list=(6000, 25), target_innate_seq=(6000, 5)
2020-10-02 18:26:50,444 - __main__ - DEBUG - n=3, val_loss=0.00447355860611979
2020-10-02 18:27:00,192 - __main__ - INFO - innate_buffer=2000, innate_train_len=2000, innate_val_len=2000
2020-10-02 18:27:00,192 - __main__ - INFO - target_state_list=(6000, 25), target_innate_seq=(6000, 5)
2020-10-02 18:30:20,552 - __main__ - DEBUG - n=4, val_loss=0.0034657008104602457
2020-10-02 18:30:30,534 - __main__ - INFO - innate_buffer=2000, innate_train_len=2000, innate_val_len=2000
2020-10-02 18:30:30,534 - __main__ - INFO - target_state_list=(6000, 25), target_innate_seq=(6000, 5)
2020-10-02 18:35:49,176 - __main__ - DEBUG - n=5, val_loss=0.004810783944022985
2020-10-02 18:36:04,461 - __main__ - INFO - innate_buffer=2000, innate_train_len=2000, innate_val_len=2000
2020-10-02 18:36:04,462 - __main__ - INFO - target_state_list=(6000, 25), target_innate_seq=(6000, 5)
2020-10-02 18:41:13,632 - __main__ - DEBUG - n=6, val_loss=0.005028843143242402
2020-10-02 18:41:23,393 - __main__ - INFO - innate_buffer=2000, innate_train_len=2000, innate_val_len=2000
2020-10-02 18:41:23,394 - __main__ - INFO - target_state_list=(6000, 25), target_innate_seq=(6000, 5)
2020-10-02 18:44:44,096 - __main__ - DEBUG - n=7, val_loss=0.003863807919142933
2020-10-02 18:44:53,881 - __main__ - INFO - innate_buffer=2000, innate_train_len=2000, innate_val_len=2000
2020-10-02 18:44:53,881 - __main__ - INFO - target_state_list=(6000, 25), target_innate_seq=(6000, 5)
2020-10-02 18:48:14,403 - __main__ - DEBUG - n=8, val_loss=0.004236967564160718
2020-10-02 18:48:24,013 - __main__ - INFO - innate_buffer=2000, innate_train_len=2000, innate_val_len=2000
2020-10-02 18:48:24,013 - __main__ - INFO - target_state_list=(6000, 25), target_innate_seq=(6000, 5)
2020-10-02 18:51:34,517 - __main__ - DEBUG - n=9, val_loss=0.004601362215260817
2020-10-02 18:51:34,517 - __main__ - INFO - Ntrials=10, total loss avg=0.004397484390054028, std=0.00042807525945843877
