2020-10-02 17:20:53,544 - __main__ - INFO - n_units=5
2020-10-02 17:20:53,544 - __main__ - INFO - max_energy=1.0
2020-10-02 17:20:53,544 - __main__ - INFO - beta=1e-14
2020-10-02 17:20:53,544 - __main__ - INFO - taudelta=4.0
2020-10-02 17:20:53,544 - __main__ - INFO - V=1
2020-10-02 17:20:53,544 - __main__ - INFO - layers=5
2020-10-02 17:20:53,544 - __main__ - INFO - train_len=2000, val_len=2000, buffer=2000
2020-10-02 17:20:53,544 - __main__ - INFO - alpha=0.5, Ntrials=10
2020-10-02 17:20:53,544 - __main__ - INFO - noise=0.0009000000000000001, learning rate=0.0,scale_input=0.2
2020-10-02 17:21:04,693 - __main__ - DEBUG - n=0, val_loss=0.004407213243847166
2020-10-02 17:21:14,476 - __main__ - DEBUG - n=1, val_loss=0.004851224718817142
2020-10-02 17:21:23,747 - __main__ - DEBUG - n=2, val_loss=0.0041080853387454085
2020-10-02 17:21:33,044 - __main__ - DEBUG - n=3, val_loss=0.0046182122769050865
2020-10-02 17:21:42,356 - __main__ - DEBUG - n=4, val_loss=0.004662502111644369
2020-10-02 17:21:51,673 - __main__ - DEBUG - n=5, val_loss=0.004348533094038768
2020-10-02 17:22:04,202 - __main__ - DEBUG - n=6, val_loss=0.005297279936937368
2020-10-02 17:22:20,001 - __main__ - DEBUG - n=7, val_loss=0.005104777042500865
2020-10-02 17:22:30,826 - __main__ - DEBUG - n=8, val_loss=0.0046764253717047595
2020-10-02 17:22:38,797 - __main__ - DEBUG - n=9, val_loss=0.005014737229423366
2020-10-02 17:22:38,797 - __main__ - INFO - Ntrials=10, total loss avg=0.00470889903645643, std=0.00034784930803777433
