2020-10-02 17:27:06,801 - __main__ - INFO - n_units=5
2020-10-02 17:27:06,801 - __main__ - INFO - max_energy=1.0
2020-10-02 17:27:06,801 - __main__ - INFO - beta=1e-14
2020-10-02 17:27:06,801 - __main__ - INFO - taudelta=4.0
2020-10-02 17:27:06,801 - __main__ - INFO - V=1
2020-10-02 17:27:06,801 - __main__ - INFO - layers=5
2020-10-02 17:27:06,801 - __main__ - INFO - train_len=2000, val_len=2000, buffer=2000
2020-10-02 17:27:06,801 - __main__ - INFO - alpha=0.5, Ntrials=10
2020-10-02 17:27:06,801 - __main__ - INFO - noise=9e-06, learning rate=10.0,scale_input=0.2
2020-10-02 17:27:16,430 - __main__ - INFO - innate_buffer=2000, innate_train_len=2000, innate_val_len=2000
2020-10-02 17:27:16,431 - __main__ - INFO - target_state_list=(6000, 25), target_innate_seq=(6000, 5)
2020-10-02 17:30:33,632 - __main__ - DEBUG - n=0, val_loss=0.002743234358005946
2020-10-02 17:30:42,966 - __main__ - INFO - innate_buffer=2000, innate_train_len=2000, innate_val_len=2000
2020-10-02 17:30:42,967 - __main__ - INFO - target_state_list=(6000, 25), target_innate_seq=(6000, 5)
2020-10-02 17:34:02,572 - __main__ - DEBUG - n=1, val_loss=0.0027138749391488358
2020-10-02 17:34:11,795 - __main__ - INFO - innate_buffer=2000, innate_train_len=2000, innate_val_len=2000
2020-10-02 17:34:11,795 - __main__ - INFO - target_state_list=(6000, 25), target_innate_seq=(6000, 5)
2020-10-02 17:38:08,271 - __main__ - DEBUG - n=2, val_loss=0.0030170006504978185
2020-10-02 17:38:23,443 - __main__ - INFO - innate_buffer=2000, innate_train_len=2000, innate_val_len=2000
2020-10-02 17:38:23,443 - __main__ - INFO - target_state_list=(6000, 25), target_innate_seq=(6000, 5)
2020-10-02 17:41:47,370 - __main__ - DEBUG - n=3, val_loss=0.0029312048313276462
2020-10-02 17:41:56,652 - __main__ - INFO - innate_buffer=2000, innate_train_len=2000, innate_val_len=2000
2020-10-02 17:41:56,652 - __main__ - INFO - target_state_list=(6000, 25), target_innate_seq=(6000, 5)
2020-10-02 17:45:14,473 - __main__ - DEBUG - n=4, val_loss=0.0032389290659550736
2020-10-02 17:45:23,757 - __main__ - INFO - innate_buffer=2000, innate_train_len=2000, innate_val_len=2000
2020-10-02 17:45:23,757 - __main__ - INFO - target_state_list=(6000, 25), target_innate_seq=(6000, 5)
2020-10-02 17:48:41,784 - __main__ - DEBUG - n=5, val_loss=0.0029195960853045586
2020-10-02 17:48:51,054 - __main__ - INFO - innate_buffer=2000, innate_train_len=2000, innate_val_len=2000
2020-10-02 17:48:51,054 - __main__ - INFO - target_state_list=(6000, 25), target_innate_seq=(6000, 5)
2020-10-02 17:52:09,309 - __main__ - DEBUG - n=6, val_loss=0.0033503407645779546
2020-10-02 17:52:18,581 - __main__ - INFO - innate_buffer=2000, innate_train_len=2000, innate_val_len=2000
2020-10-02 17:52:18,581 - __main__ - INFO - target_state_list=(6000, 25), target_innate_seq=(6000, 5)
2020-10-02 17:55:37,118 - __main__ - DEBUG - n=7, val_loss=0.0031792650807697265
2020-10-02 17:55:46,507 - __main__ - INFO - innate_buffer=2000, innate_train_len=2000, innate_val_len=2000
2020-10-02 17:55:46,507 - __main__ - INFO - target_state_list=(6000, 25), target_innate_seq=(6000, 5)
2020-10-02 17:59:06,730 - __main__ - DEBUG - n=8, val_loss=0.0024117635403211966
2020-10-02 17:59:16,055 - __main__ - INFO - innate_buffer=2000, innate_train_len=2000, innate_val_len=2000
2020-10-02 17:59:16,055 - __main__ - INFO - target_state_list=(6000, 25), target_innate_seq=(6000, 5)
2020-10-02 18:03:24,711 - __main__ - DEBUG - n=9, val_loss=0.003152204395346303
2020-10-02 18:03:24,711 - __main__ - INFO - Ntrials=10, total loss avg=0.0029657413711255054, std=0.00026994373954682653
