2020-10-02 17:20:53,517 - __main__ - INFO - n_units=5
2020-10-02 17:20:53,517 - __main__ - INFO - max_energy=1.0
2020-10-02 17:20:53,517 - __main__ - INFO - beta=1e-14
2020-10-02 17:20:53,517 - __main__ - INFO - taudelta=4.0
2020-10-02 17:20:53,517 - __main__ - INFO - V=1
2020-10-02 17:20:53,517 - __main__ - INFO - layers=5
2020-10-02 17:20:53,517 - __main__ - INFO - train_len=2000, val_len=2000, buffer=2000
2020-10-02 17:20:53,517 - __main__ - INFO - alpha=0.5, Ntrials=10
2020-10-02 17:20:53,517 - __main__ - INFO - noise=0.009000000000000001, learning rate=0.0,scale_input=0.2
2020-10-02 17:21:02,460 - __main__ - DEBUG - n=0, val_loss=0.006083237832274116
2020-10-02 17:21:11,525 - __main__ - DEBUG - n=1, val_loss=0.0066960358746668775
2020-10-02 17:21:22,556 - __main__ - DEBUG - n=2, val_loss=0.00567797409834782
2020-10-02 17:21:33,108 - __main__ - DEBUG - n=3, val_loss=0.006312368422759264
2020-10-02 17:21:48,520 - __main__ - DEBUG - n=4, val_loss=0.006310401281530163
2020-10-02 17:22:03,720 - __main__ - DEBUG - n=5, val_loss=0.0067979124845682255
2020-10-02 17:22:12,920 - __main__ - DEBUG - n=6, val_loss=0.0071112922487138065
2020-10-02 17:22:24,189 - __main__ - DEBUG - n=7, val_loss=0.006722450568218147
2020-10-02 17:22:32,317 - __main__ - DEBUG - n=8, val_loss=0.005981806719622019
2020-10-02 17:22:40,072 - __main__ - DEBUG - n=9, val_loss=0.00679731641309488
2020-10-02 17:22:40,072 - __main__ - INFO - Ntrials=10, total loss avg=0.006449079594379531, std=0.00042448879840969366
