2020-10-02 17:27:06,815 - __main__ - INFO - n_units=5
2020-10-02 17:27:06,816 - __main__ - INFO - max_energy=1.0
2020-10-02 17:27:06,816 - __main__ - INFO - beta=1e-14
2020-10-02 17:27:06,816 - __main__ - INFO - taudelta=4.0
2020-10-02 17:27:06,816 - __main__ - INFO - V=1
2020-10-02 17:27:06,816 - __main__ - INFO - layers=5
2020-10-02 17:27:06,816 - __main__ - INFO - train_len=2000, val_len=2000, buffer=2000
2020-10-02 17:27:06,816 - __main__ - INFO - alpha=0.5, Ntrials=10
2020-10-02 17:27:06,816 - __main__ - INFO - noise=0.0009000000000000001, learning rate=10.0,scale_input=0.2
2020-10-02 17:27:15,819 - __main__ - INFO - innate_buffer=2000, innate_train_len=2000, innate_val_len=2000
2020-10-02 17:27:15,820 - __main__ - INFO - target_state_list=(6000, 25), target_innate_seq=(6000, 5)
2020-10-02 17:32:12,569 - __main__ - DEBUG - n=0, val_loss=0.004628907203846482
2020-10-02 17:32:26,429 - __main__ - INFO - innate_buffer=2000, innate_train_len=2000, innate_val_len=2000
2020-10-02 17:32:26,429 - __main__ - INFO - target_state_list=(6000, 25), target_innate_seq=(6000, 5)
2020-10-02 17:36:38,344 - __main__ - DEBUG - n=1, val_loss=0.005385757809688442
2020-10-02 17:36:51,073 - __main__ - INFO - innate_buffer=2000, innate_train_len=2000, innate_val_len=2000
2020-10-02 17:36:51,073 - __main__ - INFO - target_state_list=(6000, 25), target_innate_seq=(6000, 5)
2020-10-02 17:40:54,702 - __main__ - DEBUG - n=2, val_loss=0.004189536395787971
2020-10-02 17:41:05,909 - __main__ - INFO - innate_buffer=2000, innate_train_len=2000, innate_val_len=2000
2020-10-02 17:41:05,909 - __main__ - INFO - target_state_list=(6000, 25), target_innate_seq=(6000, 5)
2020-10-02 17:45:11,550 - __main__ - DEBUG - n=3, val_loss=0.005263503506181986
2020-10-02 17:45:27,114 - __main__ - INFO - innate_buffer=2000, innate_train_len=2000, innate_val_len=2000
2020-10-02 17:45:27,115 - __main__ - INFO - target_state_list=(6000, 25), target_innate_seq=(6000, 5)
2020-10-02 17:49:05,807 - __main__ - DEBUG - n=4, val_loss=0.005058249323568059
2020-10-02 17:49:14,941 - __main__ - INFO - innate_buffer=2000, innate_train_len=2000, innate_val_len=2000
2020-10-02 17:49:14,942 - __main__ - INFO - target_state_list=(6000, 25), target_innate_seq=(6000, 5)
2020-10-02 17:52:50,636 - __main__ - DEBUG - n=5, val_loss=0.005029967387492033
2020-10-02 17:52:59,795 - __main__ - INFO - innate_buffer=2000, innate_train_len=2000, innate_val_len=2000
2020-10-02 17:52:59,795 - __main__ - INFO - target_state_list=(6000, 25), target_innate_seq=(6000, 5)
2020-10-02 17:56:49,353 - __main__ - DEBUG - n=6, val_loss=0.0058065739088477425
2020-10-02 17:57:00,314 - __main__ - INFO - innate_buffer=2000, innate_train_len=2000, innate_val_len=2000
2020-10-02 17:57:00,314 - __main__ - INFO - target_state_list=(6000, 25), target_innate_seq=(6000, 5)
2020-10-02 18:01:47,777 - __main__ - DEBUG - n=7, val_loss=0.005536968579573706
2020-10-02 18:01:56,718 - __main__ - INFO - innate_buffer=2000, innate_train_len=2000, innate_val_len=2000
2020-10-02 18:01:56,718 - __main__ - INFO - target_state_list=(6000, 25), target_innate_seq=(6000, 5)
2020-10-02 18:05:00,483 - __main__ - DEBUG - n=8, val_loss=0.0050269469591890294
2020-10-02 18:05:08,709 - __main__ - INFO - innate_buffer=2000, innate_train_len=2000, innate_val_len=2000
2020-10-02 18:05:08,709 - __main__ - INFO - target_state_list=(6000, 25), target_innate_seq=(6000, 5)
2020-10-02 18:07:55,052 - __main__ - DEBUG - n=9, val_loss=0.005453607310370443
2020-10-02 18:07:55,053 - __main__ - INFO - Ntrials=10, total loss avg=0.005138001838454589, std=0.00044407574950343256
