2020-10-02 17:20:53,540 - __main__ - INFO - n_units=5
2020-10-02 17:20:53,541 - __main__ - INFO - max_energy=1.0
2020-10-02 17:20:53,541 - __main__ - INFO - beta=1e-14
2020-10-02 17:20:53,541 - __main__ - INFO - taudelta=4.0
2020-10-02 17:20:53,541 - __main__ - INFO - V=1
2020-10-02 17:20:53,541 - __main__ - INFO - layers=5
2020-10-02 17:20:53,541 - __main__ - INFO - train_len=2000, val_len=2000, buffer=2000
2020-10-02 17:20:53,541 - __main__ - INFO - alpha=0.5, Ntrials=10
2020-10-02 17:20:53,541 - __main__ - INFO - noise=0.0006000000000000001, learning rate=0.0,scale_input=0.2
2020-10-02 17:21:03,553 - __main__ - DEBUG - n=0, val_loss=0.004165900405374757
2020-10-02 17:21:12,859 - __main__ - DEBUG - n=1, val_loss=0.004588956978454586
2020-10-02 17:21:22,176 - __main__ - DEBUG - n=2, val_loss=0.00393521049114742
2020-10-02 17:21:31,525 - __main__ - DEBUG - n=3, val_loss=0.004365008244179805
2020-10-02 17:21:40,886 - __main__ - DEBUG - n=4, val_loss=0.0044296831896592365
2020-10-02 17:21:50,235 - __main__ - DEBUG - n=5, val_loss=0.004143380951137746
2020-10-02 17:21:59,601 - __main__ - DEBUG - n=6, val_loss=0.005007556370757554
2020-10-02 17:22:08,954 - __main__ - DEBUG - n=7, val_loss=0.004820989535973685
2020-10-02 17:22:18,301 - __main__ - DEBUG - n=8, val_loss=0.004458107205806961
2020-10-02 17:22:27,465 - __main__ - DEBUG - n=9, val_loss=0.0047312740006958676
2020-10-02 17:22:27,466 - __main__ - INFO - Ntrials=10, total loss avg=0.004464606737318762, std=0.0003149969900322729
