2020-10-02 17:27:06,805 - __main__ - INFO - n_units=5
2020-10-02 17:27:06,806 - __main__ - INFO - max_energy=1.0
2020-10-02 17:27:06,806 - __main__ - INFO - beta=1e-14
2020-10-02 17:27:06,806 - __main__ - INFO - taudelta=4.0
2020-10-02 17:27:06,806 - __main__ - INFO - V=1
2020-10-02 17:27:06,806 - __main__ - INFO - layers=5
2020-10-02 17:27:06,806 - __main__ - INFO - train_len=2000, val_len=2000, buffer=2000
2020-10-02 17:27:06,806 - __main__ - INFO - alpha=0.5, Ntrials=10
2020-10-02 17:27:06,806 - __main__ - INFO - noise=6.000000000000001e-05, learning rate=10.0,scale_input=0.2
2020-10-02 17:27:16,796 - __main__ - INFO - innate_buffer=2000, innate_train_len=2000, innate_val_len=2000
2020-10-02 17:27:16,796 - __main__ - INFO - target_state_list=(6000, 25), target_innate_seq=(6000, 5)
2020-10-02 17:31:40,588 - __main__ - DEBUG - n=0, val_loss=0.003299683780731837
2020-10-02 17:31:56,119 - __main__ - INFO - innate_buffer=2000, innate_train_len=2000, innate_val_len=2000
2020-10-02 17:31:56,119 - __main__ - INFO - target_state_list=(6000, 25), target_innate_seq=(6000, 5)
2020-10-02 17:37:16,776 - __main__ - DEBUG - n=1, val_loss=0.0034796481756958326
2020-10-02 17:37:32,038 - __main__ - INFO - innate_buffer=2000, innate_train_len=2000, innate_val_len=2000
2020-10-02 17:37:32,038 - __main__ - INFO - target_state_list=(6000, 25), target_innate_seq=(6000, 5)
2020-10-02 17:42:53,464 - __main__ - DEBUG - n=2, val_loss=0.0033865031964715486
2020-10-02 17:43:08,683 - __main__ - INFO - innate_buffer=2000, innate_train_len=2000, innate_val_len=2000
2020-10-02 17:43:08,683 - __main__ - INFO - target_state_list=(6000, 25), target_innate_seq=(6000, 5)
2020-10-02 17:46:35,823 - __main__ - DEBUG - n=3, val_loss=0.003522737028502528
2020-10-02 17:46:45,179 - __main__ - INFO - innate_buffer=2000, innate_train_len=2000, innate_val_len=2000
2020-10-02 17:46:45,179 - __main__ - INFO - target_state_list=(6000, 25), target_innate_seq=(6000, 5)
2020-10-02 17:51:59,655 - __main__ - DEBUG - n=4, val_loss=0.0037037146325671682
2020-10-02 17:52:14,803 - __main__ - INFO - innate_buffer=2000, innate_train_len=2000, innate_val_len=2000
2020-10-02 17:52:14,804 - __main__ - INFO - target_state_list=(6000, 25), target_innate_seq=(6000, 5)
2020-10-02 17:56:37,577 - __main__ - DEBUG - n=5, val_loss=0.003529069381158429
2020-10-02 17:56:46,889 - __main__ - INFO - innate_buffer=2000, innate_train_len=2000, innate_val_len=2000
2020-10-02 17:56:46,889 - __main__ - INFO - target_state_list=(6000, 25), target_innate_seq=(6000, 5)
2020-10-02 18:00:06,395 - __main__ - DEBUG - n=6, val_loss=0.0040919187296144495
2020-10-02 18:00:15,697 - __main__ - INFO - innate_buffer=2000, innate_train_len=2000, innate_val_len=2000
2020-10-02 18:00:15,698 - __main__ - INFO - target_state_list=(6000, 25), target_innate_seq=(6000, 5)
2020-10-02 18:03:30,693 - __main__ - DEBUG - n=7, val_loss=0.003871127123132063
2020-10-02 18:03:39,521 - __main__ - INFO - innate_buffer=2000, innate_train_len=2000, innate_val_len=2000
2020-10-02 18:03:39,521 - __main__ - INFO - target_state_list=(6000, 25), target_innate_seq=(6000, 5)
2020-10-02 18:06:36,908 - __main__ - DEBUG - n=8, val_loss=0.0032632090540765197
2020-10-02 18:06:44,781 - __main__ - INFO - innate_buffer=2000, innate_train_len=2000, innate_val_len=2000
2020-10-02 18:06:44,782 - __main__ - INFO - target_state_list=(6000, 25), target_innate_seq=(6000, 5)
2020-10-02 18:09:23,527 - __main__ - DEBUG - n=9, val_loss=0.003703719457403246
2020-10-02 18:09:23,528 - __main__ - INFO - Ntrials=10, total loss avg=0.003585133055935362, std=0.0002468769497205742
