2020-10-02 17:27:06,797 - __main__ - INFO - n_units=5
2020-10-02 17:27:06,798 - __main__ - INFO - max_energy=1.0
2020-10-02 17:27:06,798 - __main__ - INFO - beta=1e-14
2020-10-02 17:27:06,798 - __main__ - INFO - taudelta=4.0
2020-10-02 17:27:06,798 - __main__ - INFO - V=1
2020-10-02 17:27:06,798 - __main__ - INFO - layers=5
2020-10-02 17:27:06,798 - __main__ - INFO - train_len=2000, val_len=2000, buffer=2000
2020-10-02 17:27:06,798 - __main__ - INFO - alpha=0.5, Ntrials=10
2020-10-02 17:27:06,798 - __main__ - INFO - noise=4.9999999999999996e-06, learning rate=10.0,scale_input=0.2
2020-10-02 17:27:15,817 - __main__ - INFO - innate_buffer=2000, innate_train_len=2000, innate_val_len=2000
2020-10-02 17:27:15,818 - __main__ - INFO - target_state_list=(6000, 25), target_innate_seq=(6000, 5)
2020-10-02 17:30:30,416 - __main__ - DEBUG - n=0, val_loss=0.0025158967269329545
2020-10-02 17:30:39,615 - __main__ - INFO - innate_buffer=2000, innate_train_len=2000, innate_val_len=2000
2020-10-02 17:30:39,615 - __main__ - INFO - target_state_list=(6000, 25), target_innate_seq=(6000, 5)
2020-10-02 17:34:08,792 - __main__ - DEBUG - n=1, val_loss=0.002521570575256775
2020-10-02 17:34:23,662 - __main__ - INFO - innate_buffer=2000, innate_train_len=2000, innate_val_len=2000
2020-10-02 17:34:23,662 - __main__ - INFO - target_state_list=(6000, 25), target_innate_seq=(6000, 5)
2020-10-02 17:39:40,300 - __main__ - DEBUG - n=2, val_loss=0.002885315185175099
2020-10-02 17:39:55,421 - __main__ - INFO - innate_buffer=2000, innate_train_len=2000, innate_val_len=2000
2020-10-02 17:39:55,422 - __main__ - INFO - target_state_list=(6000, 25), target_innate_seq=(6000, 5)
2020-10-02 17:45:19,270 - __main__ - DEBUG - n=3, val_loss=0.0027430411352551603
2020-10-02 17:45:34,612 - __main__ - INFO - innate_buffer=2000, innate_train_len=2000, innate_val_len=2000
2020-10-02 17:45:34,612 - __main__ - INFO - target_state_list=(6000, 25), target_innate_seq=(6000, 5)
2020-10-02 17:51:00,011 - __main__ - DEBUG - n=4, val_loss=0.003028673580093075
2020-10-02 17:51:14,988 - __main__ - INFO - innate_buffer=2000, innate_train_len=2000, innate_val_len=2000
2020-10-02 17:51:14,988 - __main__ - INFO - target_state_list=(6000, 25), target_innate_seq=(6000, 5)
2020-10-02 17:54:38,700 - __main__ - DEBUG - n=5, val_loss=0.002734863819107285
2020-10-02 17:54:47,981 - __main__ - INFO - innate_buffer=2000, innate_train_len=2000, innate_val_len=2000
2020-10-02 17:54:47,981 - __main__ - INFO - target_state_list=(6000, 25), target_innate_seq=(6000, 5)
2020-10-02 17:58:07,648 - __main__ - DEBUG - n=6, val_loss=0.003066780536621589
2020-10-02 17:58:16,957 - __main__ - INFO - innate_buffer=2000, innate_train_len=2000, innate_val_len=2000
2020-10-02 17:58:16,957 - __main__ - INFO - target_state_list=(6000, 25), target_innate_seq=(6000, 5)
2020-10-02 18:01:35,395 - __main__ - DEBUG - n=7, val_loss=0.0028786433224180083
2020-10-02 18:01:44,596 - __main__ - INFO - innate_buffer=2000, innate_train_len=2000, innate_val_len=2000
2020-10-02 18:01:44,596 - __main__ - INFO - target_state_list=(6000, 25), target_innate_seq=(6000, 5)
2020-10-02 18:04:52,519 - __main__ - DEBUG - n=8, val_loss=0.002133875082735341
2020-10-02 18:05:00,948 - __main__ - INFO - innate_buffer=2000, innate_train_len=2000, innate_val_len=2000
2020-10-02 18:05:00,948 - __main__ - INFO - target_state_list=(6000, 25), target_innate_seq=(6000, 5)
2020-10-02 18:07:50,204 - __main__ - DEBUG - n=9, val_loss=0.0029902680117192015
2020-10-02 18:07:50,204 - __main__ - INFO - Ntrials=10, total loss avg=0.0027498927975314487, std=0.00027522146843802635
