2020-10-02 17:22:58,494 - __main__ - INFO - n_units=5
2020-10-02 17:22:58,494 - __main__ - INFO - max_energy=1.0
2020-10-02 17:22:58,494 - __main__ - INFO - beta=1e-14
2020-10-02 17:22:58,494 - __main__ - INFO - taudelta=4.0
2020-10-02 17:22:58,494 - __main__ - INFO - V=1
2020-10-02 17:22:58,494 - __main__ - INFO - layers=5
2020-10-02 17:22:58,494 - __main__ - INFO - train_len=2000, val_len=2000, buffer=2000
2020-10-02 17:22:58,494 - __main__ - INFO - alpha=0.5, Ntrials=10
2020-10-02 17:22:58,494 - __main__ - INFO - noise=6e-06, learning rate=0.0,scale_input=0.2
2020-10-02 17:23:15,239 - __main__ - DEBUG - n=0, val_loss=0.0030501329128799874
2020-10-02 17:23:32,141 - __main__ - DEBUG - n=1, val_loss=0.0033706981063039805
2020-10-02 17:23:49,046 - __main__ - DEBUG - n=2, val_loss=0.0030339765826085906
2020-10-02 17:24:05,998 - __main__ - DEBUG - n=3, val_loss=0.0030590226806642097
2020-10-02 17:24:21,565 - __main__ - DEBUG - n=4, val_loss=0.0028919539585803423
2020-10-02 17:24:35,523 - __main__ - DEBUG - n=5, val_loss=0.0035415301288068282
2020-10-02 17:24:43,867 - __main__ - DEBUG - n=6, val_loss=0.004062602780597762
2020-10-02 17:24:51,878 - __main__ - DEBUG - n=7, val_loss=0.003043205732454249
2020-10-02 17:24:59,766 - __main__ - DEBUG - n=8, val_loss=0.0031502611811434164
2020-10-02 17:25:07,310 - __main__ - DEBUG - n=9, val_loss=0.003517328375837895
2020-10-02 17:25:07,311 - __main__ - INFO - Ntrials=10, total loss avg=0.003272071243987726, std=0.0003362243544195067
