2020-10-02 17:27:06,810 - __main__ - INFO - n_units=5
2020-10-02 17:27:06,811 - __main__ - INFO - max_energy=1.0
2020-10-02 17:27:06,811 - __main__ - INFO - beta=1e-14
2020-10-02 17:27:06,811 - __main__ - INFO - taudelta=4.0
2020-10-02 17:27:06,811 - __main__ - INFO - V=1
2020-10-02 17:27:06,811 - __main__ - INFO - layers=5
2020-10-02 17:27:06,811 - __main__ - INFO - train_len=2000, val_len=2000, buffer=2000
2020-10-02 17:27:06,811 - __main__ - INFO - alpha=0.5, Ntrials=10
2020-10-02 17:27:06,811 - __main__ - INFO - noise=0.00030000000000000003, learning rate=10.0,scale_input=0.2
2020-10-02 17:27:15,794 - __main__ - INFO - innate_buffer=2000, innate_train_len=2000, innate_val_len=2000
2020-10-02 17:27:15,795 - __main__ - INFO - target_state_list=(6000, 25), target_innate_seq=(6000, 5)
2020-10-02 17:30:31,638 - __main__ - DEBUG - n=0, val_loss=0.003912552824498791
2020-10-02 17:30:40,900 - __main__ - INFO - innate_buffer=2000, innate_train_len=2000, innate_val_len=2000
2020-10-02 17:30:40,900 - __main__ - INFO - target_state_list=(6000, 25), target_innate_seq=(6000, 5)
2020-10-02 17:33:58,224 - __main__ - DEBUG - n=1, val_loss=0.004488365556427328
2020-10-02 17:34:07,474 - __main__ - INFO - innate_buffer=2000, innate_train_len=2000, innate_val_len=2000
2020-10-02 17:34:07,474 - __main__ - INFO - target_state_list=(6000, 25), target_innate_seq=(6000, 5)
2020-10-02 17:37:24,546 - __main__ - DEBUG - n=2, val_loss=0.0037453757602859124
2020-10-02 17:37:33,830 - __main__ - INFO - innate_buffer=2000, innate_train_len=2000, innate_val_len=2000
2020-10-02 17:37:33,830 - __main__ - INFO - target_state_list=(6000, 25), target_innate_seq=(6000, 5)
2020-10-02 17:40:51,242 - __main__ - DEBUG - n=3, val_loss=0.004414519077719818
2020-10-02 17:41:00,526 - __main__ - INFO - innate_buffer=2000, innate_train_len=2000, innate_val_len=2000
2020-10-02 17:41:00,526 - __main__ - INFO - target_state_list=(6000, 25), target_innate_seq=(6000, 5)
2020-10-02 17:44:18,387 - __main__ - DEBUG - n=4, val_loss=0.00431580872223892
2020-10-02 17:44:27,655 - __main__ - INFO - innate_buffer=2000, innate_train_len=2000, innate_val_len=2000
2020-10-02 17:44:27,655 - __main__ - INFO - target_state_list=(6000, 25), target_innate_seq=(6000, 5)
2020-10-02 17:47:45,925 - __main__ - DEBUG - n=5, val_loss=0.004292068455620368
2020-10-02 17:47:55,236 - __main__ - INFO - innate_buffer=2000, innate_train_len=2000, innate_val_len=2000
2020-10-02 17:47:55,236 - __main__ - INFO - target_state_list=(6000, 25), target_innate_seq=(6000, 5)
2020-10-02 17:52:09,073 - __main__ - DEBUG - n=6, val_loss=0.004937696732479713
2020-10-02 17:52:20,098 - __main__ - INFO - innate_buffer=2000, innate_train_len=2000, innate_val_len=2000
2020-10-02 17:52:20,098 - __main__ - INFO - target_state_list=(6000, 25), target_innate_seq=(6000, 5)
2020-10-02 17:55:37,996 - __main__ - DEBUG - n=7, val_loss=0.004670776050852565
2020-10-02 17:55:47,285 - __main__ - INFO - innate_buffer=2000, innate_train_len=2000, innate_val_len=2000
2020-10-02 17:55:47,285 - __main__ - INFO - target_state_list=(6000, 25), target_innate_seq=(6000, 5)
2020-10-02 17:59:05,509 - __main__ - DEBUG - n=8, val_loss=0.0042114126765355935
2020-10-02 17:59:14,787 - __main__ - INFO - innate_buffer=2000, innate_train_len=2000, innate_val_len=2000
2020-10-02 17:59:14,787 - __main__ - INFO - target_state_list=(6000, 25), target_innate_seq=(6000, 5)
2020-10-02 18:02:31,278 - __main__ - DEBUG - n=9, val_loss=0.00454826189066148
2020-10-02 18:02:31,278 - __main__ - INFO - Ntrials=10, total loss avg=0.004353683774732049, std=0.00033036746120449807
