2020-10-02 17:22:58,506 - __main__ - INFO - n_units=5
2020-10-02 17:22:58,506 - __main__ - INFO - max_energy=1.0
2020-10-02 17:22:58,506 - __main__ - INFO - beta=1e-14
2020-10-02 17:22:58,506 - __main__ - INFO - taudelta=4.0
2020-10-02 17:22:58,506 - __main__ - INFO - V=1
2020-10-02 17:22:58,506 - __main__ - INFO - layers=5
2020-10-02 17:22:58,506 - __main__ - INFO - train_len=2000, val_len=2000, buffer=2000
2020-10-02 17:22:58,506 - __main__ - INFO - alpha=0.5, Ntrials=10
2020-10-02 17:22:58,506 - __main__ - INFO - noise=8e-05, learning rate=0.0,scale_input=0.2
2020-10-02 17:23:11,956 - __main__ - DEBUG - n=0, val_loss=0.003801173664348729
2020-10-02 17:23:27,918 - __main__ - DEBUG - n=1, val_loss=0.0038992550372411615
2020-10-02 17:23:44,270 - __main__ - DEBUG - n=2, val_loss=0.004007896221087114
2020-10-02 17:23:59,994 - __main__ - DEBUG - n=3, val_loss=0.003668510407779972
2020-10-02 17:24:15,912 - __main__ - DEBUG - n=4, val_loss=0.003082424028561236
2020-10-02 17:24:32,264 - __main__ - DEBUG - n=5, val_loss=0.004155406556454576
2020-10-02 17:24:41,198 - __main__ - DEBUG - n=6, val_loss=0.00444612522439597
2020-10-02 17:24:49,275 - __main__ - DEBUG - n=7, val_loss=0.0034003939989453624
2020-10-02 17:24:57,166 - __main__ - DEBUG - n=8, val_loss=0.0035401999385803987
2020-10-02 17:25:04,923 - __main__ - DEBUG - n=9, val_loss=0.003964098461290527
2020-10-02 17:25:04,924 - __main__ - INFO - Ntrials=10, total loss avg=0.003796548353868505, std=0.00037189519849662264
