2020-10-02 17:20:53,518 - __main__ - INFO - n_units=5
2020-10-02 17:20:53,519 - __main__ - INFO - max_energy=1.0
2020-10-02 17:20:53,519 - __main__ - INFO - beta=1e-14
2020-10-02 17:20:53,519 - __main__ - INFO - taudelta=4.0
2020-10-02 17:20:53,519 - __main__ - INFO - V=1
2020-10-02 17:20:53,519 - __main__ - INFO - layers=5
2020-10-02 17:20:53,519 - __main__ - INFO - train_len=2000, val_len=2000, buffer=2000
2020-10-02 17:20:53,519 - __main__ - INFO - alpha=0.5, Ntrials=10
2020-10-02 17:20:53,519 - __main__ - INFO - noise=1e-06, learning rate=0.0,scale_input=0.2
2020-10-02 17:21:02,742 - __main__ - DEBUG - n=0, val_loss=0.002838055845747778
2020-10-02 17:21:12,039 - __main__ - DEBUG - n=1, val_loss=0.0027562166292733666
2020-10-02 17:21:21,333 - __main__ - DEBUG - n=2, val_loss=0.0028031766349590503
2020-10-02 17:21:30,663 - __main__ - DEBUG - n=3, val_loss=0.00275822283737843
2020-10-02 17:21:40,000 - __main__ - DEBUG - n=4, val_loss=0.002927133502310349
2020-10-02 17:21:49,347 - __main__ - DEBUG - n=5, val_loss=0.002834562214055571
2020-10-02 17:21:58,711 - __main__ - DEBUG - n=6, val_loss=0.003188484031714667
2020-10-02 17:22:08,061 - __main__ - DEBUG - n=7, val_loss=0.0031103191529878622
2020-10-02 17:22:17,445 - __main__ - DEBUG - n=8, val_loss=0.002896623618992426
2020-10-02 17:22:26,700 - __main__ - DEBUG - n=9, val_loss=0.0029307958862769532
2020-10-02 17:22:26,700 - __main__ - INFO - Ntrials=10, total loss avg=0.0029043590353696456, std=0.000136832580884079
