2020-10-02 17:20:53,487 - __main__ - INFO - n_units=5
2020-10-02 17:20:53,488 - __main__ - INFO - max_energy=1.0
2020-10-02 17:20:53,488 - __main__ - INFO - beta=1e-14
2020-10-02 17:20:53,488 - __main__ - INFO - taudelta=4.0
2020-10-02 17:20:53,488 - __main__ - INFO - V=1
2020-10-02 17:20:53,488 - __main__ - INFO - layers=5
2020-10-02 17:20:53,488 - __main__ - INFO - train_len=2000, val_len=2000, buffer=2000
2020-10-02 17:20:53,488 - __main__ - INFO - alpha=0.5, Ntrials=10
2020-10-02 17:20:53,488 - __main__ - INFO - noise=4.9999999999999996e-06, learning rate=0.0,scale_input=0.2
2020-10-02 17:21:07,369 - __main__ - DEBUG - n=0, val_loss=0.0025153708844913867
2020-10-02 17:21:22,314 - __main__ - DEBUG - n=1, val_loss=0.0025340868013858445
2020-10-02 17:21:37,704 - __main__ - DEBUG - n=2, val_loss=0.0028820718711425482
2020-10-02 17:21:53,090 - __main__ - DEBUG - n=3, val_loss=0.0027705011344494467
2020-10-02 17:22:08,727 - __main__ - DEBUG - n=4, val_loss=0.0030430201236818243
2020-10-02 17:22:24,275 - __main__ - DEBUG - n=5, val_loss=0.0027483006784002426
2020-10-02 17:22:32,950 - __main__ - DEBUG - n=6, val_loss=0.0030740083841043304
2020-10-02 17:22:40,778 - __main__ - DEBUG - n=7, val_loss=0.002868180438892484
2020-10-02 17:22:48,355 - __main__ - DEBUG - n=8, val_loss=0.002171011552859323
2020-10-02 17:22:55,733 - __main__ - DEBUG - n=9, val_loss=0.0029884608017330967
2020-10-02 17:22:55,733 - __main__ - INFO - Ntrials=10, total loss avg=0.002759501267114053, std=0.00026749444323984127
