2020-10-02 17:20:53,504 - __main__ - INFO - n_units=5
2020-10-02 17:20:53,504 - __main__ - INFO - max_energy=1.0
2020-10-02 17:20:53,504 - __main__ - INFO - beta=1e-14
2020-10-02 17:20:53,504 - __main__ - INFO - taudelta=4.0
2020-10-02 17:20:53,504 - __main__ - INFO - V=1
2020-10-02 17:20:53,504 - __main__ - INFO - layers=5
2020-10-02 17:20:53,504 - __main__ - INFO - train_len=2000, val_len=2000, buffer=2000
2020-10-02 17:20:53,505 - __main__ - INFO - alpha=0.5, Ntrials=10
2020-10-02 17:20:53,505 - __main__ - INFO - noise=0.0006000000000000001, learning rate=0.0,scale_input=0.2
2020-10-02 17:21:09,242 - __main__ - DEBUG - n=0, val_loss=0.0043210646164192805
2020-10-02 17:21:24,288 - __main__ - DEBUG - n=1, val_loss=0.00506368505576152
2020-10-02 17:21:40,087 - __main__ - DEBUG - n=2, val_loss=0.003996340191977964
2020-10-02 17:21:55,898 - __main__ - DEBUG - n=3, val_loss=0.004927212692815657
2020-10-02 17:22:10,991 - __main__ - DEBUG - n=4, val_loss=0.004775817960225496
2020-10-02 17:22:25,019 - __main__ - DEBUG - n=5, val_loss=0.004726849031650417
2020-10-02 17:22:32,980 - __main__ - DEBUG - n=6, val_loss=0.005457399140297346
2020-10-02 17:22:40,635 - __main__ - DEBUG - n=7, val_loss=0.005202822424342405
2020-10-02 17:22:48,039 - __main__ - DEBUG - n=8, val_loss=0.004735575596940311
2020-10-02 17:22:55,372 - __main__ - DEBUG - n=9, val_loss=0.00510277178121107
2020-10-02 17:22:55,373 - __main__ - INFO - Ntrials=10, total loss avg=0.004830953849164146, std=0.00040590347182334693
