2020-10-02 18:12:54,012 - __main__ - INFO - n_units=5
2020-10-02 18:12:54,013 - __main__ - INFO - max_energy=1.0
2020-10-02 18:12:54,013 - __main__ - INFO - beta=1e-14
2020-10-02 18:12:54,013 - __main__ - INFO - taudelta=4.0
2020-10-02 18:12:54,013 - __main__ - INFO - V=1
2020-10-02 18:12:54,013 - __main__ - INFO - layers=5
2020-10-02 18:12:54,013 - __main__ - INFO - train_len=2000, val_len=2000, buffer=2000
2020-10-02 18:12:54,013 - __main__ - INFO - alpha=0.5, Ntrials=10
2020-10-02 18:12:54,013 - __main__ - INFO - noise=0.0007, learning rate=10.0,scale_input=0.2
2020-10-02 18:13:09,013 - __main__ - INFO - innate_buffer=2000, innate_train_len=2000, innate_val_len=2000
2020-10-02 18:13:09,013 - __main__ - INFO - target_state_list=(6000, 25), target_innate_seq=(6000, 5)
2020-10-02 18:18:34,962 - __main__ - DEBUG - n=0, val_loss=0.004117568216126381
2020-10-02 18:18:50,432 - __main__ - INFO - innate_buffer=2000, innate_train_len=2000, innate_val_len=2000
2020-10-02 18:18:50,433 - __main__ - INFO - target_state_list=(6000, 25), target_innate_seq=(6000, 5)
2020-10-02 18:24:16,402 - __main__ - DEBUG - n=1, val_loss=0.00440348584534025
2020-10-02 18:24:31,586 - __main__ - INFO - innate_buffer=2000, innate_train_len=2000, innate_val_len=2000
2020-10-02 18:24:31,586 - __main__ - INFO - target_state_list=(6000, 25), target_innate_seq=(6000, 5)
2020-10-02 18:29:45,351 - __main__ - DEBUG - n=2, val_loss=0.0037953808890981325
2020-10-02 18:30:00,645 - __main__ - INFO - innate_buffer=2000, innate_train_len=2000, innate_val_len=2000
2020-10-02 18:30:00,645 - __main__ - INFO - target_state_list=(6000, 25), target_innate_seq=(6000, 5)
2020-10-02 18:35:19,242 - __main__ - DEBUG - n=3, val_loss=0.00438547654787423
2020-10-02 18:35:34,969 - __main__ - INFO - innate_buffer=2000, innate_train_len=2000, innate_val_len=2000
2020-10-02 18:35:34,969 - __main__ - INFO - target_state_list=(6000, 25), target_innate_seq=(6000, 5)
2020-10-02 18:40:55,095 - __main__ - DEBUG - n=4, val_loss=0.004020335689616096
2020-10-02 18:41:10,414 - __main__ - INFO - innate_buffer=2000, innate_train_len=2000, innate_val_len=2000
2020-10-02 18:41:10,414 - __main__ - INFO - target_state_list=(6000, 25), target_innate_seq=(6000, 5)
2020-10-02 18:45:17,752 - __main__ - DEBUG - n=5, val_loss=0.004423910866184007
2020-10-02 18:45:27,240 - __main__ - INFO - innate_buffer=2000, innate_train_len=2000, innate_val_len=2000
2020-10-02 18:45:27,240 - __main__ - INFO - target_state_list=(6000, 25), target_innate_seq=(6000, 5)
2020-10-02 18:48:43,480 - __main__ - DEBUG - n=6, val_loss=0.0049142629865375825
2020-10-02 18:48:52,665 - __main__ - INFO - innate_buffer=2000, innate_train_len=2000, innate_val_len=2000
2020-10-02 18:48:52,665 - __main__ - INFO - target_state_list=(6000, 25), target_innate_seq=(6000, 5)
2020-10-02 18:51:57,799 - __main__ - DEBUG - n=7, val_loss=0.004454175029021977
2020-10-02 18:52:06,237 - __main__ - INFO - innate_buffer=2000, innate_train_len=2000, innate_val_len=2000
2020-10-02 18:52:06,237 - __main__ - INFO - target_state_list=(6000, 25), target_innate_seq=(6000, 5)
2020-10-02 18:54:46,955 - __main__ - DEBUG - n=8, val_loss=0.004556507009911338
2020-10-02 18:54:54,114 - __main__ - INFO - innate_buffer=2000, innate_train_len=2000, innate_val_len=2000
2020-10-02 18:54:54,114 - __main__ - INFO - target_state_list=(6000, 25), target_innate_seq=(6000, 5)
2020-10-02 18:57:21,270 - __main__ - DEBUG - n=9, val_loss=0.004461376101238028
2020-10-02 18:57:21,270 - __main__ - INFO - Ntrials=10, total loss avg=0.004353247918094802, std=0.0002939518724403862
