2020-10-02 17:22:58,462 - __main__ - INFO - n_units=5
2020-10-02 17:22:58,462 - __main__ - INFO - max_energy=1.0
2020-10-02 17:22:58,462 - __main__ - INFO - beta=1e-14
2020-10-02 17:22:58,462 - __main__ - INFO - taudelta=4.0
2020-10-02 17:22:58,463 - __main__ - INFO - V=1
2020-10-02 17:22:58,463 - __main__ - INFO - layers=5
2020-10-02 17:22:58,463 - __main__ - INFO - train_len=2000, val_len=2000, buffer=2000
2020-10-02 17:22:58,463 - __main__ - INFO - alpha=0.5, Ntrials=10
2020-10-02 17:22:58,463 - __main__ - INFO - noise=2e-05, learning rate=0.0,scale_input=0.2
2020-10-02 17:23:14,389 - __main__ - DEBUG - n=0, val_loss=0.0029828709978409816
2020-10-02 17:23:29,656 - __main__ - DEBUG - n=1, val_loss=0.003195164716967743
2020-10-02 17:23:45,374 - __main__ - DEBUG - n=2, val_loss=0.0029994134959363057
2020-10-02 17:24:00,631 - __main__ - DEBUG - n=3, val_loss=0.0030937417212741746
2020-10-02 17:24:16,470 - __main__ - DEBUG - n=4, val_loss=0.003111494569027052
2020-10-02 17:24:32,173 - __main__ - DEBUG - n=5, val_loss=0.003473506435874063
2020-10-02 17:24:40,659 - __main__ - DEBUG - n=6, val_loss=0.003819929987755441
2020-10-02 17:24:48,549 - __main__ - DEBUG - n=7, val_loss=0.0032321471042739184
2020-10-02 17:24:56,273 - __main__ - DEBUG - n=8, val_loss=0.0032233723722379557
2020-10-02 17:25:03,965 - __main__ - DEBUG - n=9, val_loss=0.0031461556813069426
2020-10-02 17:25:03,966 - __main__ - INFO - Ntrials=10, total loss avg=0.003227779708249458, std=0.00023715145272463364
