2020-10-02 17:20:53,508 - __main__ - INFO - n_units=5
2020-10-02 17:20:53,508 - __main__ - INFO - max_energy=1.0
2020-10-02 17:20:53,508 - __main__ - INFO - beta=1e-14
2020-10-02 17:20:53,508 - __main__ - INFO - taudelta=4.0
2020-10-02 17:20:53,508 - __main__ - INFO - V=1
2020-10-02 17:20:53,508 - __main__ - INFO - layers=5
2020-10-02 17:20:53,508 - __main__ - INFO - train_len=2000, val_len=2000, buffer=2000
2020-10-02 17:20:53,508 - __main__ - INFO - alpha=0.5, Ntrials=10
2020-10-02 17:20:53,508 - __main__ - INFO - noise=0.001, learning rate=0.0,scale_input=0.2
2020-10-02 17:21:07,463 - __main__ - DEBUG - n=0, val_loss=0.004696718934124481
2020-10-02 17:21:16,625 - __main__ - DEBUG - n=1, val_loss=0.005488903990351285
2020-10-02 17:21:25,795 - __main__ - DEBUG - n=2, val_loss=0.004249479600056773
2020-10-02 17:21:34,970 - __main__ - DEBUG - n=3, val_loss=0.005320729232449057
2020-10-02 17:21:44,192 - __main__ - DEBUG - n=4, val_loss=0.005149672016763619
2020-10-02 17:21:53,394 - __main__ - DEBUG - n=5, val_loss=0.005109759074379712
2020-10-02 17:22:02,610 - __main__ - DEBUG - n=6, val_loss=0.005881532776984271
2020-10-02 17:22:11,829 - __main__ - DEBUG - n=7, val_loss=0.00562078695185146
2020-10-02 17:22:21,039 - __main__ - DEBUG - n=8, val_loss=0.005101581859424102
2020-10-02 17:22:29,701 - __main__ - DEBUG - n=9, val_loss=0.005545259660664891
2020-10-02 17:22:29,701 - __main__ - INFO - Ntrials=10, total loss avg=0.005216442409704964, std=0.0004509139248237119
