2020-10-02 17:20:53,513 - __main__ - INFO - n_units=5
2020-10-02 17:20:53,515 - __main__ - INFO - max_energy=1.0
2020-10-02 17:20:53,515 - __main__ - INFO - beta=1e-14
2020-10-02 17:20:53,515 - __main__ - INFO - taudelta=4.0
2020-10-02 17:20:53,515 - __main__ - INFO - V=1
2020-10-02 17:20:53,515 - __main__ - INFO - layers=5
2020-10-02 17:20:53,515 - __main__ - INFO - train_len=2000, val_len=2000, buffer=2000
2020-10-02 17:20:53,515 - __main__ - INFO - alpha=0.5, Ntrials=10
2020-10-02 17:20:53,515 - __main__ - INFO - noise=0.007, learning rate=0.0,scale_input=0.2
2020-10-02 17:21:02,435 - __main__ - DEBUG - n=0, val_loss=0.005984294282940804
2020-10-02 17:21:11,476 - __main__ - DEBUG - n=1, val_loss=0.006626407962461378
2020-10-02 17:21:20,494 - __main__ - DEBUG - n=2, val_loss=0.005537403749701359
2020-10-02 17:21:29,550 - __main__ - DEBUG - n=3, val_loss=0.006261912820558087
2020-10-02 17:21:38,607 - __main__ - DEBUG - n=4, val_loss=0.0062360005352114015
2020-10-02 17:21:47,672 - __main__ - DEBUG - n=5, val_loss=0.006657013189415038
2020-10-02 17:21:56,753 - __main__ - DEBUG - n=6, val_loss=0.007039813846512323
2020-10-02 17:22:05,849 - __main__ - DEBUG - n=7, val_loss=0.0066651398586343455
2020-10-02 17:22:14,921 - __main__ - DEBUG - n=8, val_loss=0.005934231001290081
2020-10-02 17:22:24,025 - __main__ - DEBUG - n=9, val_loss=0.006726329699857078
2020-10-02 17:22:24,025 - __main__ - INFO - Ntrials=10, total loss avg=0.0063668546946581885, std=0.0004326973995915525
