2020-10-02 18:12:54,039 - __main__ - INFO - n_units=5
2020-10-02 18:12:54,039 - __main__ - INFO - max_energy=1.0
2020-10-02 18:12:54,039 - __main__ - INFO - beta=1e-14
2020-10-02 18:12:54,039 - __main__ - INFO - taudelta=4.0
2020-10-02 18:12:54,039 - __main__ - INFO - V=1
2020-10-02 18:12:54,039 - __main__ - INFO - layers=5
2020-10-02 18:12:54,039 - __main__ - INFO - train_len=2000, val_len=2000, buffer=2000
2020-10-02 18:12:54,039 - __main__ - INFO - alpha=0.5, Ntrials=10
2020-10-02 18:12:54,039 - __main__ - INFO - noise=5e-05, learning rate=10.0,scale_input=0.2
2020-10-02 18:13:08,945 - __main__ - INFO - innate_buffer=2000, innate_train_len=2000, innate_val_len=2000
2020-10-02 18:13:08,945 - __main__ - INFO - target_state_list=(6000, 25), target_innate_seq=(6000, 5)
2020-10-02 18:18:34,903 - __main__ - DEBUG - n=0, val_loss=0.0036705164118838785
2020-10-02 18:18:51,141 - __main__ - INFO - innate_buffer=2000, innate_train_len=2000, innate_val_len=2000
2020-10-02 18:18:51,142 - __main__ - INFO - target_state_list=(6000, 25), target_innate_seq=(6000, 5)
2020-10-02 18:24:17,044 - __main__ - DEBUG - n=1, val_loss=0.003754553321239321
2020-10-02 18:24:32,460 - __main__ - INFO - innate_buffer=2000, innate_train_len=2000, innate_val_len=2000
2020-10-02 18:24:32,461 - __main__ - INFO - target_state_list=(6000, 25), target_innate_seq=(6000, 5)
2020-10-02 18:28:00,185 - __main__ - DEBUG - n=2, val_loss=0.0038888734966497315
2020-10-02 18:28:09,787 - __main__ - INFO - innate_buffer=2000, innate_train_len=2000, innate_val_len=2000
2020-10-02 18:28:09,787 - __main__ - INFO - target_state_list=(6000, 25), target_innate_seq=(6000, 5)
2020-10-02 18:31:26,908 - __main__ - DEBUG - n=3, val_loss=0.0035134743036340245
2020-10-02 18:31:36,515 - __main__ - INFO - innate_buffer=2000, innate_train_len=2000, innate_val_len=2000
2020-10-02 18:31:36,515 - __main__ - INFO - target_state_list=(6000, 25), target_innate_seq=(6000, 5)
2020-10-02 18:34:53,792 - __main__ - DEBUG - n=4, val_loss=0.003033123731887857
2020-10-02 18:35:03,409 - __main__ - INFO - innate_buffer=2000, innate_train_len=2000, innate_val_len=2000
2020-10-02 18:35:03,409 - __main__ - INFO - target_state_list=(6000, 25), target_innate_seq=(6000, 5)
2020-10-02 18:38:20,357 - __main__ - DEBUG - n=5, val_loss=0.004019612629139289
2020-10-02 18:38:29,993 - __main__ - INFO - innate_buffer=2000, innate_train_len=2000, innate_val_len=2000
2020-10-02 18:38:29,993 - __main__ - INFO - target_state_list=(6000, 25), target_innate_seq=(6000, 5)
2020-10-02 18:42:38,057 - __main__ - DEBUG - n=6, val_loss=0.0043482430260118835
2020-10-02 18:42:54,118 - __main__ - INFO - innate_buffer=2000, innate_train_len=2000, innate_val_len=2000
2020-10-02 18:42:54,118 - __main__ - INFO - target_state_list=(6000, 25), target_innate_seq=(6000, 5)
2020-10-02 18:46:36,899 - __main__ - DEBUG - n=7, val_loss=0.0033330760118136632
2020-10-02 18:46:46,495 - __main__ - INFO - innate_buffer=2000, innate_train_len=2000, innate_val_len=2000
2020-10-02 18:46:46,495 - __main__ - INFO - target_state_list=(6000, 25), target_innate_seq=(6000, 5)
2020-10-02 18:49:59,708 - __main__ - DEBUG - n=8, val_loss=0.0034392650125368257
2020-10-02 18:50:08,910 - __main__ - INFO - innate_buffer=2000, innate_train_len=2000, innate_val_len=2000
2020-10-02 18:50:08,910 - __main__ - INFO - target_state_list=(6000, 25), target_innate_seq=(6000, 5)
2020-10-02 18:53:06,060 - __main__ - DEBUG - n=9, val_loss=0.003844666857276213
2020-10-02 18:53:06,060 - __main__ - INFO - Ntrials=10, total loss avg=0.0036845404802072685, std=0.00035532521290832246
