2020-10-02 17:20:53,514 - __main__ - INFO - n_units=5
2020-10-02 17:20:53,516 - __main__ - INFO - max_energy=1.0
2020-10-02 17:20:53,516 - __main__ - INFO - beta=1e-14
2020-10-02 17:20:53,516 - __main__ - INFO - taudelta=4.0
2020-10-02 17:20:53,516 - __main__ - INFO - V=1
2020-10-02 17:20:53,516 - __main__ - INFO - layers=5
2020-10-02 17:20:53,516 - __main__ - INFO - train_len=2000, val_len=2000, buffer=2000
2020-10-02 17:20:53,516 - __main__ - INFO - alpha=0.5, Ntrials=10
2020-10-02 17:20:53,516 - __main__ - INFO - noise=0.008, learning rate=0.0,scale_input=0.2
2020-10-02 17:21:02,669 - __main__ - DEBUG - n=0, val_loss=0.00603896026545285
2020-10-02 17:21:11,854 - __main__ - DEBUG - n=1, val_loss=0.006665222586410097
2020-10-02 17:21:21,043 - __main__ - DEBUG - n=2, val_loss=0.005614076592580532
2020-10-02 17:21:30,272 - __main__ - DEBUG - n=3, val_loss=0.006290189396587165
2020-10-02 17:21:39,511 - __main__ - DEBUG - n=4, val_loss=0.006277187084330223
2020-10-02 17:21:48,750 - __main__ - DEBUG - n=5, val_loss=0.006734491615738538
2020-10-02 17:21:57,999 - __main__ - DEBUG - n=6, val_loss=0.007079633797493741
2020-10-02 17:22:07,235 - __main__ - DEBUG - n=7, val_loss=0.006697245620170456
2020-10-02 17:22:16,460 - __main__ - DEBUG - n=8, val_loss=0.00596071245506949
2020-10-02 17:22:25,686 - __main__ - DEBUG - n=9, val_loss=0.006765916180932048
2020-10-02 17:22:25,686 - __main__ - INFO - Ntrials=10, total loss avg=0.006412363559476514, std=0.0004281344431888545
