2020-10-02 17:27:06,795 - __main__ - INFO - n_units=5
2020-10-02 17:27:06,795 - __main__ - INFO - max_energy=1.0
2020-10-02 17:27:06,795 - __main__ - INFO - beta=1e-14
2020-10-02 17:27:06,795 - __main__ - INFO - taudelta=4.0
2020-10-02 17:27:06,795 - __main__ - INFO - V=1
2020-10-02 17:27:06,796 - __main__ - INFO - layers=5
2020-10-02 17:27:06,796 - __main__ - INFO - train_len=2000, val_len=2000, buffer=2000
2020-10-02 17:27:06,796 - __main__ - INFO - alpha=0.5, Ntrials=10
2020-10-02 17:27:06,796 - __main__ - INFO - noise=2e-06, learning rate=10.0,scale_input=0.2
2020-10-02 17:27:20,179 - __main__ - INFO - innate_buffer=2000, innate_train_len=2000, innate_val_len=2000
2020-10-02 17:27:20,179 - __main__ - INFO - target_state_list=(6000, 25), target_innate_seq=(6000, 5)
2020-10-02 17:31:10,877 - __main__ - DEBUG - n=0, val_loss=0.0021107670777213115
2020-10-02 17:31:26,325 - __main__ - INFO - innate_buffer=2000, innate_train_len=2000, innate_val_len=2000
2020-10-02 17:31:26,326 - __main__ - INFO - target_state_list=(6000, 25), target_innate_seq=(6000, 5)
2020-10-02 17:35:00,880 - __main__ - DEBUG - n=1, val_loss=0.002192480940187146
2020-10-02 17:35:15,852 - __main__ - INFO - innate_buffer=2000, innate_train_len=2000, innate_val_len=2000
2020-10-02 17:35:15,852 - __main__ - INFO - target_state_list=(6000, 25), target_innate_seq=(6000, 5)
2020-10-02 17:39:00,041 - __main__ - DEBUG - n=2, val_loss=0.0026116270781057827
2020-10-02 17:39:14,964 - __main__ - INFO - innate_buffer=2000, innate_train_len=2000, innate_val_len=2000
2020-10-02 17:39:14,964 - __main__ - INFO - target_state_list=(6000, 25), target_innate_seq=(6000, 5)
2020-10-02 17:42:42,459 - __main__ - DEBUG - n=3, val_loss=0.002365702420806406
2020-10-02 17:42:51,771 - __main__ - INFO - innate_buffer=2000, innate_train_len=2000, innate_val_len=2000
2020-10-02 17:42:51,771 - __main__ - INFO - target_state_list=(6000, 25), target_innate_seq=(6000, 5)
2020-10-02 17:46:34,979 - __main__ - DEBUG - n=4, val_loss=0.0026055454781814336
2020-10-02 17:46:49,930 - __main__ - INFO - innate_buffer=2000, innate_train_len=2000, innate_val_len=2000
2020-10-02 17:46:49,930 - __main__ - INFO - target_state_list=(6000, 25), target_innate_seq=(6000, 5)
2020-10-02 17:50:08,426 - __main__ - DEBUG - n=5, val_loss=0.0023884032876807446
2020-10-02 17:50:17,688 - __main__ - INFO - innate_buffer=2000, innate_train_len=2000, innate_val_len=2000
2020-10-02 17:50:17,689 - __main__ - INFO - target_state_list=(6000, 25), target_innate_seq=(6000, 5)
2020-10-02 17:53:49,908 - __main__ - DEBUG - n=6, val_loss=0.002542681330290102
2020-10-02 17:54:06,201 - __main__ - INFO - innate_buffer=2000, innate_train_len=2000, innate_val_len=2000
2020-10-02 17:54:06,201 - __main__ - INFO - target_state_list=(6000, 25), target_innate_seq=(6000, 5)
2020-10-02 17:58:55,852 - __main__ - DEBUG - n=7, val_loss=0.0023383389952290785
2020-10-02 17:59:11,202 - __main__ - INFO - innate_buffer=2000, innate_train_len=2000, innate_val_len=2000
2020-10-02 17:59:11,202 - __main__ - INFO - target_state_list=(6000, 25), target_innate_seq=(6000, 5)
2020-10-02 18:03:04,419 - __main__ - DEBUG - n=8, val_loss=0.0017339201641932325
2020-10-02 18:03:13,202 - __main__ - INFO - innate_buffer=2000, innate_train_len=2000, innate_val_len=2000
2020-10-02 18:03:13,202 - __main__ - INFO - target_state_list=(6000, 25), target_innate_seq=(6000, 5)
2020-10-02 18:06:09,244 - __main__ - DEBUG - n=9, val_loss=0.0026733121404534394
2020-10-02 18:06:09,244 - __main__ - INFO - Ntrials=10, total loss avg=0.002356277891284868, std=0.0002717482847019292
