2020-10-02 18:12:54,040 - __main__ - INFO - n_units=5
2020-10-02 18:12:54,040 - __main__ - INFO - max_energy=1.0
2020-10-02 18:12:54,040 - __main__ - INFO - beta=1e-14
2020-10-02 18:12:54,040 - __main__ - INFO - taudelta=4.0
2020-10-02 18:12:54,040 - __main__ - INFO - V=1
2020-10-02 18:12:54,041 - __main__ - INFO - layers=5
2020-10-02 18:12:54,041 - __main__ - INFO - train_len=2000, val_len=2000, buffer=2000
2020-10-02 18:12:54,041 - __main__ - INFO - alpha=0.5, Ntrials=10
2020-10-02 18:12:54,041 - __main__ - INFO - noise=6.000000000000001e-05, learning rate=10.0,scale_input=0.2
2020-10-02 18:13:06,696 - __main__ - INFO - innate_buffer=2000, innate_train_len=2000, innate_val_len=2000
2020-10-02 18:13:06,696 - __main__ - INFO - target_state_list=(6000, 25), target_innate_seq=(6000, 5)
2020-10-02 18:17:09,282 - __main__ - DEBUG - n=0, val_loss=0.003723890717595004
2020-10-02 18:17:21,567 - __main__ - INFO - innate_buffer=2000, innate_train_len=2000, innate_val_len=2000
2020-10-02 18:17:21,567 - __main__ - INFO - target_state_list=(6000, 25), target_innate_seq=(6000, 5)
2020-10-02 18:21:50,156 - __main__ - DEBUG - n=1, val_loss=0.003802827345515731
2020-10-02 18:22:05,965 - __main__ - INFO - innate_buffer=2000, innate_train_len=2000, innate_val_len=2000
2020-10-02 18:22:05,965 - __main__ - INFO - target_state_list=(6000, 25), target_innate_seq=(6000, 5)
2020-10-02 18:25:57,797 - __main__ - DEBUG - n=2, val_loss=0.003943830764725321
2020-10-02 18:26:07,554 - __main__ - INFO - innate_buffer=2000, innate_train_len=2000, innate_val_len=2000
2020-10-02 18:26:07,555 - __main__ - INFO - target_state_list=(6000, 25), target_innate_seq=(6000, 5)
2020-10-02 18:30:31,303 - __main__ - DEBUG - n=3, val_loss=0.003573623646024068
2020-10-02 18:30:42,888 - __main__ - INFO - innate_buffer=2000, innate_train_len=2000, innate_val_len=2000
2020-10-02 18:30:42,889 - __main__ - INFO - target_state_list=(6000, 25), target_innate_seq=(6000, 5)
2020-10-02 18:34:48,480 - __main__ - DEBUG - n=4, val_loss=0.003049054386546806
2020-10-02 18:34:58,277 - __main__ - INFO - innate_buffer=2000, innate_train_len=2000, innate_val_len=2000
2020-10-02 18:34:58,277 - __main__ - INFO - target_state_list=(6000, 25), target_innate_seq=(6000, 5)
2020-10-02 18:39:32,918 - __main__ - DEBUG - n=5, val_loss=0.004070945430162888
2020-10-02 18:39:42,742 - __main__ - INFO - innate_buffer=2000, innate_train_len=2000, innate_val_len=2000
2020-10-02 18:39:42,742 - __main__ - INFO - target_state_list=(6000, 25), target_innate_seq=(6000, 5)
2020-10-02 18:43:29,775 - __main__ - DEBUG - n=6, val_loss=0.004384997585780206
2020-10-02 18:43:39,567 - __main__ - INFO - innate_buffer=2000, innate_train_len=2000, innate_val_len=2000
2020-10-02 18:43:39,567 - __main__ - INFO - target_state_list=(6000, 25), target_innate_seq=(6000, 5)
2020-10-02 18:47:24,288 - __main__ - DEBUG - n=7, val_loss=0.00335908817405793
2020-10-02 18:47:34,074 - __main__ - INFO - innate_buffer=2000, innate_train_len=2000, innate_val_len=2000
2020-10-02 18:47:34,074 - __main__ - INFO - target_state_list=(6000, 25), target_innate_seq=(6000, 5)
2020-10-02 18:50:48,331 - __main__ - DEBUG - n=8, val_loss=0.0034793678127142233
2020-10-02 18:50:57,445 - __main__ - INFO - innate_buffer=2000, innate_train_len=2000, innate_val_len=2000
2020-10-02 18:50:57,445 - __main__ - INFO - target_state_list=(6000, 25), target_innate_seq=(6000, 5)
2020-10-02 18:53:51,409 - __main__ - DEBUG - n=9, val_loss=0.003888012171962461
2020-10-02 18:53:51,410 - __main__ - INFO - Ntrials=10, total loss avg=0.0037275638035084643, std=0.0003619076442550459
