2020-10-05 12:53:00,900 - __main__ - INFO - n_units=5
2020-10-05 12:53:00,900 - __main__ - INFO - max_energy=1.0
2020-10-05 12:53:00,900 - __main__ - INFO - beta=1e-14
2020-10-05 12:53:00,900 - __main__ - INFO - taudelta=1.0
2020-10-05 12:53:00,900 - __main__ - INFO - V=1
2020-10-05 12:53:00,900 - __main__ - INFO - layers=5
2020-10-05 12:53:00,901 - __main__ - INFO - train_len=2000, val_len=2000, buffer=2000
2020-10-05 12:53:00,901 - __main__ - INFO - alpha=0.5, Ntrials=10
2020-10-05 12:53:00,901 - __main__ - INFO - noise=8e-05, learning rate=10.0,scale_input=0.2
2020-10-05 12:53:00,934 - __main__ - INFO - n_units=5
2020-10-05 12:53:00,934 - __main__ - INFO - max_energy=1.0
2020-10-05 12:53:00,934 - __main__ - INFO - beta=1e-14
2020-10-05 12:53:00,934 - __main__ - INFO - taudelta=2.0
2020-10-05 12:53:00,934 - __main__ - INFO - V=1
2020-10-05 12:53:00,934 - __main__ - INFO - layers=5
2020-10-05 12:53:00,934 - __main__ - INFO - train_len=2000, val_len=2000, buffer=2000
2020-10-05 12:53:00,934 - __main__ - INFO - alpha=0.5, Ntrials=10
2020-10-05 12:53:00,935 - __main__ - INFO - noise=8e-05, learning rate=10.0,scale_input=0.2
2020-10-05 12:53:00,991 - __main__ - INFO - n_units=5
2020-10-05 12:53:00,991 - __main__ - INFO - max_energy=1.0
2020-10-05 12:53:00,992 - __main__ - INFO - beta=1e-14
2020-10-05 12:53:00,992 - __main__ - INFO - taudelta=4.0
2020-10-05 12:53:00,992 - __main__ - INFO - V=1
2020-10-05 12:53:00,992 - __main__ - INFO - layers=5
2020-10-05 12:53:00,992 - __main__ - INFO - train_len=2000, val_len=2000, buffer=2000
2020-10-05 12:53:00,992 - __main__ - INFO - alpha=0.5, Ntrials=10
2020-10-05 12:53:00,992 - __main__ - INFO - noise=8e-05, learning rate=10.0,scale_input=0.2
2020-10-05 12:53:11,141 - __main__ - INFO - innate_buffer=2000, innate_train_len=2000, innate_val_len=2000
2020-10-05 12:53:11,142 - __main__ - INFO - target_state_list=(6000, 25), target_innate_seq=(6000, 5)
2020-10-05 12:53:17,497 - __main__ - INFO - innate_buffer=2000, innate_train_len=2000, innate_val_len=2000
2020-10-05 12:53:17,497 - __main__ - INFO - target_state_list=(6000, 25), target_innate_seq=(6000, 5)
2020-10-05 12:53:17,740 - __main__ - INFO - innate_buffer=2000, innate_train_len=2000, innate_val_len=2000
2020-10-05 12:53:17,741 - __main__ - INFO - target_state_list=(6000, 25), target_innate_seq=(6000, 5)
2020-10-05 12:58:27,963 - __main__ - DEBUG - QR 0, Loss=0.07279465854941397
2020-10-05 12:58:27,963 - __main__ - DEBUG - QR 1, Loss=0.009026921719078174
2020-10-05 12:58:27,963 - __main__ - DEBUG - QR 2, Loss=0.008939234966194882
2020-10-05 12:58:27,963 - __main__ - DEBUG - QR 3, Loss=0.009821251374505085
2020-10-05 12:58:27,964 - __main__ - DEBUG - QR 4, Loss=0.008971427850018462
2020-10-05 12:58:44,756 - __main__ - DEBUG - QR 0, Loss=0.009229410223830968
2020-10-05 12:58:44,756 - __main__ - DEBUG - QR 1, Loss=0.009142872722012006
2020-10-05 12:58:44,757 - __main__ - DEBUG - QR 2, Loss=0.008976809469350484
2020-10-05 12:58:44,757 - __main__ - DEBUG - QR 3, Loss=0.009813473743972536
2020-10-05 12:58:44,757 - __main__ - DEBUG - QR 4, Loss=0.008931163686487406
2020-10-05 12:58:45,078 - __main__ - INFO - innate_buffer=2000, innate_train_len=2000, innate_val_len=2000
2020-10-05 12:58:45,078 - __main__ - INFO - target_state_list=(6000, 25), target_innate_seq=(6000, 5)
2020-10-05 12:58:48,840 - __main__ - DEBUG - QR 0, Loss=0.009639598944201608
2020-10-05 12:58:48,840 - __main__ - DEBUG - QR 1, Loss=0.009125804976955186
2020-10-05 12:58:48,840 - __main__ - DEBUG - QR 2, Loss=0.008955538108130108
2020-10-05 12:58:48,840 - __main__ - DEBUG - QR 3, Loss=0.009886599949012642
2020-10-05 12:58:48,840 - __main__ - DEBUG - QR 4, Loss=0.009051243307983552
2020-10-05 12:59:01,054 - __main__ - INFO - innate_buffer=2000, innate_train_len=2000, innate_val_len=2000
2020-10-05 12:59:01,054 - __main__ - INFO - target_state_list=(6000, 25), target_innate_seq=(6000, 5)
2020-10-05 12:59:01,558 - __main__ - INFO - innate_buffer=2000, innate_train_len=2000, innate_val_len=2000
2020-10-05 12:59:01,558 - __main__ - INFO - target_state_list=(6000, 25), target_innate_seq=(6000, 5)
2020-10-05 13:04:24,292 - __main__ - DEBUG - QR 0, Loss=0.00874885969089479
2020-10-05 13:04:24,292 - __main__ - DEBUG - QR 1, Loss=0.008646436357190503
2020-10-05 13:04:24,293 - __main__ - DEBUG - QR 2, Loss=0.009096426270721138
2020-10-05 13:04:24,293 - __main__ - DEBUG - QR 3, Loss=0.008903069373554007
2020-10-05 13:04:24,293 - __main__ - DEBUG - QR 4, Loss=0.009263124856405859
2020-10-05 13:04:29,772 - __main__ - DEBUG - QR 0, Loss=0.009048639665860225
2020-10-05 13:04:29,772 - __main__ - DEBUG - QR 1, Loss=0.008645632639142212
2020-10-05 13:04:29,772 - __main__ - DEBUG - QR 2, Loss=0.009386528547956005
2020-10-05 13:04:29,772 - __main__ - DEBUG - QR 3, Loss=0.00981780297157631
2020-10-05 13:04:29,772 - __main__ - DEBUG - QR 4, Loss=0.00926746980229775
2020-10-05 13:04:40,013 - __main__ - INFO - innate_buffer=2000, innate_train_len=2000, innate_val_len=2000
2020-10-05 13:04:40,013 - __main__ - INFO - target_state_list=(6000, 25), target_innate_seq=(6000, 5)
2020-10-05 13:04:42,379 - __main__ - INFO - innate_buffer=2000, innate_train_len=2000, innate_val_len=2000
2020-10-05 13:04:42,379 - __main__ - INFO - target_state_list=(6000, 25), target_innate_seq=(6000, 5)
2020-10-05 13:04:42,393 - __main__ - DEBUG - QR 0, Loss=0.012304960236998938
2020-10-05 13:04:42,393 - __main__ - DEBUG - QR 1, Loss=0.00878642544873694
2020-10-05 13:04:42,393 - __main__ - DEBUG - QR 2, Loss=0.00943377922491853
2020-10-05 13:04:42,393 - __main__ - DEBUG - QR 3, Loss=0.00897022779751406
2020-10-05 13:04:42,393 - __main__ - DEBUG - QR 4, Loss=0.009241250663069588
2020-10-05 13:05:00,192 - __main__ - INFO - innate_buffer=2000, innate_train_len=2000, innate_val_len=2000
2020-10-05 13:05:00,193 - __main__ - INFO - target_state_list=(6000, 25), target_innate_seq=(6000, 5)
2020-10-05 13:09:59,141 - __main__ - DEBUG - QR 0, Loss=0.009896450170446387
2020-10-05 13:09:59,141 - __main__ - DEBUG - QR 1, Loss=0.008745273453010958
2020-10-05 13:09:59,142 - __main__ - DEBUG - QR 2, Loss=0.009241032904551576
2020-10-05 13:09:59,142 - __main__ - DEBUG - QR 3, Loss=0.008858020888709602
2020-10-05 13:09:59,142 - __main__ - DEBUG - QR 4, Loss=0.009146717460826754
2020-10-05 13:10:13,611 - __main__ - DEBUG - QR 0, Loss=0.01003253764351555
2020-10-05 13:10:13,612 - __main__ - DEBUG - QR 1, Loss=0.008744104710927085
2020-10-05 13:10:13,612 - __main__ - DEBUG - QR 2, Loss=0.009224286956906058
2020-10-05 13:10:13,612 - __main__ - DEBUG - QR 3, Loss=0.00923969190386678
2020-10-05 13:10:13,612 - __main__ - DEBUG - QR 4, Loss=0.009139079079086085
2020-10-05 13:10:16,395 - __main__ - INFO - innate_buffer=2000, innate_train_len=2000, innate_val_len=2000
2020-10-05 13:10:16,395 - __main__ - INFO - target_state_list=(6000, 25), target_innate_seq=(6000, 5)
2020-10-05 13:10:22,238 - __main__ - DEBUG - QR 0, Loss=0.01007411947440543
2020-10-05 13:10:22,238 - __main__ - DEBUG - QR 1, Loss=0.008777114497046084
2020-10-05 13:10:22,238 - __main__ - DEBUG - QR 2, Loss=0.009179075892408128
2020-10-05 13:10:22,239 - __main__ - DEBUG - QR 3, Loss=0.009270448800484145
2020-10-05 13:10:22,239 - __main__ - DEBUG - QR 4, Loss=0.009183054508945191
2020-10-05 13:10:30,575 - __main__ - INFO - innate_buffer=2000, innate_train_len=2000, innate_val_len=2000
2020-10-05 13:10:30,575 - __main__ - INFO - target_state_list=(6000, 25), target_innate_seq=(6000, 5)
2020-10-05 13:10:39,578 - __main__ - INFO - innate_buffer=2000, innate_train_len=2000, innate_val_len=2000
2020-10-05 13:10:39,578 - __main__ - INFO - target_state_list=(6000, 25), target_innate_seq=(6000, 5)
2020-10-05 13:15:08,898 - __main__ - DEBUG - QR 0, Loss=0.008935699557562569
2020-10-05 13:15:08,899 - __main__ - DEBUG - QR 1, Loss=0.009875051818099815
2020-10-05 13:15:08,899 - __main__ - DEBUG - QR 2, Loss=0.009735806111852109
2020-10-05 13:15:08,899 - __main__ - DEBUG - QR 3, Loss=0.00918601498236207
2020-10-05 13:15:08,899 - __main__ - DEBUG - QR 4, Loss=0.00900331772915505
2020-10-05 13:15:20,442 - __main__ - DEBUG - QR 0, Loss=0.008935471696627884
2020-10-05 13:15:20,442 - __main__ - DEBUG - QR 1, Loss=0.00936939327986592
2020-10-05 13:15:20,442 - __main__ - DEBUG - QR 2, Loss=0.010852263998947941
2020-10-05 13:15:20,443 - __main__ - DEBUG - QR 3, Loss=0.00961677414880728
2020-10-05 13:15:20,443 - __main__ - DEBUG - QR 4, Loss=0.00881499729285034
2020-10-05 13:15:25,647 - __main__ - INFO - innate_buffer=2000, innate_train_len=2000, innate_val_len=2000
2020-10-05 13:15:25,648 - __main__ - INFO - target_state_list=(6000, 25), target_innate_seq=(6000, 5)
2020-10-05 13:15:37,194 - __main__ - INFO - innate_buffer=2000, innate_train_len=2000, innate_val_len=2000
2020-10-05 13:15:37,195 - __main__ - INFO - target_state_list=(6000, 25), target_innate_seq=(6000, 5)
2020-10-05 13:15:40,569 - __main__ - DEBUG - QR 0, Loss=0.008935622526598722
2020-10-05 13:15:40,570 - __main__ - DEBUG - QR 1, Loss=0.009513635988283638
2020-10-05 13:15:40,570 - __main__ - DEBUG - QR 2, Loss=0.011014641634718821
2020-10-05 13:15:40,570 - __main__ - DEBUG - QR 3, Loss=0.009406833310307642
2020-10-05 13:15:40,570 - __main__ - DEBUG - QR 4, Loss=0.008861083573071553
2020-10-05 13:15:50,956 - __main__ - INFO - innate_buffer=2000, innate_train_len=2000, innate_val_len=2000
2020-10-05 13:15:50,956 - __main__ - INFO - target_state_list=(6000, 25), target_innate_seq=(6000, 5)
2020-10-05 13:20:56,114 - __main__ - DEBUG - QR 0, Loss=0.008909617400598566
2020-10-05 13:20:56,114 - __main__ - DEBUG - QR 1, Loss=0.008916099361908769
2020-10-05 13:20:56,114 - __main__ - DEBUG - QR 2, Loss=0.0092841820640345
2020-10-05 13:20:56,114 - __main__ - DEBUG - QR 3, Loss=0.009229475726173168
2020-10-05 13:20:56,115 - __main__ - DEBUG - QR 4, Loss=0.00886040175110239
2020-10-05 13:20:56,579 - __main__ - DEBUG - QR 0, Loss=0.008948507479916322
2020-10-05 13:20:56,580 - __main__ - DEBUG - QR 1, Loss=0.0089057246938904
2020-10-05 13:20:56,580 - __main__ - DEBUG - QR 2, Loss=0.01007882480763626
2020-10-05 13:20:56,580 - __main__ - DEBUG - QR 3, Loss=0.00929383029187012
2020-10-05 13:20:56,580 - __main__ - DEBUG - QR 4, Loss=0.00885967305517131
2020-10-05 13:21:05,087 - __main__ - DEBUG - QR 0, Loss=0.009294866419729705
2020-10-05 13:21:05,087 - __main__ - DEBUG - QR 1, Loss=0.008928573497778097
2020-10-05 13:21:05,087 - __main__ - DEBUG - QR 2, Loss=0.010490297816830314
2020-10-05 13:21:05,088 - __main__ - DEBUG - QR 3, Loss=0.009032952510567314
2020-10-05 13:21:05,088 - __main__ - DEBUG - QR 4, Loss=0.009175412133234933
2020-10-05 13:21:11,341 - __main__ - INFO - innate_buffer=2000, innate_train_len=2000, innate_val_len=2000
2020-10-05 13:21:11,342 - __main__ - INFO - target_state_list=(6000, 25), target_innate_seq=(6000, 5)
2020-10-05 13:21:13,342 - __main__ - INFO - innate_buffer=2000, innate_train_len=2000, innate_val_len=2000
2020-10-05 13:21:13,342 - __main__ - INFO - target_state_list=(6000, 25), target_innate_seq=(6000, 5)
2020-10-05 13:21:22,109 - __main__ - INFO - innate_buffer=2000, innate_train_len=2000, innate_val_len=2000
2020-10-05 13:21:22,109 - __main__ - INFO - target_state_list=(6000, 25), target_innate_seq=(6000, 5)
2020-10-05 13:26:20,107 - __main__ - DEBUG - QR 0, Loss=0.009068268250788648
2020-10-05 13:26:20,108 - __main__ - DEBUG - QR 1, Loss=0.008967794275109551
2020-10-05 13:26:20,108 - __main__ - DEBUG - QR 2, Loss=0.008722079241388526
2020-10-05 13:26:20,108 - __main__ - DEBUG - QR 3, Loss=0.009110025005411491
2020-10-05 13:26:20,108 - __main__ - DEBUG - QR 4, Loss=0.009656006908013604
2020-10-05 13:26:28,371 - __main__ - DEBUG - QR 0, Loss=0.00904177995114225
2020-10-05 13:26:28,371 - __main__ - DEBUG - QR 1, Loss=0.00891802902118982
2020-10-05 13:26:28,371 - __main__ - DEBUG - QR 2, Loss=0.008817888510876327
2020-10-05 13:26:28,371 - __main__ - DEBUG - QR 3, Loss=0.008992141971355967
2020-10-05 13:26:28,372 - __main__ - DEBUG - QR 4, Loss=0.009638634331374822
2020-10-05 13:26:35,763 - __main__ - INFO - innate_buffer=2000, innate_train_len=2000, innate_val_len=2000
2020-10-05 13:26:35,764 - __main__ - INFO - target_state_list=(6000, 25), target_innate_seq=(6000, 5)
2020-10-05 13:26:38,744 - __main__ - INFO - innate_buffer=2000, innate_train_len=2000, innate_val_len=2000
2020-10-05 13:26:38,745 - __main__ - INFO - target_state_list=(6000, 25), target_innate_seq=(6000, 5)
2020-10-05 13:26:52,046 - __main__ - DEBUG - QR 0, Loss=0.009046572964112364
2020-10-05 13:26:52,046 - __main__ - DEBUG - QR 1, Loss=0.008920930191023472
2020-10-05 13:26:52,046 - __main__ - DEBUG - QR 2, Loss=0.008772841165773483
2020-10-05 13:26:52,046 - __main__ - DEBUG - QR 3, Loss=0.009048313792689444
2020-10-05 13:26:52,047 - __main__ - DEBUG - QR 4, Loss=0.009018528046764202
2020-10-05 13:27:09,260 - __main__ - INFO - innate_buffer=2000, innate_train_len=2000, innate_val_len=2000
2020-10-05 13:27:09,260 - __main__ - INFO - target_state_list=(6000, 25), target_innate_seq=(6000, 5)
2020-10-05 13:31:16,820 - __main__ - DEBUG - QR 0, Loss=0.009227138619795922
2020-10-05 13:31:16,820 - __main__ - DEBUG - QR 1, Loss=0.009355690988331463
2020-10-05 13:31:16,821 - __main__ - DEBUG - QR 2, Loss=0.009384366885320483
2020-10-05 13:31:16,821 - __main__ - DEBUG - QR 3, Loss=0.008710849499224014
2020-10-05 13:31:16,821 - __main__ - DEBUG - QR 4, Loss=0.009172347876087901
2020-10-05 13:31:21,202 - __main__ - DEBUG - QR 0, Loss=0.009258642983448027
2020-10-05 13:31:21,202 - __main__ - DEBUG - QR 1, Loss=0.010084894774984504
2020-10-05 13:31:21,202 - __main__ - DEBUG - QR 2, Loss=0.009144071792887981
2020-10-05 13:31:21,203 - __main__ - DEBUG - QR 3, Loss=0.00882653183217484
2020-10-05 13:31:21,203 - __main__ - DEBUG - QR 4, Loss=0.009238890375602347
2020-10-05 13:31:33,471 - __main__ - INFO - innate_buffer=2000, innate_train_len=2000, innate_val_len=2000
2020-10-05 13:31:33,471 - __main__ - INFO - target_state_list=(6000, 25), target_innate_seq=(6000, 5)
2020-10-05 13:31:34,409 - __main__ - INFO - innate_buffer=2000, innate_train_len=2000, innate_val_len=2000
2020-10-05 13:31:34,410 - __main__ - INFO - target_state_list=(6000, 25), target_innate_seq=(6000, 5)
2020-10-05 13:31:57,169 - __main__ - DEBUG - QR 0, Loss=0.009217097662218397
2020-10-05 13:31:57,169 - __main__ - DEBUG - QR 1, Loss=0.009475188783760835
2020-10-05 13:31:57,169 - __main__ - DEBUG - QR 2, Loss=0.009384097016397518
2020-10-05 13:31:57,169 - __main__ - DEBUG - QR 3, Loss=0.009182822900862883
2020-10-05 13:31:57,169 - __main__ - DEBUG - QR 4, Loss=0.009315279099614642
2020-10-05 13:32:07,623 - __main__ - INFO - innate_buffer=2000, innate_train_len=2000, innate_val_len=2000
2020-10-05 13:32:07,623 - __main__ - INFO - target_state_list=(6000, 25), target_innate_seq=(6000, 5)
2020-10-05 13:36:19,827 - __main__ - DEBUG - QR 0, Loss=0.009019939892527567
2020-10-05 13:36:19,827 - __main__ - DEBUG - QR 1, Loss=0.009260414889281587
2020-10-05 13:36:19,828 - __main__ - DEBUG - QR 2, Loss=0.00908274718594069
2020-10-05 13:36:19,828 - __main__ - DEBUG - QR 3, Loss=0.008778269157105978
2020-10-05 13:36:19,828 - __main__ - DEBUG - QR 4, Loss=0.008880342337047912
2020-10-05 13:36:35,469 - __main__ - INFO - innate_buffer=2000, innate_train_len=2000, innate_val_len=2000
2020-10-05 13:36:35,469 - __main__ - INFO - target_state_list=(6000, 25), target_innate_seq=(6000, 5)
2020-10-05 13:36:40,572 - __main__ - DEBUG - QR 0, Loss=0.009047837737918514
2020-10-05 13:36:40,572 - __main__ - DEBUG - QR 1, Loss=0.008810775547898182
2020-10-05 13:36:40,573 - __main__ - DEBUG - QR 2, Loss=0.009209865619866935
2020-10-05 13:36:40,573 - __main__ - DEBUG - QR 3, Loss=0.008786041741018602
2020-10-05 13:36:40,573 - __main__ - DEBUG - QR 4, Loss=0.009008740074739667
2020-10-05 13:36:57,854 - __main__ - INFO - innate_buffer=2000, innate_train_len=2000, innate_val_len=2000
2020-10-05 13:36:57,854 - __main__ - INFO - target_state_list=(6000, 25), target_innate_seq=(6000, 5)
2020-10-05 13:37:26,092 - __main__ - DEBUG - QR 0, Loss=0.009010881871882304
2020-10-05 13:37:26,092 - __main__ - DEBUG - QR 1, Loss=0.00904337782579317
2020-10-05 13:37:26,092 - __main__ - DEBUG - QR 2, Loss=0.009219537670732737
2020-10-05 13:37:26,093 - __main__ - DEBUG - QR 3, Loss=0.008772613330610793
2020-10-05 13:37:26,093 - __main__ - DEBUG - QR 4, Loss=0.00899656683062025
2020-10-05 13:37:43,678 - __main__ - INFO - innate_buffer=2000, innate_train_len=2000, innate_val_len=2000
2020-10-05 13:37:43,678 - __main__ - INFO - target_state_list=(6000, 25), target_innate_seq=(6000, 5)
2020-10-05 13:41:35,116 - __main__ - DEBUG - QR 0, Loss=0.009067127006080034
2020-10-05 13:41:35,116 - __main__ - DEBUG - QR 1, Loss=0.008995066196297063
2020-10-05 13:41:35,116 - __main__ - DEBUG - QR 2, Loss=0.009062954826368477
2020-10-05 13:41:35,116 - __main__ - DEBUG - QR 3, Loss=0.00972501980108058
2020-10-05 13:41:35,117 - __main__ - DEBUG - QR 4, Loss=0.0091605704139284
2020-10-05 13:41:48,169 - __main__ - DEBUG - QR 0, Loss=0.00931861773766936
2020-10-05 13:41:48,169 - __main__ - DEBUG - QR 1, Loss=0.009363020123414922
2020-10-05 13:41:48,169 - __main__ - DEBUG - QR 2, Loss=0.009062896989402613
2020-10-05 13:41:48,169 - __main__ - DEBUG - QR 3, Loss=0.00903940350363226
2020-10-05 13:41:48,169 - __main__ - DEBUG - QR 4, Loss=0.009171969615150127
2020-10-05 13:41:52,443 - __main__ - INFO - innate_buffer=2000, innate_train_len=2000, innate_val_len=2000
2020-10-05 13:41:52,443 - __main__ - INFO - target_state_list=(6000, 25), target_innate_seq=(6000, 5)
2020-10-05 13:41:59,663 - __main__ - INFO - innate_buffer=2000, innate_train_len=2000, innate_val_len=2000
2020-10-05 13:41:59,664 - __main__ - INFO - target_state_list=(6000, 25), target_innate_seq=(6000, 5)
2020-10-05 13:43:10,064 - __main__ - DEBUG - QR 0, Loss=0.009232106773306877
2020-10-05 13:43:10,064 - __main__ - DEBUG - QR 1, Loss=0.009329569939307357
2020-10-05 13:43:10,064 - __main__ - DEBUG - QR 2, Loss=0.00906160044649449
2020-10-05 13:43:10,064 - __main__ - DEBUG - QR 3, Loss=0.009326693111590595
2020-10-05 13:43:10,064 - __main__ - DEBUG - QR 4, Loss=0.009183597116353744
2020-10-05 13:43:20,385 - __main__ - INFO - innate_buffer=2000, innate_train_len=2000, innate_val_len=2000
2020-10-05 13:43:20,385 - __main__ - INFO - target_state_list=(6000, 25), target_innate_seq=(6000, 5)
2020-10-05 13:45:54,492 - __main__ - DEBUG - QR 0, Loss=0.008751055156488857
2020-10-05 13:45:54,492 - __main__ - DEBUG - QR 1, Loss=0.00909852538823572
2020-10-05 13:45:54,492 - __main__ - DEBUG - QR 2, Loss=0.008766395627842578
2020-10-05 13:45:54,492 - __main__ - DEBUG - QR 3, Loss=0.008861311967727072
2020-10-05 13:45:54,492 - __main__ - DEBUG - QR 4, Loss=0.008782375629109699
2020-10-05 13:45:54,492 - __main__ - INFO - do_narma=0, Ntrials=10, total loss avg=0.010405099667236021, std=0.00383952916907748
2020-10-05 13:46:13,694 - __main__ - DEBUG - QR 0, Loss=0.008750802632278846
2020-10-05 13:46:13,694 - __main__ - DEBUG - QR 1, Loss=0.009098383247931496
2020-10-05 13:46:13,694 - __main__ - DEBUG - QR 2, Loss=0.008791850838749145
2020-10-05 13:46:13,694 - __main__ - DEBUG - QR 3, Loss=0.008965751177599863
2020-10-05 13:46:13,694 - __main__ - DEBUG - QR 4, Loss=0.01190116433049584
2020-10-05 13:46:13,695 - __main__ - INFO - do_narma=0, Ntrials=10, total loss avg=0.009223855592843189, std=0.0001411877142070682
2020-10-05 13:46:38,436 - __main__ - DEBUG - QR 0, Loss=0.00880091773062664
2020-10-05 13:46:38,437 - __main__ - DEBUG - QR 1, Loss=0.009092878366695928
2020-10-05 13:46:38,437 - __main__ - DEBUG - QR 2, Loss=0.009040589760654914
2020-10-05 13:46:38,437 - __main__ - DEBUG - QR 3, Loss=0.00900113775009856
2020-10-05 13:46:38,437 - __main__ - DEBUG - QR 4, Loss=0.008695997602608958
2020-10-05 13:46:38,437 - __main__ - INFO - do_narma=0, Ntrials=10, total loss avg=0.009271599647532889, std=0.00024339141304869068
