2020-10-05 12:53:00,917 - __main__ - INFO - n_units=5
2020-10-05 12:53:00,918 - __main__ - INFO - max_energy=1.0
2020-10-05 12:53:00,918 - __main__ - INFO - beta=1e-14
2020-10-05 12:53:00,918 - __main__ - INFO - taudelta=1.0
2020-10-05 12:53:00,918 - __main__ - INFO - V=1
2020-10-05 12:53:00,918 - __main__ - INFO - layers=5
2020-10-05 12:53:00,918 - __main__ - INFO - train_len=2000, val_len=2000, buffer=2000
2020-10-05 12:53:00,918 - __main__ - INFO - alpha=0.5, Ntrials=10
2020-10-05 12:53:00,918 - __main__ - INFO - noise=0.01, learning rate=10.0,scale_input=0.2
2020-10-05 12:53:00,962 - __main__ - INFO - n_units=5
2020-10-05 12:53:00,962 - __main__ - INFO - max_energy=1.0
2020-10-05 12:53:00,963 - __main__ - INFO - beta=1e-14
2020-10-05 12:53:00,963 - __main__ - INFO - taudelta=2.0
2020-10-05 12:53:00,963 - __main__ - INFO - V=1
2020-10-05 12:53:00,963 - __main__ - INFO - layers=5
2020-10-05 12:53:00,963 - __main__ - INFO - train_len=2000, val_len=2000, buffer=2000
2020-10-05 12:53:00,963 - __main__ - INFO - alpha=0.5, Ntrials=10
2020-10-05 12:53:00,963 - __main__ - INFO - noise=0.01, learning rate=10.0,scale_input=0.2
2020-10-05 12:53:01,027 - __main__ - INFO - n_units=5
2020-10-05 12:53:01,027 - __main__ - INFO - max_energy=1.0
2020-10-05 12:53:01,027 - __main__ - INFO - beta=1e-14
2020-10-05 12:53:01,028 - __main__ - INFO - taudelta=4.0
2020-10-05 12:53:01,028 - __main__ - INFO - V=1
2020-10-05 12:53:01,028 - __main__ - INFO - layers=5
2020-10-05 12:53:01,028 - __main__ - INFO - train_len=2000, val_len=2000, buffer=2000
2020-10-05 12:53:01,028 - __main__ - INFO - alpha=0.5, Ntrials=10
2020-10-05 12:53:01,028 - __main__ - INFO - noise=0.01, learning rate=10.0,scale_input=0.2
2020-10-05 12:53:15,894 - __main__ - INFO - innate_buffer=2000, innate_train_len=2000, innate_val_len=2000
2020-10-05 12:53:15,894 - __main__ - INFO - target_state_list=(6000, 25), target_innate_seq=(6000, 5)
2020-10-05 12:53:17,076 - __main__ - INFO - innate_buffer=2000, innate_train_len=2000, innate_val_len=2000
2020-10-05 12:53:17,077 - __main__ - INFO - target_state_list=(6000, 25), target_innate_seq=(6000, 5)
2020-10-05 12:53:18,211 - __main__ - INFO - innate_buffer=2000, innate_train_len=2000, innate_val_len=2000
2020-10-05 12:53:18,211 - __main__ - INFO - target_state_list=(6000, 25), target_innate_seq=(6000, 5)
2020-10-05 12:58:13,880 - __main__ - DEBUG - QR 0, Loss=0.10056035490273849
2020-10-05 12:58:13,880 - __main__ - DEBUG - QR 1, Loss=0.10085406189223572
2020-10-05 12:58:13,880 - __main__ - DEBUG - QR 2, Loss=0.09962232988420223
2020-10-05 12:58:13,880 - __main__ - DEBUG - QR 3, Loss=0.10178834788335159
2020-10-05 12:58:13,880 - __main__ - DEBUG - QR 4, Loss=0.09976155621461348
2020-10-05 12:58:15,461 - __main__ - DEBUG - QR 0, Loss=0.10068437863739278
2020-10-05 12:58:15,461 - __main__ - DEBUG - QR 1, Loss=0.10084253673462303
2020-10-05 12:58:15,462 - __main__ - DEBUG - QR 2, Loss=0.09963820381903414
2020-10-05 12:58:15,462 - __main__ - DEBUG - QR 3, Loss=0.10178575444920096
2020-10-05 12:58:15,462 - __main__ - DEBUG - QR 4, Loss=0.09976856051787727
2020-10-05 12:58:26,693 - __main__ - INFO - innate_buffer=2000, innate_train_len=2000, innate_val_len=2000
2020-10-05 12:58:26,693 - __main__ - INFO - target_state_list=(6000, 25), target_innate_seq=(6000, 5)
2020-10-05 12:58:30,541 - __main__ - INFO - innate_buffer=2000, innate_train_len=2000, innate_val_len=2000
2020-10-05 12:58:30,542 - __main__ - INFO - target_state_list=(6000, 25), target_innate_seq=(6000, 5)
2020-10-05 12:58:52,383 - __main__ - DEBUG - QR 0, Loss=0.10051816675158406
2020-10-05 12:58:52,383 - __main__ - DEBUG - QR 1, Loss=0.10091017090102657
2020-10-05 12:58:52,384 - __main__ - DEBUG - QR 2, Loss=0.09961519564930556
2020-10-05 12:58:52,384 - __main__ - DEBUG - QR 3, Loss=0.1018056358890014
2020-10-05 12:58:52,384 - __main__ - DEBUG - QR 4, Loss=0.0997837718198613
2020-10-05 12:59:09,811 - __main__ - INFO - innate_buffer=2000, innate_train_len=2000, innate_val_len=2000
2020-10-05 12:59:09,811 - __main__ - INFO - target_state_list=(6000, 25), target_innate_seq=(6000, 5)
2020-10-05 13:03:01,413 - __main__ - DEBUG - QR 0, Loss=0.09769929236390311
2020-10-05 13:03:01,414 - __main__ - DEBUG - QR 1, Loss=0.09651780049970524
2020-10-05 13:03:01,414 - __main__ - DEBUG - QR 2, Loss=0.10044246883430916
2020-10-05 13:03:01,414 - __main__ - DEBUG - QR 3, Loss=0.09988518958603712
2020-10-05 13:03:01,414 - __main__ - DEBUG - QR 4, Loss=0.10029787008339242
2020-10-05 13:03:16,741 - __main__ - INFO - innate_buffer=2000, innate_train_len=2000, innate_val_len=2000
2020-10-05 13:03:16,741 - __main__ - INFO - target_state_list=(6000, 25), target_innate_seq=(6000, 5)
2020-10-05 13:03:43,317 - __main__ - DEBUG - QR 0, Loss=0.09765777641784222
2020-10-05 13:03:43,318 - __main__ - DEBUG - QR 1, Loss=0.09647312739722325
2020-10-05 13:03:43,318 - __main__ - DEBUG - QR 2, Loss=0.10045709472720879
2020-10-05 13:03:43,318 - __main__ - DEBUG - QR 3, Loss=0.09960922746738556
2020-10-05 13:03:43,318 - __main__ - DEBUG - QR 4, Loss=0.10024050535835713
2020-10-05 13:03:58,894 - __main__ - INFO - innate_buffer=2000, innate_train_len=2000, innate_val_len=2000
2020-10-05 13:03:58,895 - __main__ - INFO - target_state_list=(6000, 25), target_innate_seq=(6000, 5)
2020-10-05 13:04:25,856 - __main__ - DEBUG - QR 0, Loss=0.09767126326268114
2020-10-05 13:04:25,856 - __main__ - DEBUG - QR 1, Loss=0.09650801672293606
2020-10-05 13:04:25,857 - __main__ - DEBUG - QR 2, Loss=0.10038048779056392
2020-10-05 13:04:25,857 - __main__ - DEBUG - QR 3, Loss=0.09959263271895802
2020-10-05 13:04:25,857 - __main__ - DEBUG - QR 4, Loss=0.10022770888923785
2020-10-05 13:04:42,665 - __main__ - INFO - innate_buffer=2000, innate_train_len=2000, innate_val_len=2000
2020-10-05 13:04:42,666 - __main__ - INFO - target_state_list=(6000, 25), target_innate_seq=(6000, 5)
2020-10-05 13:08:05,601 - __main__ - DEBUG - QR 0, Loss=0.10003225986171169
2020-10-05 13:08:05,601 - __main__ - DEBUG - QR 1, Loss=0.09775155342968656
2020-10-05 13:08:05,601 - __main__ - DEBUG - QR 2, Loss=0.10029620008879002
2020-10-05 13:08:05,602 - __main__ - DEBUG - QR 3, Loss=0.10025238011381125
2020-10-05 13:08:05,602 - __main__ - DEBUG - QR 4, Loss=0.10115731647298584
2020-10-05 13:08:21,162 - __main__ - INFO - innate_buffer=2000, innate_train_len=2000, innate_val_len=2000
2020-10-05 13:08:21,162 - __main__ - INFO - target_state_list=(6000, 25), target_innate_seq=(6000, 5)
2020-10-05 13:09:11,100 - __main__ - DEBUG - QR 0, Loss=0.10016941924716836
2020-10-05 13:09:11,100 - __main__ - DEBUG - QR 1, Loss=0.0978198900615308
2020-10-05 13:09:11,100 - __main__ - DEBUG - QR 2, Loss=0.09972536148164679
2020-10-05 13:09:11,100 - __main__ - DEBUG - QR 3, Loss=0.10535973577445669
2020-10-05 13:09:11,100 - __main__ - DEBUG - QR 4, Loss=0.10118520730339646
2020-10-05 13:09:25,273 - __main__ - INFO - innate_buffer=2000, innate_train_len=2000, innate_val_len=2000
2020-10-05 13:09:25,274 - __main__ - INFO - target_state_list=(6000, 25), target_innate_seq=(6000, 5)
2020-10-05 13:10:17,342 - __main__ - DEBUG - QR 0, Loss=0.10005829000068361
2020-10-05 13:10:17,342 - __main__ - DEBUG - QR 1, Loss=0.09774951915346845
2020-10-05 13:10:17,342 - __main__ - DEBUG - QR 2, Loss=0.10001572021494406
2020-10-05 13:10:17,342 - __main__ - DEBUG - QR 3, Loss=0.09904120876710053
2020-10-05 13:10:17,342 - __main__ - DEBUG - QR 4, Loss=0.10127560709987304
2020-10-05 13:10:34,188 - __main__ - INFO - innate_buffer=2000, innate_train_len=2000, innate_val_len=2000
2020-10-05 13:10:34,188 - __main__ - INFO - target_state_list=(6000, 25), target_innate_seq=(6000, 5)
2020-10-05 13:13:29,411 - __main__ - DEBUG - QR 0, Loss=0.09990312758627531
2020-10-05 13:13:29,411 - __main__ - DEBUG - QR 1, Loss=0.09810726120096397
2020-10-05 13:13:29,412 - __main__ - DEBUG - QR 2, Loss=0.10366467793299824
2020-10-05 13:13:29,412 - __main__ - DEBUG - QR 3, Loss=0.10121176289010947
2020-10-05 13:13:29,412 - __main__ - DEBUG - QR 4, Loss=0.09851369102663714
2020-10-05 13:13:45,842 - __main__ - INFO - innate_buffer=2000, innate_train_len=2000, innate_val_len=2000
2020-10-05 13:13:45,842 - __main__ - INFO - target_state_list=(6000, 25), target_innate_seq=(6000, 5)
2020-10-05 13:14:27,514 - __main__ - DEBUG - QR 0, Loss=0.0998834378071094
2020-10-05 13:14:27,514 - __main__ - DEBUG - QR 1, Loss=0.09807507353224108
2020-10-05 13:14:27,514 - __main__ - DEBUG - QR 2, Loss=0.10374314784273042
2020-10-05 13:14:27,514 - __main__ - DEBUG - QR 3, Loss=0.10162466425708347
2020-10-05 13:14:27,514 - __main__ - DEBUG - QR 4, Loss=0.09839543788479113
2020-10-05 13:14:42,323 - __main__ - INFO - innate_buffer=2000, innate_train_len=2000, innate_val_len=2000
2020-10-05 13:14:42,324 - __main__ - INFO - target_state_list=(6000, 25), target_innate_seq=(6000, 5)
2020-10-05 13:16:09,565 - __main__ - DEBUG - QR 0, Loss=0.09988713895003336
2020-10-05 13:16:09,565 - __main__ - DEBUG - QR 1, Loss=0.09819344269027439
2020-10-05 13:16:09,566 - __main__ - DEBUG - QR 2, Loss=0.10376781543816566
2020-10-05 13:16:09,566 - __main__ - DEBUG - QR 3, Loss=0.10141937907859207
2020-10-05 13:16:09,566 - __main__ - DEBUG - QR 4, Loss=0.098408363741466
2020-10-05 13:16:27,084 - __main__ - INFO - innate_buffer=2000, innate_train_len=2000, innate_val_len=2000
2020-10-05 13:16:27,084 - __main__ - INFO - target_state_list=(6000, 25), target_innate_seq=(6000, 5)
2020-10-05 13:18:48,056 - __main__ - DEBUG - QR 0, Loss=0.0986907387884978
2020-10-05 13:18:48,057 - __main__ - DEBUG - QR 1, Loss=0.09970301357794772
2020-10-05 13:18:48,057 - __main__ - DEBUG - QR 2, Loss=0.09940212890638357
2020-10-05 13:18:48,057 - __main__ - DEBUG - QR 3, Loss=0.09977776559210608
2020-10-05 13:18:48,057 - __main__ - DEBUG - QR 4, Loss=0.09899727580963237
2020-10-05 13:19:04,087 - __main__ - INFO - innate_buffer=2000, innate_train_len=2000, innate_val_len=2000
2020-10-05 13:19:04,088 - __main__ - INFO - target_state_list=(6000, 25), target_innate_seq=(6000, 5)
2020-10-05 13:19:39,731 - __main__ - DEBUG - QR 0, Loss=0.09866806601367742
2020-10-05 13:19:39,731 - __main__ - DEBUG - QR 1, Loss=0.09974806577620285
2020-10-05 13:19:39,731 - __main__ - DEBUG - QR 2, Loss=0.09968035530525371
2020-10-05 13:19:39,732 - __main__ - DEBUG - QR 3, Loss=0.09948967418416443
2020-10-05 13:19:39,732 - __main__ - DEBUG - QR 4, Loss=0.09909302700046198
2020-10-05 13:19:56,371 - __main__ - INFO - innate_buffer=2000, innate_train_len=2000, innate_val_len=2000
2020-10-05 13:19:56,372 - __main__ - INFO - target_state_list=(6000, 25), target_innate_seq=(6000, 5)
2020-10-05 13:22:04,056 - __main__ - DEBUG - QR 0, Loss=0.09877280388890133
2020-10-05 13:22:04,056 - __main__ - DEBUG - QR 1, Loss=0.09957072614258473
2020-10-05 13:22:04,056 - __main__ - DEBUG - QR 2, Loss=0.09958683869395761
2020-10-05 13:22:04,056 - __main__ - DEBUG - QR 3, Loss=0.09987831796552157
2020-10-05 13:22:04,057 - __main__ - DEBUG - QR 4, Loss=0.09899953595909892
2020-10-05 13:22:21,554 - __main__ - INFO - innate_buffer=2000, innate_train_len=2000, innate_val_len=2000
2020-10-05 13:22:21,555 - __main__ - INFO - target_state_list=(6000, 25), target_innate_seq=(6000, 5)
2020-10-05 13:23:53,298 - __main__ - DEBUG - QR 0, Loss=0.10127005064391066
2020-10-05 13:23:53,298 - __main__ - DEBUG - QR 1, Loss=0.09856398122308288
2020-10-05 13:23:53,299 - __main__ - DEBUG - QR 2, Loss=0.09720716037003169
2020-10-05 13:23:53,299 - __main__ - DEBUG - QR 3, Loss=0.10000526066601548
2020-10-05 13:23:53,299 - __main__ - DEBUG - QR 4, Loss=0.10020297391144649
2020-10-05 13:24:05,995 - __main__ - INFO - innate_buffer=2000, innate_train_len=2000, innate_val_len=2000
2020-10-05 13:24:05,995 - __main__ - INFO - target_state_list=(6000, 25), target_innate_seq=(6000, 5)
2020-10-05 13:24:13,154 - __main__ - DEBUG - QR 0, Loss=0.10122804560501679
2020-10-05 13:24:13,154 - __main__ - DEBUG - QR 1, Loss=0.09850407992963495
2020-10-05 13:24:13,154 - __main__ - DEBUG - QR 2, Loss=0.0972111158804122
2020-10-05 13:24:13,154 - __main__ - DEBUG - QR 3, Loss=0.09996295294293048
2020-10-05 13:24:13,154 - __main__ - DEBUG - QR 4, Loss=0.10017737890527073
2020-10-05 13:24:23,563 - __main__ - INFO - innate_buffer=2000, innate_train_len=2000, innate_val_len=2000
2020-10-05 13:24:23,564 - __main__ - INFO - target_state_list=(6000, 25), target_innate_seq=(6000, 5)
2020-10-05 13:27:48,199 - __main__ - DEBUG - QR 0, Loss=0.10107796277282696
2020-10-05 13:27:48,200 - __main__ - DEBUG - QR 1, Loss=0.09847337193848574
2020-10-05 13:27:48,201 - __main__ - DEBUG - QR 2, Loss=0.09722066781065565
2020-10-05 13:27:48,201 - __main__ - DEBUG - QR 3, Loss=0.09996655779825783
2020-10-05 13:27:48,201 - __main__ - DEBUG - QR 4, Loss=0.10021392182627105
2020-10-05 13:27:58,622 - __main__ - INFO - innate_buffer=2000, innate_train_len=2000, innate_val_len=2000
2020-10-05 13:27:58,623 - __main__ - INFO - target_state_list=(6000, 25), target_innate_seq=(6000, 5)
2020-10-05 13:28:58,318 - __main__ - DEBUG - QR 0, Loss=0.10291596311746534
2020-10-05 13:28:58,318 - __main__ - DEBUG - QR 1, Loss=0.10461279989993724
2020-10-05 13:28:58,318 - __main__ - DEBUG - QR 2, Loss=0.10190036678334616
2020-10-05 13:28:58,318 - __main__ - DEBUG - QR 3, Loss=0.0977983021527477
2020-10-05 13:28:58,319 - __main__ - DEBUG - QR 4, Loss=0.10152413128573719
2020-10-05 13:29:13,162 - __main__ - INFO - innate_buffer=2000, innate_train_len=2000, innate_val_len=2000
2020-10-05 13:29:13,162 - __main__ - INFO - target_state_list=(6000, 25), target_innate_seq=(6000, 5)
2020-10-05 13:29:44,144 - __main__ - DEBUG - QR 0, Loss=0.10294814952841944
2020-10-05 13:29:44,144 - __main__ - DEBUG - QR 1, Loss=0.10412255399301704
2020-10-05 13:29:44,145 - __main__ - DEBUG - QR 2, Loss=0.10197525947733352
2020-10-05 13:29:44,145 - __main__ - DEBUG - QR 3, Loss=0.09863476527935579
2020-10-05 13:29:44,145 - __main__ - DEBUG - QR 4, Loss=0.10158528030621695
2020-10-05 13:30:01,534 - __main__ - INFO - innate_buffer=2000, innate_train_len=2000, innate_val_len=2000
2020-10-05 13:30:01,534 - __main__ - INFO - target_state_list=(6000, 25), target_innate_seq=(6000, 5)
2020-10-05 13:33:22,447 - __main__ - DEBUG - QR 0, Loss=0.10306366996530927
2020-10-05 13:33:22,448 - __main__ - DEBUG - QR 1, Loss=0.10410763913581401
2020-10-05 13:33:22,449 - __main__ - DEBUG - QR 2, Loss=0.1019744788093097
2020-10-05 13:33:22,449 - __main__ - DEBUG - QR 3, Loss=0.09739445651121979
2020-10-05 13:33:22,449 - __main__ - DEBUG - QR 4, Loss=0.10148933762074874
2020-10-05 13:33:39,125 - __main__ - INFO - innate_buffer=2000, innate_train_len=2000, innate_val_len=2000
2020-10-05 13:33:39,125 - __main__ - INFO - target_state_list=(6000, 25), target_innate_seq=(6000, 5)
2020-10-05 13:34:14,830 - __main__ - DEBUG - QR 0, Loss=0.09997086818606947
2020-10-05 13:34:14,831 - __main__ - DEBUG - QR 1, Loss=0.09841046807612074
2020-10-05 13:34:14,831 - __main__ - DEBUG - QR 2, Loss=0.10159390092856041
2020-10-05 13:34:14,831 - __main__ - DEBUG - QR 3, Loss=0.09819420091521698
2020-10-05 13:34:14,831 - __main__ - DEBUG - QR 4, Loss=0.09930059355191961
2020-10-05 13:34:30,336 - __main__ - INFO - innate_buffer=2000, innate_train_len=2000, innate_val_len=2000
2020-10-05 13:34:30,336 - __main__ - INFO - target_state_list=(6000, 25), target_innate_seq=(6000, 5)
2020-10-05 13:34:44,961 - __main__ - DEBUG - QR 0, Loss=0.09993144823292298
2020-10-05 13:34:44,962 - __main__ - DEBUG - QR 1, Loss=0.09847485480961438
2020-10-05 13:34:44,962 - __main__ - DEBUG - QR 2, Loss=0.10160031519179147
2020-10-05 13:34:44,962 - __main__ - DEBUG - QR 3, Loss=0.09807912633909449
2020-10-05 13:34:44,962 - __main__ - DEBUG - QR 4, Loss=0.09939763461851514
2020-10-05 13:35:01,684 - __main__ - INFO - innate_buffer=2000, innate_train_len=2000, innate_val_len=2000
2020-10-05 13:35:01,684 - __main__ - INFO - target_state_list=(6000, 25), target_innate_seq=(6000, 5)
2020-10-05 13:37:31,636 - __main__ - DEBUG - QR 0, Loss=0.09998004347488398
2020-10-05 13:37:31,636 - __main__ - DEBUG - QR 1, Loss=0.09841581798271974
2020-10-05 13:37:31,637 - __main__ - DEBUG - QR 2, Loss=0.10160001615023914
2020-10-05 13:37:31,637 - __main__ - DEBUG - QR 3, Loss=0.09836322205199383
2020-10-05 13:37:31,637 - __main__ - DEBUG - QR 4, Loss=0.0994527764575866
2020-10-05 13:37:42,040 - __main__ - INFO - innate_buffer=2000, innate_train_len=2000, innate_val_len=2000
2020-10-05 13:37:42,040 - __main__ - INFO - target_state_list=(6000, 25), target_innate_seq=(6000, 5)
2020-10-05 13:39:48,417 - __main__ - DEBUG - QR 0, Loss=0.10132873275969097
2020-10-05 13:39:48,417 - __main__ - DEBUG - QR 1, Loss=0.09914692125199769
2020-10-05 13:39:48,418 - __main__ - DEBUG - QR 2, Loss=0.1013167738351881
2020-10-05 13:39:48,418 - __main__ - DEBUG - QR 3, Loss=0.09916849863610588
2020-10-05 13:39:48,418 - __main__ - DEBUG - QR 4, Loss=0.10240352043747497
2020-10-05 13:40:05,509 - __main__ - INFO - innate_buffer=2000, innate_train_len=2000, innate_val_len=2000
2020-10-05 13:40:05,510 - __main__ - INFO - target_state_list=(6000, 25), target_innate_seq=(6000, 5)
2020-10-05 13:40:43,565 - __main__ - DEBUG - QR 0, Loss=0.10135646988216927
2020-10-05 13:40:43,565 - __main__ - DEBUG - QR 1, Loss=0.0992049702438065
2020-10-05 13:40:43,565 - __main__ - DEBUG - QR 2, Loss=0.10130391127662174
2020-10-05 13:40:43,565 - __main__ - DEBUG - QR 3, Loss=0.09910305706885335
2020-10-05 13:40:43,566 - __main__ - DEBUG - QR 4, Loss=0.1023988418309805
2020-10-05 13:41:00,762 - __main__ - INFO - innate_buffer=2000, innate_train_len=2000, innate_val_len=2000
2020-10-05 13:41:00,763 - __main__ - INFO - target_state_list=(6000, 25), target_innate_seq=(6000, 5)
2020-10-05 13:42:50,249 - __main__ - DEBUG - QR 0, Loss=0.10139975216734422
2020-10-05 13:42:50,249 - __main__ - DEBUG - QR 1, Loss=0.09921450478102695
2020-10-05 13:42:50,249 - __main__ - DEBUG - QR 2, Loss=0.10131687684413779
2020-10-05 13:42:50,250 - __main__ - DEBUG - QR 3, Loss=0.0991160915935848
2020-10-05 13:42:50,250 - __main__ - DEBUG - QR 4, Loss=0.10241591659294919
2020-10-05 13:43:07,458 - __main__ - INFO - innate_buffer=2000, innate_train_len=2000, innate_val_len=2000
2020-10-05 13:43:07,459 - __main__ - INFO - target_state_list=(6000, 25), target_innate_seq=(6000, 5)
2020-10-05 13:45:24,884 - __main__ - DEBUG - QR 0, Loss=0.09783034784324009
2020-10-05 13:45:24,884 - __main__ - DEBUG - QR 1, Loss=0.09989943662563962
2020-10-05 13:45:24,884 - __main__ - DEBUG - QR 2, Loss=0.09803610457323636
2020-10-05 13:45:24,884 - __main__ - DEBUG - QR 3, Loss=0.09943554031769991
2020-10-05 13:45:24,884 - __main__ - DEBUG - QR 4, Loss=0.09765850297372186
2020-10-05 13:45:24,884 - __main__ - INFO - do_narma=0, Ntrials=10, total loss avg=0.0998917165277726, std=0.0008881322771833696
2020-10-05 13:45:53,115 - __main__ - DEBUG - QR 0, Loss=0.09789722092817546
2020-10-05 13:45:53,115 - __main__ - DEBUG - QR 1, Loss=0.09990686188324202
2020-10-05 13:45:53,115 - __main__ - DEBUG - QR 2, Loss=0.09823475473759095
2020-10-05 13:45:53,116 - __main__ - DEBUG - QR 3, Loss=0.09952903112384447
2020-10-05 13:45:53,116 - __main__ - DEBUG - QR 4, Loss=0.0972479325768701
2020-10-05 13:45:53,116 - __main__ - INFO - do_narma=0, Ntrials=10, total loss avg=0.09999667483179521, std=0.0009677125186811859
2020-10-05 13:47:15,160 - __main__ - DEBUG - QR 0, Loss=0.09784078144329686
2020-10-05 13:47:15,160 - __main__ - DEBUG - QR 1, Loss=0.09989324974585811
2020-10-05 13:47:15,160 - __main__ - DEBUG - QR 2, Loss=0.09801232838553411
2020-10-05 13:47:15,160 - __main__ - DEBUG - QR 3, Loss=0.09900174490569912
2020-10-05 13:47:15,160 - __main__ - DEBUG - QR 4, Loss=0.09731967638082543
2020-10-05 13:47:15,160 - __main__ - INFO - do_narma=0, Ntrials=10, total loss avg=0.099839252426528, std=0.0008988296803218338
