2020-10-05 12:53:00,904 - __main__ - INFO - n_units=5
2020-10-05 12:53:00,904 - __main__ - INFO - max_energy=1.0
2020-10-05 12:53:00,905 - __main__ - INFO - beta=1e-14
2020-10-05 12:53:00,905 - __main__ - INFO - taudelta=1.0
2020-10-05 12:53:00,905 - __main__ - INFO - V=1
2020-10-05 12:53:00,905 - __main__ - INFO - layers=5
2020-10-05 12:53:00,905 - __main__ - INFO - train_len=2000, val_len=2000, buffer=2000
2020-10-05 12:53:00,905 - __main__ - INFO - alpha=0.5, Ntrials=10
2020-10-05 12:53:00,905 - __main__ - INFO - noise=0.0004, learning rate=10.0,scale_input=0.2
2020-10-05 12:53:00,939 - __main__ - INFO - n_units=5
2020-10-05 12:53:00,939 - __main__ - INFO - max_energy=1.0
2020-10-05 12:53:00,940 - __main__ - INFO - beta=1e-14
2020-10-05 12:53:00,940 - __main__ - INFO - taudelta=2.0
2020-10-05 12:53:00,940 - __main__ - INFO - V=1
2020-10-05 12:53:00,940 - __main__ - INFO - layers=5
2020-10-05 12:53:00,940 - __main__ - INFO - train_len=2000, val_len=2000, buffer=2000
2020-10-05 12:53:00,940 - __main__ - INFO - alpha=0.5, Ntrials=10
2020-10-05 12:53:00,940 - __main__ - INFO - noise=0.0004, learning rate=10.0,scale_input=0.2
2020-10-05 12:53:01,000 - __main__ - INFO - n_units=5
2020-10-05 12:53:01,000 - __main__ - INFO - max_energy=1.0
2020-10-05 12:53:01,000 - __main__ - INFO - beta=1e-14
2020-10-05 12:53:01,000 - __main__ - INFO - taudelta=4.0
2020-10-05 12:53:01,000 - __main__ - INFO - V=1
2020-10-05 12:53:01,000 - __main__ - INFO - layers=5
2020-10-05 12:53:01,001 - __main__ - INFO - train_len=2000, val_len=2000, buffer=2000
2020-10-05 12:53:01,001 - __main__ - INFO - alpha=0.5, Ntrials=10
2020-10-05 12:53:01,001 - __main__ - INFO - noise=0.0004, learning rate=10.0,scale_input=0.2
2020-10-05 12:53:10,719 - __main__ - INFO - innate_buffer=2000, innate_train_len=2000, innate_val_len=2000
2020-10-05 12:53:10,720 - __main__ - INFO - target_state_list=(6000, 25), target_innate_seq=(6000, 5)
2020-10-05 12:53:16,011 - __main__ - INFO - innate_buffer=2000, innate_train_len=2000, innate_val_len=2000
2020-10-05 12:53:16,012 - __main__ - INFO - target_state_list=(6000, 25), target_innate_seq=(6000, 5)
2020-10-05 12:53:18,085 - __main__ - INFO - innate_buffer=2000, innate_train_len=2000, innate_val_len=2000
2020-10-05 12:53:18,085 - __main__ - INFO - target_state_list=(6000, 25), target_innate_seq=(6000, 5)
2020-10-05 12:56:33,466 - __main__ - DEBUG - QR 0, Loss=0.020182639225887283
2020-10-05 12:56:33,466 - __main__ - DEBUG - QR 1, Loss=0.020225629879619334
2020-10-05 12:56:33,466 - __main__ - DEBUG - QR 2, Loss=0.01993066201363383
2020-10-05 12:56:33,466 - __main__ - DEBUG - QR 3, Loss=0.0205440281148072
2020-10-05 12:56:33,466 - __main__ - DEBUG - QR 4, Loss=0.019958066053660174
2020-10-05 12:56:48,523 - __main__ - INFO - innate_buffer=2000, innate_train_len=2000, innate_val_len=2000
2020-10-05 12:56:48,524 - __main__ - INFO - target_state_list=(6000, 25), target_innate_seq=(6000, 5)
2020-10-05 12:58:15,684 - __main__ - DEBUG - QR 0, Loss=0.02033050475285407
2020-10-05 12:58:15,684 - __main__ - DEBUG - QR 1, Loss=0.02021710060668436
2020-10-05 12:58:15,684 - __main__ - DEBUG - QR 2, Loss=0.019932329111992154
2020-10-05 12:58:15,685 - __main__ - DEBUG - QR 3, Loss=0.0205676336925982
2020-10-05 12:58:15,685 - __main__ - DEBUG - QR 4, Loss=0.019968959933079143
2020-10-05 12:58:32,440 - __main__ - INFO - innate_buffer=2000, innate_train_len=2000, innate_val_len=2000
2020-10-05 12:58:32,440 - __main__ - INFO - target_state_list=(6000, 25), target_innate_seq=(6000, 5)
2020-10-05 12:58:53,228 - __main__ - DEBUG - QR 0, Loss=0.06608814539967102
2020-10-05 12:58:53,228 - __main__ - DEBUG - QR 1, Loss=0.02018132954511516
2020-10-05 12:58:53,229 - __main__ - DEBUG - QR 2, Loss=0.01993058381256343
2020-10-05 12:58:53,229 - __main__ - DEBUG - QR 3, Loss=0.02056767391302783
2020-10-05 12:58:53,229 - __main__ - DEBUG - QR 4, Loss=0.01994746616692952
2020-10-05 12:59:10,310 - __main__ - INFO - innate_buffer=2000, innate_train_len=2000, innate_val_len=2000
2020-10-05 12:59:10,311 - __main__ - INFO - target_state_list=(6000, 25), target_innate_seq=(6000, 5)
2020-10-05 13:02:20,514 - __main__ - DEBUG - QR 0, Loss=0.019688869197583714
2020-10-05 13:02:20,514 - __main__ - DEBUG - QR 1, Loss=0.019303702324066828
2020-10-05 13:02:20,515 - __main__ - DEBUG - QR 2, Loss=0.020283117100194134
2020-10-05 13:02:20,515 - __main__ - DEBUG - QR 3, Loss=0.020426610355325545
2020-10-05 13:02:20,515 - __main__ - DEBUG - QR 4, Loss=0.020179054370243227
2020-10-05 13:02:37,605 - __main__ - INFO - innate_buffer=2000, innate_train_len=2000, innate_val_len=2000
2020-10-05 13:02:37,606 - __main__ - INFO - target_state_list=(6000, 25), target_innate_seq=(6000, 5)
2020-10-05 13:03:46,702 - __main__ - DEBUG - QR 0, Loss=0.02097699067957713
2020-10-05 13:03:46,702 - __main__ - DEBUG - QR 1, Loss=0.019344549257182153
2020-10-05 13:03:46,702 - __main__ - DEBUG - QR 2, Loss=0.02031409202150895
2020-10-05 13:03:46,703 - __main__ - DEBUG - QR 3, Loss=0.019949895375603526
2020-10-05 13:03:46,703 - __main__ - DEBUG - QR 4, Loss=0.020166676293107543
2020-10-05 13:03:58,126 - __main__ - INFO - innate_buffer=2000, innate_train_len=2000, innate_val_len=2000
2020-10-05 13:03:58,126 - __main__ - INFO - target_state_list=(6000, 25), target_innate_seq=(6000, 5)
2020-10-05 13:04:45,278 - __main__ - DEBUG - QR 0, Loss=0.01954169957358234
2020-10-05 13:04:45,278 - __main__ - DEBUG - QR 1, Loss=0.019304329091982354
2020-10-05 13:04:45,278 - __main__ - DEBUG - QR 2, Loss=0.020131868984329077
2020-10-05 13:04:45,278 - __main__ - DEBUG - QR 3, Loss=0.019913380539284084
2020-10-05 13:04:45,278 - __main__ - DEBUG - QR 4, Loss=0.02017216474601205
2020-10-05 13:05:02,181 - __main__ - INFO - innate_buffer=2000, innate_train_len=2000, innate_val_len=2000
2020-10-05 13:05:02,181 - __main__ - INFO - target_state_list=(6000, 25), target_innate_seq=(6000, 5)
2020-10-05 13:08:01,180 - __main__ - DEBUG - QR 0, Loss=0.020678865459934224
2020-10-05 13:08:01,180 - __main__ - DEBUG - QR 1, Loss=0.019550952196943423
2020-10-05 13:08:01,180 - __main__ - DEBUG - QR 2, Loss=0.0201868183872544
2020-10-05 13:08:01,181 - __main__ - DEBUG - QR 3, Loss=0.019809338525158655
2020-10-05 13:08:01,181 - __main__ - DEBUG - QR 4, Loss=0.0202400199335526
2020-10-05 13:08:11,478 - __main__ - INFO - innate_buffer=2000, innate_train_len=2000, innate_val_len=2000
2020-10-05 13:08:11,478 - __main__ - INFO - target_state_list=(6000, 25), target_innate_seq=(6000, 5)
2020-10-05 13:08:53,629 - __main__ - DEBUG - QR 0, Loss=0.020714536715315635
2020-10-05 13:08:53,630 - __main__ - DEBUG - QR 1, Loss=0.019559280398697525
2020-10-05 13:08:53,630 - __main__ - DEBUG - QR 2, Loss=0.020024291396029185
2020-10-05 13:08:53,630 - __main__ - DEBUG - QR 3, Loss=0.019898867280033556
2020-10-05 13:08:53,630 - __main__ - DEBUG - QR 4, Loss=0.020256386402486424
2020-10-05 13:09:10,999 - __main__ - INFO - innate_buffer=2000, innate_train_len=2000, innate_val_len=2000
2020-10-05 13:09:11,000 - __main__ - INFO - target_state_list=(6000, 25), target_innate_seq=(6000, 5)
2020-10-05 13:09:44,812 - __main__ - DEBUG - QR 0, Loss=0.020577729022516283
2020-10-05 13:09:44,813 - __main__ - DEBUG - QR 1, Loss=0.019550620312407122
2020-10-05 13:09:44,813 - __main__ - DEBUG - QR 2, Loss=0.020071252066386207
2020-10-05 13:09:44,813 - __main__ - DEBUG - QR 3, Loss=0.019807875280148376
2020-10-05 13:09:44,813 - __main__ - DEBUG - QR 4, Loss=0.020253368311830392
2020-10-05 13:10:01,978 - __main__ - INFO - innate_buffer=2000, innate_train_len=2000, innate_val_len=2000
2020-10-05 13:10:01,978 - __main__ - INFO - target_state_list=(6000, 25), target_innate_seq=(6000, 5)
2020-10-05 13:12:37,531 - __main__ - DEBUG - QR 0, Loss=0.01998077228936768
2020-10-05 13:12:37,531 - __main__ - DEBUG - QR 1, Loss=0.020164911983568994
2020-10-05 13:12:37,531 - __main__ - DEBUG - QR 2, Loss=0.02091637993640825
2020-10-05 13:12:37,532 - __main__ - DEBUG - QR 3, Loss=0.020328904876203143
2020-10-05 13:12:37,532 - __main__ - DEBUG - QR 4, Loss=0.019801572028041378
2020-10-05 13:12:54,584 - __main__ - INFO - innate_buffer=2000, innate_train_len=2000, innate_val_len=2000
2020-10-05 13:12:54,585 - __main__ - INFO - target_state_list=(6000, 25), target_innate_seq=(6000, 5)
2020-10-05 13:14:13,937 - __main__ - DEBUG - QR 0, Loss=0.019978869238628648
2020-10-05 13:14:13,937 - __main__ - DEBUG - QR 1, Loss=0.019911165776372048
2020-10-05 13:14:13,937 - __main__ - DEBUG - QR 2, Loss=0.021418462346099003
2020-10-05 13:14:13,938 - __main__ - DEBUG - QR 3, Loss=0.020644666595172834
2020-10-05 13:14:13,938 - __main__ - DEBUG - QR 4, Loss=0.01968832892414942
2020-10-05 13:14:21,919 - __main__ - DEBUG - QR 0, Loss=0.019979281624749184
2020-10-05 13:14:21,919 - __main__ - DEBUG - QR 1, Loss=0.019989953649252858
2020-10-05 13:14:21,919 - __main__ - DEBUG - QR 2, Loss=0.021544269882999928
2020-10-05 13:14:21,919 - __main__ - DEBUG - QR 3, Loss=0.020491863932487978
2020-10-05 13:14:21,919 - __main__ - DEBUG - QR 4, Loss=0.019709979963444656
2020-10-05 13:14:30,603 - __main__ - INFO - innate_buffer=2000, innate_train_len=2000, innate_val_len=2000
2020-10-05 13:14:30,604 - __main__ - INFO - target_state_list=(6000, 25), target_innate_seq=(6000, 5)
2020-10-05 13:14:32,193 - __main__ - INFO - innate_buffer=2000, innate_train_len=2000, innate_val_len=2000
2020-10-05 13:14:32,193 - __main__ - INFO - target_state_list=(6000, 25), target_innate_seq=(6000, 5)
2020-10-05 13:18:03,859 - __main__ - DEBUG - QR 0, Loss=0.01975993264564918
2020-10-05 13:18:03,859 - __main__ - DEBUG - QR 1, Loss=0.01993864575779931
2020-10-05 13:18:03,859 - __main__ - DEBUG - QR 2, Loss=0.020062532451530894
2020-10-05 13:18:03,860 - __main__ - DEBUG - QR 3, Loss=0.02013627670083968
2020-10-05 13:18:03,860 - __main__ - DEBUG - QR 4, Loss=0.019803255107771832
2020-10-05 13:18:20,370 - __main__ - INFO - innate_buffer=2000, innate_train_len=2000, innate_val_len=2000
2020-10-05 13:18:20,370 - __main__ - INFO - target_state_list=(6000, 25), target_innate_seq=(6000, 5)
2020-10-05 13:19:22,000 - __main__ - DEBUG - QR 0, Loss=0.019909922326802908
2020-10-05 13:19:22,000 - __main__ - DEBUG - QR 1, Loss=0.01995507910797978
2020-10-05 13:19:22,000 - __main__ - DEBUG - QR 2, Loss=0.020721000334407373
2020-10-05 13:19:22,000 - __main__ - DEBUG - QR 3, Loss=0.019975777581742928
2020-10-05 13:19:22,000 - __main__ - DEBUG - QR 4, Loss=0.0199692809787243
2020-10-05 13:19:35,074 - __main__ - INFO - innate_buffer=2000, innate_train_len=2000, innate_val_len=2000
2020-10-05 13:19:35,074 - __main__ - INFO - target_state_list=(6000, 25), target_innate_seq=(6000, 5)
2020-10-05 13:20:14,386 - __main__ - DEBUG - QR 0, Loss=0.019815326257528958
2020-10-05 13:20:14,386 - __main__ - DEBUG - QR 1, Loss=0.019914369765656085
2020-10-05 13:20:14,386 - __main__ - DEBUG - QR 2, Loss=0.02048990585472187
2020-10-05 13:20:14,387 - __main__ - DEBUG - QR 3, Loss=0.020195358226013045
2020-10-05 13:20:14,387 - __main__ - DEBUG - QR 4, Loss=0.019793374351605938
2020-10-05 13:20:31,768 - __main__ - INFO - innate_buffer=2000, innate_train_len=2000, innate_val_len=2000
2020-10-05 13:20:31,769 - __main__ - INFO - target_state_list=(6000, 25), target_innate_seq=(6000, 5)
2020-10-05 13:23:32,654 - __main__ - DEBUG - QR 0, Loss=0.02026210482176287
2020-10-05 13:23:32,654 - __main__ - DEBUG - QR 1, Loss=0.01972722295096001
2020-10-05 13:23:32,654 - __main__ - DEBUG - QR 2, Loss=0.019448219431608536
2020-10-05 13:23:32,654 - __main__ - DEBUG - QR 3, Loss=0.020086303346946287
2020-10-05 13:23:32,654 - __main__ - DEBUG - QR 4, Loss=0.020335565833471243
2020-10-05 13:23:42,999 - __main__ - INFO - innate_buffer=2000, innate_train_len=2000, innate_val_len=2000
2020-10-05 13:23:42,999 - __main__ - INFO - target_state_list=(6000, 25), target_innate_seq=(6000, 5)
2020-10-05 13:24:45,651 - __main__ - DEBUG - QR 0, Loss=0.020219356651233738
2020-10-05 13:24:45,652 - __main__ - DEBUG - QR 1, Loss=0.019699074138637196
2020-10-05 13:24:45,652 - __main__ - DEBUG - QR 2, Loss=0.01945787986918928
2020-10-05 13:24:45,652 - __main__ - DEBUG - QR 3, Loss=0.02002817370813187
2020-10-05 13:24:45,652 - __main__ - DEBUG - QR 4, Loss=0.02005935093742822
2020-10-05 13:25:01,489 - __main__ - INFO - innate_buffer=2000, innate_train_len=2000, innate_val_len=2000
2020-10-05 13:25:01,489 - __main__ - INFO - target_state_list=(6000, 25), target_innate_seq=(6000, 5)
2020-10-05 13:26:11,632 - __main__ - DEBUG - QR 0, Loss=0.020210061068873266
2020-10-05 13:26:11,633 - __main__ - DEBUG - QR 1, Loss=0.01969969519387116
2020-10-05 13:26:11,633 - __main__ - DEBUG - QR 2, Loss=0.019469677197631957
2020-10-05 13:26:11,633 - __main__ - DEBUG - QR 3, Loss=0.020006600982155613
2020-10-05 13:26:11,633 - __main__ - DEBUG - QR 4, Loss=0.020329641942694297
2020-10-05 13:26:25,513 - __main__ - INFO - innate_buffer=2000, innate_train_len=2000, innate_val_len=2000
2020-10-05 13:26:25,514 - __main__ - INFO - target_state_list=(6000, 25), target_innate_seq=(6000, 5)
2020-10-05 13:28:10,833 - __main__ - DEBUG - QR 0, Loss=0.020609142665670946
2020-10-05 13:28:10,833 - __main__ - DEBUG - QR 1, Loss=0.021336100239590778
2020-10-05 13:28:10,833 - __main__ - DEBUG - QR 2, Loss=0.020372176612153015
2020-10-05 13:28:10,833 - __main__ - DEBUG - QR 3, Loss=0.019621758020759977
2020-10-05 13:28:10,833 - __main__ - DEBUG - QR 4, Loss=0.0203978368381344
2020-10-05 13:28:27,493 - __main__ - INFO - innate_buffer=2000, innate_train_len=2000, innate_val_len=2000
2020-10-05 13:28:27,493 - __main__ - INFO - target_state_list=(6000, 25), target_innate_seq=(6000, 5)
2020-10-05 13:29:51,731 - __main__ - DEBUG - QR 0, Loss=0.02062208812093741
2020-10-05 13:29:51,732 - __main__ - DEBUG - QR 1, Loss=0.020838997978707974
2020-10-05 13:29:51,732 - __main__ - DEBUG - QR 2, Loss=0.020538863181382358
2020-10-05 13:29:51,732 - __main__ - DEBUG - QR 3, Loss=0.019478174318904824
2020-10-05 13:29:51,732 - __main__ - DEBUG - QR 4, Loss=0.020352039996518714
2020-10-05 13:30:02,018 - __main__ - INFO - innate_buffer=2000, innate_train_len=2000, innate_val_len=2000
2020-10-05 13:30:02,018 - __main__ - INFO - target_state_list=(6000, 25), target_innate_seq=(6000, 5)
2020-10-05 13:30:10,634 - __main__ - DEBUG - QR 0, Loss=0.020598420873610173
2020-10-05 13:30:10,635 - __main__ - DEBUG - QR 1, Loss=0.020901406699188115
2020-10-05 13:30:10,635 - __main__ - DEBUG - QR 2, Loss=0.020538710376470176
2020-10-05 13:30:10,635 - __main__ - DEBUG - QR 3, Loss=0.020015233541512377
2020-10-05 13:30:10,635 - __main__ - DEBUG - QR 4, Loss=0.020450526878281017
2020-10-05 13:30:27,421 - __main__ - INFO - innate_buffer=2000, innate_train_len=2000, innate_val_len=2000
2020-10-05 13:30:27,422 - __main__ - INFO - target_state_list=(6000, 25), target_innate_seq=(6000, 5)
2020-10-05 13:33:43,913 - __main__ - DEBUG - QR 0, Loss=0.020008490911628457
2020-10-05 13:33:43,913 - __main__ - DEBUG - QR 1, Loss=0.019888182317244315
2020-10-05 13:33:43,913 - __main__ - DEBUG - QR 2, Loss=0.020314364187184766
2020-10-05 13:33:43,913 - __main__ - DEBUG - QR 3, Loss=0.01962885941455313
2020-10-05 13:33:43,914 - __main__ - DEBUG - QR 4, Loss=0.019858687491505614
2020-10-05 13:34:00,724 - __main__ - INFO - innate_buffer=2000, innate_train_len=2000, innate_val_len=2000
2020-10-05 13:34:00,724 - __main__ - INFO - target_state_list=(6000, 25), target_innate_seq=(6000, 5)
2020-10-05 13:35:25,107 - __main__ - DEBUG - QR 0, Loss=0.020022184971342304
2020-10-05 13:35:25,107 - __main__ - DEBUG - QR 1, Loss=0.01968579323936735
2020-10-05 13:35:25,107 - __main__ - DEBUG - QR 2, Loss=0.0203500083634821
2020-10-05 13:35:25,107 - __main__ - DEBUG - QR 3, Loss=0.019639867790077415
2020-10-05 13:35:25,107 - __main__ - DEBUG - QR 4, Loss=0.019863016629063122
2020-10-05 13:35:41,963 - __main__ - INFO - innate_buffer=2000, innate_train_len=2000, innate_val_len=2000
2020-10-05 13:35:41,964 - __main__ - INFO - target_state_list=(6000, 25), target_innate_seq=(6000, 5)
2020-10-05 13:35:58,971 - __main__ - DEBUG - QR 0, Loss=0.020008825132316055
2020-10-05 13:35:58,972 - __main__ - DEBUG - QR 1, Loss=0.019796703213371528
2020-10-05 13:35:58,972 - __main__ - DEBUG - QR 2, Loss=0.02035364330763634
2020-10-05 13:35:58,972 - __main__ - DEBUG - QR 3, Loss=0.0196113893774405
2020-10-05 13:35:58,972 - __main__ - DEBUG - QR 4, Loss=0.01986476534577442
2020-10-05 13:36:15,478 - __main__ - INFO - innate_buffer=2000, innate_train_len=2000, innate_val_len=2000
2020-10-05 13:36:15,479 - __main__ - INFO - target_state_list=(6000, 25), target_innate_seq=(6000, 5)
2020-10-05 13:39:37,641 - __main__ - DEBUG - QR 0, Loss=0.020267256115432807
2020-10-05 13:39:37,641 - __main__ - DEBUG - QR 1, Loss=0.01989338149292956
2020-10-05 13:39:37,641 - __main__ - DEBUG - QR 2, Loss=0.02026122788019807
2020-10-05 13:39:37,642 - __main__ - DEBUG - QR 3, Loss=0.020130277469152722
2020-10-05 13:39:37,642 - __main__ - DEBUG - QR 4, Loss=0.020481233198310075
2020-10-05 13:39:54,194 - __main__ - INFO - innate_buffer=2000, innate_train_len=2000, innate_val_len=2000
2020-10-05 13:39:54,195 - __main__ - INFO - target_state_list=(6000, 25), target_innate_seq=(6000, 5)
2020-10-05 13:41:03,484 - __main__ - DEBUG - QR 0, Loss=0.02039737839801989
2020-10-05 13:41:03,485 - __main__ - DEBUG - QR 1, Loss=0.020075289119051782
2020-10-05 13:41:03,485 - __main__ - DEBUG - QR 2, Loss=0.02026352576015022
2020-10-05 13:41:03,485 - __main__ - DEBUG - QR 3, Loss=0.01986995149866319
2020-10-05 13:41:03,485 - __main__ - DEBUG - QR 4, Loss=0.02048888392362487
2020-10-05 13:41:18,582 - __main__ - INFO - innate_buffer=2000, innate_train_len=2000, innate_val_len=2000
2020-10-05 13:41:18,583 - __main__ - INFO - target_state_list=(6000, 25), target_innate_seq=(6000, 5)
2020-10-05 13:41:48,144 - __main__ - DEBUG - QR 0, Loss=0.02035377811226936
2020-10-05 13:41:48,144 - __main__ - DEBUG - QR 1, Loss=0.020057171562252438
2020-10-05 13:41:48,144 - __main__ - DEBUG - QR 2, Loss=0.020261973406491596
2020-10-05 13:41:48,144 - __main__ - DEBUG - QR 3, Loss=0.019975156093918176
2020-10-05 13:41:48,144 - __main__ - DEBUG - QR 4, Loss=0.02050149688489686
2020-10-05 13:42:05,144 - __main__ - INFO - innate_buffer=2000, innate_train_len=2000, innate_val_len=2000
2020-10-05 13:42:05,144 - __main__ - INFO - target_state_list=(6000, 25), target_innate_seq=(6000, 5)
2020-10-05 13:45:18,390 - __main__ - DEBUG - QR 0, Loss=0.019565820322051668
2020-10-05 13:45:18,390 - __main__ - DEBUG - QR 1, Loss=0.020051341051633566
2020-10-05 13:45:18,390 - __main__ - DEBUG - QR 2, Loss=0.019622517746637192
2020-10-05 13:45:18,390 - __main__ - DEBUG - QR 3, Loss=0.01989913486260131
2020-10-05 13:45:18,390 - __main__ - DEBUG - QR 4, Loss=0.021121089839008775
2020-10-05 13:45:18,391 - __main__ - INFO - do_narma=0, Ntrials=10, total loss avg=0.0201053970395235, std=0.00015976049839617603
2020-10-05 13:45:46,168 - __main__ - DEBUG - QR 0, Loss=0.019578670629052324
2020-10-05 13:45:46,168 - __main__ - DEBUG - QR 1, Loss=0.02004468015306345
2020-10-05 13:45:46,168 - __main__ - DEBUG - QR 2, Loss=0.0197981806311525
2020-10-05 13:45:46,168 - __main__ - DEBUG - QR 3, Loss=0.019934112140384246
2020-10-05 13:45:46,169 - __main__ - DEBUG - QR 4, Loss=0.019444788584173093
2020-10-05 13:45:46,169 - __main__ - INFO - do_narma=0, Ntrials=10, total loss avg=0.020118962307494076, std=0.00020683956268015814
2020-10-05 13:46:11,981 - __main__ - DEBUG - QR 0, Loss=0.01956812859971274
2020-10-05 13:46:11,981 - __main__ - DEBUG - QR 1, Loss=0.02004723880865917
2020-10-05 13:46:11,981 - __main__ - DEBUG - QR 2, Loss=0.019602003973717558
2020-10-05 13:46:11,981 - __main__ - DEBUG - QR 3, Loss=0.019804077356596235
2020-10-05 13:46:11,981 - __main__ - DEBUG - QR 4, Loss=0.019477290848123465
2020-10-05 13:46:11,982 - __main__ - INFO - do_narma=0, Ntrials=10, total loss avg=0.020973272990711493, std=0.002797500150016146
