2020-10-05 14:20:06,229 - __main__ - INFO - n_units=5
2020-10-05 14:20:06,230 - __main__ - INFO - max_energy=1.0
2020-10-05 14:20:06,230 - __main__ - INFO - beta=1e-14
2020-10-05 14:20:06,230 - __main__ - INFO - taudelta=1.0
2020-10-05 14:20:06,230 - __main__ - INFO - V=1
2020-10-05 14:20:06,230 - __main__ - INFO - layers=5
2020-10-05 14:20:06,230 - __main__ - INFO - train_len=2000, val_len=2000, buffer=2000
2020-10-05 14:20:06,230 - __main__ - INFO - alpha=0.5, Ntrials=10
2020-10-05 14:20:06,230 - __main__ - INFO - noise=1e-05, learning rate=0.0,scale_input=0.2
2020-10-05 14:20:06,260 - __main__ - INFO - n_units=5
2020-10-05 14:20:06,260 - __main__ - INFO - max_energy=1.0
2020-10-05 14:20:06,260 - __main__ - INFO - beta=1e-14
2020-10-05 14:20:06,260 - __main__ - INFO - taudelta=2.0
2020-10-05 14:20:06,260 - __main__ - INFO - V=1
2020-10-05 14:20:06,260 - __main__ - INFO - layers=5
2020-10-05 14:20:06,260 - __main__ - INFO - train_len=2000, val_len=2000, buffer=2000
2020-10-05 14:20:06,260 - __main__ - INFO - alpha=0.5, Ntrials=10
2020-10-05 14:20:06,260 - __main__ - INFO - noise=1e-05, learning rate=0.0,scale_input=0.2
2020-10-05 14:20:06,313 - __main__ - INFO - n_units=5
2020-10-05 14:20:06,313 - __main__ - INFO - max_energy=1.0
2020-10-05 14:20:06,313 - __main__ - INFO - beta=1e-14
2020-10-05 14:20:06,313 - __main__ - INFO - taudelta=4.0
2020-10-05 14:20:06,313 - __main__ - INFO - V=1
2020-10-05 14:20:06,313 - __main__ - INFO - layers=5
2020-10-05 14:20:06,314 - __main__ - INFO - train_len=2000, val_len=2000, buffer=2000
2020-10-05 14:20:06,314 - __main__ - INFO - alpha=0.5, Ntrials=10
2020-10-05 14:20:06,314 - __main__ - INFO - noise=1e-05, learning rate=0.0,scale_input=0.2
2020-10-05 14:20:20,063 - __main__ - INFO - innate_buffer=2000, innate_train_len=2000, innate_val_len=2000
2020-10-05 14:20:20,063 - __main__ - INFO - target_state_list=(6000, 25), target_innate_seq=(6000, 5)
2020-10-05 14:20:22,203 - __main__ - INFO - innate_buffer=2000, innate_train_len=2000, innate_val_len=2000
2020-10-05 14:20:22,203 - __main__ - INFO - target_state_list=(6000, 25), target_innate_seq=(6000, 5)
2020-10-05 14:20:23,561 - __main__ - INFO - innate_buffer=2000, innate_train_len=2000, innate_val_len=2000
2020-10-05 14:20:23,561 - __main__ - INFO - target_state_list=(6000, 25), target_innate_seq=(6000, 5)
2020-10-05 14:20:29,702 - __main__ - DEBUG - QR 0, Loss=0.004413294326027605
2020-10-05 14:20:29,702 - __main__ - DEBUG - QR 1, Loss=0.004060588158848026
2020-10-05 14:20:29,702 - __main__ - DEBUG - QR 2, Loss=0.0040341141574591535
2020-10-05 14:20:29,702 - __main__ - DEBUG - QR 3, Loss=0.004718612857255066
2020-10-05 14:20:29,702 - __main__ - DEBUG - QR 4, Loss=0.0031737293825909035
2020-10-05 14:20:38,684 - __main__ - DEBUG - QR 0, Loss=0.010094954661131094
2020-10-05 14:20:38,684 - __main__ - DEBUG - QR 1, Loss=0.004142742216202204
2020-10-05 14:20:38,685 - __main__ - DEBUG - QR 2, Loss=0.003672648004445216
2020-10-05 14:20:38,685 - __main__ - DEBUG - QR 3, Loss=0.030386865728138125
2020-10-05 14:20:38,685 - __main__ - DEBUG - QR 4, Loss=0.0044578037877167935
2020-10-05 14:20:39,356 - __main__ - DEBUG - QR 0, Loss=0.01773927134975674
2020-10-05 14:20:39,356 - __main__ - DEBUG - QR 1, Loss=0.003122044200574679
2020-10-05 14:20:39,356 - __main__ - DEBUG - QR 2, Loss=0.0032372055730339813
2020-10-05 14:20:39,357 - __main__ - DEBUG - QR 3, Loss=0.0240610332413457
2020-10-05 14:20:39,357 - __main__ - DEBUG - QR 4, Loss=0.0037829236010086626
2020-10-05 14:20:45,456 - __main__ - INFO - innate_buffer=2000, innate_train_len=2000, innate_val_len=2000
2020-10-05 14:20:45,457 - __main__ - INFO - target_state_list=(6000, 25), target_innate_seq=(6000, 5)
2020-10-05 14:20:56,127 - __main__ - INFO - innate_buffer=2000, innate_train_len=2000, innate_val_len=2000
2020-10-05 14:20:56,127 - __main__ - INFO - target_state_list=(6000, 25), target_innate_seq=(6000, 5)
2020-10-05 14:20:56,524 - __main__ - INFO - innate_buffer=2000, innate_train_len=2000, innate_val_len=2000
2020-10-05 14:20:56,524 - __main__ - INFO - target_state_list=(6000, 25), target_innate_seq=(6000, 5)
2020-10-05 14:21:02,340 - __main__ - DEBUG - QR 0, Loss=0.004856839360004677
2020-10-05 14:21:02,340 - __main__ - DEBUG - QR 1, Loss=0.0031978841217950014
2020-10-05 14:21:02,340 - __main__ - DEBUG - QR 2, Loss=0.0051121385249258255
2020-10-05 14:21:02,340 - __main__ - DEBUG - QR 3, Loss=0.004360911477354435
2020-10-05 14:21:02,341 - __main__ - DEBUG - QR 4, Loss=0.0075504766428232525
2020-10-05 14:21:13,154 - __main__ - DEBUG - QR 0, Loss=0.005824043584031689
2020-10-05 14:21:13,154 - __main__ - DEBUG - QR 1, Loss=0.004467761546371919
2020-10-05 14:21:13,155 - __main__ - DEBUG - QR 2, Loss=0.006325074108878958
2020-10-05 14:21:13,155 - __main__ - DEBUG - QR 3, Loss=0.003277810124656192
2020-10-05 14:21:13,155 - __main__ - DEBUG - QR 4, Loss=0.007745995577641425
2020-10-05 14:21:13,178 - __main__ - DEBUG - QR 0, Loss=0.003178960933497387
2020-10-05 14:21:13,179 - __main__ - DEBUG - QR 1, Loss=0.00326813581353434
2020-10-05 14:21:13,179 - __main__ - DEBUG - QR 2, Loss=0.0035968029677152643
2020-10-05 14:21:13,179 - __main__ - DEBUG - QR 3, Loss=0.0031329644626782605
2020-10-05 14:21:13,179 - __main__ - DEBUG - QR 4, Loss=0.005856519358247163
2020-10-05 14:21:18,945 - __main__ - INFO - innate_buffer=2000, innate_train_len=2000, innate_val_len=2000
2020-10-05 14:21:18,945 - __main__ - INFO - target_state_list=(6000, 25), target_innate_seq=(6000, 5)
2020-10-05 14:21:30,417 - __main__ - INFO - innate_buffer=2000, innate_train_len=2000, innate_val_len=2000
2020-10-05 14:21:30,418 - __main__ - INFO - target_state_list=(6000, 25), target_innate_seq=(6000, 5)
2020-10-05 14:21:30,658 - __main__ - INFO - innate_buffer=2000, innate_train_len=2000, innate_val_len=2000
2020-10-05 14:21:30,658 - __main__ - INFO - target_state_list=(6000, 25), target_innate_seq=(6000, 5)
2020-10-05 14:21:35,468 - __main__ - DEBUG - QR 0, Loss=0.009580642727995988
2020-10-05 14:21:35,468 - __main__ - DEBUG - QR 1, Loss=0.003180907940024234
2020-10-05 14:21:35,468 - __main__ - DEBUG - QR 2, Loss=0.00346926416303926
2020-10-05 14:21:35,468 - __main__ - DEBUG - QR 3, Loss=0.003717599117308841
2020-10-05 14:21:35,469 - __main__ - DEBUG - QR 4, Loss=0.003937581071005047
2020-10-05 14:21:46,314 - __main__ - DEBUG - QR 0, Loss=0.016063278208520302
2020-10-05 14:21:46,314 - __main__ - DEBUG - QR 1, Loss=0.0038991581686879714
2020-10-05 14:21:46,314 - __main__ - DEBUG - QR 2, Loss=0.005161008598178349
2020-10-05 14:21:46,314 - __main__ - DEBUG - QR 3, Loss=0.0036580963741660102
2020-10-05 14:21:46,314 - __main__ - DEBUG - QR 4, Loss=0.010698271791331631
2020-10-05 14:21:47,241 - __main__ - DEBUG - QR 0, Loss=0.016835281418828268
2020-10-05 14:21:47,242 - __main__ - DEBUG - QR 1, Loss=0.003180280676975248
2020-10-05 14:21:47,242 - __main__ - DEBUG - QR 2, Loss=0.014971725294248674
2020-10-05 14:21:47,242 - __main__ - DEBUG - QR 3, Loss=0.0032179503056424673
2020-10-05 14:21:47,242 - __main__ - DEBUG - QR 4, Loss=0.009763317254302555
2020-10-05 14:21:52,191 - __main__ - INFO - innate_buffer=2000, innate_train_len=2000, innate_val_len=2000
2020-10-05 14:21:52,192 - __main__ - INFO - target_state_list=(6000, 25), target_innate_seq=(6000, 5)
2020-10-05 14:22:03,329 - __main__ - INFO - innate_buffer=2000, innate_train_len=2000, innate_val_len=2000
2020-10-05 14:22:03,330 - __main__ - INFO - target_state_list=(6000, 25), target_innate_seq=(6000, 5)
2020-10-05 14:22:05,166 - __main__ - INFO - innate_buffer=2000, innate_train_len=2000, innate_val_len=2000
2020-10-05 14:22:05,166 - __main__ - INFO - target_state_list=(6000, 25), target_innate_seq=(6000, 5)
2020-10-05 14:22:08,899 - __main__ - DEBUG - QR 0, Loss=0.003046172314865539
2020-10-05 14:22:08,900 - __main__ - DEBUG - QR 1, Loss=0.011572057592572755
2020-10-05 14:22:08,900 - __main__ - DEBUG - QR 2, Loss=0.004918958374217344
2020-10-05 14:22:08,900 - __main__ - DEBUG - QR 3, Loss=0.003446784671515205
2020-10-05 14:22:08,900 - __main__ - DEBUG - QR 4, Loss=0.0043659464763637235
2020-10-05 14:22:19,276 - __main__ - DEBUG - QR 0, Loss=0.003046767140770885
2020-10-05 14:22:19,277 - __main__ - DEBUG - QR 1, Loss=0.022301539943788706
2020-10-05 14:22:19,277 - __main__ - DEBUG - QR 2, Loss=0.009891616086220611
2020-10-05 14:22:19,277 - __main__ - DEBUG - QR 3, Loss=0.005480616594839598
2020-10-05 14:22:19,277 - __main__ - DEBUG - QR 4, Loss=0.0031588241157501314
2020-10-05 14:22:22,168 - __main__ - DEBUG - QR 0, Loss=0.0030464121006747126
2020-10-05 14:22:22,168 - __main__ - DEBUG - QR 1, Loss=0.020346287253274066
2020-10-05 14:22:22,168 - __main__ - DEBUG - QR 2, Loss=0.005653353654540364
2020-10-05 14:22:22,168 - __main__ - DEBUG - QR 3, Loss=0.00419865376297298
2020-10-05 14:22:22,169 - __main__ - DEBUG - QR 4, Loss=0.003234410205152399
2020-10-05 14:22:25,422 - __main__ - INFO - innate_buffer=2000, innate_train_len=2000, innate_val_len=2000
2020-10-05 14:22:25,423 - __main__ - INFO - target_state_list=(6000, 25), target_innate_seq=(6000, 5)
2020-10-05 14:22:36,366 - __main__ - INFO - innate_buffer=2000, innate_train_len=2000, innate_val_len=2000
2020-10-05 14:22:36,367 - __main__ - INFO - target_state_list=(6000, 25), target_innate_seq=(6000, 5)
2020-10-05 14:22:38,067 - __main__ - INFO - innate_buffer=2000, innate_train_len=2000, innate_val_len=2000
2020-10-05 14:22:38,068 - __main__ - INFO - target_state_list=(6000, 25), target_innate_seq=(6000, 5)
2020-10-05 14:22:41,733 - __main__ - DEBUG - QR 0, Loss=0.003640462800360866
2020-10-05 14:22:41,733 - __main__ - DEBUG - QR 1, Loss=0.0031603691597827726
2020-10-05 14:22:41,734 - __main__ - DEBUG - QR 2, Loss=0.004476810107903856
2020-10-05 14:22:41,734 - __main__ - DEBUG - QR 3, Loss=0.004398380809355015
2020-10-05 14:22:41,734 - __main__ - DEBUG - QR 4, Loss=0.003167821994496476
2020-10-05 14:22:52,787 - __main__ - DEBUG - QR 0, Loss=0.0055276224041190935
2020-10-05 14:22:52,788 - __main__ - DEBUG - QR 1, Loss=0.0031724661187074194
2020-10-05 14:22:52,788 - __main__ - DEBUG - QR 2, Loss=0.010781882442102519
2020-10-05 14:22:52,788 - __main__ - DEBUG - QR 3, Loss=0.0035569390002533176
2020-10-05 14:22:52,788 - __main__ - DEBUG - QR 4, Loss=0.008401515355136967
2020-10-05 14:22:54,830 - __main__ - DEBUG - QR 0, Loss=0.0034188924258860536
2020-10-05 14:22:54,830 - __main__ - DEBUG - QR 1, Loss=0.0031612398696304798
2020-10-05 14:22:54,830 - __main__ - DEBUG - QR 2, Loss=0.007608945779691517
2020-10-05 14:22:54,831 - __main__ - DEBUG - QR 3, Loss=0.0050046346800940705
2020-10-05 14:22:54,831 - __main__ - DEBUG - QR 4, Loss=0.003186661520256049
2020-10-05 14:22:58,838 - __main__ - INFO - innate_buffer=2000, innate_train_len=2000, innate_val_len=2000
2020-10-05 14:22:58,838 - __main__ - INFO - target_state_list=(6000, 25), target_innate_seq=(6000, 5)
2020-10-05 14:23:09,269 - __main__ - INFO - innate_buffer=2000, innate_train_len=2000, innate_val_len=2000
2020-10-05 14:23:09,269 - __main__ - INFO - target_state_list=(6000, 25), target_innate_seq=(6000, 5)
2020-10-05 14:23:12,991 - __main__ - INFO - innate_buffer=2000, innate_train_len=2000, innate_val_len=2000
2020-10-05 14:23:12,991 - __main__ - INFO - target_state_list=(6000, 25), target_innate_seq=(6000, 5)
2020-10-05 14:23:15,422 - __main__ - DEBUG - QR 0, Loss=0.0031444330320855953
2020-10-05 14:23:15,422 - __main__ - DEBUG - QR 1, Loss=0.007746714503967365
2020-10-05 14:23:15,422 - __main__ - DEBUG - QR 2, Loss=0.003343891792489042
2020-10-05 14:23:15,422 - __main__ - DEBUG - QR 3, Loss=0.0034773238420723837
2020-10-05 14:23:15,423 - __main__ - DEBUG - QR 4, Loss=0.004173121032155946
2020-10-05 14:23:25,041 - __main__ - DEBUG - QR 0, Loss=0.0032578216435874036
2020-10-05 14:23:25,042 - __main__ - DEBUG - QR 1, Loss=0.009639174927550473
2020-10-05 14:23:25,042 - __main__ - DEBUG - QR 2, Loss=0.00396455410121569
2020-10-05 14:23:25,042 - __main__ - DEBUG - QR 3, Loss=0.003835742733374034
2020-10-05 14:23:25,042 - __main__ - DEBUG - QR 4, Loss=0.003314232636010142
2020-10-05 14:23:29,618 - __main__ - DEBUG - QR 0, Loss=0.0031994675745604857
2020-10-05 14:23:29,618 - __main__ - DEBUG - QR 1, Loss=0.008467513060078962
2020-10-05 14:23:29,618 - __main__ - DEBUG - QR 2, Loss=0.005346020930362596
2020-10-05 14:23:29,618 - __main__ - DEBUG - QR 3, Loss=0.0035312505263112573
2020-10-05 14:23:29,618 - __main__ - DEBUG - QR 4, Loss=0.004151437498523674
2020-10-05 14:23:33,001 - __main__ - INFO - innate_buffer=2000, innate_train_len=2000, innate_val_len=2000
2020-10-05 14:23:33,001 - __main__ - INFO - target_state_list=(6000, 25), target_innate_seq=(6000, 5)
2020-10-05 14:23:39,578 - __main__ - INFO - innate_buffer=2000, innate_train_len=2000, innate_val_len=2000
2020-10-05 14:23:39,578 - __main__ - INFO - target_state_list=(6000, 25), target_innate_seq=(6000, 5)
2020-10-05 14:23:46,716 - __main__ - INFO - innate_buffer=2000, innate_train_len=2000, innate_val_len=2000
2020-10-05 14:23:46,716 - __main__ - INFO - target_state_list=(6000, 25), target_innate_seq=(6000, 5)
2020-10-05 14:23:48,658 - __main__ - DEBUG - QR 0, Loss=0.0031610192542484475
2020-10-05 14:23:48,658 - __main__ - DEBUG - QR 1, Loss=0.0038913988059088747
2020-10-05 14:23:48,659 - __main__ - DEBUG - QR 2, Loss=0.0031128901899871294
2020-10-05 14:23:48,659 - __main__ - DEBUG - QR 3, Loss=0.00318234320458192
2020-10-05 14:23:48,659 - __main__ - DEBUG - QR 4, Loss=0.0037352870815063623
2020-10-05 14:23:56,071 - __main__ - DEBUG - QR 0, Loss=0.003151824335325104
2020-10-05 14:23:56,071 - __main__ - DEBUG - QR 1, Loss=0.0038719628021498162
2020-10-05 14:23:56,071 - __main__ - DEBUG - QR 2, Loss=0.004526067740046429
2020-10-05 14:23:56,071 - __main__ - DEBUG - QR 3, Loss=0.003253985507039701
2020-10-05 14:23:56,071 - __main__ - DEBUG - QR 4, Loss=0.005405467151141135
2020-10-05 14:24:03,492 - __main__ - DEBUG - QR 0, Loss=0.0031699341221107596
2020-10-05 14:24:03,492 - __main__ - DEBUG - QR 1, Loss=0.0033079533066835173
2020-10-05 14:24:03,492 - __main__ - DEBUG - QR 2, Loss=0.0048668547049861505
2020-10-05 14:24:03,492 - __main__ - DEBUG - QR 3, Loss=0.003156016048304198
2020-10-05 14:24:03,492 - __main__ - DEBUG - QR 4, Loss=0.003411425384112201
2020-10-05 14:24:06,123 - __main__ - INFO - innate_buffer=2000, innate_train_len=2000, innate_val_len=2000
2020-10-05 14:24:06,123 - __main__ - INFO - target_state_list=(6000, 25), target_innate_seq=(6000, 5)
2020-10-05 14:24:13,157 - __main__ - INFO - innate_buffer=2000, innate_train_len=2000, innate_val_len=2000
2020-10-05 14:24:13,157 - __main__ - INFO - target_state_list=(6000, 25), target_innate_seq=(6000, 5)
2020-10-05 14:24:21,347 - __main__ - INFO - innate_buffer=2000, innate_train_len=2000, innate_val_len=2000
2020-10-05 14:24:21,347 - __main__ - INFO - target_state_list=(6000, 25), target_innate_seq=(6000, 5)
2020-10-05 14:24:22,859 - __main__ - DEBUG - QR 0, Loss=0.004166423226430939
2020-10-05 14:24:22,859 - __main__ - DEBUG - QR 1, Loss=0.00381420678835459
2020-10-05 14:24:22,859 - __main__ - DEBUG - QR 2, Loss=0.003114672372196203
2020-10-05 14:24:22,859 - __main__ - DEBUG - QR 3, Loss=0.0031099145230723563
2020-10-05 14:24:22,859 - __main__ - DEBUG - QR 4, Loss=0.003274159246524635
2020-10-05 14:24:29,610 - __main__ - DEBUG - QR 0, Loss=0.0038500290037406155
2020-10-05 14:24:29,611 - __main__ - DEBUG - QR 1, Loss=0.004482262804672297
2020-10-05 14:24:29,611 - __main__ - DEBUG - QR 2, Loss=0.0049814156109675815
2020-10-05 14:24:29,611 - __main__ - DEBUG - QR 3, Loss=0.0031787855115159467
2020-10-05 14:24:29,611 - __main__ - DEBUG - QR 4, Loss=0.004899200478838725
2020-10-05 14:24:32,073 - __main__ - DEBUG - QR 0, Loss=0.004927981903958798
2020-10-05 14:24:32,073 - __main__ - DEBUG - QR 1, Loss=0.003197077322020576
2020-10-05 14:24:32,074 - __main__ - DEBUG - QR 2, Loss=0.004500123905615383
2020-10-05 14:24:32,074 - __main__ - DEBUG - QR 3, Loss=0.0032367906124730005
2020-10-05 14:24:32,074 - __main__ - DEBUG - QR 4, Loss=0.006460243204095542
2020-10-05 14:24:39,905 - __main__ - INFO - innate_buffer=2000, innate_train_len=2000, innate_val_len=2000
2020-10-05 14:24:39,905 - __main__ - INFO - target_state_list=(6000, 25), target_innate_seq=(6000, 5)
2020-10-05 14:24:42,076 - __main__ - INFO - innate_buffer=2000, innate_train_len=2000, innate_val_len=2000
2020-10-05 14:24:42,077 - __main__ - INFO - target_state_list=(6000, 25), target_innate_seq=(6000, 5)
2020-10-05 14:24:45,802 - __main__ - INFO - innate_buffer=2000, innate_train_len=2000, innate_val_len=2000
2020-10-05 14:24:45,802 - __main__ - INFO - target_state_list=(6000, 25), target_innate_seq=(6000, 5)
2020-10-05 14:24:51,588 - __main__ - DEBUG - QR 0, Loss=0.005582446323955099
2020-10-05 14:24:51,588 - __main__ - DEBUG - QR 1, Loss=0.006167019481093016
2020-10-05 14:24:51,588 - __main__ - DEBUG - QR 2, Loss=0.003234383932560561
2020-10-05 14:24:51,588 - __main__ - DEBUG - QR 3, Loss=0.004134470380499541
2020-10-05 14:24:51,589 - __main__ - DEBUG - QR 4, Loss=0.0031829853830654922
2020-10-05 14:24:55,865 - __main__ - DEBUG - QR 0, Loss=0.0031792550268547946
2020-10-05 14:24:55,865 - __main__ - DEBUG - QR 1, Loss=0.0035824148738576042
2020-10-05 14:24:55,865 - __main__ - DEBUG - QR 2, Loss=0.00324705601628095
2020-10-05 14:24:55,865 - __main__ - DEBUG - QR 3, Loss=0.015237229633329127
2020-10-05 14:24:55,866 - __main__ - DEBUG - QR 4, Loss=0.003169291587956375
2020-10-05 14:25:01,250 - __main__ - INFO - innate_buffer=2000, innate_train_len=2000, innate_val_len=2000
2020-10-05 14:25:01,250 - __main__ - INFO - target_state_list=(6000, 25), target_innate_seq=(6000, 5)
2020-10-05 14:25:01,639 - __main__ - DEBUG - QR 0, Loss=0.004197545398492363
2020-10-05 14:25:01,639 - __main__ - DEBUG - QR 1, Loss=0.005821478187600967
2020-10-05 14:25:01,639 - __main__ - DEBUG - QR 2, Loss=0.0032296729427872084
2020-10-05 14:25:01,640 - __main__ - DEBUG - QR 3, Loss=0.005828452512779358
2020-10-05 14:25:01,640 - __main__ - DEBUG - QR 4, Loss=0.0032112246449748525
2020-10-05 14:25:05,356 - __main__ - INFO - innate_buffer=2000, innate_train_len=2000, innate_val_len=2000
2020-10-05 14:25:05,356 - __main__ - INFO - target_state_list=(6000, 25), target_innate_seq=(6000, 5)
2020-10-05 14:25:10,072 - __main__ - DEBUG - QR 0, Loss=0.0032099081982055167
2020-10-05 14:25:10,072 - __main__ - DEBUG - QR 1, Loss=0.00463910335340233
2020-10-05 14:25:10,072 - __main__ - DEBUG - QR 2, Loss=0.0032236122513562286
2020-10-05 14:25:10,072 - __main__ - DEBUG - QR 3, Loss=0.0032436184147998544
2020-10-05 14:25:10,072 - __main__ - DEBUG - QR 4, Loss=0.0038778232436972814
2020-10-05 14:25:10,072 - __main__ - INFO - do_narma=0, Ntrials=10, total loss avg=0.005664587375407882, std=0.0023902883371730637
2020-10-05 14:25:10,786 - __main__ - INFO - innate_buffer=2000, innate_train_len=2000, innate_val_len=2000
2020-10-05 14:25:10,786 - __main__ - INFO - target_state_list=(6000, 25), target_innate_seq=(6000, 5)
2020-10-05 14:25:13,637 - __main__ - DEBUG - QR 0, Loss=0.0032168285380624645
2020-10-05 14:25:13,637 - __main__ - DEBUG - QR 1, Loss=0.004129841043373024
2020-10-05 14:25:13,637 - __main__ - DEBUG - QR 2, Loss=0.0032449828276437634
2020-10-05 14:25:13,637 - __main__ - DEBUG - QR 3, Loss=0.0037762399285537285
2020-10-05 14:25:13,637 - __main__ - DEBUG - QR 4, Loss=0.004623480920273546
2020-10-05 14:25:13,637 - __main__ - INFO - do_narma=0, Ntrials=10, total loss avg=0.004388255352433161, std=0.0007719426497239287
2020-10-05 14:25:18,349 - __main__ - DEBUG - QR 0, Loss=0.0033387454051562763
2020-10-05 14:25:18,349 - __main__ - DEBUG - QR 1, Loss=0.006919583685454598
2020-10-05 14:25:18,349 - __main__ - DEBUG - QR 2, Loss=0.0034875034986815816
2020-10-05 14:25:18,349 - __main__ - DEBUG - QR 3, Loss=0.004768810990048492
2020-10-05 14:25:18,349 - __main__ - DEBUG - QR 4, Loss=0.0030833426392039625
2020-10-05 14:25:18,349 - __main__ - INFO - do_narma=0, Ntrials=10, total loss avg=0.006093883771482839, std=0.002136929918174571
