2020-10-05 14:20:06,237 - __main__ - INFO - n_units=5
2020-10-05 14:20:06,237 - __main__ - INFO - max_energy=1.0
2020-10-05 14:20:06,237 - __main__ - INFO - beta=1e-14
2020-10-05 14:20:06,237 - __main__ - INFO - taudelta=1.0
2020-10-05 14:20:06,237 - __main__ - INFO - V=1
2020-10-05 14:20:06,237 - __main__ - INFO - layers=5
2020-10-05 14:20:06,237 - __main__ - INFO - train_len=2000, val_len=2000, buffer=2000
2020-10-05 14:20:06,238 - __main__ - INFO - alpha=0.5, Ntrials=10
2020-10-05 14:20:06,238 - __main__ - INFO - noise=0.00030000000000000003, learning rate=0.0,scale_input=0.2
2020-10-05 14:20:06,274 - __main__ - INFO - n_units=5
2020-10-05 14:20:06,274 - __main__ - INFO - max_energy=1.0
2020-10-05 14:20:06,274 - __main__ - INFO - beta=1e-14
2020-10-05 14:20:06,274 - __main__ - INFO - taudelta=2.0
2020-10-05 14:20:06,274 - __main__ - INFO - V=1
2020-10-05 14:20:06,274 - __main__ - INFO - layers=5
2020-10-05 14:20:06,274 - __main__ - INFO - train_len=2000, val_len=2000, buffer=2000
2020-10-05 14:20:06,274 - __main__ - INFO - alpha=0.5, Ntrials=10
2020-10-05 14:20:06,274 - __main__ - INFO - noise=0.00030000000000000003, learning rate=0.0,scale_input=0.2
2020-10-05 14:20:06,331 - __main__ - INFO - n_units=5
2020-10-05 14:20:06,331 - __main__ - INFO - max_energy=1.0
2020-10-05 14:20:06,331 - __main__ - INFO - beta=1e-14
2020-10-05 14:20:06,331 - __main__ - INFO - taudelta=4.0
2020-10-05 14:20:06,332 - __main__ - INFO - V=1
2020-10-05 14:20:06,332 - __main__ - INFO - layers=5
2020-10-05 14:20:06,332 - __main__ - INFO - train_len=2000, val_len=2000, buffer=2000
2020-10-05 14:20:06,332 - __main__ - INFO - alpha=0.5, Ntrials=10
2020-10-05 14:20:06,332 - __main__ - INFO - noise=0.00030000000000000003, learning rate=0.0,scale_input=0.2
2020-10-05 14:20:20,480 - __main__ - INFO - innate_buffer=2000, innate_train_len=2000, innate_val_len=2000
2020-10-05 14:20:20,481 - __main__ - INFO - target_state_list=(6000, 25), target_innate_seq=(6000, 5)
2020-10-05 14:20:22,662 - __main__ - INFO - innate_buffer=2000, innate_train_len=2000, innate_val_len=2000
2020-10-05 14:20:22,662 - __main__ - INFO - target_state_list=(6000, 25), target_innate_seq=(6000, 5)
2020-10-05 14:20:22,825 - __main__ - INFO - innate_buffer=2000, innate_train_len=2000, innate_val_len=2000
2020-10-05 14:20:22,826 - __main__ - INFO - target_state_list=(6000, 25), target_innate_seq=(6000, 5)
2020-10-05 14:20:34,113 - __main__ - DEBUG - QR 0, Loss=0.025032522132335415
2020-10-05 14:20:34,113 - __main__ - DEBUG - QR 1, Loss=0.017064299992667228
2020-10-05 14:20:34,113 - __main__ - DEBUG - QR 2, Loss=0.0169166102666339
2020-10-05 14:20:34,113 - __main__ - DEBUG - QR 3, Loss=0.029628145190967868
2020-10-05 14:20:34,113 - __main__ - DEBUG - QR 4, Loss=0.01743206555485672
2020-10-05 14:20:38,453 - __main__ - DEBUG - QR 0, Loss=0.01784411019540476
2020-10-05 14:20:38,453 - __main__ - DEBUG - QR 1, Loss=0.017343262266778296
2020-10-05 14:20:38,454 - __main__ - DEBUG - QR 2, Loss=0.017086834044163376
2020-10-05 14:20:38,454 - __main__ - DEBUG - QR 3, Loss=0.017587160892900997
2020-10-05 14:20:38,454 - __main__ - DEBUG - QR 4, Loss=0.017332652894399406
2020-10-05 14:20:38,890 - __main__ - DEBUG - QR 0, Loss=0.01992356372410182
2020-10-05 14:20:38,891 - __main__ - DEBUG - QR 1, Loss=0.017367731878167328
2020-10-05 14:20:38,891 - __main__ - DEBUG - QR 2, Loss=0.017001725543926115
2020-10-05 14:20:38,891 - __main__ - DEBUG - QR 3, Loss=0.03500172241531941
2020-10-05 14:20:38,891 - __main__ - DEBUG - QR 4, Loss=0.017571918440672924
2020-10-05 14:20:49,683 - __main__ - INFO - innate_buffer=2000, innate_train_len=2000, innate_val_len=2000
2020-10-05 14:20:49,683 - __main__ - INFO - target_state_list=(6000, 25), target_innate_seq=(6000, 5)
2020-10-05 14:20:49,765 - __main__ - INFO - innate_buffer=2000, innate_train_len=2000, innate_val_len=2000
2020-10-05 14:20:49,765 - __main__ - INFO - target_state_list=(6000, 25), target_innate_seq=(6000, 5)
2020-10-05 14:20:52,974 - __main__ - INFO - innate_buffer=2000, innate_train_len=2000, innate_val_len=2000
2020-10-05 14:20:52,974 - __main__ - INFO - target_state_list=(6000, 25), target_innate_seq=(6000, 5)
2020-10-05 14:20:59,193 - __main__ - DEBUG - QR 0, Loss=0.017980646338424517
2020-10-05 14:20:59,193 - __main__ - DEBUG - QR 1, Loss=0.017791500732009944
2020-10-05 14:20:59,193 - __main__ - DEBUG - QR 2, Loss=0.018209709290271252
2020-10-05 14:20:59,194 - __main__ - DEBUG - QR 3, Loss=0.017137318252443325
2020-10-05 14:20:59,194 - __main__ - DEBUG - QR 4, Loss=0.01866220144858275
2020-10-05 14:21:00,896 - __main__ - DEBUG - QR 0, Loss=0.017318042044606394
2020-10-05 14:21:00,896 - __main__ - DEBUG - QR 1, Loss=0.01743338362640603
2020-10-05 14:21:00,896 - __main__ - DEBUG - QR 2, Loss=0.0174095959491094
2020-10-05 14:21:00,896 - __main__ - DEBUG - QR 3, Loss=0.017152478499668722
2020-10-05 14:21:00,896 - __main__ - DEBUG - QR 4, Loss=0.017935557269893546
2020-10-05 14:21:09,102 - __main__ - INFO - innate_buffer=2000, innate_train_len=2000, innate_val_len=2000
2020-10-05 14:21:09,102 - __main__ - INFO - target_state_list=(6000, 25), target_innate_seq=(6000, 5)
2020-10-05 14:21:09,263 - __main__ - DEBUG - QR 0, Loss=0.017712441046137326
2020-10-05 14:21:09,264 - __main__ - DEBUG - QR 1, Loss=0.01737354987029161
2020-10-05 14:21:09,264 - __main__ - DEBUG - QR 2, Loss=0.017811858360572717
2020-10-05 14:21:09,264 - __main__ - DEBUG - QR 3, Loss=0.01752479478532127
2020-10-05 14:21:09,264 - __main__ - DEBUG - QR 4, Loss=0.018586718320474253
2020-10-05 14:21:14,597 - __main__ - INFO - innate_buffer=2000, innate_train_len=2000, innate_val_len=2000
2020-10-05 14:21:14,598 - __main__ - INFO - target_state_list=(6000, 25), target_innate_seq=(6000, 5)
2020-10-05 14:21:22,341 - __main__ - DEBUG - QR 0, Loss=0.023482264982667447
2020-10-05 14:21:22,341 - __main__ - DEBUG - QR 1, Loss=0.017546156461656
2020-10-05 14:21:22,341 - __main__ - DEBUG - QR 2, Loss=0.01772354045741077
2020-10-05 14:21:22,342 - __main__ - DEBUG - QR 3, Loss=0.017733886010012426
2020-10-05 14:21:22,342 - __main__ - DEBUG - QR 4, Loss=0.020255456279866472
2020-10-05 14:21:23,370 - __main__ - INFO - innate_buffer=2000, innate_train_len=2000, innate_val_len=2000
2020-10-05 14:21:23,370 - __main__ - INFO - target_state_list=(6000, 25), target_innate_seq=(6000, 5)
2020-10-05 14:21:30,076 - __main__ - DEBUG - QR 0, Loss=0.024018531372186902
2020-10-05 14:21:30,076 - __main__ - DEBUG - QR 1, Loss=0.017412263662500514
2020-10-05 14:21:30,076 - __main__ - DEBUG - QR 2, Loss=0.022580009400021233
2020-10-05 14:21:30,077 - __main__ - DEBUG - QR 3, Loss=0.017625417364790882
2020-10-05 14:21:30,077 - __main__ - DEBUG - QR 4, Loss=0.019766011120781347
2020-10-05 14:21:38,093 - __main__ - DEBUG - QR 0, Loss=0.019535556161801252
2020-10-05 14:21:38,093 - __main__ - DEBUG - QR 1, Loss=0.01740924218434439
2020-10-05 14:21:38,093 - __main__ - DEBUG - QR 2, Loss=0.01733107267085477
2020-10-05 14:21:38,093 - __main__ - DEBUG - QR 3, Loss=0.0177409572411386
2020-10-05 14:21:38,093 - __main__ - DEBUG - QR 4, Loss=0.017560875993059513
2020-10-05 14:21:39,454 - __main__ - INFO - innate_buffer=2000, innate_train_len=2000, innate_val_len=2000
2020-10-05 14:21:39,455 - __main__ - INFO - target_state_list=(6000, 25), target_innate_seq=(6000, 5)
2020-10-05 14:21:44,687 - __main__ - INFO - innate_buffer=2000, innate_train_len=2000, innate_val_len=2000
2020-10-05 14:21:44,687 - __main__ - INFO - target_state_list=(6000, 25), target_innate_seq=(6000, 5)
2020-10-05 14:21:54,014 - __main__ - INFO - innate_buffer=2000, innate_train_len=2000, innate_val_len=2000
2020-10-05 14:21:54,014 - __main__ - INFO - target_state_list=(6000, 25), target_innate_seq=(6000, 5)
2020-10-05 14:21:55,650 - __main__ - DEBUG - QR 0, Loss=0.016684677074314484
2020-10-05 14:21:55,650 - __main__ - DEBUG - QR 1, Loss=0.028471662164596356
2020-10-05 14:21:55,650 - __main__ - DEBUG - QR 2, Loss=0.0196260577999888
2020-10-05 14:21:55,650 - __main__ - DEBUG - QR 3, Loss=0.01797988997428461
2020-10-05 14:21:55,650 - __main__ - DEBUG - QR 4, Loss=0.01716360788615161
2020-10-05 14:21:57,497 - __main__ - DEBUG - QR 0, Loss=0.016684260388079658
2020-10-05 14:21:57,497 - __main__ - DEBUG - QR 1, Loss=0.026955850930675082
2020-10-05 14:21:57,497 - __main__ - DEBUG - QR 2, Loss=0.017779747103594118
2020-10-05 14:21:57,497 - __main__ - DEBUG - QR 3, Loss=0.017637256452386924
2020-10-05 14:21:57,498 - __main__ - DEBUG - QR 4, Loss=0.017182707415200168
2020-10-05 14:22:09,897 - __main__ - DEBUG - QR 0, Loss=0.016684604595087277
2020-10-05 14:22:09,897 - __main__ - DEBUG - QR 1, Loss=0.021043388716417474
2020-10-05 14:22:09,897 - __main__ - DEBUG - QR 2, Loss=0.01761503831187288
2020-10-05 14:22:09,897 - __main__ - DEBUG - QR 3, Loss=0.017476983949550745
2020-10-05 14:22:09,897 - __main__ - DEBUG - QR 4, Loss=0.017411228139328182
2020-10-05 14:22:11,237 - __main__ - INFO - innate_buffer=2000, innate_train_len=2000, innate_val_len=2000
2020-10-05 14:22:11,237 - __main__ - INFO - target_state_list=(6000, 25), target_innate_seq=(6000, 5)
2020-10-05 14:22:12,249 - __main__ - INFO - innate_buffer=2000, innate_train_len=2000, innate_val_len=2000
2020-10-05 14:22:12,250 - __main__ - INFO - target_state_list=(6000, 25), target_innate_seq=(6000, 5)
2020-10-05 14:22:26,426 - __main__ - INFO - innate_buffer=2000, innate_train_len=2000, innate_val_len=2000
2020-10-05 14:22:26,427 - __main__ - INFO - target_state_list=(6000, 25), target_innate_seq=(6000, 5)
2020-10-05 14:22:27,237 - __main__ - DEBUG - QR 0, Loss=0.017727254759355156
2020-10-05 14:22:27,238 - __main__ - DEBUG - QR 1, Loss=0.017315795475005495
2020-10-05 14:22:27,238 - __main__ - DEBUG - QR 2, Loss=0.018688737699501478
2020-10-05 14:22:27,239 - __main__ - DEBUG - QR 3, Loss=0.017954316055638884
2020-10-05 14:22:27,239 - __main__ - DEBUG - QR 4, Loss=0.01727085777698444
2020-10-05 14:22:28,525 - __main__ - DEBUG - QR 0, Loss=0.018297304601205922
2020-10-05 14:22:28,525 - __main__ - DEBUG - QR 1, Loss=0.01731868485743454
2020-10-05 14:22:28,525 - __main__ - DEBUG - QR 2, Loss=0.02020867917321475
2020-10-05 14:22:28,525 - __main__ - DEBUG - QR 3, Loss=0.017601102907648353
2020-10-05 14:22:28,525 - __main__ - DEBUG - QR 4, Loss=0.01905039566541128
2020-10-05 14:22:42,687 - __main__ - DEBUG - QR 0, Loss=0.01779126527235837
2020-10-05 14:22:42,687 - __main__ - DEBUG - QR 1, Loss=0.017312959619362668
2020-10-05 14:22:42,687 - __main__ - DEBUG - QR 2, Loss=0.017633979315310598
2020-10-05 14:22:42,687 - __main__ - DEBUG - QR 3, Loss=0.017794610084817395
2020-10-05 14:22:42,688 - __main__ - DEBUG - QR 4, Loss=0.01727958287035794
2020-10-05 14:22:43,229 - __main__ - INFO - innate_buffer=2000, innate_train_len=2000, innate_val_len=2000
2020-10-05 14:22:43,229 - __main__ - INFO - target_state_list=(6000, 25), target_innate_seq=(6000, 5)
2020-10-05 14:22:44,967 - __main__ - INFO - innate_buffer=2000, innate_train_len=2000, innate_val_len=2000
2020-10-05 14:22:44,968 - __main__ - INFO - target_state_list=(6000, 25), target_innate_seq=(6000, 5)
2020-10-05 14:22:57,887 - __main__ - INFO - innate_buffer=2000, innate_train_len=2000, innate_val_len=2000
2020-10-05 14:22:57,888 - __main__ - INFO - target_state_list=(6000, 25), target_innate_seq=(6000, 5)
2020-10-05 14:22:58,140 - __main__ - DEBUG - QR 0, Loss=0.017204185388739045
2020-10-05 14:22:58,141 - __main__ - DEBUG - QR 1, Loss=0.01908228346285413
2020-10-05 14:22:58,141 - __main__ - DEBUG - QR 2, Loss=0.01784616401407437
2020-10-05 14:22:58,141 - __main__ - DEBUG - QR 3, Loss=0.017855660236484328
2020-10-05 14:22:58,141 - __main__ - DEBUG - QR 4, Loss=0.01758330030282828
2020-10-05 14:23:00,950 - __main__ - DEBUG - QR 0, Loss=0.017216768504807075
2020-10-05 14:23:00,951 - __main__ - DEBUG - QR 1, Loss=0.019643744009099587
2020-10-05 14:23:00,951 - __main__ - DEBUG - QR 2, Loss=0.017473606289347375
2020-10-05 14:23:00,951 - __main__ - DEBUG - QR 3, Loss=0.017936736990422985
2020-10-05 14:23:00,951 - __main__ - DEBUG - QR 4, Loss=0.017425163432732003
2020-10-05 14:23:12,435 - __main__ - INFO - innate_buffer=2000, innate_train_len=2000, innate_val_len=2000
2020-10-05 14:23:12,435 - __main__ - INFO - target_state_list=(6000, 25), target_innate_seq=(6000, 5)
2020-10-05 14:23:13,721 - __main__ - DEBUG - QR 0, Loss=0.017201479521303832
2020-10-05 14:23:13,721 - __main__ - DEBUG - QR 1, Loss=0.018765338910876277
2020-10-05 14:23:13,721 - __main__ - DEBUG - QR 2, Loss=0.01733581560342462
2020-10-05 14:23:13,721 - __main__ - DEBUG - QR 3, Loss=0.017771426881689378
2020-10-05 14:23:13,721 - __main__ - DEBUG - QR 4, Loss=0.017587181169478803
2020-10-05 14:23:17,441 - __main__ - INFO - innate_buffer=2000, innate_train_len=2000, innate_val_len=2000
2020-10-05 14:23:17,441 - __main__ - INFO - target_state_list=(6000, 25), target_innate_seq=(6000, 5)
2020-10-05 14:23:27,520 - __main__ - DEBUG - QR 0, Loss=0.01721568983834283
2020-10-05 14:23:27,520 - __main__ - DEBUG - QR 1, Loss=0.017113957756596607
2020-10-05 14:23:27,520 - __main__ - DEBUG - QR 2, Loss=0.016834223969865274
2020-10-05 14:23:27,521 - __main__ - DEBUG - QR 3, Loss=0.01728488646253299
2020-10-05 14:23:27,521 - __main__ - DEBUG - QR 4, Loss=0.017209173187735453
2020-10-05 14:23:29,144 - __main__ - INFO - innate_buffer=2000, innate_train_len=2000, innate_val_len=2000
2020-10-05 14:23:29,145 - __main__ - INFO - target_state_list=(6000, 25), target_innate_seq=(6000, 5)
2020-10-05 14:23:31,514 - __main__ - DEBUG - QR 0, Loss=0.01720437537883129
2020-10-05 14:23:31,514 - __main__ - DEBUG - QR 1, Loss=0.017236152336937177
2020-10-05 14:23:31,514 - __main__ - DEBUG - QR 2, Loss=0.01673427377577648
2020-10-05 14:23:31,514 - __main__ - DEBUG - QR 3, Loss=0.017299656556005405
2020-10-05 14:23:31,515 - __main__ - DEBUG - QR 4, Loss=0.017663820183683062
2020-10-05 14:23:43,593 - __main__ - INFO - innate_buffer=2000, innate_train_len=2000, innate_val_len=2000
2020-10-05 14:23:43,593 - __main__ - INFO - target_state_list=(6000, 25), target_innate_seq=(6000, 5)
2020-10-05 14:23:44,875 - __main__ - DEBUG - QR 0, Loss=0.017182096064315314
2020-10-05 14:23:44,876 - __main__ - DEBUG - QR 1, Loss=0.017223156861487978
2020-10-05 14:23:44,876 - __main__ - DEBUG - QR 2, Loss=0.016341057703348223
2020-10-05 14:23:44,876 - __main__ - DEBUG - QR 3, Loss=0.017285888846517307
2020-10-05 14:23:44,876 - __main__ - DEBUG - QR 4, Loss=0.01726371017663475
2020-10-05 14:23:48,134 - __main__ - INFO - innate_buffer=2000, innate_train_len=2000, innate_val_len=2000
2020-10-05 14:23:48,134 - __main__ - INFO - target_state_list=(6000, 25), target_innate_seq=(6000, 5)
2020-10-05 14:23:57,465 - __main__ - DEBUG - QR 0, Loss=0.01775306504835764
2020-10-05 14:23:57,465 - __main__ - DEBUG - QR 1, Loss=0.01736728168118588
2020-10-05 14:23:57,465 - __main__ - DEBUG - QR 2, Loss=0.01736450264004623
2020-10-05 14:23:57,465 - __main__ - DEBUG - QR 3, Loss=0.016993520697877816
2020-10-05 14:23:57,465 - __main__ - DEBUG - QR 4, Loss=0.018669565830710225
2020-10-05 14:23:58,762 - __main__ - INFO - innate_buffer=2000, innate_train_len=2000, innate_val_len=2000
2020-10-05 14:23:58,763 - __main__ - INFO - target_state_list=(6000, 25), target_innate_seq=(6000, 5)
2020-10-05 14:24:03,770 - __main__ - DEBUG - QR 0, Loss=0.01748747811822694
2020-10-05 14:24:03,771 - __main__ - DEBUG - QR 1, Loss=0.01765632780448709
2020-10-05 14:24:03,771 - __main__ - DEBUG - QR 2, Loss=0.017497904600686492
2020-10-05 14:24:03,771 - __main__ - DEBUG - QR 3, Loss=0.016989357801990686
2020-10-05 14:24:03,771 - __main__ - DEBUG - QR 4, Loss=0.018228122789110016
2020-10-05 14:24:12,080 - __main__ - DEBUG - QR 0, Loss=0.017559909047879765
2020-10-05 14:24:12,080 - __main__ - DEBUG - QR 1, Loss=0.017484078884259843
2020-10-05 14:24:12,080 - __main__ - DEBUG - QR 2, Loss=0.017056909885998908
2020-10-05 14:24:12,080 - __main__ - DEBUG - QR 3, Loss=0.01698750369480982
2020-10-05 14:24:12,080 - __main__ - DEBUG - QR 4, Loss=0.01793473047590968
2020-10-05 14:24:12,113 - __main__ - INFO - innate_buffer=2000, innate_train_len=2000, innate_val_len=2000
2020-10-05 14:24:12,113 - __main__ - INFO - target_state_list=(6000, 25), target_innate_seq=(6000, 5)
2020-10-05 14:24:20,657 - __main__ - INFO - innate_buffer=2000, innate_train_len=2000, innate_val_len=2000
2020-10-05 14:24:20,657 - __main__ - INFO - target_state_list=(6000, 25), target_innate_seq=(6000, 5)
2020-10-05 14:24:26,422 - __main__ - DEBUG - QR 0, Loss=0.018082065223373987
2020-10-05 14:24:26,423 - __main__ - DEBUG - QR 1, Loss=0.018075744816874958
2020-10-05 14:24:26,424 - __main__ - DEBUG - QR 2, Loss=0.01769067951160305
2020-10-05 14:24:26,424 - __main__ - DEBUG - QR 3, Loss=0.017782016680591473
2020-10-05 14:24:26,424 - __main__ - DEBUG - QR 4, Loss=0.017302613896314392
2020-10-05 14:24:27,520 - __main__ - INFO - innate_buffer=2000, innate_train_len=2000, innate_val_len=2000
2020-10-05 14:24:27,520 - __main__ - INFO - target_state_list=(6000, 25), target_innate_seq=(6000, 5)
2020-10-05 14:24:36,710 - __main__ - DEBUG - QR 0, Loss=0.017663832265454628
2020-10-05 14:24:36,711 - __main__ - DEBUG - QR 1, Loss=0.01796380361204293
2020-10-05 14:24:36,711 - __main__ - DEBUG - QR 2, Loss=0.017690658098341187
2020-10-05 14:24:36,711 - __main__ - DEBUG - QR 3, Loss=0.018264237562504625
2020-10-05 14:24:36,711 - __main__ - DEBUG - QR 4, Loss=0.01729926178096776
2020-10-05 14:24:41,628 - __main__ - DEBUG - QR 0, Loss=0.01738941176124975
2020-10-05 14:24:41,628 - __main__ - DEBUG - QR 1, Loss=0.017460407998767524
2020-10-05 14:24:41,629 - __main__ - DEBUG - QR 2, Loss=0.017697764835797703
2020-10-05 14:24:41,629 - __main__ - DEBUG - QR 3, Loss=0.02311819933995102
2020-10-05 14:24:41,630 - __main__ - DEBUG - QR 4, Loss=0.017325202511325744
2020-10-05 14:24:42,497 - __main__ - INFO - innate_buffer=2000, innate_train_len=2000, innate_val_len=2000
2020-10-05 14:24:42,497 - __main__ - INFO - target_state_list=(6000, 25), target_innate_seq=(6000, 5)
2020-10-05 14:24:49,603 - __main__ - INFO - innate_buffer=2000, innate_train_len=2000, innate_val_len=2000
2020-10-05 14:24:49,603 - __main__ - INFO - target_state_list=(6000, 25), target_innate_seq=(6000, 5)
2020-10-05 14:24:51,398 - __main__ - INFO - innate_buffer=2000, innate_train_len=2000, innate_val_len=2000
2020-10-05 14:24:51,398 - __main__ - INFO - target_state_list=(6000, 25), target_innate_seq=(6000, 5)
2020-10-05 14:24:51,888 - __main__ - DEBUG - QR 0, Loss=0.017580215685103956
2020-10-05 14:24:51,888 - __main__ - DEBUG - QR 1, Loss=0.017909768463699134
2020-10-05 14:24:51,888 - __main__ - DEBUG - QR 2, Loss=0.01764286897929487
2020-10-05 14:24:51,888 - __main__ - DEBUG - QR 3, Loss=0.01766644164548719
2020-10-05 14:24:51,888 - __main__ - DEBUG - QR 4, Loss=0.016981941339562552
2020-10-05 14:24:51,888 - __main__ - INFO - do_narma=0, Ntrials=10, total loss avg=0.018400270685279684, std=0.0013029783435548575
2020-10-05 14:25:00,632 - __main__ - DEBUG - QR 0, Loss=0.017581044792616806
2020-10-05 14:25:00,632 - __main__ - DEBUG - QR 1, Loss=0.01777918758861281
2020-10-05 14:25:00,632 - __main__ - DEBUG - QR 2, Loss=0.01764006260511257
2020-10-05 14:25:00,632 - __main__ - DEBUG - QR 3, Loss=0.017787932492177135
2020-10-05 14:25:00,632 - __main__ - DEBUG - QR 4, Loss=0.017149625157595348
2020-10-05 14:25:00,632 - __main__ - INFO - do_narma=0, Ntrials=10, total loss avg=0.01771467701226494, std=0.00039749681900989756
2020-10-05 14:25:04,590 - __main__ - DEBUG - QR 0, Loss=0.017605958390536677
2020-10-05 14:25:04,590 - __main__ - DEBUG - QR 1, Loss=0.01865813286421796
2020-10-05 14:25:04,590 - __main__ - DEBUG - QR 2, Loss=0.017675327358930813
2020-10-05 14:25:04,590 - __main__ - DEBUG - QR 3, Loss=0.01804681932635869
2020-10-05 14:25:04,590 - __main__ - DEBUG - QR 4, Loss=0.016812146985005733
2020-10-05 14:25:04,591 - __main__ - INFO - do_narma=0, Ntrials=10, total loss avg=0.018543301423525754, std=0.001237934694703652
