2020-10-05 12:53:00,910 - __main__ - INFO - n_units=5
2020-10-05 12:53:00,910 - __main__ - INFO - max_energy=1.0
2020-10-05 12:53:00,911 - __main__ - INFO - beta=1e-14
2020-10-05 12:53:00,911 - __main__ - INFO - taudelta=1.0
2020-10-05 12:53:00,911 - __main__ - INFO - V=1
2020-10-05 12:53:00,911 - __main__ - INFO - layers=5
2020-10-05 12:53:00,911 - __main__ - INFO - train_len=2000, val_len=2000, buffer=2000
2020-10-05 12:53:00,911 - __main__ - INFO - alpha=0.5, Ntrials=10
2020-10-05 12:53:00,911 - __main__ - INFO - noise=0.002, learning rate=10.0,scale_input=0.2
2020-10-05 12:53:00,949 - __main__ - INFO - n_units=5
2020-10-05 12:53:00,950 - __main__ - INFO - max_energy=1.0
2020-10-05 12:53:00,950 - __main__ - INFO - beta=1e-14
2020-10-05 12:53:00,950 - __main__ - INFO - taudelta=2.0
2020-10-05 12:53:00,950 - __main__ - INFO - V=1
2020-10-05 12:53:00,950 - __main__ - INFO - layers=5
2020-10-05 12:53:00,950 - __main__ - INFO - train_len=2000, val_len=2000, buffer=2000
2020-10-05 12:53:00,950 - __main__ - INFO - alpha=0.5, Ntrials=10
2020-10-05 12:53:00,950 - __main__ - INFO - noise=0.002, learning rate=10.0,scale_input=0.2
2020-10-05 12:53:01,012 - __main__ - INFO - n_units=5
2020-10-05 12:53:01,013 - __main__ - INFO - max_energy=1.0
2020-10-05 12:53:01,013 - __main__ - INFO - beta=1e-14
2020-10-05 12:53:01,013 - __main__ - INFO - taudelta=4.0
2020-10-05 12:53:01,013 - __main__ - INFO - V=1
2020-10-05 12:53:01,013 - __main__ - INFO - layers=5
2020-10-05 12:53:01,013 - __main__ - INFO - train_len=2000, val_len=2000, buffer=2000
2020-10-05 12:53:01,013 - __main__ - INFO - alpha=0.5, Ntrials=10
2020-10-05 12:53:01,013 - __main__ - INFO - noise=0.002, learning rate=10.0,scale_input=0.2
2020-10-05 12:53:12,243 - __main__ - INFO - innate_buffer=2000, innate_train_len=2000, innate_val_len=2000
2020-10-05 12:53:12,243 - __main__ - INFO - target_state_list=(6000, 25), target_innate_seq=(6000, 5)
2020-10-05 12:53:15,677 - __main__ - INFO - innate_buffer=2000, innate_train_len=2000, innate_val_len=2000
2020-10-05 12:53:15,678 - __main__ - INFO - target_state_list=(6000, 25), target_innate_seq=(6000, 5)
2020-10-05 12:53:16,814 - __main__ - INFO - innate_buffer=2000, innate_train_len=2000, innate_val_len=2000
2020-10-05 12:53:16,815 - __main__ - INFO - target_state_list=(6000, 25), target_innate_seq=(6000, 5)
2020-10-05 12:58:15,096 - __main__ - DEBUG - QR 0, Loss=0.04502990094770689
2020-10-05 12:58:15,097 - __main__ - DEBUG - QR 1, Loss=0.04511826489176446
2020-10-05 12:58:15,097 - __main__ - DEBUG - QR 2, Loss=0.044550148636211366
2020-10-05 12:58:15,097 - __main__ - DEBUG - QR 3, Loss=0.04551468400369118
2020-10-05 12:58:15,097 - __main__ - DEBUG - QR 4, Loss=0.044597098885862725
2020-10-05 12:58:16,398 - __main__ - DEBUG - QR 0, Loss=0.06197978713566168
2020-10-05 12:58:16,398 - __main__ - DEBUG - QR 1, Loss=0.04512526289131017
2020-10-05 12:58:16,398 - __main__ - DEBUG - QR 2, Loss=0.04454808301173733
2020-10-05 12:58:16,398 - __main__ - DEBUG - QR 3, Loss=0.04552168048259324
2020-10-05 12:58:16,399 - __main__ - DEBUG - QR 4, Loss=0.044601311531022626
2020-10-05 12:58:27,979 - __main__ - INFO - innate_buffer=2000, innate_train_len=2000, innate_val_len=2000
2020-10-05 12:58:27,979 - __main__ - INFO - target_state_list=(6000, 25), target_innate_seq=(6000, 5)
2020-10-05 12:58:32,020 - __main__ - INFO - innate_buffer=2000, innate_train_len=2000, innate_val_len=2000
2020-10-05 12:58:32,020 - __main__ - INFO - target_state_list=(6000, 25), target_innate_seq=(6000, 5)
2020-10-05 12:58:51,556 - __main__ - DEBUG - QR 0, Loss=0.044974426069894775
2020-10-05 12:58:51,556 - __main__ - DEBUG - QR 1, Loss=0.045124396521024415
2020-10-05 12:58:51,557 - __main__ - DEBUG - QR 2, Loss=0.04453567836585277
2020-10-05 12:58:51,557 - __main__ - DEBUG - QR 3, Loss=0.0454985759679307
2020-10-05 12:58:51,557 - __main__ - DEBUG - QR 4, Loss=0.044617279497433826
2020-10-05 12:59:09,190 - __main__ - INFO - innate_buffer=2000, innate_train_len=2000, innate_val_len=2000
2020-10-05 12:59:09,191 - __main__ - INFO - target_state_list=(6000, 25), target_innate_seq=(6000, 5)
2020-10-05 13:03:05,766 - __main__ - DEBUG - QR 0, Loss=0.04401612087154672
2020-10-05 13:03:05,766 - __main__ - DEBUG - QR 1, Loss=0.04315288765869258
2020-10-05 13:03:05,766 - __main__ - DEBUG - QR 2, Loss=0.045027476285367976
2020-10-05 13:03:05,766 - __main__ - DEBUG - QR 3, Loss=0.04455787799650862
2020-10-05 13:03:05,766 - __main__ - DEBUG - QR 4, Loss=0.04486883872509359
2020-10-05 13:03:21,545 - __main__ - INFO - innate_buffer=2000, innate_train_len=2000, innate_val_len=2000
2020-10-05 13:03:21,546 - __main__ - INFO - target_state_list=(6000, 25), target_innate_seq=(6000, 5)
2020-10-05 13:03:42,082 - __main__ - DEBUG - QR 0, Loss=0.04368195300956546
2020-10-05 13:03:42,082 - __main__ - DEBUG - QR 1, Loss=0.043157093136765794
2020-10-05 13:03:42,082 - __main__ - DEBUG - QR 2, Loss=0.04491618718112268
2020-10-05 13:03:42,082 - __main__ - DEBUG - QR 3, Loss=0.04453518730629797
2020-10-05 13:03:42,083 - __main__ - DEBUG - QR 4, Loss=0.0448643790748483
2020-10-05 13:03:59,273 - __main__ - INFO - innate_buffer=2000, innate_train_len=2000, innate_val_len=2000
2020-10-05 13:03:59,274 - __main__ - INFO - target_state_list=(6000, 25), target_innate_seq=(6000, 5)
2020-10-05 13:04:46,650 - __main__ - DEBUG - QR 0, Loss=0.043743212813904954
2020-10-05 13:04:46,650 - __main__ - DEBUG - QR 1, Loss=0.04315903090331532
2020-10-05 13:04:46,651 - __main__ - DEBUG - QR 2, Loss=0.045002794822663866
2020-10-05 13:04:46,651 - __main__ - DEBUG - QR 3, Loss=0.044870882979689455
2020-10-05 13:04:46,651 - __main__ - DEBUG - QR 4, Loss=0.04488230991340291
2020-10-05 13:05:03,872 - __main__ - INFO - innate_buffer=2000, innate_train_len=2000, innate_val_len=2000
2020-10-05 13:05:03,872 - __main__ - INFO - target_state_list=(6000, 25), target_innate_seq=(6000, 5)
2020-10-05 13:08:16,881 - __main__ - DEBUG - QR 0, Loss=0.04513923403243239
2020-10-05 13:08:16,881 - __main__ - DEBUG - QR 1, Loss=0.04372895562380687
2020-10-05 13:08:16,881 - __main__ - DEBUG - QR 2, Loss=0.044594580967928274
2020-10-05 13:08:16,882 - __main__ - DEBUG - QR 3, Loss=0.04599223739156006
2020-10-05 13:08:16,882 - __main__ - DEBUG - QR 4, Loss=0.04519407428081431
2020-10-05 13:08:32,951 - __main__ - INFO - innate_buffer=2000, innate_train_len=2000, innate_val_len=2000
2020-10-05 13:08:32,952 - __main__ - INFO - target_state_list=(6000, 25), target_innate_seq=(6000, 5)
2020-10-05 13:09:13,025 - __main__ - DEBUG - QR 0, Loss=0.04501241441743997
2020-10-05 13:09:13,025 - __main__ - DEBUG - QR 1, Loss=0.04371369805912738
2020-10-05 13:09:13,026 - __main__ - DEBUG - QR 2, Loss=0.04466992738585143
2020-10-05 13:09:13,026 - __main__ - DEBUG - QR 3, Loss=0.044292525351819954
2020-10-05 13:09:13,026 - __main__ - DEBUG - QR 4, Loss=0.04522059090747464
2020-10-05 13:09:28,961 - __main__ - INFO - innate_buffer=2000, innate_train_len=2000, innate_val_len=2000
2020-10-05 13:09:28,961 - __main__ - INFO - target_state_list=(6000, 25), target_innate_seq=(6000, 5)
2020-10-05 13:10:36,895 - __main__ - DEBUG - QR 0, Loss=0.04509462305268227
2020-10-05 13:10:36,896 - __main__ - DEBUG - QR 1, Loss=0.04371633399190146
2020-10-05 13:10:36,896 - __main__ - DEBUG - QR 2, Loss=0.04488499638341933
2020-10-05 13:10:36,896 - __main__ - DEBUG - QR 3, Loss=0.04450474333722677
2020-10-05 13:10:36,896 - __main__ - DEBUG - QR 4, Loss=0.045195809864899246
2020-10-05 13:10:53,971 - __main__ - INFO - innate_buffer=2000, innate_train_len=2000, innate_val_len=2000
2020-10-05 13:10:53,971 - __main__ - INFO - target_state_list=(6000, 25), target_innate_seq=(6000, 5)
2020-10-05 13:13:36,186 - __main__ - DEBUG - QR 0, Loss=0.044671786545410465
2020-10-05 13:13:36,187 - __main__ - DEBUG - QR 1, Loss=0.043982458452503044
2020-10-05 13:13:36,187 - __main__ - DEBUG - QR 2, Loss=0.04660826508411568
2020-10-05 13:13:36,187 - __main__ - DEBUG - QR 3, Loss=0.04562039165203806
2020-10-05 13:13:36,187 - __main__ - DEBUG - QR 4, Loss=0.04400937107864561
2020-10-05 13:13:50,778 - __main__ - INFO - innate_buffer=2000, innate_train_len=2000, innate_val_len=2000
2020-10-05 13:13:50,779 - __main__ - INFO - target_state_list=(6000, 25), target_innate_seq=(6000, 5)
2020-10-05 13:14:48,451 - __main__ - DEBUG - QR 0, Loss=0.04467295132407784
2020-10-05 13:14:48,451 - __main__ - DEBUG - QR 1, Loss=0.044039683471133205
2020-10-05 13:14:48,452 - __main__ - DEBUG - QR 2, Loss=0.04669890215433694
2020-10-05 13:14:48,452 - __main__ - DEBUG - QR 3, Loss=0.04547201027647389
2020-10-05 13:14:48,452 - __main__ - DEBUG - QR 4, Loss=0.044021417487869
2020-10-05 13:15:03,584 - __main__ - INFO - innate_buffer=2000, innate_train_len=2000, innate_val_len=2000
2020-10-05 13:15:03,584 - __main__ - INFO - target_state_list=(6000, 25), target_innate_seq=(6000, 5)
2020-10-05 13:16:20,861 - __main__ - DEBUG - QR 0, Loss=0.04467823508778955
2020-10-05 13:16:20,861 - __main__ - DEBUG - QR 1, Loss=0.04410636990781577
2020-10-05 13:16:20,862 - __main__ - DEBUG - QR 2, Loss=0.04641386064707801
2020-10-05 13:16:20,862 - __main__ - DEBUG - QR 3, Loss=0.045313757138556794
2020-10-05 13:16:20,862 - __main__ - DEBUG - QR 4, Loss=0.044098111147107516
2020-10-05 13:16:31,111 - __main__ - INFO - innate_buffer=2000, innate_train_len=2000, innate_val_len=2000
2020-10-05 13:16:31,112 - __main__ - INFO - target_state_list=(6000, 25), target_innate_seq=(6000, 5)
2020-10-05 13:19:00,487 - __main__ - DEBUG - QR 0, Loss=0.04417361375589854
2020-10-05 13:19:00,488 - __main__ - DEBUG - QR 1, Loss=0.04461287876203679
2020-10-05 13:19:00,488 - __main__ - DEBUG - QR 2, Loss=0.04490649422270265
2020-10-05 13:19:00,488 - __main__ - DEBUG - QR 3, Loss=0.044525658968789114
2020-10-05 13:19:00,488 - __main__ - DEBUG - QR 4, Loss=0.0443832655738056
2020-10-05 13:19:16,824 - __main__ - INFO - innate_buffer=2000, innate_train_len=2000, innate_val_len=2000
2020-10-05 13:19:16,825 - __main__ - INFO - target_state_list=(6000, 25), target_innate_seq=(6000, 5)
2020-10-05 13:20:17,358 - __main__ - DEBUG - QR 0, Loss=0.04420089698358245
2020-10-05 13:20:17,358 - __main__ - DEBUG - QR 1, Loss=0.04453042109783893
2020-10-05 13:20:17,358 - __main__ - DEBUG - QR 2, Loss=0.0447723703208603
2020-10-05 13:20:17,358 - __main__ - DEBUG - QR 3, Loss=0.044777920134242546
2020-10-05 13:20:17,358 - __main__ - DEBUG - QR 4, Loss=0.044262307394368844
2020-10-05 13:20:33,832 - __main__ - INFO - innate_buffer=2000, innate_train_len=2000, innate_val_len=2000
2020-10-05 13:20:33,832 - __main__ - INFO - target_state_list=(6000, 25), target_innate_seq=(6000, 5)
2020-10-05 13:20:34,846 - __main__ - DEBUG - QR 0, Loss=0.044136055613467166
2020-10-05 13:20:34,846 - __main__ - DEBUG - QR 1, Loss=0.04458681333599924
2020-10-05 13:20:34,846 - __main__ - DEBUG - QR 2, Loss=0.04452542067446588
2020-10-05 13:20:34,847 - __main__ - DEBUG - QR 3, Loss=0.04470587727169274
2020-10-05 13:20:34,847 - __main__ - DEBUG - QR 4, Loss=0.04427535067116842
2020-10-05 13:20:51,791 - __main__ - INFO - innate_buffer=2000, innate_train_len=2000, innate_val_len=2000
2020-10-05 13:20:51,792 - __main__ - INFO - target_state_list=(6000, 25), target_innate_seq=(6000, 5)
2020-10-05 13:24:08,936 - __main__ - DEBUG - QR 0, Loss=0.04522189307469412
2020-10-05 13:24:08,937 - __main__ - DEBUG - QR 1, Loss=0.04395767036387967
2020-10-05 13:24:08,937 - __main__ - DEBUG - QR 2, Loss=0.04346773520615868
2020-10-05 13:24:08,937 - __main__ - DEBUG - QR 3, Loss=0.04471139273482084
2020-10-05 13:24:08,937 - __main__ - DEBUG - QR 4, Loss=0.044810544126360076
2020-10-05 13:24:23,448 - __main__ - INFO - innate_buffer=2000, innate_train_len=2000, innate_val_len=2000
2020-10-05 13:24:23,448 - __main__ - INFO - target_state_list=(6000, 25), target_innate_seq=(6000, 5)
2020-10-05 13:25:55,188 - __main__ - DEBUG - QR 0, Loss=0.045192632687284046
2020-10-05 13:25:55,188 - __main__ - DEBUG - QR 1, Loss=0.043953345648540504
2020-10-05 13:25:55,189 - __main__ - DEBUG - QR 2, Loss=0.04346829583467326
2020-10-05 13:25:55,189 - __main__ - DEBUG - QR 3, Loss=0.0447057517083265
2020-10-05 13:25:55,189 - __main__ - DEBUG - QR 4, Loss=0.0449184429692074
2020-10-05 13:26:02,741 - __main__ - DEBUG - QR 0, Loss=0.045294235541686524
2020-10-05 13:26:02,741 - __main__ - DEBUG - QR 1, Loss=0.04398264644564446
2020-10-05 13:26:02,742 - __main__ - DEBUG - QR 2, Loss=0.043472340979550765
2020-10-05 13:26:02,742 - __main__ - DEBUG - QR 3, Loss=0.04476612620222287
2020-10-05 13:26:02,742 - __main__ - DEBUG - QR 4, Loss=0.044916813563901
2020-10-05 13:26:12,153 - __main__ - INFO - innate_buffer=2000, innate_train_len=2000, innate_val_len=2000
2020-10-05 13:26:12,153 - __main__ - INFO - target_state_list=(6000, 25), target_innate_seq=(6000, 5)
2020-10-05 13:26:19,575 - __main__ - INFO - innate_buffer=2000, innate_train_len=2000, innate_val_len=2000
2020-10-05 13:26:19,575 - __main__ - INFO - target_state_list=(6000, 25), target_innate_seq=(6000, 5)
2020-10-05 13:29:18,305 - __main__ - DEBUG - QR 0, Loss=0.046047051213486984
2020-10-05 13:29:18,305 - __main__ - DEBUG - QR 1, Loss=0.04660067147545175
2020-10-05 13:29:18,305 - __main__ - DEBUG - QR 2, Loss=0.04567935356542311
2020-10-05 13:29:18,305 - __main__ - DEBUG - QR 3, Loss=0.04433523613787102
2020-10-05 13:29:18,305 - __main__ - DEBUG - QR 4, Loss=0.045502358754137495
2020-10-05 13:29:32,425 - __main__ - INFO - innate_buffer=2000, innate_train_len=2000, innate_val_len=2000
2020-10-05 13:29:32,425 - __main__ - INFO - target_state_list=(6000, 25), target_innate_seq=(6000, 5)
2020-10-05 13:31:18,889 - __main__ - DEBUG - QR 0, Loss=0.04609516616834871
2020-10-05 13:31:18,890 - __main__ - DEBUG - QR 1, Loss=0.04656516238095038
2020-10-05 13:31:18,890 - __main__ - DEBUG - QR 2, Loss=0.045678946975041566
2020-10-05 13:31:18,890 - __main__ - DEBUG - QR 3, Loss=0.043555278806672384
2020-10-05 13:31:18,890 - __main__ - DEBUG - QR 4, Loss=0.045414055744551284
2020-10-05 13:31:34,666 - __main__ - INFO - innate_buffer=2000, innate_train_len=2000, innate_val_len=2000
2020-10-05 13:31:34,666 - __main__ - INFO - target_state_list=(6000, 25), target_innate_seq=(6000, 5)
2020-10-05 13:31:51,337 - __main__ - DEBUG - QR 0, Loss=0.04603390663165721
2020-10-05 13:31:51,337 - __main__ - DEBUG - QR 1, Loss=0.04699543105119325
2020-10-05 13:31:51,337 - __main__ - DEBUG - QR 2, Loss=0.045553959528357
2020-10-05 13:31:51,337 - __main__ - DEBUG - QR 3, Loss=0.04378356999704176
2020-10-05 13:31:51,337 - __main__ - DEBUG - QR 4, Loss=0.045455144329979394
2020-10-05 13:32:08,409 - __main__ - INFO - innate_buffer=2000, innate_train_len=2000, innate_val_len=2000
2020-10-05 13:32:08,409 - __main__ - INFO - target_state_list=(6000, 25), target_innate_seq=(6000, 5)
2020-10-05 13:34:27,798 - __main__ - DEBUG - QR 0, Loss=0.04469152643320915
2020-10-05 13:34:27,798 - __main__ - DEBUG - QR 1, Loss=0.04406872676875206
2020-10-05 13:34:27,798 - __main__ - DEBUG - QR 2, Loss=0.04543525756406299
2020-10-05 13:34:27,798 - __main__ - DEBUG - QR 3, Loss=0.04385394773740494
2020-10-05 13:34:27,798 - __main__ - DEBUG - QR 4, Loss=0.04441211647220111
2020-10-05 13:34:43,116 - __main__ - INFO - innate_buffer=2000, innate_train_len=2000, innate_val_len=2000
2020-10-05 13:34:43,117 - __main__ - INFO - target_state_list=(6000, 25), target_innate_seq=(6000, 5)
2020-10-05 13:36:55,971 - __main__ - DEBUG - QR 0, Loss=0.04469573088075159
2020-10-05 13:36:55,971 - __main__ - DEBUG - QR 1, Loss=0.04401139168417515
2020-10-05 13:36:55,971 - __main__ - DEBUG - QR 2, Loss=0.04543392595686151
2020-10-05 13:36:55,971 - __main__ - DEBUG - QR 3, Loss=0.04392569807620789
2020-10-05 13:36:55,971 - __main__ - DEBUG - QR 4, Loss=0.0444227987307617
2020-10-05 13:37:13,143 - __main__ - INFO - innate_buffer=2000, innate_train_len=2000, innate_val_len=2000
2020-10-05 13:37:13,143 - __main__ - INFO - target_state_list=(6000, 25), target_innate_seq=(6000, 5)
2020-10-05 13:37:45,620 - __main__ - DEBUG - QR 0, Loss=0.0446867119144565
2020-10-05 13:37:45,620 - __main__ - DEBUG - QR 1, Loss=0.04409528421648143
2020-10-05 13:37:45,620 - __main__ - DEBUG - QR 2, Loss=0.045430275388117766
2020-10-05 13:37:45,621 - __main__ - DEBUG - QR 3, Loss=0.04389863885495179
2020-10-05 13:37:45,621 - __main__ - DEBUG - QR 4, Loss=0.04440733888492406
2020-10-05 13:38:02,055 - __main__ - INFO - innate_buffer=2000, innate_train_len=2000, innate_val_len=2000
2020-10-05 13:38:02,056 - __main__ - INFO - target_state_list=(6000, 25), target_innate_seq=(6000, 5)
2020-10-05 13:39:54,150 - __main__ - DEBUG - QR 0, Loss=0.04536283729994707
2020-10-05 13:39:54,150 - __main__ - DEBUG - QR 1, Loss=0.044453465139957356
2020-10-05 13:39:54,150 - __main__ - DEBUG - QR 2, Loss=0.04530646207553474
2020-10-05 13:39:54,150 - __main__ - DEBUG - QR 3, Loss=0.0443425476242167
2020-10-05 13:39:54,150 - __main__ - DEBUG - QR 4, Loss=0.04581629287124487
2020-10-05 13:40:08,607 - __main__ - INFO - innate_buffer=2000, innate_train_len=2000, innate_val_len=2000
2020-10-05 13:40:08,608 - __main__ - INFO - target_state_list=(6000, 25), target_innate_seq=(6000, 5)
2020-10-05 13:42:13,624 - __main__ - DEBUG - QR 0, Loss=0.04538472427393822
2020-10-05 13:42:13,624 - __main__ - DEBUG - QR 1, Loss=0.044464071775976166
2020-10-05 13:42:13,624 - __main__ - DEBUG - QR 2, Loss=0.045310972644221174
2020-10-05 13:42:13,624 - __main__ - DEBUG - QR 3, Loss=0.04432588969503078
2020-10-05 13:42:13,624 - __main__ - DEBUG - QR 4, Loss=0.04580406294017458
2020-10-05 13:42:30,273 - __main__ - INFO - innate_buffer=2000, innate_train_len=2000, innate_val_len=2000
2020-10-05 13:42:30,273 - __main__ - INFO - target_state_list=(6000, 25), target_innate_seq=(6000, 5)
2020-10-05 13:43:36,517 - __main__ - DEBUG - QR 0, Loss=0.04531532429644403
2020-10-05 13:43:36,517 - __main__ - DEBUG - QR 1, Loss=0.04436827713205072
2020-10-05 13:43:36,517 - __main__ - DEBUG - QR 2, Loss=0.045307324918557754
2020-10-05 13:43:36,517 - __main__ - DEBUG - QR 3, Loss=0.04443087276650708
2020-10-05 13:43:36,517 - __main__ - DEBUG - QR 4, Loss=0.04579609999626896
2020-10-05 13:43:53,022 - __main__ - INFO - innate_buffer=2000, innate_train_len=2000, innate_val_len=2000
2020-10-05 13:43:53,022 - __main__ - INFO - target_state_list=(6000, 25), target_innate_seq=(6000, 5)
2020-10-05 13:44:57,827 - __main__ - DEBUG - QR 0, Loss=0.043766461939939764
2020-10-05 13:44:57,827 - __main__ - DEBUG - QR 1, Loss=0.04469446919439197
2020-10-05 13:44:57,827 - __main__ - DEBUG - QR 2, Loss=0.04401582865645054
2020-10-05 13:44:57,827 - __main__ - DEBUG - QR 3, Loss=0.04447654737994623
2020-10-05 13:44:57,827 - __main__ - DEBUG - QR 4, Loss=0.04348549393623471
2020-10-05 13:44:57,827 - __main__ - INFO - do_narma=0, Ntrials=10, total loss avg=0.04474184906081423, std=0.0004290442462373317
2020-10-05 13:46:09,347 - __main__ - DEBUG - QR 0, Loss=0.04375593356939693
2020-10-05 13:46:09,347 - __main__ - DEBUG - QR 1, Loss=0.04469551512428434
2020-10-05 13:46:09,347 - __main__ - DEBUG - QR 2, Loss=0.04383186064744558
2020-10-05 13:46:09,347 - __main__ - DEBUG - QR 3, Loss=0.04427725649066403
2020-10-05 13:46:09,348 - __main__ - DEBUG - QR 4, Loss=0.04350508490593393
2020-10-05 13:46:09,348 - __main__ - INFO - do_narma=0, Ntrials=10, total loss avg=0.04501361915693684, std=0.0011836898816974778
2020-10-05 13:47:38,765 - __main__ - DEBUG - QR 0, Loss=0.04375093806063094
2020-10-05 13:47:38,765 - __main__ - DEBUG - QR 1, Loss=0.04470238729458499
2020-10-05 13:47:38,765 - __main__ - DEBUG - QR 2, Loss=0.04385279836966912
2020-10-05 13:47:38,765 - __main__ - DEBUG - QR 3, Loss=0.0444302278065314
2020-10-05 13:47:38,765 - __main__ - DEBUG - QR 4, Loss=0.04430043501421243
2020-10-05 13:47:38,765 - __main__ - INFO - do_narma=0, Ntrials=10, total loss avg=0.04471344110332013, std=0.00038766226177778997
