2020-10-05 12:53:00,912 - __main__ - INFO - n_units=5
2020-10-05 12:53:00,912 - __main__ - INFO - max_energy=1.0
2020-10-05 12:53:00,912 - __main__ - INFO - beta=1e-14
2020-10-05 12:53:00,912 - __main__ - INFO - taudelta=1.0
2020-10-05 12:53:00,912 - __main__ - INFO - V=1
2020-10-05 12:53:00,912 - __main__ - INFO - layers=5
2020-10-05 12:53:00,913 - __main__ - INFO - train_len=2000, val_len=2000, buffer=2000
2020-10-05 12:53:00,913 - __main__ - INFO - alpha=0.5, Ntrials=10
2020-10-05 12:53:00,913 - __main__ - INFO - noise=0.004, learning rate=10.0,scale_input=0.2
2020-10-05 12:53:00,953 - __main__ - INFO - n_units=5
2020-10-05 12:53:00,953 - __main__ - INFO - max_energy=1.0
2020-10-05 12:53:00,953 - __main__ - INFO - beta=1e-14
2020-10-05 12:53:00,953 - __main__ - INFO - taudelta=2.0
2020-10-05 12:53:00,953 - __main__ - INFO - V=1
2020-10-05 12:53:00,953 - __main__ - INFO - layers=5
2020-10-05 12:53:00,953 - __main__ - INFO - train_len=2000, val_len=2000, buffer=2000
2020-10-05 12:53:00,953 - __main__ - INFO - alpha=0.5, Ntrials=10
2020-10-05 12:53:00,953 - __main__ - INFO - noise=0.004, learning rate=10.0,scale_input=0.2
2020-10-05 12:53:01,016 - __main__ - INFO - n_units=5
2020-10-05 12:53:01,016 - __main__ - INFO - max_energy=1.0
2020-10-05 12:53:01,016 - __main__ - INFO - beta=1e-14
2020-10-05 12:53:01,016 - __main__ - INFO - taudelta=4.0
2020-10-05 12:53:01,016 - __main__ - INFO - V=1
2020-10-05 12:53:01,017 - __main__ - INFO - layers=5
2020-10-05 12:53:01,017 - __main__ - INFO - train_len=2000, val_len=2000, buffer=2000
2020-10-05 12:53:01,017 - __main__ - INFO - alpha=0.5, Ntrials=10
2020-10-05 12:53:01,017 - __main__ - INFO - noise=0.004, learning rate=10.0,scale_input=0.2
2020-10-05 12:53:13,145 - __main__ - INFO - innate_buffer=2000, innate_train_len=2000, innate_val_len=2000
2020-10-05 12:53:13,146 - __main__ - INFO - target_state_list=(6000, 25), target_innate_seq=(6000, 5)
2020-10-05 12:53:17,461 - __main__ - INFO - innate_buffer=2000, innate_train_len=2000, innate_val_len=2000
2020-10-05 12:53:17,462 - __main__ - INFO - target_state_list=(6000, 25), target_innate_seq=(6000, 5)
2020-10-05 12:53:18,083 - __main__ - INFO - innate_buffer=2000, innate_train_len=2000, innate_val_len=2000
2020-10-05 12:53:18,083 - __main__ - INFO - target_state_list=(6000, 25), target_innate_seq=(6000, 5)
2020-10-05 12:58:29,797 - __main__ - DEBUG - QR 0, Loss=0.06943018522250947
2020-10-05 12:58:29,797 - __main__ - DEBUG - QR 1, Loss=0.06381784479623251
2020-10-05 12:58:29,798 - __main__ - DEBUG - QR 2, Loss=0.06300014122413786
2020-10-05 12:58:29,798 - __main__ - DEBUG - QR 3, Loss=0.0643573039927498
2020-10-05 12:58:29,798 - __main__ - DEBUG - QR 4, Loss=0.06309026919787253
2020-10-05 12:58:33,490 - __main__ - DEBUG - QR 0, Loss=0.06365433159801782
2020-10-05 12:58:33,490 - __main__ - DEBUG - QR 1, Loss=0.06378985159451865
2020-10-05 12:58:33,491 - __main__ - DEBUG - QR 2, Loss=0.06300767079194682
2020-10-05 12:58:33,491 - __main__ - DEBUG - QR 3, Loss=0.0643477972637692
2020-10-05 12:58:33,491 - __main__ - DEBUG - QR 4, Loss=0.06308014559335509
2020-10-05 12:58:45,189 - __main__ - INFO - innate_buffer=2000, innate_train_len=2000, innate_val_len=2000
2020-10-05 12:58:45,189 - __main__ - INFO - target_state_list=(6000, 25), target_innate_seq=(6000, 5)
2020-10-05 12:58:50,228 - __main__ - INFO - innate_buffer=2000, innate_train_len=2000, innate_val_len=2000
2020-10-05 12:58:50,228 - __main__ - INFO - target_state_list=(6000, 25), target_innate_seq=(6000, 5)
2020-10-05 12:58:55,528 - __main__ - DEBUG - QR 0, Loss=0.0635931098220632
2020-10-05 12:58:55,529 - __main__ - DEBUG - QR 1, Loss=0.06379697802074565
2020-10-05 12:58:55,529 - __main__ - DEBUG - QR 2, Loss=0.06299002848527621
2020-10-05 12:58:55,529 - __main__ - DEBUG - QR 3, Loss=0.064334073312782
2020-10-05 12:58:55,529 - __main__ - DEBUG - QR 4, Loss=0.06309559331962741
2020-10-05 12:59:11,951 - __main__ - INFO - innate_buffer=2000, innate_train_len=2000, innate_val_len=2000
2020-10-05 12:59:11,951 - __main__ - INFO - target_state_list=(6000, 25), target_innate_seq=(6000, 5)
2020-10-05 13:03:58,021 - __main__ - DEBUG - QR 0, Loss=0.06177259195854845
2020-10-05 13:03:58,021 - __main__ - DEBUG - QR 1, Loss=0.06103397255224202
2020-10-05 13:03:58,021 - __main__ - DEBUG - QR 2, Loss=0.06350099016019695
2020-10-05 13:03:58,021 - __main__ - DEBUG - QR 3, Loss=0.062985182627106
2020-10-05 13:03:58,021 - __main__ - DEBUG - QR 4, Loss=0.06340819483494421
2020-10-05 13:04:14,635 - __main__ - DEBUG - QR 0, Loss=0.06189148868146536
2020-10-05 13:04:14,635 - __main__ - DEBUG - QR 1, Loss=0.06101753468871477
2020-10-05 13:04:14,635 - __main__ - DEBUG - QR 2, Loss=0.0635952625877211
2020-10-05 13:04:14,635 - __main__ - DEBUG - QR 3, Loss=0.06300464105473523
2020-10-05 13:04:14,635 - __main__ - DEBUG - QR 4, Loss=0.06341588842993197
2020-10-05 13:04:14,818 - __main__ - INFO - innate_buffer=2000, innate_train_len=2000, innate_val_len=2000
2020-10-05 13:04:14,819 - __main__ - INFO - target_state_list=(6000, 25), target_innate_seq=(6000, 5)
2020-10-05 13:04:21,339 - __main__ - DEBUG - QR 0, Loss=0.06180867375282307
2020-10-05 13:04:21,339 - __main__ - DEBUG - QR 1, Loss=0.0610383902333274
2020-10-05 13:04:21,339 - __main__ - DEBUG - QR 2, Loss=0.06357285947075107
2020-10-05 13:04:21,339 - __main__ - DEBUG - QR 3, Loss=0.06328849638968762
2020-10-05 13:04:21,339 - __main__ - DEBUG - QR 4, Loss=0.06343877303933874
2020-10-05 13:04:29,959 - __main__ - INFO - innate_buffer=2000, innate_train_len=2000, innate_val_len=2000
2020-10-05 13:04:29,960 - __main__ - INFO - target_state_list=(6000, 25), target_innate_seq=(6000, 5)
2020-10-05 13:04:31,734 - __main__ - INFO - innate_buffer=2000, innate_train_len=2000, innate_val_len=2000
2020-10-05 13:04:31,735 - __main__ - INFO - target_state_list=(6000, 25), target_innate_seq=(6000, 5)
2020-10-05 13:08:55,250 - __main__ - DEBUG - QR 0, Loss=0.06348107116687127
2020-10-05 13:08:55,250 - __main__ - DEBUG - QR 1, Loss=0.061823843186123335
2020-10-05 13:08:55,250 - __main__ - DEBUG - QR 2, Loss=0.06343315342849758
2020-10-05 13:08:55,250 - __main__ - DEBUG - QR 3, Loss=0.06315598732621079
2020-10-05 13:08:55,250 - __main__ - DEBUG - QR 4, Loss=0.06392873848572503
2020-10-05 13:09:05,664 - __main__ - INFO - innate_buffer=2000, innate_train_len=2000, innate_val_len=2000
2020-10-05 13:09:05,665 - __main__ - INFO - target_state_list=(6000, 25), target_innate_seq=(6000, 5)
2020-10-05 13:09:30,116 - __main__ - DEBUG - QR 0, Loss=0.06341906912874
2020-10-05 13:09:30,116 - __main__ - DEBUG - QR 1, Loss=0.06182071995465956
2020-10-05 13:09:30,116 - __main__ - DEBUG - QR 2, Loss=0.06317887069940095
2020-10-05 13:09:30,116 - __main__ - DEBUG - QR 3, Loss=0.06263924328105158
2020-10-05 13:09:30,116 - __main__ - DEBUG - QR 4, Loss=0.0639716533378825
2020-10-05 13:09:44,986 - __main__ - INFO - innate_buffer=2000, innate_train_len=2000, innate_val_len=2000
2020-10-05 13:09:44,986 - __main__ - INFO - target_state_list=(6000, 25), target_innate_seq=(6000, 5)
2020-10-05 13:09:48,467 - __main__ - DEBUG - QR 0, Loss=0.06354535936992449
2020-10-05 13:09:48,467 - __main__ - DEBUG - QR 1, Loss=0.06184989627716638
2020-10-05 13:09:48,467 - __main__ - DEBUG - QR 2, Loss=0.0630545520826631
2020-10-05 13:09:48,467 - __main__ - DEBUG - QR 3, Loss=0.0658395607435158
2020-10-05 13:09:48,467 - __main__ - DEBUG - QR 4, Loss=0.06392521798242684
2020-10-05 13:10:05,072 - __main__ - INFO - innate_buffer=2000, innate_train_len=2000, innate_val_len=2000
2020-10-05 13:10:05,072 - __main__ - INFO - target_state_list=(6000, 25), target_innate_seq=(6000, 5)
2020-10-05 13:13:39,819 - __main__ - DEBUG - QR 0, Loss=0.06318445613404583
2020-10-05 13:13:39,819 - __main__ - DEBUG - QR 1, Loss=0.062181472507593094
2020-10-05 13:13:39,819 - __main__ - DEBUG - QR 2, Loss=0.06558675411662508
2020-10-05 13:13:39,819 - __main__ - DEBUG - QR 3, Loss=0.06404425388613677
2020-10-05 13:13:39,820 - __main__ - DEBUG - QR 4, Loss=0.06232550780143563
2020-10-05 13:13:50,254 - __main__ - INFO - innate_buffer=2000, innate_train_len=2000, innate_val_len=2000
2020-10-05 13:13:50,254 - __main__ - INFO - target_state_list=(6000, 25), target_innate_seq=(6000, 5)
2020-10-05 13:14:38,155 - __main__ - DEBUG - QR 0, Loss=0.06317580162115956
2020-10-05 13:14:38,156 - __main__ - DEBUG - QR 1, Loss=0.06215788280494097
2020-10-05 13:14:38,156 - __main__ - DEBUG - QR 2, Loss=0.06578298885059505
2020-10-05 13:14:38,156 - __main__ - DEBUG - QR 3, Loss=0.06421598913665158
2020-10-05 13:14:38,156 - __main__ - DEBUG - QR 4, Loss=0.062245797211187
2020-10-05 13:14:55,400 - __main__ - INFO - innate_buffer=2000, innate_train_len=2000, innate_val_len=2000
2020-10-05 13:14:55,401 - __main__ - INFO - target_state_list=(6000, 25), target_innate_seq=(6000, 5)
2020-10-05 13:15:21,020 - __main__ - DEBUG - QR 0, Loss=0.06317390823477523
2020-10-05 13:15:21,020 - __main__ - DEBUG - QR 1, Loss=0.06209218208112224
2020-10-05 13:15:21,021 - __main__ - DEBUG - QR 2, Loss=0.06571322985270814
2020-10-05 13:15:21,021 - __main__ - DEBUG - QR 3, Loss=0.06437944057913839
2020-10-05 13:15:21,021 - __main__ - DEBUG - QR 4, Loss=0.06223415960256811
2020-10-05 13:15:37,407 - __main__ - INFO - innate_buffer=2000, innate_train_len=2000, innate_val_len=2000
2020-10-05 13:15:37,408 - __main__ - INFO - target_state_list=(6000, 25), target_innate_seq=(6000, 5)
2020-10-05 13:19:17,958 - __main__ - DEBUG - QR 0, Loss=0.06241565053789088
2020-10-05 13:19:17,959 - __main__ - DEBUG - QR 1, Loss=0.06305645781777917
2020-10-05 13:19:17,959 - __main__ - DEBUG - QR 2, Loss=0.0629051556777873
2020-10-05 13:19:17,959 - __main__ - DEBUG - QR 3, Loss=0.06314932442126775
2020-10-05 13:19:17,959 - __main__ - DEBUG - QR 4, Loss=0.06261301938863946
2020-10-05 13:19:35,415 - __main__ - INFO - innate_buffer=2000, innate_train_len=2000, innate_val_len=2000
2020-10-05 13:19:35,415 - __main__ - INFO - target_state_list=(6000, 25), target_innate_seq=(6000, 5)
2020-10-05 13:20:17,102 - __main__ - DEBUG - QR 0, Loss=0.062485618925799014
2020-10-05 13:20:17,102 - __main__ - DEBUG - QR 1, Loss=0.0629752935840087
2020-10-05 13:20:17,102 - __main__ - DEBUG - QR 2, Loss=0.06311256182412718
2020-10-05 13:20:17,103 - __main__ - DEBUG - QR 3, Loss=0.06323271110159577
2020-10-05 13:20:17,103 - __main__ - DEBUG - QR 4, Loss=0.06260267503665987
2020-10-05 13:20:34,143 - __main__ - INFO - innate_buffer=2000, innate_train_len=2000, innate_val_len=2000
2020-10-05 13:20:34,143 - __main__ - INFO - target_state_list=(6000, 25), target_innate_seq=(6000, 5)
2020-10-05 13:20:37,039 - __main__ - DEBUG - QR 0, Loss=0.062423760671244714
2020-10-05 13:20:37,039 - __main__ - DEBUG - QR 1, Loss=0.06308967943815873
2020-10-05 13:20:37,039 - __main__ - DEBUG - QR 2, Loss=0.06322428447242351
2020-10-05 13:20:37,039 - __main__ - DEBUG - QR 3, Loss=0.06293787521080184
2020-10-05 13:20:37,039 - __main__ - DEBUG - QR 4, Loss=0.0627116267886257
2020-10-05 13:20:52,922 - __main__ - INFO - innate_buffer=2000, innate_train_len=2000, innate_val_len=2000
2020-10-05 13:20:52,923 - __main__ - INFO - target_state_list=(6000, 25), target_innate_seq=(6000, 5)
2020-10-05 13:23:48,164 - __main__ - DEBUG - QR 0, Loss=0.06405194348197128
2020-10-05 13:23:48,165 - __main__ - DEBUG - QR 1, Loss=0.06222393883925488
2020-10-05 13:23:48,166 - __main__ - DEBUG - QR 2, Loss=0.061478436678291906
2020-10-05 13:23:48,166 - __main__ - DEBUG - QR 3, Loss=0.06327523186098066
2020-10-05 13:23:48,166 - __main__ - DEBUG - QR 4, Loss=0.06342928247109018
2020-10-05 13:24:05,115 - __main__ - INFO - innate_buffer=2000, innate_train_len=2000, innate_val_len=2000
2020-10-05 13:24:05,115 - __main__ - INFO - target_state_list=(6000, 25), target_innate_seq=(6000, 5)
2020-10-05 13:25:34,512 - __main__ - DEBUG - QR 0, Loss=0.0639168443986079
2020-10-05 13:25:34,512 - __main__ - DEBUG - QR 1, Loss=0.062180572224090104
2020-10-05 13:25:34,512 - __main__ - DEBUG - QR 2, Loss=0.061474211828707666
2020-10-05 13:25:34,513 - __main__ - DEBUG - QR 3, Loss=0.06322238600296658
2020-10-05 13:25:34,513 - __main__ - DEBUG - QR 4, Loss=0.06343426368874351
2020-10-05 13:25:47,979 - __main__ - INFO - innate_buffer=2000, innate_train_len=2000, innate_val_len=2000
2020-10-05 13:25:47,979 - __main__ - INFO - target_state_list=(6000, 25), target_innate_seq=(6000, 5)
2020-10-05 13:26:07,601 - __main__ - DEBUG - QR 0, Loss=0.06397391655148876
2020-10-05 13:26:07,601 - __main__ - DEBUG - QR 1, Loss=0.0621923804667367
2020-10-05 13:26:07,601 - __main__ - DEBUG - QR 2, Loss=0.06147360030908638
2020-10-05 13:26:07,602 - __main__ - DEBUG - QR 3, Loss=0.06322373546922862
2020-10-05 13:26:07,602 - __main__ - DEBUG - QR 4, Loss=0.06336409498986961
2020-10-05 13:26:22,157 - __main__ - INFO - innate_buffer=2000, innate_train_len=2000, innate_val_len=2000
2020-10-05 13:26:22,157 - __main__ - INFO - target_state_list=(6000, 25), target_innate_seq=(6000, 5)
2020-10-05 13:28:32,489 - __main__ - DEBUG - QR 0, Loss=0.06509343176441615
2020-10-05 13:28:32,489 - __main__ - DEBUG - QR 1, Loss=0.0662904661316888
2020-10-05 13:28:32,489 - __main__ - DEBUG - QR 2, Loss=0.06443362106285386
2020-10-05 13:28:32,490 - __main__ - DEBUG - QR 3, Loss=0.061888613764731884
2020-10-05 13:28:32,490 - __main__ - DEBUG - QR 4, Loss=0.06424227570331636
2020-10-05 13:28:50,011 - __main__ - INFO - innate_buffer=2000, innate_train_len=2000, innate_val_len=2000
2020-10-05 13:28:50,011 - __main__ - INFO - target_state_list=(6000, 25), target_innate_seq=(6000, 5)
2020-10-05 13:31:15,895 - __main__ - DEBUG - QR 0, Loss=0.06518195246382401
2020-10-05 13:31:15,895 - __main__ - DEBUG - QR 1, Loss=0.06584777215382391
2020-10-05 13:31:15,895 - __main__ - DEBUG - QR 2, Loss=0.06454046626864822
2020-10-05 13:31:15,896 - __main__ - DEBUG - QR 3, Loss=0.06159700753217291
2020-10-05 13:31:15,896 - __main__ - DEBUG - QR 4, Loss=0.06420257862870482
2020-10-05 13:31:33,022 - __main__ - INFO - innate_buffer=2000, innate_train_len=2000, innate_val_len=2000
2020-10-05 13:31:33,022 - __main__ - INFO - target_state_list=(6000, 25), target_innate_seq=(6000, 5)
2020-10-05 13:31:37,842 - __main__ - DEBUG - QR 0, Loss=0.06511515591261549
2020-10-05 13:31:37,842 - __main__ - DEBUG - QR 1, Loss=0.06587514976072917
2020-10-05 13:31:37,842 - __main__ - DEBUG - QR 2, Loss=0.06454124469178464
2020-10-05 13:31:37,842 - __main__ - DEBUG - QR 3, Loss=0.06255159554734616
2020-10-05 13:31:37,842 - __main__ - DEBUG - QR 4, Loss=0.06429095638094673
2020-10-05 13:31:55,130 - __main__ - INFO - innate_buffer=2000, innate_train_len=2000, innate_val_len=2000
2020-10-05 13:31:55,131 - __main__ - INFO - target_state_list=(6000, 25), target_innate_seq=(6000, 5)
2020-10-05 13:34:27,043 - __main__ - DEBUG - QR 0, Loss=0.06319953910055467
2020-10-05 13:34:27,043 - __main__ - DEBUG - QR 1, Loss=0.06228931438536981
2020-10-05 13:34:27,043 - __main__ - DEBUG - QR 2, Loss=0.06425066923035985
2020-10-05 13:34:27,043 - __main__ - DEBUG - QR 3, Loss=0.06208954187390167
2020-10-05 13:34:27,044 - __main__ - DEBUG - QR 4, Loss=0.0628022269002197
2020-10-05 13:34:44,522 - __main__ - INFO - innate_buffer=2000, innate_train_len=2000, innate_val_len=2000
2020-10-05 13:34:44,522 - __main__ - INFO - target_state_list=(6000, 25), target_innate_seq=(6000, 5)
2020-10-05 13:36:36,517 - __main__ - DEBUG - QR 0, Loss=0.0632081654843135
2020-10-05 13:36:36,517 - __main__ - DEBUG - QR 1, Loss=0.06224131098274751
2020-10-05 13:36:36,517 - __main__ - DEBUG - QR 2, Loss=0.06425213726867991
2020-10-05 13:36:36,517 - __main__ - DEBUG - QR 3, Loss=0.06214428289665474
2020-10-05 13:36:36,517 - __main__ - DEBUG - QR 4, Loss=0.06285950845515687
2020-10-05 13:36:49,891 - __main__ - INFO - innate_buffer=2000, innate_train_len=2000, innate_val_len=2000
2020-10-05 13:36:49,892 - __main__ - INFO - target_state_list=(6000, 25), target_innate_seq=(6000, 5)
2020-10-05 13:37:18,319 - __main__ - DEBUG - QR 0, Loss=0.06319897056394465
2020-10-05 13:37:18,319 - __main__ - DEBUG - QR 1, Loss=0.06229058459362328
2020-10-05 13:37:18,319 - __main__ - DEBUG - QR 2, Loss=0.06425297059366093
2020-10-05 13:37:18,320 - __main__ - DEBUG - QR 3, Loss=0.062021926858042135
2020-10-05 13:37:18,320 - __main__ - DEBUG - QR 4, Loss=0.06283471242683537
2020-10-05 13:37:35,684 - __main__ - INFO - innate_buffer=2000, innate_train_len=2000, innate_val_len=2000
2020-10-05 13:37:35,685 - __main__ - INFO - target_state_list=(6000, 25), target_innate_seq=(6000, 5)
2020-10-05 13:40:08,152 - __main__ - DEBUG - QR 0, Loss=0.06408505821925323
2020-10-05 13:40:08,153 - __main__ - DEBUG - QR 1, Loss=0.06272165458474332
2020-10-05 13:40:08,153 - __main__ - DEBUG - QR 2, Loss=0.06407576514279595
2020-10-05 13:40:08,153 - __main__ - DEBUG - QR 3, Loss=0.06273344645876665
2020-10-05 13:40:08,153 - __main__ - DEBUG - QR 4, Loss=0.06476535299761742
2020-10-05 13:40:25,673 - __main__ - INFO - innate_buffer=2000, innate_train_len=2000, innate_val_len=2000
2020-10-05 13:40:25,673 - __main__ - INFO - target_state_list=(6000, 25), target_innate_seq=(6000, 5)
2020-10-05 13:41:44,784 - __main__ - DEBUG - QR 0, Loss=0.0641437313969516
2020-10-05 13:41:44,785 - __main__ - DEBUG - QR 1, Loss=0.06279832498631585
2020-10-05 13:41:44,785 - __main__ - DEBUG - QR 2, Loss=0.06407959445517024
2020-10-05 13:41:44,785 - __main__ - DEBUG - QR 3, Loss=0.06268144356574115
2020-10-05 13:41:44,785 - __main__ - DEBUG - QR 4, Loss=0.064775262832497
2020-10-05 13:42:01,216 - __main__ - INFO - innate_buffer=2000, innate_train_len=2000, innate_val_len=2000
2020-10-05 13:42:01,216 - __main__ - INFO - target_state_list=(6000, 25), target_innate_seq=(6000, 5)
2020-10-05 13:42:50,895 - __main__ - DEBUG - QR 0, Loss=0.06412202702499684
2020-10-05 13:42:50,896 - __main__ - DEBUG - QR 1, Loss=0.06278915569928203
2020-10-05 13:42:50,896 - __main__ - DEBUG - QR 2, Loss=0.06407219882990026
2020-10-05 13:42:50,896 - __main__ - DEBUG - QR 3, Loss=0.06268091459759419
2020-10-05 13:42:50,896 - __main__ - DEBUG - QR 4, Loss=0.0647810821269883
2020-10-05 13:43:07,950 - __main__ - INFO - innate_buffer=2000, innate_train_len=2000, innate_val_len=2000
2020-10-05 13:43:07,951 - __main__ - INFO - target_state_list=(6000, 25), target_innate_seq=(6000, 5)
2020-10-05 13:45:01,168 - __main__ - DEBUG - QR 0, Loss=0.06187341055027776
2020-10-05 13:45:01,169 - __main__ - DEBUG - QR 1, Loss=0.06319587089442451
2020-10-05 13:45:01,169 - __main__ - DEBUG - QR 2, Loss=0.06201009086245099
2020-10-05 13:45:01,169 - __main__ - DEBUG - QR 3, Loss=0.06284296675779583
2020-10-05 13:45:01,169 - __main__ - DEBUG - QR 4, Loss=0.062098752690662576
2020-10-05 13:45:01,169 - __main__ - INFO - do_narma=0, Ntrials=10, total loss avg=0.06319365448273681, std=0.0005577791325708505
2020-10-05 13:46:31,189 - __main__ - DEBUG - QR 0, Loss=0.06188018395152644
2020-10-05 13:46:31,190 - __main__ - DEBUG - QR 1, Loss=0.06318849149931863
2020-10-05 13:46:31,190 - __main__ - DEBUG - QR 2, Loss=0.06198794861894052
2020-10-05 13:46:31,190 - __main__ - DEBUG - QR 3, Loss=0.06261590993585608
2020-10-05 13:46:31,190 - __main__ - DEBUG - QR 4, Loss=0.06153037270238269
2020-10-05 13:46:31,190 - __main__ - INFO - do_narma=0, Ntrials=10, total loss avg=0.06326796554575083, std=0.0007422192705429052
2020-10-05 13:46:42,534 - __main__ - DEBUG - QR 0, Loss=0.06190297708513554
2020-10-05 13:46:42,534 - __main__ - DEBUG - QR 1, Loss=0.06319030490200898
2020-10-05 13:46:42,534 - __main__ - DEBUG - QR 2, Loss=0.06218253808402653
2020-10-05 13:46:42,534 - __main__ - DEBUG - QR 3, Loss=0.06290205118665054
2020-10-05 13:46:42,534 - __main__ - DEBUG - QR 4, Loss=0.06150095063736027
2020-10-05 13:46:42,534 - __main__ - INFO - do_narma=0, Ntrials=10, total loss avg=0.06324649081922643, std=0.0006095171736850151
