2020-10-05 14:20:06,239 - __main__ - INFO - n_units=5
2020-10-05 14:20:06,240 - __main__ - INFO - max_energy=1.0
2020-10-05 14:20:06,240 - __main__ - INFO - beta=1e-14
2020-10-05 14:20:06,240 - __main__ - INFO - taudelta=1.0
2020-10-05 14:20:06,240 - __main__ - INFO - V=1
2020-10-05 14:20:06,240 - __main__ - INFO - layers=5
2020-10-05 14:20:06,240 - __main__ - INFO - train_len=2000, val_len=2000, buffer=2000
2020-10-05 14:20:06,240 - __main__ - INFO - alpha=0.5, Ntrials=10
2020-10-05 14:20:06,240 - __main__ - INFO - noise=0.0005, learning rate=0.0,scale_input=0.2
2020-10-05 14:20:06,276 - __main__ - INFO - n_units=5
2020-10-05 14:20:06,277 - __main__ - INFO - max_energy=1.0
2020-10-05 14:20:06,277 - __main__ - INFO - beta=1e-14
2020-10-05 14:20:06,277 - __main__ - INFO - taudelta=2.0
2020-10-05 14:20:06,277 - __main__ - INFO - V=1
2020-10-05 14:20:06,277 - __main__ - INFO - layers=5
2020-10-05 14:20:06,277 - __main__ - INFO - train_len=2000, val_len=2000, buffer=2000
2020-10-05 14:20:06,277 - __main__ - INFO - alpha=0.5, Ntrials=10
2020-10-05 14:20:06,277 - __main__ - INFO - noise=0.0005, learning rate=0.0,scale_input=0.2
2020-10-05 14:20:06,334 - __main__ - INFO - n_units=5
2020-10-05 14:20:06,335 - __main__ - INFO - max_energy=1.0
2020-10-05 14:20:06,335 - __main__ - INFO - beta=1e-14
2020-10-05 14:20:06,335 - __main__ - INFO - taudelta=4.0
2020-10-05 14:20:06,335 - __main__ - INFO - V=1
2020-10-05 14:20:06,335 - __main__ - INFO - layers=5
2020-10-05 14:20:06,335 - __main__ - INFO - train_len=2000, val_len=2000, buffer=2000
2020-10-05 14:20:06,335 - __main__ - INFO - alpha=0.5, Ntrials=10
2020-10-05 14:20:06,335 - __main__ - INFO - noise=0.0005, learning rate=0.0,scale_input=0.2
2020-10-05 14:20:21,753 - __main__ - INFO - innate_buffer=2000, innate_train_len=2000, innate_val_len=2000
2020-10-05 14:20:21,753 - __main__ - INFO - target_state_list=(6000, 25), target_innate_seq=(6000, 5)
2020-10-05 14:20:22,139 - __main__ - INFO - innate_buffer=2000, innate_train_len=2000, innate_val_len=2000
2020-10-05 14:20:22,139 - __main__ - INFO - target_state_list=(6000, 25), target_innate_seq=(6000, 5)
2020-10-05 14:20:23,318 - __main__ - INFO - innate_buffer=2000, innate_train_len=2000, innate_val_len=2000
2020-10-05 14:20:23,318 - __main__ - INFO - target_state_list=(6000, 25), target_innate_seq=(6000, 5)
2020-10-05 14:20:35,618 - __main__ - DEBUG - QR 0, Loss=0.02291802641684504
2020-10-05 14:20:35,618 - __main__ - DEBUG - QR 1, Loss=0.02226930845413535
2020-10-05 14:20:35,618 - __main__ - DEBUG - QR 2, Loss=0.02195873697616248
2020-10-05 14:20:35,618 - __main__ - DEBUG - QR 3, Loss=0.02253162419716155
2020-10-05 14:20:35,618 - __main__ - DEBUG - QR 4, Loss=0.022374933514652574
2020-10-05 14:20:37,465 - __main__ - DEBUG - QR 0, Loss=0.02454534157700507
2020-10-05 14:20:37,465 - __main__ - DEBUG - QR 1, Loss=0.022290247275249142
2020-10-05 14:20:37,465 - __main__ - DEBUG - QR 2, Loss=0.02189057830938007
2020-10-05 14:20:37,465 - __main__ - DEBUG - QR 3, Loss=0.03779871932867248
2020-10-05 14:20:37,465 - __main__ - DEBUG - QR 4, Loss=0.022550685728389287
2020-10-05 14:20:38,944 - __main__ - DEBUG - QR 0, Loss=0.02894897251711186
2020-10-05 14:20:38,944 - __main__ - DEBUG - QR 1, Loss=0.02202815295087778
2020-10-05 14:20:38,945 - __main__ - DEBUG - QR 2, Loss=0.021825341257748727
2020-10-05 14:20:38,945 - __main__ - DEBUG - QR 3, Loss=0.032870125975819474
2020-10-05 14:20:38,945 - __main__ - DEBUG - QR 4, Loss=0.022448500948382435
2020-10-05 14:20:45,709 - __main__ - INFO - innate_buffer=2000, innate_train_len=2000, innate_val_len=2000
2020-10-05 14:20:45,709 - __main__ - INFO - target_state_list=(6000, 25), target_innate_seq=(6000, 5)
2020-10-05 14:20:53,469 - __main__ - INFO - innate_buffer=2000, innate_train_len=2000, innate_val_len=2000
2020-10-05 14:20:53,470 - __main__ - INFO - target_state_list=(6000, 25), target_innate_seq=(6000, 5)
2020-10-05 14:20:55,067 - __main__ - INFO - innate_buffer=2000, innate_train_len=2000, innate_val_len=2000
2020-10-05 14:20:55,067 - __main__ - INFO - target_state_list=(6000, 25), target_innate_seq=(6000, 5)
2020-10-05 14:20:55,387 - __main__ - DEBUG - QR 0, Loss=0.02266633566239535
2020-10-05 14:20:55,388 - __main__ - DEBUG - QR 1, Loss=0.022432370030847092
2020-10-05 14:20:55,388 - __main__ - DEBUG - QR 2, Loss=0.02274943057616762
2020-10-05 14:20:55,388 - __main__ - DEBUG - QR 3, Loss=0.022463586927251505
2020-10-05 14:20:55,388 - __main__ - DEBUG - QR 4, Loss=0.023310322861829578
2020-10-05 14:21:05,442 - __main__ - INFO - innate_buffer=2000, innate_train_len=2000, innate_val_len=2000
2020-10-05 14:21:05,442 - __main__ - INFO - target_state_list=(6000, 25), target_innate_seq=(6000, 5)
2020-10-05 14:21:09,358 - __main__ - DEBUG - QR 0, Loss=0.022869179763978113
2020-10-05 14:21:09,358 - __main__ - DEBUG - QR 1, Loss=0.0227963851031949
2020-10-05 14:21:09,358 - __main__ - DEBUG - QR 2, Loss=0.023065532162059907
2020-10-05 14:21:09,358 - __main__ - DEBUG - QR 3, Loss=0.022121062503606608
2020-10-05 14:21:09,358 - __main__ - DEBUG - QR 4, Loss=0.023367772690586115
2020-10-05 14:21:11,659 - __main__ - DEBUG - QR 0, Loss=0.022356009367908127
2020-10-05 14:21:11,659 - __main__ - DEBUG - QR 1, Loss=0.02249174459811996
2020-10-05 14:21:11,659 - __main__ - DEBUG - QR 2, Loss=0.022428108677555576
2020-10-05 14:21:11,659 - __main__ - DEBUG - QR 3, Loss=0.022144541385180655
2020-10-05 14:21:11,659 - __main__ - DEBUG - QR 4, Loss=0.022784582891286462
2020-10-05 14:21:15,173 - __main__ - DEBUG - QR 0, Loss=0.024087618846796853
2020-10-05 14:21:15,173 - __main__ - DEBUG - QR 1, Loss=0.02247505606693194
2020-10-05 14:21:15,176 - __main__ - DEBUG - QR 2, Loss=0.022343572736856658
2020-10-05 14:21:15,176 - __main__ - DEBUG - QR 3, Loss=0.02285027994348634
2020-10-05 14:21:15,176 - __main__ - DEBUG - QR 4, Loss=0.022590388713219677
2020-10-05 14:21:25,359 - __main__ - INFO - innate_buffer=2000, innate_train_len=2000, innate_val_len=2000
2020-10-05 14:21:25,359 - __main__ - INFO - target_state_list=(6000, 25), target_innate_seq=(6000, 5)
2020-10-05 14:21:27,452 - __main__ - INFO - innate_buffer=2000, innate_train_len=2000, innate_val_len=2000
2020-10-05 14:21:27,453 - __main__ - INFO - target_state_list=(6000, 25), target_innate_seq=(6000, 5)
2020-10-05 14:21:28,119 - __main__ - INFO - innate_buffer=2000, innate_train_len=2000, innate_val_len=2000
2020-10-05 14:21:28,119 - __main__ - INFO - target_state_list=(6000, 25), target_innate_seq=(6000, 5)
2020-10-05 14:21:41,161 - __main__ - DEBUG - QR 0, Loss=0.02741027397266287
2020-10-05 14:21:41,161 - __main__ - DEBUG - QR 1, Loss=0.022577751486922697
2020-10-05 14:21:41,162 - __main__ - DEBUG - QR 2, Loss=0.022642707400231818
2020-10-05 14:21:41,162 - __main__ - DEBUG - QR 3, Loss=0.02284757640614045
2020-10-05 14:21:41,162 - __main__ - DEBUG - QR 4, Loss=0.024763088305716302
2020-10-05 14:21:43,948 - __main__ - DEBUG - QR 0, Loss=0.02153973404159534
2020-10-05 14:21:43,948 - __main__ - DEBUG - QR 1, Loss=0.025555094843513166
2020-10-05 14:21:43,949 - __main__ - DEBUG - QR 2, Loss=0.022522740153820622
2020-10-05 14:21:43,949 - __main__ - DEBUG - QR 3, Loss=0.022537556510272158
2020-10-05 14:21:43,949 - __main__ - DEBUG - QR 4, Loss=0.022344567288074397
2020-10-05 14:21:44,955 - __main__ - DEBUG - QR 0, Loss=0.02787264080718253
2020-10-05 14:21:44,955 - __main__ - DEBUG - QR 1, Loss=0.022478925346936632
2020-10-05 14:21:44,956 - __main__ - DEBUG - QR 2, Loss=0.026603913614146848
2020-10-05 14:21:44,956 - __main__ - DEBUG - QR 3, Loss=0.022754358596629082
2020-10-05 14:21:44,956 - __main__ - DEBUG - QR 4, Loss=0.024362170124261097
2020-10-05 14:21:57,549 - __main__ - INFO - innate_buffer=2000, innate_train_len=2000, innate_val_len=2000
2020-10-05 14:21:57,550 - __main__ - INFO - target_state_list=(6000, 25), target_innate_seq=(6000, 5)
2020-10-05 14:22:00,878 - __main__ - INFO - innate_buffer=2000, innate_train_len=2000, innate_val_len=2000
2020-10-05 14:22:00,878 - __main__ - INFO - target_state_list=(6000, 25), target_innate_seq=(6000, 5)
2020-10-05 14:22:02,249 - __main__ - INFO - innate_buffer=2000, innate_train_len=2000, innate_val_len=2000
2020-10-05 14:22:02,250 - __main__ - INFO - target_state_list=(6000, 25), target_innate_seq=(6000, 5)
2020-10-05 14:22:13,315 - __main__ - DEBUG - QR 0, Loss=0.021539691338274946
2020-10-05 14:22:13,316 - __main__ - DEBUG - QR 1, Loss=0.03198852991093525
2020-10-05 14:22:13,316 - __main__ - DEBUG - QR 2, Loss=0.024137585844269973
2020-10-05 14:22:13,316 - __main__ - DEBUG - QR 3, Loss=0.022927260615392898
2020-10-05 14:22:13,316 - __main__ - DEBUG - QR 4, Loss=0.022155861454425402
2020-10-05 14:22:17,849 - __main__ - DEBUG - QR 0, Loss=0.022924228579612266
2020-10-05 14:22:17,849 - __main__ - DEBUG - QR 1, Loss=0.02235116590696202
2020-10-05 14:22:17,849 - __main__ - DEBUG - QR 2, Loss=0.022615187040461136
2020-10-05 14:22:17,849 - __main__ - DEBUG - QR 3, Loss=0.022838838824645644
2020-10-05 14:22:17,850 - __main__ - DEBUG - QR 4, Loss=0.02230573050444889
2020-10-05 14:22:18,330 - __main__ - DEBUG - QR 0, Loss=0.021539258357966003
2020-10-05 14:22:18,330 - __main__ - DEBUG - QR 1, Loss=0.03064480763393199
2020-10-05 14:22:18,330 - __main__ - DEBUG - QR 2, Loss=0.02263783801106154
2020-10-05 14:22:18,330 - __main__ - DEBUG - QR 3, Loss=0.022661065315522606
2020-10-05 14:22:18,331 - __main__ - DEBUG - QR 4, Loss=0.022172299374062787
2020-10-05 14:22:29,570 - __main__ - INFO - innate_buffer=2000, innate_train_len=2000, innate_val_len=2000
2020-10-05 14:22:29,570 - __main__ - INFO - target_state_list=(6000, 25), target_innate_seq=(6000, 5)
2020-10-05 14:22:35,119 - __main__ - INFO - innate_buffer=2000, innate_train_len=2000, innate_val_len=2000
2020-10-05 14:22:35,119 - __main__ - INFO - target_state_list=(6000, 25), target_innate_seq=(6000, 5)
2020-10-05 14:22:35,671 - __main__ - INFO - innate_buffer=2000, innate_train_len=2000, innate_val_len=2000
2020-10-05 14:22:35,671 - __main__ - INFO - target_state_list=(6000, 25), target_innate_seq=(6000, 5)
2020-10-05 14:22:42,798 - __main__ - DEBUG - QR 0, Loss=0.023326664200464056
2020-10-05 14:22:42,799 - __main__ - DEBUG - QR 1, Loss=0.02235648758607273
2020-10-05 14:22:42,799 - __main__ - DEBUG - QR 2, Loss=0.024684102295781992
2020-10-05 14:22:42,799 - __main__ - DEBUG - QR 3, Loss=0.02268704650600351
2020-10-05 14:22:42,799 - __main__ - DEBUG - QR 4, Loss=0.023733615588014234
2020-10-05 14:22:52,278 - __main__ - DEBUG - QR 0, Loss=0.02220622247007802
2020-10-05 14:22:52,278 - __main__ - DEBUG - QR 1, Loss=0.02350930406830304
2020-10-05 14:22:52,278 - __main__ - DEBUG - QR 2, Loss=0.022361079301856192
2020-10-05 14:22:52,279 - __main__ - DEBUG - QR 3, Loss=0.02292890885442706
2020-10-05 14:22:52,279 - __main__ - DEBUG - QR 4, Loss=0.022604177267661434
2020-10-05 14:22:53,298 - __main__ - DEBUG - QR 0, Loss=0.022868706293954235
2020-10-05 14:22:53,298 - __main__ - DEBUG - QR 1, Loss=0.022354668503221778
2020-10-05 14:22:53,298 - __main__ - DEBUG - QR 2, Loss=0.023450744090391308
2020-10-05 14:22:53,298 - __main__ - DEBUG - QR 3, Loss=0.022963726892977376
2020-10-05 14:22:53,298 - __main__ - DEBUG - QR 4, Loss=0.02229479260367348
2020-10-05 14:22:58,730 - __main__ - INFO - innate_buffer=2000, innate_train_len=2000, innate_val_len=2000
2020-10-05 14:22:58,730 - __main__ - INFO - target_state_list=(6000, 25), target_innate_seq=(6000, 5)
2020-10-05 14:23:09,181 - __main__ - INFO - innate_buffer=2000, innate_train_len=2000, innate_val_len=2000
2020-10-05 14:23:09,181 - __main__ - INFO - target_state_list=(6000, 25), target_innate_seq=(6000, 5)
2020-10-05 14:23:10,752 - __main__ - DEBUG - QR 0, Loss=0.02221944163677574
2020-10-05 14:23:10,752 - __main__ - DEBUG - QR 1, Loss=0.024222871086584687
2020-10-05 14:23:10,752 - __main__ - DEBUG - QR 2, Loss=0.022470208611356353
2020-10-05 14:23:10,752 - __main__ - DEBUG - QR 3, Loss=0.023082658206140274
2020-10-05 14:23:10,752 - __main__ - DEBUG - QR 4, Loss=0.02248436472489096
2020-10-05 14:23:10,943 - __main__ - INFO - innate_buffer=2000, innate_train_len=2000, innate_val_len=2000
2020-10-05 14:23:10,943 - __main__ - INFO - target_state_list=(6000, 25), target_innate_seq=(6000, 5)
2020-10-05 14:23:25,901 - __main__ - DEBUG - QR 0, Loss=0.022183931162899944
2020-10-05 14:23:25,901 - __main__ - DEBUG - QR 1, Loss=0.022155633511446126
2020-10-05 14:23:25,901 - __main__ - DEBUG - QR 2, Loss=0.021088848367695503
2020-10-05 14:23:25,901 - __main__ - DEBUG - QR 3, Loss=0.02231335711809072
2020-10-05 14:23:25,901 - __main__ - DEBUG - QR 4, Loss=0.022233803862069308
2020-10-05 14:23:26,808 - __main__ - INFO - innate_buffer=2000, innate_train_len=2000, innate_val_len=2000
2020-10-05 14:23:26,809 - __main__ - INFO - target_state_list=(6000, 25), target_innate_seq=(6000, 5)
2020-10-05 14:23:28,249 - __main__ - DEBUG - QR 0, Loss=0.022207296691726282
2020-10-05 14:23:28,249 - __main__ - DEBUG - QR 1, Loss=0.023765414470954406
2020-10-05 14:23:28,249 - __main__ - DEBUG - QR 2, Loss=0.02276370055503022
2020-10-05 14:23:28,249 - __main__ - DEBUG - QR 3, Loss=0.023014746899133586
2020-10-05 14:23:28,249 - __main__ - DEBUG - QR 4, Loss=0.02260142177784131
2020-10-05 14:23:39,887 - __main__ - INFO - innate_buffer=2000, innate_train_len=2000, innate_val_len=2000
2020-10-05 14:23:39,887 - __main__ - INFO - target_state_list=(6000, 25), target_innate_seq=(6000, 5)
2020-10-05 14:23:41,872 - __main__ - DEBUG - QR 0, Loss=0.022208154061759314
2020-10-05 14:23:41,872 - __main__ - DEBUG - QR 1, Loss=0.022170531055801062
2020-10-05 14:23:41,872 - __main__ - DEBUG - QR 2, Loss=0.02141373320065456
2020-10-05 14:23:41,872 - __main__ - DEBUG - QR 3, Loss=0.022323730226810314
2020-10-05 14:23:41,872 - __main__ - DEBUG - QR 4, Loss=0.022535806250390752
2020-10-05 14:23:45,378 - __main__ - INFO - innate_buffer=2000, innate_train_len=2000, innate_val_len=2000
2020-10-05 14:23:45,378 - __main__ - INFO - target_state_list=(6000, 25), target_innate_seq=(6000, 5)
2020-10-05 14:23:49,687 - __main__ - DEBUG - QR 0, Loss=0.022567153790040262
2020-10-05 14:23:49,687 - __main__ - DEBUG - QR 1, Loss=0.022507409308501217
2020-10-05 14:23:49,687 - __main__ - DEBUG - QR 2, Loss=0.02202098496176579
2020-10-05 14:23:49,687 - __main__ - DEBUG - QR 3, Loss=0.021928607739157144
2020-10-05 14:23:49,687 - __main__ - DEBUG - QR 4, Loss=0.023154044304767394
2020-10-05 14:23:53,695 - __main__ - INFO - innate_buffer=2000, innate_train_len=2000, innate_val_len=2000
2020-10-05 14:23:53,695 - __main__ - INFO - target_state_list=(6000, 25), target_innate_seq=(6000, 5)
2020-10-05 14:23:59,833 - __main__ - INFO - innate_buffer=2000, innate_train_len=2000, innate_val_len=2000
2020-10-05 14:23:59,833 - __main__ - INFO - target_state_list=(6000, 25), target_innate_seq=(6000, 5)
2020-10-05 14:24:01,582 - __main__ - DEBUG - QR 0, Loss=0.022220080345704125
2020-10-05 14:24:01,582 - __main__ - DEBUG - QR 1, Loss=0.02207443106219995
2020-10-05 14:24:01,583 - __main__ - DEBUG - QR 2, Loss=0.021493274023379833
2020-10-05 14:24:01,583 - __main__ - DEBUG - QR 3, Loss=0.022314653965723227
2020-10-05 14:24:01,583 - __main__ - DEBUG - QR 4, Loss=0.022195697501993357
2020-10-05 14:24:06,307 - __main__ - DEBUG - QR 0, Loss=0.022510012158116207
2020-10-05 14:24:06,307 - __main__ - DEBUG - QR 1, Loss=0.022643611280651243
2020-10-05 14:24:06,308 - __main__ - DEBUG - QR 2, Loss=0.022365414910455867
2020-10-05 14:24:06,308 - __main__ - DEBUG - QR 3, Loss=0.021924830698088402
2020-10-05 14:24:06,308 - __main__ - DEBUG - QR 4, Loss=0.023361475141495544
2020-10-05 14:24:09,605 - __main__ - DEBUG - QR 0, Loss=0.02245087299430271
2020-10-05 14:24:09,605 - __main__ - DEBUG - QR 1, Loss=0.022513055048638438
2020-10-05 14:24:09,605 - __main__ - DEBUG - QR 2, Loss=0.022845194842897272
2020-10-05 14:24:09,605 - __main__ - DEBUG - QR 3, Loss=0.027273143573037922
2020-10-05 14:24:09,605 - __main__ - DEBUG - QR 4, Loss=0.022365052785524583
2020-10-05 14:24:18,136 - __main__ - INFO - innate_buffer=2000, innate_train_len=2000, innate_val_len=2000
2020-10-05 14:24:18,136 - __main__ - INFO - target_state_list=(6000, 25), target_innate_seq=(6000, 5)
2020-10-05 14:24:19,694 - __main__ - INFO - innate_buffer=2000, innate_train_len=2000, innate_val_len=2000
2020-10-05 14:24:19,694 - __main__ - INFO - target_state_list=(6000, 25), target_innate_seq=(6000, 5)
2020-10-05 14:24:19,777 - __main__ - INFO - innate_buffer=2000, innate_train_len=2000, innate_val_len=2000
2020-10-05 14:24:19,777 - __main__ - INFO - target_state_list=(6000, 25), target_innate_seq=(6000, 5)
2020-10-05 14:24:29,359 - __main__ - DEBUG - QR 0, Loss=0.022696289011866815
2020-10-05 14:24:29,359 - __main__ - DEBUG - QR 1, Loss=0.022849698243720084
2020-10-05 14:24:29,359 - __main__ - DEBUG - QR 2, Loss=0.022772264313877248
2020-10-05 14:24:29,360 - __main__ - DEBUG - QR 3, Loss=0.0229022596686731
2020-10-05 14:24:29,360 - __main__ - DEBUG - QR 4, Loss=0.02195944383853624
2020-10-05 14:24:29,360 - __main__ - INFO - do_narma=0, Ntrials=10, total loss avg=0.022678943520559575, std=0.0003676748240693247
2020-10-05 14:24:32,242 - __main__ - DEBUG - QR 0, Loss=0.022679543120633975
2020-10-05 14:24:32,243 - __main__ - DEBUG - QR 1, Loss=0.022880889803519253
2020-10-05 14:24:32,243 - __main__ - DEBUG - QR 2, Loss=0.02283883385942678
2020-10-05 14:24:32,243 - __main__ - DEBUG - QR 3, Loss=0.023229296071095654
2020-10-05 14:24:32,243 - __main__ - DEBUG - QR 4, Loss=0.022335917181007466
2020-10-05 14:24:34,343 - __main__ - DEBUG - QR 0, Loss=0.022717590515875068
2020-10-05 14:24:34,344 - __main__ - DEBUG - QR 1, Loss=0.02241745835999412
2020-10-05 14:24:34,344 - __main__ - DEBUG - QR 2, Loss=0.022260396318086188
2020-10-05 14:24:34,344 - __main__ - DEBUG - QR 3, Loss=0.021925696861521494
2020-10-05 14:24:34,344 - __main__ - DEBUG - QR 4, Loss=0.023696766823848713
2020-10-05 14:24:47,989 - __main__ - INFO - innate_buffer=2000, innate_train_len=2000, innate_val_len=2000
2020-10-05 14:24:47,989 - __main__ - INFO - target_state_list=(6000, 25), target_innate_seq=(6000, 5)
2020-10-05 14:24:50,443 - __main__ - INFO - innate_buffer=2000, innate_train_len=2000, innate_val_len=2000
2020-10-05 14:24:50,443 - __main__ - INFO - target_state_list=(6000, 25), target_innate_seq=(6000, 5)
2020-10-05 14:24:58,360 - __main__ - DEBUG - QR 0, Loss=0.02271725892575045
2020-10-05 14:24:58,361 - __main__ - DEBUG - QR 1, Loss=0.023550655251370897
2020-10-05 14:24:58,361 - __main__ - DEBUG - QR 2, Loss=0.022796560260958845
2020-10-05 14:24:58,361 - __main__ - DEBUG - QR 3, Loss=0.02311030756564621
2020-10-05 14:24:58,361 - __main__ - DEBUG - QR 4, Loss=0.0217035070554827
2020-10-05 14:24:58,361 - __main__ - INFO - do_narma=0, Ntrials=10, total loss avg=0.023377067193965886, std=0.0010587228914072603
2020-10-05 14:25:03,072 - __main__ - DEBUG - QR 0, Loss=0.023016538844834112
2020-10-05 14:25:03,073 - __main__ - DEBUG - QR 1, Loss=0.02296812891992847
2020-10-05 14:25:03,073 - __main__ - DEBUG - QR 2, Loss=0.022838975260569317
2020-10-05 14:25:03,073 - __main__ - DEBUG - QR 3, Loss=0.022850568629999454
2020-10-05 14:25:03,073 - __main__ - DEBUG - QR 4, Loss=0.022341577925502887
2020-10-05 14:25:11,818 - __main__ - INFO - innate_buffer=2000, innate_train_len=2000, innate_val_len=2000
2020-10-05 14:25:11,818 - __main__ - INFO - target_state_list=(6000, 25), target_innate_seq=(6000, 5)
2020-10-05 14:25:19,192 - __main__ - DEBUG - QR 0, Loss=0.02269609845168273
2020-10-05 14:25:19,192 - __main__ - DEBUG - QR 1, Loss=0.02295296642551936
2020-10-05 14:25:19,192 - __main__ - DEBUG - QR 2, Loss=0.022776315713097586
2020-10-05 14:25:19,192 - __main__ - DEBUG - QR 3, Loss=0.022804109436362758
2020-10-05 14:25:19,192 - __main__ - DEBUG - QR 4, Loss=0.021838155981753194
2020-10-05 14:25:19,192 - __main__ - INFO - do_narma=0, Ntrials=10, total loss avg=0.023254761157963443, std=0.0010954807644251107
