2020-10-05 14:20:06,248 - __main__ - INFO - n_units=5
2020-10-05 14:20:06,249 - __main__ - INFO - max_energy=1.0
2020-10-05 14:20:06,249 - __main__ - INFO - beta=1e-14
2020-10-05 14:20:06,249 - __main__ - INFO - taudelta=1.0
2020-10-05 14:20:06,249 - __main__ - INFO - V=1
2020-10-05 14:20:06,249 - __main__ - INFO - layers=5
2020-10-05 14:20:06,249 - __main__ - INFO - train_len=2000, val_len=2000, buffer=2000
2020-10-05 14:20:06,249 - __main__ - INFO - alpha=0.5, Ntrials=10
2020-10-05 14:20:06,249 - __main__ - INFO - noise=0.007, learning rate=0.0,scale_input=0.2
2020-10-05 14:20:06,293 - __main__ - INFO - n_units=5
2020-10-05 14:20:06,293 - __main__ - INFO - max_energy=1.0
2020-10-05 14:20:06,293 - __main__ - INFO - beta=1e-14
2020-10-05 14:20:06,293 - __main__ - INFO - taudelta=2.0
2020-10-05 14:20:06,293 - __main__ - INFO - V=1
2020-10-05 14:20:06,293 - __main__ - INFO - layers=5
2020-10-05 14:20:06,293 - __main__ - INFO - train_len=2000, val_len=2000, buffer=2000
2020-10-05 14:20:06,293 - __main__ - INFO - alpha=0.5, Ntrials=10
2020-10-05 14:20:06,293 - __main__ - INFO - noise=0.007, learning rate=0.0,scale_input=0.2
2020-10-05 14:20:06,355 - __main__ - INFO - n_units=5
2020-10-05 14:20:06,355 - __main__ - INFO - max_energy=1.0
2020-10-05 14:20:06,355 - __main__ - INFO - beta=1e-14
2020-10-05 14:20:06,355 - __main__ - INFO - taudelta=4.0
2020-10-05 14:20:06,356 - __main__ - INFO - V=1
2020-10-05 14:20:06,356 - __main__ - INFO - layers=5
2020-10-05 14:20:06,356 - __main__ - INFO - train_len=2000, val_len=2000, buffer=2000
2020-10-05 14:20:06,356 - __main__ - INFO - alpha=0.5, Ntrials=10
2020-10-05 14:20:06,356 - __main__ - INFO - noise=0.007, learning rate=0.0,scale_input=0.2
2020-10-05 14:20:18,754 - __main__ - INFO - innate_buffer=2000, innate_train_len=2000, innate_val_len=2000
2020-10-05 14:20:18,754 - __main__ - INFO - target_state_list=(6000, 25), target_innate_seq=(6000, 5)
2020-10-05 14:20:21,136 - __main__ - INFO - innate_buffer=2000, innate_train_len=2000, innate_val_len=2000
2020-10-05 14:20:21,136 - __main__ - INFO - target_state_list=(6000, 25), target_innate_seq=(6000, 5)
2020-10-05 14:20:23,107 - __main__ - INFO - innate_buffer=2000, innate_train_len=2000, innate_val_len=2000
2020-10-05 14:20:23,107 - __main__ - INFO - target_state_list=(6000, 25), target_innate_seq=(6000, 5)
2020-10-05 14:20:33,753 - __main__ - DEBUG - QR 0, Loss=0.08734053036166292
2020-10-05 14:20:33,754 - __main__ - DEBUG - QR 1, Loss=0.08240607915500074
2020-10-05 14:20:33,754 - __main__ - DEBUG - QR 2, Loss=0.08159589492405071
2020-10-05 14:20:33,754 - __main__ - DEBUG - QR 3, Loss=0.08711638605394624
2020-10-05 14:20:33,754 - __main__ - DEBUG - QR 4, Loss=0.08374711296838169
2020-10-05 14:20:35,242 - __main__ - DEBUG - QR 0, Loss=0.08559506189869219
2020-10-05 14:20:35,242 - __main__ - DEBUG - QR 1, Loss=0.08258507424802893
2020-10-05 14:20:35,242 - __main__ - DEBUG - QR 2, Loss=0.08161290781087535
2020-10-05 14:20:35,242 - __main__ - DEBUG - QR 3, Loss=0.08915786877889405
2020-10-05 14:20:35,242 - __main__ - DEBUG - QR 4, Loss=0.0837379214465509
2020-10-05 14:20:39,960 - __main__ - DEBUG - QR 0, Loss=0.08521360297767773
2020-10-05 14:20:39,961 - __main__ - DEBUG - QR 1, Loss=0.0825678454411263
2020-10-05 14:20:39,961 - __main__ - DEBUG - QR 2, Loss=0.0816496586895352
2020-10-05 14:20:39,961 - __main__ - DEBUG - QR 3, Loss=0.08344673110064857
2020-10-05 14:20:39,961 - __main__ - DEBUG - QR 4, Loss=0.08370887908532212
2020-10-05 14:20:44,932 - __main__ - INFO - innate_buffer=2000, innate_train_len=2000, innate_val_len=2000
2020-10-05 14:20:44,932 - __main__ - INFO - target_state_list=(6000, 25), target_innate_seq=(6000, 5)
2020-10-05 14:20:52,343 - __main__ - INFO - innate_buffer=2000, innate_train_len=2000, innate_val_len=2000
2020-10-05 14:20:52,344 - __main__ - INFO - target_state_list=(6000, 25), target_innate_seq=(6000, 5)
2020-10-05 14:20:57,007 - __main__ - INFO - innate_buffer=2000, innate_train_len=2000, innate_val_len=2000
2020-10-05 14:20:57,007 - __main__ - INFO - target_state_list=(6000, 25), target_innate_seq=(6000, 5)
2020-10-05 14:21:01,208 - __main__ - DEBUG - QR 0, Loss=0.08364181345677939
2020-10-05 14:21:01,209 - __main__ - DEBUG - QR 1, Loss=0.08404377859770512
2020-10-05 14:21:01,209 - __main__ - DEBUG - QR 2, Loss=0.08364606410662997
2020-10-05 14:21:01,209 - __main__ - DEBUG - QR 3, Loss=0.08286672171557044
2020-10-05 14:21:01,209 - __main__ - DEBUG - QR 4, Loss=0.08318789890809855
2020-10-05 14:21:08,064 - __main__ - DEBUG - QR 0, Loss=0.08375992492836318
2020-10-05 14:21:08,064 - __main__ - DEBUG - QR 1, Loss=0.08420996238616184
2020-10-05 14:21:08,064 - __main__ - DEBUG - QR 2, Loss=0.08385297165789578
2020-10-05 14:21:08,064 - __main__ - DEBUG - QR 3, Loss=0.0828213413599776
2020-10-05 14:21:08,064 - __main__ - DEBUG - QR 4, Loss=0.0833741430581663
2020-10-05 14:21:13,793 - __main__ - DEBUG - QR 0, Loss=0.08374597495312748
2020-10-05 14:21:13,793 - __main__ - DEBUG - QR 1, Loss=0.08398432910866876
2020-10-05 14:21:13,793 - __main__ - DEBUG - QR 2, Loss=0.08375868316594884
2020-10-05 14:21:13,793 - __main__ - DEBUG - QR 3, Loss=0.08304956072203364
2020-10-05 14:21:13,793 - __main__ - DEBUG - QR 4, Loss=0.0833842416410439
2020-10-05 14:21:18,290 - __main__ - INFO - innate_buffer=2000, innate_train_len=2000, innate_val_len=2000
2020-10-05 14:21:18,290 - __main__ - INFO - target_state_list=(6000, 25), target_innate_seq=(6000, 5)
2020-10-05 14:21:18,497 - __main__ - INFO - innate_buffer=2000, innate_train_len=2000, innate_val_len=2000
2020-10-05 14:21:18,498 - __main__ - INFO - target_state_list=(6000, 25), target_innate_seq=(6000, 5)
2020-10-05 14:21:28,118 - __main__ - DEBUG - QR 0, Loss=0.08482668722914606
2020-10-05 14:21:28,118 - __main__ - DEBUG - QR 1, Loss=0.08409621103744885
2020-10-05 14:21:28,118 - __main__ - DEBUG - QR 2, Loss=0.08350261001075442
2020-10-05 14:21:28,118 - __main__ - DEBUG - QR 3, Loss=0.08522557889258868
2020-10-05 14:21:28,119 - __main__ - DEBUG - QR 4, Loss=0.08476215745481946
2020-10-05 14:21:31,020 - __main__ - INFO - innate_buffer=2000, innate_train_len=2000, innate_val_len=2000
2020-10-05 14:21:31,020 - __main__ - INFO - target_state_list=(6000, 25), target_innate_seq=(6000, 5)
2020-10-05 14:21:34,882 - __main__ - DEBUG - QR 0, Loss=0.08499853382424166
2020-10-05 14:21:34,882 - __main__ - DEBUG - QR 1, Loss=0.08410682526099204
2020-10-05 14:21:34,882 - __main__ - DEBUG - QR 2, Loss=0.08461002285103905
2020-10-05 14:21:34,882 - __main__ - DEBUG - QR 3, Loss=0.08513948770281174
2020-10-05 14:21:34,882 - __main__ - DEBUG - QR 4, Loss=0.08465201071315052
2020-10-05 14:21:38,392 - __main__ - INFO - innate_buffer=2000, innate_train_len=2000, innate_val_len=2000
2020-10-05 14:21:38,392 - __main__ - INFO - target_state_list=(6000, 25), target_innate_seq=(6000, 5)
2020-10-05 14:21:47,395 - __main__ - DEBUG - QR 0, Loss=0.08369790885974253
2020-10-05 14:21:47,395 - __main__ - DEBUG - QR 1, Loss=0.08409336375652986
2020-10-05 14:21:47,395 - __main__ - DEBUG - QR 2, Loss=0.08344417247379224
2020-10-05 14:21:47,395 - __main__ - DEBUG - QR 3, Loss=0.08520232018899136
2020-10-05 14:21:47,396 - __main__ - DEBUG - QR 4, Loss=0.08409960794842077
2020-10-05 14:21:48,243 - __main__ - DEBUG - QR 0, Loss=0.08059299530281219
2020-10-05 14:21:48,243 - __main__ - DEBUG - QR 1, Loss=0.08865541032320412
2020-10-05 14:21:48,243 - __main__ - DEBUG - QR 2, Loss=0.08356885054469645
2020-10-05 14:21:48,244 - __main__ - DEBUG - QR 3, Loss=0.08429906109112732
2020-10-05 14:21:48,244 - __main__ - DEBUG - QR 4, Loss=0.0828889858163563
2020-10-05 14:21:52,394 - __main__ - INFO - innate_buffer=2000, innate_train_len=2000, innate_val_len=2000
2020-10-05 14:21:52,394 - __main__ - INFO - target_state_list=(6000, 25), target_innate_seq=(6000, 5)
2020-10-05 14:21:58,499 - __main__ - INFO - innate_buffer=2000, innate_train_len=2000, innate_val_len=2000
2020-10-05 14:21:58,499 - __main__ - INFO - target_state_list=(6000, 25), target_innate_seq=(6000, 5)
2020-10-05 14:22:04,258 - __main__ - INFO - innate_buffer=2000, innate_train_len=2000, innate_val_len=2000
2020-10-05 14:22:04,258 - __main__ - INFO - target_state_list=(6000, 25), target_innate_seq=(6000, 5)
2020-10-05 14:22:06,539 - __main__ - DEBUG - QR 0, Loss=0.08059236896197973
2020-10-05 14:22:06,539 - __main__ - DEBUG - QR 1, Loss=0.08819150522894252
2020-10-05 14:22:06,540 - __main__ - DEBUG - QR 2, Loss=0.08307917982816487
2020-10-05 14:22:06,540 - __main__ - DEBUG - QR 3, Loss=0.08423083097800033
2020-10-05 14:22:06,540 - __main__ - DEBUG - QR 4, Loss=0.08290162823440182
2020-10-05 14:22:12,318 - __main__ - DEBUG - QR 0, Loss=0.08565866639677787
2020-10-05 14:22:12,318 - __main__ - DEBUG - QR 1, Loss=0.08363604148387661
2020-10-05 14:22:12,318 - __main__ - DEBUG - QR 2, Loss=0.08442039006139201
2020-10-05 14:22:12,318 - __main__ - DEBUG - QR 3, Loss=0.08469652240312825
2020-10-05 14:22:12,319 - __main__ - DEBUG - QR 4, Loss=0.08395397181904066
2020-10-05 14:22:16,755 - __main__ - INFO - innate_buffer=2000, innate_train_len=2000, innate_val_len=2000
2020-10-05 14:22:16,755 - __main__ - INFO - target_state_list=(6000, 25), target_innate_seq=(6000, 5)
2020-10-05 14:22:20,136 - __main__ - DEBUG - QR 0, Loss=0.08059432661571199
2020-10-05 14:22:20,136 - __main__ - DEBUG - QR 1, Loss=0.08641105362368702
2020-10-05 14:22:20,137 - __main__ - DEBUG - QR 2, Loss=0.08308538504307085
2020-10-05 14:22:20,137 - __main__ - DEBUG - QR 3, Loss=0.08420124047974399
2020-10-05 14:22:20,137 - __main__ - DEBUG - QR 4, Loss=0.08292295879668156
2020-10-05 14:22:27,381 - __main__ - DEBUG - QR 0, Loss=0.08548480363024394
2020-10-05 14:22:27,382 - __main__ - DEBUG - QR 1, Loss=0.08364422234226111
2020-10-05 14:22:27,382 - __main__ - DEBUG - QR 2, Loss=0.08405726543125344
2020-10-05 14:22:27,382 - __main__ - DEBUG - QR 3, Loss=0.08477958252978617
2020-10-05 14:22:27,382 - __main__ - DEBUG - QR 4, Loss=0.083418806537107
2020-10-05 14:22:28,871 - __main__ - INFO - innate_buffer=2000, innate_train_len=2000, innate_val_len=2000
2020-10-05 14:22:28,871 - __main__ - INFO - target_state_list=(6000, 25), target_innate_seq=(6000, 5)
2020-10-05 14:22:36,757 - __main__ - INFO - innate_buffer=2000, innate_train_len=2000, innate_val_len=2000
2020-10-05 14:22:36,757 - __main__ - INFO - target_state_list=(6000, 25), target_innate_seq=(6000, 5)
2020-10-05 14:22:41,015 - __main__ - INFO - innate_buffer=2000, innate_train_len=2000, innate_val_len=2000
2020-10-05 14:22:41,015 - __main__ - INFO - target_state_list=(6000, 25), target_innate_seq=(6000, 5)
2020-10-05 14:22:45,013 - __main__ - DEBUG - QR 0, Loss=0.08312296047854557
2020-10-05 14:22:45,013 - __main__ - DEBUG - QR 1, Loss=0.08419977524610485
2020-10-05 14:22:45,013 - __main__ - DEBUG - QR 2, Loss=0.08359530263771857
2020-10-05 14:22:45,013 - __main__ - DEBUG - QR 3, Loss=0.0859003420190838
2020-10-05 14:22:45,014 - __main__ - DEBUG - QR 4, Loss=0.08407971903034668
2020-10-05 14:22:53,401 - __main__ - DEBUG - QR 0, Loss=0.08552284383669477
2020-10-05 14:22:53,401 - __main__ - DEBUG - QR 1, Loss=0.08363263492161813
2020-10-05 14:22:53,402 - __main__ - DEBUG - QR 2, Loss=0.08381095277374778
2020-10-05 14:22:53,402 - __main__ - DEBUG - QR 3, Loss=0.08474315064637077
2020-10-05 14:22:53,402 - __main__ - DEBUG - QR 4, Loss=0.08344448698725895
2020-10-05 14:22:57,873 - __main__ - DEBUG - QR 0, Loss=0.0830900786611172
2020-10-05 14:22:57,873 - __main__ - DEBUG - QR 1, Loss=0.08404886509059703
2020-10-05 14:22:57,874 - __main__ - DEBUG - QR 2, Loss=0.08368612152539066
2020-10-05 14:22:57,874 - __main__ - DEBUG - QR 3, Loss=0.08586736139542128
2020-10-05 14:22:57,874 - __main__ - DEBUG - QR 4, Loss=0.08409131971797983
2020-10-05 14:23:01,787 - __main__ - INFO - innate_buffer=2000, innate_train_len=2000, innate_val_len=2000
2020-10-05 14:23:01,787 - __main__ - INFO - target_state_list=(6000, 25), target_innate_seq=(6000, 5)
2020-10-05 14:23:11,236 - __main__ - INFO - innate_buffer=2000, innate_train_len=2000, innate_val_len=2000
2020-10-05 14:23:11,237 - __main__ - INFO - target_state_list=(6000, 25), target_innate_seq=(6000, 5)
2020-10-05 14:23:12,790 - __main__ - INFO - innate_buffer=2000, innate_train_len=2000, innate_val_len=2000
2020-10-05 14:23:12,791 - __main__ - INFO - target_state_list=(6000, 25), target_innate_seq=(6000, 5)
2020-10-05 14:23:13,150 - __main__ - DEBUG - QR 0, Loss=0.08307278781561378
2020-10-05 14:23:13,150 - __main__ - DEBUG - QR 1, Loss=0.08251618411191297
2020-10-05 14:23:13,150 - __main__ - DEBUG - QR 2, Loss=0.07905435770126104
2020-10-05 14:23:13,150 - __main__ - DEBUG - QR 3, Loss=0.08347212910523023
2020-10-05 14:23:13,150 - __main__ - DEBUG - QR 4, Loss=0.08301155824871631
2020-10-05 14:23:22,794 - __main__ - DEBUG - QR 0, Loss=0.08308155707118405
2020-10-05 14:23:22,795 - __main__ - DEBUG - QR 1, Loss=0.08396813574942144
2020-10-05 14:23:22,795 - __main__ - DEBUG - QR 2, Loss=0.08355819556028068
2020-10-05 14:23:22,795 - __main__ - DEBUG - QR 3, Loss=0.08577541389869202
2020-10-05 14:23:22,795 - __main__ - DEBUG - QR 4, Loss=0.08409212022832185
2020-10-05 14:23:26,043 - __main__ - DEBUG - QR 0, Loss=0.08309698041701254
2020-10-05 14:23:26,043 - __main__ - DEBUG - QR 1, Loss=0.0824859142670334
2020-10-05 14:23:26,043 - __main__ - DEBUG - QR 2, Loss=0.07908111752680054
2020-10-05 14:23:26,044 - __main__ - DEBUG - QR 3, Loss=0.08349349678392852
2020-10-05 14:23:26,044 - __main__ - DEBUG - QR 4, Loss=0.0829736811926291
2020-10-05 14:23:29,878 - __main__ - INFO - innate_buffer=2000, innate_train_len=2000, innate_val_len=2000
2020-10-05 14:23:29,879 - __main__ - INFO - target_state_list=(6000, 25), target_innate_seq=(6000, 5)
2020-10-05 14:23:32,985 - __main__ - INFO - innate_buffer=2000, innate_train_len=2000, innate_val_len=2000
2020-10-05 14:23:32,986 - __main__ - INFO - target_state_list=(6000, 25), target_innate_seq=(6000, 5)
2020-10-05 14:23:40,514 - __main__ - INFO - innate_buffer=2000, innate_train_len=2000, innate_val_len=2000
2020-10-05 14:23:40,514 - __main__ - INFO - target_state_list=(6000, 25), target_innate_seq=(6000, 5)
2020-10-05 14:23:42,878 - __main__ - DEBUG - QR 0, Loss=0.08303966744037374
2020-10-05 14:23:42,879 - __main__ - DEBUG - QR 1, Loss=0.08249667932859069
2020-10-05 14:23:42,879 - __main__ - DEBUG - QR 2, Loss=0.07890095991885693
2020-10-05 14:23:42,879 - __main__ - DEBUG - QR 3, Loss=0.08347496823465161
2020-10-05 14:23:42,879 - __main__ - DEBUG - QR 4, Loss=0.08296199145274143
2020-10-05 14:23:45,947 - __main__ - DEBUG - QR 0, Loss=0.08390511838946112
2020-10-05 14:23:45,947 - __main__ - DEBUG - QR 1, Loss=0.0839134609401564
2020-10-05 14:23:45,947 - __main__ - DEBUG - QR 2, Loss=0.08249960795920162
2020-10-05 14:23:45,947 - __main__ - DEBUG - QR 3, Loss=0.08198748972935974
2020-10-05 14:23:45,947 - __main__ - DEBUG - QR 4, Loss=0.0866246529522622
2020-10-05 14:23:50,311 - __main__ - DEBUG - QR 0, Loss=0.0839795144548388
2020-10-05 14:23:50,312 - __main__ - DEBUG - QR 1, Loss=0.0838536637002965
2020-10-05 14:23:50,312 - __main__ - DEBUG - QR 2, Loss=0.08246734210994949
2020-10-05 14:23:50,312 - __main__ - DEBUG - QR 3, Loss=0.0819745577594473
2020-10-05 14:23:50,312 - __main__ - DEBUG - QR 4, Loss=0.08668094347331368
2020-10-05 14:23:53,055 - __main__ - INFO - innate_buffer=2000, innate_train_len=2000, innate_val_len=2000
2020-10-05 14:23:53,055 - __main__ - INFO - target_state_list=(6000, 25), target_innate_seq=(6000, 5)
2020-10-05 14:24:00,484 - __main__ - INFO - innate_buffer=2000, innate_train_len=2000, innate_val_len=2000
2020-10-05 14:24:00,484 - __main__ - INFO - target_state_list=(6000, 25), target_innate_seq=(6000, 5)
2020-10-05 14:24:02,799 - __main__ - INFO - innate_buffer=2000, innate_train_len=2000, innate_val_len=2000
2020-10-05 14:24:02,800 - __main__ - INFO - target_state_list=(6000, 25), target_innate_seq=(6000, 5)
2020-10-05 14:24:04,894 - __main__ - DEBUG - QR 0, Loss=0.08393228677531966
2020-10-05 14:24:04,894 - __main__ - DEBUG - QR 1, Loss=0.08389108388215198
2020-10-05 14:24:04,894 - __main__ - DEBUG - QR 2, Loss=0.08240197690628552
2020-10-05 14:24:04,895 - __main__ - DEBUG - QR 3, Loss=0.08203027519606636
2020-10-05 14:24:04,895 - __main__ - DEBUG - QR 4, Loss=0.08663881520188156
2020-10-05 14:24:16,386 - __main__ - DEBUG - QR 0, Loss=0.08423042289524693
2020-10-05 14:24:16,386 - __main__ - DEBUG - QR 1, Loss=0.08420495544620804
2020-10-05 14:24:16,386 - __main__ - DEBUG - QR 2, Loss=0.08546265202862273
2020-10-05 14:24:16,386 - __main__ - DEBUG - QR 3, Loss=0.08490326921596746
2020-10-05 14:24:16,386 - __main__ - DEBUG - QR 4, Loss=0.08365217477217812
2020-10-05 14:24:19,554 - __main__ - DEBUG - QR 0, Loss=0.08411926664575926
2020-10-05 14:24:19,554 - __main__ - DEBUG - QR 1, Loss=0.08418280290119619
2020-10-05 14:24:19,554 - __main__ - DEBUG - QR 2, Loss=0.08545821079503918
2020-10-05 14:24:19,554 - __main__ - DEBUG - QR 3, Loss=0.08501753849785462
2020-10-05 14:24:19,555 - __main__ - DEBUG - QR 4, Loss=0.0836327368084219
2020-10-05 14:24:22,413 - __main__ - INFO - innate_buffer=2000, innate_train_len=2000, innate_val_len=2000
2020-10-05 14:24:22,413 - __main__ - INFO - target_state_list=(6000, 25), target_innate_seq=(6000, 5)
2020-10-05 14:24:33,506 - __main__ - INFO - innate_buffer=2000, innate_train_len=2000, innate_val_len=2000
2020-10-05 14:24:33,506 - __main__ - INFO - target_state_list=(6000, 25), target_innate_seq=(6000, 5)
2020-10-05 14:24:36,610 - __main__ - INFO - innate_buffer=2000, innate_train_len=2000, innate_val_len=2000
2020-10-05 14:24:36,611 - __main__ - INFO - target_state_list=(6000, 25), target_innate_seq=(6000, 5)
2020-10-05 14:24:38,743 - __main__ - DEBUG - QR 0, Loss=0.08401960196699461
2020-10-05 14:24:38,744 - __main__ - DEBUG - QR 1, Loss=0.0841622615539272
2020-10-05 14:24:38,744 - __main__ - DEBUG - QR 2, Loss=0.08546012509633372
2020-10-05 14:24:38,744 - __main__ - DEBUG - QR 3, Loss=0.08639104872948641
2020-10-05 14:24:38,744 - __main__ - DEBUG - QR 4, Loss=0.08366728414034529
2020-10-05 14:24:49,209 - __main__ - DEBUG - QR 0, Loss=0.0849226590201202
2020-10-05 14:24:49,209 - __main__ - DEBUG - QR 1, Loss=0.08495911184828547
2020-10-05 14:24:49,209 - __main__ - DEBUG - QR 2, Loss=0.08521673516893
2020-10-05 14:24:49,209 - __main__ - DEBUG - QR 3, Loss=0.08530058132642568
2020-10-05 14:24:49,210 - __main__ - DEBUG - QR 4, Loss=0.08126384579491817
2020-10-05 14:24:49,210 - __main__ - INFO - do_narma=0, Ntrials=10, total loss avg=0.0839693343978972, std=0.000680682801726991
2020-10-05 14:24:51,975 - __main__ - DEBUG - QR 0, Loss=0.08494045495907335
2020-10-05 14:24:51,976 - __main__ - DEBUG - QR 1, Loss=0.08517047713096888
2020-10-05 14:24:51,976 - __main__ - DEBUG - QR 2, Loss=0.08520583085589202
2020-10-05 14:24:51,976 - __main__ - DEBUG - QR 3, Loss=0.08541396716716666
2020-10-05 14:24:51,976 - __main__ - DEBUG - QR 4, Loss=0.08120523623148986
2020-10-05 14:24:51,976 - __main__ - INFO - do_narma=0, Ntrials=10, total loss avg=0.08401586571597225, std=0.0006715743126291685
2020-10-05 14:24:54,351 - __main__ - INFO - innate_buffer=2000, innate_train_len=2000, innate_val_len=2000
2020-10-05 14:24:54,352 - __main__ - INFO - target_state_list=(6000, 25), target_innate_seq=(6000, 5)
2020-10-05 14:25:06,381 - __main__ - DEBUG - QR 0, Loss=0.08491752055988361
2020-10-05 14:25:06,381 - __main__ - DEBUG - QR 1, Loss=0.08492621646660897
2020-10-05 14:25:06,381 - __main__ - DEBUG - QR 2, Loss=0.08520928779521195
2020-10-05 14:25:06,381 - __main__ - DEBUG - QR 3, Loss=0.0853337871133855
2020-10-05 14:25:06,382 - __main__ - DEBUG - QR 4, Loss=0.08121609620127486
2020-10-05 14:25:06,382 - __main__ - INFO - do_narma=0, Ntrials=10, total loss avg=0.08377926540610933, std=0.0006757231133665849
