2020-10-05 12:53:00,897 - __main__ - INFO - n_units=5
2020-10-05 12:53:00,897 - __main__ - INFO - max_energy=1.0
2020-10-05 12:53:00,897 - __main__ - INFO - beta=1e-14
2020-10-05 12:53:00,897 - __main__ - INFO - taudelta=1.0
2020-10-05 12:53:00,897 - __main__ - INFO - V=1
2020-10-05 12:53:00,897 - __main__ - INFO - layers=5
2020-10-05 12:53:00,898 - __main__ - INFO - train_len=2000, val_len=2000, buffer=2000
2020-10-05 12:53:00,898 - __main__ - INFO - alpha=0.5, Ntrials=10
2020-10-05 12:53:00,898 - __main__ - INFO - noise=4e-05, learning rate=10.0,scale_input=0.2
2020-10-05 12:53:00,929 - __main__ - INFO - n_units=5
2020-10-05 12:53:00,930 - __main__ - INFO - max_energy=1.0
2020-10-05 12:53:00,930 - __main__ - INFO - beta=1e-14
2020-10-05 12:53:00,930 - __main__ - INFO - taudelta=2.0
2020-10-05 12:53:00,930 - __main__ - INFO - V=1
2020-10-05 12:53:00,930 - __main__ - INFO - layers=5
2020-10-05 12:53:00,930 - __main__ - INFO - train_len=2000, val_len=2000, buffer=2000
2020-10-05 12:53:00,930 - __main__ - INFO - alpha=0.5, Ntrials=10
2020-10-05 12:53:00,930 - __main__ - INFO - noise=4e-05, learning rate=10.0,scale_input=0.2
2020-10-05 12:53:00,984 - __main__ - INFO - n_units=5
2020-10-05 12:53:00,984 - __main__ - INFO - max_energy=1.0
2020-10-05 12:53:00,984 - __main__ - INFO - beta=1e-14
2020-10-05 12:53:00,984 - __main__ - INFO - taudelta=4.0
2020-10-05 12:53:00,984 - __main__ - INFO - V=1
2020-10-05 12:53:00,985 - __main__ - INFO - layers=5
2020-10-05 12:53:00,985 - __main__ - INFO - train_len=2000, val_len=2000, buffer=2000
2020-10-05 12:53:00,985 - __main__ - INFO - alpha=0.5, Ntrials=10
2020-10-05 12:53:00,985 - __main__ - INFO - noise=4e-05, learning rate=10.0,scale_input=0.2
2020-10-05 12:53:17,346 - __main__ - INFO - innate_buffer=2000, innate_train_len=2000, innate_val_len=2000
2020-10-05 12:53:17,347 - __main__ - INFO - target_state_list=(6000, 25), target_innate_seq=(6000, 5)
2020-10-05 12:53:17,387 - __main__ - INFO - innate_buffer=2000, innate_train_len=2000, innate_val_len=2000
2020-10-05 12:53:17,387 - __main__ - INFO - target_state_list=(6000, 25), target_innate_seq=(6000, 5)
2020-10-05 12:53:17,960 - __main__ - INFO - innate_buffer=2000, innate_train_len=2000, innate_val_len=2000
2020-10-05 12:53:17,960 - __main__ - INFO - target_state_list=(6000, 25), target_innate_seq=(6000, 5)
2020-10-05 12:58:10,657 - __main__ - DEBUG - QR 0, Loss=0.00730219354177179
2020-10-05 12:58:10,657 - __main__ - DEBUG - QR 1, Loss=0.006525949945233851
2020-10-05 12:58:10,657 - __main__ - DEBUG - QR 2, Loss=0.006374721745262211
2020-10-05 12:58:10,657 - __main__ - DEBUG - QR 3, Loss=0.007615905218755883
2020-10-05 12:58:10,657 - __main__ - DEBUG - QR 4, Loss=0.006523338269707243
2020-10-05 12:58:27,329 - __main__ - INFO - innate_buffer=2000, innate_train_len=2000, innate_val_len=2000
2020-10-05 12:58:27,329 - __main__ - INFO - target_state_list=(6000, 25), target_innate_seq=(6000, 5)
2020-10-05 12:58:50,742 - __main__ - DEBUG - QR 0, Loss=0.07474690230584424
2020-10-05 12:58:50,743 - __main__ - DEBUG - QR 1, Loss=0.00638402177781634
2020-10-05 12:58:50,743 - __main__ - DEBUG - QR 2, Loss=0.0063458554749964025
2020-10-05 12:58:50,743 - __main__ - DEBUG - QR 3, Loss=0.00748920028171665
2020-10-05 12:58:50,743 - __main__ - DEBUG - QR 4, Loss=0.0064005277095910045
2020-10-05 12:58:54,697 - __main__ - DEBUG - QR 0, Loss=0.006714767229578434
2020-10-05 12:58:54,698 - __main__ - DEBUG - QR 1, Loss=0.00654948689483353
2020-10-05 12:58:54,698 - __main__ - DEBUG - QR 2, Loss=0.006411583457352439
2020-10-05 12:58:54,698 - __main__ - DEBUG - QR 3, Loss=0.007506015609217629
2020-10-05 12:58:54,698 - __main__ - DEBUG - QR 4, Loss=0.006319014485399393
2020-10-05 12:59:07,956 - __main__ - INFO - innate_buffer=2000, innate_train_len=2000, innate_val_len=2000
2020-10-05 12:59:07,957 - __main__ - INFO - target_state_list=(6000, 25), target_innate_seq=(6000, 5)
2020-10-05 12:59:11,880 - __main__ - INFO - innate_buffer=2000, innate_train_len=2000, innate_val_len=2000
2020-10-05 12:59:11,880 - __main__ - INFO - target_state_list=(6000, 25), target_innate_seq=(6000, 5)
2020-10-05 13:03:45,449 - __main__ - DEBUG - QR 0, Loss=0.010841262112758812
2020-10-05 13:03:45,450 - __main__ - DEBUG - QR 1, Loss=0.006340279062711425
2020-10-05 13:03:45,450 - __main__ - DEBUG - QR 2, Loss=0.006956326276459335
2020-10-05 13:03:45,450 - __main__ - DEBUG - QR 3, Loss=0.0063845432393552694
2020-10-05 13:03:45,450 - __main__ - DEBUG - QR 4, Loss=0.006725872551561173
2020-10-05 13:04:02,976 - __main__ - INFO - innate_buffer=2000, innate_train_len=2000, innate_val_len=2000
2020-10-05 13:04:02,976 - __main__ - INFO - target_state_list=(6000, 25), target_innate_seq=(6000, 5)
2020-10-05 13:04:23,702 - __main__ - DEBUG - QR 0, Loss=0.006596925106873154
2020-10-05 13:04:23,702 - __main__ - DEBUG - QR 1, Loss=0.006126370075533976
2020-10-05 13:04:23,702 - __main__ - DEBUG - QR 2, Loss=0.006897819732218226
2020-10-05 13:04:23,702 - __main__ - DEBUG - QR 3, Loss=0.007480113891815575
2020-10-05 13:04:23,702 - __main__ - DEBUG - QR 4, Loss=0.006762648671519357
2020-10-05 13:04:23,718 - __main__ - DEBUG - QR 0, Loss=0.00619318453850588
2020-10-05 13:04:23,718 - __main__ - DEBUG - QR 1, Loss=0.0061266300970380366
2020-10-05 13:04:23,718 - __main__ - DEBUG - QR 2, Loss=0.006511443822421809
2020-10-05 13:04:23,718 - __main__ - DEBUG - QR 3, Loss=0.0062946234680468565
2020-10-05 13:04:23,718 - __main__ - DEBUG - QR 4, Loss=0.006758154771231339
2020-10-05 13:04:36,455 - __main__ - INFO - innate_buffer=2000, innate_train_len=2000, innate_val_len=2000
2020-10-05 13:04:36,455 - __main__ - INFO - target_state_list=(6000, 25), target_innate_seq=(6000, 5)
2020-10-05 13:04:40,167 - __main__ - INFO - innate_buffer=2000, innate_train_len=2000, innate_val_len=2000
2020-10-05 13:04:40,167 - __main__ - INFO - target_state_list=(6000, 25), target_innate_seq=(6000, 5)
2020-10-05 13:09:32,576 - __main__ - DEBUG - QR 0, Loss=0.00749602129768156
2020-10-05 13:09:32,576 - __main__ - DEBUG - QR 1, Loss=0.006185017635226557
2020-10-05 13:09:32,576 - __main__ - DEBUG - QR 2, Loss=0.006770409012206113
2020-10-05 13:09:32,576 - __main__ - DEBUG - QR 3, Loss=0.0062634171991584175
2020-10-05 13:09:32,576 - __main__ - DEBUG - QR 4, Loss=0.006547232248595945
2020-10-05 13:09:33,220 - __main__ - DEBUG - QR 0, Loss=0.007698992709572156
2020-10-05 13:09:33,221 - __main__ - DEBUG - QR 1, Loss=0.006238827606683382
2020-10-05 13:09:33,221 - __main__ - DEBUG - QR 2, Loss=0.006693818627499344
2020-10-05 13:09:33,221 - __main__ - DEBUG - QR 3, Loss=0.007344530628040011
2020-10-05 13:09:33,221 - __main__ - DEBUG - QR 4, Loss=0.006604038045021554
2020-10-05 13:09:47,992 - __main__ - INFO - innate_buffer=2000, innate_train_len=2000, innate_val_len=2000
2020-10-05 13:09:47,992 - __main__ - INFO - target_state_list=(6000, 25), target_innate_seq=(6000, 5)
2020-10-05 13:09:50,221 - __main__ - INFO - innate_buffer=2000, innate_train_len=2000, innate_val_len=2000
2020-10-05 13:09:50,222 - __main__ - INFO - target_state_list=(6000, 25), target_innate_seq=(6000, 5)
2020-10-05 13:09:57,922 - __main__ - DEBUG - QR 0, Loss=0.007650167901929112
2020-10-05 13:09:57,922 - __main__ - DEBUG - QR 1, Loss=0.006183603341395685
2020-10-05 13:09:57,922 - __main__ - DEBUG - QR 2, Loss=0.006672367345380444
2020-10-05 13:09:57,923 - __main__ - DEBUG - QR 3, Loss=0.007007859087820675
2020-10-05 13:09:57,923 - __main__ - DEBUG - QR 4, Loss=0.006537960595962841
2020-10-05 13:10:14,331 - __main__ - INFO - innate_buffer=2000, innate_train_len=2000, innate_val_len=2000
2020-10-05 13:10:14,331 - __main__ - INFO - target_state_list=(6000, 25), target_innate_seq=(6000, 5)
2020-10-05 13:14:57,169 - __main__ - DEBUG - QR 0, Loss=0.006318765188575268
2020-10-05 13:14:57,169 - __main__ - DEBUG - QR 1, Loss=0.007180156086396849
2020-10-05 13:14:57,169 - __main__ - DEBUG - QR 2, Loss=0.008863303767678037
2020-10-05 13:14:57,169 - __main__ - DEBUG - QR 3, Loss=0.006832156021614569
2020-10-05 13:14:57,170 - __main__ - DEBUG - QR 4, Loss=0.006304901073036918
2020-10-05 13:15:12,278 - __main__ - INFO - innate_buffer=2000, innate_train_len=2000, innate_val_len=2000
2020-10-05 13:15:12,278 - __main__ - INFO - target_state_list=(6000, 25), target_innate_seq=(6000, 5)
2020-10-05 13:15:29,120 - __main__ - DEBUG - QR 0, Loss=0.006318684244409506
2020-10-05 13:15:29,120 - __main__ - DEBUG - QR 1, Loss=0.006994539629651692
2020-10-05 13:15:29,121 - __main__ - DEBUG - QR 2, Loss=0.008688808298281614
2020-10-05 13:15:29,121 - __main__ - DEBUG - QR 3, Loss=0.007085563677963819
2020-10-05 13:15:29,121 - __main__ - DEBUG - QR 4, Loss=0.0062408987067402045
2020-10-05 13:15:46,143 - __main__ - INFO - innate_buffer=2000, innate_train_len=2000, innate_val_len=2000
2020-10-05 13:15:46,144 - __main__ - INFO - target_state_list=(6000, 25), target_innate_seq=(6000, 5)
2020-10-05 13:15:46,859 - __main__ - DEBUG - QR 0, Loss=0.006318505675127585
2020-10-05 13:15:46,860 - __main__ - DEBUG - QR 1, Loss=0.0076589097621997376
2020-10-05 13:15:46,861 - __main__ - DEBUG - QR 2, Loss=0.0072142899358319775
2020-10-05 13:15:46,861 - __main__ - DEBUG - QR 3, Loss=0.006564085785457349
2020-10-05 13:15:46,861 - __main__ - DEBUG - QR 4, Loss=0.006484781803021384
2020-10-05 13:16:03,918 - __main__ - INFO - innate_buffer=2000, innate_train_len=2000, innate_val_len=2000
2020-10-05 13:16:03,919 - __main__ - INFO - target_state_list=(6000, 25), target_innate_seq=(6000, 5)
2020-10-05 13:20:23,190 - __main__ - DEBUG - QR 0, Loss=0.006397416610724975
2020-10-05 13:20:23,191 - __main__ - DEBUG - QR 1, Loss=0.0062971847348258815
2020-10-05 13:20:23,191 - __main__ - DEBUG - QR 2, Loss=0.007843978326087596
2020-10-05 13:20:23,191 - __main__ - DEBUG - QR 3, Loss=0.006763916269492586
2020-10-05 13:20:23,191 - __main__ - DEBUG - QR 4, Loss=0.006273676021193997
2020-10-05 13:20:38,470 - __main__ - INFO - innate_buffer=2000, innate_train_len=2000, innate_val_len=2000
2020-10-05 13:20:38,470 - __main__ - INFO - target_state_list=(6000, 25), target_innate_seq=(6000, 5)
2020-10-05 13:21:25,925 - __main__ - DEBUG - QR 0, Loss=0.006917493308476938
2020-10-05 13:21:25,925 - __main__ - DEBUG - QR 1, Loss=0.006316059605309953
2020-10-05 13:21:25,926 - __main__ - DEBUG - QR 2, Loss=0.008351166303174685
2020-10-05 13:21:25,926 - __main__ - DEBUG - QR 3, Loss=0.006460966764361692
2020-10-05 13:21:25,926 - __main__ - DEBUG - QR 4, Loss=0.006692793792106239
2020-10-05 13:21:42,637 - __main__ - INFO - innate_buffer=2000, innate_train_len=2000, innate_val_len=2000
2020-10-05 13:21:42,638 - __main__ - INFO - target_state_list=(6000, 25), target_innate_seq=(6000, 5)
2020-10-05 13:21:44,218 - __main__ - DEBUG - QR 0, Loss=0.006370964837677815
2020-10-05 13:21:44,219 - __main__ - DEBUG - QR 1, Loss=0.00630433714024042
2020-10-05 13:21:44,219 - __main__ - DEBUG - QR 2, Loss=0.006825751694715963
2020-10-05 13:21:44,219 - __main__ - DEBUG - QR 3, Loss=0.006691866173696596
2020-10-05 13:21:44,219 - __main__ - DEBUG - QR 4, Loss=0.006268371425604065
2020-10-05 13:22:01,375 - __main__ - INFO - innate_buffer=2000, innate_train_len=2000, innate_val_len=2000
2020-10-05 13:22:01,375 - __main__ - INFO - target_state_list=(6000, 25), target_innate_seq=(6000, 5)
2020-10-05 13:25:12,734 - __main__ - DEBUG - QR 0, Loss=0.0063972214900434535
2020-10-05 13:25:12,734 - __main__ - DEBUG - QR 1, Loss=0.006396995735079943
2020-10-05 13:25:12,734 - __main__ - DEBUG - QR 2, Loss=0.006344882087566381
2020-10-05 13:25:12,734 - __main__ - DEBUG - QR 3, Loss=0.006402078519622167
2020-10-05 13:25:12,734 - __main__ - DEBUG - QR 4, Loss=0.007276888916046274
2020-10-05 13:25:27,185 - __main__ - INFO - innate_buffer=2000, innate_train_len=2000, innate_val_len=2000
2020-10-05 13:25:27,185 - __main__ - INFO - target_state_list=(6000, 25), target_innate_seq=(6000, 5)
2020-10-05 13:26:24,244 - __main__ - DEBUG - QR 0, Loss=0.0064009880372261005
2020-10-05 13:26:24,245 - __main__ - DEBUG - QR 1, Loss=0.006402850289810502
2020-10-05 13:26:24,245 - __main__ - DEBUG - QR 2, Loss=0.00627441081274629
2020-10-05 13:26:24,245 - __main__ - DEBUG - QR 3, Loss=0.006483573640608071
2020-10-05 13:26:24,245 - __main__ - DEBUG - QR 4, Loss=0.0064204338758270555
2020-10-05 13:26:41,765 - __main__ - INFO - innate_buffer=2000, innate_train_len=2000, innate_val_len=2000
2020-10-05 13:26:41,766 - __main__ - INFO - target_state_list=(6000, 25), target_innate_seq=(6000, 5)
2020-10-05 13:27:41,541 - __main__ - DEBUG - QR 0, Loss=0.006416253277813457
2020-10-05 13:27:41,541 - __main__ - DEBUG - QR 1, Loss=0.006463764072363976
2020-10-05 13:27:41,542 - __main__ - DEBUG - QR 2, Loss=0.006192120070373439
2020-10-05 13:27:41,542 - __main__ - DEBUG - QR 3, Loss=0.006547327135627522
2020-10-05 13:27:41,542 - __main__ - DEBUG - QR 4, Loss=0.007301089222035243
2020-10-05 13:27:58,351 - __main__ - INFO - innate_buffer=2000, innate_train_len=2000, innate_val_len=2000
2020-10-05 13:27:58,351 - __main__ - INFO - target_state_list=(6000, 25), target_innate_seq=(6000, 5)
2020-10-05 13:30:31,635 - __main__ - DEBUG - QR 0, Loss=0.006526951966941619
2020-10-05 13:30:31,635 - __main__ - DEBUG - QR 1, Loss=0.006648571915945413
2020-10-05 13:30:31,636 - __main__ - DEBUG - QR 2, Loss=0.006795949936922894
2020-10-05 13:30:31,636 - __main__ - DEBUG - QR 3, Loss=0.006159518964157906
2020-10-05 13:30:31,636 - __main__ - DEBUG - QR 4, Loss=0.006541040361951489
2020-10-05 13:30:47,205 - __main__ - INFO - innate_buffer=2000, innate_train_len=2000, innate_val_len=2000
2020-10-05 13:30:47,205 - __main__ - INFO - target_state_list=(6000, 25), target_innate_seq=(6000, 5)
2020-10-05 13:31:49,173 - __main__ - DEBUG - QR 0, Loss=0.0065205241203632166
2020-10-05 13:31:49,173 - __main__ - DEBUG - QR 1, Loss=0.006809475943507033
2020-10-05 13:31:49,173 - __main__ - DEBUG - QR 2, Loss=0.006795653873379878
2020-10-05 13:31:49,174 - __main__ - DEBUG - QR 3, Loss=0.006646913045252386
2020-10-05 13:31:49,174 - __main__ - DEBUG - QR 4, Loss=0.006720810261287185
2020-10-05 13:32:06,697 - __main__ - INFO - innate_buffer=2000, innate_train_len=2000, innate_val_len=2000
2020-10-05 13:32:06,698 - __main__ - INFO - target_state_list=(6000, 25), target_innate_seq=(6000, 5)
2020-10-05 13:33:39,688 - __main__ - DEBUG - QR 0, Loss=0.006580084352087396
2020-10-05 13:33:39,688 - __main__ - DEBUG - QR 1, Loss=0.007546086342168384
2020-10-05 13:33:39,688 - __main__ - DEBUG - QR 2, Loss=0.006504604442870021
2020-10-05 13:33:39,688 - __main__ - DEBUG - QR 3, Loss=0.006275078006048155
2020-10-05 13:33:39,688 - __main__ - DEBUG - QR 4, Loss=0.006625146420596955
2020-10-05 13:33:56,824 - __main__ - INFO - innate_buffer=2000, innate_train_len=2000, innate_val_len=2000
2020-10-05 13:33:56,825 - __main__ - INFO - target_state_list=(6000, 25), target_innate_seq=(6000, 5)
2020-10-05 13:35:48,459 - __main__ - DEBUG - QR 0, Loss=0.006484833911088655
2020-10-05 13:35:48,460 - __main__ - DEBUG - QR 1, Loss=0.006235970813980207
2020-10-05 13:35:48,460 - __main__ - DEBUG - QR 2, Loss=0.0066182994579624
2020-10-05 13:35:48,460 - __main__ - DEBUG - QR 3, Loss=0.006215561353934052
2020-10-05 13:35:48,460 - __main__ - DEBUG - QR 4, Loss=0.006518066269404482
2020-10-05 13:36:04,582 - __main__ - INFO - innate_buffer=2000, innate_train_len=2000, innate_val_len=2000
2020-10-05 13:36:04,582 - __main__ - INFO - target_state_list=(6000, 25), target_innate_seq=(6000, 5)
2020-10-05 13:37:17,852 - __main__ - DEBUG - QR 0, Loss=0.0064311388004651745
2020-10-05 13:37:17,853 - __main__ - DEBUG - QR 1, Loss=0.006556340881711152
2020-10-05 13:37:17,853 - __main__ - DEBUG - QR 2, Loss=0.006632460848270912
2020-10-05 13:37:17,853 - __main__ - DEBUG - QR 3, Loss=0.006206050658591926
2020-10-05 13:37:17,853 - __main__ - DEBUG - QR 4, Loss=0.0064904442505903095
2020-10-05 13:37:34,960 - __main__ - INFO - innate_buffer=2000, innate_train_len=2000, innate_val_len=2000
2020-10-05 13:37:34,961 - __main__ - INFO - target_state_list=(6000, 25), target_innate_seq=(6000, 5)
2020-10-05 13:39:19,096 - __main__ - DEBUG - QR 0, Loss=0.006445999936359331
2020-10-05 13:39:19,096 - __main__ - DEBUG - QR 1, Loss=0.006858590607483596
2020-10-05 13:39:19,097 - __main__ - DEBUG - QR 2, Loss=0.006421648903554284
2020-10-05 13:39:19,097 - __main__ - DEBUG - QR 3, Loss=0.006207752381964614
2020-10-05 13:39:19,097 - __main__ - DEBUG - QR 4, Loss=0.006279085924730016
2020-10-05 13:39:35,991 - __main__ - INFO - innate_buffer=2000, innate_train_len=2000, innate_val_len=2000
2020-10-05 13:39:35,991 - __main__ - INFO - target_state_list=(6000, 25), target_innate_seq=(6000, 5)
2020-10-05 13:41:07,549 - __main__ - DEBUG - QR 0, Loss=0.0067510382368784995
2020-10-05 13:41:07,549 - __main__ - DEBUG - QR 1, Loss=0.006938035983487549
2020-10-05 13:41:07,549 - __main__ - DEBUG - QR 2, Loss=0.0064092624285660435
2020-10-05 13:41:07,550 - __main__ - DEBUG - QR 3, Loss=0.006535700746997791
2020-10-05 13:41:07,550 - __main__ - DEBUG - QR 4, Loss=0.006492692821776924
2020-10-05 13:41:22,416 - __main__ - INFO - innate_buffer=2000, innate_train_len=2000, innate_val_len=2000
2020-10-05 13:41:22,416 - __main__ - INFO - target_state_list=(6000, 25), target_innate_seq=(6000, 5)
2020-10-05 13:42:05,762 - __main__ - DEBUG - QR 0, Loss=0.006635849820760242
2020-10-05 13:42:05,763 - __main__ - DEBUG - QR 1, Loss=0.006894026017182283
2020-10-05 13:42:05,763 - __main__ - DEBUG - QR 2, Loss=0.00640764032382326
2020-10-05 13:42:05,763 - __main__ - DEBUG - QR 3, Loss=0.006880775007602201
2020-10-05 13:42:05,763 - __main__ - DEBUG - QR 4, Loss=0.006505282253208982
2020-10-05 13:42:23,007 - __main__ - INFO - innate_buffer=2000, innate_train_len=2000, innate_val_len=2000
2020-10-05 13:42:23,008 - __main__ - INFO - target_state_list=(6000, 25), target_innate_seq=(6000, 5)
2020-10-05 13:45:11,705 - __main__ - DEBUG - QR 0, Loss=0.006414420852231303
2020-10-05 13:45:11,705 - __main__ - DEBUG - QR 1, Loss=0.006442237946413356
2020-10-05 13:45:11,705 - __main__ - DEBUG - QR 2, Loss=0.006411240784754691
2020-10-05 13:45:11,705 - __main__ - DEBUG - QR 3, Loss=0.007563382405702961
2020-10-05 13:45:11,705 - __main__ - DEBUG - QR 4, Loss=0.006478330164307391
2020-10-05 13:45:26,236 - __main__ - INFO - innate_buffer=2000, innate_train_len=2000, innate_val_len=2000
2020-10-05 13:45:26,236 - __main__ - INFO - target_state_list=(6000, 25), target_innate_seq=(6000, 5)
2020-10-05 13:45:45,850 - __main__ - DEBUG - QR 0, Loss=0.00618797260688858
2020-10-05 13:45:45,850 - __main__ - DEBUG - QR 1, Loss=0.006549716773610306
2020-10-05 13:45:45,850 - __main__ - DEBUG - QR 2, Loss=0.0061989888532600155
2020-10-05 13:45:45,850 - __main__ - DEBUG - QR 3, Loss=0.006269590744153895
2020-10-05 13:45:45,850 - __main__ - DEBUG - QR 4, Loss=0.006278430445921305
2020-10-05 13:45:45,851 - __main__ - INFO - do_narma=0, Ntrials=10, total loss avg=0.00795524714163784, std=0.004111452682432813
2020-10-05 13:46:48,745 - __main__ - DEBUG - QR 0, Loss=0.006271883562883435
2020-10-05 13:46:48,745 - __main__ - DEBUG - QR 1, Loss=0.00654142326079124
2020-10-05 13:46:48,745 - __main__ - DEBUG - QR 2, Loss=0.006536683049252406
2020-10-05 13:46:48,746 - __main__ - DEBUG - QR 3, Loss=0.006430014243900624
2020-10-05 13:46:48,746 - __main__ - DEBUG - QR 4, Loss=0.006150444533113316
2020-10-05 13:46:48,746 - __main__ - INFO - do_narma=0, Ntrials=10, total loss avg=0.006785673306460499, std=0.00031728157879516093
2020-10-05 13:48:09,166 - __main__ - DEBUG - QR 0, Loss=0.006188704698192904
2020-10-05 13:48:09,166 - __main__ - DEBUG - QR 1, Loss=0.006546909968378567
2020-10-05 13:48:09,166 - __main__ - DEBUG - QR 2, Loss=0.006229181697697572
2020-10-05 13:48:09,166 - __main__ - DEBUG - QR 3, Loss=0.006391905133712463
2020-10-05 13:48:09,166 - __main__ - DEBUG - QR 4, Loss=0.010165260301644824
2020-10-05 13:48:09,167 - __main__ - INFO - do_narma=0, Ntrials=10, total loss avg=0.006712295454190316, std=0.00018048933382797474
