2020-10-05 12:53:00,888 - __main__ - INFO - n_units=5
2020-10-05 12:53:00,888 - __main__ - INFO - max_energy=1.0
2020-10-05 12:53:00,888 - __main__ - INFO - beta=1e-14
2020-10-05 12:53:00,889 - __main__ - INFO - taudelta=1.0
2020-10-05 12:53:00,889 - __main__ - INFO - V=1
2020-10-05 12:53:00,889 - __main__ - INFO - layers=5
2020-10-05 12:53:00,889 - __main__ - INFO - train_len=2000, val_len=2000, buffer=2000
2020-10-05 12:53:00,889 - __main__ - INFO - alpha=0.5, Ntrials=10
2020-10-05 12:53:00,889 - __main__ - INFO - noise=2e-06, learning rate=10.0,scale_input=0.2
2020-10-05 12:53:00,919 - __main__ - INFO - n_units=5
2020-10-05 12:53:00,919 - __main__ - INFO - max_energy=1.0
2020-10-05 12:53:00,919 - __main__ - INFO - beta=1e-14
2020-10-05 12:53:00,920 - __main__ - INFO - taudelta=2.0
2020-10-05 12:53:00,920 - __main__ - INFO - V=1
2020-10-05 12:53:00,920 - __main__ - INFO - layers=5
2020-10-05 12:53:00,920 - __main__ - INFO - train_len=2000, val_len=2000, buffer=2000
2020-10-05 12:53:00,920 - __main__ - INFO - alpha=0.5, Ntrials=10
2020-10-05 12:53:00,920 - __main__ - INFO - noise=2e-06, learning rate=10.0,scale_input=0.2
2020-10-05 12:53:00,965 - __main__ - INFO - n_units=5
2020-10-05 12:53:00,966 - __main__ - INFO - max_energy=1.0
2020-10-05 12:53:00,966 - __main__ - INFO - beta=1e-14
2020-10-05 12:53:00,966 - __main__ - INFO - taudelta=4.0
2020-10-05 12:53:00,966 - __main__ - INFO - V=1
2020-10-05 12:53:00,966 - __main__ - INFO - layers=5
2020-10-05 12:53:00,966 - __main__ - INFO - train_len=2000, val_len=2000, buffer=2000
2020-10-05 12:53:00,966 - __main__ - INFO - alpha=0.5, Ntrials=10
2020-10-05 12:53:00,966 - __main__ - INFO - noise=2e-06, learning rate=10.0,scale_input=0.2
2020-10-05 12:53:16,315 - __main__ - INFO - innate_buffer=2000, innate_train_len=2000, innate_val_len=2000
2020-10-05 12:53:16,315 - __main__ - INFO - target_state_list=(6000, 25), target_innate_seq=(6000, 5)
2020-10-05 12:53:17,365 - __main__ - INFO - innate_buffer=2000, innate_train_len=2000, innate_val_len=2000
2020-10-05 12:53:17,365 - __main__ - INFO - target_state_list=(6000, 25), target_innate_seq=(6000, 5)
2020-10-05 12:53:17,400 - __main__ - INFO - innate_buffer=2000, innate_train_len=2000, innate_val_len=2000
2020-10-05 12:53:17,400 - __main__ - INFO - target_state_list=(6000, 25), target_innate_seq=(6000, 5)
2020-10-05 12:58:06,042 - __main__ - DEBUG - QR 0, Loss=0.07872438331798783
2020-10-05 12:58:06,042 - __main__ - DEBUG - QR 1, Loss=0.0014329785741134706
2020-10-05 12:58:06,042 - __main__ - DEBUG - QR 2, Loss=0.0016303680897732755
2020-10-05 12:58:06,042 - __main__ - DEBUG - QR 3, Loss=0.004307009947220048
2020-10-05 12:58:06,043 - __main__ - DEBUG - QR 4, Loss=0.001928206489495216
2020-10-05 12:58:21,804 - __main__ - INFO - innate_buffer=2000, innate_train_len=2000, innate_val_len=2000
2020-10-05 12:58:21,805 - __main__ - INFO - target_state_list=(6000, 25), target_innate_seq=(6000, 5)
2020-10-05 12:58:40,731 - __main__ - DEBUG - QR 0, Loss=0.004071026788182103
2020-10-05 12:58:40,731 - __main__ - DEBUG - QR 1, Loss=0.001977476577071563
2020-10-05 12:58:40,732 - __main__ - DEBUG - QR 2, Loss=0.0017858699102127286
2020-10-05 12:58:40,732 - __main__ - DEBUG - QR 3, Loss=0.004695064000654223
2020-10-05 12:58:40,732 - __main__ - DEBUG - QR 4, Loss=0.002367276530395024
2020-10-05 12:58:51,049 - __main__ - DEBUG - QR 0, Loss=0.0027095153243791707
2020-10-05 12:58:51,050 - __main__ - DEBUG - QR 1, Loss=0.002052507684688114
2020-10-05 12:58:51,119 - __main__ - DEBUG - QR 2, Loss=0.0019515712857608107
2020-10-05 12:58:51,119 - __main__ - DEBUG - QR 3, Loss=0.004454296447170893
2020-10-05 12:58:51,119 - __main__ - DEBUG - QR 4, Loss=0.0014340330091622896
2020-10-05 12:58:51,182 - __main__ - INFO - innate_buffer=2000, innate_train_len=2000, innate_val_len=2000
2020-10-05 12:58:51,182 - __main__ - INFO - target_state_list=(6000, 25), target_innate_seq=(6000, 5)
2020-10-05 12:59:08,120 - __main__ - INFO - innate_buffer=2000, innate_train_len=2000, innate_val_len=2000
2020-10-05 12:59:08,121 - __main__ - INFO - target_state_list=(6000, 25), target_innate_seq=(6000, 5)
2020-10-05 13:02:53,348 - __main__ - DEBUG - QR 0, Loss=0.009467135564059136
2020-10-05 13:02:53,348 - __main__ - DEBUG - QR 1, Loss=0.0023005954069349193
2020-10-05 13:02:53,349 - __main__ - DEBUG - QR 2, Loss=0.0030852463468711805
2020-10-05 13:02:53,349 - __main__ - DEBUG - QR 3, Loss=0.0017389977677964672
2020-10-05 13:02:53,349 - __main__ - DEBUG - QR 4, Loss=0.0026593898940019366
2020-10-05 13:03:10,668 - __main__ - INFO - innate_buffer=2000, innate_train_len=2000, innate_val_len=2000
2020-10-05 13:03:10,669 - __main__ - INFO - target_state_list=(6000, 25), target_innate_seq=(6000, 5)
2020-10-05 13:03:22,639 - __main__ - DEBUG - QR 0, Loss=0.001427375515864261
2020-10-05 13:03:22,640 - __main__ - DEBUG - QR 1, Loss=0.001480590489498209
2020-10-05 13:03:22,640 - __main__ - DEBUG - QR 2, Loss=0.0020026311750982045
2020-10-05 13:03:22,640 - __main__ - DEBUG - QR 3, Loss=0.0014126495622473173
2020-10-05 13:03:22,640 - __main__ - DEBUG - QR 4, Loss=0.002748670875366304
2020-10-05 13:03:34,116 - __main__ - INFO - innate_buffer=2000, innate_train_len=2000, innate_val_len=2000
2020-10-05 13:03:34,117 - __main__ - INFO - target_state_list=(6000, 25), target_innate_seq=(6000, 5)
2020-10-05 13:04:43,367 - __main__ - DEBUG - QR 0, Loss=0.0026091936661375294
2020-10-05 13:04:43,367 - __main__ - DEBUG - QR 1, Loss=0.0014894264934407402
2020-10-05 13:04:43,367 - __main__ - DEBUG - QR 2, Loss=0.002974788506812013
2020-10-05 13:04:43,367 - __main__ - DEBUG - QR 3, Loss=0.004109976079286467
2020-10-05 13:04:43,368 - __main__ - DEBUG - QR 4, Loss=0.002757023850407624
2020-10-05 13:05:00,741 - __main__ - INFO - innate_buffer=2000, innate_train_len=2000, innate_val_len=2000
2020-10-05 13:05:00,741 - __main__ - INFO - target_state_list=(6000, 25), target_innate_seq=(6000, 5)
2020-10-05 13:07:51,267 - __main__ - DEBUG - QR 0, Loss=0.004083833075245747
2020-10-05 13:07:51,267 - __main__ - DEBUG - QR 1, Loss=0.0016902854366504048
2020-10-05 13:07:51,268 - __main__ - DEBUG - QR 2, Loss=0.002756866725034732
2020-10-05 13:07:51,268 - __main__ - DEBUG - QR 3, Loss=0.006053831749053818
2020-10-05 13:07:51,268 - __main__ - DEBUG - QR 4, Loss=0.002235530227920897
2020-10-05 13:08:08,843 - __main__ - INFO - innate_buffer=2000, innate_train_len=2000, innate_val_len=2000
2020-10-05 13:08:08,844 - __main__ - INFO - target_state_list=(6000, 25), target_innate_seq=(6000, 5)
2020-10-05 13:08:51,233 - __main__ - DEBUG - QR 0, Loss=0.003796920560971842
2020-10-05 13:08:51,234 - __main__ - DEBUG - QR 1, Loss=0.0013876420627188235
2020-10-05 13:08:51,234 - __main__ - DEBUG - QR 2, Loss=0.0029109316516687865
2020-10-05 13:08:51,234 - __main__ - DEBUG - QR 3, Loss=0.001400491247892316
2020-10-05 13:08:51,234 - __main__ - DEBUG - QR 4, Loss=0.002034314019322032
2020-10-05 13:09:08,302 - __main__ - INFO - innate_buffer=2000, innate_train_len=2000, innate_val_len=2000
2020-10-05 13:09:08,302 - __main__ - INFO - target_state_list=(6000, 25), target_innate_seq=(6000, 5)
2020-10-05 13:10:18,103 - __main__ - DEBUG - QR 0, Loss=0.003995598500707602
2020-10-05 13:10:18,103 - __main__ - DEBUG - QR 1, Loss=0.0013878163983581703
2020-10-05 13:10:18,104 - __main__ - DEBUG - QR 2, Loss=0.002331767651574443
2020-10-05 13:10:18,104 - __main__ - DEBUG - QR 3, Loss=0.004334962639061163
2020-10-05 13:10:18,104 - __main__ - DEBUG - QR 4, Loss=0.0020101785640953018
2020-10-05 13:10:35,435 - __main__ - INFO - innate_buffer=2000, innate_train_len=2000, innate_val_len=2000
2020-10-05 13:10:35,435 - __main__ - INFO - target_state_list=(6000, 25), target_innate_seq=(6000, 5)
2020-10-05 13:13:57,475 - __main__ - DEBUG - QR 0, Loss=0.0014145163538719448
2020-10-05 13:13:57,475 - __main__ - DEBUG - QR 1, Loss=0.003398257128861017
2020-10-05 13:13:57,475 - __main__ - DEBUG - QR 2, Loss=0.005999773196524512
2020-10-05 13:13:57,476 - __main__ - DEBUG - QR 3, Loss=0.0029887255254635032
2020-10-05 13:13:57,476 - __main__ - DEBUG - QR 4, Loss=0.0014503272246877588
2020-10-05 13:14:14,435 - __main__ - INFO - innate_buffer=2000, innate_train_len=2000, innate_val_len=2000
2020-10-05 13:14:14,435 - __main__ - INFO - target_state_list=(6000, 25), target_innate_seq=(6000, 5)
2020-10-05 13:14:54,897 - __main__ - DEBUG - QR 0, Loss=0.0014142808458919266
2020-10-05 13:14:54,897 - __main__ - DEBUG - QR 1, Loss=0.003741725725462101
2020-10-05 13:14:54,898 - __main__ - DEBUG - QR 2, Loss=0.006176126693390724
2020-10-05 13:14:54,898 - __main__ - DEBUG - QR 3, Loss=0.0024904563520927285
2020-10-05 13:14:54,898 - __main__ - DEBUG - QR 4, Loss=0.00169694674594605
2020-10-05 13:15:11,938 - __main__ - INFO - innate_buffer=2000, innate_train_len=2000, innate_val_len=2000
2020-10-05 13:15:11,939 - __main__ - INFO - target_state_list=(6000, 25), target_innate_seq=(6000, 5)
2020-10-05 13:15:38,547 - __main__ - DEBUG - QR 0, Loss=0.001412891062423805
2020-10-05 13:15:38,547 - __main__ - DEBUG - QR 1, Loss=0.004578020326311024
2020-10-05 13:15:38,548 - __main__ - DEBUG - QR 2, Loss=0.0034244652290730333
2020-10-05 13:15:38,548 - __main__ - DEBUG - QR 3, Loss=0.0018741965367768424
2020-10-05 13:15:38,548 - __main__ - DEBUG - QR 4, Loss=0.0021934357152257372
2020-10-05 13:15:55,246 - __main__ - INFO - innate_buffer=2000, innate_train_len=2000, innate_val_len=2000
2020-10-05 13:15:55,246 - __main__ - INFO - target_state_list=(6000, 25), target_innate_seq=(6000, 5)
2020-10-05 13:19:48,443 - __main__ - DEBUG - QR 0, Loss=0.003413541446214681
2020-10-05 13:19:48,443 - __main__ - DEBUG - QR 1, Loss=0.001422439493296582
2020-10-05 13:19:48,443 - __main__ - DEBUG - QR 2, Loss=0.0055395108744110775
2020-10-05 13:19:48,443 - __main__ - DEBUG - QR 3, Loss=0.0018836188632640883
2020-10-05 13:19:48,443 - __main__ - DEBUG - QR 4, Loss=0.0026875593376001405
2020-10-05 13:20:05,720 - __main__ - INFO - innate_buffer=2000, innate_train_len=2000, innate_val_len=2000
2020-10-05 13:20:05,720 - __main__ - INFO - target_state_list=(6000, 25), target_innate_seq=(6000, 5)
2020-10-05 13:20:21,128 - __main__ - DEBUG - QR 0, Loss=0.001979804294336724
2020-10-05 13:20:21,129 - __main__ - DEBUG - QR 1, Loss=0.0014091554725629797
2020-10-05 13:20:21,129 - __main__ - DEBUG - QR 2, Loss=0.0029721400276779366
2020-10-05 13:20:21,129 - __main__ - DEBUG - QR 3, Loss=0.0023825082166394223
2020-10-05 13:20:21,129 - __main__ - DEBUG - QR 4, Loss=0.001423516620449481
2020-10-05 13:20:38,136 - __main__ - INFO - innate_buffer=2000, innate_train_len=2000, innate_val_len=2000
2020-10-05 13:20:38,136 - __main__ - INFO - target_state_list=(6000, 25), target_innate_seq=(6000, 5)
2020-10-05 13:20:48,578 - __main__ - DEBUG - QR 0, Loss=0.0018924060430297203
2020-10-05 13:20:48,578 - __main__ - DEBUG - QR 1, Loss=0.0014078581590474424
2020-10-05 13:20:48,579 - __main__ - DEBUG - QR 2, Loss=0.004789455926470787
2020-10-05 13:20:48,579 - __main__ - DEBUG - QR 3, Loss=0.0025081416560579282
2020-10-05 13:20:48,579 - __main__ - DEBUG - QR 4, Loss=0.0014921186244429916
2020-10-05 13:21:05,479 - __main__ - INFO - innate_buffer=2000, innate_train_len=2000, innate_val_len=2000
2020-10-05 13:21:05,480 - __main__ - INFO - target_state_list=(6000, 25), target_innate_seq=(6000, 5)
2020-10-05 13:25:40,389 - __main__ - DEBUG - QR 0, Loss=0.001463699531165658
2020-10-05 13:25:40,390 - __main__ - DEBUG - QR 1, Loss=0.0020643731972911886
2020-10-05 13:25:40,390 - __main__ - DEBUG - QR 2, Loss=0.001969111787664239
2020-10-05 13:25:40,390 - __main__ - DEBUG - QR 3, Loss=0.0020822916372808353
2020-10-05 13:25:40,390 - __main__ - DEBUG - QR 4, Loss=0.0017758490808269377
2020-10-05 13:25:57,904 - __main__ - INFO - innate_buffer=2000, innate_train_len=2000, innate_val_len=2000
2020-10-05 13:25:57,904 - __main__ - INFO - target_state_list=(6000, 25), target_innate_seq=(6000, 5)
2020-10-05 13:26:15,284 - __main__ - DEBUG - QR 0, Loss=0.0014511990560440008
2020-10-05 13:26:15,284 - __main__ - DEBUG - QR 1, Loss=0.0022242915153028744
2020-10-05 13:26:15,285 - __main__ - DEBUG - QR 2, Loss=0.0016039944834577956
2020-10-05 13:26:15,285 - __main__ - DEBUG - QR 3, Loss=0.0021491309407355537
2020-10-05 13:26:15,285 - __main__ - DEBUG - QR 4, Loss=0.003946257566094308
2020-10-05 13:26:32,777 - __main__ - INFO - innate_buffer=2000, innate_train_len=2000, innate_val_len=2000
2020-10-05 13:26:32,777 - __main__ - INFO - target_state_list=(6000, 25), target_innate_seq=(6000, 5)
2020-10-05 13:26:39,707 - __main__ - DEBUG - QR 0, Loss=0.0014648164269378562
2020-10-05 13:26:39,707 - __main__ - DEBUG - QR 1, Loss=0.00203642262952393
2020-10-05 13:26:39,707 - __main__ - DEBUG - QR 2, Loss=0.002230236868839815
2020-10-05 13:26:39,707 - __main__ - DEBUG - QR 3, Loss=0.001792817894887743
2020-10-05 13:26:39,708 - __main__ - DEBUG - QR 4, Loss=0.0038976152851078333
2020-10-05 13:26:56,830 - __main__ - INFO - innate_buffer=2000, innate_train_len=2000, innate_val_len=2000
2020-10-05 13:26:56,830 - __main__ - INFO - target_state_list=(6000, 25), target_innate_seq=(6000, 5)
2020-10-05 13:31:34,208 - __main__ - DEBUG - QR 0, Loss=0.0014711018001190162
2020-10-05 13:31:34,208 - __main__ - DEBUG - QR 1, Loss=0.002253795295768604
2020-10-05 13:31:34,208 - __main__ - DEBUG - QR 2, Loss=0.002466801463489996
2020-10-05 13:31:34,208 - __main__ - DEBUG - QR 3, Loss=0.0022100874464060986
2020-10-05 13:31:34,208 - __main__ - DEBUG - QR 4, Loss=0.002303439867793847
2020-10-05 13:31:42,828 - __main__ - DEBUG - QR 0, Loss=0.001700974077202086
2020-10-05 13:31:42,828 - __main__ - DEBUG - QR 1, Loss=0.003648147483705864
2020-10-05 13:31:42,828 - __main__ - DEBUG - QR 2, Loss=0.0018190933388401583
2020-10-05 13:31:42,828 - __main__ - DEBUG - QR 3, Loss=0.0015788191289394225
2020-10-05 13:31:42,829 - __main__ - DEBUG - QR 4, Loss=0.002063190226904963
2020-10-05 13:31:51,410 - __main__ - INFO - innate_buffer=2000, innate_train_len=2000, innate_val_len=2000
2020-10-05 13:31:51,411 - __main__ - INFO - target_state_list=(6000, 25), target_innate_seq=(6000, 5)
2020-10-05 13:31:53,190 - __main__ - INFO - innate_buffer=2000, innate_train_len=2000, innate_val_len=2000
2020-10-05 13:31:53,190 - __main__ - INFO - target_state_list=(6000, 25), target_innate_seq=(6000, 5)
2020-10-05 13:32:03,405 - __main__ - DEBUG - QR 0, Loss=0.0014686295483983544
2020-10-05 13:32:03,405 - __main__ - DEBUG - QR 1, Loss=0.0017536143271459621
2020-10-05 13:32:03,405 - __main__ - DEBUG - QR 2, Loss=0.0024673195999020386
2020-10-05 13:32:03,405 - __main__ - DEBUG - QR 3, Loss=0.0013776949256228029
2020-10-05 13:32:03,406 - __main__ - DEBUG - QR 4, Loss=0.001826470605244269
2020-10-05 13:32:20,435 - __main__ - INFO - innate_buffer=2000, innate_train_len=2000, innate_val_len=2000
2020-10-05 13:32:20,436 - __main__ - INFO - target_state_list=(6000, 25), target_innate_seq=(6000, 5)
2020-10-05 13:36:25,038 - __main__ - DEBUG - QR 0, Loss=0.0019666486381176886
2020-10-05 13:36:25,038 - __main__ - DEBUG - QR 1, Loss=0.003205760929333028
2020-10-05 13:36:25,038 - __main__ - DEBUG - QR 2, Loss=0.0014381331606298949
2020-10-05 13:36:25,038 - __main__ - DEBUG - QR 3, Loss=0.0013947236424216127
2020-10-05 13:36:25,038 - __main__ - DEBUG - QR 4, Loss=0.0014052041800279402
2020-10-05 13:36:39,864 - __main__ - INFO - innate_buffer=2000, innate_train_len=2000, innate_val_len=2000
2020-10-05 13:36:39,864 - __main__ - INFO - target_state_list=(6000, 25), target_innate_seq=(6000, 5)
2020-10-05 13:37:08,946 - __main__ - DEBUG - QR 0, Loss=0.0020913758888292983
2020-10-05 13:37:08,947 - __main__ - DEBUG - QR 1, Loss=0.001439536410237853
2020-10-05 13:37:08,947 - __main__ - DEBUG - QR 2, Loss=0.0022601631932267514
2020-10-05 13:37:08,947 - __main__ - DEBUG - QR 3, Loss=0.0014172763671724867
2020-10-05 13:37:08,947 - __main__ - DEBUG - QR 4, Loss=0.002594690279338999
2020-10-05 13:37:25,516 - __main__ - INFO - innate_buffer=2000, innate_train_len=2000, innate_val_len=2000
2020-10-05 13:37:25,516 - __main__ - INFO - target_state_list=(6000, 25), target_innate_seq=(6000, 5)
2020-10-05 13:37:28,258 - __main__ - DEBUG - QR 0, Loss=0.001907732820129817
2020-10-05 13:37:28,258 - __main__ - DEBUG - QR 1, Loss=0.0024631989160709814
2020-10-05 13:37:28,258 - __main__ - DEBUG - QR 2, Loss=0.0023057950821029466
2020-10-05 13:37:28,258 - __main__ - DEBUG - QR 3, Loss=0.0014213526767447092
2020-10-05 13:37:28,259 - __main__ - DEBUG - QR 4, Loss=0.0024563350908013712
2020-10-05 13:37:45,323 - __main__ - INFO - innate_buffer=2000, innate_train_len=2000, innate_val_len=2000
2020-10-05 13:37:45,323 - __main__ - INFO - target_state_list=(6000, 25), target_innate_seq=(6000, 5)
2020-10-05 13:41:42,469 - __main__ - DEBUG - QR 0, Loss=0.0014605525489300036
2020-10-05 13:41:42,469 - __main__ - DEBUG - QR 1, Loss=0.0019895976090036124
2020-10-05 13:41:42,469 - __main__ - DEBUG - QR 2, Loss=0.001466587988343558
2020-10-05 13:41:42,469 - __main__ - DEBUG - QR 3, Loss=0.004591129355372192
2020-10-05 13:41:42,469 - __main__ - DEBUG - QR 4, Loss=0.001454331835434336
2020-10-05 13:41:46,920 - __main__ - DEBUG - QR 0, Loss=0.0024875314330625245
2020-10-05 13:41:46,921 - __main__ - DEBUG - QR 1, Loss=0.003220842164203673
2020-10-05 13:41:46,921 - __main__ - DEBUG - QR 2, Loss=0.0014409745235646897
2020-10-05 13:41:46,921 - __main__ - DEBUG - QR 3, Loss=0.0024851156417586414
2020-10-05 13:41:46,921 - __main__ - DEBUG - QR 4, Loss=0.0015037942779585229
2020-10-05 13:41:57,358 - __main__ - INFO - innate_buffer=2000, innate_train_len=2000, innate_val_len=2000
2020-10-05 13:41:57,358 - __main__ - INFO - target_state_list=(6000, 25), target_innate_seq=(6000, 5)
2020-10-05 13:41:59,477 - __main__ - INFO - innate_buffer=2000, innate_train_len=2000, innate_val_len=2000
2020-10-05 13:41:59,477 - __main__ - INFO - target_state_list=(6000, 25), target_innate_seq=(6000, 5)
2020-10-05 13:42:38,852 - __main__ - DEBUG - QR 0, Loss=0.002183669819685695
2020-10-05 13:42:38,852 - __main__ - DEBUG - QR 1, Loss=0.0031329477267719344
2020-10-05 13:42:38,852 - __main__ - DEBUG - QR 2, Loss=0.0014338586486642058
2020-10-05 13:42:38,852 - __main__ - DEBUG - QR 3, Loss=0.003346636022449562
2020-10-05 13:42:38,853 - __main__ - DEBUG - QR 4, Loss=0.0015366154855450947
2020-10-05 13:42:56,040 - __main__ - INFO - innate_buffer=2000, innate_train_len=2000, innate_val_len=2000
2020-10-05 13:42:56,040 - __main__ - INFO - target_state_list=(6000, 25), target_innate_seq=(6000, 5)
2020-10-05 13:45:38,360 - __main__ - DEBUG - QR 0, Loss=0.0013945641870812678
2020-10-05 13:45:38,361 - __main__ - DEBUG - QR 1, Loss=0.0022202065115350567
2020-10-05 13:45:38,361 - __main__ - DEBUG - QR 2, Loss=0.001478266557630859
2020-10-05 13:45:38,361 - __main__ - DEBUG - QR 3, Loss=0.0017635885090208096
2020-10-05 13:45:38,361 - __main__ - DEBUG - QR 4, Loss=0.008151890703834094
2020-10-05 13:45:38,361 - __main__ - INFO - do_narma=0, Ntrials=10, total loss avg=0.0024363814755292454, std=0.00035911273935738437
2020-10-05 13:46:17,068 - __main__ - DEBUG - QR 0, Loss=0.0013851291788557786
2020-10-05 13:46:17,068 - __main__ - DEBUG - QR 1, Loss=0.002241498744499823
2020-10-05 13:46:17,070 - __main__ - DEBUG - QR 2, Loss=0.0013887685150708164
2020-10-05 13:46:17,070 - __main__ - DEBUG - QR 3, Loss=0.001429261999338896
2020-10-05 13:46:17,070 - __main__ - DEBUG - QR 4, Loss=0.001928309908273038
2020-10-05 13:46:17,070 - __main__ - INFO - do_narma=0, Ntrials=10, total loss avg=0.0037172917397614537, std=0.0046456737759455295
2020-10-05 13:46:57,505 - __main__ - DEBUG - QR 0, Loss=0.0018292466908718446
2020-10-05 13:46:57,505 - __main__ - DEBUG - QR 1, Loss=0.002213542877109241
2020-10-05 13:46:57,505 - __main__ - DEBUG - QR 2, Loss=0.0022889819446162084
2020-10-05 13:46:57,506 - __main__ - DEBUG - QR 3, Loss=0.0018332526953058522
2020-10-05 13:46:57,506 - __main__ - DEBUG - QR 4, Loss=0.001399595764009541
2020-10-05 13:46:57,506 - __main__ - INFO - do_narma=0, Ntrials=10, total loss avg=0.0026596001762593125, std=0.0006432492066877325
