2020-10-05 14:20:06,244 - __main__ - INFO - n_units=5
2020-10-05 14:20:06,244 - __main__ - INFO - max_energy=1.0
2020-10-05 14:20:06,244 - __main__ - INFO - beta=1e-14
2020-10-05 14:20:06,244 - __main__ - INFO - taudelta=1.0
2020-10-05 14:20:06,244 - __main__ - INFO - V=1
2020-10-05 14:20:06,244 - __main__ - INFO - layers=5
2020-10-05 14:20:06,244 - __main__ - INFO - train_len=2000, val_len=2000, buffer=2000
2020-10-05 14:20:06,244 - __main__ - INFO - alpha=0.5, Ntrials=10
2020-10-05 14:20:06,244 - __main__ - INFO - noise=0.002, learning rate=0.0,scale_input=0.2
2020-10-05 14:20:06,285 - __main__ - INFO - n_units=5
2020-10-05 14:20:06,285 - __main__ - INFO - max_energy=1.0
2020-10-05 14:20:06,286 - __main__ - INFO - beta=1e-14
2020-10-05 14:20:06,286 - __main__ - INFO - taudelta=2.0
2020-10-05 14:20:06,286 - __main__ - INFO - V=1
2020-10-05 14:20:06,286 - __main__ - INFO - layers=5
2020-10-05 14:20:06,286 - __main__ - INFO - train_len=2000, val_len=2000, buffer=2000
2020-10-05 14:20:06,286 - __main__ - INFO - alpha=0.5, Ntrials=10
2020-10-05 14:20:06,286 - __main__ - INFO - noise=0.002, learning rate=0.0,scale_input=0.2
2020-10-05 14:20:06,344 - __main__ - INFO - n_units=5
2020-10-05 14:20:06,345 - __main__ - INFO - max_energy=1.0
2020-10-05 14:20:06,345 - __main__ - INFO - beta=1e-14
2020-10-05 14:20:06,345 - __main__ - INFO - taudelta=4.0
2020-10-05 14:20:06,345 - __main__ - INFO - V=1
2020-10-05 14:20:06,345 - __main__ - INFO - layers=5
2020-10-05 14:20:06,345 - __main__ - INFO - train_len=2000, val_len=2000, buffer=2000
2020-10-05 14:20:06,345 - __main__ - INFO - alpha=0.5, Ntrials=10
2020-10-05 14:20:06,345 - __main__ - INFO - noise=0.002, learning rate=0.0,scale_input=0.2
2020-10-05 14:20:16,203 - __main__ - INFO - innate_buffer=2000, innate_train_len=2000, innate_val_len=2000
2020-10-05 14:20:16,203 - __main__ - INFO - target_state_list=(6000, 25), target_innate_seq=(6000, 5)
2020-10-05 14:20:16,281 - __main__ - INFO - innate_buffer=2000, innate_train_len=2000, innate_val_len=2000
2020-10-05 14:20:16,281 - __main__ - INFO - target_state_list=(6000, 25), target_innate_seq=(6000, 5)
2020-10-05 14:20:23,003 - __main__ - INFO - innate_buffer=2000, innate_train_len=2000, innate_val_len=2000
2020-10-05 14:20:23,003 - __main__ - INFO - target_state_list=(6000, 25), target_innate_seq=(6000, 5)
2020-10-05 14:20:25,725 - __main__ - DEBUG - QR 0, Loss=0.04637469702462094
2020-10-05 14:20:25,726 - __main__ - DEBUG - QR 1, Loss=0.0442470568216743
2020-10-05 14:20:25,726 - __main__ - DEBUG - QR 2, Loss=0.04365241272856285
2020-10-05 14:20:25,726 - __main__ - DEBUG - QR 3, Loss=0.05423326820740877
2020-10-05 14:20:25,726 - __main__ - DEBUG - QR 4, Loss=0.04481561794363851
2020-10-05 14:20:25,998 - __main__ - DEBUG - QR 0, Loss=0.045591398165950724
2020-10-05 14:20:25,998 - __main__ - DEBUG - QR 1, Loss=0.044230795865063316
2020-10-05 14:20:25,998 - __main__ - DEBUG - QR 2, Loss=0.043694432619966625
2020-10-05 14:20:25,998 - __main__ - DEBUG - QR 3, Loss=0.04468492492865595
2020-10-05 14:20:25,998 - __main__ - DEBUG - QR 4, Loss=0.04474580600352876
2020-10-05 14:20:35,614 - __main__ - INFO - innate_buffer=2000, innate_train_len=2000, innate_val_len=2000
2020-10-05 14:20:35,614 - __main__ - INFO - target_state_list=(6000, 25), target_innate_seq=(6000, 5)
2020-10-05 14:20:39,328 - __main__ - DEBUG - QR 0, Loss=0.04910709457225483
2020-10-05 14:20:39,328 - __main__ - DEBUG - QR 1, Loss=0.04405049814315671
2020-10-05 14:20:39,328 - __main__ - DEBUG - QR 2, Loss=0.04362091285486468
2020-10-05 14:20:39,328 - __main__ - DEBUG - QR 3, Loss=0.05087820696815012
2020-10-05 14:20:39,328 - __main__ - DEBUG - QR 4, Loss=0.04478325533618823
2020-10-05 14:20:41,494 - __main__ - INFO - innate_buffer=2000, innate_train_len=2000, innate_val_len=2000
2020-10-05 14:20:41,494 - __main__ - INFO - target_state_list=(6000, 25), target_innate_seq=(6000, 5)
2020-10-05 14:20:45,168 - __main__ - DEBUG - QR 0, Loss=0.04495677018074031
2020-10-05 14:20:45,168 - __main__ - DEBUG - QR 1, Loss=0.04515128606980547
2020-10-05 14:20:45,168 - __main__ - DEBUG - QR 2, Loss=0.04508903491359901
2020-10-05 14:20:45,169 - __main__ - DEBUG - QR 3, Loss=0.04425431746263818
2020-10-05 14:20:45,169 - __main__ - DEBUG - QR 4, Loss=0.045010852281334814
2020-10-05 14:20:55,089 - __main__ - INFO - innate_buffer=2000, innate_train_len=2000, innate_val_len=2000
2020-10-05 14:20:55,089 - __main__ - INFO - target_state_list=(6000, 25), target_innate_seq=(6000, 5)
2020-10-05 14:20:56,171 - __main__ - INFO - innate_buffer=2000, innate_train_len=2000, innate_val_len=2000
2020-10-05 14:20:56,171 - __main__ - INFO - target_state_list=(6000, 25), target_innate_seq=(6000, 5)
2020-10-05 14:20:57,915 - __main__ - DEBUG - QR 0, Loss=0.04487527403010303
2020-10-05 14:20:57,915 - __main__ - DEBUG - QR 1, Loss=0.04488136673710295
2020-10-05 14:20:57,915 - __main__ - DEBUG - QR 2, Loss=0.04492156264970432
2020-10-05 14:20:57,915 - __main__ - DEBUG - QR 3, Loss=0.044518660690086455
2020-10-05 14:20:57,916 - __main__ - DEBUG - QR 4, Loss=0.044992126971415754
2020-10-05 14:21:04,658 - __main__ - DEBUG - QR 0, Loss=0.047356935540775344
2020-10-05 14:21:04,658 - __main__ - DEBUG - QR 1, Loss=0.0449896912451703
2020-10-05 14:21:04,658 - __main__ - DEBUG - QR 2, Loss=0.044754189487646194
2020-10-05 14:21:04,658 - __main__ - DEBUG - QR 3, Loss=0.04558465389825009
2020-10-05 14:21:04,659 - __main__ - DEBUG - QR 4, Loss=0.046169137293616574
2020-10-05 14:21:12,007 - __main__ - DEBUG - QR 0, Loss=0.04470897315947376
2020-10-05 14:21:12,008 - __main__ - DEBUG - QR 1, Loss=0.04494029668243623
2020-10-05 14:21:12,008 - __main__ - DEBUG - QR 2, Loss=0.04474225895064831
2020-10-05 14:21:12,008 - __main__ - DEBUG - QR 3, Loss=0.044292356484757656
2020-10-05 14:21:12,008 - __main__ - DEBUG - QR 4, Loss=0.04469456366469387
2020-10-05 14:21:14,600 - __main__ - INFO - innate_buffer=2000, innate_train_len=2000, innate_val_len=2000
2020-10-05 14:21:14,600 - __main__ - INFO - target_state_list=(6000, 25), target_innate_seq=(6000, 5)
2020-10-05 14:21:14,806 - __main__ - INFO - innate_buffer=2000, innate_train_len=2000, innate_val_len=2000
2020-10-05 14:21:14,806 - __main__ - INFO - target_state_list=(6000, 25), target_innate_seq=(6000, 5)
2020-10-05 14:21:24,190 - __main__ - DEBUG - QR 0, Loss=0.04307895358528448
2020-10-05 14:21:24,190 - __main__ - DEBUG - QR 1, Loss=0.05105745850359906
2020-10-05 14:21:24,191 - __main__ - DEBUG - QR 2, Loss=0.04539894698707977
2020-10-05 14:21:24,191 - __main__ - DEBUG - QR 3, Loss=0.045210808260644275
2020-10-05 14:21:24,191 - __main__ - DEBUG - QR 4, Loss=0.044306961984865584
2020-10-05 14:21:28,059 - __main__ - INFO - innate_buffer=2000, innate_train_len=2000, innate_val_len=2000
2020-10-05 14:21:28,059 - __main__ - INFO - target_state_list=(6000, 25), target_innate_seq=(6000, 5)
2020-10-05 14:21:30,936 - __main__ - DEBUG - QR 0, Loss=0.045444818277924945
2020-10-05 14:21:30,936 - __main__ - DEBUG - QR 1, Loss=0.04494980444788468
2020-10-05 14:21:30,936 - __main__ - DEBUG - QR 2, Loss=0.04461862180988534
2020-10-05 14:21:30,936 - __main__ - DEBUG - QR 3, Loss=0.04557561747608332
2020-10-05 14:21:30,937 - __main__ - DEBUG - QR 4, Loss=0.04499760641670572
2020-10-05 14:21:34,196 - __main__ - INFO - innate_buffer=2000, innate_train_len=2000, innate_val_len=2000
2020-10-05 14:21:34,196 - __main__ - INFO - target_state_list=(6000, 25), target_innate_seq=(6000, 5)
2020-10-05 14:21:43,813 - __main__ - DEBUG - QR 0, Loss=0.0459634651731546
2020-10-05 14:21:43,814 - __main__ - DEBUG - QR 1, Loss=0.04470751468211199
2020-10-05 14:21:43,814 - __main__ - DEBUG - QR 2, Loss=0.045981752404352476
2020-10-05 14:21:43,814 - __main__ - DEBUG - QR 3, Loss=0.04529230089466835
2020-10-05 14:21:43,814 - __main__ - DEBUG - QR 4, Loss=0.04540901430179623
2020-10-05 14:21:44,252 - __main__ - DEBUG - QR 0, Loss=0.047634186984732006
2020-10-05 14:21:44,252 - __main__ - DEBUG - QR 1, Loss=0.04495723249555935
2020-10-05 14:21:44,252 - __main__ - DEBUG - QR 2, Loss=0.04685040706074215
2020-10-05 14:21:44,253 - __main__ - DEBUG - QR 3, Loss=0.04550888371494809
2020-10-05 14:21:44,253 - __main__ - DEBUG - QR 4, Loss=0.04595403218463661
2020-10-05 14:21:48,378 - __main__ - INFO - innate_buffer=2000, innate_train_len=2000, innate_val_len=2000
2020-10-05 14:21:48,378 - __main__ - INFO - target_state_list=(6000, 25), target_innate_seq=(6000, 5)
2020-10-05 14:21:55,362 - __main__ - INFO - innate_buffer=2000, innate_train_len=2000, innate_val_len=2000
2020-10-05 14:21:55,362 - __main__ - INFO - target_state_list=(6000, 25), target_innate_seq=(6000, 5)
2020-10-05 14:22:01,400 - __main__ - INFO - innate_buffer=2000, innate_train_len=2000, innate_val_len=2000
2020-10-05 14:22:01,401 - __main__ - INFO - target_state_list=(6000, 25), target_innate_seq=(6000, 5)
2020-10-05 14:22:05,361 - __main__ - DEBUG - QR 0, Loss=0.043079476270867195
2020-10-05 14:22:05,362 - __main__ - DEBUG - QR 1, Loss=0.04721345826918001
2020-10-05 14:22:05,362 - __main__ - DEBUG - QR 2, Loss=0.04453970097110765
2020-10-05 14:22:05,362 - __main__ - DEBUG - QR 3, Loss=0.045019757293834374
2020-10-05 14:22:05,362 - __main__ - DEBUG - QR 4, Loss=0.04439119165914128
2020-10-05 14:22:11,870 - __main__ - DEBUG - QR 0, Loss=0.0444290638306715
2020-10-05 14:22:11,870 - __main__ - DEBUG - QR 1, Loss=0.04571045322937451
2020-10-05 14:22:11,871 - __main__ - DEBUG - QR 2, Loss=0.044735940346861104
2020-10-05 14:22:11,871 - __main__ - DEBUG - QR 3, Loss=0.045976089496251614
2020-10-05 14:22:11,871 - __main__ - DEBUG - QR 4, Loss=0.04494596777698003
2020-10-05 14:22:17,136 - __main__ - DEBUG - QR 0, Loss=0.04307845002207049
2020-10-05 14:22:17,136 - __main__ - DEBUG - QR 1, Loss=0.05022618069048765
2020-10-05 14:22:17,137 - __main__ - DEBUG - QR 2, Loss=0.04456851912236565
2020-10-05 14:22:17,138 - __main__ - DEBUG - QR 3, Loss=0.045079435846729486
2020-10-05 14:22:17,138 - __main__ - DEBUG - QR 4, Loss=0.04431963661668571
2020-10-05 14:22:22,607 - __main__ - INFO - innate_buffer=2000, innate_train_len=2000, innate_val_len=2000
2020-10-05 14:22:22,607 - __main__ - INFO - target_state_list=(6000, 25), target_innate_seq=(6000, 5)
2020-10-05 14:22:28,625 - __main__ - INFO - innate_buffer=2000, innate_train_len=2000, innate_val_len=2000
2020-10-05 14:22:28,625 - __main__ - INFO - target_state_list=(6000, 25), target_innate_seq=(6000, 5)
2020-10-05 14:22:34,433 - __main__ - INFO - innate_buffer=2000, innate_train_len=2000, innate_val_len=2000
2020-10-05 14:22:34,434 - __main__ - INFO - target_state_list=(6000, 25), target_innate_seq=(6000, 5)
2020-10-05 14:22:39,142 - __main__ - DEBUG - QR 0, Loss=0.04574292418342575
2020-10-05 14:22:39,142 - __main__ - DEBUG - QR 1, Loss=0.044703142898881804
2020-10-05 14:22:39,143 - __main__ - DEBUG - QR 2, Loss=0.044884896679236626
2020-10-05 14:22:39,143 - __main__ - DEBUG - QR 3, Loss=0.04537192259776346
2020-10-05 14:22:39,143 - __main__ - DEBUG - QR 4, Loss=0.0446053237349312
2020-10-05 14:22:44,537 - __main__ - DEBUG - QR 0, Loss=0.04440793008451657
2020-10-05 14:22:44,538 - __main__ - DEBUG - QR 1, Loss=0.04415386810214034
2020-10-05 14:22:44,538 - __main__ - DEBUG - QR 2, Loss=0.04237678567795896
2020-10-05 14:22:44,538 - __main__ - DEBUG - QR 3, Loss=0.04462394636330725
2020-10-05 14:22:44,538 - __main__ - DEBUG - QR 4, Loss=0.0444909429448262
2020-10-05 14:22:51,019 - __main__ - DEBUG - QR 0, Loss=0.04570093265374664
2020-10-05 14:22:51,019 - __main__ - DEBUG - QR 1, Loss=0.044709592759917004
2020-10-05 14:22:51,019 - __main__ - DEBUG - QR 2, Loss=0.04532153243590753
2020-10-05 14:22:51,020 - __main__ - DEBUG - QR 3, Loss=0.045435985724413736
2020-10-05 14:22:51,020 - __main__ - DEBUG - QR 4, Loss=0.04458799777448398
2020-10-05 14:22:56,284 - __main__ - INFO - innate_buffer=2000, innate_train_len=2000, innate_val_len=2000
2020-10-05 14:22:56,284 - __main__ - INFO - target_state_list=(6000, 25), target_innate_seq=(6000, 5)
2020-10-05 14:22:59,355 - __main__ - INFO - innate_buffer=2000, innate_train_len=2000, innate_val_len=2000
2020-10-05 14:22:59,355 - __main__ - INFO - target_state_list=(6000, 25), target_innate_seq=(6000, 5)
2020-10-05 14:23:07,464 - __main__ - INFO - innate_buffer=2000, innate_train_len=2000, innate_val_len=2000
2020-10-05 14:23:07,464 - __main__ - INFO - target_state_list=(6000, 25), target_innate_seq=(6000, 5)
2020-10-05 14:23:13,059 - __main__ - DEBUG - QR 0, Loss=0.04440998845179979
2020-10-05 14:23:13,059 - __main__ - DEBUG - QR 1, Loss=0.04531899085742111
2020-10-05 14:23:13,060 - __main__ - DEBUG - QR 2, Loss=0.044676222229013546
2020-10-05 14:23:13,060 - __main__ - DEBUG - QR 3, Loss=0.045842238749833175
2020-10-05 14:23:13,060 - __main__ - DEBUG - QR 4, Loss=0.04499265026994302
2020-10-05 14:23:13,692 - __main__ - DEBUG - QR 0, Loss=0.0448780750209977
2020-10-05 14:23:13,692 - __main__ - DEBUG - QR 1, Loss=0.04494032546956258
2020-10-05 14:23:13,692 - __main__ - DEBUG - QR 2, Loss=0.04422046883226808
2020-10-05 14:23:13,692 - __main__ - DEBUG - QR 3, Loss=0.043829698407000475
2020-10-05 14:23:13,692 - __main__ - DEBUG - QR 4, Loss=0.04636705325162999
2020-10-05 14:23:22,898 - __main__ - DEBUG - QR 0, Loss=0.044411518016954095
2020-10-05 14:23:22,899 - __main__ - DEBUG - QR 1, Loss=0.04545799294757664
2020-10-05 14:23:22,899 - __main__ - DEBUG - QR 2, Loss=0.04489068553003412
2020-10-05 14:23:22,899 - __main__ - DEBUG - QR 3, Loss=0.045931397597283805
2020-10-05 14:23:22,899 - __main__ - DEBUG - QR 4, Loss=0.0449915926888068
2020-10-05 14:23:28,577 - __main__ - INFO - innate_buffer=2000, innate_train_len=2000, innate_val_len=2000
2020-10-05 14:23:28,578 - __main__ - INFO - target_state_list=(6000, 25), target_innate_seq=(6000, 5)
2020-10-05 14:23:30,222 - __main__ - INFO - innate_buffer=2000, innate_train_len=2000, innate_val_len=2000
2020-10-05 14:23:30,222 - __main__ - INFO - target_state_list=(6000, 25), target_innate_seq=(6000, 5)
2020-10-05 14:23:39,379 - __main__ - INFO - innate_buffer=2000, innate_train_len=2000, innate_val_len=2000
2020-10-05 14:23:39,379 - __main__ - INFO - target_state_list=(6000, 25), target_innate_seq=(6000, 5)
2020-10-05 14:23:40,225 - __main__ - DEBUG - QR 0, Loss=0.044379240816414506
2020-10-05 14:23:40,225 - __main__ - DEBUG - QR 1, Loss=0.04413575337007354
2020-10-05 14:23:40,225 - __main__ - DEBUG - QR 2, Loss=0.04217016626058163
2020-10-05 14:23:40,225 - __main__ - DEBUG - QR 3, Loss=0.04462072330725463
2020-10-05 14:23:40,225 - __main__ - DEBUG - QR 4, Loss=0.04436106385529752
2020-10-05 14:23:44,557 - __main__ - DEBUG - QR 0, Loss=0.04505303682824488
2020-10-05 14:23:44,557 - __main__ - DEBUG - QR 1, Loss=0.04511359368752591
2020-10-05 14:23:44,557 - __main__ - DEBUG - QR 2, Loss=0.045678774860704555
2020-10-05 14:23:44,558 - __main__ - DEBUG - QR 3, Loss=0.04564575171991254
2020-10-05 14:23:44,558 - __main__ - DEBUG - QR 4, Loss=0.044690665152488415
2020-10-05 14:23:50,480 - __main__ - INFO - innate_buffer=2000, innate_train_len=2000, innate_val_len=2000
2020-10-05 14:23:50,480 - __main__ - INFO - target_state_list=(6000, 25), target_innate_seq=(6000, 5)
2020-10-05 14:23:54,988 - __main__ - DEBUG - QR 0, Loss=0.04442393480225091
2020-10-05 14:23:54,988 - __main__ - DEBUG - QR 1, Loss=0.04410281330860403
2020-10-05 14:23:54,988 - __main__ - DEBUG - QR 2, Loss=0.04242025915446738
2020-10-05 14:23:54,989 - __main__ - DEBUG - QR 3, Loss=0.0446291960722743
2020-10-05 14:23:54,989 - __main__ - DEBUG - QR 4, Loss=0.04435363801281941
2020-10-05 14:24:00,350 - __main__ - DEBUG - QR 0, Loss=0.04491117446036263
2020-10-05 14:24:00,350 - __main__ - DEBUG - QR 1, Loss=0.04487306352140345
2020-10-05 14:24:00,350 - __main__ - DEBUG - QR 2, Loss=0.04404441777986107
2020-10-05 14:24:00,350 - __main__ - DEBUG - QR 3, Loss=0.04385015123052927
2020-10-05 14:24:00,350 - __main__ - DEBUG - QR 4, Loss=0.046309624762508474
2020-10-05 14:24:01,603 - __main__ - INFO - innate_buffer=2000, innate_train_len=2000, innate_val_len=2000
2020-10-05 14:24:01,603 - __main__ - INFO - target_state_list=(6000, 25), target_innate_seq=(6000, 5)
2020-10-05 14:24:10,601 - __main__ - INFO - innate_buffer=2000, innate_train_len=2000, innate_val_len=2000
2020-10-05 14:24:10,601 - __main__ - INFO - target_state_list=(6000, 25), target_innate_seq=(6000, 5)
2020-10-05 14:24:10,939 - __main__ - INFO - innate_buffer=2000, innate_train_len=2000, innate_val_len=2000
2020-10-05 14:24:10,939 - __main__ - INFO - target_state_list=(6000, 25), target_innate_seq=(6000, 5)
2020-10-05 14:24:18,182 - __main__ - DEBUG - QR 0, Loss=0.04540835172481162
2020-10-05 14:24:18,183 - __main__ - DEBUG - QR 1, Loss=0.0458433672165224
2020-10-05 14:24:18,183 - __main__ - DEBUG - QR 2, Loss=0.045550099582206266
2020-10-05 14:24:18,183 - __main__ - DEBUG - QR 3, Loss=0.04577493240531956
2020-10-05 14:24:18,183 - __main__ - DEBUG - QR 4, Loss=0.0434058057045985
2020-10-05 14:24:18,183 - __main__ - INFO - do_narma=0, Ntrials=10, total loss avg=0.0453059617118744, std=0.0006664448278089759
2020-10-05 14:24:20,440 - __main__ - DEBUG - QR 0, Loss=0.04490725896239459
2020-10-05 14:24:20,440 - __main__ - DEBUG - QR 1, Loss=0.04498320496593736
2020-10-05 14:24:20,440 - __main__ - DEBUG - QR 2, Loss=0.045683130236405564
2020-10-05 14:24:20,440 - __main__ - DEBUG - QR 3, Loss=0.047923211556840664
2020-10-05 14:24:20,440 - __main__ - DEBUG - QR 4, Loss=0.0447245362273598
2020-10-05 14:24:20,527 - __main__ - DEBUG - QR 0, Loss=0.044988579549960654
2020-10-05 14:24:20,528 - __main__ - DEBUG - QR 1, Loss=0.04482511323962642
2020-10-05 14:24:20,528 - __main__ - DEBUG - QR 2, Loss=0.04416530621921756
2020-10-05 14:24:20,528 - __main__ - DEBUG - QR 3, Loss=0.04382334895541027
2020-10-05 14:24:20,528 - __main__ - DEBUG - QR 4, Loss=0.04651285987311703
2020-10-05 14:24:30,485 - __main__ - INFO - innate_buffer=2000, innate_train_len=2000, innate_val_len=2000
2020-10-05 14:24:30,486 - __main__ - INFO - target_state_list=(6000, 25), target_innate_seq=(6000, 5)
2020-10-05 14:24:30,592 - __main__ - INFO - innate_buffer=2000, innate_train_len=2000, innate_val_len=2000
2020-10-05 14:24:30,592 - __main__ - INFO - target_state_list=(6000, 25), target_innate_seq=(6000, 5)
2020-10-05 14:24:40,000 - __main__ - DEBUG - QR 0, Loss=0.045242063851690516
2020-10-05 14:24:40,000 - __main__ - DEBUG - QR 1, Loss=0.04515645215004977
2020-10-05 14:24:40,000 - __main__ - DEBUG - QR 2, Loss=0.045680249372339915
2020-10-05 14:24:40,000 - __main__ - DEBUG - QR 3, Loss=0.04544953246221126
2020-10-05 14:24:40,001 - __main__ - DEBUG - QR 4, Loss=0.04470252458800694
2020-10-05 14:24:41,059 - __main__ - DEBUG - QR 0, Loss=0.045390809553036184
2020-10-05 14:24:41,059 - __main__ - DEBUG - QR 1, Loss=0.04545803146557766
2020-10-05 14:24:41,059 - __main__ - DEBUG - QR 2, Loss=0.045544703202690266
2020-10-05 14:24:41,060 - __main__ - DEBUG - QR 3, Loss=0.04565502346814514
2020-10-05 14:24:41,060 - __main__ - DEBUG - QR 4, Loss=0.0435094839879942
2020-10-05 14:24:41,060 - __main__ - INFO - do_narma=0, Ntrials=10, total loss avg=0.04489898950394221, std=0.00041733548443786007
2020-10-05 14:24:49,837 - __main__ - INFO - innate_buffer=2000, innate_train_len=2000, innate_val_len=2000
2020-10-05 14:24:49,838 - __main__ - INFO - target_state_list=(6000, 25), target_innate_seq=(6000, 5)
2020-10-05 14:24:59,162 - __main__ - DEBUG - QR 0, Loss=0.04539276530430131
2020-10-05 14:24:59,162 - __main__ - DEBUG - QR 1, Loss=0.04551344517526328
2020-10-05 14:24:59,162 - __main__ - DEBUG - QR 2, Loss=0.045550967382372146
2020-10-05 14:24:59,162 - __main__ - DEBUG - QR 3, Loss=0.04559881548980474
2020-10-05 14:24:59,162 - __main__ - DEBUG - QR 4, Loss=0.043483363949865766
2020-10-05 14:24:59,162 - __main__ - INFO - do_narma=0, Ntrials=10, total loss avg=0.04522899677196719, std=0.0006750444985452045
