2020-10-05 14:20:06,240 - __main__ - INFO - n_units=5
2020-10-05 14:20:06,240 - __main__ - INFO - max_energy=1.0
2020-10-05 14:20:06,240 - __main__ - INFO - beta=1e-14
2020-10-05 14:20:06,241 - __main__ - INFO - taudelta=1.0
2020-10-05 14:20:06,241 - __main__ - INFO - V=1
2020-10-05 14:20:06,241 - __main__ - INFO - layers=5
2020-10-05 14:20:06,241 - __main__ - INFO - train_len=2000, val_len=2000, buffer=2000
2020-10-05 14:20:06,241 - __main__ - INFO - alpha=0.5, Ntrials=10
2020-10-05 14:20:06,241 - __main__ - INFO - noise=0.0006000000000000001, learning rate=0.0,scale_input=0.2
2020-10-05 14:20:06,278 - __main__ - INFO - n_units=5
2020-10-05 14:20:06,278 - __main__ - INFO - max_energy=1.0
2020-10-05 14:20:06,278 - __main__ - INFO - beta=1e-14
2020-10-05 14:20:06,278 - __main__ - INFO - taudelta=2.0
2020-10-05 14:20:06,278 - __main__ - INFO - V=1
2020-10-05 14:20:06,278 - __main__ - INFO - layers=5
2020-10-05 14:20:06,278 - __main__ - INFO - train_len=2000, val_len=2000, buffer=2000
2020-10-05 14:20:06,279 - __main__ - INFO - alpha=0.5, Ntrials=10
2020-10-05 14:20:06,279 - __main__ - INFO - noise=0.0006000000000000001, learning rate=0.0,scale_input=0.2
2020-10-05 14:20:06,336 - __main__ - INFO - n_units=5
2020-10-05 14:20:06,336 - __main__ - INFO - max_energy=1.0
2020-10-05 14:20:06,336 - __main__ - INFO - beta=1e-14
2020-10-05 14:20:06,337 - __main__ - INFO - taudelta=4.0
2020-10-05 14:20:06,337 - __main__ - INFO - V=1
2020-10-05 14:20:06,337 - __main__ - INFO - layers=5
2020-10-05 14:20:06,337 - __main__ - INFO - train_len=2000, val_len=2000, buffer=2000
2020-10-05 14:20:06,337 - __main__ - INFO - alpha=0.5, Ntrials=10
2020-10-05 14:20:06,337 - __main__ - INFO - noise=0.0006000000000000001, learning rate=0.0,scale_input=0.2
2020-10-05 14:20:22,362 - __main__ - INFO - innate_buffer=2000, innate_train_len=2000, innate_val_len=2000
2020-10-05 14:20:22,362 - __main__ - INFO - target_state_list=(6000, 25), target_innate_seq=(6000, 5)
2020-10-05 14:20:22,434 - __main__ - INFO - innate_buffer=2000, innate_train_len=2000, innate_val_len=2000
2020-10-05 14:20:22,435 - __main__ - INFO - target_state_list=(6000, 25), target_innate_seq=(6000, 5)
2020-10-05 14:20:23,660 - __main__ - INFO - innate_buffer=2000, innate_train_len=2000, innate_val_len=2000
2020-10-05 14:20:23,661 - __main__ - INFO - target_state_list=(6000, 25), target_innate_seq=(6000, 5)
2020-10-05 14:20:38,254 - __main__ - DEBUG - QR 0, Loss=0.02507392672588636
2020-10-05 14:20:38,255 - __main__ - DEBUG - QR 1, Loss=0.024360056080561705
2020-10-05 14:20:38,255 - __main__ - DEBUG - QR 2, Loss=0.02402721908144218
2020-10-05 14:20:38,255 - __main__ - DEBUG - QR 3, Loss=0.024635139909966925
2020-10-05 14:20:38,255 - __main__ - DEBUG - QR 4, Loss=0.024510082316459306
2020-10-05 14:20:39,255 - __main__ - DEBUG - QR 0, Loss=0.030715585131529614
2020-10-05 14:20:39,255 - __main__ - DEBUG - QR 1, Loss=0.02413006564289793
2020-10-05 14:20:39,255 - __main__ - DEBUG - QR 2, Loss=0.02390472339708238
2020-10-05 14:20:39,255 - __main__ - DEBUG - QR 3, Loss=0.0343724765480252
2020-10-05 14:20:39,255 - __main__ - DEBUG - QR 4, Loss=0.024576279624515827
2020-10-05 14:20:40,231 - __main__ - DEBUG - QR 0, Loss=0.026559440608450707
2020-10-05 14:20:40,232 - __main__ - DEBUG - QR 1, Loss=0.0243799946965252
2020-10-05 14:20:40,232 - __main__ - DEBUG - QR 2, Loss=0.023964018142571774
2020-10-05 14:20:40,232 - __main__ - DEBUG - QR 3, Loss=0.039117617389956456
2020-10-05 14:20:40,232 - __main__ - DEBUG - QR 4, Loss=0.024666909289529172
2020-10-05 14:20:50,535 - __main__ - INFO - innate_buffer=2000, innate_train_len=2000, innate_val_len=2000
2020-10-05 14:20:50,535 - __main__ - INFO - target_state_list=(6000, 25), target_innate_seq=(6000, 5)
2020-10-05 14:20:55,261 - __main__ - INFO - innate_buffer=2000, innate_train_len=2000, innate_val_len=2000
2020-10-05 14:20:55,262 - __main__ - INFO - target_state_list=(6000, 25), target_innate_seq=(6000, 5)
2020-10-05 14:20:58,304 - __main__ - INFO - innate_buffer=2000, innate_train_len=2000, innate_val_len=2000
2020-10-05 14:20:58,304 - __main__ - INFO - target_state_list=(6000, 25), target_innate_seq=(6000, 5)
2020-10-05 14:21:00,228 - __main__ - DEBUG - QR 0, Loss=0.024774453057960392
2020-10-05 14:21:00,228 - __main__ - DEBUG - QR 1, Loss=0.02457473901515245
2020-10-05 14:21:00,228 - __main__ - DEBUG - QR 2, Loss=0.024852214796793917
2020-10-05 14:21:00,228 - __main__ - DEBUG - QR 3, Loss=0.024561396637771158
2020-10-05 14:21:00,228 - __main__ - DEBUG - QR 4, Loss=0.025342445007183422
2020-10-05 14:21:10,312 - __main__ - INFO - innate_buffer=2000, innate_train_len=2000, innate_val_len=2000
2020-10-05 14:21:10,312 - __main__ - INFO - target_state_list=(6000, 25), target_innate_seq=(6000, 5)
2020-10-05 14:21:12,659 - __main__ - DEBUG - QR 0, Loss=0.02448938794414463
2020-10-05 14:21:12,659 - __main__ - DEBUG - QR 1, Loss=0.02463399149792281
2020-10-05 14:21:12,660 - __main__ - DEBUG - QR 2, Loss=0.02455541055117783
2020-10-05 14:21:12,660 - __main__ - DEBUG - QR 3, Loss=0.02425841376554895
2020-10-05 14:21:12,660 - __main__ - DEBUG - QR 4, Loss=0.024855642597462743
2020-10-05 14:21:15,790 - __main__ - DEBUG - QR 0, Loss=0.024957105056129678
2020-10-05 14:21:15,791 - __main__ - DEBUG - QR 1, Loss=0.024922476368687344
2020-10-05 14:21:15,791 - __main__ - DEBUG - QR 2, Loss=0.025143125219703556
2020-10-05 14:21:15,791 - __main__ - DEBUG - QR 3, Loss=0.0242324319944379
2020-10-05 14:21:15,792 - __main__ - DEBUG - QR 4, Loss=0.02539400773243176
2020-10-05 14:21:20,066 - __main__ - DEBUG - QR 0, Loss=0.02606510153395438
2020-10-05 14:21:20,066 - __main__ - DEBUG - QR 1, Loss=0.024620145700235543
2020-10-05 14:21:20,067 - __main__ - DEBUG - QR 2, Loss=0.024467764839777237
2020-10-05 14:21:20,067 - __main__ - DEBUG - QR 3, Loss=0.025016412996268347
2020-10-05 14:21:20,067 - __main__ - DEBUG - QR 4, Loss=0.02472422892041591
2020-10-05 14:21:30,197 - __main__ - INFO - innate_buffer=2000, innate_train_len=2000, innate_val_len=2000
2020-10-05 14:21:30,198 - __main__ - INFO - target_state_list=(6000, 25), target_innate_seq=(6000, 5)
2020-10-05 14:21:30,553 - __main__ - INFO - innate_buffer=2000, innate_train_len=2000, innate_val_len=2000
2020-10-05 14:21:30,554 - __main__ - INFO - target_state_list=(6000, 25), target_innate_seq=(6000, 5)
2020-10-05 14:21:33,303 - __main__ - INFO - innate_buffer=2000, innate_train_len=2000, innate_val_len=2000
2020-10-05 14:21:33,303 - __main__ - INFO - target_state_list=(6000, 25), target_innate_seq=(6000, 5)
2020-10-05 14:21:39,979 - __main__ - DEBUG - QR 0, Loss=0.023595597440182244
2020-10-05 14:21:39,979 - __main__ - DEBUG - QR 1, Loss=0.027553975925546377
2020-10-05 14:21:39,980 - __main__ - DEBUG - QR 2, Loss=0.02461232891499318
2020-10-05 14:21:39,980 - __main__ - DEBUG - QR 3, Loss=0.024681797855551513
2020-10-05 14:21:39,980 - __main__ - DEBUG - QR 4, Loss=0.024439955229373395
2020-10-05 14:21:46,253 - __main__ - DEBUG - QR 0, Loss=0.029608878275275856
2020-10-05 14:21:46,254 - __main__ - DEBUG - QR 1, Loss=0.024624364747683414
2020-10-05 14:21:46,254 - __main__ - DEBUG - QR 2, Loss=0.028404142311455147
2020-10-05 14:21:46,254 - __main__ - DEBUG - QR 3, Loss=0.02492616585755269
2020-10-05 14:21:46,254 - __main__ - DEBUG - QR 4, Loss=0.02636007099891358
2020-10-05 14:21:50,135 - __main__ - INFO - innate_buffer=2000, innate_train_len=2000, innate_val_len=2000
2020-10-05 14:21:50,136 - __main__ - INFO - target_state_list=(6000, 25), target_innate_seq=(6000, 5)
2020-10-05 14:21:50,258 - __main__ - DEBUG - QR 0, Loss=0.0291732708245104
2020-10-05 14:21:50,259 - __main__ - DEBUG - QR 1, Loss=0.024712397008715026
2020-10-05 14:21:50,259 - __main__ - DEBUG - QR 2, Loss=0.024738652300743416
2020-10-05 14:21:50,259 - __main__ - DEBUG - QR 3, Loss=0.02501521123234219
2020-10-05 14:21:50,259 - __main__ - DEBUG - QR 4, Loss=0.026731717507468365
2020-10-05 14:21:59,932 - __main__ - DEBUG - QR 0, Loss=0.025099847839741653
2020-10-05 14:21:59,933 - __main__ - DEBUG - QR 1, Loss=0.024484552136226957
2020-10-05 14:21:59,933 - __main__ - DEBUG - QR 2, Loss=0.024732161797007546
2020-10-05 14:21:59,933 - __main__ - DEBUG - QR 3, Loss=0.02498177150905505
2020-10-05 14:21:59,933 - __main__ - DEBUG - QR 4, Loss=0.024434061393151036
2020-10-05 14:22:02,610 - __main__ - INFO - innate_buffer=2000, innate_train_len=2000, innate_val_len=2000
2020-10-05 14:22:02,610 - __main__ - INFO - target_state_list=(6000, 25), target_innate_seq=(6000, 5)
2020-10-05 14:22:07,677 - __main__ - INFO - innate_buffer=2000, innate_train_len=2000, innate_val_len=2000
2020-10-05 14:22:07,678 - __main__ - INFO - target_state_list=(6000, 25), target_innate_seq=(6000, 5)
2020-10-05 14:22:15,293 - __main__ - INFO - innate_buffer=2000, innate_train_len=2000, innate_val_len=2000
2020-10-05 14:22:15,293 - __main__ - INFO - target_state_list=(6000, 25), target_innate_seq=(6000, 5)
2020-10-05 14:22:18,847 - __main__ - DEBUG - QR 0, Loss=0.023595067270490856
2020-10-05 14:22:18,847 - __main__ - DEBUG - QR 1, Loss=0.03232806200229158
2020-10-05 14:22:18,848 - __main__ - DEBUG - QR 2, Loss=0.02471191191149302
2020-10-05 14:22:18,848 - __main__ - DEBUG - QR 3, Loss=0.02479426697912151
2020-10-05 14:22:18,848 - __main__ - DEBUG - QR 4, Loss=0.024285604432675356
2020-10-05 14:22:24,398 - __main__ - DEBUG - QR 0, Loss=0.023595507099991496
2020-10-05 14:22:24,398 - __main__ - DEBUG - QR 1, Loss=0.03360515807344831
2020-10-05 14:22:24,399 - __main__ - DEBUG - QR 2, Loss=0.02610142315742039
2020-10-05 14:22:24,399 - __main__ - DEBUG - QR 3, Loss=0.025037229623055476
2020-10-05 14:22:24,399 - __main__ - DEBUG - QR 4, Loss=0.024269926064291437
2020-10-05 14:22:31,838 - __main__ - DEBUG - QR 0, Loss=0.024325450228292363
2020-10-05 14:22:31,839 - __main__ - DEBUG - QR 1, Loss=0.025551657333420474
2020-10-05 14:22:31,839 - __main__ - DEBUG - QR 2, Loss=0.0244899234434947
2020-10-05 14:22:31,839 - __main__ - DEBUG - QR 3, Loss=0.025114269053098416
2020-10-05 14:22:31,839 - __main__ - DEBUG - QR 4, Loss=0.024734510887288053
2020-10-05 14:22:36,781 - __main__ - INFO - innate_buffer=2000, innate_train_len=2000, innate_val_len=2000
2020-10-05 14:22:36,781 - __main__ - INFO - target_state_list=(6000, 25), target_innate_seq=(6000, 5)
2020-10-05 14:22:42,055 - __main__ - INFO - innate_buffer=2000, innate_train_len=2000, innate_val_len=2000
2020-10-05 14:22:42,056 - __main__ - INFO - target_state_list=(6000, 25), target_innate_seq=(6000, 5)
2020-10-05 14:22:48,992 - __main__ - INFO - innate_buffer=2000, innate_train_len=2000, innate_val_len=2000
2020-10-05 14:22:48,992 - __main__ - INFO - target_state_list=(6000, 25), target_innate_seq=(6000, 5)
2020-10-05 14:22:53,630 - __main__ - DEBUG - QR 0, Loss=0.02504682295988749
2020-10-05 14:22:53,630 - __main__ - DEBUG - QR 1, Loss=0.02448833648081617
2020-10-05 14:22:53,630 - __main__ - DEBUG - QR 2, Loss=0.025499978540411684
2020-10-05 14:22:53,630 - __main__ - DEBUG - QR 3, Loss=0.02509611394168098
2020-10-05 14:22:53,630 - __main__ - DEBUG - QR 4, Loss=0.024422342910094576
2020-10-05 14:22:59,632 - __main__ - DEBUG - QR 0, Loss=0.025470871477868456
2020-10-05 14:22:59,633 - __main__ - DEBUG - QR 1, Loss=0.02448974120276583
2020-10-05 14:22:59,633 - __main__ - DEBUG - QR 2, Loss=0.026640495984160076
2020-10-05 14:22:59,633 - __main__ - DEBUG - QR 3, Loss=0.02484253625230942
2020-10-05 14:22:59,633 - __main__ - DEBUG - QR 4, Loss=0.025755903613972182
2020-10-05 14:23:05,236 - __main__ - DEBUG - QR 0, Loss=0.024302130413216192
2020-10-05 14:23:05,236 - __main__ - DEBUG - QR 1, Loss=0.024248666652388843
2020-10-05 14:23:05,236 - __main__ - DEBUG - QR 2, Loss=0.023100070888543024
2020-10-05 14:23:05,236 - __main__ - DEBUG - QR 3, Loss=0.024442334537413957
2020-10-05 14:23:05,237 - __main__ - DEBUG - QR 4, Loss=0.02434187344594431
2020-10-05 14:23:10,283 - __main__ - INFO - innate_buffer=2000, innate_train_len=2000, innate_val_len=2000
2020-10-05 14:23:10,284 - __main__ - INFO - target_state_list=(6000, 25), target_innate_seq=(6000, 5)
2020-10-05 14:23:17,258 - __main__ - INFO - innate_buffer=2000, innate_train_len=2000, innate_val_len=2000
2020-10-05 14:23:17,258 - __main__ - INFO - target_state_list=(6000, 25), target_innate_seq=(6000, 5)
2020-10-05 14:23:21,847 - __main__ - INFO - innate_buffer=2000, innate_train_len=2000, innate_val_len=2000
2020-10-05 14:23:21,848 - __main__ - INFO - target_state_list=(6000, 25), target_innate_seq=(6000, 5)
2020-10-05 14:23:27,842 - __main__ - DEBUG - QR 0, Loss=0.024326184611741748
2020-10-05 14:23:27,842 - __main__ - DEBUG - QR 1, Loss=0.025788417738546912
2020-10-05 14:23:27,842 - __main__ - DEBUG - QR 2, Loss=0.024859950980758126
2020-10-05 14:23:27,843 - __main__ - DEBUG - QR 3, Loss=0.02520061158505388
2020-10-05 14:23:27,843 - __main__ - DEBUG - QR 4, Loss=0.024732082938209828
2020-10-05 14:23:34,189 - __main__ - DEBUG - QR 0, Loss=0.024338478963905594
2020-10-05 14:23:34,190 - __main__ - DEBUG - QR 1, Loss=0.02621234635513209
2020-10-05 14:23:34,190 - __main__ - DEBUG - QR 2, Loss=0.024590443941751083
2020-10-05 14:23:34,190 - __main__ - DEBUG - QR 3, Loss=0.02526454487599609
2020-10-05 14:23:34,190 - __main__ - DEBUG - QR 4, Loss=0.024627392577611238
2020-10-05 14:23:38,292 - __main__ - DEBUG - QR 0, Loss=0.02469330346565407
2020-10-05 14:23:38,293 - __main__ - DEBUG - QR 1, Loss=0.02463811979708288
2020-10-05 14:23:38,293 - __main__ - DEBUG - QR 2, Loss=0.024122996362591145
2020-10-05 14:23:38,293 - __main__ - DEBUG - QR 3, Loss=0.02402089320449542
2020-10-05 14:23:38,293 - __main__ - DEBUG - QR 4, Loss=0.02536412452226482
2020-10-05 14:23:44,202 - __main__ - INFO - innate_buffer=2000, innate_train_len=2000, innate_val_len=2000
2020-10-05 14:23:44,203 - __main__ - INFO - target_state_list=(6000, 25), target_innate_seq=(6000, 5)
2020-10-05 14:23:51,660 - __main__ - INFO - innate_buffer=2000, innate_train_len=2000, innate_val_len=2000
2020-10-05 14:23:51,661 - __main__ - INFO - target_state_list=(6000, 25), target_innate_seq=(6000, 5)
2020-10-05 14:23:54,549 - __main__ - INFO - innate_buffer=2000, innate_train_len=2000, innate_val_len=2000
2020-10-05 14:23:54,550 - __main__ - INFO - target_state_list=(6000, 25), target_innate_seq=(6000, 5)
2020-10-05 14:24:01,092 - __main__ - DEBUG - QR 0, Loss=0.02433923428953945
2020-10-05 14:24:01,093 - __main__ - DEBUG - QR 1, Loss=0.024175871200653336
2020-10-05 14:24:01,093 - __main__ - DEBUG - QR 2, Loss=0.023477687846010294
2020-10-05 14:24:01,093 - __main__ - DEBUG - QR 3, Loss=0.024444467003425178
2020-10-05 14:24:01,093 - __main__ - DEBUG - QR 4, Loss=0.024308806111360184
2020-10-05 14:24:07,377 - __main__ - DEBUG - QR 0, Loss=0.0243269866080053
2020-10-05 14:24:07,377 - __main__ - DEBUG - QR 1, Loss=0.02426413167050954
2020-10-05 14:24:07,377 - __main__ - DEBUG - QR 2, Loss=0.023404360748458638
2020-10-05 14:24:07,377 - __main__ - DEBUG - QR 3, Loss=0.02445163088873894
2020-10-05 14:24:07,377 - __main__ - DEBUG - QR 4, Loss=0.024614138828651044
2020-10-05 14:24:11,170 - __main__ - DEBUG - QR 0, Loss=0.02459416277520901
2020-10-05 14:24:11,170 - __main__ - DEBUG - QR 1, Loss=0.02465502050564222
2020-10-05 14:24:11,171 - __main__ - DEBUG - QR 2, Loss=0.025024893691281587
2020-10-05 14:24:11,171 - __main__ - DEBUG - QR 3, Loss=0.029103590750804324
2020-10-05 14:24:11,171 - __main__ - DEBUG - QR 4, Loss=0.02449914498634472
2020-10-05 14:24:17,550 - __main__ - INFO - innate_buffer=2000, innate_train_len=2000, innate_val_len=2000
2020-10-05 14:24:17,550 - __main__ - INFO - target_state_list=(6000, 25), target_innate_seq=(6000, 5)
2020-10-05 14:24:18,504 - __main__ - INFO - innate_buffer=2000, innate_train_len=2000, innate_val_len=2000
2020-10-05 14:24:18,504 - __main__ - INFO - target_state_list=(6000, 25), target_innate_seq=(6000, 5)
2020-10-05 14:24:28,607 - __main__ - INFO - innate_buffer=2000, innate_train_len=2000, innate_val_len=2000
2020-10-05 14:24:28,608 - __main__ - INFO - target_state_list=(6000, 25), target_innate_seq=(6000, 5)
2020-10-05 14:24:30,454 - __main__ - DEBUG - QR 0, Loss=0.024640655430251224
2020-10-05 14:24:30,455 - __main__ - DEBUG - QR 1, Loss=0.02476316087583791
2020-10-05 14:24:30,455 - __main__ - DEBUG - QR 2, Loss=0.02443826324799547
2020-10-05 14:24:30,455 - __main__ - DEBUG - QR 3, Loss=0.024015110509893533
2020-10-05 14:24:30,455 - __main__ - DEBUG - QR 4, Loss=0.025545626108395086
2020-10-05 14:24:34,692 - __main__ - DEBUG - QR 0, Loss=0.024830882842280917
2020-10-05 14:24:34,693 - __main__ - DEBUG - QR 1, Loss=0.024556030570183397
2020-10-05 14:24:34,693 - __main__ - DEBUG - QR 2, Loss=0.024341862072437343
2020-10-05 14:24:34,693 - __main__ - DEBUG - QR 3, Loss=0.02401491852163166
2020-10-05 14:24:34,693 - __main__ - DEBUG - QR 4, Loss=0.02584844222501015
2020-10-05 14:24:38,835 - __main__ - DEBUG - QR 0, Loss=0.024862331163056292
2020-10-05 14:24:38,835 - __main__ - DEBUG - QR 1, Loss=0.02500189368960689
2020-10-05 14:24:38,836 - __main__ - DEBUG - QR 2, Loss=0.02494560954974026
2020-10-05 14:24:38,836 - __main__ - DEBUG - QR 3, Loss=0.025070747332892444
2020-10-05 14:24:38,836 - __main__ - DEBUG - QR 4, Loss=0.024005670720212997
2020-10-05 14:24:38,836 - __main__ - INFO - do_narma=0, Ntrials=10, total loss avg=0.024789495321212753, std=0.00036178114755795163
2020-10-05 14:24:47,405 - __main__ - INFO - innate_buffer=2000, innate_train_len=2000, innate_val_len=2000
2020-10-05 14:24:47,405 - __main__ - INFO - target_state_list=(6000, 25), target_innate_seq=(6000, 5)
2020-10-05 14:24:51,628 - __main__ - INFO - innate_buffer=2000, innate_train_len=2000, innate_val_len=2000
2020-10-05 14:24:51,628 - __main__ - INFO - target_state_list=(6000, 25), target_innate_seq=(6000, 5)
2020-10-05 14:24:58,537 - __main__ - DEBUG - QR 0, Loss=0.024808902449208903
2020-10-05 14:24:58,538 - __main__ - DEBUG - QR 1, Loss=0.024981783614361763
2020-10-05 14:24:58,538 - __main__ - DEBUG - QR 2, Loss=0.02501878950638883
2020-10-05 14:24:58,538 - __main__ - DEBUG - QR 3, Loss=0.025351038179605868
2020-10-05 14:24:58,538 - __main__ - DEBUG - QR 4, Loss=0.024469087404469226
2020-10-05 14:25:06,492 - __main__ - DEBUG - QR 0, Loss=0.02512097982039582
2020-10-05 14:25:06,492 - __main__ - DEBUG - QR 1, Loss=0.025061431668704455
2020-10-05 14:25:06,492 - __main__ - DEBUG - QR 2, Loss=0.02501901844362844
2020-10-05 14:25:06,492 - __main__ - DEBUG - QR 3, Loss=0.02500280926287596
2020-10-05 14:25:06,492 - __main__ - DEBUG - QR 4, Loss=0.024475540391778
2020-10-05 14:25:07,799 - __main__ - INFO - innate_buffer=2000, innate_train_len=2000, innate_val_len=2000
2020-10-05 14:25:07,800 - __main__ - INFO - target_state_list=(6000, 25), target_innate_seq=(6000, 5)
2020-10-05 14:25:14,816 - __main__ - INFO - innate_buffer=2000, innate_train_len=2000, innate_val_len=2000
2020-10-05 14:25:14,816 - __main__ - INFO - target_state_list=(6000, 25), target_innate_seq=(6000, 5)
2020-10-05 14:25:15,686 - __main__ - DEBUG - QR 0, Loss=0.024882272648641166
2020-10-05 14:25:15,686 - __main__ - DEBUG - QR 1, Loss=0.025648420638127133
2020-10-05 14:25:15,686 - __main__ - DEBUG - QR 2, Loss=0.02496661725795204
2020-10-05 14:25:15,686 - __main__ - DEBUG - QR 3, Loss=0.025263458958334473
2020-10-05 14:25:15,686 - __main__ - DEBUG - QR 4, Loss=0.023774794796805106
2020-10-05 14:25:15,686 - __main__ - INFO - do_narma=0, Ntrials=10, total loss avg=0.02544359210013027, std=0.0009965903657553129
2020-10-05 14:25:21,871 - __main__ - DEBUG - QR 0, Loss=0.024862379674866552
2020-10-05 14:25:21,871 - __main__ - DEBUG - QR 1, Loss=0.025096896225513015
2020-10-05 14:25:21,871 - __main__ - DEBUG - QR 2, Loss=0.024950037090183702
2020-10-05 14:25:21,871 - __main__ - DEBUG - QR 3, Loss=0.024979678758728596
2020-10-05 14:25:21,871 - __main__ - DEBUG - QR 4, Loss=0.023899050317602366
2020-10-05 14:25:21,871 - __main__ - INFO - do_narma=0, Ntrials=10, total loss avg=0.025327947570225422, std=0.0010256135042017319
