2020-10-05 12:53:00,908 - __main__ - INFO - n_units=5
2020-10-05 12:53:00,908 - __main__ - INFO - max_energy=1.0
2020-10-05 12:53:00,908 - __main__ - INFO - beta=1e-14
2020-10-05 12:53:00,908 - __main__ - INFO - taudelta=1.0
2020-10-05 12:53:00,908 - __main__ - INFO - V=1
2020-10-05 12:53:00,908 - __main__ - INFO - layers=5
2020-10-05 12:53:00,908 - __main__ - INFO - train_len=2000, val_len=2000, buffer=2000
2020-10-05 12:53:00,908 - __main__ - INFO - alpha=0.5, Ntrials=10
2020-10-05 12:53:00,908 - __main__ - INFO - noise=0.0008, learning rate=10.0,scale_input=0.2
2020-10-05 12:53:00,945 - __main__ - INFO - n_units=5
2020-10-05 12:53:00,945 - __main__ - INFO - max_energy=1.0
2020-10-05 12:53:00,945 - __main__ - INFO - beta=1e-14
2020-10-05 12:53:00,945 - __main__ - INFO - taudelta=2.0
2020-10-05 12:53:00,946 - __main__ - INFO - V=1
2020-10-05 12:53:00,946 - __main__ - INFO - layers=5
2020-10-05 12:53:00,946 - __main__ - INFO - train_len=2000, val_len=2000, buffer=2000
2020-10-05 12:53:00,946 - __main__ - INFO - alpha=0.5, Ntrials=10
2020-10-05 12:53:00,946 - __main__ - INFO - noise=0.0008, learning rate=10.0,scale_input=0.2
2020-10-05 12:53:01,007 - __main__ - INFO - n_units=5
2020-10-05 12:53:01,007 - __main__ - INFO - max_energy=1.0
2020-10-05 12:53:01,007 - __main__ - INFO - beta=1e-14
2020-10-05 12:53:01,007 - __main__ - INFO - taudelta=4.0
2020-10-05 12:53:01,008 - __main__ - INFO - V=1
2020-10-05 12:53:01,008 - __main__ - INFO - layers=5
2020-10-05 12:53:01,008 - __main__ - INFO - train_len=2000, val_len=2000, buffer=2000
2020-10-05 12:53:01,008 - __main__ - INFO - alpha=0.5, Ntrials=10
2020-10-05 12:53:01,008 - __main__ - INFO - noise=0.0008, learning rate=10.0,scale_input=0.2
2020-10-05 12:53:16,392 - __main__ - INFO - innate_buffer=2000, innate_train_len=2000, innate_val_len=2000
2020-10-05 12:53:16,392 - __main__ - INFO - target_state_list=(6000, 25), target_innate_seq=(6000, 5)
2020-10-05 12:53:16,898 - __main__ - INFO - innate_buffer=2000, innate_train_len=2000, innate_val_len=2000
2020-10-05 12:53:16,899 - __main__ - INFO - target_state_list=(6000, 25), target_innate_seq=(6000, 5)
2020-10-05 12:53:18,547 - __main__ - INFO - innate_buffer=2000, innate_train_len=2000, innate_val_len=2000
2020-10-05 12:53:18,547 - __main__ - INFO - target_state_list=(6000, 25), target_innate_seq=(6000, 5)
2020-10-05 12:57:59,511 - __main__ - DEBUG - QR 0, Loss=0.0628881711159164
2020-10-05 12:57:59,511 - __main__ - DEBUG - QR 1, Loss=0.02853991570863067
2020-10-05 12:57:59,511 - __main__ - DEBUG - QR 2, Loss=0.028177994506438982
2020-10-05 12:57:59,511 - __main__ - DEBUG - QR 3, Loss=0.028879449623255223
2020-10-05 12:57:59,511 - __main__ - DEBUG - QR 4, Loss=0.02820341228250311
2020-10-05 12:58:16,222 - __main__ - INFO - innate_buffer=2000, innate_train_len=2000, innate_val_len=2000
2020-10-05 12:58:16,222 - __main__ - INFO - target_state_list=(6000, 25), target_innate_seq=(6000, 5)
2020-10-05 12:58:31,163 - __main__ - DEBUG - QR 0, Loss=0.028475291870204603
2020-10-05 12:58:31,163 - __main__ - DEBUG - QR 1, Loss=0.028563580845886484
2020-10-05 12:58:31,164 - __main__ - DEBUG - QR 2, Loss=0.028170056457877984
2020-10-05 12:58:31,164 - __main__ - DEBUG - QR 3, Loss=0.02885638295602002
2020-10-05 12:58:31,164 - __main__ - DEBUG - QR 4, Loss=0.028221393051987363
2020-10-05 12:58:47,396 - __main__ - INFO - innate_buffer=2000, innate_train_len=2000, innate_val_len=2000
2020-10-05 12:58:47,396 - __main__ - INFO - target_state_list=(6000, 25), target_innate_seq=(6000, 5)
2020-10-05 12:58:50,633 - __main__ - DEBUG - QR 0, Loss=0.028565466468693148
2020-10-05 12:58:50,633 - __main__ - DEBUG - QR 1, Loss=0.028556759510463357
2020-10-05 12:58:50,633 - __main__ - DEBUG - QR 2, Loss=0.028178124206585737
2020-10-05 12:58:50,634 - __main__ - DEBUG - QR 3, Loss=0.02887376699282154
2020-10-05 12:58:50,634 - __main__ - DEBUG - QR 4, Loss=0.02821121465433362
2020-10-05 12:59:06,969 - __main__ - INFO - innate_buffer=2000, innate_train_len=2000, innate_val_len=2000
2020-10-05 12:59:06,969 - __main__ - INFO - target_state_list=(6000, 25), target_innate_seq=(6000, 5)
2020-10-05 13:03:13,012 - __main__ - DEBUG - QR 0, Loss=0.02763081468174674
2020-10-05 13:03:13,012 - __main__ - DEBUG - QR 1, Loss=0.027296385089100508
2020-10-05 13:03:13,012 - __main__ - DEBUG - QR 2, Loss=0.028431923147429223
2020-10-05 13:03:13,012 - __main__ - DEBUG - QR 3, Loss=0.02816416852539588
2020-10-05 13:03:13,012 - __main__ - DEBUG - QR 4, Loss=0.028431501696627927
2020-10-05 13:03:30,522 - __main__ - INFO - innate_buffer=2000, innate_train_len=2000, innate_val_len=2000
2020-10-05 13:03:30,522 - __main__ - INFO - target_state_list=(6000, 25), target_innate_seq=(6000, 5)
2020-10-05 13:04:16,327 - __main__ - DEBUG - QR 0, Loss=0.027735964316025367
2020-10-05 13:04:16,327 - __main__ - DEBUG - QR 1, Loss=0.02729647348273947
2020-10-05 13:04:16,328 - __main__ - DEBUG - QR 2, Loss=0.028548957918128517
2020-10-05 13:04:16,328 - __main__ - DEBUG - QR 3, Loss=0.028580380101218654
2020-10-05 13:04:16,328 - __main__ - DEBUG - QR 4, Loss=0.02844145507077279
2020-10-05 13:04:33,206 - __main__ - INFO - innate_buffer=2000, innate_train_len=2000, innate_val_len=2000
2020-10-05 13:04:33,207 - __main__ - INFO - target_state_list=(6000, 25), target_innate_seq=(6000, 5)
2020-10-05 13:04:37,518 - __main__ - DEBUG - QR 0, Loss=0.028471965290144133
2020-10-05 13:04:37,519 - __main__ - DEBUG - QR 1, Loss=0.027313227312941078
2020-10-05 13:04:37,519 - __main__ - DEBUG - QR 2, Loss=0.02857646734473634
2020-10-05 13:04:37,519 - __main__ - DEBUG - QR 3, Loss=0.02819336926419272
2020-10-05 13:04:37,519 - __main__ - DEBUG - QR 4, Loss=0.028430863389544963
2020-10-05 13:04:54,005 - __main__ - INFO - innate_buffer=2000, innate_train_len=2000, innate_val_len=2000
2020-10-05 13:04:54,005 - __main__ - INFO - target_state_list=(6000, 25), target_innate_seq=(6000, 5)
2020-10-05 13:08:26,911 - __main__ - DEBUG - QR 0, Loss=0.028734956951828188
2020-10-05 13:08:26,911 - __main__ - DEBUG - QR 1, Loss=0.02764758897836731
2020-10-05 13:08:26,912 - __main__ - DEBUG - QR 2, Loss=0.028292066980226828
2020-10-05 13:08:26,912 - __main__ - DEBUG - QR 3, Loss=0.02801283390114459
2020-10-05 13:08:26,912 - __main__ - DEBUG - QR 4, Loss=0.02861083415264329
2020-10-05 13:08:43,993 - __main__ - INFO - innate_buffer=2000, innate_train_len=2000, innate_val_len=2000
2020-10-05 13:08:43,993 - __main__ - INFO - target_state_list=(6000, 25), target_innate_seq=(6000, 5)
2020-10-05 13:09:43,567 - __main__ - DEBUG - QR 0, Loss=0.028827301466379192
2020-10-05 13:09:43,567 - __main__ - DEBUG - QR 1, Loss=0.02764891996349694
2020-10-05 13:09:43,567 - __main__ - DEBUG - QR 2, Loss=0.028451849411454518
2020-10-05 13:09:43,567 - __main__ - DEBUG - QR 3, Loss=0.02803140114509193
2020-10-05 13:09:43,568 - __main__ - DEBUG - QR 4, Loss=0.028594094354236203
2020-10-05 13:09:59,970 - __main__ - INFO - innate_buffer=2000, innate_train_len=2000, innate_val_len=2000
2020-10-05 13:09:59,971 - __main__ - INFO - target_state_list=(6000, 25), target_innate_seq=(6000, 5)
2020-10-05 13:10:22,415 - __main__ - DEBUG - QR 0, Loss=0.02886486154319069
2020-10-05 13:10:22,416 - __main__ - DEBUG - QR 1, Loss=0.027655546333153293
2020-10-05 13:10:22,416 - __main__ - DEBUG - QR 2, Loss=0.028241160190382485
2020-10-05 13:10:22,416 - __main__ - DEBUG - QR 3, Loss=0.028530877991219186
2020-10-05 13:10:22,416 - __main__ - DEBUG - QR 4, Loss=0.028602072360378424
2020-10-05 13:10:39,266 - __main__ - INFO - innate_buffer=2000, innate_train_len=2000, innate_val_len=2000
2020-10-05 13:10:39,267 - __main__ - INFO - target_state_list=(6000, 25), target_innate_seq=(6000, 5)
2020-10-05 13:14:31,267 - __main__ - DEBUG - QR 0, Loss=0.028254395974837716
2020-10-05 13:14:31,268 - __main__ - DEBUG - QR 1, Loss=0.028016206172345265
2020-10-05 13:14:31,268 - __main__ - DEBUG - QR 2, Loss=0.02988590853198848
2020-10-05 13:14:31,268 - __main__ - DEBUG - QR 3, Loss=0.028853010721539982
2020-10-05 13:14:31,268 - __main__ - DEBUG - QR 4, Loss=0.02785416017846446
2020-10-05 13:14:48,246 - __main__ - INFO - innate_buffer=2000, innate_train_len=2000, innate_val_len=2000
2020-10-05 13:14:48,246 - __main__ - INFO - target_state_list=(6000, 25), target_innate_seq=(6000, 5)
2020-10-05 13:15:13,266 - __main__ - DEBUG - QR 0, Loss=0.028257047932237968
2020-10-05 13:15:13,266 - __main__ - DEBUG - QR 1, Loss=0.028141295916996715
2020-10-05 13:15:13,267 - __main__ - DEBUG - QR 2, Loss=0.029435534121301534
2020-10-05 13:15:13,267 - __main__ - DEBUG - QR 3, Loss=0.028698091822109348
2020-10-05 13:15:13,267 - __main__ - DEBUG - QR 4, Loss=0.02793643408981287
2020-10-05 13:15:29,522 - __main__ - INFO - innate_buffer=2000, innate_train_len=2000, innate_val_len=2000
2020-10-05 13:15:29,523 - __main__ - INFO - target_state_list=(6000, 25), target_innate_seq=(6000, 5)
2020-10-05 13:16:11,435 - __main__ - DEBUG - QR 0, Loss=0.02825375908098009
2020-10-05 13:16:11,435 - __main__ - DEBUG - QR 1, Loss=0.027952009410814684
2020-10-05 13:16:11,435 - __main__ - DEBUG - QR 2, Loss=0.029774431591264652
2020-10-05 13:16:11,435 - __main__ - DEBUG - QR 3, Loss=0.02899771945513252
2020-10-05 13:16:11,436 - __main__ - DEBUG - QR 4, Loss=0.02783818571217842
2020-10-05 13:16:28,085 - __main__ - INFO - innate_buffer=2000, innate_train_len=2000, innate_val_len=2000
2020-10-05 13:16:28,085 - __main__ - INFO - target_state_list=(6000, 25), target_innate_seq=(6000, 5)
2020-10-05 13:20:21,366 - __main__ - DEBUG - QR 0, Loss=0.027982664717663717
2020-10-05 13:20:21,367 - __main__ - DEBUG - QR 1, Loss=0.02816338891306528
2020-10-05 13:20:21,367 - __main__ - DEBUG - QR 2, Loss=0.028573612676379357
2020-10-05 13:20:21,367 - __main__ - DEBUG - QR 3, Loss=0.028421741440776634
2020-10-05 13:20:21,367 - __main__ - DEBUG - QR 4, Loss=0.02799161865296815
2020-10-05 13:20:38,609 - __main__ - INFO - innate_buffer=2000, innate_train_len=2000, innate_val_len=2000
2020-10-05 13:20:38,609 - __main__ - INFO - target_state_list=(6000, 25), target_innate_seq=(6000, 5)
2020-10-05 13:20:44,969 - __main__ - DEBUG - QR 0, Loss=0.027923038315373197
2020-10-05 13:20:44,970 - __main__ - DEBUG - QR 1, Loss=0.02819830389009846
2020-10-05 13:20:44,970 - __main__ - DEBUG - QR 2, Loss=0.028241902879583662
2020-10-05 13:20:44,970 - __main__ - DEBUG - QR 3, Loss=0.02835943741415346
2020-10-05 13:20:44,970 - __main__ - DEBUG - QR 4, Loss=0.028003867124360687
2020-10-05 13:21:00,933 - __main__ - INFO - innate_buffer=2000, innate_train_len=2000, innate_val_len=2000
2020-10-05 13:21:00,933 - __main__ - INFO - target_state_list=(6000, 25), target_innate_seq=(6000, 5)
2020-10-05 13:21:14,979 - __main__ - DEBUG - QR 0, Loss=0.028014532650326496
2020-10-05 13:21:14,979 - __main__ - DEBUG - QR 1, Loss=0.028217908083640227
2020-10-05 13:21:14,980 - __main__ - DEBUG - QR 2, Loss=0.02875386176998636
2020-10-05 13:21:14,980 - __main__ - DEBUG - QR 3, Loss=0.02819777987161105
2020-10-05 13:21:14,980 - __main__ - DEBUG - QR 4, Loss=0.02813693555591643
2020-10-05 13:21:31,921 - __main__ - INFO - innate_buffer=2000, innate_train_len=2000, innate_val_len=2000
2020-10-05 13:21:31,922 - __main__ - INFO - target_state_list=(6000, 25), target_innate_seq=(6000, 5)
2020-10-05 13:26:07,369 - __main__ - DEBUG - QR 0, Loss=0.028650362873155633
2020-10-05 13:26:07,369 - __main__ - DEBUG - QR 1, Loss=0.02784099156641648
2020-10-05 13:26:07,370 - __main__ - DEBUG - QR 2, Loss=0.027497043029247617
2020-10-05 13:26:07,370 - __main__ - DEBUG - QR 3, Loss=0.028350175177056174
2020-10-05 13:26:07,370 - __main__ - DEBUG - QR 4, Loss=0.028537135734676658
2020-10-05 13:26:18,630 - __main__ - INFO - innate_buffer=2000, innate_train_len=2000, innate_val_len=2000
2020-10-05 13:26:18,630 - __main__ - INFO - target_state_list=(6000, 25), target_innate_seq=(6000, 5)
2020-10-05 13:26:23,506 - __main__ - DEBUG - QR 0, Loss=0.028581008279579947
2020-10-05 13:26:23,506 - __main__ - DEBUG - QR 1, Loss=0.027816288830137727
2020-10-05 13:26:23,507 - __main__ - DEBUG - QR 2, Loss=0.027503111029358943
2020-10-05 13:26:23,507 - __main__ - DEBUG - QR 3, Loss=0.028280006197508617
2020-10-05 13:26:23,507 - __main__ - DEBUG - QR 4, Loss=0.02853465982271933
2020-10-05 13:26:25,069 - __main__ - DEBUG - QR 0, Loss=0.028595150302452493
2020-10-05 13:26:25,069 - __main__ - DEBUG - QR 1, Loss=0.02781625088019714
2020-10-05 13:26:25,070 - __main__ - DEBUG - QR 2, Loss=0.027498127456611548
2020-10-05 13:26:25,070 - __main__ - DEBUG - QR 3, Loss=0.028293273631168476
2020-10-05 13:26:25,070 - __main__ - DEBUG - QR 4, Loss=0.028350646483598006
2020-10-05 13:26:41,270 - __main__ - INFO - innate_buffer=2000, innate_train_len=2000, innate_val_len=2000
2020-10-05 13:26:41,270 - __main__ - INFO - target_state_list=(6000, 25), target_innate_seq=(6000, 5)
2020-10-05 13:26:41,919 - __main__ - INFO - innate_buffer=2000, innate_train_len=2000, innate_val_len=2000
2020-10-05 13:26:41,920 - __main__ - INFO - target_state_list=(6000, 25), target_innate_seq=(6000, 5)
2020-10-05 13:31:08,715 - __main__ - DEBUG - QR 0, Loss=0.029126394829507567
2020-10-05 13:31:08,716 - __main__ - DEBUG - QR 1, Loss=0.029909157455411096
2020-10-05 13:31:08,716 - __main__ - DEBUG - QR 2, Loss=0.028806981977306686
2020-10-05 13:31:08,716 - __main__ - DEBUG - QR 3, Loss=0.027717518503170807
2020-10-05 13:31:08,716 - __main__ - DEBUG - QR 4, Loss=0.02878999932016007
2020-10-05 13:31:22,983 - __main__ - INFO - innate_buffer=2000, innate_train_len=2000, innate_val_len=2000
2020-10-05 13:31:22,983 - __main__ - INFO - target_state_list=(6000, 25), target_innate_seq=(6000, 5)
2020-10-05 13:32:16,438 - __main__ - DEBUG - QR 0, Loss=0.02915908089167084
2020-10-05 13:32:16,438 - __main__ - DEBUG - QR 1, Loss=0.02945767939422335
2020-10-05 13:32:16,439 - __main__ - DEBUG - QR 2, Loss=0.028953988520749166
2020-10-05 13:32:16,439 - __main__ - DEBUG - QR 3, Loss=0.027546476705694337
2020-10-05 13:32:16,439 - __main__ - DEBUG - QR 4, Loss=0.028747268416738067
2020-10-05 13:32:18,796 - __main__ - DEBUG - QR 0, Loss=0.029126644748174998
2020-10-05 13:32:18,796 - __main__ - DEBUG - QR 1, Loss=0.029506221855300992
2020-10-05 13:32:18,797 - __main__ - DEBUG - QR 2, Loss=0.028953995391588182
2020-10-05 13:32:18,797 - __main__ - DEBUG - QR 3, Loss=0.028162322621901693
2020-10-05 13:32:18,797 - __main__ - DEBUG - QR 4, Loss=0.028838827496833072
2020-10-05 13:32:33,503 - __main__ - INFO - innate_buffer=2000, innate_train_len=2000, innate_val_len=2000
2020-10-05 13:32:33,503 - __main__ - INFO - target_state_list=(6000, 25), target_innate_seq=(6000, 5)
2020-10-05 13:32:35,874 - __main__ - INFO - innate_buffer=2000, innate_train_len=2000, innate_val_len=2000
2020-10-05 13:32:35,874 - __main__ - INFO - target_state_list=(6000, 25), target_innate_seq=(6000, 5)
2020-10-05 13:36:13,519 - __main__ - DEBUG - QR 0, Loss=0.02827253660131382
2020-10-05 13:36:13,519 - __main__ - DEBUG - QR 1, Loss=0.02797830187773591
2020-10-05 13:36:13,519 - __main__ - DEBUG - QR 2, Loss=0.028730745810202823
2020-10-05 13:36:13,519 - __main__ - DEBUG - QR 3, Loss=0.0277608730478938
2020-10-05 13:36:13,520 - __main__ - DEBUG - QR 4, Loss=0.02808507101681468
2020-10-05 13:36:26,994 - __main__ - INFO - innate_buffer=2000, innate_train_len=2000, innate_val_len=2000
2020-10-05 13:36:26,994 - __main__ - INFO - target_state_list=(6000, 25), target_innate_seq=(6000, 5)
2020-10-05 13:37:41,316 - __main__ - DEBUG - QR 0, Loss=0.028283416626334344
2020-10-05 13:37:41,317 - __main__ - DEBUG - QR 1, Loss=0.027836884324124008
2020-10-05 13:37:41,317 - __main__ - DEBUG - QR 2, Loss=0.028747206721759427
2020-10-05 13:37:41,317 - __main__ - DEBUG - QR 3, Loss=0.02777550567577963
2020-10-05 13:37:41,317 - __main__ - DEBUG - QR 4, Loss=0.028079571225378266
2020-10-05 13:37:58,471 - __main__ - INFO - innate_buffer=2000, innate_train_len=2000, innate_val_len=2000
2020-10-05 13:37:58,471 - __main__ - INFO - target_state_list=(6000, 25), target_innate_seq=(6000, 5)
2020-10-05 13:38:12,895 - __main__ - DEBUG - QR 0, Loss=0.028275820561903205
2020-10-05 13:38:12,895 - __main__ - DEBUG - QR 1, Loss=0.027918621462817688
2020-10-05 13:38:12,896 - __main__ - DEBUG - QR 2, Loss=0.028749539901166868
2020-10-05 13:38:12,896 - __main__ - DEBUG - QR 3, Loss=0.02773478631942503
2020-10-05 13:38:12,896 - __main__ - DEBUG - QR 4, Loss=0.028079146103330885
2020-10-05 13:38:30,244 - __main__ - INFO - innate_buffer=2000, innate_train_len=2000, innate_val_len=2000
2020-10-05 13:38:30,245 - __main__ - INFO - target_state_list=(6000, 25), target_innate_seq=(6000, 5)
2020-10-05 13:41:29,237 - __main__ - DEBUG - QR 0, Loss=0.028660835382692693
2020-10-05 13:41:29,237 - __main__ - DEBUG - QR 1, Loss=0.02808986357201593
2020-10-05 13:41:29,238 - __main__ - DEBUG - QR 2, Loss=0.028654031699367994
2020-10-05 13:41:29,239 - __main__ - DEBUG - QR 3, Loss=0.02822084652325681
2020-10-05 13:41:29,239 - __main__ - DEBUG - QR 4, Loss=0.02896431541631345
2020-10-05 13:41:42,392 - __main__ - INFO - innate_buffer=2000, innate_train_len=2000, innate_val_len=2000
2020-10-05 13:41:42,393 - __main__ - INFO - target_state_list=(6000, 25), target_innate_seq=(6000, 5)
2020-10-05 13:43:32,607 - __main__ - DEBUG - QR 0, Loss=0.02875930515749285
2020-10-05 13:43:32,607 - __main__ - DEBUG - QR 1, Loss=0.02822606038128758
2020-10-05 13:43:32,608 - __main__ - DEBUG - QR 2, Loss=0.028656957742341414
2020-10-05 13:43:32,608 - __main__ - DEBUG - QR 3, Loss=0.02805339773972617
2020-10-05 13:43:32,608 - __main__ - DEBUG - QR 4, Loss=0.02897146181870831
2020-10-05 13:43:50,087 - __main__ - INFO - innate_buffer=2000, innate_train_len=2000, innate_val_len=2000
2020-10-05 13:43:50,087 - __main__ - INFO - target_state_list=(6000, 25), target_innate_seq=(6000, 5)
2020-10-05 13:44:02,161 - __main__ - DEBUG - QR 0, Loss=0.028727569859112866
2020-10-05 13:44:02,161 - __main__ - DEBUG - QR 1, Loss=0.028211649686564755
2020-10-05 13:44:02,161 - __main__ - DEBUG - QR 2, Loss=0.028654606014610954
2020-10-05 13:44:02,161 - __main__ - DEBUG - QR 3, Loss=0.028105464021953637
2020-10-05 13:44:02,161 - __main__ - DEBUG - QR 4, Loss=0.028984952621675115
2020-10-05 13:44:18,421 - __main__ - INFO - innate_buffer=2000, innate_train_len=2000, innate_val_len=2000
2020-10-05 13:44:18,421 - __main__ - INFO - target_state_list=(6000, 25), target_innate_seq=(6000, 5)
2020-10-05 13:46:30,311 - __main__ - DEBUG - QR 0, Loss=0.02767031455265665
2020-10-05 13:46:30,311 - __main__ - DEBUG - QR 1, Loss=0.028303955858526263
2020-10-05 13:46:30,311 - __main__ - DEBUG - QR 2, Loss=0.027741713708937004
2020-10-05 13:46:30,311 - __main__ - DEBUG - QR 3, Loss=0.02811267497006856
2020-10-05 13:46:30,311 - __main__ - DEBUG - QR 4, Loss=0.028733033726701388
2020-10-05 13:46:30,311 - __main__ - INFO - do_narma=0, Ntrials=10, total loss avg=0.02833686660296309, std=0.00023371140718832285
2020-10-05 13:47:16,031 - __main__ - DEBUG - QR 0, Loss=0.02767362150178956
2020-10-05 13:47:16,031 - __main__ - DEBUG - QR 1, Loss=0.028298501264345775
2020-10-05 13:47:16,031 - __main__ - DEBUG - QR 2, Loss=0.027721519449805356
2020-10-05 13:47:16,031 - __main__ - DEBUG - QR 3, Loss=0.02800496858307948
2020-10-05 13:47:16,031 - __main__ - DEBUG - QR 4, Loss=0.02752281089158384
2020-10-05 13:47:16,031 - __main__ - INFO - do_narma=0, Ntrials=10, total loss avg=0.028982589650264002, std=0.002135010791628031
2020-10-05 13:47:34,805 - __main__ - DEBUG - QR 0, Loss=0.027679769909448496
2020-10-05 13:47:34,805 - __main__ - DEBUG - QR 1, Loss=0.028296428671376012
2020-10-05 13:47:34,805 - __main__ - DEBUG - QR 2, Loss=0.027905796297064647
2020-10-05 13:47:34,805 - __main__ - DEBUG - QR 3, Loss=0.028150452433041453
2020-10-05 13:47:34,805 - __main__ - DEBUG - QR 4, Loss=0.027500608250357682
2020-10-05 13:47:34,805 - __main__ - INFO - do_narma=0, Ntrials=10, total loss avg=0.02835039078032615, std=0.00027266751029040513
