2020-10-05 12:53:00,901 - __main__ - INFO - n_units=5
2020-10-05 12:53:00,901 - __main__ - INFO - max_energy=1.0
2020-10-05 12:53:00,901 - __main__ - INFO - beta=1e-14
2020-10-05 12:53:00,901 - __main__ - INFO - taudelta=1.0
2020-10-05 12:53:00,901 - __main__ - INFO - V=1
2020-10-05 12:53:00,901 - __main__ - INFO - layers=5
2020-10-05 12:53:00,901 - __main__ - INFO - train_len=2000, val_len=2000, buffer=2000
2020-10-05 12:53:00,902 - __main__ - INFO - alpha=0.5, Ntrials=10
2020-10-05 12:53:00,902 - __main__ - INFO - noise=9e-05, learning rate=10.0,scale_input=0.2
2020-10-05 12:53:00,934 - __main__ - INFO - n_units=5
2020-10-05 12:53:00,935 - __main__ - INFO - max_energy=1.0
2020-10-05 12:53:00,935 - __main__ - INFO - beta=1e-14
2020-10-05 12:53:00,935 - __main__ - INFO - taudelta=2.0
2020-10-05 12:53:00,935 - __main__ - INFO - V=1
2020-10-05 12:53:00,935 - __main__ - INFO - layers=5
2020-10-05 12:53:00,935 - __main__ - INFO - train_len=2000, val_len=2000, buffer=2000
2020-10-05 12:53:00,935 - __main__ - INFO - alpha=0.5, Ntrials=10
2020-10-05 12:53:00,935 - __main__ - INFO - noise=9e-05, learning rate=10.0,scale_input=0.2
2020-10-05 12:53:00,993 - __main__ - INFO - n_units=5
2020-10-05 12:53:00,993 - __main__ - INFO - max_energy=1.0
2020-10-05 12:53:00,993 - __main__ - INFO - beta=1e-14
2020-10-05 12:53:00,993 - __main__ - INFO - taudelta=4.0
2020-10-05 12:53:00,993 - __main__ - INFO - V=1
2020-10-05 12:53:00,994 - __main__ - INFO - layers=5
2020-10-05 12:53:00,994 - __main__ - INFO - train_len=2000, val_len=2000, buffer=2000
2020-10-05 12:53:00,994 - __main__ - INFO - alpha=0.5, Ntrials=10
2020-10-05 12:53:00,994 - __main__ - INFO - noise=9e-05, learning rate=10.0,scale_input=0.2
2020-10-05 12:53:15,125 - __main__ - INFO - innate_buffer=2000, innate_train_len=2000, innate_val_len=2000
2020-10-05 12:53:15,125 - __main__ - INFO - target_state_list=(6000, 25), target_innate_seq=(6000, 5)
2020-10-05 12:53:16,617 - __main__ - INFO - innate_buffer=2000, innate_train_len=2000, innate_val_len=2000
2020-10-05 12:53:16,617 - __main__ - INFO - target_state_list=(6000, 25), target_innate_seq=(6000, 5)
2020-10-05 12:53:17,769 - __main__ - INFO - innate_buffer=2000, innate_train_len=2000, innate_val_len=2000
2020-10-05 12:53:17,770 - __main__ - INFO - target_state_list=(6000, 25), target_innate_seq=(6000, 5)
2020-10-05 12:58:07,540 - __main__ - DEBUG - QR 0, Loss=0.07240705826312632
2020-10-05 12:58:07,540 - __main__ - DEBUG - QR 1, Loss=0.009574302732550265
2020-10-05 12:58:07,540 - __main__ - DEBUG - QR 2, Loss=0.009477451872871188
2020-10-05 12:58:07,540 - __main__ - DEBUG - QR 3, Loss=0.010323951169521893
2020-10-05 12:58:07,541 - __main__ - DEBUG - QR 4, Loss=0.009506851906910965
2020-10-05 12:58:23,201 - __main__ - INFO - innate_buffer=2000, innate_train_len=2000, innate_val_len=2000
2020-10-05 12:58:23,201 - __main__ - INFO - target_state_list=(6000, 25), target_innate_seq=(6000, 5)
2020-10-05 12:58:53,226 - __main__ - DEBUG - QR 0, Loss=0.010142095649576787
2020-10-05 12:58:53,226 - __main__ - DEBUG - QR 1, Loss=0.009667079850976267
2020-10-05 12:58:53,226 - __main__ - DEBUG - QR 2, Loss=0.009492065192519899
2020-10-05 12:58:53,226 - __main__ - DEBUG - QR 3, Loss=0.010380938931781693
2020-10-05 12:58:53,226 - __main__ - DEBUG - QR 4, Loss=0.009580646140274877
2020-10-05 12:58:56,376 - __main__ - DEBUG - QR 0, Loss=0.009758144482724471
2020-10-05 12:58:56,376 - __main__ - DEBUG - QR 1, Loss=0.009683245641424022
2020-10-05 12:58:56,377 - __main__ - DEBUG - QR 2, Loss=0.009511112107878602
2020-10-05 12:58:56,377 - __main__ - DEBUG - QR 3, Loss=0.010313268611800349
2020-10-05 12:58:56,377 - __main__ - DEBUG - QR 4, Loss=0.009472233961343463
2020-10-05 12:59:10,270 - __main__ - INFO - innate_buffer=2000, innate_train_len=2000, innate_val_len=2000
2020-10-05 12:59:10,270 - __main__ - INFO - target_state_list=(6000, 25), target_innate_seq=(6000, 5)
2020-10-05 12:59:13,591 - __main__ - INFO - innate_buffer=2000, innate_train_len=2000, innate_val_len=2000
2020-10-05 12:59:13,591 - __main__ - INFO - target_state_list=(6000, 25), target_innate_seq=(6000, 5)
2020-10-05 13:03:35,010 - __main__ - DEBUG - QR 0, Loss=0.009278332270454437
2020-10-05 13:03:35,010 - __main__ - DEBUG - QR 1, Loss=0.009168869637411377
2020-10-05 13:03:35,010 - __main__ - DEBUG - QR 2, Loss=0.00963477010550594
2020-10-05 13:03:35,011 - __main__ - DEBUG - QR 3, Loss=0.00944334691711997
2020-10-05 13:03:35,011 - __main__ - DEBUG - QR 4, Loss=0.009789747315438612
2020-10-05 13:03:50,183 - __main__ - INFO - innate_buffer=2000, innate_train_len=2000, innate_val_len=2000
2020-10-05 13:03:50,184 - __main__ - INFO - target_state_list=(6000, 25), target_innate_seq=(6000, 5)
2020-10-05 13:04:32,221 - __main__ - DEBUG - QR 0, Loss=0.009563208504353006
2020-10-05 13:04:32,221 - __main__ - DEBUG - QR 1, Loss=0.009168013306728838
2020-10-05 13:04:32,221 - __main__ - DEBUG - QR 2, Loss=0.009911006333596081
2020-10-05 13:04:32,222 - __main__ - DEBUG - QR 3, Loss=0.010318363150344487
2020-10-05 13:04:32,222 - __main__ - DEBUG - QR 4, Loss=0.009794128080442412
2020-10-05 13:04:48,845 - __main__ - INFO - innate_buffer=2000, innate_train_len=2000, innate_val_len=2000
2020-10-05 13:04:48,845 - __main__ - INFO - target_state_list=(6000, 25), target_innate_seq=(6000, 5)
2020-10-05 13:04:51,281 - __main__ - DEBUG - QR 0, Loss=0.012652321660699968
2020-10-05 13:04:51,281 - __main__ - DEBUG - QR 1, Loss=0.009298556780586078
2020-10-05 13:04:51,281 - __main__ - DEBUG - QR 2, Loss=0.00995660345835069
2020-10-05 13:04:51,281 - __main__ - DEBUG - QR 3, Loss=0.009507347377017847
2020-10-05 13:04:51,281 - __main__ - DEBUG - QR 4, Loss=0.009769406478584677
2020-10-05 13:05:08,485 - __main__ - INFO - innate_buffer=2000, innate_train_len=2000, innate_val_len=2000
2020-10-05 13:05:08,485 - __main__ - INFO - target_state_list=(6000, 25), target_innate_seq=(6000, 5)
2020-10-05 13:09:02,016 - __main__ - DEBUG - QR 0, Loss=0.010405792277697121
2020-10-05 13:09:02,016 - __main__ - DEBUG - QR 1, Loss=0.009275530822564009
2020-10-05 13:09:02,016 - __main__ - DEBUG - QR 2, Loss=0.00976200300766213
2020-10-05 13:09:02,016 - __main__ - DEBUG - QR 3, Loss=0.00939538344058224
2020-10-05 13:09:02,016 - __main__ - DEBUG - QR 4, Loss=0.00968821644524958
2020-10-05 13:09:17,262 - __main__ - INFO - innate_buffer=2000, innate_train_len=2000, innate_val_len=2000
2020-10-05 13:09:17,262 - __main__ - INFO - target_state_list=(6000, 25), target_innate_seq=(6000, 5)
2020-10-05 13:10:26,080 - __main__ - DEBUG - QR 0, Loss=0.010535629289380465
2020-10-05 13:10:26,080 - __main__ - DEBUG - QR 1, Loss=0.009274427783054527
2020-10-05 13:10:26,080 - __main__ - DEBUG - QR 2, Loss=0.0097572691901605
2020-10-05 13:10:26,080 - __main__ - DEBUG - QR 3, Loss=0.00972759430727715
2020-10-05 13:10:26,081 - __main__ - DEBUG - QR 4, Loss=0.009674799829640361
2020-10-05 13:10:43,776 - __main__ - INFO - innate_buffer=2000, innate_train_len=2000, innate_val_len=2000
2020-10-05 13:10:43,777 - __main__ - INFO - target_state_list=(6000, 25), target_innate_seq=(6000, 5)
2020-10-05 13:10:48,942 - __main__ - DEBUG - QR 0, Loss=0.010578321111958014
2020-10-05 13:10:48,942 - __main__ - DEBUG - QR 1, Loss=0.009304472595191494
2020-10-05 13:10:48,943 - __main__ - DEBUG - QR 2, Loss=0.009702064562175363
2020-10-05 13:10:48,943 - __main__ - DEBUG - QR 3, Loss=0.009723693452764427
2020-10-05 13:10:48,943 - __main__ - DEBUG - QR 4, Loss=0.00972162741049738
2020-10-05 13:11:06,306 - __main__ - INFO - innate_buffer=2000, innate_train_len=2000, innate_val_len=2000
2020-10-05 13:11:06,306 - __main__ - INFO - target_state_list=(6000, 25), target_innate_seq=(6000, 5)
2020-10-05 13:14:19,038 - __main__ - DEBUG - QR 0, Loss=0.009477592441560897
2020-10-05 13:14:19,038 - __main__ - DEBUG - QR 1, Loss=0.010008822289638652
2020-10-05 13:14:19,038 - __main__ - DEBUG - QR 2, Loss=0.011489420733412513
2020-10-05 13:14:19,038 - __main__ - DEBUG - QR 3, Loss=0.009945306725786543
2020-10-05 13:14:19,038 - __main__ - DEBUG - QR 4, Loss=0.009391949479776323
2020-10-05 13:14:33,992 - __main__ - INFO - innate_buffer=2000, innate_train_len=2000, innate_val_len=2000
2020-10-05 13:14:33,993 - __main__ - INFO - target_state_list=(6000, 25), target_innate_seq=(6000, 5)
2020-10-05 13:16:04,348 - __main__ - DEBUG - QR 0, Loss=0.009477738240405468
2020-10-05 13:16:04,348 - __main__ - DEBUG - QR 1, Loss=0.010341490404037573
2020-10-05 13:16:04,348 - __main__ - DEBUG - QR 2, Loss=0.010269054529442788
2020-10-05 13:16:04,349 - __main__ - DEBUG - QR 3, Loss=0.009730595682418233
2020-10-05 13:16:04,349 - __main__ - DEBUG - QR 4, Loss=0.009528581064790903
2020-10-05 13:16:21,614 - __main__ - INFO - innate_buffer=2000, innate_train_len=2000, innate_val_len=2000
2020-10-05 13:16:21,615 - __main__ - INFO - target_state_list=(6000, 25), target_innate_seq=(6000, 5)
2020-10-05 13:16:38,113 - __main__ - DEBUG - QR 0, Loss=0.009477428670492354
2020-10-05 13:16:38,113 - __main__ - DEBUG - QR 1, Loss=0.009870256356656105
2020-10-05 13:16:38,113 - __main__ - DEBUG - QR 2, Loss=0.011330639011702554
2020-10-05 13:16:38,114 - __main__ - DEBUG - QR 3, Loss=0.010149090223551436
2020-10-05 13:16:38,114 - __main__ - DEBUG - QR 4, Loss=0.009348354330769162
2020-10-05 13:16:55,014 - __main__ - INFO - innate_buffer=2000, innate_train_len=2000, innate_val_len=2000
2020-10-05 13:16:55,014 - __main__ - INFO - target_state_list=(6000, 25), target_innate_seq=(6000, 5)
2020-10-05 13:19:21,578 - __main__ - DEBUG - QR 0, Loss=0.009479234795521731
2020-10-05 13:19:21,578 - __main__ - DEBUG - QR 1, Loss=0.009445972373147442
2020-10-05 13:19:21,578 - __main__ - DEBUG - QR 2, Loss=0.010562741415915951
2020-10-05 13:19:21,578 - __main__ - DEBUG - QR 3, Loss=0.009822998504174302
2020-10-05 13:19:21,579 - __main__ - DEBUG - QR 4, Loss=0.009395727541179332
2020-10-05 13:19:35,945 - __main__ - INFO - innate_buffer=2000, innate_train_len=2000, innate_val_len=2000
2020-10-05 13:19:35,946 - __main__ - INFO - target_state_list=(6000, 25), target_innate_seq=(6000, 5)
2020-10-05 13:21:55,005 - __main__ - DEBUG - QR 0, Loss=0.009438630263286894
2020-10-05 13:21:55,006 - __main__ - DEBUG - QR 1, Loss=0.009457018317920155
2020-10-05 13:21:55,006 - __main__ - DEBUG - QR 2, Loss=0.00980261321107736
2020-10-05 13:21:55,006 - __main__ - DEBUG - QR 3, Loss=0.009759624764786945
2020-10-05 13:21:55,006 - __main__ - DEBUG - QR 4, Loss=0.009397323770681715
2020-10-05 13:21:59,106 - __main__ - DEBUG - QR 0, Loss=0.00980047851048387
2020-10-05 13:21:59,106 - __main__ - DEBUG - QR 1, Loss=0.00946966722103537
2020-10-05 13:21:59,107 - __main__ - DEBUG - QR 2, Loss=0.010958416896156635
2020-10-05 13:21:59,107 - __main__ - DEBUG - QR 3, Loss=0.009567712173172772
2020-10-05 13:21:59,107 - __main__ - DEBUG - QR 4, Loss=0.009696917645769956
2020-10-05 13:22:11,818 - __main__ - INFO - innate_buffer=2000, innate_train_len=2000, innate_val_len=2000
2020-10-05 13:22:11,819 - __main__ - INFO - target_state_list=(6000, 25), target_innate_seq=(6000, 5)
2020-10-05 13:22:15,891 - __main__ - INFO - innate_buffer=2000, innate_train_len=2000, innate_val_len=2000
2020-10-05 13:22:15,891 - __main__ - INFO - target_state_list=(6000, 25), target_innate_seq=(6000, 5)
2020-10-05 13:24:53,003 - __main__ - DEBUG - QR 0, Loss=0.009589662779677799
2020-10-05 13:24:53,003 - __main__ - DEBUG - QR 1, Loss=0.009443483838587891
2020-10-05 13:24:53,003 - __main__ - DEBUG - QR 2, Loss=0.009335145115624343
2020-10-05 13:24:53,003 - __main__ - DEBUG - QR 3, Loss=0.00953055669371942
2020-10-05 13:24:53,003 - __main__ - DEBUG - QR 4, Loss=0.010143951476949818
2020-10-05 13:25:09,682 - __main__ - INFO - innate_buffer=2000, innate_train_len=2000, innate_val_len=2000
2020-10-05 13:25:09,682 - __main__ - INFO - target_state_list=(6000, 25), target_innate_seq=(6000, 5)
2020-10-05 13:27:24,355 - __main__ - DEBUG - QR 0, Loss=0.009594654704806227
2020-10-05 13:27:24,355 - __main__ - DEBUG - QR 1, Loss=0.009445965863250775
2020-10-05 13:27:24,355 - __main__ - DEBUG - QR 2, Loss=0.00929363192145636
2020-10-05 13:27:24,355 - __main__ - DEBUG - QR 3, Loss=0.009583181290800324
2020-10-05 13:27:24,355 - __main__ - DEBUG - QR 4, Loss=0.009558427789509895
2020-10-05 13:27:38,695 - __main__ - INFO - innate_buffer=2000, innate_train_len=2000, innate_val_len=2000
2020-10-05 13:27:38,695 - __main__ - INFO - target_state_list=(6000, 25), target_innate_seq=(6000, 5)
2020-10-05 13:27:45,185 - __main__ - DEBUG - QR 0, Loss=0.009617560490914598
2020-10-05 13:27:45,186 - __main__ - DEBUG - QR 1, Loss=0.009490851875661477
2020-10-05 13:27:45,186 - __main__ - DEBUG - QR 2, Loss=0.009247227457124595
2020-10-05 13:27:45,186 - __main__ - DEBUG - QR 3, Loss=0.00964457387820422
2020-10-05 13:27:45,186 - __main__ - DEBUG - QR 4, Loss=0.010160271719655355
2020-10-05 13:28:01,964 - __main__ - INFO - innate_buffer=2000, innate_train_len=2000, innate_val_len=2000
2020-10-05 13:28:01,964 - __main__ - INFO - target_state_list=(6000, 25), target_innate_seq=(6000, 5)
2020-10-05 13:30:42,943 - __main__ - DEBUG - QR 0, Loss=0.009786377354152949
2020-10-05 13:30:42,943 - __main__ - DEBUG - QR 1, Loss=0.009917751072510571
2020-10-05 13:30:42,943 - __main__ - DEBUG - QR 2, Loss=0.009925841475249136
2020-10-05 13:30:42,943 - __main__ - DEBUG - QR 3, Loss=0.009239250620808487
2020-10-05 13:30:42,943 - __main__ - DEBUG - QR 4, Loss=0.009719091497698824
2020-10-05 13:30:59,519 - __main__ - INFO - innate_buffer=2000, innate_train_len=2000, innate_val_len=2000
2020-10-05 13:30:59,519 - __main__ - INFO - target_state_list=(6000, 25), target_innate_seq=(6000, 5)
2020-10-05 13:32:33,474 - __main__ - DEBUG - QR 0, Loss=0.009775610041031899
2020-10-05 13:32:33,475 - __main__ - DEBUG - QR 1, Loss=0.010031428170600432
2020-10-05 13:32:33,475 - __main__ - DEBUG - QR 2, Loss=0.009925575610545932
2020-10-05 13:32:33,475 - __main__ - DEBUG - QR 3, Loss=0.009711101800106628
2020-10-05 13:32:33,475 - __main__ - DEBUG - QR 4, Loss=0.009856986619518938
2020-10-05 13:32:48,312 - __main__ - INFO - innate_buffer=2000, innate_train_len=2000, innate_val_len=2000
2020-10-05 13:32:48,312 - __main__ - INFO - target_state_list=(6000, 25), target_innate_seq=(6000, 5)
2020-10-05 13:33:17,319 - __main__ - DEBUG - QR 0, Loss=0.009814483481804866
2020-10-05 13:33:17,319 - __main__ - DEBUG - QR 1, Loss=0.010622796977594082
2020-10-05 13:33:17,319 - __main__ - DEBUG - QR 2, Loss=0.009692840948590749
2020-10-05 13:33:17,319 - __main__ - DEBUG - QR 3, Loss=0.009355610578137625
2020-10-05 13:33:17,319 - __main__ - DEBUG - QR 4, Loss=0.009783250580700079
2020-10-05 13:33:34,695 - __main__ - INFO - innate_buffer=2000, innate_train_len=2000, innate_val_len=2000
2020-10-05 13:33:34,695 - __main__ - INFO - target_state_list=(6000, 25), target_innate_seq=(6000, 5)
2020-10-05 13:35:32,329 - __main__ - DEBUG - QR 0, Loss=0.009582395849067412
2020-10-05 13:35:32,329 - __main__ - DEBUG - QR 1, Loss=0.00934424503007321
2020-10-05 13:35:32,329 - __main__ - DEBUG - QR 2, Loss=0.009751380581256613
2020-10-05 13:35:32,329 - __main__ - DEBUG - QR 3, Loss=0.009318540240864186
2020-10-05 13:35:32,330 - __main__ - DEBUG - QR 4, Loss=0.009532632030252345
2020-10-05 13:35:49,099 - __main__ - INFO - innate_buffer=2000, innate_train_len=2000, innate_val_len=2000
2020-10-05 13:35:49,100 - __main__ - INFO - target_state_list=(6000, 25), target_innate_seq=(6000, 5)
2020-10-05 13:37:47,608 - __main__ - DEBUG - QR 0, Loss=0.009547809514751052
2020-10-05 13:37:47,609 - __main__ - DEBUG - QR 1, Loss=0.009564469512155744
2020-10-05 13:37:47,610 - __main__ - DEBUG - QR 2, Loss=0.009760422440820827
2020-10-05 13:37:47,610 - __main__ - DEBUG - QR 3, Loss=0.009304345254042548
2020-10-05 13:37:47,610 - __main__ - DEBUG - QR 4, Loss=0.009522469264495544
2020-10-05 13:38:02,037 - __main__ - INFO - innate_buffer=2000, innate_train_len=2000, innate_val_len=2000
2020-10-05 13:38:02,038 - __main__ - INFO - target_state_list=(6000, 25), target_innate_seq=(6000, 5)
2020-10-05 13:39:15,856 - __main__ - DEBUG - QR 0, Loss=0.009556017385384245
2020-10-05 13:39:15,856 - __main__ - DEBUG - QR 1, Loss=0.009769074226399279
2020-10-05 13:39:15,857 - __main__ - DEBUG - QR 2, Loss=0.009633908676452184
2020-10-05 13:39:15,857 - __main__ - DEBUG - QR 3, Loss=0.009310685811830654
2020-10-05 13:39:15,857 - __main__ - DEBUG - QR 4, Loss=0.009419093062275952
2020-10-05 13:39:32,521 - __main__ - INFO - innate_buffer=2000, innate_train_len=2000, innate_val_len=2000
2020-10-05 13:39:32,521 - __main__ - INFO - target_state_list=(6000, 25), target_innate_seq=(6000, 5)
2020-10-05 13:41:23,948 - __main__ - DEBUG - QR 0, Loss=0.009856043400821397
2020-10-05 13:41:23,948 - __main__ - DEBUG - QR 1, Loss=0.009876320492205083
2020-10-05 13:41:23,948 - __main__ - DEBUG - QR 2, Loss=0.009612523620112733
2020-10-05 13:41:23,948 - __main__ - DEBUG - QR 3, Loss=0.009571155073952346
2020-10-05 13:41:23,949 - __main__ - DEBUG - QR 4, Loss=0.009727096614781789
2020-10-05 13:41:40,543 - __main__ - INFO - innate_buffer=2000, innate_train_len=2000, innate_val_len=2000
2020-10-05 13:41:40,543 - __main__ - INFO - target_state_list=(6000, 25), target_innate_seq=(6000, 5)
2020-10-05 13:43:06,357 - __main__ - DEBUG - QR 0, Loss=0.009773635687024747
2020-10-05 13:43:06,357 - __main__ - DEBUG - QR 1, Loss=0.00984410215870211
2020-10-05 13:43:06,357 - __main__ - DEBUG - QR 2, Loss=0.009611258929978633
2020-10-05 13:43:06,357 - __main__ - DEBUG - QR 3, Loss=0.00982509160671702
2020-10-05 13:43:06,357 - __main__ - DEBUG - QR 4, Loss=0.009738661772459987
2020-10-05 13:43:20,746 - __main__ - INFO - innate_buffer=2000, innate_train_len=2000, innate_val_len=2000
2020-10-05 13:43:20,746 - __main__ - INFO - target_state_list=(6000, 25), target_innate_seq=(6000, 5)
2020-10-05 13:45:05,697 - __main__ - DEBUG - QR 0, Loss=0.009616645330398252
2020-10-05 13:45:05,698 - __main__ - DEBUG - QR 1, Loss=0.009526753340265506
2020-10-05 13:45:05,698 - __main__ - DEBUG - QR 2, Loss=0.00961232755774666
2020-10-05 13:45:05,698 - __main__ - DEBUG - QR 3, Loss=0.010264871013692362
2020-10-05 13:45:05,698 - __main__ - DEBUG - QR 4, Loss=0.009716104376095085
2020-10-05 13:45:21,893 - __main__ - INFO - innate_buffer=2000, innate_train_len=2000, innate_val_len=2000
2020-10-05 13:45:21,894 - __main__ - INFO - target_state_list=(6000, 25), target_innate_seq=(6000, 5)
2020-10-05 13:46:27,054 - __main__ - DEBUG - QR 0, Loss=0.009281895878855095
2020-10-05 13:46:27,054 - __main__ - DEBUG - QR 1, Loss=0.00963092529131834
2020-10-05 13:46:27,054 - __main__ - DEBUG - QR 2, Loss=0.009298137651656142
2020-10-05 13:46:27,054 - __main__ - DEBUG - QR 3, Loss=0.009398198196402136
2020-10-05 13:46:27,055 - __main__ - DEBUG - QR 4, Loss=0.00930397592427395
2020-10-05 13:46:27,055 - __main__ - INFO - do_narma=0, Ntrials=10, total loss avg=0.010917359045713036, std=0.003784430128530079
2020-10-05 13:47:11,043 - __main__ - DEBUG - QR 0, Loss=0.009327186595414847
2020-10-05 13:47:11,043 - __main__ - DEBUG - QR 1, Loss=0.009625638890512843
2020-10-05 13:47:11,044 - __main__ - DEBUG - QR 2, Loss=0.009563630323758617
2020-10-05 13:47:11,044 - __main__ - DEBUG - QR 3, Loss=0.009535529345876478
2020-10-05 13:47:11,045 - __main__ - DEBUG - QR 4, Loss=0.009223342294049221
2020-10-05 13:47:11,045 - __main__ - INFO - do_narma=0, Ntrials=10, total loss avg=0.009793807181902666, std=0.0002330586466048997
2020-10-05 13:48:08,290 - __main__ - DEBUG - QR 0, Loss=0.009281488454594007
2020-10-05 13:48:08,290 - __main__ - DEBUG - QR 1, Loss=0.009631172664865179
2020-10-05 13:48:08,290 - __main__ - DEBUG - QR 2, Loss=0.009322974662625385
2020-10-05 13:48:08,290 - __main__ - DEBUG - QR 3, Loss=0.009500447573598721
2020-10-05 13:48:08,290 - __main__ - DEBUG - QR 4, Loss=0.012295994772798045
2020-10-05 13:48:08,290 - __main__ - INFO - do_narma=0, Ntrials=10, total loss avg=0.009751042834528118, std=0.00013553950617747822
