2020-10-05 12:53:00,902 - __main__ - INFO - n_units=5
2020-10-05 12:53:00,902 - __main__ - INFO - max_energy=1.0
2020-10-05 12:53:00,902 - __main__ - INFO - beta=1e-14
2020-10-05 12:53:00,902 - __main__ - INFO - taudelta=1.0
2020-10-05 12:53:00,902 - __main__ - INFO - V=1
2020-10-05 12:53:00,902 - __main__ - INFO - layers=5
2020-10-05 12:53:00,902 - __main__ - INFO - train_len=2000, val_len=2000, buffer=2000
2020-10-05 12:53:00,902 - __main__ - INFO - alpha=0.5, Ntrials=10
2020-10-05 12:53:00,902 - __main__ - INFO - noise=0.0001, learning rate=10.0,scale_input=0.2
2020-10-05 12:53:00,935 - __main__ - INFO - n_units=5
2020-10-05 12:53:00,936 - __main__ - INFO - max_energy=1.0
2020-10-05 12:53:00,936 - __main__ - INFO - beta=1e-14
2020-10-05 12:53:00,936 - __main__ - INFO - taudelta=2.0
2020-10-05 12:53:00,936 - __main__ - INFO - V=1
2020-10-05 12:53:00,936 - __main__ - INFO - layers=5
2020-10-05 12:53:00,936 - __main__ - INFO - train_len=2000, val_len=2000, buffer=2000
2020-10-05 12:53:00,936 - __main__ - INFO - alpha=0.5, Ntrials=10
2020-10-05 12:53:00,936 - __main__ - INFO - noise=0.0001, learning rate=10.0,scale_input=0.2
2020-10-05 12:53:00,995 - __main__ - INFO - n_units=5
2020-10-05 12:53:00,995 - __main__ - INFO - max_energy=1.0
2020-10-05 12:53:00,995 - __main__ - INFO - beta=1e-14
2020-10-05 12:53:00,995 - __main__ - INFO - taudelta=4.0
2020-10-05 12:53:00,995 - __main__ - INFO - V=1
2020-10-05 12:53:00,995 - __main__ - INFO - layers=5
2020-10-05 12:53:00,995 - __main__ - INFO - train_len=2000, val_len=2000, buffer=2000
2020-10-05 12:53:00,995 - __main__ - INFO - alpha=0.5, Ntrials=10
2020-10-05 12:53:00,996 - __main__ - INFO - noise=0.0001, learning rate=10.0,scale_input=0.2
2020-10-05 12:53:17,422 - __main__ - INFO - innate_buffer=2000, innate_train_len=2000, innate_val_len=2000
2020-10-05 12:53:17,423 - __main__ - INFO - target_state_list=(6000, 25), target_innate_seq=(6000, 5)
2020-10-05 12:53:17,568 - __main__ - INFO - innate_buffer=2000, innate_train_len=2000, innate_val_len=2000
2020-10-05 12:53:17,568 - __main__ - INFO - target_state_list=(6000, 25), target_innate_seq=(6000, 5)
2020-10-05 12:53:18,225 - __main__ - INFO - innate_buffer=2000, innate_train_len=2000, innate_val_len=2000
2020-10-05 12:53:18,226 - __main__ - INFO - target_state_list=(6000, 25), target_innate_seq=(6000, 5)
2020-10-05 12:57:09,496 - __main__ - DEBUG - QR 0, Loss=0.01025986910826349
2020-10-05 12:57:09,496 - __main__ - DEBUG - QR 1, Loss=0.010195004612750342
2020-10-05 12:57:09,496 - __main__ - DEBUG - QR 2, Loss=0.010017080228024633
2020-10-05 12:57:09,496 - __main__ - DEBUG - QR 3, Loss=0.010790766203345785
2020-10-05 12:57:09,496 - __main__ - DEBUG - QR 4, Loss=0.00998400596415801
2020-10-05 12:57:26,626 - __main__ - INFO - innate_buffer=2000, innate_train_len=2000, innate_val_len=2000
2020-10-05 12:57:26,626 - __main__ - INFO - target_state_list=(6000, 25), target_innate_seq=(6000, 5)
2020-10-05 12:58:11,338 - __main__ - DEBUG - QR 0, Loss=0.010621343832592714
2020-10-05 12:58:11,338 - __main__ - DEBUG - QR 1, Loss=0.010179601935997625
2020-10-05 12:58:11,338 - __main__ - DEBUG - QR 2, Loss=0.00999993244959539
2020-10-05 12:58:11,338 - __main__ - DEBUG - QR 3, Loss=0.010853788512711448
2020-10-05 12:58:11,338 - __main__ - DEBUG - QR 4, Loss=0.010082562573818982
2020-10-05 12:58:28,144 - __main__ - INFO - innate_buffer=2000, innate_train_len=2000, innate_val_len=2000
2020-10-05 12:58:28,144 - __main__ - INFO - target_state_list=(6000, 25), target_innate_seq=(6000, 5)
2020-10-05 12:59:03,582 - __main__ - DEBUG - QR 0, Loss=0.07204579202424795
2020-10-05 12:59:03,582 - __main__ - DEBUG - QR 1, Loss=0.010092032340732408
2020-10-05 12:59:03,582 - __main__ - DEBUG - QR 2, Loss=0.009986733278021735
2020-10-05 12:59:03,583 - __main__ - DEBUG - QR 3, Loss=0.010803742118814966
2020-10-05 12:59:03,583 - __main__ - DEBUG - QR 4, Loss=0.010013871138333817
2020-10-05 12:59:20,594 - __main__ - INFO - innate_buffer=2000, innate_train_len=2000, innate_val_len=2000
2020-10-05 12:59:20,595 - __main__ - INFO - target_state_list=(6000, 25), target_innate_seq=(6000, 5)
2020-10-05 13:01:19,412 - __main__ - DEBUG - QR 0, Loss=0.010051306693552977
2020-10-05 13:01:19,412 - __main__ - DEBUG - QR 1, Loss=0.009662218456731791
2020-10-05 13:01:19,412 - __main__ - DEBUG - QR 2, Loss=0.010408958535808453
2020-10-05 13:01:19,412 - __main__ - DEBUG - QR 3, Loss=0.010795376328912027
2020-10-05 13:01:19,412 - __main__ - DEBUG - QR 4, Loss=0.010293887853784722
2020-10-05 13:01:37,030 - __main__ - INFO - innate_buffer=2000, innate_train_len=2000, innate_val_len=2000
2020-10-05 13:01:37,030 - __main__ - INFO - target_state_list=(6000, 25), target_innate_seq=(6000, 5)
2020-10-05 13:03:15,500 - __main__ - DEBUG - QR 0, Loss=0.012992407654373568
2020-10-05 13:03:15,500 - __main__ - DEBUG - QR 1, Loss=0.009784069016650443
2020-10-05 13:03:15,500 - __main__ - DEBUG - QR 2, Loss=0.010453141785236644
2020-10-05 13:03:15,501 - __main__ - DEBUG - QR 3, Loss=0.010015690838906176
2020-10-05 13:03:15,501 - __main__ - DEBUG - QR 4, Loss=0.010270435571609693
2020-10-05 13:03:32,137 - __main__ - INFO - innate_buffer=2000, innate_train_len=2000, innate_val_len=2000
2020-10-05 13:03:32,137 - __main__ - INFO - target_state_list=(6000, 25), target_innate_seq=(6000, 5)
2020-10-05 13:04:57,467 - __main__ - DEBUG - QR 0, Loss=0.009779155057253191
2020-10-05 13:04:57,467 - __main__ - DEBUG - QR 1, Loss=0.009663112702571646
2020-10-05 13:04:57,467 - __main__ - DEBUG - QR 2, Loss=0.010144552010229258
2020-10-05 13:04:57,467 - __main__ - DEBUG - QR 3, Loss=0.00995436432543339
2020-10-05 13:04:57,467 - __main__ - DEBUG - QR 4, Loss=0.010289458319837387
2020-10-05 13:05:14,943 - __main__ - INFO - innate_buffer=2000, innate_train_len=2000, innate_val_len=2000
2020-10-05 13:05:14,943 - __main__ - INFO - target_state_list=(6000, 25), target_innate_seq=(6000, 5)
2020-10-05 13:07:10,168 - __main__ - DEBUG - QR 0, Loss=0.011017100713803777
2020-10-05 13:07:10,169 - __main__ - DEBUG - QR 1, Loss=0.009776023544070837
2020-10-05 13:07:10,169 - __main__ - DEBUG - QR 2, Loss=0.01026230403640355
2020-10-05 13:07:10,169 - __main__ - DEBUG - QR 3, Loss=0.01019481076513652
2020-10-05 13:07:10,169 - __main__ - DEBUG - QR 4, Loss=0.01018952161132968
2020-10-05 13:07:27,808 - __main__ - INFO - innate_buffer=2000, innate_train_len=2000, innate_val_len=2000
2020-10-05 13:07:27,809 - __main__ - INFO - target_state_list=(6000, 25), target_innate_seq=(6000, 5)
2020-10-05 13:07:46,584 - __main__ - DEBUG - QR 0, Loss=0.011060369253565268
2020-10-05 13:07:46,584 - __main__ - DEBUG - QR 1, Loss=0.009803597450193033
2020-10-05 13:07:46,584 - __main__ - DEBUG - QR 2, Loss=0.010198428922896864
2020-10-05 13:07:46,584 - __main__ - DEBUG - QR 3, Loss=0.01016474595854801
2020-10-05 13:07:46,585 - __main__ - DEBUG - QR 4, Loss=0.010231926336577001
2020-10-05 13:08:01,087 - __main__ - INFO - innate_buffer=2000, innate_train_len=2000, innate_val_len=2000
2020-10-05 13:08:01,087 - __main__ - INFO - target_state_list=(6000, 25), target_innate_seq=(6000, 5)
2020-10-05 13:10:36,748 - __main__ - DEBUG - QR 0, Loss=0.01089015855007613
2020-10-05 13:10:36,748 - __main__ - DEBUG - QR 1, Loss=0.009777063106173205
2020-10-05 13:10:36,749 - __main__ - DEBUG - QR 2, Loss=0.010256686963793981
2020-10-05 13:10:36,749 - __main__ - DEBUG - QR 3, Loss=0.009903634095632507
2020-10-05 13:10:36,749 - __main__ - DEBUG - QR 4, Loss=0.010201027052146705
2020-10-05 13:10:53,914 - __main__ - INFO - innate_buffer=2000, innate_train_len=2000, innate_val_len=2000
2020-10-05 13:10:53,915 - __main__ - INFO - target_state_list=(6000, 25), target_innate_seq=(6000, 5)
2020-10-05 13:11:43,214 - __main__ - DEBUG - QR 0, Loss=0.009990410928591079
2020-10-05 13:11:43,215 - __main__ - DEBUG - QR 1, Loss=0.010802514366391463
2020-10-05 13:11:43,216 - __main__ - DEBUG - QR 2, Loss=0.010777642206251964
2020-10-05 13:11:43,216 - __main__ - DEBUG - QR 3, Loss=0.010246473770420133
2020-10-05 13:11:43,216 - __main__ - DEBUG - QR 4, Loss=0.010026804734281854
2020-10-05 13:11:53,645 - __main__ - INFO - innate_buffer=2000, innate_train_len=2000, innate_val_len=2000
2020-10-05 13:11:53,645 - __main__ - INFO - target_state_list=(6000, 25), target_innate_seq=(6000, 5)
2020-10-05 13:12:47,006 - __main__ - DEBUG - QR 0, Loss=0.009990025305403813
2020-10-05 13:12:47,006 - __main__ - DEBUG - QR 1, Loss=0.010350056768176817
2020-10-05 13:12:47,006 - __main__ - DEBUG - QR 2, Loss=0.011789321279341096
2020-10-05 13:12:47,006 - __main__ - DEBUG - QR 3, Loss=0.010653983544422775
2020-10-05 13:12:47,006 - __main__ - DEBUG - QR 4, Loss=0.009852864075481433
2020-10-05 13:13:03,754 - __main__ - INFO - innate_buffer=2000, innate_train_len=2000, innate_val_len=2000
2020-10-05 13:13:03,754 - __main__ - INFO - target_state_list=(6000, 25), target_innate_seq=(6000, 5)
2020-10-05 13:16:05,496 - __main__ - DEBUG - QR 0, Loss=0.009990201439519987
2020-10-05 13:16:05,496 - __main__ - DEBUG - QR 1, Loss=0.010482898139453502
2020-10-05 13:16:05,496 - __main__ - DEBUG - QR 2, Loss=0.011946237460796818
2020-10-05 13:16:05,497 - __main__ - DEBUG - QR 3, Loss=0.010455486091939671
2020-10-05 13:16:05,497 - __main__ - DEBUG - QR 4, Loss=0.00989433188848638
2020-10-05 13:16:22,130 - __main__ - INFO - innate_buffer=2000, innate_train_len=2000, innate_val_len=2000
2020-10-05 13:16:22,130 - __main__ - INFO - target_state_list=(6000, 25), target_innate_seq=(6000, 5)
2020-10-05 13:16:22,485 - __main__ - DEBUG - QR 0, Loss=0.009939637773228026
2020-10-05 13:16:22,485 - __main__ - DEBUG - QR 1, Loss=0.009968633738718036
2020-10-05 13:16:22,485 - __main__ - DEBUG - QR 2, Loss=0.01029489322570076
2020-10-05 13:16:22,485 - __main__ - DEBUG - QR 3, Loss=0.010261997122625672
2020-10-05 13:16:22,485 - __main__ - DEBUG - QR 4, Loss=0.00990517621929879
2020-10-05 13:16:39,581 - __main__ - INFO - innate_buffer=2000, innate_train_len=2000, innate_val_len=2000
2020-10-05 13:16:39,581 - __main__ - INFO - target_state_list=(6000, 25), target_innate_seq=(6000, 5)
2020-10-05 13:18:35,473 - __main__ - DEBUG - QR 0, Loss=0.010281497836090418
2020-10-05 13:18:35,473 - __main__ - DEBUG - QR 1, Loss=0.009981451675071619
2020-10-05 13:18:35,473 - __main__ - DEBUG - QR 2, Loss=0.011406935087777655
2020-10-05 13:18:35,473 - __main__ - DEBUG - QR 3, Loss=0.010073922818472336
2020-10-05 13:18:35,474 - __main__ - DEBUG - QR 4, Loss=0.0101916886818827
2020-10-05 13:18:46,909 - __main__ - INFO - innate_buffer=2000, innate_train_len=2000, innate_val_len=2000
2020-10-05 13:18:46,909 - __main__ - INFO - target_state_list=(6000, 25), target_innate_seq=(6000, 5)
2020-10-05 13:21:28,083 - __main__ - DEBUG - QR 0, Loss=0.009981690636406929
2020-10-05 13:21:28,083 - __main__ - DEBUG - QR 1, Loss=0.009956951701030716
2020-10-05 13:21:28,083 - __main__ - DEBUG - QR 2, Loss=0.01102514417727665
2020-10-05 13:21:28,083 - __main__ - DEBUG - QR 3, Loss=0.010324573837841366
2020-10-05 13:21:28,083 - __main__ - DEBUG - QR 4, Loss=0.00990283653586802
2020-10-05 13:21:38,527 - __main__ - INFO - innate_buffer=2000, innate_train_len=2000, innate_val_len=2000
2020-10-05 13:21:38,527 - __main__ - INFO - target_state_list=(6000, 25), target_innate_seq=(6000, 5)
2020-10-05 13:22:18,223 - __main__ - DEBUG - QR 0, Loss=0.010137102530801398
2020-10-05 13:22:18,224 - __main__ - DEBUG - QR 1, Loss=0.009986485403239676
2020-10-05 13:22:18,224 - __main__ - DEBUG - QR 2, Loss=0.009744160557524001
2020-10-05 13:22:18,224 - __main__ - DEBUG - QR 3, Loss=0.010150934609041687
2020-10-05 13:22:18,224 - __main__ - DEBUG - QR 4, Loss=0.010640782933070048
2020-10-05 13:22:35,845 - __main__ - INFO - innate_buffer=2000, innate_train_len=2000, innate_val_len=2000
2020-10-05 13:22:35,845 - __main__ - INFO - target_state_list=(6000, 25), target_innate_seq=(6000, 5)
2020-10-05 13:23:40,341 - __main__ - DEBUG - QR 0, Loss=0.010113078190340833
2020-10-05 13:23:40,342 - __main__ - DEBUG - QR 1, Loss=0.009943275922307933
2020-10-05 13:23:40,342 - __main__ - DEBUG - QR 2, Loss=0.009786884254864141
2020-10-05 13:23:40,342 - __main__ - DEBUG - QR 3, Loss=0.010089819403429097
2020-10-05 13:23:40,342 - __main__ - DEBUG - QR 4, Loss=0.010069442957404298
2020-10-05 13:23:50,719 - __main__ - INFO - innate_buffer=2000, innate_train_len=2000, innate_val_len=2000
2020-10-05 13:23:50,719 - __main__ - INFO - target_state_list=(6000, 25), target_innate_seq=(6000, 5)
2020-10-05 13:26:27,676 - __main__ - DEBUG - QR 0, Loss=0.010340430940853804
2020-10-05 13:26:27,676 - __main__ - DEBUG - QR 1, Loss=0.011134135914229992
2020-10-05 13:26:27,676 - __main__ - DEBUG - QR 2, Loss=0.010212305429985172
2020-10-05 13:26:27,676 - __main__ - DEBUG - QR 3, Loss=0.009856157409555004
2020-10-05 13:26:27,676 - __main__ - DEBUG - QR 4, Loss=0.010298735202973901
2020-10-05 13:26:38,082 - __main__ - INFO - innate_buffer=2000, innate_train_len=2000, innate_val_len=2000
2020-10-05 13:26:38,082 - __main__ - INFO - target_state_list=(6000, 25), target_innate_seq=(6000, 5)
2020-10-05 13:26:43,731 - __main__ - DEBUG - QR 0, Loss=0.010107899352791924
2020-10-05 13:26:43,731 - __main__ - DEBUG - QR 1, Loss=0.00994114928687528
2020-10-05 13:26:43,732 - __main__ - DEBUG - QR 2, Loss=0.009825410608983776
2020-10-05 13:26:43,732 - __main__ - DEBUG - QR 3, Loss=0.010040203249797678
2020-10-05 13:26:43,732 - __main__ - DEBUG - QR 4, Loss=0.010625374061704785
2020-10-05 13:26:54,159 - __main__ - INFO - innate_buffer=2000, innate_train_len=2000, innate_val_len=2000
2020-10-05 13:26:54,160 - __main__ - INFO - target_state_list=(6000, 25), target_innate_seq=(6000, 5)
2020-10-05 13:28:50,008 - __main__ - DEBUG - QR 0, Loss=0.010303870625854744
2020-10-05 13:28:50,008 - __main__ - DEBUG - QR 1, Loss=0.010558377255168535
2020-10-05 13:28:50,008 - __main__ - DEBUG - QR 2, Loss=0.010438825648909512
2020-10-05 13:28:50,008 - __main__ - DEBUG - QR 3, Loss=0.01021138789750369
2020-10-05 13:28:50,008 - __main__ - DEBUG - QR 4, Loss=0.010370240006072324
2020-10-05 13:29:06,349 - __main__ - INFO - innate_buffer=2000, innate_train_len=2000, innate_val_len=2000
2020-10-05 13:29:06,349 - __main__ - INFO - target_state_list=(6000, 25), target_innate_seq=(6000, 5)
2020-10-05 13:31:25,143 - __main__ - DEBUG - QR 0, Loss=0.01031531907350078
2020-10-05 13:31:25,143 - __main__ - DEBUG - QR 1, Loss=0.010449641522537518
2020-10-05 13:31:25,144 - __main__ - DEBUG - QR 2, Loss=0.010439087833847803
2020-10-05 13:31:25,144 - __main__ - DEBUG - QR 3, Loss=0.009739025634577486
2020-10-05 13:31:25,144 - __main__ - DEBUG - QR 4, Loss=0.01023657351356083
2020-10-05 13:31:42,273 - __main__ - INFO - innate_buffer=2000, innate_train_len=2000, innate_val_len=2000
2020-10-05 13:31:42,273 - __main__ - INFO - target_state_list=(6000, 25), target_innate_seq=(6000, 5)
2020-10-05 13:31:59,345 - __main__ - DEBUG - QR 0, Loss=0.010063656050259266
2020-10-05 13:31:59,346 - __main__ - DEBUG - QR 1, Loss=0.010252538346030064
2020-10-05 13:31:59,346 - __main__ - DEBUG - QR 2, Loss=0.010155216140592529
2020-10-05 13:31:59,346 - __main__ - DEBUG - QR 3, Loss=0.009814268639940069
2020-10-05 13:31:59,346 - __main__ - DEBUG - QR 4, Loss=0.009928658720166126
2020-10-05 13:32:17,096 - __main__ - INFO - innate_buffer=2000, innate_train_len=2000, innate_val_len=2000
2020-10-05 13:32:17,096 - __main__ - INFO - target_state_list=(6000, 25), target_innate_seq=(6000, 5)
2020-10-05 13:34:01,026 - __main__ - DEBUG - QR 0, Loss=0.010056180267336614
2020-10-05 13:34:01,027 - __main__ - DEBUG - QR 1, Loss=0.010058564439471118
2020-10-05 13:34:01,027 - __main__ - DEBUG - QR 2, Loss=0.010273039043160436
2020-10-05 13:34:01,027 - __main__ - DEBUG - QR 3, Loss=0.009807305164872972
2020-10-05 13:34:01,027 - __main__ - DEBUG - QR 4, Loss=0.010021280632319074
2020-10-05 13:34:17,846 - __main__ - INFO - innate_buffer=2000, innate_train_len=2000, innate_val_len=2000
2020-10-05 13:34:17,847 - __main__ - INFO - target_state_list=(6000, 25), target_innate_seq=(6000, 5)
2020-10-05 13:37:04,911 - __main__ - DEBUG - QR 0, Loss=0.01008875077286971
2020-10-05 13:37:04,911 - __main__ - DEBUG - QR 1, Loss=0.00984885500632931
2020-10-05 13:37:04,911 - __main__ - DEBUG - QR 2, Loss=0.010264531228329278
2020-10-05 13:37:04,911 - __main__ - DEBUG - QR 3, Loss=0.009822216481574761
2020-10-05 13:37:04,911 - __main__ - DEBUG - QR 4, Loss=0.010029788956582969
2020-10-05 13:37:15,282 - __main__ - INFO - innate_buffer=2000, innate_train_len=2000, innate_val_len=2000
2020-10-05 13:37:15,282 - __main__ - INFO - target_state_list=(6000, 25), target_innate_seq=(6000, 5)
2020-10-05 13:37:21,574 - __main__ - DEBUG - QR 0, Loss=0.010136419704522623
2020-10-05 13:37:21,574 - __main__ - DEBUG - QR 1, Loss=0.010030210036766395
2020-10-05 13:37:21,575 - __main__ - DEBUG - QR 2, Loss=0.010131970753575695
2020-10-05 13:37:21,575 - __main__ - DEBUG - QR 3, Loss=0.010734241425189448
2020-10-05 13:37:21,575 - __main__ - DEBUG - QR 4, Loss=0.010241546672239178
2020-10-05 13:37:38,539 - __main__ - INFO - innate_buffer=2000, innate_train_len=2000, innate_val_len=2000
2020-10-05 13:37:38,539 - __main__ - INFO - target_state_list=(6000, 25), target_innate_seq=(6000, 5)
2020-10-05 13:39:54,177 - __main__ - DEBUG - QR 0, Loss=0.010286810628495983
2020-10-05 13:39:54,177 - __main__ - DEBUG - QR 1, Loss=0.010332916443475641
2020-10-05 13:39:54,178 - __main__ - DEBUG - QR 2, Loss=0.010131135047094597
2020-10-05 13:39:54,178 - __main__ - DEBUG - QR 3, Loss=0.010302516190744128
2020-10-05 13:39:54,178 - __main__ - DEBUG - QR 4, Loss=0.010263716265388493
2020-10-05 13:40:11,121 - __main__ - INFO - innate_buffer=2000, innate_train_len=2000, innate_val_len=2000
2020-10-05 13:40:11,121 - __main__ - INFO - target_state_list=(6000, 25), target_innate_seq=(6000, 5)
2020-10-05 13:41:07,513 - __main__ - DEBUG - QR 0, Loss=0.010365599027293872
2020-10-05 13:41:07,514 - __main__ - DEBUG - QR 1, Loss=0.010363717083368416
2020-10-05 13:41:07,514 - __main__ - DEBUG - QR 2, Loss=0.010132379711831568
2020-10-05 13:41:07,514 - __main__ - DEBUG - QR 3, Loss=0.010058417604075913
2020-10-05 13:41:07,514 - __main__ - DEBUG - QR 4, Loss=0.010252202932676167
2020-10-05 13:41:24,653 - __main__ - INFO - innate_buffer=2000, innate_train_len=2000, innate_val_len=2000
2020-10-05 13:41:24,653 - __main__ - INFO - target_state_list=(6000, 25), target_innate_seq=(6000, 5)
2020-10-05 13:43:23,333 - __main__ - DEBUG - QR 0, Loss=0.009783435269580398
2020-10-05 13:43:23,334 - __main__ - DEBUG - QR 1, Loss=0.010135984593221221
2020-10-05 13:43:23,334 - __main__ - DEBUG - QR 2, Loss=0.00982539932599303
2020-10-05 13:43:23,334 - __main__ - DEBUG - QR 3, Loss=0.010006511307247421
2020-10-05 13:43:23,334 - __main__ - DEBUG - QR 4, Loss=0.012678303643906723
2020-10-05 13:43:23,334 - __main__ - INFO - do_narma=0, Ntrials=10, total loss avg=0.010250640206041783, std=0.0001315672044497982
2020-10-05 13:45:09,366 - __main__ - DEBUG - QR 0, Loss=0.009825445133113444
2020-10-05 13:45:09,367 - __main__ - DEBUG - QR 1, Loss=0.010130417901252992
2020-10-05 13:45:09,367 - __main__ - DEBUG - QR 2, Loss=0.010059248255309733
2020-10-05 13:45:09,367 - __main__ - DEBUG - QR 3, Loss=0.010041357310617135
2020-10-05 13:45:09,367 - __main__ - DEBUG - QR 4, Loss=0.009722146037855376
2020-10-05 13:45:09,367 - __main__ - INFO - do_narma=0, Ntrials=10, total loss avg=0.010289621401755126, std=0.00022457309188800444
2020-10-05 13:46:06,926 - __main__ - DEBUG - QR 0, Loss=0.009783979249657663
2020-10-05 13:46:06,926 - __main__ - DEBUG - QR 1, Loss=0.01013540227620509
2020-10-05 13:46:06,926 - __main__ - DEBUG - QR 2, Loss=0.00980107475472615
2020-10-05 13:46:06,927 - __main__ - DEBUG - QR 3, Loss=0.009906022506825844
2020-10-05 13:46:06,927 - __main__ - DEBUG - QR 4, Loss=0.009797928326619078
2020-10-05 13:46:06,927 - __main__ - INFO - do_narma=0, Ntrials=10, total loss avg=0.011402645700981238, std=0.003732789153665523
