2020-10-05 12:53:00,898 - __main__ - INFO - n_units=5
2020-10-05 12:53:00,899 - __main__ - INFO - max_energy=1.0
2020-10-05 12:53:00,899 - __main__ - INFO - beta=1e-14
2020-10-05 12:53:00,899 - __main__ - INFO - taudelta=1.0
2020-10-05 12:53:00,899 - __main__ - INFO - V=1
2020-10-05 12:53:00,899 - __main__ - INFO - layers=5
2020-10-05 12:53:00,899 - __main__ - INFO - train_len=2000, val_len=2000, buffer=2000
2020-10-05 12:53:00,899 - __main__ - INFO - alpha=0.5, Ntrials=10
2020-10-05 12:53:00,899 - __main__ - INFO - noise=6.000000000000001e-05, learning rate=10.0,scale_input=0.2
2020-10-05 12:53:00,931 - __main__ - INFO - n_units=5
2020-10-05 12:53:00,932 - __main__ - INFO - max_energy=1.0
2020-10-05 12:53:00,932 - __main__ - INFO - beta=1e-14
2020-10-05 12:53:00,932 - __main__ - INFO - taudelta=2.0
2020-10-05 12:53:00,932 - __main__ - INFO - V=1
2020-10-05 12:53:00,932 - __main__ - INFO - layers=5
2020-10-05 12:53:00,932 - __main__ - INFO - train_len=2000, val_len=2000, buffer=2000
2020-10-05 12:53:00,932 - __main__ - INFO - alpha=0.5, Ntrials=10
2020-10-05 12:53:00,932 - __main__ - INFO - noise=6.000000000000001e-05, learning rate=10.0,scale_input=0.2
2020-10-05 12:53:00,988 - __main__ - INFO - n_units=5
2020-10-05 12:53:00,988 - __main__ - INFO - max_energy=1.0
2020-10-05 12:53:00,988 - __main__ - INFO - beta=1e-14
2020-10-05 12:53:00,988 - __main__ - INFO - taudelta=4.0
2020-10-05 12:53:00,988 - __main__ - INFO - V=1
2020-10-05 12:53:00,988 - __main__ - INFO - layers=5
2020-10-05 12:53:00,988 - __main__ - INFO - train_len=2000, val_len=2000, buffer=2000
2020-10-05 12:53:00,989 - __main__ - INFO - alpha=0.5, Ntrials=10
2020-10-05 12:53:00,989 - __main__ - INFO - noise=6.000000000000001e-05, learning rate=10.0,scale_input=0.2
2020-10-05 12:53:15,707 - __main__ - INFO - innate_buffer=2000, innate_train_len=2000, innate_val_len=2000
2020-10-05 12:53:15,708 - __main__ - INFO - target_state_list=(6000, 25), target_innate_seq=(6000, 5)
2020-10-05 12:53:17,551 - __main__ - INFO - innate_buffer=2000, innate_train_len=2000, innate_val_len=2000
2020-10-05 12:53:17,552 - __main__ - INFO - target_state_list=(6000, 25), target_innate_seq=(6000, 5)
2020-10-05 12:53:17,974 - __main__ - INFO - innate_buffer=2000, innate_train_len=2000, innate_val_len=2000
2020-10-05 12:53:17,974 - __main__ - INFO - target_state_list=(6000, 25), target_innate_seq=(6000, 5)
2020-10-05 12:58:12,155 - __main__ - DEBUG - QR 0, Loss=0.008069651885213204
2020-10-05 12:58:12,155 - __main__ - DEBUG - QR 1, Loss=0.00795266658830895
2020-10-05 12:58:12,155 - __main__ - DEBUG - QR 2, Loss=0.007799768315866718
2020-10-05 12:58:12,156 - __main__ - DEBUG - QR 3, Loss=0.008732386063114293
2020-10-05 12:58:12,156 - __main__ - DEBUG - QR 4, Loss=0.007736226463508823
2020-10-05 12:58:26,944 - __main__ - INFO - innate_buffer=2000, innate_train_len=2000, innate_val_len=2000
2020-10-05 12:58:26,944 - __main__ - INFO - target_state_list=(6000, 25), target_innate_seq=(6000, 5)
2020-10-05 12:58:47,229 - __main__ - DEBUG - QR 0, Loss=0.07367114504884237
2020-10-05 12:58:47,229 - __main__ - DEBUG - QR 1, Loss=0.007817989595519902
2020-10-05 12:58:47,229 - __main__ - DEBUG - QR 2, Loss=0.007751630082994615
2020-10-05 12:58:47,229 - __main__ - DEBUG - QR 3, Loss=0.008731500596866365
2020-10-05 12:58:47,229 - __main__ - DEBUG - QR 4, Loss=0.007791858076859706
2020-10-05 12:58:58,480 - __main__ - DEBUG - QR 0, Loss=0.008548804315495847
2020-10-05 12:58:58,480 - __main__ - DEBUG - QR 1, Loss=0.007933165506306732
2020-10-05 12:58:58,480 - __main__ - DEBUG - QR 2, Loss=0.00777257616708967
2020-10-05 12:58:58,481 - __main__ - DEBUG - QR 3, Loss=0.00881990450094298
2020-10-05 12:58:58,481 - __main__ - DEBUG - QR 4, Loss=0.007887879267700723
2020-10-05 12:59:03,665 - __main__ - INFO - innate_buffer=2000, innate_train_len=2000, innate_val_len=2000
2020-10-05 12:59:03,666 - __main__ - INFO - target_state_list=(6000, 25), target_innate_seq=(6000, 5)
2020-10-05 12:59:16,231 - __main__ - INFO - innate_buffer=2000, innate_train_len=2000, innate_val_len=2000
2020-10-05 12:59:16,231 - __main__ - INFO - target_state_list=(6000, 25), target_innate_seq=(6000, 5)
2020-10-05 13:03:33,118 - __main__ - DEBUG - QR 0, Loss=0.007919034859244816
2020-10-05 13:03:33,118 - __main__ - DEBUG - QR 1, Loss=0.0074925190346181334
2020-10-05 13:03:33,118 - __main__ - DEBUG - QR 2, Loss=0.008237353416717063
2020-10-05 13:03:33,118 - __main__ - DEBUG - QR 3, Loss=0.008729283117777547
2020-10-05 13:03:33,119 - __main__ - DEBUG - QR 4, Loss=0.00811227135957813
2020-10-05 13:03:49,584 - __main__ - INFO - innate_buffer=2000, innate_train_len=2000, innate_val_len=2000
2020-10-05 13:03:49,584 - __main__ - INFO - target_state_list=(6000, 25), target_innate_seq=(6000, 5)
2020-10-05 13:03:52,947 - __main__ - DEBUG - QR 0, Loss=0.007579635991806312
2020-10-05 13:03:52,947 - __main__ - DEBUG - QR 1, Loss=0.0074931472440945435
2020-10-05 13:03:52,948 - __main__ - DEBUG - QR 2, Loss=0.007910413326924859
2020-10-05 13:03:52,948 - __main__ - DEBUG - QR 3, Loss=0.007709858061693037
2020-10-05 13:03:52,948 - __main__ - DEBUG - QR 4, Loss=0.00810793565346952
2020-10-05 13:04:03,172 - __main__ - INFO - innate_buffer=2000, innate_train_len=2000, innate_val_len=2000
2020-10-05 13:04:03,172 - __main__ - INFO - target_state_list=(6000, 25), target_innate_seq=(6000, 5)
2020-10-05 13:04:49,810 - __main__ - DEBUG - QR 0, Loss=0.011587692674897352
2020-10-05 13:04:49,810 - __main__ - DEBUG - QR 1, Loss=0.007660869709801022
2020-10-05 13:04:49,810 - __main__ - DEBUG - QR 2, Loss=0.008288965418377316
2020-10-05 13:04:49,811 - __main__ - DEBUG - QR 3, Loss=0.007785541762435399
2020-10-05 13:04:49,811 - __main__ - DEBUG - QR 4, Loss=0.008082036783273754
2020-10-05 13:05:07,321 - __main__ - INFO - innate_buffer=2000, innate_train_len=2000, innate_val_len=2000
2020-10-05 13:05:07,321 - __main__ - INFO - target_state_list=(6000, 25), target_innate_seq=(6000, 5)
2020-10-05 13:07:28,421 - __main__ - DEBUG - QR 0, Loss=0.008784120448247442
2020-10-05 13:07:28,422 - __main__ - DEBUG - QR 1, Loss=0.007574153487725387
2020-10-05 13:07:28,422 - __main__ - DEBUG - QR 2, Loss=0.008099821682476364
2020-10-05 13:07:28,422 - __main__ - DEBUG - QR 3, Loss=0.0076711997131483824
2020-10-05 13:07:28,422 - __main__ - DEBUG - QR 4, Loss=0.00795418450055844
2020-10-05 13:07:38,700 - __main__ - INFO - innate_buffer=2000, innate_train_len=2000, innate_val_len=2000
2020-10-05 13:07:38,700 - __main__ - INFO - target_state_list=(6000, 25), target_innate_seq=(6000, 5)
2020-10-05 13:08:47,425 - __main__ - DEBUG - QR 0, Loss=0.00892450362598231
2020-10-05 13:08:47,425 - __main__ - DEBUG - QR 1, Loss=0.007572855822504376
2020-10-05 13:08:47,425 - __main__ - DEBUG - QR 2, Loss=0.008051617191926208
2020-10-05 13:08:47,425 - __main__ - DEBUG - QR 3, Loss=0.008188306184150911
2020-10-05 13:08:47,426 - __main__ - DEBUG - QR 4, Loss=0.007941771236700793
2020-10-05 13:08:58,151 - __main__ - INFO - innate_buffer=2000, innate_train_len=2000, innate_val_len=2000
2020-10-05 13:08:58,152 - __main__ - INFO - target_state_list=(6000, 25), target_innate_seq=(6000, 5)
2020-10-05 13:10:43,117 - __main__ - DEBUG - QR 0, Loss=0.00896850636301901
2020-10-05 13:10:43,117 - __main__ - DEBUG - QR 1, Loss=0.007614037027056544
2020-10-05 13:10:43,117 - __main__ - DEBUG - QR 2, Loss=0.008032368057955538
2020-10-05 13:10:43,117 - __main__ - DEBUG - QR 3, Loss=0.008326542536632854
2020-10-05 13:10:43,117 - __main__ - DEBUG - QR 4, Loss=0.007998018944276788
2020-10-05 13:11:00,248 - __main__ - INFO - innate_buffer=2000, innate_train_len=2000, innate_val_len=2000
2020-10-05 13:11:00,249 - __main__ - INFO - target_state_list=(6000, 25), target_innate_seq=(6000, 5)
2020-10-05 13:11:08,452 - __main__ - DEBUG - QR 0, Loss=0.007738621970365032
2020-10-05 13:11:08,453 - __main__ - DEBUG - QR 1, Loss=0.0084284354090925
2020-10-05 13:11:08,453 - __main__ - DEBUG - QR 2, Loss=0.009996207650722205
2020-10-05 13:11:08,453 - __main__ - DEBUG - QR 3, Loss=0.008223092833790484
2020-10-05 13:11:08,453 - __main__ - DEBUG - QR 4, Loss=0.007690085416599707
2020-10-05 13:11:18,763 - __main__ - INFO - innate_buffer=2000, innate_train_len=2000, innate_val_len=2000
2020-10-05 13:11:18,763 - __main__ - INFO - target_state_list=(6000, 25), target_innate_seq=(6000, 5)
2020-10-05 13:13:32,213 - __main__ - DEBUG - QR 0, Loss=0.007738548513839696
2020-10-05 13:13:32,213 - __main__ - DEBUG - QR 1, Loss=0.008823535450758382
2020-10-05 13:13:32,214 - __main__ - DEBUG - QR 2, Loss=0.0085666319027697
2020-10-05 13:13:32,214 - __main__ - DEBUG - QR 3, Loss=0.007984202950737932
2020-10-05 13:13:32,214 - __main__ - DEBUG - QR 4, Loss=0.007846305431323053
2020-10-05 13:13:48,980 - __main__ - INFO - innate_buffer=2000, innate_train_len=2000, innate_val_len=2000
2020-10-05 13:13:48,980 - __main__ - INFO - target_state_list=(6000, 25), target_innate_seq=(6000, 5)
2020-10-05 13:14:57,949 - __main__ - DEBUG - QR 0, Loss=0.007778716391329234
2020-10-05 13:14:57,950 - __main__ - DEBUG - QR 1, Loss=0.007712530401990926
2020-10-05 13:14:57,950 - __main__ - DEBUG - QR 2, Loss=0.009032168513723921
2020-10-05 13:14:57,950 - __main__ - DEBUG - QR 3, Loss=0.00813036333046951
2020-10-05 13:14:57,950 - __main__ - DEBUG - QR 4, Loss=0.007676213448299544
2020-10-05 13:15:14,769 - __main__ - INFO - innate_buffer=2000, innate_train_len=2000, innate_val_len=2000
2020-10-05 13:15:14,769 - __main__ - INFO - target_state_list=(6000, 25), target_innate_seq=(6000, 5)
2020-10-05 13:16:24,407 - __main__ - DEBUG - QR 0, Loss=0.007738501854503943
2020-10-05 13:16:24,408 - __main__ - DEBUG - QR 1, Loss=0.008267167600094038
2020-10-05 13:16:24,408 - __main__ - DEBUG - QR 2, Loss=0.009829026422783988
2020-10-05 13:16:24,408 - __main__ - DEBUG - QR 3, Loss=0.008449666720974965
2020-10-05 13:16:24,408 - __main__ - DEBUG - QR 4, Loss=0.007637262986182706
2020-10-05 13:16:34,795 - __main__ - INFO - innate_buffer=2000, innate_train_len=2000, innate_val_len=2000
2020-10-05 13:16:34,796 - __main__ - INFO - target_state_list=(6000, 25), target_innate_seq=(6000, 5)
2020-10-05 13:19:06,510 - __main__ - DEBUG - QR 0, Loss=0.007744472229070586
2020-10-05 13:19:06,511 - __main__ - DEBUG - QR 1, Loss=0.007721427145703118
2020-10-05 13:19:06,511 - __main__ - DEBUG - QR 2, Loss=0.008148590413232227
2020-10-05 13:19:06,511 - __main__ - DEBUG - QR 3, Loss=0.008063213206180586
2020-10-05 13:19:06,511 - __main__ - DEBUG - QR 4, Loss=0.007674645294700595
2020-10-05 13:19:23,526 - __main__ - INFO - innate_buffer=2000, innate_train_len=2000, innate_val_len=2000
2020-10-05 13:19:23,526 - __main__ - INFO - target_state_list=(6000, 25), target_innate_seq=(6000, 5)
2020-10-05 13:20:13,552 - __main__ - DEBUG - QR 0, Loss=0.007831898114010624
2020-10-05 13:20:13,552 - __main__ - DEBUG - QR 1, Loss=0.0077608432849567725
2020-10-05 13:20:13,552 - __main__ - DEBUG - QR 2, Loss=0.007680561421628971
2020-10-05 13:20:13,552 - __main__ - DEBUG - QR 3, Loss=0.007804982550661778
2020-10-05 13:20:13,552 - __main__ - DEBUG - QR 4, Loss=0.008539281277869099
2020-10-05 13:20:26,822 - __main__ - INFO - innate_buffer=2000, innate_train_len=2000, innate_val_len=2000
2020-10-05 13:20:26,822 - __main__ - INFO - target_state_list=(6000, 25), target_innate_seq=(6000, 5)
2020-10-05 13:21:40,088 - __main__ - DEBUG - QR 0, Loss=0.008191709332033842
2020-10-05 13:21:40,089 - __main__ - DEBUG - QR 1, Loss=0.0077335340508713
2020-10-05 13:21:40,089 - __main__ - DEBUG - QR 2, Loss=0.009483114546356199
2020-10-05 13:21:40,089 - __main__ - DEBUG - QR 3, Loss=0.007853961739372889
2020-10-05 13:21:40,089 - __main__ - DEBUG - QR 4, Loss=0.008031031952037122
2020-10-05 13:21:57,853 - __main__ - INFO - innate_buffer=2000, innate_train_len=2000, innate_val_len=2000
2020-10-05 13:21:57,853 - __main__ - INFO - target_state_list=(6000, 25), target_innate_seq=(6000, 5)
2020-10-05 13:24:36,233 - __main__ - DEBUG - QR 0, Loss=0.007855138463276262
2020-10-05 13:24:36,234 - __main__ - DEBUG - QR 1, Loss=0.007817045459102686
2020-10-05 13:24:36,234 - __main__ - DEBUG - QR 2, Loss=0.007563402088069475
2020-10-05 13:24:36,234 - __main__ - DEBUG - QR 3, Loss=0.007933221134738558
2020-10-05 13:24:36,234 - __main__ - DEBUG - QR 4, Loss=0.00855936613173969
2020-10-05 13:24:52,274 - __main__ - INFO - innate_buffer=2000, innate_train_len=2000, innate_val_len=2000
2020-10-05 13:24:52,274 - __main__ - INFO - target_state_list=(6000, 25), target_innate_seq=(6000, 5)
2020-10-05 13:25:21,517 - __main__ - DEBUG - QR 0, Loss=0.007992007561521687
2020-10-05 13:25:21,518 - __main__ - DEBUG - QR 1, Loss=0.008115711800427038
2020-10-05 13:25:21,518 - __main__ - DEBUG - QR 2, Loss=0.008193893816557796
2020-10-05 13:25:21,518 - __main__ - DEBUG - QR 3, Loss=0.007543821603580701
2020-10-05 13:25:21,518 - __main__ - DEBUG - QR 4, Loss=0.00796658246047695
2020-10-05 13:25:38,624 - __main__ - INFO - innate_buffer=2000, innate_train_len=2000, innate_val_len=2000
2020-10-05 13:25:38,624 - __main__ - INFO - target_state_list=(6000, 25), target_innate_seq=(6000, 5)
2020-10-05 13:27:14,061 - __main__ - DEBUG - QR 0, Loss=0.007836240905366306
2020-10-05 13:27:14,061 - __main__ - DEBUG - QR 1, Loss=0.00776486675364944
2020-10-05 13:27:14,061 - __main__ - DEBUG - QR 2, Loss=0.007625962730423686
2020-10-05 13:27:14,061 - __main__ - DEBUG - QR 3, Loss=0.007870694028895795
2020-10-05 13:27:14,061 - __main__ - DEBUG - QR 4, Loss=0.007827910942475005
2020-10-05 13:27:30,905 - __main__ - INFO - innate_buffer=2000, innate_train_len=2000, innate_val_len=2000
2020-10-05 13:27:30,905 - __main__ - INFO - target_state_list=(6000, 25), target_innate_seq=(6000, 5)
2020-10-05 13:29:37,363 - __main__ - DEBUG - QR 0, Loss=0.008032098390759615
2020-10-05 13:29:37,364 - __main__ - DEBUG - QR 1, Loss=0.008909296380652926
2020-10-05 13:29:37,364 - __main__ - DEBUG - QR 2, Loss=0.007934165017385713
2020-10-05 13:29:37,364 - __main__ - DEBUG - QR 3, Loss=0.007658656483046963
2020-10-05 13:29:37,364 - __main__ - DEBUG - QR 4, Loss=0.00803965095971161
2020-10-05 13:29:54,761 - __main__ - INFO - innate_buffer=2000, innate_train_len=2000, innate_val_len=2000
2020-10-05 13:29:54,762 - __main__ - INFO - target_state_list=(6000, 25), target_innate_seq=(6000, 5)
2020-10-05 13:30:34,304 - __main__ - DEBUG - QR 0, Loss=0.00787095030406059
2020-10-05 13:30:34,305 - __main__ - DEBUG - QR 1, Loss=0.007632758651191975
2020-10-05 13:30:34,305 - __main__ - DEBUG - QR 2, Loss=0.00801866616985117
2020-10-05 13:30:34,305 - __main__ - DEBUG - QR 3, Loss=0.007610093585148738
2020-10-05 13:30:34,305 - __main__ - DEBUG - QR 4, Loss=0.007859769444160324
2020-10-05 13:30:51,381 - __main__ - INFO - innate_buffer=2000, innate_train_len=2000, innate_val_len=2000
2020-10-05 13:30:51,381 - __main__ - INFO - target_state_list=(6000, 25), target_innate_seq=(6000, 5)
2020-10-05 13:32:47,591 - __main__ - DEBUG - QR 0, Loss=0.007983595238998713
2020-10-05 13:32:47,591 - __main__ - DEBUG - QR 1, Loss=0.00825083591849593
2020-10-05 13:32:47,592 - __main__ - DEBUG - QR 2, Loss=0.008193614007867044
2020-10-05 13:32:47,592 - __main__ - DEBUG - QR 3, Loss=0.008019150023047445
2020-10-05 13:32:47,592 - __main__ - DEBUG - QR 4, Loss=0.00812325484376069
2020-10-05 13:33:04,569 - __main__ - INFO - innate_buffer=2000, innate_train_len=2000, innate_val_len=2000
2020-10-05 13:33:04,569 - __main__ - INFO - target_state_list=(6000, 25), target_innate_seq=(6000, 5)
2020-10-05 13:34:43,393 - __main__ - DEBUG - QR 0, Loss=0.007838945113510815
2020-10-05 13:34:43,394 - __main__ - DEBUG - QR 1, Loss=0.00814843618286246
2020-10-05 13:34:43,394 - __main__ - DEBUG - QR 2, Loss=0.007865476722444038
2020-10-05 13:34:43,394 - __main__ - DEBUG - QR 3, Loss=0.007602416939799539
2020-10-05 13:34:43,394 - __main__ - DEBUG - QR 4, Loss=0.007690465447112719
2020-10-05 13:35:00,238 - __main__ - INFO - innate_buffer=2000, innate_train_len=2000, innate_val_len=2000
2020-10-05 13:35:00,238 - __main__ - INFO - target_state_list=(6000, 25), target_innate_seq=(6000, 5)
2020-10-05 13:36:28,940 - __main__ - DEBUG - QR 0, Loss=0.00813733592168673
2020-10-05 13:36:28,940 - __main__ - DEBUG - QR 1, Loss=0.008240817000195572
2020-10-05 13:36:28,940 - __main__ - DEBUG - QR 2, Loss=0.00784903265300135
2020-10-05 13:36:28,940 - __main__ - DEBUG - QR 3, Loss=0.007884826633007094
2020-10-05 13:36:28,941 - __main__ - DEBUG - QR 4, Loss=0.007946134043391695
2020-10-05 13:36:45,974 - __main__ - INFO - innate_buffer=2000, innate_train_len=2000, innate_val_len=2000
2020-10-05 13:36:45,974 - __main__ - INFO - target_state_list=(6000, 25), target_innate_seq=(6000, 5)
2020-10-05 13:38:19,902 - __main__ - DEBUG - QR 0, Loss=0.007827655780508582
2020-10-05 13:38:19,902 - __main__ - DEBUG - QR 1, Loss=0.007898543800006562
2020-10-05 13:38:19,902 - __main__ - DEBUG - QR 2, Loss=0.008030033217681913
2020-10-05 13:38:19,903 - __main__ - DEBUG - QR 3, Loss=0.007598402615430201
2020-10-05 13:38:19,903 - __main__ - DEBUG - QR 4, Loss=0.00784194939486277
2020-10-05 13:38:36,954 - __main__ - INFO - innate_buffer=2000, innate_train_len=2000, innate_val_len=2000
2020-10-05 13:38:36,954 - __main__ - INFO - target_state_list=(6000, 25), target_innate_seq=(6000, 5)
2020-10-05 13:39:59,899 - __main__ - DEBUG - QR 0, Loss=0.007853577170404968
2020-10-05 13:39:59,899 - __main__ - DEBUG - QR 1, Loss=0.00782379775269546
2020-10-05 13:39:59,900 - __main__ - DEBUG - QR 2, Loss=0.007849795155660274
2020-10-05 13:39:59,900 - __main__ - DEBUG - QR 3, Loss=0.008714831968768978
2020-10-05 13:39:59,900 - __main__ - DEBUG - QR 4, Loss=0.007933634887031393
2020-10-05 13:40:16,055 - __main__ - INFO - innate_buffer=2000, innate_train_len=2000, innate_val_len=2000
2020-10-05 13:40:16,056 - __main__ - INFO - target_state_list=(6000, 25), target_innate_seq=(6000, 5)
2020-10-05 13:42:23,860 - __main__ - DEBUG - QR 0, Loss=0.007578644381269988
2020-10-05 13:42:23,860 - __main__ - DEBUG - QR 1, Loss=0.00792719861312578
2020-10-05 13:42:23,861 - __main__ - DEBUG - QR 2, Loss=0.007592000132857916
2020-10-05 13:42:23,861 - __main__ - DEBUG - QR 3, Loss=0.0076756627154253194
2020-10-05 13:42:23,861 - __main__ - DEBUG - QR 4, Loss=0.007633379958224397
2020-10-05 13:42:23,861 - __main__ - INFO - do_narma=0, Ntrials=10, total loss avg=0.009278837659518008, std=0.003962659289968165
2020-10-05 13:43:49,946 - __main__ - DEBUG - QR 0, Loss=0.00803992568138827
2020-10-05 13:43:49,947 - __main__ - DEBUG - QR 1, Loss=0.008203276321772784
2020-10-05 13:43:49,947 - __main__ - DEBUG - QR 2, Loss=0.0078476243347152
2020-10-05 13:43:49,947 - __main__ - DEBUG - QR 3, Loss=0.008192414025331945
2020-10-05 13:43:49,947 - __main__ - DEBUG - QR 4, Loss=0.007958040437118449
2020-10-05 13:44:06,726 - __main__ - INFO - innate_buffer=2000, innate_train_len=2000, innate_val_len=2000
2020-10-05 13:44:06,727 - __main__ - INFO - target_state_list=(6000, 25), target_innate_seq=(6000, 5)
2020-10-05 13:45:30,245 - __main__ - DEBUG - QR 0, Loss=0.007578782964868332
2020-10-05 13:45:30,245 - __main__ - DEBUG - QR 1, Loss=0.007926032313426645
2020-10-05 13:45:30,246 - __main__ - DEBUG - QR 2, Loss=0.007619180771702738
2020-10-05 13:45:30,247 - __main__ - DEBUG - QR 3, Loss=0.007786458206125721
2020-10-05 13:45:30,247 - __main__ - DEBUG - QR 4, Loss=0.011068310578451245
2020-10-05 13:45:30,247 - __main__ - INFO - do_narma=0, Ntrials=10, total loss avg=0.008067479407737537, std=0.00015577805985296053
2020-10-05 13:47:28,627 - __main__ - DEBUG - QR 0, Loss=0.007641077191045296
2020-10-05 13:47:28,627 - __main__ - DEBUG - QR 1, Loss=0.007920564826294661
2020-10-05 13:47:28,628 - __main__ - DEBUG - QR 2, Loss=0.00788988748069198
2020-10-05 13:47:28,628 - __main__ - DEBUG - QR 3, Loss=0.007822777147257126
2020-10-05 13:47:28,628 - __main__ - DEBUG - QR 4, Loss=0.007531441934504731
2020-10-05 13:47:28,628 - __main__ - INFO - do_narma=0, Ntrials=10, total loss avg=0.008125232516441261, std=0.00027171720755282994
