2020-10-05 12:53:00,890 - __main__ - INFO - n_units=5
2020-10-05 12:53:00,890 - __main__ - INFO - max_energy=1.0
2020-10-05 12:53:00,890 - __main__ - INFO - beta=1e-14
2020-10-05 12:53:00,890 - __main__ - INFO - taudelta=1.0
2020-10-05 12:53:00,890 - __main__ - INFO - V=1
2020-10-05 12:53:00,890 - __main__ - INFO - layers=5
2020-10-05 12:53:00,890 - __main__ - INFO - train_len=2000, val_len=2000, buffer=2000
2020-10-05 12:53:00,890 - __main__ - INFO - alpha=0.5, Ntrials=10
2020-10-05 12:53:00,890 - __main__ - INFO - noise=3e-06, learning rate=10.0,scale_input=0.2
2020-10-05 12:53:00,920 - __main__ - INFO - n_units=5
2020-10-05 12:53:00,920 - __main__ - INFO - max_energy=1.0
2020-10-05 12:53:00,920 - __main__ - INFO - beta=1e-14
2020-10-05 12:53:00,921 - __main__ - INFO - taudelta=2.0
2020-10-05 12:53:00,921 - __main__ - INFO - V=1
2020-10-05 12:53:00,921 - __main__ - INFO - layers=5
2020-10-05 12:53:00,921 - __main__ - INFO - train_len=2000, val_len=2000, buffer=2000
2020-10-05 12:53:00,921 - __main__ - INFO - alpha=0.5, Ntrials=10
2020-10-05 12:53:00,921 - __main__ - INFO - noise=3e-06, learning rate=10.0,scale_input=0.2
2020-10-05 12:53:00,967 - __main__ - INFO - n_units=5
2020-10-05 12:53:00,967 - __main__ - INFO - max_energy=1.0
2020-10-05 12:53:00,967 - __main__ - INFO - beta=1e-14
2020-10-05 12:53:00,967 - __main__ - INFO - taudelta=4.0
2020-10-05 12:53:00,968 - __main__ - INFO - V=1
2020-10-05 12:53:00,968 - __main__ - INFO - layers=5
2020-10-05 12:53:00,968 - __main__ - INFO - train_len=2000, val_len=2000, buffer=2000
2020-10-05 12:53:00,968 - __main__ - INFO - alpha=0.5, Ntrials=10
2020-10-05 12:53:00,968 - __main__ - INFO - noise=3e-06, learning rate=10.0,scale_input=0.2
2020-10-05 12:53:12,312 - __main__ - INFO - innate_buffer=2000, innate_train_len=2000, innate_val_len=2000
2020-10-05 12:53:12,312 - __main__ - INFO - target_state_list=(6000, 25), target_innate_seq=(6000, 5)
2020-10-05 12:53:16,457 - __main__ - INFO - innate_buffer=2000, innate_train_len=2000, innate_val_len=2000
2020-10-05 12:53:16,457 - __main__ - INFO - target_state_list=(6000, 25), target_innate_seq=(6000, 5)
2020-10-05 12:53:18,136 - __main__ - INFO - innate_buffer=2000, innate_train_len=2000, innate_val_len=2000
2020-10-05 12:53:18,136 - __main__ - INFO - target_state_list=(6000, 25), target_innate_seq=(6000, 5)
2020-10-05 12:57:16,748 - __main__ - DEBUG - QR 0, Loss=0.0028823784061958076
2020-10-05 12:57:16,748 - __main__ - DEBUG - QR 1, Loss=0.0022874613328769345
2020-10-05 12:57:16,748 - __main__ - DEBUG - QR 2, Loss=0.0021850892954308407
2020-10-05 12:57:16,748 - __main__ - DEBUG - QR 3, Loss=0.004548319652050807
2020-10-05 12:57:16,748 - __main__ - DEBUG - QR 4, Loss=0.0017479721905786984
2020-10-05 12:57:26,994 - __main__ - INFO - innate_buffer=2000, innate_train_len=2000, innate_val_len=2000
2020-10-05 12:57:26,995 - __main__ - INFO - target_state_list=(6000, 25), target_innate_seq=(6000, 5)
2020-10-05 12:57:51,740 - __main__ - DEBUG - QR 0, Loss=0.07845857871258301
2020-10-05 12:57:51,740 - __main__ - DEBUG - QR 1, Loss=0.001752883747388006
2020-10-05 12:57:51,740 - __main__ - DEBUG - QR 2, Loss=0.001908983019306194
2020-10-05 12:57:51,741 - __main__ - DEBUG - QR 3, Loss=0.004411239670766411
2020-10-05 12:57:51,741 - __main__ - DEBUG - QR 4, Loss=0.0021621112290569604
2020-10-05 12:58:08,233 - __main__ - INFO - innate_buffer=2000, innate_train_len=2000, innate_val_len=2000
2020-10-05 12:58:08,233 - __main__ - INFO - target_state_list=(6000, 25), target_innate_seq=(6000, 5)
2020-10-05 12:58:17,778 - __main__ - DEBUG - QR 0, Loss=0.0041798831890739645
2020-10-05 12:58:17,778 - __main__ - DEBUG - QR 1, Loss=0.0022203052647665456
2020-10-05 12:58:17,778 - __main__ - DEBUG - QR 2, Loss=0.0020405924588761575
2020-10-05 12:58:17,779 - __main__ - DEBUG - QR 3, Loss=0.004780146251433129
2020-10-05 12:58:17,779 - __main__ - DEBUG - QR 4, Loss=0.002557534522430064
2020-10-05 12:58:34,764 - __main__ - INFO - innate_buffer=2000, innate_train_len=2000, innate_val_len=2000
2020-10-05 12:58:34,764 - __main__ - INFO - target_state_list=(6000, 25), target_innate_seq=(6000, 5)
2020-10-05 13:01:32,788 - __main__ - DEBUG - QR 0, Loss=0.0027919668662821943
2020-10-05 13:01:32,789 - __main__ - DEBUG - QR 1, Loss=0.0017733051104395917
2020-10-05 13:01:32,789 - __main__ - DEBUG - QR 2, Loss=0.003144269711151232
2020-10-05 13:01:32,789 - __main__ - DEBUG - QR 3, Loss=0.004239110439525739
2020-10-05 13:01:32,789 - __main__ - DEBUG - QR 4, Loss=0.0029332350399527353
2020-10-05 13:01:48,761 - __main__ - INFO - innate_buffer=2000, innate_train_len=2000, innate_val_len=2000
2020-10-05 13:01:48,762 - __main__ - INFO - target_state_list=(6000, 25), target_innate_seq=(6000, 5)
2020-10-05 13:03:47,513 - __main__ - DEBUG - QR 0, Loss=0.0017309865890389022
2020-10-05 13:03:47,514 - __main__ - DEBUG - QR 1, Loss=0.0017665358011477125
2020-10-05 13:03:47,514 - __main__ - DEBUG - QR 2, Loss=0.002241734509636814
2020-10-05 13:03:47,514 - __main__ - DEBUG - QR 3, Loss=0.0017271797658110456
2020-10-05 13:03:47,514 - __main__ - DEBUG - QR 4, Loss=0.002925347266573483
2020-10-05 13:03:56,034 - __main__ - DEBUG - QR 0, Loss=0.00948834812891893
2020-10-05 13:03:56,035 - __main__ - DEBUG - QR 1, Loss=0.0024884052659979376
2020-10-05 13:03:56,035 - __main__ - DEBUG - QR 2, Loss=0.0032503297853423182
2020-10-05 13:03:56,035 - __main__ - DEBUG - QR 3, Loss=0.002004703971654755
2020-10-05 13:03:56,035 - __main__ - DEBUG - QR 4, Loss=0.0028421193896714493
2020-10-05 13:04:04,564 - __main__ - INFO - innate_buffer=2000, innate_train_len=2000, innate_val_len=2000
2020-10-05 13:04:04,564 - __main__ - INFO - target_state_list=(6000, 25), target_innate_seq=(6000, 5)
2020-10-05 13:04:12,972 - __main__ - INFO - innate_buffer=2000, innate_train_len=2000, innate_val_len=2000
2020-10-05 13:04:12,972 - __main__ - INFO - target_state_list=(6000, 25), target_innate_seq=(6000, 5)
2020-10-05 13:07:27,138 - __main__ - DEBUG - QR 0, Loss=0.004153015908982749
2020-10-05 13:07:27,139 - __main__ - DEBUG - QR 1, Loss=0.0016975108953978595
2020-10-05 13:07:27,139 - __main__ - DEBUG - QR 2, Loss=0.0025511615014338234
2020-10-05 13:07:27,139 - __main__ - DEBUG - QR 3, Loss=0.004389790824826092
2020-10-05 13:07:27,139 - __main__ - DEBUG - QR 4, Loss=0.002277884223895477
2020-10-05 13:07:44,062 - __main__ - INFO - innate_buffer=2000, innate_train_len=2000, innate_val_len=2000
2020-10-05 13:07:44,062 - __main__ - INFO - target_state_list=(6000, 25), target_innate_seq=(6000, 5)
2020-10-05 13:09:22,536 - __main__ - DEBUG - QR 0, Loss=0.004249481140577476
2020-10-05 13:09:22,536 - __main__ - DEBUG - QR 1, Loss=0.0019481434709891798
2020-10-05 13:09:22,537 - __main__ - DEBUG - QR 2, Loss=0.002925458750294111
2020-10-05 13:09:22,537 - __main__ - DEBUG - QR 3, Loss=0.006007824028367029
2020-10-05 13:09:22,537 - __main__ - DEBUG - QR 4, Loss=0.0024512437748897917
2020-10-05 13:09:39,426 - __main__ - INFO - innate_buffer=2000, innate_train_len=2000, innate_val_len=2000
2020-10-05 13:09:39,426 - __main__ - INFO - target_state_list=(6000, 25), target_innate_seq=(6000, 5)
2020-10-05 13:09:44,576 - __main__ - DEBUG - QR 0, Loss=0.003960048215729395
2020-10-05 13:09:44,576 - __main__ - DEBUG - QR 1, Loss=0.0016978595725115116
2020-10-05 13:09:44,577 - __main__ - DEBUG - QR 2, Loss=0.0030725512155051608
2020-10-05 13:09:44,577 - __main__ - DEBUG - QR 3, Loss=0.001715189863492643
2020-10-05 13:09:44,577 - __main__ - DEBUG - QR 4, Loss=0.0022690006507756653
2020-10-05 13:10:01,428 - __main__ - INFO - innate_buffer=2000, innate_train_len=2000, innate_val_len=2000
2020-10-05 13:10:01,428 - __main__ - INFO - target_state_list=(6000, 25), target_innate_seq=(6000, 5)
2020-10-05 13:13:11,675 - __main__ - DEBUG - QR 0, Loss=0.0017304218487225085
2020-10-05 13:13:11,675 - __main__ - DEBUG - QR 1, Loss=0.004742139209923099
2020-10-05 13:13:11,675 - __main__ - DEBUG - QR 2, Loss=0.003574945652569761
2020-10-05 13:13:11,676 - __main__ - DEBUG - QR 3, Loss=0.00214049684825123
2020-10-05 13:13:11,676 - __main__ - DEBUG - QR 4, Loss=0.0024090770837694934
2020-10-05 13:13:28,258 - __main__ - INFO - innate_buffer=2000, innate_train_len=2000, innate_val_len=2000
2020-10-05 13:13:28,259 - __main__ - INFO - target_state_list=(6000, 25), target_innate_seq=(6000, 5)
2020-10-05 13:15:08,228 - __main__ - DEBUG - QR 0, Loss=0.0017318085210673109
2020-10-05 13:15:08,228 - __main__ - DEBUG - QR 1, Loss=0.0035457591447808578
2020-10-05 13:15:08,228 - __main__ - DEBUG - QR 2, Loss=0.006081244557174554
2020-10-05 13:15:08,229 - __main__ - DEBUG - QR 3, Loss=0.0031786996838657827
2020-10-05 13:15:08,229 - __main__ - DEBUG - QR 4, Loss=0.0017536321197876724
2020-10-05 13:15:24,859 - __main__ - INFO - innate_buffer=2000, innate_train_len=2000, innate_val_len=2000
2020-10-05 13:15:24,860 - __main__ - INFO - target_state_list=(6000, 25), target_innate_seq=(6000, 5)
2020-10-05 13:15:31,159 - __main__ - DEBUG - QR 0, Loss=0.0017316311775845438
2020-10-05 13:15:31,159 - __main__ - DEBUG - QR 1, Loss=0.003877147064256112
2020-10-05 13:15:31,159 - __main__ - DEBUG - QR 2, Loss=0.006260242483703794
2020-10-05 13:15:31,160 - __main__ - DEBUG - QR 3, Loss=0.0027067665662300288
2020-10-05 13:15:31,160 - __main__ - DEBUG - QR 4, Loss=0.0019629819858388597
2020-10-05 13:15:47,750 - __main__ - INFO - innate_buffer=2000, innate_train_len=2000, innate_val_len=2000
2020-10-05 13:15:47,751 - __main__ - INFO - target_state_list=(6000, 25), target_innate_seq=(6000, 5)
2020-10-05 13:19:00,167 - __main__ - DEBUG - QR 0, Loss=0.0022068838459267876
2020-10-05 13:19:00,167 - __main__ - DEBUG - QR 1, Loss=0.0017259745289844397
2020-10-05 13:19:00,167 - __main__ - DEBUG - QR 2, Loss=0.00313648983154211
2020-10-05 13:19:00,167 - __main__ - DEBUG - QR 3, Loss=0.002600333246919998
2020-10-05 13:19:00,168 - __main__ - DEBUG - QR 4, Loss=0.0017343753867163178
2020-10-05 13:19:17,452 - __main__ - INFO - innate_buffer=2000, innate_train_len=2000, innate_val_len=2000
2020-10-05 13:19:17,453 - __main__ - INFO - target_state_list=(6000, 25), target_innate_seq=(6000, 5)
2020-10-05 13:20:44,175 - __main__ - DEBUG - QR 0, Loss=0.002139169842519583
2020-10-05 13:20:44,175 - __main__ - DEBUG - QR 1, Loss=0.001724326473426261
2020-10-05 13:20:44,176 - __main__ - DEBUG - QR 2, Loss=0.004898593887995647
2020-10-05 13:20:44,176 - __main__ - DEBUG - QR 3, Loss=0.0027196850201176488
2020-10-05 13:20:44,176 - __main__ - DEBUG - QR 4, Loss=0.001788883719896751
2020-10-05 13:20:47,808 - __main__ - DEBUG - QR 0, Loss=0.003545743268313492
2020-10-05 13:20:47,808 - __main__ - DEBUG - QR 1, Loss=0.001738543361652694
2020-10-05 13:20:47,809 - __main__ - DEBUG - QR 2, Loss=0.005636811370388854
2020-10-05 13:20:47,809 - __main__ - DEBUG - QR 3, Loss=0.0021399916090836246
2020-10-05 13:20:47,809 - __main__ - DEBUG - QR 4, Loss=0.0028675766994993974
2020-10-05 13:21:01,396 - __main__ - INFO - innate_buffer=2000, innate_train_len=2000, innate_val_len=2000
2020-10-05 13:21:01,396 - __main__ - INFO - target_state_list=(6000, 25), target_innate_seq=(6000, 5)
2020-10-05 13:21:04,692 - __main__ - INFO - innate_buffer=2000, innate_train_len=2000, innate_val_len=2000
2020-10-05 13:21:04,692 - __main__ - INFO - target_state_list=(6000, 25), target_innate_seq=(6000, 5)
2020-10-05 13:24:49,247 - __main__ - DEBUG - QR 0, Loss=0.0017714059900783641
2020-10-05 13:24:49,247 - __main__ - DEBUG - QR 1, Loss=0.002434463427675794
2020-10-05 13:24:49,247 - __main__ - DEBUG - QR 2, Loss=0.0018729977144321477
2020-10-05 13:24:49,247 - __main__ - DEBUG - QR 3, Loss=0.002373907909548386
2020-10-05 13:24:49,247 - __main__ - DEBUG - QR 4, Loss=0.004068200989502917
2020-10-05 13:25:05,986 - __main__ - INFO - innate_buffer=2000, innate_train_len=2000, innate_val_len=2000
2020-10-05 13:25:05,986 - __main__ - INFO - target_state_list=(6000, 25), target_innate_seq=(6000, 5)
2020-10-05 13:25:59,331 - __main__ - DEBUG - QR 0, Loss=0.0017789898439610763
2020-10-05 13:25:59,331 - __main__ - DEBUG - QR 1, Loss=0.0022878997054395587
2020-10-05 13:25:59,331 - __main__ - DEBUG - QR 2, Loss=0.0021894716994761486
2020-10-05 13:25:59,331 - __main__ - DEBUG - QR 3, Loss=0.002305841207215899
2020-10-05 13:25:59,331 - __main__ - DEBUG - QR 4, Loss=0.0020377587776027085
2020-10-05 13:26:14,455 - __main__ - INFO - innate_buffer=2000, innate_train_len=2000, innate_val_len=2000
2020-10-05 13:26:14,455 - __main__ - INFO - target_state_list=(6000, 25), target_innate_seq=(6000, 5)
2020-10-05 13:26:31,102 - __main__ - DEBUG - QR 0, Loss=0.0017791888632260721
2020-10-05 13:26:31,102 - __main__ - DEBUG - QR 1, Loss=0.0022632489250089486
2020-10-05 13:26:31,103 - __main__ - DEBUG - QR 2, Loss=0.002423989993664525
2020-10-05 13:26:31,103 - __main__ - DEBUG - QR 3, Loss=0.0020493720974643563
2020-10-05 13:26:31,103 - __main__ - DEBUG - QR 4, Loss=0.004021238396319262
2020-10-05 13:26:48,354 - __main__ - INFO - innate_buffer=2000, innate_train_len=2000, innate_val_len=2000
2020-10-05 13:26:48,355 - __main__ - INFO - target_state_list=(6000, 25), target_innate_seq=(6000, 5)
2020-10-05 13:30:38,868 - __main__ - DEBUG - QR 0, Loss=0.0019910736041981476
2020-10-05 13:30:38,868 - __main__ - DEBUG - QR 1, Loss=0.003813616044004674
2020-10-05 13:30:38,868 - __main__ - DEBUG - QR 2, Loss=0.0020777160789780843
2020-10-05 13:30:38,868 - __main__ - DEBUG - QR 3, Loss=0.0018668230654759746
2020-10-05 13:30:38,869 - __main__ - DEBUG - QR 4, Loss=0.00230629722992802
2020-10-05 13:30:55,820 - __main__ - INFO - innate_buffer=2000, innate_train_len=2000, innate_val_len=2000
2020-10-05 13:30:55,820 - __main__ - INFO - target_state_list=(6000, 25), target_innate_seq=(6000, 5)
2020-10-05 13:31:35,953 - __main__ - DEBUG - QR 0, Loss=0.0017969322840913915
2020-10-05 13:31:35,954 - __main__ - DEBUG - QR 1, Loss=0.002483968112935342
2020-10-05 13:31:35,954 - __main__ - DEBUG - QR 2, Loss=0.002676641703591735
2020-10-05 13:31:35,954 - __main__ - DEBUG - QR 3, Loss=0.0024512576699724682
2020-10-05 13:31:35,954 - __main__ - DEBUG - QR 4, Loss=0.0025261699914903187
2020-10-05 13:31:53,208 - __main__ - INFO - innate_buffer=2000, innate_train_len=2000, innate_val_len=2000
2020-10-05 13:31:53,208 - __main__ - INFO - target_state_list=(6000, 25), target_innate_seq=(6000, 5)
2020-10-05 13:32:19,144 - __main__ - DEBUG - QR 0, Loss=0.0017954469957370686
2020-10-05 13:32:19,144 - __main__ - DEBUG - QR 1, Loss=0.0020384105660128746
2020-10-05 13:32:19,145 - __main__ - DEBUG - QR 2, Loss=0.002677130734157005
2020-10-05 13:32:19,145 - __main__ - DEBUG - QR 3, Loss=0.0016871476693229677
2020-10-05 13:32:19,145 - __main__ - DEBUG - QR 4, Loss=0.002094598885672617
2020-10-05 13:32:35,667 - __main__ - INFO - innate_buffer=2000, innate_train_len=2000, innate_val_len=2000
2020-10-05 13:32:35,667 - __main__ - INFO - target_state_list=(6000, 25), target_innate_seq=(6000, 5)
2020-10-05 13:36:26,254 - __main__ - DEBUG - QR 0, Loss=0.002201985455961423
2020-10-05 13:36:26,254 - __main__ - DEBUG - QR 1, Loss=0.003353082525486014
2020-10-05 13:36:26,254 - __main__ - DEBUG - QR 2, Loss=0.0017598098195271228
2020-10-05 13:36:26,254 - __main__ - DEBUG - QR 3, Loss=0.001705250340962573
2020-10-05 13:36:26,255 - __main__ - DEBUG - QR 4, Loss=0.0017203028695523478
2020-10-05 13:36:43,410 - __main__ - INFO - innate_buffer=2000, innate_train_len=2000, innate_val_len=2000
2020-10-05 13:36:43,410 - __main__ - INFO - target_state_list=(6000, 25), target_innate_seq=(6000, 5)
2020-10-05 13:37:08,901 - __main__ - DEBUG - QR 0, Loss=0.0021499458655011845
2020-10-05 13:37:08,901 - __main__ - DEBUG - QR 1, Loss=0.0026539764815343347
2020-10-05 13:37:08,902 - __main__ - DEBUG - QR 2, Loss=0.0025123849668287515
2020-10-05 13:37:08,902 - __main__ - DEBUG - QR 3, Loss=0.0017258416752272698
2020-10-05 13:37:08,902 - __main__ - DEBUG - QR 4, Loss=0.0026310901274745665
2020-10-05 13:37:24,716 - __main__ - INFO - innate_buffer=2000, innate_train_len=2000, innate_val_len=2000
2020-10-05 13:37:24,716 - __main__ - INFO - target_state_list=(6000, 25), target_innate_seq=(6000, 5)
2020-10-05 13:38:08,540 - __main__ - DEBUG - QR 0, Loss=0.0023139556185159797
2020-10-05 13:38:08,540 - __main__ - DEBUG - QR 1, Loss=0.0017440857055934145
2020-10-05 13:38:08,540 - __main__ - DEBUG - QR 2, Loss=0.00247087160812017
2020-10-05 13:38:08,540 - __main__ - DEBUG - QR 3, Loss=0.0017238891846310224
2020-10-05 13:38:08,540 - __main__ - DEBUG - QR 4, Loss=0.002756154137511704
2020-10-05 13:38:25,603 - __main__ - INFO - innate_buffer=2000, innate_train_len=2000, innate_val_len=2000
2020-10-05 13:38:25,604 - __main__ - INFO - target_state_list=(6000, 25), target_innate_seq=(6000, 5)
2020-10-05 13:42:00,780 - __main__ - DEBUG - QR 0, Loss=0.0024100589144656344
2020-10-05 13:42:00,780 - __main__ - DEBUG - QR 1, Loss=0.0032915945127984297
2020-10-05 13:42:00,780 - __main__ - DEBUG - QR 2, Loss=0.0017556539447689218
2020-10-05 13:42:00,780 - __main__ - DEBUG - QR 3, Loss=0.0036652188565792273
2020-10-05 13:42:00,780 - __main__ - DEBUG - QR 4, Loss=0.001848067160769596
2020-10-05 13:42:16,039 - __main__ - DEBUG - QR 0, Loss=0.0017775290915882187
2020-10-05 13:42:16,039 - __main__ - DEBUG - QR 1, Loss=0.0022258565391923063
2020-10-05 13:42:16,039 - __main__ - DEBUG - QR 2, Loss=0.0017814854328163637
2020-10-05 13:42:16,040 - __main__ - DEBUG - QR 3, Loss=0.004588755590804961
2020-10-05 13:42:16,040 - __main__ - DEBUG - QR 4, Loss=0.001778812552523096
2020-10-05 13:42:16,580 - __main__ - INFO - innate_buffer=2000, innate_train_len=2000, innate_val_len=2000
2020-10-05 13:42:16,580 - __main__ - INFO - target_state_list=(6000, 25), target_innate_seq=(6000, 5)
2020-10-05 13:42:32,802 - __main__ - INFO - innate_buffer=2000, innate_train_len=2000, innate_val_len=2000
2020-10-05 13:42:32,803 - __main__ - INFO - target_state_list=(6000, 25), target_innate_seq=(6000, 5)
2020-10-05 13:43:57,478 - __main__ - DEBUG - QR 0, Loss=0.002690492503258371
2020-10-05 13:43:57,478 - __main__ - DEBUG - QR 1, Loss=0.003373986868658628
2020-10-05 13:43:57,478 - __main__ - DEBUG - QR 2, Loss=0.0017614188796017266
2020-10-05 13:43:57,478 - __main__ - DEBUG - QR 3, Loss=0.0026552956406861285
2020-10-05 13:43:57,479 - __main__ - DEBUG - QR 4, Loss=0.001820139566564289
2020-10-05 13:44:13,654 - __main__ - INFO - innate_buffer=2000, innate_train_len=2000, innate_val_len=2000
2020-10-05 13:44:13,654 - __main__ - INFO - target_state_list=(6000, 25), target_innate_seq=(6000, 5)
2020-10-05 13:46:33,663 - __main__ - DEBUG - QR 0, Loss=0.0020678181196025287
2020-10-05 13:46:33,663 - __main__ - DEBUG - QR 1, Loss=0.0024282100737804397
2020-10-05 13:46:33,663 - __main__ - DEBUG - QR 2, Loss=0.0025019695587782742
2020-10-05 13:46:33,663 - __main__ - DEBUG - QR 3, Loss=0.0020936840965738576
2020-10-05 13:46:33,663 - __main__ - DEBUG - QR 4, Loss=0.0017029863932430324
2020-10-05 13:46:33,663 - __main__ - INFO - do_narma=0, Ntrials=10, total loss avg=0.0028725552294519953, std=0.000610286366624185
2020-10-05 13:46:54,937 - __main__ - DEBUG - QR 0, Loss=0.001703221565003925
2020-10-05 13:46:54,937 - __main__ - DEBUG - QR 1, Loss=0.002434762385755197
2020-10-05 13:46:54,937 - __main__ - DEBUG - QR 2, Loss=0.001775566651737634
2020-10-05 13:46:54,937 - __main__ - DEBUG - QR 3, Loss=0.002029595146960727
2020-10-05 13:46:54,937 - __main__ - DEBUG - QR 4, Loss=0.008213528592655162
2020-10-05 13:46:54,938 - __main__ - INFO - do_narma=0, Ntrials=10, total loss avg=0.0026645931099339186, std=0.00034183379349090026
2020-10-05 13:47:25,995 - __main__ - DEBUG - QR 0, Loss=0.0016957331631149814
2020-10-05 13:47:25,996 - __main__ - DEBUG - QR 1, Loss=0.00245347211615487
2020-10-05 13:47:25,996 - __main__ - DEBUG - QR 2, Loss=0.0016997036072238306
2020-10-05 13:47:25,996 - __main__ - DEBUG - QR 3, Loss=0.0017390443402552848
2020-10-05 13:47:25,996 - __main__ - DEBUG - QR 4, Loss=0.0021559745940240072
2020-10-05 13:47:25,996 - __main__ - INFO - do_narma=0, Ntrials=10, total loss avg=0.003949872974227845, std=0.004611329492966607
