2020-10-05 14:20:06,228 - __main__ - INFO - n_units=5
2020-10-05 14:20:06,228 - __main__ - INFO - max_energy=1.0
2020-10-05 14:20:06,228 - __main__ - INFO - beta=1e-14
2020-10-05 14:20:06,228 - __main__ - INFO - taudelta=1.0
2020-10-05 14:20:06,228 - __main__ - INFO - V=1
2020-10-05 14:20:06,229 - __main__ - INFO - layers=5
2020-10-05 14:20:06,229 - __main__ - INFO - train_len=2000, val_len=2000, buffer=2000
2020-10-05 14:20:06,229 - __main__ - INFO - alpha=0.5, Ntrials=10
2020-10-05 14:20:06,229 - __main__ - INFO - noise=8e-06, learning rate=0.0,scale_input=0.2
2020-10-05 14:20:06,258 - __main__ - INFO - n_units=5
2020-10-05 14:20:06,258 - __main__ - INFO - max_energy=1.0
2020-10-05 14:20:06,259 - __main__ - INFO - beta=1e-14
2020-10-05 14:20:06,259 - __main__ - INFO - taudelta=2.0
2020-10-05 14:20:06,259 - __main__ - INFO - V=1
2020-10-05 14:20:06,259 - __main__ - INFO - layers=5
2020-10-05 14:20:06,259 - __main__ - INFO - train_len=2000, val_len=2000, buffer=2000
2020-10-05 14:20:06,259 - __main__ - INFO - alpha=0.5, Ntrials=10
2020-10-05 14:20:06,259 - __main__ - INFO - noise=8e-06, learning rate=0.0,scale_input=0.2
2020-10-05 14:20:06,310 - __main__ - INFO - n_units=5
2020-10-05 14:20:06,310 - __main__ - INFO - max_energy=1.0
2020-10-05 14:20:06,310 - __main__ - INFO - beta=1e-14
2020-10-05 14:20:06,310 - __main__ - INFO - taudelta=4.0
2020-10-05 14:20:06,310 - __main__ - INFO - V=1
2020-10-05 14:20:06,310 - __main__ - INFO - layers=5
2020-10-05 14:20:06,310 - __main__ - INFO - train_len=2000, val_len=2000, buffer=2000
2020-10-05 14:20:06,310 - __main__ - INFO - alpha=0.5, Ntrials=10
2020-10-05 14:20:06,310 - __main__ - INFO - noise=8e-06, learning rate=0.0,scale_input=0.2
2020-10-05 14:20:18,685 - __main__ - INFO - innate_buffer=2000, innate_train_len=2000, innate_val_len=2000
2020-10-05 14:20:18,685 - __main__ - INFO - target_state_list=(6000, 25), target_innate_seq=(6000, 5)
2020-10-05 14:20:23,339 - __main__ - INFO - innate_buffer=2000, innate_train_len=2000, innate_val_len=2000
2020-10-05 14:20:23,339 - __main__ - INFO - target_state_list=(6000, 25), target_innate_seq=(6000, 5)
2020-10-05 14:20:24,166 - __main__ - INFO - innate_buffer=2000, innate_train_len=2000, innate_val_len=2000
2020-10-05 14:20:24,166 - __main__ - INFO - target_state_list=(6000, 25), target_innate_seq=(6000, 5)
2020-10-05 14:20:32,756 - __main__ - DEBUG - QR 0, Loss=0.004177154775037696
2020-10-05 14:20:32,756 - __main__ - DEBUG - QR 1, Loss=0.0038053765538020603
2020-10-05 14:20:32,756 - __main__ - DEBUG - QR 2, Loss=0.003791793707301669
2020-10-05 14:20:32,757 - __main__ - DEBUG - QR 3, Loss=0.004506213743412939
2020-10-05 14:20:32,757 - __main__ - DEBUG - QR 4, Loss=0.002840595930112832
2020-10-05 14:20:38,966 - __main__ - DEBUG - QR 0, Loss=0.017673269446676645
2020-10-05 14:20:38,966 - __main__ - DEBUG - QR 1, Loss=0.002793509487494079
2020-10-05 14:20:38,966 - __main__ - DEBUG - QR 2, Loss=0.0029292042557139326
2020-10-05 14:20:38,966 - __main__ - DEBUG - QR 3, Loss=0.02401450009977045
2020-10-05 14:20:38,966 - __main__ - DEBUG - QR 4, Loss=0.0035116048253312085
2020-10-05 14:20:41,311 - __main__ - DEBUG - QR 0, Loss=0.009998790767204708
2020-10-05 14:20:41,311 - __main__ - DEBUG - QR 1, Loss=0.0038925249596758063
2020-10-05 14:20:41,312 - __main__ - DEBUG - QR 2, Loss=0.0034047569754557744
2020-10-05 14:20:41,312 - __main__ - DEBUG - QR 3, Loss=0.030348907053657212
2020-10-05 14:20:41,312 - __main__ - DEBUG - QR 4, Loss=0.004231498024161368
2020-10-05 14:20:47,447 - __main__ - INFO - innate_buffer=2000, innate_train_len=2000, innate_val_len=2000
2020-10-05 14:20:47,447 - __main__ - INFO - target_state_list=(6000, 25), target_innate_seq=(6000, 5)
2020-10-05 14:20:55,073 - __main__ - INFO - innate_buffer=2000, innate_train_len=2000, innate_val_len=2000
2020-10-05 14:20:55,073 - __main__ - INFO - target_state_list=(6000, 25), target_innate_seq=(6000, 5)
2020-10-05 14:20:58,693 - __main__ - INFO - innate_buffer=2000, innate_train_len=2000, innate_val_len=2000
2020-10-05 14:20:58,693 - __main__ - INFO - target_state_list=(6000, 25), target_innate_seq=(6000, 5)
2020-10-05 14:21:03,217 - __main__ - DEBUG - QR 0, Loss=0.004645926832869229
2020-10-05 14:21:03,217 - __main__ - DEBUG - QR 1, Loss=0.0028684901188931445
2020-10-05 14:21:03,218 - __main__ - DEBUG - QR 2, Loss=0.004909275447377749
2020-10-05 14:21:03,218 - __main__ - DEBUG - QR 3, Loss=0.00411956887895206
2020-10-05 14:21:03,218 - __main__ - DEBUG - QR 4, Loss=0.007414096179924492
2020-10-05 14:21:11,664 - __main__ - DEBUG - QR 0, Loss=0.0028473736148216023
2020-10-05 14:21:11,665 - __main__ - DEBUG - QR 1, Loss=0.0029401257728310076
2020-10-05 14:21:11,665 - __main__ - DEBUG - QR 2, Loss=0.003305570130948736
2020-10-05 14:21:11,665 - __main__ - DEBUG - QR 3, Loss=0.002802887630377034
2020-10-05 14:21:11,665 - __main__ - DEBUG - QR 4, Loss=0.005681518974728949
2020-10-05 14:21:14,279 - __main__ - DEBUG - QR 0, Loss=0.0056506418798902315
2020-10-05 14:21:14,279 - __main__ - DEBUG - QR 1, Loss=0.004224410200248215
2020-10-05 14:21:14,280 - __main__ - DEBUG - QR 2, Loss=0.00616134387236141
2020-10-05 14:21:14,280 - __main__ - DEBUG - QR 3, Loss=0.002969631816143578
2020-10-05 14:21:14,280 - __main__ - DEBUG - QR 4, Loss=0.0076131781409180255
2020-10-05 14:21:19,088 - __main__ - INFO - innate_buffer=2000, innate_train_len=2000, innate_val_len=2000
2020-10-05 14:21:19,088 - __main__ - INFO - target_state_list=(6000, 25), target_innate_seq=(6000, 5)
2020-10-05 14:21:28,111 - __main__ - INFO - innate_buffer=2000, innate_train_len=2000, innate_val_len=2000
2020-10-05 14:21:28,111 - __main__ - INFO - target_state_list=(6000, 25), target_innate_seq=(6000, 5)
2020-10-05 14:21:31,022 - __main__ - INFO - innate_buffer=2000, innate_train_len=2000, innate_val_len=2000
2020-10-05 14:21:31,022 - __main__ - INFO - target_state_list=(6000, 25), target_innate_seq=(6000, 5)
2020-10-05 14:21:32,972 - __main__ - DEBUG - QR 0, Loss=0.009472173855015881
2020-10-05 14:21:32,972 - __main__ - DEBUG - QR 1, Loss=0.0028456752752297515
2020-10-05 14:21:32,972 - __main__ - DEBUG - QR 2, Loss=0.003169913096694995
2020-10-05 14:21:32,973 - __main__ - DEBUG - QR 3, Loss=0.003426132230993316
2020-10-05 14:21:32,973 - __main__ - DEBUG - QR 4, Loss=0.003670442246654225
2020-10-05 14:21:44,947 - __main__ - DEBUG - QR 0, Loss=0.016771497063222996
2020-10-05 14:21:44,947 - __main__ - DEBUG - QR 1, Loss=0.0028447838899895396
2020-10-05 14:21:44,947 - __main__ - DEBUG - QR 2, Loss=0.014907242527393179
2020-10-05 14:21:44,948 - __main__ - DEBUG - QR 3, Loss=0.002878240182988607
2020-10-05 14:21:44,948 - __main__ - DEBUG - QR 4, Loss=0.009656139496711897
2020-10-05 14:21:48,258 - __main__ - DEBUG - QR 0, Loss=0.015996462314473874
2020-10-05 14:21:48,258 - __main__ - DEBUG - QR 1, Loss=0.0036314676425301252
2020-10-05 14:21:48,258 - __main__ - DEBUG - QR 2, Loss=0.004966726334956856
2020-10-05 14:21:48,259 - __main__ - DEBUG - QR 3, Loss=0.0033612539490509457
2020-10-05 14:21:48,259 - __main__ - DEBUG - QR 4, Loss=0.010599910431810373
2020-10-05 14:21:50,317 - __main__ - INFO - innate_buffer=2000, innate_train_len=2000, innate_val_len=2000
2020-10-05 14:21:50,318 - __main__ - INFO - target_state_list=(6000, 25), target_innate_seq=(6000, 5)
2020-10-05 14:22:02,228 - __main__ - INFO - innate_buffer=2000, innate_train_len=2000, innate_val_len=2000
2020-10-05 14:22:02,228 - __main__ - INFO - target_state_list=(6000, 25), target_innate_seq=(6000, 5)
2020-10-05 14:22:05,483 - __main__ - DEBUG - QR 0, Loss=0.0027245789274037225
2020-10-05 14:22:05,484 - __main__ - DEBUG - QR 1, Loss=0.011512146389150914
2020-10-05 14:22:05,484 - __main__ - DEBUG - QR 2, Loss=0.004714314276064584
2020-10-05 14:22:05,484 - __main__ - DEBUG - QR 3, Loss=0.0031395110316028104
2020-10-05 14:22:05,484 - __main__ - DEBUG - QR 4, Loss=0.004132117614982817
2020-10-05 14:22:05,606 - __main__ - INFO - innate_buffer=2000, innate_train_len=2000, innate_val_len=2000
2020-10-05 14:22:05,606 - __main__ - INFO - target_state_list=(6000, 25), target_innate_seq=(6000, 5)
2020-10-05 14:22:18,309 - __main__ - DEBUG - QR 0, Loss=0.0027248623634686525
2020-10-05 14:22:18,309 - __main__ - DEBUG - QR 1, Loss=0.02028906657994979
2020-10-05 14:22:18,309 - __main__ - DEBUG - QR 2, Loss=0.005479063445611331
2020-10-05 14:22:18,309 - __main__ - DEBUG - QR 3, Loss=0.0039507803979384505
2020-10-05 14:22:18,309 - __main__ - DEBUG - QR 4, Loss=0.0029146992132284924
2020-10-05 14:22:21,656 - __main__ - INFO - innate_buffer=2000, innate_train_len=2000, innate_val_len=2000
2020-10-05 14:22:21,657 - __main__ - INFO - target_state_list=(6000, 25), target_innate_seq=(6000, 5)
2020-10-05 14:22:23,061 - __main__ - DEBUG - QR 0, Loss=0.002725213719458702
2020-10-05 14:22:23,061 - __main__ - DEBUG - QR 1, Loss=0.02224921153979007
2020-10-05 14:22:23,061 - __main__ - DEBUG - QR 2, Loss=0.009789088384871733
2020-10-05 14:22:23,061 - __main__ - DEBUG - QR 3, Loss=0.005293605731324324
2020-10-05 14:22:23,061 - __main__ - DEBUG - QR 4, Loss=0.002831217598806915
2020-10-05 14:22:35,536 - __main__ - DEBUG - QR 0, Loss=0.003339635895333886
2020-10-05 14:22:35,536 - __main__ - DEBUG - QR 1, Loss=0.002826668487570862
2020-10-05 14:22:35,536 - __main__ - DEBUG - QR 2, Loss=0.0042459890773989175
2020-10-05 14:22:35,537 - __main__ - DEBUG - QR 3, Loss=0.00415834169897441
2020-10-05 14:22:35,537 - __main__ - DEBUG - QR 4, Loss=0.0028360577786873844
2020-10-05 14:22:35,635 - __main__ - INFO - innate_buffer=2000, innate_train_len=2000, innate_val_len=2000
2020-10-05 14:22:35,635 - __main__ - INFO - target_state_list=(6000, 25), target_innate_seq=(6000, 5)
2020-10-05 14:22:40,727 - __main__ - INFO - innate_buffer=2000, innate_train_len=2000, innate_val_len=2000
2020-10-05 14:22:40,727 - __main__ - INFO - target_state_list=(6000, 25), target_innate_seq=(6000, 5)
2020-10-05 14:22:50,966 - __main__ - INFO - innate_buffer=2000, innate_train_len=2000, innate_val_len=2000
2020-10-05 14:22:50,966 - __main__ - INFO - target_state_list=(6000, 25), target_innate_seq=(6000, 5)
2020-10-05 14:22:53,264 - __main__ - DEBUG - QR 0, Loss=0.0030991822755112057
2020-10-05 14:22:53,264 - __main__ - DEBUG - QR 1, Loss=0.002827479645165331
2020-10-05 14:22:53,264 - __main__ - DEBUG - QR 2, Loss=0.007474802470076426
2020-10-05 14:22:53,264 - __main__ - DEBUG - QR 3, Loss=0.00479506047585614
2020-10-05 14:22:53,264 - __main__ - DEBUG - QR 4, Loss=0.0028585044089214765
2020-10-05 14:22:58,189 - __main__ - DEBUG - QR 0, Loss=0.005332222567248979
2020-10-05 14:22:58,189 - __main__ - DEBUG - QR 1, Loss=0.002839649535591584
2020-10-05 14:22:58,190 - __main__ - DEBUG - QR 2, Loss=0.010686724276440653
2020-10-05 14:22:58,190 - __main__ - DEBUG - QR 3, Loss=0.0032559544325335707
2020-10-05 14:22:58,190 - __main__ - DEBUG - QR 4, Loss=0.00827691408669749
2020-10-05 14:23:06,119 - __main__ - DEBUG - QR 0, Loss=0.0028132018844267003
2020-10-05 14:23:06,119 - __main__ - DEBUG - QR 1, Loss=0.00761255998803123
2020-10-05 14:23:06,120 - __main__ - DEBUG - QR 2, Loss=0.003030334068418786
2020-10-05 14:23:06,120 - __main__ - DEBUG - QR 3, Loss=0.003165300805775464
2020-10-05 14:23:06,120 - __main__ - DEBUG - QR 4, Loss=0.003926647588128561
2020-10-05 14:23:10,898 - __main__ - INFO - innate_buffer=2000, innate_train_len=2000, innate_val_len=2000
2020-10-05 14:23:10,898 - __main__ - INFO - target_state_list=(6000, 25), target_innate_seq=(6000, 5)
2020-10-05 14:23:15,863 - __main__ - INFO - innate_buffer=2000, innate_train_len=2000, innate_val_len=2000
2020-10-05 14:23:15,863 - __main__ - INFO - target_state_list=(6000, 25), target_innate_seq=(6000, 5)
2020-10-05 14:23:22,177 - __main__ - INFO - innate_buffer=2000, innate_train_len=2000, innate_val_len=2000
2020-10-05 14:23:22,177 - __main__ - INFO - target_state_list=(6000, 25), target_innate_seq=(6000, 5)
2020-10-05 14:23:28,218 - __main__ - DEBUG - QR 0, Loss=0.0028760328016136593
2020-10-05 14:23:28,218 - __main__ - DEBUG - QR 1, Loss=0.00834452491727384
2020-10-05 14:23:28,219 - __main__ - DEBUG - QR 2, Loss=0.005154499876425192
2020-10-05 14:23:28,219 - __main__ - DEBUG - QR 3, Loss=0.003214914630230859
2020-10-05 14:23:28,219 - __main__ - DEBUG - QR 4, Loss=0.003903438226966596
2020-10-05 14:23:32,621 - __main__ - DEBUG - QR 0, Loss=0.0029413203630994484
2020-10-05 14:23:32,621 - __main__ - DEBUG - QR 1, Loss=0.009530720222841549
2020-10-05 14:23:32,621 - __main__ - DEBUG - QR 2, Loss=0.0037031105339021065
2020-10-05 14:23:32,622 - __main__ - DEBUG - QR 3, Loss=0.003544437827710381
2020-10-05 14:23:32,622 - __main__ - DEBUG - QR 4, Loss=0.0029949805057113642
2020-10-05 14:23:37,285 - __main__ - DEBUG - QR 0, Loss=0.0028345091159597234
2020-10-05 14:23:37,285 - __main__ - DEBUG - QR 1, Loss=0.0036341022251552904
2020-10-05 14:23:37,285 - __main__ - DEBUG - QR 2, Loss=0.0028154923949784603
2020-10-05 14:23:37,286 - __main__ - DEBUG - QR 3, Loss=0.0028524284938080168
2020-10-05 14:23:37,286 - __main__ - DEBUG - QR 4, Loss=0.0034659075028730096
2020-10-05 14:23:45,099 - __main__ - INFO - innate_buffer=2000, innate_train_len=2000, innate_val_len=2000
2020-10-05 14:23:45,100 - __main__ - INFO - target_state_list=(6000, 25), target_innate_seq=(6000, 5)
2020-10-05 14:23:45,591 - __main__ - INFO - innate_buffer=2000, innate_train_len=2000, innate_val_len=2000
2020-10-05 14:23:45,591 - __main__ - INFO - target_state_list=(6000, 25), target_innate_seq=(6000, 5)
2020-10-05 14:23:52,729 - __main__ - INFO - innate_buffer=2000, innate_train_len=2000, innate_val_len=2000
2020-10-05 14:23:52,729 - __main__ - INFO - target_state_list=(6000, 25), target_innate_seq=(6000, 5)
2020-10-05 14:23:55,374 - __main__ - DEBUG - QR 0, Loss=0.0028209488630127682
2020-10-05 14:23:55,375 - __main__ - DEBUG - QR 1, Loss=0.003611324354724947
2020-10-05 14:23:55,375 - __main__ - DEBUG - QR 2, Loss=0.004320979750584575
2020-10-05 14:23:55,375 - __main__ - DEBUG - QR 3, Loss=0.002931924614657888
2020-10-05 14:23:55,375 - __main__ - DEBUG - QR 4, Loss=0.005225893273713239
2020-10-05 14:24:01,041 - __main__ - DEBUG - QR 0, Loss=0.0028404019423824644
2020-10-05 14:24:01,042 - __main__ - DEBUG - QR 1, Loss=0.0029992521559069705
2020-10-05 14:24:01,042 - __main__ - DEBUG - QR 2, Loss=0.004676361320479315
2020-10-05 14:24:01,042 - __main__ - DEBUG - QR 3, Loss=0.002822876699712344
2020-10-05 14:24:01,042 - __main__ - DEBUG - QR 4, Loss=0.0031127703488817624
2020-10-05 14:24:05,243 - __main__ - DEBUG - QR 0, Loss=0.003919740303596298
2020-10-05 14:24:05,244 - __main__ - DEBUG - QR 1, Loss=0.0035419378026859596
2020-10-05 14:24:05,244 - __main__ - DEBUG - QR 2, Loss=0.0027862289264727388
2020-10-05 14:24:05,244 - __main__ - DEBUG - QR 3, Loss=0.0027830114260069976
2020-10-05 14:24:05,244 - __main__ - DEBUG - QR 4, Loss=0.0029285879827677386
2020-10-05 14:24:05,476 - __main__ - INFO - innate_buffer=2000, innate_train_len=2000, innate_val_len=2000
2020-10-05 14:24:05,476 - __main__ - INFO - target_state_list=(6000, 25), target_innate_seq=(6000, 5)
2020-10-05 14:24:15,181 - __main__ - DEBUG - QR 0, Loss=0.0035813725964773074
2020-10-05 14:24:15,181 - __main__ - DEBUG - QR 1, Loss=0.004251064413877293
2020-10-05 14:24:15,181 - __main__ - DEBUG - QR 2, Loss=0.00478264414465251
2020-10-05 14:24:15,181 - __main__ - DEBUG - QR 3, Loss=0.0028604448272613182
2020-10-05 14:24:15,181 - __main__ - DEBUG - QR 4, Loss=0.004682006739194037
2020-10-05 14:24:18,008 - __main__ - INFO - innate_buffer=2000, innate_train_len=2000, innate_val_len=2000
2020-10-05 14:24:18,009 - __main__ - INFO - target_state_list=(6000, 25), target_innate_seq=(6000, 5)
2020-10-05 14:24:18,509 - __main__ - INFO - innate_buffer=2000, innate_train_len=2000, innate_val_len=2000
2020-10-05 14:24:18,510 - __main__ - INFO - target_state_list=(6000, 25), target_innate_seq=(6000, 5)
2020-10-05 14:24:25,249 - __main__ - INFO - innate_buffer=2000, innate_train_len=2000, innate_val_len=2000
2020-10-05 14:24:25,249 - __main__ - INFO - target_state_list=(6000, 25), target_innate_seq=(6000, 5)
2020-10-05 14:24:32,130 - __main__ - DEBUG - QR 0, Loss=0.002845287188295929
2020-10-05 14:24:32,130 - __main__ - DEBUG - QR 1, Loss=0.0032936287537677343
2020-10-05 14:24:32,130 - __main__ - DEBUG - QR 2, Loss=0.0029075378528527684
2020-10-05 14:24:32,130 - __main__ - DEBUG - QR 3, Loss=0.015099192077255914
2020-10-05 14:24:32,131 - __main__ - DEBUG - QR 4, Loss=0.002835695568402769
2020-10-05 14:24:34,338 - __main__ - DEBUG - QR 0, Loss=0.004721674537158265
2020-10-05 14:24:34,339 - __main__ - DEBUG - QR 1, Loss=0.0028651914210018046
2020-10-05 14:24:34,339 - __main__ - DEBUG - QR 2, Loss=0.004279266442468596
2020-10-05 14:24:34,339 - __main__ - DEBUG - QR 3, Loss=0.0029255173565545262
2020-10-05 14:24:34,339 - __main__ - DEBUG - QR 4, Loss=0.006299843604641147
2020-10-05 14:24:34,954 - __main__ - DEBUG - QR 0, Loss=0.003944004974903817
2020-10-05 14:24:34,954 - __main__ - DEBUG - QR 1, Loss=0.005655260157414277
2020-10-05 14:24:34,955 - __main__ - DEBUG - QR 2, Loss=0.0028887730712899313
2020-10-05 14:24:34,955 - __main__ - DEBUG - QR 3, Loss=0.005666689390356069
2020-10-05 14:24:34,955 - __main__ - DEBUG - QR 4, Loss=0.00288734200154515
2020-10-05 14:24:46,484 - __main__ - INFO - innate_buffer=2000, innate_train_len=2000, innate_val_len=2000
2020-10-05 14:24:46,485 - __main__ - INFO - target_state_list=(6000, 25), target_innate_seq=(6000, 5)
2020-10-05 14:24:46,666 - __main__ - INFO - innate_buffer=2000, innate_train_len=2000, innate_val_len=2000
2020-10-05 14:24:46,666 - __main__ - INFO - target_state_list=(6000, 25), target_innate_seq=(6000, 5)
2020-10-05 14:24:50,876 - __main__ - INFO - innate_buffer=2000, innate_train_len=2000, innate_val_len=2000
2020-10-05 14:24:50,877 - __main__ - INFO - target_state_list=(6000, 25), target_innate_seq=(6000, 5)
2020-10-05 14:24:56,654 - __main__ - DEBUG - QR 0, Loss=0.003014523844009822
2020-10-05 14:24:56,654 - __main__ - DEBUG - QR 1, Loss=0.006766244755913526
2020-10-05 14:24:56,654 - __main__ - DEBUG - QR 2, Loss=0.0031783099304977277
2020-10-05 14:24:56,654 - __main__ - DEBUG - QR 3, Loss=0.0045415623090862825
2020-10-05 14:24:56,655 - __main__ - DEBUG - QR 4, Loss=0.002761213707194557
2020-10-05 14:24:56,655 - __main__ - INFO - do_narma=0, Ntrials=10, total loss avg=0.005868368068178689, std=0.0021662269995731034
2020-10-05 14:24:58,068 - __main__ - DEBUG - QR 0, Loss=0.0028788083366912743
2020-10-05 14:24:58,069 - __main__ - DEBUG - QR 1, Loss=0.003870634983017828
2020-10-05 14:24:58,069 - __main__ - DEBUG - QR 2, Loss=0.002908568368217227
2020-10-05 14:24:58,069 - __main__ - DEBUG - QR 3, Loss=0.003487456683052391
2020-10-05 14:24:58,069 - __main__ - DEBUG - QR 4, Loss=0.00441547800457676
2020-10-05 14:24:58,069 - __main__ - INFO - do_narma=0, Ntrials=10, total loss avg=0.004118889367493157, std=0.0007891201113768233
2020-10-05 14:25:03,382 - __main__ - DEBUG - QR 0, Loss=0.005391056740064217
2020-10-05 14:25:03,383 - __main__ - DEBUG - QR 1, Loss=0.0060104573926316645
2020-10-05 14:25:03,383 - __main__ - DEBUG - QR 2, Loss=0.002894300953954721
2020-10-05 14:25:03,383 - __main__ - DEBUG - QR 3, Loss=0.0038708700126372864
2020-10-05 14:25:03,383 - __main__ - DEBUG - QR 4, Loss=0.0028549497732937314
2020-10-05 14:25:12,610 - __main__ - INFO - innate_buffer=2000, innate_train_len=2000, innate_val_len=2000
2020-10-05 14:25:12,610 - __main__ - INFO - target_state_list=(6000, 25), target_innate_seq=(6000, 5)
2020-10-05 14:25:19,958 - __main__ - DEBUG - QR 0, Loss=0.0028711414927624678
2020-10-05 14:25:19,958 - __main__ - DEBUG - QR 1, Loss=0.004409414943460962
2020-10-05 14:25:19,958 - __main__ - DEBUG - QR 2, Loss=0.0028837459673474067
2020-10-05 14:25:19,958 - __main__ - DEBUG - QR 3, Loss=0.002904825909605845
2020-10-05 14:25:19,959 - __main__ - DEBUG - QR 4, Loss=0.003626632599381265
2020-10-05 14:25:19,959 - __main__ - INFO - do_narma=0, Ntrials=10, total loss avg=0.005414498614831282, std=0.0024239770231764446
