2020-10-05 14:20:06,224 - __main__ - INFO - n_units=5
2020-10-05 14:20:06,224 - __main__ - INFO - max_energy=1.0
2020-10-05 14:20:06,224 - __main__ - INFO - beta=1e-14
2020-10-05 14:20:06,224 - __main__ - INFO - taudelta=1.0
2020-10-05 14:20:06,224 - __main__ - INFO - V=1
2020-10-05 14:20:06,224 - __main__ - INFO - layers=5
2020-10-05 14:20:06,224 - __main__ - INFO - train_len=2000, val_len=2000, buffer=2000
2020-10-05 14:20:06,224 - __main__ - INFO - alpha=0.5, Ntrials=10
2020-10-05 14:20:06,225 - __main__ - INFO - noise=3e-06, learning rate=0.0,scale_input=0.2
2020-10-05 14:20:06,254 - __main__ - INFO - n_units=5
2020-10-05 14:20:06,254 - __main__ - INFO - max_energy=1.0
2020-10-05 14:20:06,254 - __main__ - INFO - beta=1e-14
2020-10-05 14:20:06,254 - __main__ - INFO - taudelta=2.0
2020-10-05 14:20:06,254 - __main__ - INFO - V=1
2020-10-05 14:20:06,254 - __main__ - INFO - layers=5
2020-10-05 14:20:06,254 - __main__ - INFO - train_len=2000, val_len=2000, buffer=2000
2020-10-05 14:20:06,254 - __main__ - INFO - alpha=0.5, Ntrials=10
2020-10-05 14:20:06,254 - __main__ - INFO - noise=3e-06, learning rate=0.0,scale_input=0.2
2020-10-05 14:20:06,302 - __main__ - INFO - n_units=5
2020-10-05 14:20:06,302 - __main__ - INFO - max_energy=1.0
2020-10-05 14:20:06,302 - __main__ - INFO - beta=1e-14
2020-10-05 14:20:06,302 - __main__ - INFO - taudelta=4.0
2020-10-05 14:20:06,302 - __main__ - INFO - V=1
2020-10-05 14:20:06,302 - __main__ - INFO - layers=5
2020-10-05 14:20:06,302 - __main__ - INFO - train_len=2000, val_len=2000, buffer=2000
2020-10-05 14:20:06,302 - __main__ - INFO - alpha=0.5, Ntrials=10
2020-10-05 14:20:06,303 - __main__ - INFO - noise=3e-06, learning rate=0.0,scale_input=0.2
2020-10-05 14:20:22,407 - __main__ - INFO - innate_buffer=2000, innate_train_len=2000, innate_val_len=2000
2020-10-05 14:20:22,407 - __main__ - INFO - target_state_list=(6000, 25), target_innate_seq=(6000, 5)
2020-10-05 14:20:22,820 - __main__ - INFO - innate_buffer=2000, innate_train_len=2000, innate_val_len=2000
2020-10-05 14:20:22,820 - __main__ - INFO - target_state_list=(6000, 25), target_innate_seq=(6000, 5)
2020-10-05 14:20:22,984 - __main__ - INFO - innate_buffer=2000, innate_train_len=2000, innate_val_len=2000
2020-10-05 14:20:22,984 - __main__ - INFO - target_state_list=(6000, 25), target_innate_seq=(6000, 5)
2020-10-05 14:20:37,474 - __main__ - DEBUG - QR 0, Loss=0.017501290246559068
2020-10-05 14:20:37,474 - __main__ - DEBUG - QR 1, Loss=0.0017153099704366086
2020-10-05 14:20:37,474 - __main__ - DEBUG - QR 2, Loss=0.0019581542269774686
2020-10-05 14:20:37,474 - __main__ - DEBUG - QR 3, Loss=0.023893695276688238
2020-10-05 14:20:37,474 - __main__ - DEBUG - QR 4, Loss=0.002720902716421164
2020-10-05 14:20:37,994 - __main__ - DEBUG - QR 0, Loss=0.0035233383884570577
2020-10-05 14:20:37,994 - __main__ - DEBUG - QR 1, Loss=0.003067625111869152
2020-10-05 14:20:37,994 - __main__ - DEBUG - QR 2, Loss=0.0031051875991046584
2020-10-05 14:20:37,994 - __main__ - DEBUG - QR 3, Loss=0.003928110503996787
2020-10-05 14:20:37,994 - __main__ - DEBUG - QR 4, Loss=0.0017489297471549078
2020-10-05 14:20:39,310 - __main__ - DEBUG - QR 0, Loss=0.009760052916700946
2020-10-05 14:20:39,310 - __main__ - DEBUG - QR 1, Loss=0.003173550340693904
2020-10-05 14:20:39,310 - __main__ - DEBUG - QR 2, Loss=0.0026186707039446188
2020-10-05 14:20:39,310 - __main__ - DEBUG - QR 3, Loss=0.030249692922104703
2020-10-05 14:20:39,311 - __main__ - DEBUG - QR 4, Loss=0.003608083119931138
2020-10-05 14:20:54,121 - __main__ - INFO - innate_buffer=2000, innate_train_len=2000, innate_val_len=2000
2020-10-05 14:20:54,121 - __main__ - INFO - target_state_list=(6000, 25), target_innate_seq=(6000, 5)
2020-10-05 14:20:54,310 - __main__ - INFO - innate_buffer=2000, innate_train_len=2000, innate_val_len=2000
2020-10-05 14:20:54,310 - __main__ - INFO - target_state_list=(6000, 25), target_innate_seq=(6000, 5)
2020-10-05 14:20:56,250 - __main__ - INFO - innate_buffer=2000, innate_train_len=2000, innate_val_len=2000
2020-10-05 14:20:56,251 - __main__ - INFO - target_state_list=(6000, 25), target_innate_seq=(6000, 5)
2020-10-05 14:21:10,551 - __main__ - DEBUG - QR 0, Loss=0.0017641905022230896
2020-10-05 14:21:10,552 - __main__ - DEBUG - QR 1, Loss=0.0018809257402741084
2020-10-05 14:21:10,552 - __main__ - DEBUG - QR 2, Loss=0.0024271792561343657
2020-10-05 14:21:10,552 - __main__ - DEBUG - QR 3, Loss=0.0017205285440660936
2020-10-05 14:21:10,552 - __main__ - DEBUG - QR 4, Loss=0.005214454895295152
2020-10-05 14:21:10,744 - __main__ - DEBUG - QR 0, Loss=0.0040706726136486016
2020-10-05 14:21:10,744 - __main__ - DEBUG - QR 1, Loss=0.0018019335878448639
2020-10-05 14:21:10,744 - __main__ - DEBUG - QR 2, Loss=0.0043578240914686405
2020-10-05 14:21:10,744 - __main__ - DEBUG - QR 3, Loss=0.003433340925888375
2020-10-05 14:21:10,744 - __main__ - DEBUG - QR 4, Loss=0.007057587505756707
2020-10-05 14:21:12,755 - __main__ - DEBUG - QR 0, Loss=0.005192504470000406
2020-10-05 14:21:12,755 - __main__ - DEBUG - QR 1, Loss=0.0035327126075400538
2020-10-05 14:21:12,755 - __main__ - DEBUG - QR 2, Loss=0.005728356656370947
2020-10-05 14:21:12,755 - __main__ - DEBUG - QR 3, Loss=0.002008536717270531
2020-10-05 14:21:12,755 - __main__ - DEBUG - QR 4, Loss=0.007266575036671624
2020-10-05 14:21:27,000 - __main__ - INFO - innate_buffer=2000, innate_train_len=2000, innate_val_len=2000
2020-10-05 14:21:27,001 - __main__ - INFO - target_state_list=(6000, 25), target_innate_seq=(6000, 5)
2020-10-05 14:21:27,413 - __main__ - INFO - innate_buffer=2000, innate_train_len=2000, innate_val_len=2000
2020-10-05 14:21:27,413 - __main__ - INFO - target_state_list=(6000, 25), target_innate_seq=(6000, 5)
2020-10-05 14:21:29,682 - __main__ - INFO - innate_buffer=2000, innate_train_len=2000, innate_val_len=2000
2020-10-05 14:21:29,683 - __main__ - INFO - target_state_list=(6000, 25), target_innate_seq=(6000, 5)
2020-10-05 14:21:42,765 - __main__ - DEBUG - QR 0, Loss=0.009191225973021999
2020-10-05 14:21:42,765 - __main__ - DEBUG - QR 1, Loss=0.0017456354686867105
2020-10-05 14:21:42,765 - __main__ - DEBUG - QR 2, Loss=0.0022540794481759946
2020-10-05 14:21:42,765 - __main__ - DEBUG - QR 3, Loss=0.0025544398895358486
2020-10-05 14:21:42,766 - __main__ - DEBUG - QR 4, Loss=0.0029024822164825134
2020-10-05 14:21:44,496 - __main__ - DEBUG - QR 0, Loss=0.016606970146378262
2020-10-05 14:21:44,497 - __main__ - DEBUG - QR 1, Loss=0.0017433017393831032
2020-10-05 14:21:44,497 - __main__ - DEBUG - QR 2, Loss=0.014746444780867016
2020-10-05 14:21:44,497 - __main__ - DEBUG - QR 3, Loss=0.0017626771778098517
2020-10-05 14:21:44,497 - __main__ - DEBUG - QR 4, Loss=0.00938022478897616
2020-10-05 14:21:45,724 - __main__ - DEBUG - QR 0, Loss=0.015823721961893442
2020-10-05 14:21:45,724 - __main__ - DEBUG - QR 1, Loss=0.0028549300337646646
2020-10-05 14:21:45,724 - __main__ - DEBUG - QR 2, Loss=0.004445891894964526
2020-10-05 14:21:45,724 - __main__ - DEBUG - QR 3, Loss=0.00246600241174359
2020-10-05 14:21:45,725 - __main__ - DEBUG - QR 4, Loss=0.010346989272116986
2020-10-05 14:21:59,251 - __main__ - INFO - innate_buffer=2000, innate_train_len=2000, innate_val_len=2000
2020-10-05 14:21:59,251 - __main__ - INFO - target_state_list=(6000, 25), target_innate_seq=(6000, 5)
2020-10-05 14:22:01,448 - __main__ - INFO - innate_buffer=2000, innate_train_len=2000, innate_val_len=2000
2020-10-05 14:22:01,448 - __main__ - INFO - target_state_list=(6000, 25), target_innate_seq=(6000, 5)
2020-10-05 14:22:02,588 - __main__ - INFO - innate_buffer=2000, innate_train_len=2000, innate_val_len=2000
2020-10-05 14:22:02,589 - __main__ - INFO - target_state_list=(6000, 25), target_innate_seq=(6000, 5)
2020-10-05 14:22:15,587 - __main__ - DEBUG - QR 0, Loss=0.0016684551399508397
2020-10-05 14:22:15,587 - __main__ - DEBUG - QR 1, Loss=0.011247419523924334
2020-10-05 14:22:15,587 - __main__ - DEBUG - QR 2, Loss=0.0041510085174600786
2020-10-05 14:22:15,587 - __main__ - DEBUG - QR 3, Loss=0.0021913817918093395
2020-10-05 14:22:15,587 - __main__ - DEBUG - QR 4, Loss=0.0034958774161868308
2020-10-05 14:22:18,487 - __main__ - DEBUG - QR 0, Loss=0.0016689800628948673
2020-10-05 14:22:18,488 - __main__ - DEBUG - QR 1, Loss=0.020141722942175835
2020-10-05 14:22:18,488 - __main__ - DEBUG - QR 2, Loss=0.005018922533026809
2020-10-05 14:22:18,488 - __main__ - DEBUG - QR 3, Loss=0.0032500697498585147
2020-10-05 14:22:18,488 - __main__ - DEBUG - QR 4, Loss=0.0018917360443779728
2020-10-05 14:22:18,708 - __main__ - DEBUG - QR 0, Loss=0.0016693121576942822
2020-10-05 14:22:18,709 - __main__ - DEBUG - QR 1, Loss=0.022113556695406024
2020-10-05 14:22:18,709 - __main__ - DEBUG - QR 2, Loss=0.009525840548480295
2020-10-05 14:22:18,709 - __main__ - DEBUG - QR 3, Loss=0.0047951294823516954
2020-10-05 14:22:18,709 - __main__ - DEBUG - QR 4, Loss=0.0017636216583952577
2020-10-05 14:22:31,971 - __main__ - INFO - innate_buffer=2000, innate_train_len=2000, innate_val_len=2000
2020-10-05 14:22:31,972 - __main__ - INFO - target_state_list=(6000, 25), target_innate_seq=(6000, 5)
2020-10-05 14:22:35,398 - __main__ - INFO - innate_buffer=2000, innate_train_len=2000, innate_val_len=2000
2020-10-05 14:22:35,398 - __main__ - INFO - target_state_list=(6000, 25), target_innate_seq=(6000, 5)
2020-10-05 14:22:35,402 - __main__ - INFO - innate_buffer=2000, innate_train_len=2000, innate_val_len=2000
2020-10-05 14:22:35,402 - __main__ - INFO - target_state_list=(6000, 25), target_innate_seq=(6000, 5)
2020-10-05 14:22:47,658 - __main__ - DEBUG - QR 0, Loss=0.002427865535648823
2020-10-05 14:22:47,659 - __main__ - DEBUG - QR 1, Loss=0.0017308390817734538
2020-10-05 14:22:47,659 - __main__ - DEBUG - QR 2, Loss=0.003603755012851213
2020-10-05 14:22:47,659 - __main__ - DEBUG - QR 3, Loss=0.0034861096985015693
2020-10-05 14:22:47,659 - __main__ - DEBUG - QR 4, Loss=0.0017497025856129424
2020-10-05 14:22:51,337 - __main__ - DEBUG - QR 0, Loss=0.0020972044365231684
2020-10-05 14:22:51,338 - __main__ - DEBUG - QR 1, Loss=0.0017314117281631023
2020-10-05 14:22:51,338 - __main__ - DEBUG - QR 2, Loss=0.007127327094474301
2020-10-05 14:22:51,338 - __main__ - DEBUG - QR 3, Loss=0.004225457780952458
2020-10-05 14:22:51,338 - __main__ - DEBUG - QR 4, Loss=0.0017931312753977965
2020-10-05 14:22:51,699 - __main__ - DEBUG - QR 0, Loss=0.004806366973626936
2020-10-05 14:22:51,700 - __main__ - DEBUG - QR 1, Loss=0.0017490773218721224
2020-10-05 14:22:51,700 - __main__ - DEBUG - QR 2, Loss=0.010443543787285993
2020-10-05 14:22:51,700 - __main__ - DEBUG - QR 3, Loss=0.002339524437498358
2020-10-05 14:22:51,700 - __main__ - DEBUG - QR 4, Loss=0.007952555667922861
2020-10-05 14:23:04,176 - __main__ - INFO - innate_buffer=2000, innate_train_len=2000, innate_val_len=2000
2020-10-05 14:23:04,176 - __main__ - INFO - target_state_list=(6000, 25), target_innate_seq=(6000, 5)
2020-10-05 14:23:07,803 - __main__ - INFO - innate_buffer=2000, innate_train_len=2000, innate_val_len=2000
2020-10-05 14:23:07,803 - __main__ - INFO - target_state_list=(6000, 25), target_innate_seq=(6000, 5)
2020-10-05 14:23:08,350 - __main__ - INFO - innate_buffer=2000, innate_train_len=2000, innate_val_len=2000
2020-10-05 14:23:08,350 - __main__ - INFO - target_state_list=(6000, 25), target_innate_seq=(6000, 5)
2020-10-05 14:23:19,764 - __main__ - DEBUG - QR 0, Loss=0.0017261817129428057
2020-10-05 14:23:19,764 - __main__ - DEBUG - QR 1, Loss=0.00726284859916881
2020-10-05 14:23:19,764 - __main__ - DEBUG - QR 2, Loss=0.0020451610560103927
2020-10-05 14:23:19,765 - __main__ - DEBUG - QR 3, Loss=0.002204979375280113
2020-10-05 14:23:19,765 - __main__ - DEBUG - QR 4, Loss=0.0032320434740249504
2020-10-05 14:23:22,561 - __main__ - DEBUG - QR 0, Loss=0.001938110996202868
2020-10-05 14:23:22,562 - __main__ - DEBUG - QR 1, Loss=0.009250513170902776
2020-10-05 14:23:22,562 - __main__ - DEBUG - QR 2, Loss=0.0029484269905510315
2020-10-05 14:23:22,562 - __main__ - DEBUG - QR 3, Loss=0.0026743719709298092
2020-10-05 14:23:22,562 - __main__ - DEBUG - QR 4, Loss=0.001984649577243017
2020-10-05 14:23:24,163 - __main__ - DEBUG - QR 0, Loss=0.0018344613895897284
2020-10-05 14:23:24,163 - __main__ - DEBUG - QR 1, Loss=0.008025303707421709
2020-10-05 14:23:24,164 - __main__ - DEBUG - QR 2, Loss=0.00463984942573475
2020-10-05 14:23:24,164 - __main__ - DEBUG - QR 3, Loss=0.0022309145192610748
2020-10-05 14:23:24,164 - __main__ - DEBUG - QR 4, Loss=0.0032031684894796996
2020-10-05 14:23:34,090 - __main__ - INFO - innate_buffer=2000, innate_train_len=2000, innate_val_len=2000
2020-10-05 14:23:34,090 - __main__ - INFO - target_state_list=(6000, 25), target_innate_seq=(6000, 5)
2020-10-05 14:23:39,185 - __main__ - INFO - innate_buffer=2000, innate_train_len=2000, innate_val_len=2000
2020-10-05 14:23:39,185 - __main__ - INFO - target_state_list=(6000, 25), target_innate_seq=(6000, 5)
2020-10-05 14:23:39,222 - __main__ - INFO - innate_buffer=2000, innate_train_len=2000, innate_val_len=2000
2020-10-05 14:23:39,222 - __main__ - INFO - target_state_list=(6000, 25), target_innate_seq=(6000, 5)
2020-10-05 14:23:44,409 - __main__ - DEBUG - QR 0, Loss=0.0017751023240487767
2020-10-05 14:23:44,409 - __main__ - DEBUG - QR 1, Loss=0.002893369043064824
2020-10-05 14:23:44,409 - __main__ - DEBUG - QR 2, Loss=0.0018794176753837123
2020-10-05 14:23:44,409 - __main__ - DEBUG - QR 3, Loss=0.0017773118065727705
2020-10-05 14:23:44,409 - __main__ - DEBUG - QR 4, Loss=0.0026803562785782343
2020-10-05 14:23:49,017 - __main__ - DEBUG - QR 0, Loss=0.0017634762503860601
2020-10-05 14:23:49,017 - __main__ - DEBUG - QR 1, Loss=0.0020310184072236405
2020-10-05 14:23:49,018 - __main__ - DEBUG - QR 2, Loss=0.004158581622570969
2020-10-05 14:23:49,018 - __main__ - DEBUG - QR 3, Loss=0.0017288971381994413
2020-10-05 14:23:49,018 - __main__ - DEBUG - QR 4, Loss=0.0021984812256468983
2020-10-05 14:23:55,072 - __main__ - DEBUG - QR 0, Loss=0.0017358944170106434
2020-10-05 14:23:55,072 - __main__ - DEBUG - QR 1, Loss=0.00285658565105749
2020-10-05 14:23:55,072 - __main__ - DEBUG - QR 2, Loss=0.003756028326178785
2020-10-05 14:23:55,073 - __main__ - DEBUG - QR 3, Loss=0.0019010966022750234
2020-10-05 14:23:55,073 - __main__ - DEBUG - QR 4, Loss=0.004752136094287402
2020-10-05 14:23:59,173 - __main__ - INFO - innate_buffer=2000, innate_train_len=2000, innate_val_len=2000
2020-10-05 14:23:59,173 - __main__ - INFO - target_state_list=(6000, 25), target_innate_seq=(6000, 5)
2020-10-05 14:23:59,212 - __main__ - INFO - innate_buffer=2000, innate_train_len=2000, innate_val_len=2000
2020-10-05 14:23:59,212 - __main__ - INFO - target_state_list=(6000, 25), target_innate_seq=(6000, 5)
2020-10-05 14:24:11,527 - __main__ - INFO - innate_buffer=2000, innate_train_len=2000, innate_val_len=2000
2020-10-05 14:24:11,527 - __main__ - INFO - target_state_list=(6000, 25), target_innate_seq=(6000, 5)
2020-10-05 14:24:14,287 - __main__ - DEBUG - QR 0, Loss=0.004163435596645267
2020-10-05 14:24:14,288 - __main__ - DEBUG - QR 1, Loss=0.0017823577061654957
2020-10-05 14:24:14,288 - __main__ - DEBUG - QR 2, Loss=0.0036695448307350487
2020-10-05 14:24:14,288 - __main__ - DEBUG - QR 3, Loss=0.0019402430024157804
2020-10-05 14:24:14,288 - __main__ - DEBUG - QR 4, Loss=0.005886256099574783
2020-10-05 14:24:15,135 - __main__ - DEBUG - QR 0, Loss=0.0032235068979390488
2020-10-05 14:24:15,135 - __main__ - DEBUG - QR 1, Loss=0.0027465959433594033
2020-10-05 14:24:15,135 - __main__ - DEBUG - QR 2, Loss=0.0017086254758811351
2020-10-05 14:24:15,135 - __main__ - DEBUG - QR 3, Loss=0.0017105125582285775
2020-10-05 14:24:15,135 - __main__ - DEBUG - QR 4, Loss=0.001794123648347077
2020-10-05 14:24:27,647 - __main__ - DEBUG - QR 0, Loss=0.0028011498449179418
2020-10-05 14:24:27,647 - __main__ - DEBUG - QR 1, Loss=0.003607654437162737
2020-10-05 14:24:27,647 - __main__ - DEBUG - QR 2, Loss=0.004245140057928388
2020-10-05 14:24:27,648 - __main__ - DEBUG - QR 3, Loss=0.0018368525002698238
2020-10-05 14:24:27,648 - __main__ - DEBUG - QR 4, Loss=0.004094944785872298
2020-10-05 14:24:30,038 - __main__ - INFO - innate_buffer=2000, innate_train_len=2000, innate_val_len=2000
2020-10-05 14:24:30,038 - __main__ - INFO - target_state_list=(6000, 25), target_innate_seq=(6000, 5)
2020-10-05 14:24:30,057 - __main__ - INFO - innate_buffer=2000, innate_train_len=2000, innate_val_len=2000
2020-10-05 14:24:30,057 - __main__ - INFO - target_state_list=(6000, 25), target_innate_seq=(6000, 5)
2020-10-05 14:24:40,534 - __main__ - DEBUG - QR 0, Loss=0.001752082244856466
2020-10-05 14:24:40,534 - __main__ - DEBUG - QR 1, Loss=0.0024322490518250196
2020-10-05 14:24:40,534 - __main__ - DEBUG - QR 2, Loss=0.0017964960049416637
2020-10-05 14:24:40,534 - __main__ - DEBUG - QR 3, Loss=0.014923676523063029
2020-10-05 14:24:40,534 - __main__ - DEBUG - QR 4, Loss=0.001740794212308701
2020-10-05 14:24:44,167 - __main__ - INFO - innate_buffer=2000, innate_train_len=2000, innate_val_len=2000
2020-10-05 14:24:44,168 - __main__ - INFO - target_state_list=(6000, 25), target_innate_seq=(6000, 5)
2020-10-05 14:24:46,015 - __main__ - DEBUG - QR 0, Loss=0.004873193444670818
2020-10-05 14:24:46,015 - __main__ - DEBUG - QR 1, Loss=0.005608502739824408
2020-10-05 14:24:46,015 - __main__ - DEBUG - QR 2, Loss=0.001780017009895658
2020-10-05 14:24:46,016 - __main__ - DEBUG - QR 3, Loss=0.0031350173592511912
2020-10-05 14:24:46,016 - __main__ - DEBUG - QR 4, Loss=0.0017930036411065115
2020-10-05 14:24:50,456 - __main__ - INFO - innate_buffer=2000, innate_train_len=2000, innate_val_len=2000
2020-10-05 14:24:50,456 - __main__ - INFO - target_state_list=(6000, 25), target_innate_seq=(6000, 5)
2020-10-05 14:24:59,655 - __main__ - DEBUG - QR 0, Loss=0.0032182553084292497
2020-10-05 14:24:59,655 - __main__ - DEBUG - QR 1, Loss=0.0052249987543988175
2020-10-05 14:24:59,655 - __main__ - DEBUG - QR 2, Loss=0.00176953659881203
2020-10-05 14:24:59,655 - __main__ - DEBUG - QR 3, Loss=0.005159941040162074
2020-10-05 14:24:59,655 - __main__ - DEBUG - QR 4, Loss=0.0018488305649172604
2020-10-05 14:24:59,813 - __main__ - DEBUG - QR 0, Loss=0.001770950189005629
2020-10-05 14:24:59,813 - __main__ - DEBUG - QR 1, Loss=0.0031280589301421577
2020-10-05 14:24:59,813 - __main__ - DEBUG - QR 2, Loss=0.0018132873586557798
2020-10-05 14:24:59,813 - __main__ - DEBUG - QR 3, Loss=0.0026273439410150236
2020-10-05 14:24:59,813 - __main__ - DEBUG - QR 4, Loss=0.0038466861768688054
2020-10-05 14:24:59,813 - __main__ - INFO - do_narma=0, Ntrials=10, total loss avg=0.0032997317575265027, std=0.0008538869352941275
2020-10-05 14:24:59,998 - __main__ - INFO - innate_buffer=2000, innate_train_len=2000, innate_val_len=2000
2020-10-05 14:24:59,998 - __main__ - INFO - target_state_list=(6000, 25), target_innate_seq=(6000, 5)
2020-10-05 14:25:08,791 - __main__ - INFO - innate_buffer=2000, innate_train_len=2000, innate_val_len=2000
2020-10-05 14:25:08,791 - __main__ - INFO - target_state_list=(6000, 25), target_innate_seq=(6000, 5)
2020-10-05 14:25:08,906 - __main__ - DEBUG - QR 0, Loss=0.0017588943604655903
2020-10-05 14:25:08,906 - __main__ - DEBUG - QR 1, Loss=0.003772384339437235
2020-10-05 14:25:08,906 - __main__ - DEBUG - QR 2, Loss=0.0017680640344165438
2020-10-05 14:25:08,906 - __main__ - DEBUG - QR 3, Loss=0.0017963527865930088
2020-10-05 14:25:08,906 - __main__ - DEBUG - QR 4, Loss=0.0029051624651730158
2020-10-05 14:25:08,906 - __main__ - INFO - do_narma=0, Ntrials=10, total loss avg=0.004648575904964379, std=0.002530115247442963
2020-10-05 14:25:16,509 - __main__ - DEBUG - QR 0, Loss=0.0019846336985204207
2020-10-05 14:25:16,510 - __main__ - DEBUG - QR 1, Loss=0.00636433115014149
2020-10-05 14:25:16,510 - __main__ - DEBUG - QR 2, Loss=0.0022270675487391796
2020-10-05 14:25:16,510 - __main__ - DEBUG - QR 3, Loss=0.003912417758543594
2020-10-05 14:25:16,510 - __main__ - DEBUG - QR 4, Loss=0.001708418421802036
2020-10-05 14:25:16,510 - __main__ - INFO - do_narma=0, Ntrials=10, total loss avg=0.0052007357212700426, std=0.002263241914288284
