2020-10-05 12:53:00,907 - __main__ - INFO - n_units=5
2020-10-05 12:53:00,907 - __main__ - INFO - max_energy=1.0
2020-10-05 12:53:00,907 - __main__ - INFO - beta=1e-14
2020-10-05 12:53:00,907 - __main__ - INFO - taudelta=1.0
2020-10-05 12:53:00,907 - __main__ - INFO - V=1
2020-10-05 12:53:00,907 - __main__ - INFO - layers=5
2020-10-05 12:53:00,907 - __main__ - INFO - train_len=2000, val_len=2000, buffer=2000
2020-10-05 12:53:00,907 - __main__ - INFO - alpha=0.5, Ntrials=10
2020-10-05 12:53:00,908 - __main__ - INFO - noise=0.0007, learning rate=10.0,scale_input=0.2
2020-10-05 12:53:00,944 - __main__ - INFO - n_units=5
2020-10-05 12:53:00,944 - __main__ - INFO - max_energy=1.0
2020-10-05 12:53:00,944 - __main__ - INFO - beta=1e-14
2020-10-05 12:53:00,944 - __main__ - INFO - taudelta=2.0
2020-10-05 12:53:00,944 - __main__ - INFO - V=1
2020-10-05 12:53:00,944 - __main__ - INFO - layers=5
2020-10-05 12:53:00,944 - __main__ - INFO - train_len=2000, val_len=2000, buffer=2000
2020-10-05 12:53:00,944 - __main__ - INFO - alpha=0.5, Ntrials=10
2020-10-05 12:53:00,944 - __main__ - INFO - noise=0.0007, learning rate=10.0,scale_input=0.2
2020-10-05 12:53:01,005 - __main__ - INFO - n_units=5
2020-10-05 12:53:01,005 - __main__ - INFO - max_energy=1.0
2020-10-05 12:53:01,006 - __main__ - INFO - beta=1e-14
2020-10-05 12:53:01,006 - __main__ - INFO - taudelta=4.0
2020-10-05 12:53:01,006 - __main__ - INFO - V=1
2020-10-05 12:53:01,006 - __main__ - INFO - layers=5
2020-10-05 12:53:01,006 - __main__ - INFO - train_len=2000, val_len=2000, buffer=2000
2020-10-05 12:53:01,006 - __main__ - INFO - alpha=0.5, Ntrials=10
2020-10-05 12:53:01,006 - __main__ - INFO - noise=0.0007, learning rate=10.0,scale_input=0.2
2020-10-05 12:53:16,242 - __main__ - INFO - innate_buffer=2000, innate_train_len=2000, innate_val_len=2000
2020-10-05 12:53:16,242 - __main__ - INFO - target_state_list=(6000, 25), target_innate_seq=(6000, 5)
2020-10-05 12:53:16,898 - __main__ - INFO - innate_buffer=2000, innate_train_len=2000, innate_val_len=2000
2020-10-05 12:53:16,899 - __main__ - INFO - target_state_list=(6000, 25), target_innate_seq=(6000, 5)
2020-10-05 12:53:17,068 - __main__ - INFO - innate_buffer=2000, innate_train_len=2000, innate_val_len=2000
2020-10-05 12:53:17,069 - __main__ - INFO - target_state_list=(6000, 25), target_innate_seq=(6000, 5)
2020-10-05 12:58:14,371 - __main__ - DEBUG - QR 0, Loss=0.026644495258807497
2020-10-05 12:58:14,371 - __main__ - DEBUG - QR 1, Loss=0.026724146804222727
2020-10-05 12:58:14,371 - __main__ - DEBUG - QR 2, Loss=0.026352368380727017
2020-10-05 12:58:14,371 - __main__ - DEBUG - QR 3, Loss=0.027016223527185197
2020-10-05 12:58:14,371 - __main__ - DEBUG - QR 4, Loss=0.026399238892890024
2020-10-05 12:58:26,271 - __main__ - INFO - innate_buffer=2000, innate_train_len=2000, innate_val_len=2000
2020-10-05 12:58:26,271 - __main__ - INFO - target_state_list=(6000, 25), target_innate_seq=(6000, 5)
2020-10-05 12:58:53,197 - __main__ - DEBUG - QR 0, Loss=0.06344535912131621
2020-10-05 12:58:53,197 - __main__ - DEBUG - QR 1, Loss=0.026696747349099943
2020-10-05 12:58:53,197 - __main__ - DEBUG - QR 2, Loss=0.026359070250657878
2020-10-05 12:58:53,197 - __main__ - DEBUG - QR 3, Loss=0.027039418568877763
2020-10-05 12:58:53,197 - __main__ - DEBUG - QR 4, Loss=0.02638208007207437
2020-10-05 12:58:56,577 - __main__ - DEBUG - QR 0, Loss=0.02674359396105298
2020-10-05 12:58:56,577 - __main__ - DEBUG - QR 1, Loss=0.026717073102782853
2020-10-05 12:58:56,577 - __main__ - DEBUG - QR 2, Loss=0.026359316755625098
2020-10-05 12:58:56,577 - __main__ - DEBUG - QR 3, Loss=0.0270342835885525
2020-10-05 12:58:56,577 - __main__ - DEBUG - QR 4, Loss=0.026392156171556175
2020-10-05 12:59:06,766 - __main__ - INFO - innate_buffer=2000, innate_train_len=2000, innate_val_len=2000
2020-10-05 12:59:06,766 - __main__ - INFO - target_state_list=(6000, 25), target_innate_seq=(6000, 5)
2020-10-05 12:59:10,673 - __main__ - INFO - innate_buffer=2000, innate_train_len=2000, innate_val_len=2000
2020-10-05 12:59:10,673 - __main__ - INFO - target_state_list=(6000, 25), target_innate_seq=(6000, 5)
2020-10-05 13:03:04,823 - __main__ - DEBUG - QR 0, Loss=0.02595957686472545
2020-10-05 13:03:04,823 - __main__ - DEBUG - QR 1, Loss=0.025533818647658083
2020-10-05 13:03:04,823 - __main__ - DEBUG - QR 2, Loss=0.026723659561616687
2020-10-05 13:03:04,823 - __main__ - DEBUG - QR 3, Loss=0.02677695572324291
2020-10-05 13:03:04,823 - __main__ - DEBUG - QR 4, Loss=0.02661727699338594
2020-10-05 13:03:20,068 - __main__ - INFO - innate_buffer=2000, innate_train_len=2000, innate_val_len=2000
2020-10-05 13:03:20,069 - __main__ - INFO - target_state_list=(6000, 25), target_innate_seq=(6000, 5)
2020-10-05 13:04:25,382 - __main__ - DEBUG - QR 0, Loss=0.02678738035929699
2020-10-05 13:04:25,382 - __main__ - DEBUG - QR 1, Loss=0.025554635730978208
2020-10-05 13:04:25,382 - __main__ - DEBUG - QR 2, Loss=0.02675171408630651
2020-10-05 13:04:25,382 - __main__ - DEBUG - QR 3, Loss=0.026375200344471196
2020-10-05 13:04:25,382 - __main__ - DEBUG - QR 4, Loss=0.02660655540580005
2020-10-05 13:04:42,322 - __main__ - INFO - innate_buffer=2000, innate_train_len=2000, innate_val_len=2000
2020-10-05 13:04:42,323 - __main__ - INFO - target_state_list=(6000, 25), target_innate_seq=(6000, 5)
2020-10-05 13:04:50,929 - __main__ - DEBUG - QR 0, Loss=0.02584703876207093
2020-10-05 13:04:50,930 - __main__ - DEBUG - QR 1, Loss=0.025533904951928782
2020-10-05 13:04:50,930 - __main__ - DEBUG - QR 2, Loss=0.026600899269696845
2020-10-05 13:04:50,930 - __main__ - DEBUG - QR 3, Loss=0.026344777818188257
2020-10-05 13:04:50,930 - __main__ - DEBUG - QR 4, Loss=0.02660805361820178
2020-10-05 13:05:08,649 - __main__ - INFO - innate_buffer=2000, innate_train_len=2000, innate_val_len=2000
2020-10-05 13:05:08,649 - __main__ - INFO - target_state_list=(6000, 25), target_innate_seq=(6000, 5)
2020-10-05 13:08:07,676 - __main__ - DEBUG - QR 0, Loss=0.027029060093843753
2020-10-05 13:08:07,677 - __main__ - DEBUG - QR 1, Loss=0.025863242090670528
2020-10-05 13:08:07,677 - __main__ - DEBUG - QR 2, Loss=0.026627877273606316
2020-10-05 13:08:07,677 - __main__ - DEBUG - QR 3, Loss=0.026210610872429308
2020-10-05 13:08:07,677 - __main__ - DEBUG - QR 4, Loss=0.02675107881472595
2020-10-05 13:08:22,441 - __main__ - INFO - innate_buffer=2000, innate_train_len=2000, innate_val_len=2000
2020-10-05 13:08:22,441 - __main__ - INFO - target_state_list=(6000, 25), target_innate_seq=(6000, 5)
2020-10-05 13:09:00,007 - __main__ - DEBUG - QR 0, Loss=0.026931941767357456
2020-10-05 13:09:00,008 - __main__ - DEBUG - QR 1, Loss=0.02586211284278135
2020-10-05 13:09:00,008 - __main__ - DEBUG - QR 2, Loss=0.0264763477434343
2020-10-05 13:09:00,008 - __main__ - DEBUG - QR 3, Loss=0.026203565160867782
2020-10-05 13:09:00,008 - __main__ - DEBUG - QR 4, Loss=0.026766842518647298
2020-10-05 13:09:10,330 - __main__ - INFO - innate_buffer=2000, innate_train_len=2000, innate_val_len=2000
2020-10-05 13:09:10,331 - __main__ - INFO - target_state_list=(6000, 25), target_innate_seq=(6000, 5)
2020-10-05 13:09:52,038 - __main__ - DEBUG - QR 0, Loss=0.027062931659089743
2020-10-05 13:09:52,038 - __main__ - DEBUG - QR 1, Loss=0.025869809332074646
2020-10-05 13:09:52,038 - __main__ - DEBUG - QR 2, Loss=0.02642689556786254
2020-10-05 13:09:52,038 - __main__ - DEBUG - QR 3, Loss=0.026610901967880837
2020-10-05 13:09:52,038 - __main__ - DEBUG - QR 4, Loss=0.02676038614710262
2020-10-05 13:10:02,317 - __main__ - INFO - innate_buffer=2000, innate_train_len=2000, innate_val_len=2000
2020-10-05 13:10:02,317 - __main__ - INFO - target_state_list=(6000, 25), target_innate_seq=(6000, 5)
2020-10-05 13:12:39,134 - __main__ - DEBUG - QR 0, Loss=0.026429669037571834
2020-10-05 13:12:39,134 - __main__ - DEBUG - QR 1, Loss=0.026242069844942664
2020-10-05 13:12:39,134 - __main__ - DEBUG - QR 2, Loss=0.028033960484389924
2020-10-05 13:12:39,134 - __main__ - DEBUG - QR 3, Loss=0.027007850774391006
2020-10-05 13:12:39,134 - __main__ - DEBUG - QR 4, Loss=0.026057902571380426
2020-10-05 13:12:49,504 - __main__ - INFO - innate_buffer=2000, innate_train_len=2000, innate_val_len=2000
2020-10-05 13:12:49,504 - __main__ - INFO - target_state_list=(6000, 25), target_innate_seq=(6000, 5)
2020-10-05 13:13:34,088 - __main__ - DEBUG - QR 0, Loss=0.026432053917101545
2020-10-05 13:13:34,088 - __main__ - DEBUG - QR 1, Loss=0.026375002731713976
2020-10-05 13:13:34,088 - __main__ - DEBUG - QR 2, Loss=0.027553391076457663
2020-10-05 13:13:34,088 - __main__ - DEBUG - QR 3, Loss=0.02685211175797897
2020-10-05 13:13:34,088 - __main__ - DEBUG - QR 4, Loss=0.02614147959961525
2020-10-05 13:13:49,977 - __main__ - INFO - innate_buffer=2000, innate_train_len=2000, innate_val_len=2000
2020-10-05 13:13:49,978 - __main__ - INFO - target_state_list=(6000, 25), target_innate_seq=(6000, 5)
2020-10-05 13:14:54,163 - __main__ - DEBUG - QR 0, Loss=0.026429081883711805
2020-10-05 13:14:54,164 - __main__ - DEBUG - QR 1, Loss=0.026174762505775863
2020-10-05 13:14:54,164 - __main__ - DEBUG - QR 2, Loss=0.027919633902092653
2020-10-05 13:14:54,164 - __main__ - DEBUG - QR 3, Loss=0.027153467049005044
2020-10-05 13:14:54,164 - __main__ - DEBUG - QR 4, Loss=0.026041021283219883
2020-10-05 13:15:10,869 - __main__ - INFO - innate_buffer=2000, innate_train_len=2000, innate_val_len=2000
2020-10-05 13:15:10,869 - __main__ - INFO - target_state_list=(6000, 25), target_innate_seq=(6000, 5)
2020-10-05 13:18:23,014 - __main__ - DEBUG - QR 0, Loss=0.026181058359674773
2020-10-05 13:18:23,014 - __main__ - DEBUG - QR 1, Loss=0.026344405227664527
2020-10-05 13:18:23,014 - __main__ - DEBUG - QR 2, Loss=0.0267833797277229
2020-10-05 13:18:23,014 - __main__ - DEBUG - QR 3, Loss=0.026606183866865703
2020-10-05 13:18:23,014 - __main__ - DEBUG - QR 4, Loss=0.026183655494197187
2020-10-05 13:18:39,745 - __main__ - INFO - innate_buffer=2000, innate_train_len=2000, innate_val_len=2000
2020-10-05 13:18:39,745 - __main__ - INFO - target_state_list=(6000, 25), target_innate_seq=(6000, 5)
2020-10-05 13:19:01,348 - __main__ - DEBUG - QR 0, Loss=0.026122189535420507
2020-10-05 13:19:01,348 - __main__ - DEBUG - QR 1, Loss=0.02637696223665389
2020-10-05 13:19:01,348 - __main__ - DEBUG - QR 2, Loss=0.026435623176556955
2020-10-05 13:19:01,349 - __main__ - DEBUG - QR 3, Loss=0.026544771186568093
2020-10-05 13:19:01,349 - __main__ - DEBUG - QR 4, Loss=0.026195535631719093
2020-10-05 13:19:16,464 - __main__ - INFO - innate_buffer=2000, innate_train_len=2000, innate_val_len=2000
2020-10-05 13:19:16,464 - __main__ - INFO - target_state_list=(6000, 25), target_innate_seq=(6000, 5)
2020-10-05 13:20:51,778 - __main__ - DEBUG - QR 0, Loss=0.02622353899751071
2020-10-05 13:20:51,778 - __main__ - DEBUG - QR 1, Loss=0.026395859752225758
2020-10-05 13:20:51,779 - __main__ - DEBUG - QR 2, Loss=0.026972249638504184
2020-10-05 13:20:51,779 - __main__ - DEBUG - QR 3, Loss=0.026384124823766533
2020-10-05 13:20:51,779 - __main__ - DEBUG - QR 4, Loss=0.026333876623246624
2020-10-05 13:21:08,509 - __main__ - INFO - innate_buffer=2000, innate_train_len=2000, innate_val_len=2000
2020-10-05 13:21:08,509 - __main__ - INFO - target_state_list=(6000, 25), target_innate_seq=(6000, 5)
2020-10-05 13:23:50,609 - __main__ - DEBUG - QR 0, Loss=0.026735046937558946
2020-10-05 13:23:50,609 - __main__ - DEBUG - QR 1, Loss=0.026025291226939008
2020-10-05 13:23:50,610 - __main__ - DEBUG - QR 2, Loss=0.025730389051373637
2020-10-05 13:23:50,610 - __main__ - DEBUG - QR 3, Loss=0.0264551438880262
2020-10-05 13:23:50,610 - __main__ - DEBUG - QR 4, Loss=0.026720295978967273
2020-10-05 13:23:59,005 - __main__ - DEBUG - QR 0, Loss=0.026800657472243777
2020-10-05 13:23:59,005 - __main__ - DEBUG - QR 1, Loss=0.02605018786672142
2020-10-05 13:23:59,005 - __main__ - DEBUG - QR 2, Loss=0.025721928731048862
2020-10-05 13:23:59,005 - __main__ - DEBUG - QR 3, Loss=0.02652694692115428
2020-10-05 13:23:59,006 - __main__ - DEBUG - QR 4, Loss=0.026723396655503225
2020-10-05 13:24:07,411 - __main__ - INFO - innate_buffer=2000, innate_train_len=2000, innate_val_len=2000
2020-10-05 13:24:07,411 - __main__ - INFO - target_state_list=(6000, 25), target_innate_seq=(6000, 5)
2020-10-05 13:24:12,090 - __main__ - INFO - innate_buffer=2000, innate_train_len=2000, innate_val_len=2000
2020-10-05 13:24:12,090 - __main__ - INFO - target_state_list=(6000, 25), target_innate_seq=(6000, 5)
2020-10-05 13:26:21,391 - __main__ - DEBUG - QR 0, Loss=0.026747979880379077
2020-10-05 13:26:21,392 - __main__ - DEBUG - QR 1, Loss=0.026024994472345582
2020-10-05 13:26:21,392 - __main__ - DEBUG - QR 2, Loss=0.02572435020927344
2020-10-05 13:26:21,392 - __main__ - DEBUG - QR 3, Loss=0.02646980449709686
2020-10-05 13:26:21,392 - __main__ - DEBUG - QR 4, Loss=0.02652189213666217
2020-10-05 13:26:38,326 - __main__ - INFO - innate_buffer=2000, innate_train_len=2000, innate_val_len=2000
2020-10-05 13:26:38,326 - __main__ - INFO - target_state_list=(6000, 25), target_innate_seq=(6000, 5)
2020-10-05 13:28:59,346 - __main__ - DEBUG - QR 0, Loss=0.027247900309428794
2020-10-05 13:28:59,346 - __main__ - DEBUG - QR 1, Loss=0.028015002378330912
2020-10-05 13:28:59,347 - __main__ - DEBUG - QR 2, Loss=0.026946489626068954
2020-10-05 13:28:59,347 - __main__ - DEBUG - QR 3, Loss=0.025932159948688804
2020-10-05 13:28:59,347 - __main__ - DEBUG - QR 4, Loss=0.02693872858751634
2020-10-05 13:29:06,993 - __main__ - DEBUG - QR 0, Loss=0.027276699880121973
2020-10-05 13:29:06,993 - __main__ - DEBUG - QR 1, Loss=0.027556835099036277
2020-10-05 13:29:06,994 - __main__ - DEBUG - QR 2, Loss=0.027096962244668562
2020-10-05 13:29:06,994 - __main__ - DEBUG - QR 3, Loss=0.025767333599405147
2020-10-05 13:29:06,994 - __main__ - DEBUG - QR 4, Loss=0.026895585011886953
2020-10-05 13:29:15,198 - __main__ - INFO - innate_buffer=2000, innate_train_len=2000, innate_val_len=2000
2020-10-05 13:29:15,199 - __main__ - INFO - target_state_list=(6000, 25), target_innate_seq=(6000, 5)
2020-10-05 13:29:17,275 - __main__ - INFO - innate_buffer=2000, innate_train_len=2000, innate_val_len=2000
2020-10-05 13:29:17,276 - __main__ - INFO - target_state_list=(6000, 25), target_innate_seq=(6000, 5)
2020-10-05 13:32:13,844 - __main__ - DEBUG - QR 0, Loss=0.027246113334190927
2020-10-05 13:32:13,844 - __main__ - DEBUG - QR 1, Loss=0.02760771354812846
2020-10-05 13:32:13,844 - __main__ - DEBUG - QR 2, Loss=0.0270969296494069
2020-10-05 13:32:13,845 - __main__ - DEBUG - QR 3, Loss=0.026365205822287296
2020-10-05 13:32:13,845 - __main__ - DEBUG - QR 4, Loss=0.02698809360203798
2020-10-05 13:32:31,034 - __main__ - INFO - innate_buffer=2000, innate_train_len=2000, innate_val_len=2000
2020-10-05 13:32:31,035 - __main__ - INFO - target_state_list=(6000, 25), target_innate_seq=(6000, 5)
2020-10-05 13:32:43,195 - __main__ - DEBUG - QR 0, Loss=0.026460776377208256
2020-10-05 13:32:43,195 - __main__ - DEBUG - QR 1, Loss=0.026039426472999352
2020-10-05 13:32:43,195 - __main__ - DEBUG - QR 2, Loss=0.026894292620985184
2020-10-05 13:32:43,195 - __main__ - DEBUG - QR 3, Loss=0.025981329861558128
2020-10-05 13:32:43,195 - __main__ - DEBUG - QR 4, Loss=0.026265708985343698
2020-10-05 13:32:56,323 - __main__ - INFO - innate_buffer=2000, innate_train_len=2000, innate_val_len=2000
2020-10-05 13:32:56,323 - __main__ - INFO - target_state_list=(6000, 25), target_innate_seq=(6000, 5)
2020-10-05 13:34:17,744 - __main__ - DEBUG - QR 0, Loss=0.026449465325268793
2020-10-05 13:34:17,744 - __main__ - DEBUG - QR 1, Loss=0.026191128191730483
2020-10-05 13:34:17,744 - __main__ - DEBUG - QR 2, Loss=0.026874845514981257
2020-10-05 13:34:17,744 - __main__ - DEBUG - QR 3, Loss=0.0259676023027309
2020-10-05 13:34:17,745 - __main__ - DEBUG - QR 4, Loss=0.026271076342622334
2020-10-05 13:34:33,545 - __main__ - INFO - innate_buffer=2000, innate_train_len=2000, innate_val_len=2000
2020-10-05 13:34:33,545 - __main__ - INFO - target_state_list=(6000, 25), target_innate_seq=(6000, 5)
2020-10-05 13:38:08,884 - __main__ - DEBUG - QR 0, Loss=0.026452242188235293
2020-10-05 13:38:08,885 - __main__ - DEBUG - QR 1, Loss=0.0261259973739643
2020-10-05 13:38:08,885 - __main__ - DEBUG - QR 2, Loss=0.026896832283825205
2020-10-05 13:38:08,885 - __main__ - DEBUG - QR 3, Loss=0.02594345595487179
2020-10-05 13:38:08,885 - __main__ - DEBUG - QR 4, Loss=0.02626606721012783
2020-10-05 13:38:25,528 - __main__ - INFO - innate_buffer=2000, innate_train_len=2000, innate_val_len=2000
2020-10-05 13:38:25,528 - __main__ - INFO - target_state_list=(6000, 25), target_innate_seq=(6000, 5)
2020-10-05 13:38:34,581 - __main__ - DEBUG - QR 0, Loss=0.026913866111380743
2020-10-05 13:38:34,581 - __main__ - DEBUG - QR 1, Loss=0.026425454947325146
2020-10-05 13:38:34,582 - __main__ - DEBUG - QR 2, Loss=0.02680610297810564
2020-10-05 13:38:34,582 - __main__ - DEBUG - QR 3, Loss=0.026246439383154577
2020-10-05 13:38:34,582 - __main__ - DEBUG - QR 4, Loss=0.027100892941720665
2020-10-05 13:38:51,802 - __main__ - INFO - innate_buffer=2000, innate_train_len=2000, innate_val_len=2000
2020-10-05 13:38:51,802 - __main__ - INFO - target_state_list=(6000, 25), target_innate_seq=(6000, 5)
2020-10-05 13:39:40,523 - __main__ - DEBUG - QR 0, Loss=0.026809950731702357
2020-10-05 13:39:40,523 - __main__ - DEBUG - QR 1, Loss=0.026281736625615712
2020-10-05 13:39:40,523 - __main__ - DEBUG - QR 2, Loss=0.026803289621378196
2020-10-05 13:39:40,523 - __main__ - DEBUG - QR 3, Loss=0.02645912387441204
2020-10-05 13:39:40,524 - __main__ - DEBUG - QR 4, Loss=0.02709370598525286
2020-10-05 13:39:57,527 - __main__ - INFO - innate_buffer=2000, innate_train_len=2000, innate_val_len=2000
2020-10-05 13:39:57,527 - __main__ - INFO - target_state_list=(6000, 25), target_innate_seq=(6000, 5)
2020-10-05 13:43:00,632 - __main__ - DEBUG - QR 0, Loss=0.025886286439773844
2020-10-05 13:43:00,632 - __main__ - DEBUG - QR 1, Loss=0.026477806244484592
2020-10-05 13:43:00,633 - __main__ - DEBUG - QR 2, Loss=0.025931085278324432
2020-10-05 13:43:00,633 - __main__ - DEBUG - QR 3, Loss=0.02619656407792452
2020-10-05 13:43:00,633 - __main__ - DEBUG - QR 4, Loss=0.02574784708039486
2020-10-05 13:43:00,633 - __main__ - INFO - do_narma=0, Ntrials=10, total loss avg=0.027212035158453392, std=0.002271486595860697
2020-10-05 13:43:59,978 - __main__ - DEBUG - QR 0, Loss=0.026880008193246853
2020-10-05 13:43:59,979 - __main__ - DEBUG - QR 1, Loss=0.02641073871360919
2020-10-05 13:43:59,979 - __main__ - DEBUG - QR 2, Loss=0.026803964757097527
2020-10-05 13:43:59,979 - __main__ - DEBUG - QR 3, Loss=0.02631242766910865
2020-10-05 13:43:59,979 - __main__ - DEBUG - QR 4, Loss=0.027114285374075196
2020-10-05 13:44:16,895 - __main__ - INFO - innate_buffer=2000, innate_train_len=2000, innate_val_len=2000
2020-10-05 13:44:16,896 - __main__ - INFO - target_state_list=(6000, 25), target_innate_seq=(6000, 5)
2020-10-05 13:44:55,858 - __main__ - DEBUG - QR 0, Loss=0.025883185207914713
2020-10-05 13:44:55,859 - __main__ - DEBUG - QR 1, Loss=0.026483016085985918
2020-10-05 13:44:55,859 - __main__ - DEBUG - QR 2, Loss=0.02595127532490717
2020-10-05 13:44:55,859 - __main__ - DEBUG - QR 3, Loss=0.026300742816997475
2020-10-05 13:44:55,859 - __main__ - DEBUG - QR 4, Loss=0.027032615431681326
2020-10-05 13:44:55,859 - __main__ - INFO - do_narma=0, Ntrials=10, total loss avg=0.0265202981705882, std=0.0002171992945576633
2020-10-05 13:47:41,187 - __main__ - DEBUG - QR 0, Loss=0.02589277160498692
2020-10-05 13:47:41,187 - __main__ - DEBUG - QR 1, Loss=0.02647565241217044
2020-10-05 13:47:41,187 - __main__ - DEBUG - QR 2, Loss=0.026116828144656466
2020-10-05 13:47:41,187 - __main__ - DEBUG - QR 3, Loss=0.026337789918418494
2020-10-05 13:47:41,187 - __main__ - DEBUG - QR 4, Loss=0.025724179978024713
2020-10-05 13:47:41,187 - __main__ - INFO - do_narma=0, Ntrials=10, total loss avg=0.02653253539135439, std=0.00025653122919623106
