2020-10-05 12:53:00,895 - __main__ - INFO - n_units=5
2020-10-05 12:53:00,895 - __main__ - INFO - max_energy=1.0
2020-10-05 12:53:00,896 - __main__ - INFO - beta=1e-14
2020-10-05 12:53:00,896 - __main__ - INFO - taudelta=1.0
2020-10-05 12:53:00,896 - __main__ - INFO - V=1
2020-10-05 12:53:00,896 - __main__ - INFO - layers=5
2020-10-05 12:53:00,896 - __main__ - INFO - train_len=2000, val_len=2000, buffer=2000
2020-10-05 12:53:00,896 - __main__ - INFO - alpha=0.5, Ntrials=10
2020-10-05 12:53:00,896 - __main__ - INFO - noise=2e-05, learning rate=10.0,scale_input=0.2
2020-10-05 12:53:00,927 - __main__ - INFO - n_units=5
2020-10-05 12:53:00,928 - __main__ - INFO - max_energy=1.0
2020-10-05 12:53:00,928 - __main__ - INFO - beta=1e-14
2020-10-05 12:53:00,928 - __main__ - INFO - taudelta=2.0
2020-10-05 12:53:00,928 - __main__ - INFO - V=1
2020-10-05 12:53:00,928 - __main__ - INFO - layers=5
2020-10-05 12:53:00,928 - __main__ - INFO - train_len=2000, val_len=2000, buffer=2000
2020-10-05 12:53:00,928 - __main__ - INFO - alpha=0.5, Ntrials=10
2020-10-05 12:53:00,928 - __main__ - INFO - noise=2e-05, learning rate=10.0,scale_input=0.2
2020-10-05 12:53:00,980 - __main__ - INFO - n_units=5
2020-10-05 12:53:00,980 - __main__ - INFO - max_energy=1.0
2020-10-05 12:53:00,980 - __main__ - INFO - beta=1e-14
2020-10-05 12:53:00,981 - __main__ - INFO - taudelta=4.0
2020-10-05 12:53:00,981 - __main__ - INFO - V=1
2020-10-05 12:53:00,981 - __main__ - INFO - layers=5
2020-10-05 12:53:00,981 - __main__ - INFO - train_len=2000, val_len=2000, buffer=2000
2020-10-05 12:53:00,981 - __main__ - INFO - alpha=0.5, Ntrials=10
2020-10-05 12:53:00,981 - __main__ - INFO - noise=2e-05, learning rate=10.0,scale_input=0.2
2020-10-05 12:53:16,274 - __main__ - INFO - innate_buffer=2000, innate_train_len=2000, innate_val_len=2000
2020-10-05 12:53:16,274 - __main__ - INFO - target_state_list=(6000, 25), target_innate_seq=(6000, 5)
2020-10-05 12:53:18,031 - __main__ - INFO - innate_buffer=2000, innate_train_len=2000, innate_val_len=2000
2020-10-05 12:53:18,031 - __main__ - INFO - target_state_list=(6000, 25), target_innate_seq=(6000, 5)
2020-10-05 12:53:18,153 - __main__ - INFO - innate_buffer=2000, innate_train_len=2000, innate_val_len=2000
2020-10-05 12:53:18,153 - __main__ - INFO - target_state_list=(6000, 25), target_innate_seq=(6000, 5)
2020-10-05 12:58:12,066 - __main__ - DEBUG - QR 0, Loss=0.005011773018977839
2020-10-05 12:58:12,067 - __main__ - DEBUG - QR 1, Loss=0.0047479363533985495
2020-10-05 12:58:12,067 - __main__ - DEBUG - QR 2, Loss=0.004627780149973466
2020-10-05 12:58:12,067 - __main__ - DEBUG - QR 3, Loss=0.006056992128100432
2020-10-05 12:58:12,067 - __main__ - DEBUG - QR 4, Loss=0.004472740388129844
2020-10-05 12:58:26,792 - __main__ - INFO - innate_buffer=2000, innate_train_len=2000, innate_val_len=2000
2020-10-05 12:58:26,792 - __main__ - INFO - target_state_list=(6000, 25), target_innate_seq=(6000, 5)
2020-10-05 12:58:29,018 - __main__ - DEBUG - QR 0, Loss=0.005806535094638009
2020-10-05 12:58:29,018 - __main__ - DEBUG - QR 1, Loss=0.00471564724460493
2020-10-05 12:58:29,018 - __main__ - DEBUG - QR 2, Loss=0.004570111476242871
2020-10-05 12:58:29,018 - __main__ - DEBUG - QR 3, Loss=0.00620749850737062
2020-10-05 12:58:29,018 - __main__ - DEBUG - QR 4, Loss=0.004792665550262573
2020-10-05 12:58:45,565 - __main__ - INFO - innate_buffer=2000, innate_train_len=2000, innate_val_len=2000
2020-10-05 12:58:45,566 - __main__ - INFO - target_state_list=(6000, 25), target_innate_seq=(6000, 5)
2020-10-05 12:58:59,699 - __main__ - DEBUG - QR 0, Loss=0.07620548214074019
2020-10-05 12:58:59,699 - __main__ - DEBUG - QR 1, Loss=0.004515399649919733
2020-10-05 12:58:59,699 - __main__ - DEBUG - QR 2, Loss=0.0045232904344758434
2020-10-05 12:58:59,699 - __main__ - DEBUG - QR 3, Loss=0.006005305035897442
2020-10-05 12:58:59,699 - __main__ - DEBUG - QR 4, Loss=0.004612202652695929
2020-10-05 12:59:10,088 - __main__ - INFO - innate_buffer=2000, innate_train_len=2000, innate_val_len=2000
2020-10-05 12:59:10,089 - __main__ - INFO - target_state_list=(6000, 25), target_innate_seq=(6000, 5)
2020-10-05 13:03:09,211 - __main__ - DEBUG - QR 0, Loss=0.004927421406387931
2020-10-05 13:03:09,212 - __main__ - DEBUG - QR 1, Loss=0.00435132945478684
2020-10-05 13:03:09,212 - __main__ - DEBUG - QR 2, Loss=0.005221574318596269
2020-10-05 13:03:09,212 - __main__ - DEBUG - QR 3, Loss=0.005965657368438969
2020-10-05 13:03:09,212 - __main__ - DEBUG - QR 4, Loss=0.005065612242567565
2020-10-05 13:03:25,431 - __main__ - INFO - innate_buffer=2000, innate_train_len=2000, innate_val_len=2000
2020-10-05 13:03:25,431 - __main__ - INFO - target_state_list=(6000, 25), target_innate_seq=(6000, 5)
2020-10-05 13:04:11,224 - __main__ - DEBUG - QR 0, Loss=0.004387825692951087
2020-10-05 13:04:11,225 - __main__ - DEBUG - QR 1, Loss=0.004350587441907906
2020-10-05 13:04:11,225 - __main__ - DEBUG - QR 2, Loss=0.004713017144798861
2020-10-05 13:04:11,225 - __main__ - DEBUG - QR 3, Loss=0.004450689477821374
2020-10-05 13:04:11,225 - __main__ - DEBUG - QR 4, Loss=0.005060465868554463
2020-10-05 13:04:19,264 - __main__ - DEBUG - QR 0, Loss=0.0100774170300041
2020-10-05 13:04:19,264 - __main__ - DEBUG - QR 1, Loss=0.004664013561886365
2020-10-05 13:04:19,265 - __main__ - DEBUG - QR 2, Loss=0.0052934983319232465
2020-10-05 13:04:19,265 - __main__ - DEBUG - QR 3, Loss=0.004572352201255536
2020-10-05 13:04:19,265 - __main__ - DEBUG - QR 4, Loss=0.005015368682895004
2020-10-05 13:04:28,807 - __main__ - INFO - innate_buffer=2000, innate_train_len=2000, innate_val_len=2000
2020-10-05 13:04:28,808 - __main__ - INFO - target_state_list=(6000, 25), target_innate_seq=(6000, 5)
2020-10-05 13:04:36,307 - __main__ - INFO - innate_buffer=2000, innate_train_len=2000, innate_val_len=2000
2020-10-05 13:04:36,308 - __main__ - INFO - target_state_list=(6000, 25), target_innate_seq=(6000, 5)
2020-10-05 13:08:21,049 - __main__ - DEBUG - QR 0, Loss=0.0060696517879217735
2020-10-05 13:08:21,049 - __main__ - DEBUG - QR 1, Loss=0.0043733099948887804
2020-10-05 13:08:21,049 - __main__ - DEBUG - QR 2, Loss=0.004910783395135046
2020-10-05 13:08:21,050 - __main__ - DEBUG - QR 3, Loss=0.005648191448462312
2020-10-05 13:08:21,050 - __main__ - DEBUG - QR 4, Loss=0.0047269176212829086
2020-10-05 13:08:36,430 - __main__ - INFO - innate_buffer=2000, innate_train_len=2000, innate_val_len=2000
2020-10-05 13:08:36,430 - __main__ - INFO - target_state_list=(6000, 25), target_innate_seq=(6000, 5)
2020-10-05 13:09:57,786 - __main__ - DEBUG - QR 0, Loss=0.006133638194230458
2020-10-05 13:09:57,787 - __main__ - DEBUG - QR 1, Loss=0.004460718637987917
2020-10-05 13:09:57,787 - __main__ - DEBUG - QR 2, Loss=0.00501430620284433
2020-10-05 13:09:57,787 - __main__ - DEBUG - QR 3, Loss=0.006394085468415043
2020-10-05 13:09:57,787 - __main__ - DEBUG - QR 4, Loss=0.004823826004494438
2020-10-05 13:10:02,758 - __main__ - DEBUG - QR 0, Loss=0.005902940829582262
2020-10-05 13:10:02,758 - __main__ - DEBUG - QR 1, Loss=0.004374751517787589
2020-10-05 13:10:02,758 - __main__ - DEBUG - QR 2, Loss=0.005109619297065037
2020-10-05 13:10:02,758 - __main__ - DEBUG - QR 3, Loss=0.004428780453060205
2020-10-05 13:10:02,758 - __main__ - DEBUG - QR 4, Loss=0.004740975070566512
2020-10-05 13:10:08,171 - __main__ - INFO - innate_buffer=2000, innate_train_len=2000, innate_val_len=2000
2020-10-05 13:10:08,171 - __main__ - INFO - target_state_list=(6000, 25), target_innate_seq=(6000, 5)
2020-10-05 13:10:21,226 - __main__ - INFO - innate_buffer=2000, innate_train_len=2000, innate_val_len=2000
2020-10-05 13:10:21,227 - __main__ - INFO - target_state_list=(6000, 25), target_innate_seq=(6000, 5)
2020-10-05 13:13:40,988 - __main__ - DEBUG - QR 0, Loss=0.004468378359628394
2020-10-05 13:13:40,989 - __main__ - DEBUG - QR 1, Loss=0.005418526413443339
2020-10-05 13:13:40,989 - __main__ - DEBUG - QR 2, Loss=0.007383268833122893
2020-10-05 13:13:40,989 - __main__ - DEBUG - QR 3, Loss=0.005368374147706913
2020-10-05 13:13:40,989 - __main__ - DEBUG - QR 4, Loss=0.004423224052196665
2020-10-05 13:13:45,194 - __main__ - DEBUG - QR 0, Loss=0.00446786970259699
2020-10-05 13:13:45,194 - __main__ - DEBUG - QR 1, Loss=0.006206835942918623
2020-10-05 13:13:45,194 - __main__ - DEBUG - QR 2, Loss=0.005544430948539015
2020-10-05 13:13:45,195 - __main__ - DEBUG - QR 3, Loss=0.004729130340962352
2020-10-05 13:13:45,195 - __main__ - DEBUG - QR 4, Loss=0.004745916328424866
2020-10-05 13:13:53,569 - __main__ - INFO - innate_buffer=2000, innate_train_len=2000, innate_val_len=2000
2020-10-05 13:13:53,570 - __main__ - INFO - target_state_list=(6000, 25), target_innate_seq=(6000, 5)
2020-10-05 13:14:02,019 - __main__ - INFO - innate_buffer=2000, innate_train_len=2000, innate_val_len=2000
2020-10-05 13:14:02,019 - __main__ - INFO - target_state_list=(6000, 25), target_innate_seq=(6000, 5)
2020-10-05 13:15:33,318 - __main__ - DEBUG - QR 0, Loss=0.004468397153542031
2020-10-05 13:15:33,319 - __main__ - DEBUG - QR 1, Loss=0.005654112502131067
2020-10-05 13:15:33,319 - __main__ - DEBUG - QR 2, Loss=0.007564798818947141
2020-10-05 13:15:33,319 - __main__ - DEBUG - QR 3, Loss=0.005059955071605033
2020-10-05 13:15:33,319 - __main__ - DEBUG - QR 4, Loss=0.0045120504011017665
2020-10-05 13:15:50,392 - __main__ - INFO - innate_buffer=2000, innate_train_len=2000, innate_val_len=2000
2020-10-05 13:15:50,392 - __main__ - INFO - target_state_list=(6000, 25), target_innate_seq=(6000, 5)
2020-10-05 13:19:05,486 - __main__ - DEBUG - QR 0, Loss=0.004608041580910771
2020-10-05 13:19:05,486 - __main__ - DEBUG - QR 1, Loss=0.004457573467071411
2020-10-05 13:19:05,486 - __main__ - DEBUG - QR 2, Loss=0.005172883820911979
2020-10-05 13:19:05,486 - __main__ - DEBUG - QR 3, Loss=0.004941470830764402
2020-10-05 13:19:05,486 - __main__ - DEBUG - QR 4, Loss=0.004436500734306213
2020-10-05 13:19:06,801 - __main__ - DEBUG - QR 0, Loss=0.005354734178246811
2020-10-05 13:19:06,801 - __main__ - DEBUG - QR 1, Loss=0.004468966760546753
2020-10-05 13:19:06,801 - __main__ - DEBUG - QR 2, Loss=0.0070297944299001405
2020-10-05 13:19:06,801 - __main__ - DEBUG - QR 3, Loss=0.004662966810298225
2020-10-05 13:19:06,801 - __main__ - DEBUG - QR 4, Loss=0.005006355910131195
2020-10-05 13:19:20,348 - __main__ - INFO - innate_buffer=2000, innate_train_len=2000, innate_val_len=2000
2020-10-05 13:19:20,348 - __main__ - INFO - target_state_list=(6000, 25), target_innate_seq=(6000, 5)
2020-10-05 13:19:24,038 - __main__ - INFO - innate_buffer=2000, innate_train_len=2000, innate_val_len=2000
2020-10-05 13:19:24,038 - __main__ - INFO - target_state_list=(6000, 25), target_innate_seq=(6000, 5)
2020-10-05 13:21:27,857 - __main__ - DEBUG - QR 0, Loss=0.004617146395879119
2020-10-05 13:21:27,858 - __main__ - DEBUG - QR 1, Loss=0.004452677241506605
2020-10-05 13:21:27,858 - __main__ - DEBUG - QR 2, Loss=0.006432754182593543
2020-10-05 13:21:27,858 - __main__ - DEBUG - QR 3, Loss=0.005024354947308002
2020-10-05 13:21:27,858 - __main__ - DEBUG - QR 4, Loss=0.004449936834572386
2020-10-05 13:21:45,399 - __main__ - INFO - innate_buffer=2000, innate_train_len=2000, innate_val_len=2000
2020-10-05 13:21:45,400 - __main__ - INFO - target_state_list=(6000, 25), target_innate_seq=(6000, 5)
2020-10-05 13:24:02,407 - __main__ - DEBUG - QR 0, Loss=0.004541417000388718
2020-10-05 13:24:02,408 - __main__ - DEBUG - QR 1, Loss=0.0047363027359011165
2020-10-05 13:24:02,408 - __main__ - DEBUG - QR 2, Loss=0.004415102579788485
2020-10-05 13:24:02,408 - __main__ - DEBUG - QR 3, Loss=0.004772408955547573
2020-10-05 13:24:02,408 - __main__ - DEBUG - QR 4, Loss=0.00577800928856485
2020-10-05 13:24:15,809 - __main__ - INFO - innate_buffer=2000, innate_train_len=2000, innate_val_len=2000
2020-10-05 13:24:15,809 - __main__ - INFO - target_state_list=(6000, 25), target_innate_seq=(6000, 5)
2020-10-05 13:25:03,620 - __main__ - DEBUG - QR 0, Loss=0.004531856796980842
2020-10-05 13:25:03,621 - __main__ - DEBUG - QR 1, Loss=0.004656834505983308
2020-10-05 13:25:03,621 - __main__ - DEBUG - QR 2, Loss=0.004541013780825084
2020-10-05 13:25:03,621 - __main__ - DEBUG - QR 3, Loss=0.004706481242302762
2020-10-05 13:25:03,621 - __main__ - DEBUG - QR 4, Loss=0.00460157306413879
2020-10-05 13:25:20,732 - __main__ - INFO - innate_buffer=2000, innate_train_len=2000, innate_val_len=2000
2020-10-05 13:25:20,734 - __main__ - INFO - target_state_list=(6000, 25), target_innate_seq=(6000, 5)
2020-10-05 13:27:19,037 - __main__ - DEBUG - QR 0, Loss=0.004529011561339601
2020-10-05 13:27:19,037 - __main__ - DEBUG - QR 1, Loss=0.0046471028355679995
2020-10-05 13:27:19,037 - __main__ - DEBUG - QR 2, Loss=0.004645850246482323
2020-10-05 13:27:19,038 - __main__ - DEBUG - QR 3, Loss=0.004590674889202596
2020-10-05 13:27:19,038 - __main__ - DEBUG - QR 4, Loss=0.005746392509503772
2020-10-05 13:27:35,959 - __main__ - INFO - innate_buffer=2000, innate_train_len=2000, innate_val_len=2000
2020-10-05 13:27:35,960 - __main__ - INFO - target_state_list=(6000, 25), target_innate_seq=(6000, 5)
2020-10-05 13:29:11,950 - __main__ - DEBUG - QR 0, Loss=0.004697071283202631
2020-10-05 13:29:11,950 - __main__ - DEBUG - QR 1, Loss=0.005857763381558743
2020-10-05 13:29:11,950 - __main__ - DEBUG - QR 2, Loss=0.004659528062775714
2020-10-05 13:29:11,950 - __main__ - DEBUG - QR 3, Loss=0.0044775459670397194
2020-10-05 13:29:11,950 - __main__ - DEBUG - QR 4, Loss=0.004806855100360881
2020-10-05 13:29:28,482 - __main__ - INFO - innate_buffer=2000, innate_train_len=2000, innate_val_len=2000
2020-10-05 13:29:28,482 - __main__ - INFO - target_state_list=(6000, 25), target_innate_seq=(6000, 5)
2020-10-05 13:30:41,625 - __main__ - DEBUG - QR 0, Loss=0.004614112100503577
2020-10-05 13:30:41,625 - __main__ - DEBUG - QR 1, Loss=0.00496516951935069
2020-10-05 13:30:41,626 - __main__ - DEBUG - QR 2, Loss=0.005017121140057019
2020-10-05 13:30:41,626 - __main__ - DEBUG - QR 3, Loss=0.004883531192722073
2020-10-05 13:30:41,626 - __main__ - DEBUG - QR 4, Loss=0.004928637720182059
2020-10-05 13:30:58,308 - __main__ - INFO - innate_buffer=2000, innate_train_len=2000, innate_val_len=2000
2020-10-05 13:30:58,308 - __main__ - INFO - target_state_list=(6000, 25), target_innate_seq=(6000, 5)
2020-10-05 13:32:55,106 - __main__ - DEBUG - QR 0, Loss=0.004617813802540476
2020-10-05 13:32:55,106 - __main__ - DEBUG - QR 1, Loss=0.004748449450099643
2020-10-05 13:32:55,106 - __main__ - DEBUG - QR 2, Loss=0.0050174557025144005
2020-10-05 13:32:55,106 - __main__ - DEBUG - QR 3, Loss=0.004355482710319863
2020-10-05 13:32:55,107 - __main__ - DEBUG - QR 4, Loss=0.004698269679597889
2020-10-05 13:33:07,974 - __main__ - INFO - innate_buffer=2000, innate_train_len=2000, innate_val_len=2000
2020-10-05 13:33:07,974 - __main__ - INFO - target_state_list=(6000, 25), target_innate_seq=(6000, 5)
2020-10-05 13:34:29,033 - __main__ - DEBUG - QR 0, Loss=0.004655810368062843
2020-10-05 13:34:29,033 - __main__ - DEBUG - QR 1, Loss=0.005261787631508645
2020-10-05 13:34:29,033 - __main__ - DEBUG - QR 2, Loss=0.004540277280048599
2020-10-05 13:34:29,034 - __main__ - DEBUG - QR 3, Loss=0.004390514250603525
2020-10-05 13:34:29,034 - __main__ - DEBUG - QR 4, Loss=0.0044398519036420725
2020-10-05 13:34:44,616 - __main__ - INFO - innate_buffer=2000, innate_train_len=2000, innate_val_len=2000
2020-10-05 13:34:44,616 - __main__ - INFO - target_state_list=(6000, 25), target_innate_seq=(6000, 5)
2020-10-05 13:36:35,032 - __main__ - DEBUG - QR 0, Loss=0.004633452875122068
2020-10-05 13:36:35,033 - __main__ - DEBUG - QR 1, Loss=0.004855232789060596
2020-10-05 13:36:35,033 - __main__ - DEBUG - QR 2, Loss=0.00485270765444731
2020-10-05 13:36:35,033 - __main__ - DEBUG - QR 3, Loss=0.004393075403671123
2020-10-05 13:36:35,033 - __main__ - DEBUG - QR 4, Loss=0.004784793690812264
2020-10-05 13:36:52,571 - __main__ - INFO - innate_buffer=2000, innate_train_len=2000, innate_val_len=2000
2020-10-05 13:36:52,571 - __main__ - INFO - target_state_list=(6000, 25), target_innate_seq=(6000, 5)
2020-10-05 13:38:53,276 - __main__ - DEBUG - QR 0, Loss=0.0047094779332233026
2020-10-05 13:38:53,276 - __main__ - DEBUG - QR 1, Loss=0.004417455239905278
2020-10-05 13:38:53,276 - __main__ - DEBUG - QR 2, Loss=0.004832580062392114
2020-10-05 13:38:53,276 - __main__ - DEBUG - QR 3, Loss=0.004399362966192702
2020-10-05 13:38:53,277 - __main__ - DEBUG - QR 4, Loss=0.004834223610542192
2020-10-05 13:39:10,455 - __main__ - INFO - innate_buffer=2000, innate_train_len=2000, innate_val_len=2000
2020-10-05 13:39:10,456 - __main__ - INFO - target_state_list=(6000, 25), target_innate_seq=(6000, 5)
2020-10-05 13:39:53,809 - __main__ - DEBUG - QR 0, Loss=0.004539982327004268
2020-10-05 13:39:53,810 - __main__ - DEBUG - QR 1, Loss=0.004666270364258541
2020-10-05 13:39:53,811 - __main__ - DEBUG - QR 2, Loss=0.004538027903521922
2020-10-05 13:39:53,811 - __main__ - DEBUG - QR 3, Loss=0.006097340654261049
2020-10-05 13:39:53,811 - __main__ - DEBUG - QR 4, Loss=0.004581954681592211
2020-10-05 13:40:09,986 - __main__ - INFO - innate_buffer=2000, innate_train_len=2000, innate_val_len=2000
2020-10-05 13:40:09,986 - __main__ - INFO - target_state_list=(6000, 25), target_innate_seq=(6000, 5)
2020-10-05 13:42:29,074 - __main__ - DEBUG - QR 0, Loss=0.004838110581535935
2020-10-05 13:42:29,074 - __main__ - DEBUG - QR 1, Loss=0.005265336648923072
2020-10-05 13:42:29,075 - __main__ - DEBUG - QR 2, Loss=0.004531056855839716
2020-10-05 13:42:29,075 - __main__ - DEBUG - QR 3, Loss=0.005220347218580016
2020-10-05 13:42:29,075 - __main__ - DEBUG - QR 4, Loss=0.00461519800321882
2020-10-05 13:42:45,715 - __main__ - INFO - innate_buffer=2000, innate_train_len=2000, innate_val_len=2000
2020-10-05 13:42:45,716 - __main__ - INFO - target_state_list=(6000, 25), target_innate_seq=(6000, 5)
2020-10-05 13:44:45,384 - __main__ - DEBUG - QR 0, Loss=0.00499024161743497
2020-10-05 13:44:45,384 - __main__ - DEBUG - QR 1, Loss=0.005322034400298827
2020-10-05 13:44:45,384 - __main__ - DEBUG - QR 2, Loss=0.004533261258199591
2020-10-05 13:44:45,384 - __main__ - DEBUG - QR 3, Loss=0.004818474463960698
2020-10-05 13:44:45,384 - __main__ - DEBUG - QR 4, Loss=0.00460053965948445
2020-10-05 13:45:00,401 - __main__ - DEBUG - QR 0, Loss=0.004377615494706375
2020-10-05 13:45:00,401 - __main__ - DEBUG - QR 1, Loss=0.00478538419816246
2020-10-05 13:45:00,402 - __main__ - DEBUG - QR 2, Loss=0.004420961846634656
2020-10-05 13:45:00,402 - __main__ - DEBUG - QR 3, Loss=0.004588044456043506
2020-10-05 13:45:00,402 - __main__ - DEBUG - QR 4, Loss=0.009169007240363942
2020-10-05 13:45:00,402 - __main__ - INFO - do_narma=0, Ntrials=10, total loss avg=0.004985663194599964, std=0.00022567215019237395
2020-10-05 13:45:01,886 - __main__ - INFO - innate_buffer=2000, innate_train_len=2000, innate_val_len=2000
2020-10-05 13:45:01,886 - __main__ - INFO - target_state_list=(6000, 25), target_innate_seq=(6000, 5)
2020-10-05 13:46:48,617 - __main__ - DEBUG - QR 0, Loss=0.004508516807041778
2020-10-05 13:46:48,617 - __main__ - DEBUG - QR 1, Loss=0.004779708576096945
2020-10-05 13:46:48,617 - __main__ - DEBUG - QR 2, Loss=0.004809229755638711
2020-10-05 13:46:48,617 - __main__ - DEBUG - QR 3, Loss=0.004630625127342537
2020-10-05 13:46:48,618 - __main__ - DEBUG - QR 4, Loss=0.004351931540774812
2020-10-05 13:46:48,618 - __main__ - INFO - do_narma=0, Ntrials=10, total loss avg=0.005092838533508573, std=0.00040335503640002236
2020-10-05 13:48:09,168 - __main__ - DEBUG - QR 0, Loss=0.004375693628465779
2020-10-05 13:48:09,168 - __main__ - DEBUG - QR 1, Loss=0.004791608909954533
2020-10-05 13:48:09,168 - __main__ - DEBUG - QR 2, Loss=0.004383705906556538
2020-10-05 13:48:09,169 - __main__ - DEBUG - QR 3, Loss=0.004438224770633904
2020-10-05 13:48:09,169 - __main__ - DEBUG - QR 4, Loss=0.004537779269590738
2020-10-05 13:48:09,169 - __main__ - INFO - do_narma=0, Ntrials=10, total loss avg=0.006263973666820306, std=0.0043102170558009896
