2020-10-05 12:53:00,892 - __main__ - INFO - n_units=5
2020-10-05 12:53:00,893 - __main__ - INFO - max_energy=1.0
2020-10-05 12:53:00,893 - __main__ - INFO - beta=1e-14
2020-10-05 12:53:00,893 - __main__ - INFO - taudelta=1.0
2020-10-05 12:53:00,893 - __main__ - INFO - V=1
2020-10-05 12:53:00,893 - __main__ - INFO - layers=5
2020-10-05 12:53:00,893 - __main__ - INFO - train_len=2000, val_len=2000, buffer=2000
2020-10-05 12:53:00,893 - __main__ - INFO - alpha=0.5, Ntrials=10
2020-10-05 12:53:00,893 - __main__ - INFO - noise=7e-06, learning rate=10.0,scale_input=0.2
2020-10-05 12:53:00,924 - __main__ - INFO - n_units=5
2020-10-05 12:53:00,924 - __main__ - INFO - max_energy=1.0
2020-10-05 12:53:00,924 - __main__ - INFO - beta=1e-14
2020-10-05 12:53:00,924 - __main__ - INFO - taudelta=2.0
2020-10-05 12:53:00,924 - __main__ - INFO - V=1
2020-10-05 12:53:00,924 - __main__ - INFO - layers=5
2020-10-05 12:53:00,924 - __main__ - INFO - train_len=2000, val_len=2000, buffer=2000
2020-10-05 12:53:00,924 - __main__ - INFO - alpha=0.5, Ntrials=10
2020-10-05 12:53:00,925 - __main__ - INFO - noise=7e-06, learning rate=10.0,scale_input=0.2
2020-10-05 12:53:00,973 - __main__ - INFO - n_units=5
2020-10-05 12:53:00,974 - __main__ - INFO - max_energy=1.0
2020-10-05 12:53:00,974 - __main__ - INFO - beta=1e-14
2020-10-05 12:53:00,974 - __main__ - INFO - taudelta=4.0
2020-10-05 12:53:00,974 - __main__ - INFO - V=1
2020-10-05 12:53:00,974 - __main__ - INFO - layers=5
2020-10-05 12:53:00,974 - __main__ - INFO - train_len=2000, val_len=2000, buffer=2000
2020-10-05 12:53:00,974 - __main__ - INFO - alpha=0.5, Ntrials=10
2020-10-05 12:53:00,974 - __main__ - INFO - noise=7e-06, learning rate=10.0,scale_input=0.2
2020-10-05 12:53:17,005 - __main__ - INFO - innate_buffer=2000, innate_train_len=2000, innate_val_len=2000
2020-10-05 12:53:17,006 - __main__ - INFO - target_state_list=(6000, 25), target_innate_seq=(6000, 5)
2020-10-05 12:53:17,454 - __main__ - INFO - innate_buffer=2000, innate_train_len=2000, innate_val_len=2000
2020-10-05 12:53:17,454 - __main__ - INFO - target_state_list=(6000, 25), target_innate_seq=(6000, 5)
2020-10-05 12:53:17,941 - __main__ - INFO - innate_buffer=2000, innate_train_len=2000, innate_val_len=2000
2020-10-05 12:53:17,942 - __main__ - INFO - target_state_list=(6000, 25), target_innate_seq=(6000, 5)
2020-10-05 12:58:51,338 - __main__ - DEBUG - QR 0, Loss=0.0034964652633169406
2020-10-05 12:58:51,339 - __main__ - DEBUG - QR 1, Loss=0.0030508962484918946
2020-10-05 12:58:51,339 - __main__ - DEBUG - QR 2, Loss=0.0029441616500871554
2020-10-05 12:58:51,339 - __main__ - DEBUG - QR 3, Loss=0.004928412127875969
2020-10-05 12:58:51,339 - __main__ - DEBUG - QR 4, Loss=0.002654599764297502
2020-10-05 12:58:53,286 - __main__ - DEBUG - QR 0, Loss=0.07769793345721113
2020-10-05 12:58:53,287 - __main__ - DEBUG - QR 1, Loss=0.0026735740343981386
2020-10-05 12:58:53,287 - __main__ - DEBUG - QR 2, Loss=0.002756028593227756
2020-10-05 12:58:53,287 - __main__ - DEBUG - QR 3, Loss=0.004822490972392944
2020-10-05 12:58:53,287 - __main__ - DEBUG - QR 4, Loss=0.002923473784274802
2020-10-05 12:58:53,711 - __main__ - DEBUG - QR 0, Loss=0.004603868842084249
2020-10-05 12:58:53,711 - __main__ - DEBUG - QR 1, Loss=0.003000713875944546
2020-10-05 12:58:53,711 - __main__ - DEBUG - QR 2, Loss=0.0028430996605136585
2020-10-05 12:58:53,711 - __main__ - DEBUG - QR 3, Loss=0.005132269182449014
2020-10-05 12:58:53,712 - __main__ - DEBUG - QR 4, Loss=0.0032180931317310137
2020-10-05 12:59:08,872 - __main__ - INFO - innate_buffer=2000, innate_train_len=2000, innate_val_len=2000
2020-10-05 12:59:08,872 - __main__ - INFO - target_state_list=(6000, 25), target_innate_seq=(6000, 5)
2020-10-05 12:59:09,210 - __main__ - INFO - innate_buffer=2000, innate_train_len=2000, innate_val_len=2000
2020-10-05 12:59:09,210 - __main__ - INFO - target_state_list=(6000, 25), target_innate_seq=(6000, 5)
2020-10-05 12:59:11,493 - __main__ - INFO - innate_buffer=2000, innate_train_len=2000, innate_val_len=2000
2020-10-05 12:59:11,493 - __main__ - INFO - target_state_list=(6000, 25), target_innate_seq=(6000, 5)
2020-10-05 13:04:18,983 - __main__ - DEBUG - QR 0, Loss=0.002612651012139515
2020-10-05 13:04:18,983 - __main__ - DEBUG - QR 1, Loss=0.0026148933999317857
2020-10-05 13:04:18,983 - __main__ - DEBUG - QR 2, Loss=0.0030126415878522087
2020-10-05 13:04:18,983 - __main__ - DEBUG - QR 3, Loss=0.0026340791347881256
2020-10-05 13:04:18,983 - __main__ - DEBUG - QR 4, Loss=0.003545233453619021
2020-10-05 13:04:35,241 - __main__ - INFO - innate_buffer=2000, innate_train_len=2000, innate_val_len=2000
2020-10-05 13:04:35,241 - __main__ - INFO - target_state_list=(6000, 25), target_innate_seq=(6000, 5)
2020-10-05 13:04:48,635 - __main__ - DEBUG - QR 0, Loss=0.009605560375500807
2020-10-05 13:04:48,636 - __main__ - DEBUG - QR 1, Loss=0.0031346783282005263
2020-10-05 13:04:48,636 - __main__ - DEBUG - QR 2, Loss=0.0038346860788129595
2020-10-05 13:04:48,636 - __main__ - DEBUG - QR 3, Loss=0.0028274867404434727
2020-10-05 13:04:48,636 - __main__ - DEBUG - QR 4, Loss=0.0034780651895602636
2020-10-05 13:04:49,343 - __main__ - DEBUG - QR 0, Loss=0.003421088890861768
2020-10-05 13:04:49,343 - __main__ - DEBUG - QR 1, Loss=0.00261827455462944
2020-10-05 13:04:49,343 - __main__ - DEBUG - QR 2, Loss=0.0037417804965173274
2020-10-05 13:04:49,343 - __main__ - DEBUG - QR 3, Loss=0.004710346718798554
2020-10-05 13:04:49,343 - __main__ - DEBUG - QR 4, Loss=0.0035519060666587385
2020-10-05 13:05:05,803 - __main__ - INFO - innate_buffer=2000, innate_train_len=2000, innate_val_len=2000
2020-10-05 13:05:05,803 - __main__ - INFO - target_state_list=(6000, 25), target_innate_seq=(6000, 5)
2020-10-05 13:05:07,026 - __main__ - INFO - innate_buffer=2000, innate_train_len=2000, innate_val_len=2000
2020-10-05 13:05:07,027 - __main__ - INFO - target_state_list=(6000, 25), target_innate_seq=(6000, 5)
2020-10-05 13:09:46,769 - __main__ - DEBUG - QR 0, Loss=0.004519481169913368
2020-10-05 13:09:46,769 - __main__ - DEBUG - QR 1, Loss=0.0025902215254623253
2020-10-05 13:09:46,769 - __main__ - DEBUG - QR 2, Loss=0.0036522544777934053
2020-10-05 13:09:46,769 - __main__ - DEBUG - QR 3, Loss=0.002619995457839891
2020-10-05 13:09:46,770 - __main__ - DEBUG - QR 4, Loss=0.003037539207989738
2020-10-05 13:10:01,073 - __main__ - INFO - innate_buffer=2000, innate_train_len=2000, innate_val_len=2000
2020-10-05 13:10:01,074 - __main__ - INFO - target_state_list=(6000, 25), target_innate_seq=(6000, 5)
2020-10-05 13:10:42,269 - __main__ - DEBUG - QR 0, Loss=0.004787254664983909
2020-10-05 13:10:42,270 - __main__ - DEBUG - QR 1, Loss=0.002751074260721392
2020-10-05 13:10:42,270 - __main__ - DEBUG - QR 2, Loss=0.003525712575264575
2020-10-05 13:10:42,270 - __main__ - DEBUG - QR 3, Loss=0.0059803411929821165
2020-10-05 13:10:42,270 - __main__ - DEBUG - QR 4, Loss=0.0031720947452592227
2020-10-05 13:10:47,784 - __main__ - DEBUG - QR 0, Loss=0.0047054089981705145
2020-10-05 13:10:47,784 - __main__ - DEBUG - QR 1, Loss=0.0025891495671960182
2020-10-05 13:10:47,785 - __main__ - DEBUG - QR 2, Loss=0.003272974779788158
2020-10-05 13:10:47,785 - __main__ - DEBUG - QR 3, Loss=0.004667270761267311
2020-10-05 13:10:47,785 - __main__ - DEBUG - QR 4, Loss=0.0030348204377850714
2020-10-05 13:10:59,296 - __main__ - INFO - innate_buffer=2000, innate_train_len=2000, innate_val_len=2000
2020-10-05 13:10:59,296 - __main__ - INFO - target_state_list=(6000, 25), target_innate_seq=(6000, 5)
2020-10-05 13:11:05,097 - __main__ - INFO - innate_buffer=2000, innate_train_len=2000, innate_val_len=2000
2020-10-05 13:11:05,097 - __main__ - INFO - target_state_list=(6000, 25), target_innate_seq=(6000, 5)
2020-10-05 13:15:10,154 - __main__ - DEBUG - QR 0, Loss=0.0026441322392667895
2020-10-05 13:15:10,155 - __main__ - DEBUG - QR 1, Loss=0.0043687653809437515
2020-10-05 13:15:10,155 - __main__ - DEBUG - QR 2, Loss=0.006589002032039114
2020-10-05 13:15:10,155 - __main__ - DEBUG - QR 3, Loss=0.003422010606813
2020-10-05 13:15:10,155 - __main__ - DEBUG - QR 4, Loss=0.002782409679344725
2020-10-05 13:15:26,376 - __main__ - INFO - innate_buffer=2000, innate_train_len=2000, innate_val_len=2000
2020-10-05 13:15:26,376 - __main__ - INFO - target_state_list=(6000, 25), target_innate_seq=(6000, 5)
2020-10-05 13:15:42,899 - __main__ - DEBUG - QR 0, Loss=0.002643242933022108
2020-10-05 13:15:42,900 - __main__ - DEBUG - QR 1, Loss=0.005051037448148223
2020-10-05 13:15:42,900 - __main__ - DEBUG - QR 2, Loss=0.004123203617855651
2020-10-05 13:15:42,900 - __main__ - DEBUG - QR 3, Loss=0.002968106731860897
2020-10-05 13:15:42,900 - __main__ - DEBUG - QR 4, Loss=0.0031282447302456487
2020-10-05 13:15:53,193 - __main__ - INFO - innate_buffer=2000, innate_train_len=2000, innate_val_len=2000
2020-10-05 13:15:53,193 - __main__ - INFO - target_state_list=(6000, 25), target_innate_seq=(6000, 5)
2020-10-05 13:16:39,801 - __main__ - DEBUG - QR 0, Loss=0.0026442113420849177
2020-10-05 13:16:39,801 - __main__ - DEBUG - QR 1, Loss=0.0040699200599140254
2020-10-05 13:16:39,801 - __main__ - DEBUG - QR 2, Loss=0.006405904167559087
2020-10-05 13:16:39,802 - __main__ - DEBUG - QR 3, Loss=0.0038251016778330094
2020-10-05 13:16:39,802 - __main__ - DEBUG - QR 4, Loss=0.0026378470837977717
2020-10-05 13:16:56,558 - __main__ - INFO - innate_buffer=2000, innate_train_len=2000, innate_val_len=2000
2020-10-05 13:16:56,559 - __main__ - INFO - target_state_list=(6000, 25), target_innate_seq=(6000, 5)
2020-10-05 13:20:36,083 - __main__ - DEBUG - QR 0, Loss=0.0029210516201709858
2020-10-05 13:20:36,084 - __main__ - DEBUG - QR 1, Loss=0.002634106214049849
2020-10-05 13:20:36,084 - __main__ - DEBUG - QR 2, Loss=0.005305304851234853
2020-10-05 13:20:36,084 - __main__ - DEBUG - QR 3, Loss=0.0034194053515752827
2020-10-05 13:20:36,084 - __main__ - DEBUG - QR 4, Loss=0.0026648538119853123
2020-10-05 13:20:50,503 - __main__ - INFO - innate_buffer=2000, innate_train_len=2000, innate_val_len=2000
2020-10-05 13:20:50,504 - __main__ - INFO - target_state_list=(6000, 25), target_innate_seq=(6000, 5)
2020-10-05 13:21:18,934 - __main__ - DEBUG - QR 0, Loss=0.002949620383530948
2020-10-05 13:21:18,934 - __main__ - DEBUG - QR 1, Loss=0.002636812425692236
2020-10-05 13:21:18,934 - __main__ - DEBUG - QR 2, Loss=0.003719376556008508
2020-10-05 13:21:18,934 - __main__ - DEBUG - QR 3, Loss=0.0033160943660575206
2020-10-05 13:21:18,934 - __main__ - DEBUG - QR 4, Loss=0.0026330310038685956
2020-10-05 13:21:36,188 - __main__ - INFO - innate_buffer=2000, innate_train_len=2000, innate_val_len=2000
2020-10-05 13:21:36,188 - __main__ - INFO - target_state_list=(6000, 25), target_innate_seq=(6000, 5)
2020-10-05 13:22:20,650 - __main__ - DEBUG - QR 0, Loss=0.0040390934468020456
2020-10-05 13:22:20,650 - __main__ - DEBUG - QR 1, Loss=0.0026484579398956556
2020-10-05 13:22:20,650 - __main__ - DEBUG - QR 2, Loss=0.006000864262881236
2020-10-05 13:22:20,651 - __main__ - DEBUG - QR 3, Loss=0.002942057760253534
2020-10-05 13:22:20,651 - __main__ - DEBUG - QR 4, Loss=0.003493086291534387
2020-10-05 13:22:37,375 - __main__ - INFO - innate_buffer=2000, innate_train_len=2000, innate_val_len=2000
2020-10-05 13:22:37,376 - __main__ - INFO - target_state_list=(6000, 25), target_innate_seq=(6000, 5)
2020-10-05 13:25:28,918 - __main__ - DEBUG - QR 0, Loss=0.0026918538710350545
2020-10-05 13:25:28,918 - __main__ - DEBUG - QR 1, Loss=0.0030015127800892337
2020-10-05 13:25:28,918 - __main__ - DEBUG - QR 2, Loss=0.0030876594850339817
2020-10-05 13:25:28,918 - __main__ - DEBUG - QR 3, Loss=0.002856319023193121
2020-10-05 13:25:28,918 - __main__ - DEBUG - QR 4, Loss=0.00448487994119861
2020-10-05 13:25:43,592 - __main__ - INFO - innate_buffer=2000, innate_train_len=2000, innate_val_len=2000
2020-10-05 13:25:43,592 - __main__ - INFO - target_state_list=(6000, 25), target_innate_seq=(6000, 5)
2020-10-05 13:26:43,351 - __main__ - DEBUG - QR 0, Loss=0.002694066740438088
2020-10-05 13:26:43,351 - __main__ - DEBUG - QR 1, Loss=0.0031343924963197103
2020-10-05 13:26:43,351 - __main__ - DEBUG - QR 2, Loss=0.002694581621744178
2020-10-05 13:26:43,352 - __main__ - DEBUG - QR 3, Loss=0.003111742192423299
2020-10-05 13:26:43,352 - __main__ - DEBUG - QR 4, Loss=0.004526490971744762
2020-10-05 13:26:59,693 - __main__ - INFO - innate_buffer=2000, innate_train_len=2000, innate_val_len=2000
2020-10-05 13:26:59,694 - __main__ - INFO - target_state_list=(6000, 25), target_innate_seq=(6000, 5)
2020-10-05 13:28:03,841 - __main__ - DEBUG - QR 0, Loss=0.0026932002135526267
2020-10-05 13:28:03,841 - __main__ - DEBUG - QR 1, Loss=0.0030189749048811997
2020-10-05 13:28:03,841 - __main__ - DEBUG - QR 2, Loss=0.0029142264599378667
2020-10-05 13:28:03,841 - __main__ - DEBUG - QR 3, Loss=0.0030433445492435694
2020-10-05 13:28:03,841 - __main__ - DEBUG - QR 4, Loss=0.0028554148537078767
2020-10-05 13:28:20,792 - __main__ - INFO - innate_buffer=2000, innate_train_len=2000, innate_val_len=2000
2020-10-05 13:28:20,792 - __main__ - INFO - target_state_list=(6000, 25), target_innate_seq=(6000, 5)
2020-10-05 13:30:52,370 - __main__ - DEBUG - QR 0, Loss=0.0027360677996878966
2020-10-05 13:30:52,370 - __main__ - DEBUG - QR 1, Loss=0.0029119445167981035
2020-10-05 13:30:52,370 - __main__ - DEBUG - QR 2, Loss=0.0033821051161300733
2020-10-05 13:30:52,371 - __main__ - DEBUG - QR 3, Loss=0.0025768656996402544
2020-10-05 13:30:52,371 - __main__ - DEBUG - QR 4, Loss=0.002927061271495726
2020-10-05 13:31:09,288 - __main__ - INFO - innate_buffer=2000, innate_train_len=2000, innate_val_len=2000
2020-10-05 13:31:09,288 - __main__ - INFO - target_state_list=(6000, 25), target_innate_seq=(6000, 5)
2020-10-05 13:32:30,066 - __main__ - DEBUG - QR 0, Loss=0.0028694718728418038
2020-10-05 13:32:30,067 - __main__ - DEBUG - QR 1, Loss=0.004395291633837888
2020-10-05 13:32:30,068 - __main__ - DEBUG - QR 2, Loss=0.0028953843195413604
2020-10-05 13:32:30,068 - __main__ - DEBUG - QR 3, Loss=0.002722735969689456
2020-10-05 13:32:30,068 - __main__ - DEBUG - QR 4, Loss=0.003087316958485918
2020-10-05 13:32:46,878 - __main__ - INFO - innate_buffer=2000, innate_train_len=2000, innate_val_len=2000
2020-10-05 13:32:46,878 - __main__ - INFO - target_state_list=(6000, 25), target_innate_seq=(6000, 5)
2020-10-05 13:33:51,728 - __main__ - DEBUG - QR 0, Loss=0.0027354646422557793
2020-10-05 13:33:51,728 - __main__ - DEBUG - QR 1, Loss=0.0032441662621765024
2020-10-05 13:33:51,728 - __main__ - DEBUG - QR 2, Loss=0.0033816874843189
2020-10-05 13:33:51,728 - __main__ - DEBUG - QR 3, Loss=0.00321477670077746
2020-10-05 13:33:51,728 - __main__ - DEBUG - QR 4, Loss=0.0032609264599075486
2020-10-05 13:34:08,443 - __main__ - INFO - innate_buffer=2000, innate_train_len=2000, innate_val_len=2000
2020-10-05 13:34:08,444 - __main__ - INFO - target_state_list=(6000, 25), target_innate_seq=(6000, 5)
2020-10-05 13:36:15,286 - __main__ - DEBUG - QR 0, Loss=0.0030491701882149613
2020-10-05 13:36:15,286 - __main__ - DEBUG - QR 1, Loss=0.0026303402967976577
2020-10-05 13:36:15,286 - __main__ - DEBUG - QR 2, Loss=0.0031832713746445126
2020-10-05 13:36:15,286 - __main__ - DEBUG - QR 3, Loss=0.002612572073026683
2020-10-05 13:36:15,287 - __main__ - DEBUG - QR 4, Loss=0.0033463581760747544
2020-10-05 13:36:30,796 - __main__ - INFO - innate_buffer=2000, innate_train_len=2000, innate_val_len=2000
2020-10-05 13:36:30,796 - __main__ - INFO - target_state_list=(6000, 25), target_innate_seq=(6000, 5)
2020-10-05 13:37:50,270 - __main__ - DEBUG - QR 0, Loss=0.0029653116966849033
2020-10-05 13:37:50,271 - __main__ - DEBUG - QR 1, Loss=0.003887216386540674
2020-10-05 13:37:50,271 - __main__ - DEBUG - QR 2, Loss=0.002686200348110342
2020-10-05 13:37:50,271 - __main__ - DEBUG - QR 3, Loss=0.002599795029482541
2020-10-05 13:37:50,271 - __main__ - DEBUG - QR 4, Loss=0.0026268282430270506
2020-10-05 13:38:07,074 - __main__ - INFO - innate_buffer=2000, innate_train_len=2000, innate_val_len=2000
2020-10-05 13:38:07,074 - __main__ - INFO - target_state_list=(6000, 25), target_innate_seq=(6000, 5)
2020-10-05 13:39:35,626 - __main__ - DEBUG - QR 0, Loss=0.002927828160468186
2020-10-05 13:39:35,627 - __main__ - DEBUG - QR 1, Loss=0.0033075136315536087
2020-10-05 13:39:35,627 - __main__ - DEBUG - QR 2, Loss=0.0032149568097777203
2020-10-05 13:39:35,627 - __main__ - DEBUG - QR 3, Loss=0.002610682479969172
2020-10-05 13:39:35,627 - __main__ - DEBUG - QR 4, Loss=0.003254849183148615
2020-10-05 13:39:45,843 - __main__ - INFO - innate_buffer=2000, innate_train_len=2000, innate_val_len=2000
2020-10-05 13:39:45,843 - __main__ - INFO - target_state_list=(6000, 25), target_innate_seq=(6000, 5)
2020-10-05 13:41:43,076 - __main__ - DEBUG - QR 0, Loss=0.003378860072342098
2020-10-05 13:41:43,076 - __main__ - DEBUG - QR 1, Loss=0.00392358223010193
2020-10-05 13:41:43,076 - __main__ - DEBUG - QR 2, Loss=0.002684717054428242
2020-10-05 13:41:43,076 - __main__ - DEBUG - QR 3, Loss=0.0032955636505241537
2020-10-05 13:41:43,076 - __main__ - DEBUG - QR 4, Loss=0.0027415128019617906
2020-10-05 13:41:59,355 - __main__ - INFO - innate_buffer=2000, innate_train_len=2000, innate_val_len=2000
2020-10-05 13:41:59,355 - __main__ - INFO - target_state_list=(6000, 25), target_innate_seq=(6000, 5)
2020-10-05 13:42:15,816 - __main__ - DEBUG - QR 0, Loss=0.002695468126889686
2020-10-05 13:42:15,816 - __main__ - DEBUG - QR 1, Loss=0.0029873134070467705
2020-10-05 13:42:15,816 - __main__ - DEBUG - QR 2, Loss=0.0026961870951017395
2020-10-05 13:42:15,816 - __main__ - DEBUG - QR 3, Loss=0.005107944595283044
2020-10-05 13:42:15,816 - __main__ - DEBUG - QR 4, Loss=0.0027129155826070795
2020-10-05 13:42:27,171 - __main__ - INFO - innate_buffer=2000, innate_train_len=2000, innate_val_len=2000
2020-10-05 13:42:27,171 - __main__ - INFO - target_state_list=(6000, 25), target_innate_seq=(6000, 5)
2020-10-05 13:44:12,890 - __main__ - DEBUG - QR 0, Loss=0.0031564136066370304
2020-10-05 13:44:12,890 - __main__ - DEBUG - QR 1, Loss=0.0038515073479127478
2020-10-05 13:44:12,890 - __main__ - DEBUG - QR 2, Loss=0.0026809964447987566
2020-10-05 13:44:12,891 - __main__ - DEBUG - QR 3, Loss=0.00413218149473933
2020-10-05 13:44:12,891 - __main__ - DEBUG - QR 4, Loss=0.002761838045980564
2020-10-05 13:44:24,582 - __main__ - INFO - innate_buffer=2000, innate_train_len=2000, innate_val_len=2000
2020-10-05 13:44:24,582 - __main__ - INFO - target_state_list=(6000, 25), target_innate_seq=(6000, 5)
2020-10-05 13:46:03,116 - __main__ - DEBUG - QR 0, Loss=0.002589146816619988
2020-10-05 13:46:03,117 - __main__ - DEBUG - QR 1, Loss=0.0031627989138317495
2020-10-05 13:46:03,117 - __main__ - DEBUG - QR 2, Loss=0.002594338296719606
2020-10-05 13:46:03,117 - __main__ - DEBUG - QR 3, Loss=0.0026360286961853723
2020-10-05 13:46:03,117 - __main__ - DEBUG - QR 4, Loss=0.0028958293250141726
2020-10-05 13:46:03,117 - __main__ - INFO - do_narma=0, Ntrials=10, total loss avg=0.0046768778505409505, std=0.004510813144678183
2020-10-05 13:46:49,627 - __main__ - DEBUG - QR 0, Loss=0.0025935774803078084
2020-10-05 13:46:49,628 - __main__ - DEBUG - QR 1, Loss=0.003149951910634409
2020-10-05 13:46:49,628 - __main__ - DEBUG - QR 2, Loss=0.002648581275904025
2020-10-05 13:46:49,628 - __main__ - DEBUG - QR 3, Loss=0.0028505011707800018
2020-10-05 13:46:49,628 - __main__ - DEBUG - QR 4, Loss=0.008451302521330441
2020-10-05 13:46:49,628 - __main__ - INFO - do_narma=0, Ntrials=10, total loss avg=0.0033869379233765935, std=0.00029119698848712285
2020-10-05 13:47:26,347 - __main__ - DEBUG - QR 0, Loss=0.002833327619049671
2020-10-05 13:47:26,347 - __main__ - DEBUG - QR 1, Loss=0.0031437756877181703
2020-10-05 13:47:26,347 - __main__ - DEBUG - QR 2, Loss=0.0032058197610348744
2020-10-05 13:47:26,348 - __main__ - DEBUG - QR 3, Loss=0.0029035140667294135
2020-10-05 13:47:26,348 - __main__ - DEBUG - QR 4, Loss=0.002582698476764458
2020-10-05 13:47:26,348 - __main__ - INFO - do_narma=0, Ntrials=10, total loss avg=0.003550632564480981, std=0.0005275911857726624
