2020-10-05 14:20:06,233 - __main__ - INFO - n_units=5
2020-10-05 14:20:06,233 - __main__ - INFO - max_energy=1.0
2020-10-05 14:20:06,233 - __main__ - INFO - beta=1e-14
2020-10-05 14:20:06,233 - __main__ - INFO - taudelta=1.0
2020-10-05 14:20:06,233 - __main__ - INFO - V=1
2020-10-05 14:20:06,233 - __main__ - INFO - layers=5
2020-10-05 14:20:06,233 - __main__ - INFO - train_len=2000, val_len=2000, buffer=2000
2020-10-05 14:20:06,234 - __main__ - INFO - alpha=0.5, Ntrials=10
2020-10-05 14:20:06,234 - __main__ - INFO - noise=6.000000000000001e-05, learning rate=0.0,scale_input=0.2
2020-10-05 14:20:06,266 - __main__ - INFO - n_units=5
2020-10-05 14:20:06,266 - __main__ - INFO - max_energy=1.0
2020-10-05 14:20:06,266 - __main__ - INFO - beta=1e-14
2020-10-05 14:20:06,266 - __main__ - INFO - taudelta=2.0
2020-10-05 14:20:06,266 - __main__ - INFO - V=1
2020-10-05 14:20:06,266 - __main__ - INFO - layers=5
2020-10-05 14:20:06,266 - __main__ - INFO - train_len=2000, val_len=2000, buffer=2000
2020-10-05 14:20:06,266 - __main__ - INFO - alpha=0.5, Ntrials=10
2020-10-05 14:20:06,266 - __main__ - INFO - noise=6.000000000000001e-05, learning rate=0.0,scale_input=0.2
2020-10-05 14:20:06,321 - __main__ - INFO - n_units=5
2020-10-05 14:20:06,321 - __main__ - INFO - max_energy=1.0
2020-10-05 14:20:06,322 - __main__ - INFO - beta=1e-14
2020-10-05 14:20:06,322 - __main__ - INFO - taudelta=4.0
2020-10-05 14:20:06,322 - __main__ - INFO - V=1
2020-10-05 14:20:06,322 - __main__ - INFO - layers=5
2020-10-05 14:20:06,322 - __main__ - INFO - train_len=2000, val_len=2000, buffer=2000
2020-10-05 14:20:06,322 - __main__ - INFO - alpha=0.5, Ntrials=10
2020-10-05 14:20:06,322 - __main__ - INFO - noise=6.000000000000001e-05, learning rate=0.0,scale_input=0.2
2020-10-05 14:20:22,932 - __main__ - INFO - innate_buffer=2000, innate_train_len=2000, innate_val_len=2000
2020-10-05 14:20:22,932 - __main__ - INFO - target_state_list=(6000, 25), target_innate_seq=(6000, 5)
2020-10-05 14:20:23,299 - __main__ - INFO - innate_buffer=2000, innate_train_len=2000, innate_val_len=2000
2020-10-05 14:20:23,299 - __main__ - INFO - target_state_list=(6000, 25), target_innate_seq=(6000, 5)
2020-10-05 14:20:23,725 - __main__ - INFO - innate_buffer=2000, innate_train_len=2000, innate_val_len=2000
2020-10-05 14:20:23,725 - __main__ - INFO - target_state_list=(6000, 25), target_innate_seq=(6000, 5)
2020-10-05 14:20:38,683 - __main__ - DEBUG - QR 0, Loss=0.01232264780517959
2020-10-05 14:20:38,684 - __main__ - DEBUG - QR 1, Loss=0.008164022115252677
2020-10-05 14:20:38,684 - __main__ - DEBUG - QR 2, Loss=0.007807659205943117
2020-10-05 14:20:38,684 - __main__ - DEBUG - QR 3, Loss=0.03126378253715363
2020-10-05 14:20:38,684 - __main__ - DEBUG - QR 4, Loss=0.008333473475933119
2020-10-05 14:20:39,604 - __main__ - DEBUG - QR 0, Loss=0.008409379721556275
2020-10-05 14:20:39,604 - __main__ - DEBUG - QR 1, Loss=0.008119737631795531
2020-10-05 14:20:39,605 - __main__ - DEBUG - QR 2, Loss=0.007985088059449892
2020-10-05 14:20:39,605 - __main__ - DEBUG - QR 3, Loss=0.008460004569058021
2020-10-05 14:20:39,605 - __main__ - DEBUG - QR 4, Loss=0.007755206642346987
2020-10-05 14:20:40,350 - __main__ - DEBUG - QR 0, Loss=0.019239338606322133
2020-10-05 14:20:40,350 - __main__ - DEBUG - QR 1, Loss=0.00763507154564185
2020-10-05 14:20:40,350 - __main__ - DEBUG - QR 2, Loss=0.007615374141445732
2020-10-05 14:20:40,350 - __main__ - DEBUG - QR 3, Loss=0.025140825398926564
2020-10-05 14:20:40,351 - __main__ - DEBUG - QR 4, Loss=0.008004603893214482
2020-10-05 14:20:55,709 - __main__ - INFO - innate_buffer=2000, innate_train_len=2000, innate_val_len=2000
2020-10-05 14:20:55,709 - __main__ - INFO - target_state_list=(6000, 25), target_innate_seq=(6000, 5)
2020-10-05 14:20:56,075 - __main__ - INFO - innate_buffer=2000, innate_train_len=2000, innate_val_len=2000
2020-10-05 14:20:56,075 - __main__ - INFO - target_state_list=(6000, 25), target_innate_seq=(6000, 5)
2020-10-05 14:20:58,311 - __main__ - INFO - innate_buffer=2000, innate_train_len=2000, innate_val_len=2000
2020-10-05 14:20:58,311 - __main__ - INFO - target_state_list=(6000, 25), target_innate_seq=(6000, 5)
2020-10-05 14:21:05,842 - __main__ - DEBUG - QR 0, Loss=0.009151976377573314
2020-10-05 14:21:05,843 - __main__ - DEBUG - QR 1, Loss=0.008469286216944023
2020-10-05 14:21:05,843 - __main__ - DEBUG - QR 2, Loss=0.00951754609064588
2020-10-05 14:21:05,843 - __main__ - DEBUG - QR 3, Loss=0.0077000971855236385
2020-10-05 14:21:05,843 - __main__ - DEBUG - QR 4, Loss=0.01049636727952843
2020-10-05 14:21:11,862 - __main__ - DEBUG - QR 0, Loss=0.008581551498973519
2020-10-05 14:21:11,863 - __main__ - DEBUG - QR 1, Loss=0.007770950069279438
2020-10-05 14:21:11,863 - __main__ - DEBUG - QR 2, Loss=0.008749687288248056
2020-10-05 14:21:11,863 - __main__ - DEBUG - QR 3, Loss=0.008320609398822027
2020-10-05 14:21:11,863 - __main__ - DEBUG - QR 4, Loss=0.010354269572316811
2020-10-05 14:21:15,436 - __main__ - DEBUG - QR 0, Loss=0.007750417722310239
2020-10-05 14:21:15,437 - __main__ - DEBUG - QR 1, Loss=0.007833697101225149
2020-10-05 14:21:15,437 - __main__ - DEBUG - QR 2, Loss=0.007940197960356842
2020-10-05 14:21:15,437 - __main__ - DEBUG - QR 3, Loss=0.007670078173102491
2020-10-05 14:21:15,437 - __main__ - DEBUG - QR 4, Loss=0.009175259907797627
2020-10-05 14:21:22,702 - __main__ - INFO - innate_buffer=2000, innate_train_len=2000, innate_val_len=2000
2020-10-05 14:21:22,703 - __main__ - INFO - target_state_list=(6000, 25), target_innate_seq=(6000, 5)
2020-10-05 14:21:29,012 - __main__ - INFO - innate_buffer=2000, innate_train_len=2000, innate_val_len=2000
2020-10-05 14:21:29,012 - __main__ - INFO - target_state_list=(6000, 25), target_innate_seq=(6000, 5)
2020-10-05 14:21:32,495 - __main__ - INFO - innate_buffer=2000, innate_train_len=2000, innate_val_len=2000
2020-10-05 14:21:32,496 - __main__ - INFO - target_state_list=(6000, 25), target_innate_seq=(6000, 5)
2020-10-05 14:21:38,695 - __main__ - DEBUG - QR 0, Loss=0.017598788548799014
2020-10-05 14:21:38,696 - __main__ - DEBUG - QR 1, Loss=0.008101860558939713
2020-10-05 14:21:38,696 - __main__ - DEBUG - QR 2, Loss=0.008721607777361771
2020-10-05 14:21:38,696 - __main__ - DEBUG - QR 3, Loss=0.008084595303028567
2020-10-05 14:21:38,696 - __main__ - DEBUG - QR 4, Loss=0.012882332625149607
2020-10-05 14:21:45,007 - __main__ - DEBUG - QR 0, Loss=0.011931059633625209
2020-10-05 14:21:45,007 - __main__ - DEBUG - QR 1, Loss=0.007786394845854499
2020-10-05 14:21:45,008 - __main__ - DEBUG - QR 2, Loss=0.007857387030067506
2020-10-05 14:21:45,008 - __main__ - DEBUG - QR 3, Loss=0.008109628305120626
2020-10-05 14:21:45,008 - __main__ - DEBUG - QR 4, Loss=0.0081257448886957
2020-10-05 14:21:49,758 - __main__ - DEBUG - QR 0, Loss=0.018306000773426635
2020-10-05 14:21:49,758 - __main__ - DEBUG - QR 1, Loss=0.0077875393324846574
2020-10-05 14:21:49,758 - __main__ - DEBUG - QR 2, Loss=0.01652318153483605
2020-10-05 14:21:49,758 - __main__ - DEBUG - QR 3, Loss=0.00788227137133991
2020-10-05 14:21:49,759 - __main__ - DEBUG - QR 4, Loss=0.012109917320520032
2020-10-05 14:21:54,802 - __main__ - INFO - innate_buffer=2000, innate_train_len=2000, innate_val_len=2000
2020-10-05 14:21:54,802 - __main__ - INFO - target_state_list=(6000, 25), target_innate_seq=(6000, 5)
2020-10-05 14:22:02,191 - __main__ - INFO - innate_buffer=2000, innate_train_len=2000, innate_val_len=2000
2020-10-05 14:22:02,192 - __main__ - INFO - target_state_list=(6000, 25), target_innate_seq=(6000, 5)
2020-10-05 14:22:07,094 - __main__ - INFO - innate_buffer=2000, innate_train_len=2000, innate_val_len=2000
2020-10-05 14:22:07,094 - __main__ - INFO - target_state_list=(6000, 25), target_innate_seq=(6000, 5)
2020-10-05 14:22:10,666 - __main__ - DEBUG - QR 0, Loss=0.007461911122469529
2020-10-05 14:22:10,666 - __main__ - DEBUG - QR 1, Loss=0.02351429377845782
2020-10-05 14:22:10,666 - __main__ - DEBUG - QR 2, Loss=0.01215373291472039
2020-10-05 14:22:10,666 - __main__ - DEBUG - QR 3, Loss=0.008973747351476411
2020-10-05 14:22:10,666 - __main__ - DEBUG - QR 4, Loss=0.007684068977434239
2020-10-05 14:22:18,248 - __main__ - DEBUG - QR 0, Loss=0.007461577878516992
2020-10-05 14:22:18,248 - __main__ - DEBUG - QR 1, Loss=0.013739295867073478
2020-10-05 14:22:18,249 - __main__ - DEBUG - QR 2, Loss=0.008583398875380547
2020-10-05 14:22:18,249 - __main__ - DEBUG - QR 3, Loss=0.007904253998088116
2020-10-05 14:22:18,249 - __main__ - DEBUG - QR 4, Loss=0.0082422311201628
2020-10-05 14:22:23,994 - __main__ - DEBUG - QR 0, Loss=0.0074615288212486475
2020-10-05 14:22:23,995 - __main__ - DEBUG - QR 1, Loss=0.02166284548846722
2020-10-05 14:22:23,995 - __main__ - DEBUG - QR 2, Loss=0.00898783942965404
2020-10-05 14:22:23,995 - __main__ - DEBUG - QR 3, Loss=0.008257604167842172
2020-10-05 14:22:23,995 - __main__ - DEBUG - QR 4, Loss=0.007718740959555063
2020-10-05 14:22:28,502 - __main__ - INFO - innate_buffer=2000, innate_train_len=2000, innate_val_len=2000
2020-10-05 14:22:28,502 - __main__ - INFO - target_state_list=(6000, 25), target_innate_seq=(6000, 5)
2020-10-05 14:22:35,434 - __main__ - INFO - innate_buffer=2000, innate_train_len=2000, innate_val_len=2000
2020-10-05 14:22:35,435 - __main__ - INFO - target_state_list=(6000, 25), target_innate_seq=(6000, 5)
2020-10-05 14:22:41,345 - __main__ - INFO - innate_buffer=2000, innate_train_len=2000, innate_val_len=2000
2020-10-05 14:22:41,345 - __main__ - INFO - target_state_list=(6000, 25), target_innate_seq=(6000, 5)
2020-10-05 14:22:45,258 - __main__ - DEBUG - QR 0, Loss=0.009122793242804267
2020-10-05 14:22:45,258 - __main__ - DEBUG - QR 1, Loss=0.007749771897818776
2020-10-05 14:22:45,258 - __main__ - DEBUG - QR 2, Loss=0.012917953885384121
2020-10-05 14:22:45,259 - __main__ - DEBUG - QR 3, Loss=0.007993480036527351
2020-10-05 14:22:45,259 - __main__ - DEBUG - QR 4, Loss=0.011024998063009583
2020-10-05 14:22:51,525 - __main__ - DEBUG - QR 0, Loss=0.00810041486691505
2020-10-05 14:22:51,526 - __main__ - DEBUG - QR 1, Loss=0.007742176499411843
2020-10-05 14:22:51,526 - __main__ - DEBUG - QR 2, Loss=0.008382361887059297
2020-10-05 14:22:51,526 - __main__ - DEBUG - QR 3, Loss=0.008404601167301786
2020-10-05 14:22:51,526 - __main__ - DEBUG - QR 4, Loss=0.007733172643344566
2020-10-05 14:22:52,307 - __main__ - DEBUG - QR 0, Loss=0.007989390133212104
2020-10-05 14:22:52,307 - __main__ - DEBUG - QR 1, Loss=0.007743726985548528
2020-10-05 14:22:52,308 - __main__ - DEBUG - QR 2, Loss=0.01040475785790873
2020-10-05 14:22:52,308 - __main__ - DEBUG - QR 3, Loss=0.008737117247615375
2020-10-05 14:22:52,308 - __main__ - DEBUG - QR 4, Loss=0.007733165970139089
2020-10-05 14:22:59,163 - __main__ - INFO - innate_buffer=2000, innate_train_len=2000, innate_val_len=2000
2020-10-05 14:22:59,163 - __main__ - INFO - target_state_list=(6000, 25), target_innate_seq=(6000, 5)
2020-10-05 14:23:02,501 - __main__ - INFO - innate_buffer=2000, innate_train_len=2000, innate_val_len=2000
2020-10-05 14:23:02,501 - __main__ - INFO - target_state_list=(6000, 25), target_innate_seq=(6000, 5)
2020-10-05 14:23:08,892 - __main__ - INFO - innate_buffer=2000, innate_train_len=2000, innate_val_len=2000
2020-10-05 14:23:08,892 - __main__ - INFO - target_state_list=(6000, 25), target_innate_seq=(6000, 5)
2020-10-05 14:23:12,341 - __main__ - DEBUG - QR 0, Loss=0.007710524944381074
2020-10-05 14:23:12,341 - __main__ - DEBUG - QR 1, Loss=0.01107159329544178
2020-10-05 14:23:12,341 - __main__ - DEBUG - QR 2, Loss=0.008869610708623802
2020-10-05 14:23:12,342 - __main__ - DEBUG - QR 3, Loss=0.008092119778880255
2020-10-05 14:23:12,342 - __main__ - DEBUG - QR 4, Loss=0.008211308945310304
2020-10-05 14:23:14,565 - __main__ - DEBUG - QR 0, Loss=0.007733566646409597
2020-10-05 14:23:14,565 - __main__ - DEBUG - QR 1, Loss=0.011998182799644902
2020-10-05 14:23:14,565 - __main__ - DEBUG - QR 2, Loss=0.008106605139073093
2020-10-05 14:23:14,565 - __main__ - DEBUG - QR 3, Loss=0.008242665791125892
2020-10-05 14:23:14,565 - __main__ - DEBUG - QR 4, Loss=0.007836106802088273
2020-10-05 14:23:22,556 - __main__ - INFO - innate_buffer=2000, innate_train_len=2000, innate_val_len=2000
2020-10-05 14:23:22,556 - __main__ - INFO - target_state_list=(6000, 25), target_innate_seq=(6000, 5)
2020-10-05 14:23:25,542 - __main__ - DEBUG - QR 0, Loss=0.007694589798516451
2020-10-05 14:23:25,542 - __main__ - DEBUG - QR 1, Loss=0.01052587825256443
2020-10-05 14:23:25,542 - __main__ - DEBUG - QR 2, Loss=0.00781653275949195
2020-10-05 14:23:25,542 - __main__ - DEBUG - QR 3, Loss=0.00801619112166517
2020-10-05 14:23:25,542 - __main__ - DEBUG - QR 4, Loss=0.008221322930515687
2020-10-05 14:23:28,143 - __main__ - INFO - innate_buffer=2000, innate_train_len=2000, innate_val_len=2000
2020-10-05 14:23:28,143 - __main__ - INFO - target_state_list=(6000, 25), target_innate_seq=(6000, 5)
2020-10-05 14:23:32,468 - __main__ - DEBUG - QR 0, Loss=0.007711646673957453
2020-10-05 14:23:32,468 - __main__ - DEBUG - QR 1, Loss=0.007718632338411094
2020-10-05 14:23:32,468 - __main__ - DEBUG - QR 2, Loss=0.008288940766556759
2020-10-05 14:23:32,468 - __main__ - DEBUG - QR 3, Loss=0.007730137365118923
2020-10-05 14:23:32,469 - __main__ - DEBUG - QR 4, Loss=0.00778256228551294
2020-10-05 14:23:41,745 - __main__ - DEBUG - QR 0, Loss=0.00769969450172646
2020-10-05 14:23:41,745 - __main__ - DEBUG - QR 1, Loss=0.00797958813708255
2020-10-05 14:23:41,745 - __main__ - DEBUG - QR 2, Loss=0.008090543840036556
2020-10-05 14:23:41,745 - __main__ - DEBUG - QR 3, Loss=0.007770076225276748
2020-10-05 14:23:41,745 - __main__ - DEBUG - QR 4, Loss=0.008809243083506054
2020-10-05 14:23:42,332 - __main__ - INFO - innate_buffer=2000, innate_train_len=2000, innate_val_len=2000
2020-10-05 14:23:42,332 - __main__ - INFO - target_state_list=(6000, 25), target_innate_seq=(6000, 5)
2020-10-05 14:23:42,679 - __main__ - INFO - innate_buffer=2000, innate_train_len=2000, innate_val_len=2000
2020-10-05 14:23:42,679 - __main__ - INFO - target_state_list=(6000, 25), target_innate_seq=(6000, 5)
2020-10-05 14:23:52,505 - __main__ - DEBUG - QR 0, Loss=0.008619679574381445
2020-10-05 14:23:52,506 - __main__ - DEBUG - QR 1, Loss=0.007777140373984102
2020-10-05 14:23:52,506 - __main__ - DEBUG - QR 2, Loss=0.00829091219519396
2020-10-05 14:23:52,506 - __main__ - DEBUG - QR 3, Loss=0.0076452255932001525
2020-10-05 14:23:52,506 - __main__ - DEBUG - QR 4, Loss=0.009695669950099094
2020-10-05 14:23:58,034 - __main__ - DEBUG - QR 0, Loss=0.00768659171145032
2020-10-05 14:23:58,034 - __main__ - DEBUG - QR 1, Loss=0.007976880357492113
2020-10-05 14:23:58,035 - __main__ - DEBUG - QR 2, Loss=0.007345283801605549
2020-10-05 14:23:58,035 - __main__ - DEBUG - QR 3, Loss=0.0077394902442919425
2020-10-05 14:23:58,035 - __main__ - DEBUG - QR 4, Loss=0.00792191993720261
2020-10-05 14:23:58,772 - __main__ - INFO - innate_buffer=2000, innate_train_len=2000, innate_val_len=2000
2020-10-05 14:23:58,772 - __main__ - INFO - target_state_list=(6000, 25), target_innate_seq=(6000, 5)
2020-10-05 14:24:02,736 - __main__ - INFO - innate_buffer=2000, innate_train_len=2000, innate_val_len=2000
2020-10-05 14:24:02,737 - __main__ - INFO - target_state_list=(6000, 25), target_innate_seq=(6000, 5)
2020-10-05 14:24:12,496 - __main__ - DEBUG - QR 0, Loss=0.009094335074137792
2020-10-05 14:24:12,496 - __main__ - DEBUG - QR 1, Loss=0.00932941285126998
2020-10-05 14:24:12,497 - __main__ - DEBUG - QR 2, Loss=0.007911931607106506
2020-10-05 14:24:12,497 - __main__ - DEBUG - QR 3, Loss=0.008296797802355161
2020-10-05 14:24:12,497 - __main__ - DEBUG - QR 4, Loss=0.007737786007643906
2020-10-05 14:24:14,609 - __main__ - DEBUG - QR 0, Loss=0.00805602770941723
2020-10-05 14:24:14,609 - __main__ - DEBUG - QR 1, Loss=0.008393214779736964
2020-10-05 14:24:14,610 - __main__ - DEBUG - QR 2, Loss=0.008563219983060815
2020-10-05 14:24:14,610 - __main__ - DEBUG - QR 3, Loss=0.007625111609661819
2020-10-05 14:24:14,610 - __main__ - DEBUG - QR 4, Loss=0.008760304232340681
2020-10-05 14:24:14,785 - __main__ - INFO - innate_buffer=2000, innate_train_len=2000, innate_val_len=2000
2020-10-05 14:24:14,785 - __main__ - INFO - target_state_list=(6000, 25), target_innate_seq=(6000, 5)
2020-10-05 14:24:22,650 - __main__ - INFO - innate_buffer=2000, innate_train_len=2000, innate_val_len=2000
2020-10-05 14:24:22,651 - __main__ - INFO - target_state_list=(6000, 25), target_innate_seq=(6000, 5)
2020-10-05 14:24:30,459 - __main__ - DEBUG - QR 0, Loss=0.008210973025913901
2020-10-05 14:24:30,459 - __main__ - DEBUG - QR 1, Loss=0.00804361812671201
2020-10-05 14:24:30,459 - __main__ - DEBUG - QR 2, Loss=0.007627394038718186
2020-10-05 14:24:30,460 - __main__ - DEBUG - QR 3, Loss=0.007601651158718828
2020-10-05 14:24:30,460 - __main__ - DEBUG - QR 4, Loss=0.008020067701235653
2020-10-05 14:24:30,991 - __main__ - INFO - innate_buffer=2000, innate_train_len=2000, innate_val_len=2000
2020-10-05 14:24:30,992 - __main__ - INFO - target_state_list=(6000, 25), target_innate_seq=(6000, 5)
2020-10-05 14:24:32,374 - __main__ - DEBUG - QR 0, Loss=0.007861976387456424
2020-10-05 14:24:32,374 - __main__ - DEBUG - QR 1, Loss=0.00855843449444722
2020-10-05 14:24:32,374 - __main__ - DEBUG - QR 2, Loss=0.007891346316759574
2020-10-05 14:24:32,374 - __main__ - DEBUG - QR 3, Loss=0.007908649190719262
2020-10-05 14:24:32,375 - __main__ - DEBUG - QR 4, Loss=0.007884514927551812
2020-10-05 14:24:32,375 - __main__ - INFO - do_narma=0, Ntrials=10, total loss avg=0.009500027625852843, std=0.00194293743152312
2020-10-05 14:24:43,716 - __main__ - DEBUG - QR 0, Loss=0.008287586353500654
2020-10-05 14:24:43,716 - __main__ - DEBUG - QR 1, Loss=0.009106620965533954
2020-10-05 14:24:43,716 - __main__ - DEBUG - QR 2, Loss=0.007911081360505827
2020-10-05 14:24:43,717 - __main__ - DEBUG - QR 3, Loss=0.009252224613565493
2020-10-05 14:24:43,717 - __main__ - DEBUG - QR 4, Loss=0.007744163763799534
2020-10-05 14:24:46,923 - __main__ - INFO - innate_buffer=2000, innate_train_len=2000, innate_val_len=2000
2020-10-05 14:24:46,923 - __main__ - INFO - target_state_list=(6000, 25), target_innate_seq=(6000, 5)
2020-10-05 14:24:59,606 - __main__ - INFO - innate_buffer=2000, innate_train_len=2000, innate_val_len=2000
2020-10-05 14:24:59,606 - __main__ - INFO - target_state_list=(6000, 25), target_innate_seq=(6000, 5)
2020-10-05 14:25:00,668 - __main__ - DEBUG - QR 0, Loss=0.007776084118197148
2020-10-05 14:25:00,668 - __main__ - DEBUG - QR 1, Loss=0.007932548565212362
2020-10-05 14:25:00,668 - __main__ - DEBUG - QR 2, Loss=0.00792132933353069
2020-10-05 14:25:00,668 - __main__ - DEBUG - QR 3, Loss=0.01683544949353562
2020-10-05 14:25:00,668 - __main__ - DEBUG - QR 4, Loss=0.007751569807423143
2020-10-05 14:25:09,736 - __main__ - INFO - innate_buffer=2000, innate_train_len=2000, innate_val_len=2000
2020-10-05 14:25:09,736 - __main__ - INFO - target_state_list=(6000, 25), target_innate_seq=(6000, 5)
2020-10-05 14:25:10,122 - __main__ - DEBUG - QR 0, Loss=0.007915773887515276
2020-10-05 14:25:10,122 - __main__ - DEBUG - QR 1, Loss=0.009995012023562417
2020-10-05 14:25:10,122 - __main__ - DEBUG - QR 2, Loss=0.007990166830968287
2020-10-05 14:25:10,122 - __main__ - DEBUG - QR 3, Loss=0.008672595135392074
2020-10-05 14:25:10,123 - __main__ - DEBUG - QR 4, Loss=0.007522696613405896
2020-10-05 14:25:10,123 - __main__ - INFO - do_narma=0, Ntrials=10, total loss avg=0.009745497344019912, std=0.0017638683402998877
2020-10-05 14:25:17,350 - __main__ - DEBUG - QR 0, Loss=0.007864922957533015
2020-10-05 14:25:17,350 - __main__ - DEBUG - QR 1, Loss=0.0082896496616558
2020-10-05 14:25:17,350 - __main__ - DEBUG - QR 2, Loss=0.007895267804303168
2020-10-05 14:25:17,350 - __main__ - DEBUG - QR 3, Loss=0.008153552889300208
2020-10-05 14:25:17,350 - __main__ - DEBUG - QR 4, Loss=0.008269968033273673
2020-10-05 14:25:17,351 - __main__ - INFO - do_narma=0, Ntrials=10, total loss avg=0.008474978231770486, std=0.0005767198383746907
