2020-10-05 14:20:06,234 - __main__ - INFO - n_units=5
2020-10-05 14:20:06,235 - __main__ - INFO - max_energy=1.0
2020-10-05 14:20:06,235 - __main__ - INFO - beta=1e-14
2020-10-05 14:20:06,235 - __main__ - INFO - taudelta=1.0
2020-10-05 14:20:06,235 - __main__ - INFO - V=1
2020-10-05 14:20:06,235 - __main__ - INFO - layers=5
2020-10-05 14:20:06,235 - __main__ - INFO - train_len=2000, val_len=2000, buffer=2000
2020-10-05 14:20:06,235 - __main__ - INFO - alpha=0.5, Ntrials=10
2020-10-05 14:20:06,235 - __main__ - INFO - noise=8e-05, learning rate=0.0,scale_input=0.2
2020-10-05 14:20:06,268 - __main__ - INFO - n_units=5
2020-10-05 14:20:06,268 - __main__ - INFO - max_energy=1.0
2020-10-05 14:20:06,268 - __main__ - INFO - beta=1e-14
2020-10-05 14:20:06,268 - __main__ - INFO - taudelta=2.0
2020-10-05 14:20:06,268 - __main__ - INFO - V=1
2020-10-05 14:20:06,268 - __main__ - INFO - layers=5
2020-10-05 14:20:06,269 - __main__ - INFO - train_len=2000, val_len=2000, buffer=2000
2020-10-05 14:20:06,269 - __main__ - INFO - alpha=0.5, Ntrials=10
2020-10-05 14:20:06,269 - __main__ - INFO - noise=8e-05, learning rate=0.0,scale_input=0.2
2020-10-05 14:20:06,324 - __main__ - INFO - n_units=5
2020-10-05 14:20:06,325 - __main__ - INFO - max_energy=1.0
2020-10-05 14:20:06,325 - __main__ - INFO - beta=1e-14
2020-10-05 14:20:06,325 - __main__ - INFO - taudelta=4.0
2020-10-05 14:20:06,325 - __main__ - INFO - V=1
2020-10-05 14:20:06,325 - __main__ - INFO - layers=5
2020-10-05 14:20:06,325 - __main__ - INFO - train_len=2000, val_len=2000, buffer=2000
2020-10-05 14:20:06,325 - __main__ - INFO - alpha=0.5, Ntrials=10
2020-10-05 14:20:06,325 - __main__ - INFO - noise=8e-05, learning rate=0.0,scale_input=0.2
2020-10-05 14:20:18,254 - __main__ - INFO - innate_buffer=2000, innate_train_len=2000, innate_val_len=2000
2020-10-05 14:20:18,254 - __main__ - INFO - target_state_list=(6000, 25), target_innate_seq=(6000, 5)
2020-10-05 14:20:23,280 - __main__ - INFO - innate_buffer=2000, innate_train_len=2000, innate_val_len=2000
2020-10-05 14:20:23,280 - __main__ - INFO - target_state_list=(6000, 25), target_innate_seq=(6000, 5)
2020-10-05 14:20:23,461 - __main__ - INFO - innate_buffer=2000, innate_train_len=2000, innate_val_len=2000
2020-10-05 14:20:23,462 - __main__ - INFO - target_state_list=(6000, 25), target_innate_seq=(6000, 5)
2020-10-05 14:20:28,784 - __main__ - DEBUG - QR 0, Loss=0.01979495622113673
2020-10-05 14:20:28,784 - __main__ - DEBUG - QR 1, Loss=0.008815130111337362
2020-10-05 14:20:28,784 - __main__ - DEBUG - QR 2, Loss=0.008775262996440807
2020-10-05 14:20:28,784 - __main__ - DEBUG - QR 3, Loss=0.025550725285911277
2020-10-05 14:20:28,784 - __main__ - DEBUG - QR 4, Loss=0.009166624119605206
2020-10-05 14:20:39,625 - __main__ - DEBUG - QR 0, Loss=0.013118650999587004
2020-10-05 14:20:39,625 - __main__ - DEBUG - QR 1, Loss=0.009290639648601627
2020-10-05 14:20:39,626 - __main__ - DEBUG - QR 2, Loss=0.008942044175988694
2020-10-05 14:20:39,626 - __main__ - DEBUG - QR 3, Loss=0.0315981930035431
2020-10-05 14:20:39,626 - __main__ - DEBUG - QR 4, Loss=0.009452329812714707
2020-10-05 14:20:40,605 - __main__ - DEBUG - QR 0, Loss=0.009555250474107421
2020-10-05 14:20:40,606 - __main__ - DEBUG - QR 1, Loss=0.009251000791525117
2020-10-05 14:20:40,606 - __main__ - DEBUG - QR 2, Loss=0.009097793142889648
2020-10-05 14:20:40,606 - __main__ - DEBUG - QR 3, Loss=0.009557651846015609
2020-10-05 14:20:40,606 - __main__ - DEBUG - QR 4, Loss=0.008953678028744066
2020-10-05 14:20:45,048 - __main__ - INFO - innate_buffer=2000, innate_train_len=2000, innate_val_len=2000
2020-10-05 14:20:45,048 - __main__ - INFO - target_state_list=(6000, 25), target_innate_seq=(6000, 5)
2020-10-05 14:20:53,978 - __main__ - INFO - innate_buffer=2000, innate_train_len=2000, innate_val_len=2000
2020-10-05 14:20:53,978 - __main__ - INFO - target_state_list=(6000, 25), target_innate_seq=(6000, 5)
2020-10-05 14:20:58,204 - __main__ - INFO - innate_buffer=2000, innate_train_len=2000, innate_val_len=2000
2020-10-05 14:20:58,204 - __main__ - INFO - target_state_list=(6000, 25), target_innate_seq=(6000, 5)
2020-10-05 14:21:00,436 - __main__ - DEBUG - QR 0, Loss=0.008947367820284538
2020-10-05 14:21:00,436 - __main__ - DEBUG - QR 1, Loss=0.009033469415504146
2020-10-05 14:21:00,436 - __main__ - DEBUG - QR 2, Loss=0.009114062478942773
2020-10-05 14:21:00,436 - __main__ - DEBUG - QR 3, Loss=0.008856716690853384
2020-10-05 14:21:00,436 - __main__ - DEBUG - QR 4, Loss=0.010200000571323652
2020-10-05 14:21:09,202 - __main__ - DEBUG - QR 0, Loss=0.010183837309291129
2020-10-05 14:21:09,202 - __main__ - DEBUG - QR 1, Loss=0.009604583441215763
2020-10-05 14:21:09,202 - __main__ - DEBUG - QR 2, Loss=0.010522573723833412
2020-10-05 14:21:09,203 - __main__ - DEBUG - QR 3, Loss=0.008875833464212474
2020-10-05 14:21:09,203 - __main__ - DEBUG - QR 4, Loss=0.011406297386700577
2020-10-05 14:21:15,600 - __main__ - DEBUG - QR 0, Loss=0.009677596482020866
2020-10-05 14:21:15,600 - __main__ - DEBUG - QR 1, Loss=0.008971445826518829
2020-10-05 14:21:15,600 - __main__ - DEBUG - QR 2, Loss=0.009831505940263477
2020-10-05 14:21:15,601 - __main__ - DEBUG - QR 3, Loss=0.009442337486737054
2020-10-05 14:21:15,601 - __main__ - DEBUG - QR 4, Loss=0.011276206689927761
2020-10-05 14:21:17,231 - __main__ - INFO - innate_buffer=2000, innate_train_len=2000, innate_val_len=2000
2020-10-05 14:21:17,231 - __main__ - INFO - target_state_list=(6000, 25), target_innate_seq=(6000, 5)
2020-10-05 14:21:24,323 - __main__ - INFO - innate_buffer=2000, innate_train_len=2000, innate_val_len=2000
2020-10-05 14:21:24,323 - __main__ - INFO - target_state_list=(6000, 25), target_innate_seq=(6000, 5)
2020-10-05 14:21:32,440 - __main__ - INFO - innate_buffer=2000, innate_train_len=2000, innate_val_len=2000
2020-10-05 14:21:32,440 - __main__ - INFO - target_state_list=(6000, 25), target_innate_seq=(6000, 5)
2020-10-05 14:21:33,273 - __main__ - DEBUG - QR 0, Loss=0.018853671573737484
2020-10-05 14:21:33,273 - __main__ - DEBUG - QR 1, Loss=0.008992100342496544
2020-10-05 14:21:33,273 - __main__ - DEBUG - QR 2, Loss=0.017107840941688972
2020-10-05 14:21:33,273 - __main__ - DEBUG - QR 3, Loss=0.00910167369435394
2020-10-05 14:21:33,274 - __main__ - DEBUG - QR 4, Loss=0.012925263260486548
2020-10-05 14:21:37,652 - __main__ - DEBUG - QR 0, Loss=0.018167734270649587
2020-10-05 14:21:37,652 - __main__ - DEBUG - QR 1, Loss=0.00926399146358309
2020-10-05 14:21:37,652 - __main__ - DEBUG - QR 2, Loss=0.009791785396079868
2020-10-05 14:21:37,652 - __main__ - DEBUG - QR 3, Loss=0.00928080873844843
2020-10-05 14:21:37,652 - __main__ - DEBUG - QR 4, Loss=0.013653130676369397
2020-10-05 14:21:49,389 - __main__ - DEBUG - QR 0, Loss=0.01274354056903134
2020-10-05 14:21:49,389 - __main__ - DEBUG - QR 1, Loss=0.008990673159458628
2020-10-05 14:21:49,389 - __main__ - DEBUG - QR 2, Loss=0.009034512403370477
2020-10-05 14:21:49,389 - __main__ - DEBUG - QR 3, Loss=0.00930192503204176
2020-10-05 14:21:49,389 - __main__ - DEBUG - QR 4, Loss=0.009285144208644415
2020-10-05 14:21:50,572 - __main__ - INFO - innate_buffer=2000, innate_train_len=2000, innate_val_len=2000
2020-10-05 14:21:50,572 - __main__ - INFO - target_state_list=(6000, 25), target_innate_seq=(6000, 5)
2020-10-05 14:21:52,420 - __main__ - INFO - innate_buffer=2000, innate_train_len=2000, innate_val_len=2000
2020-10-05 14:21:52,420 - __main__ - INFO - target_state_list=(6000, 25), target_innate_seq=(6000, 5)
2020-10-05 14:22:06,739 - __main__ - INFO - innate_buffer=2000, innate_train_len=2000, innate_val_len=2000
2020-10-05 14:22:06,739 - __main__ - INFO - target_state_list=(6000, 25), target_innate_seq=(6000, 5)
2020-10-05 14:22:06,773 - __main__ - DEBUG - QR 0, Loss=0.008615795014282905
2020-10-05 14:22:06,773 - __main__ - DEBUG - QR 1, Loss=0.02215849230784768
2020-10-05 14:22:06,774 - __main__ - DEBUG - QR 2, Loss=0.010017993874956936
2020-10-05 14:22:06,774 - __main__ - DEBUG - QR 3, Loss=0.009403300014485612
2020-10-05 14:22:06,774 - __main__ - DEBUG - QR 4, Loss=0.008900620043432929
2020-10-05 14:22:09,194 - __main__ - DEBUG - QR 0, Loss=0.00861618225996002
2020-10-05 14:22:09,194 - __main__ - DEBUG - QR 1, Loss=0.023972634076351224
2020-10-05 14:22:09,194 - __main__ - DEBUG - QR 2, Loss=0.01294463738046001
2020-10-05 14:22:09,194 - __main__ - DEBUG - QR 3, Loss=0.010037158345217498
2020-10-05 14:22:09,194 - __main__ - DEBUG - QR 4, Loss=0.00886977170897517
2020-10-05 14:22:22,539 - __main__ - DEBUG - QR 0, Loss=0.008615889038760352
2020-10-05 14:22:22,539 - __main__ - DEBUG - QR 1, Loss=0.014483833187508486
2020-10-05 14:22:22,539 - __main__ - DEBUG - QR 2, Loss=0.009664962194644418
2020-10-05 14:22:22,539 - __main__ - DEBUG - QR 3, Loss=0.009095154539550277
2020-10-05 14:22:22,540 - __main__ - DEBUG - QR 4, Loss=0.009356042438420833
2020-10-05 14:22:24,203 - __main__ - INFO - innate_buffer=2000, innate_train_len=2000, innate_val_len=2000
2020-10-05 14:22:24,203 - __main__ - INFO - target_state_list=(6000, 25), target_innate_seq=(6000, 5)
2020-10-05 14:22:25,921 - __main__ - INFO - innate_buffer=2000, innate_train_len=2000, innate_val_len=2000
2020-10-05 14:22:25,922 - __main__ - INFO - target_state_list=(6000, 25), target_innate_seq=(6000, 5)
2020-10-05 14:22:38,566 - __main__ - INFO - innate_buffer=2000, innate_train_len=2000, innate_val_len=2000
2020-10-05 14:22:38,566 - __main__ - INFO - target_state_list=(6000, 25), target_innate_seq=(6000, 5)
2020-10-05 14:22:40,150 - __main__ - DEBUG - QR 0, Loss=0.009202957229714894
2020-10-05 14:22:40,150 - __main__ - DEBUG - QR 1, Loss=0.008941721699918859
2020-10-05 14:22:40,150 - __main__ - DEBUG - QR 2, Loss=0.011329904580367447
2020-10-05 14:22:40,150 - __main__ - DEBUG - QR 3, Loss=0.009840963923172345
2020-10-05 14:22:40,150 - __main__ - DEBUG - QR 4, Loss=0.008925783478333118
2020-10-05 14:22:43,025 - __main__ - DEBUG - QR 0, Loss=0.010209289029959398
2020-10-05 14:22:43,025 - __main__ - DEBUG - QR 1, Loss=0.00894717050362812
2020-10-05 14:22:43,025 - __main__ - DEBUG - QR 2, Loss=0.01367653732652786
2020-10-05 14:22:43,025 - __main__ - DEBUG - QR 3, Loss=0.00918639363617083
2020-10-05 14:22:43,026 - __main__ - DEBUG - QR 4, Loss=0.011906709152404422
2020-10-05 14:22:54,867 - __main__ - DEBUG - QR 0, Loss=0.009302690961031864
2020-10-05 14:22:54,867 - __main__ - DEBUG - QR 1, Loss=0.008940006866231963
2020-10-05 14:22:54,867 - __main__ - DEBUG - QR 2, Loss=0.009504408655265145
2020-10-05 14:22:54,867 - __main__ - DEBUG - QR 3, Loss=0.0095469525409301
2020-10-05 14:22:54,867 - __main__ - DEBUG - QR 4, Loss=0.008927689990071968
2020-10-05 14:22:57,181 - __main__ - INFO - innate_buffer=2000, innate_train_len=2000, innate_val_len=2000
2020-10-05 14:22:57,181 - __main__ - INFO - target_state_list=(6000, 25), target_innate_seq=(6000, 5)
2020-10-05 14:22:58,536 - __main__ - INFO - innate_buffer=2000, innate_train_len=2000, innate_val_len=2000
2020-10-05 14:22:58,537 - __main__ - INFO - target_state_list=(6000, 25), target_innate_seq=(6000, 5)
2020-10-05 14:23:12,877 - __main__ - INFO - innate_buffer=2000, innate_train_len=2000, innate_val_len=2000
2020-10-05 14:23:12,878 - __main__ - INFO - target_state_list=(6000, 25), target_innate_seq=(6000, 5)
2020-10-05 14:23:13,493 - __main__ - DEBUG - QR 0, Loss=0.008896831554937082
2020-10-05 14:23:13,493 - __main__ - DEBUG - QR 1, Loss=0.011949723590012258
2020-10-05 14:23:13,494 - __main__ - DEBUG - QR 2, Loss=0.009933503711438491
2020-10-05 14:23:13,494 - __main__ - DEBUG - QR 3, Loss=0.009307539802207564
2020-10-05 14:23:13,494 - __main__ - DEBUG - QR 4, Loss=0.009356518827077784
2020-10-05 14:23:15,207 - __main__ - DEBUG - QR 0, Loss=0.00891684802081658
2020-10-05 14:23:15,207 - __main__ - DEBUG - QR 1, Loss=0.012814671618043104
2020-10-05 14:23:15,208 - __main__ - DEBUG - QR 2, Loss=0.009257267837226607
2020-10-05 14:23:15,208 - __main__ - DEBUG - QR 3, Loss=0.009441687595481084
2020-10-05 14:23:15,208 - __main__ - DEBUG - QR 4, Loss=0.009032367534255962
2020-10-05 14:23:28,470 - __main__ - DEBUG - QR 0, Loss=0.008884365382606126
2020-10-05 14:23:28,470 - __main__ - DEBUG - QR 1, Loss=0.011444816629900247
2020-10-05 14:23:28,470 - __main__ - DEBUG - QR 2, Loss=0.00900312539675304
2020-10-05 14:23:28,470 - __main__ - DEBUG - QR 3, Loss=0.009229606166149333
2020-10-05 14:23:28,470 - __main__ - DEBUG - QR 4, Loss=0.009365100095275102
2020-10-05 14:23:30,145 - __main__ - INFO - innate_buffer=2000, innate_train_len=2000, innate_val_len=2000
2020-10-05 14:23:30,145 - __main__ - INFO - target_state_list=(6000, 25), target_innate_seq=(6000, 5)
2020-10-05 14:23:32,003 - __main__ - INFO - innate_buffer=2000, innate_train_len=2000, innate_val_len=2000
2020-10-05 14:23:32,004 - __main__ - INFO - target_state_list=(6000, 25), target_innate_seq=(6000, 5)
2020-10-05 14:23:44,985 - __main__ - INFO - innate_buffer=2000, innate_train_len=2000, innate_val_len=2000
2020-10-05 14:23:44,986 - __main__ - INFO - target_state_list=(6000, 25), target_innate_seq=(6000, 5)
2020-10-05 14:23:46,981 - __main__ - DEBUG - QR 0, Loss=0.008900676158987118
2020-10-05 14:23:46,981 - __main__ - DEBUG - QR 1, Loss=0.008889555873115696
2020-10-05 14:23:46,981 - __main__ - DEBUG - QR 2, Loss=0.009308192055735545
2020-10-05 14:23:46,981 - __main__ - DEBUG - QR 3, Loss=0.008925960428276617
2020-10-05 14:23:46,982 - __main__ - DEBUG - QR 4, Loss=0.008954178796218024
2020-10-05 14:23:47,210 - __main__ - DEBUG - QR 0, Loss=0.008889126135898286
2020-10-05 14:23:47,211 - __main__ - DEBUG - QR 1, Loss=0.009117739287571654
2020-10-05 14:23:47,211 - __main__ - DEBUG - QR 2, Loss=0.009131258437894191
2020-10-05 14:23:47,211 - __main__ - DEBUG - QR 3, Loss=0.0089601851334399
2020-10-05 14:23:47,211 - __main__ - DEBUG - QR 4, Loss=0.00985225610688567
2020-10-05 14:24:01,462 - __main__ - DEBUG - QR 0, Loss=0.008873891427795818
2020-10-05 14:24:01,462 - __main__ - DEBUG - QR 1, Loss=0.009112588155222093
2020-10-05 14:24:01,462 - __main__ - DEBUG - QR 2, Loss=0.008466984242171387
2020-10-05 14:24:01,462 - __main__ - DEBUG - QR 3, Loss=0.008933554712750076
2020-10-05 14:24:01,462 - __main__ - DEBUG - QR 4, Loss=0.009073621177429698
2020-10-05 14:24:02,264 - __main__ - INFO - innate_buffer=2000, innate_train_len=2000, innate_val_len=2000
2020-10-05 14:24:02,265 - __main__ - INFO - target_state_list=(6000, 25), target_innate_seq=(6000, 5)
2020-10-05 14:24:03,575 - __main__ - INFO - innate_buffer=2000, innate_train_len=2000, innate_val_len=2000
2020-10-05 14:24:03,576 - __main__ - INFO - target_state_list=(6000, 25), target_innate_seq=(6000, 5)
2020-10-05 14:24:16,699 - __main__ - DEBUG - QR 0, Loss=0.009217271776330478
2020-10-05 14:24:16,699 - __main__ - DEBUG - QR 1, Loss=0.009516693545817892
2020-10-05 14:24:16,699 - __main__ - DEBUG - QR 2, Loss=0.009629817640297184
2020-10-05 14:24:16,700 - __main__ - DEBUG - QR 3, Loss=0.008795058502354122
2020-10-05 14:24:16,700 - __main__ - DEBUG - QR 4, Loss=0.009897482430469347
2020-10-05 14:24:19,278 - __main__ - INFO - innate_buffer=2000, innate_train_len=2000, innate_val_len=2000
2020-10-05 14:24:19,278 - __main__ - INFO - target_state_list=(6000, 25), target_innate_seq=(6000, 5)
2020-10-05 14:24:20,023 - __main__ - DEBUG - QR 0, Loss=0.009713166983270344
2020-10-05 14:24:20,023 - __main__ - DEBUG - QR 1, Loss=0.008976787959404202
2020-10-05 14:24:20,023 - __main__ - DEBUG - QR 2, Loss=0.009388115241843112
2020-10-05 14:24:20,023 - __main__ - DEBUG - QR 3, Loss=0.008811451750822994
2020-10-05 14:24:20,024 - __main__ - DEBUG - QR 4, Loss=0.01072850422334754
2020-10-05 14:24:28,872 - __main__ - INFO - innate_buffer=2000, innate_train_len=2000, innate_val_len=2000
2020-10-05 14:24:28,873 - __main__ - INFO - target_state_list=(6000, 25), target_innate_seq=(6000, 5)
2020-10-05 14:24:35,562 - __main__ - DEBUG - QR 0, Loss=0.009352917332591951
2020-10-05 14:24:35,562 - __main__ - DEBUG - QR 1, Loss=0.009207280140137959
2020-10-05 14:24:35,562 - __main__ - DEBUG - QR 2, Loss=0.008807464423944249
2020-10-05 14:24:35,563 - __main__ - DEBUG - QR 3, Loss=0.008776252183705877
2020-10-05 14:24:35,563 - __main__ - DEBUG - QR 4, Loss=0.009260907649330795
2020-10-05 14:24:37,068 - __main__ - INFO - innate_buffer=2000, innate_train_len=2000, innate_val_len=2000
2020-10-05 14:24:37,069 - __main__ - INFO - target_state_list=(6000, 25), target_innate_seq=(6000, 5)
2020-10-05 14:24:45,347 - __main__ - DEBUG - QR 0, Loss=0.009434981219593533
2020-10-05 14:24:45,347 - __main__ - DEBUG - QR 1, Loss=0.010137423408880774
2020-10-05 14:24:45,348 - __main__ - DEBUG - QR 2, Loss=0.009135024119435566
2020-10-05 14:24:45,348 - __main__ - DEBUG - QR 3, Loss=0.010278702306828163
2020-10-05 14:24:45,348 - __main__ - DEBUG - QR 4, Loss=0.008937748191406306
2020-10-05 14:24:46,855 - __main__ - DEBUG - QR 0, Loss=0.010156854190713526
2020-10-05 14:24:46,855 - __main__ - DEBUG - QR 1, Loss=0.010337644029950056
2020-10-05 14:24:46,855 - __main__ - DEBUG - QR 2, Loss=0.009135580831783447
2020-10-05 14:24:46,855 - __main__ - DEBUG - QR 3, Loss=0.009452563596114244
2020-10-05 14:24:46,855 - __main__ - DEBUG - QR 4, Loss=0.008933543831212835
2020-10-05 14:24:52,082 - __main__ - INFO - innate_buffer=2000, innate_train_len=2000, innate_val_len=2000
2020-10-05 14:24:52,082 - __main__ - INFO - target_state_list=(6000, 25), target_innate_seq=(6000, 5)
2020-10-05 14:24:56,629 - __main__ - INFO - innate_buffer=2000, innate_train_len=2000, innate_val_len=2000
2020-10-05 14:24:56,629 - __main__ - INFO - target_state_list=(6000, 25), target_innate_seq=(6000, 5)
2020-10-05 14:24:58,930 - __main__ - INFO - innate_buffer=2000, innate_train_len=2000, innate_val_len=2000
2020-10-05 14:24:58,930 - __main__ - INFO - target_state_list=(6000, 25), target_innate_seq=(6000, 5)
2020-10-05 14:25:05,672 - __main__ - DEBUG - QR 0, Loss=0.009078243513217961
2020-10-05 14:25:05,672 - __main__ - DEBUG - QR 1, Loss=0.009690081529988705
2020-10-05 14:25:05,672 - __main__ - DEBUG - QR 2, Loss=0.009111764350292893
2020-10-05 14:25:05,672 - __main__ - DEBUG - QR 3, Loss=0.009129538629950125
2020-10-05 14:25:05,672 - __main__ - DEBUG - QR 4, Loss=0.009000950523697955
2020-10-05 14:25:05,672 - __main__ - INFO - do_narma=0, Ntrials=10, total loss avg=0.010572797393484643, std=0.0018401485012792599
2020-10-05 14:25:06,878 - __main__ - DEBUG - QR 0, Loss=0.008978946558950374
2020-10-05 14:25:06,878 - __main__ - DEBUG - QR 1, Loss=0.009112562956500448
2020-10-05 14:25:06,879 - __main__ - DEBUG - QR 2, Loss=0.009144570809816108
2020-10-05 14:25:06,879 - __main__ - DEBUG - QR 3, Loss=0.017480709223443833
2020-10-05 14:25:06,879 - __main__ - DEBUG - QR 4, Loss=0.008949707511039365
2020-10-05 14:25:07,923 - __main__ - DEBUG - QR 0, Loss=0.009125075838366347
2020-10-05 14:25:07,923 - __main__ - DEBUG - QR 1, Loss=0.010983308092452043
2020-10-05 14:25:07,923 - __main__ - DEBUG - QR 2, Loss=0.009194610816557057
2020-10-05 14:25:07,923 - __main__ - DEBUG - QR 3, Loss=0.009804673515261963
2020-10-05 14:25:07,923 - __main__ - DEBUG - QR 4, Loss=0.00868489062651304
2020-10-05 14:25:07,923 - __main__ - INFO - do_narma=0, Ntrials=10, total loss avg=0.010794101733371005, std=0.001680705970540715
2020-10-05 14:25:15,261 - __main__ - INFO - innate_buffer=2000, innate_train_len=2000, innate_val_len=2000
2020-10-05 14:25:15,261 - __main__ - INFO - target_state_list=(6000, 25), target_innate_seq=(6000, 5)
2020-10-05 14:25:22,293 - __main__ - DEBUG - QR 0, Loss=0.009080762940688172
2020-10-05 14:25:22,293 - __main__ - DEBUG - QR 1, Loss=0.009452656683704225
2020-10-05 14:25:22,293 - __main__ - DEBUG - QR 2, Loss=0.009114061983984154
2020-10-05 14:25:22,293 - __main__ - DEBUG - QR 3, Loss=0.009345126609763825
2020-10-05 14:25:22,293 - __main__ - DEBUG - QR 4, Loss=0.009338137294617712
2020-10-05 14:25:22,293 - __main__ - INFO - do_narma=0, Ntrials=10, total loss avg=0.009603952203639677, std=0.0005420337816700688
