2020-10-05 14:20:06,230 - __main__ - INFO - n_units=5
2020-10-05 14:20:06,230 - __main__ - INFO - max_energy=1.0
2020-10-05 14:20:06,230 - __main__ - INFO - beta=1e-14
2020-10-05 14:20:06,230 - __main__ - INFO - taudelta=1.0
2020-10-05 14:20:06,230 - __main__ - INFO - V=1
2020-10-05 14:20:06,230 - __main__ - INFO - layers=5
2020-10-05 14:20:06,230 - __main__ - INFO - train_len=2000, val_len=2000, buffer=2000
2020-10-05 14:20:06,230 - __main__ - INFO - alpha=0.5, Ntrials=10
2020-10-05 14:20:06,231 - __main__ - INFO - noise=2e-05, learning rate=0.0,scale_input=0.2
2020-10-05 14:20:06,261 - __main__ - INFO - n_units=5
2020-10-05 14:20:06,261 - __main__ - INFO - max_energy=1.0
2020-10-05 14:20:06,261 - __main__ - INFO - beta=1e-14
2020-10-05 14:20:06,261 - __main__ - INFO - taudelta=2.0
2020-10-05 14:20:06,262 - __main__ - INFO - V=1
2020-10-05 14:20:06,262 - __main__ - INFO - layers=5
2020-10-05 14:20:06,262 - __main__ - INFO - train_len=2000, val_len=2000, buffer=2000
2020-10-05 14:20:06,262 - __main__ - INFO - alpha=0.5, Ntrials=10
2020-10-05 14:20:06,262 - __main__ - INFO - noise=2e-05, learning rate=0.0,scale_input=0.2
2020-10-05 14:20:06,314 - __main__ - INFO - n_units=5
2020-10-05 14:20:06,315 - __main__ - INFO - max_energy=1.0
2020-10-05 14:20:06,315 - __main__ - INFO - beta=1e-14
2020-10-05 14:20:06,315 - __main__ - INFO - taudelta=4.0
2020-10-05 14:20:06,315 - __main__ - INFO - V=1
2020-10-05 14:20:06,315 - __main__ - INFO - layers=5
2020-10-05 14:20:06,315 - __main__ - INFO - train_len=2000, val_len=2000, buffer=2000
2020-10-05 14:20:06,315 - __main__ - INFO - alpha=0.5, Ntrials=10
2020-10-05 14:20:06,315 - __main__ - INFO - noise=2e-05, learning rate=0.0,scale_input=0.2
2020-10-05 14:20:18,328 - __main__ - INFO - innate_buffer=2000, innate_train_len=2000, innate_val_len=2000
2020-10-05 14:20:18,328 - __main__ - INFO - target_state_list=(6000, 25), target_innate_seq=(6000, 5)
2020-10-05 14:20:22,537 - __main__ - INFO - innate_buffer=2000, innate_train_len=2000, innate_val_len=2000
2020-10-05 14:20:22,538 - __main__ - INFO - target_state_list=(6000, 25), target_innate_seq=(6000, 5)
2020-10-05 14:20:23,299 - __main__ - INFO - innate_buffer=2000, innate_train_len=2000, innate_val_len=2000
2020-10-05 14:20:23,299 - __main__ - INFO - target_state_list=(6000, 25), target_innate_seq=(6000, 5)
2020-10-05 14:20:27,982 - __main__ - DEBUG - QR 0, Loss=0.00544703749573338
2020-10-05 14:20:27,983 - __main__ - DEBUG - QR 1, Loss=0.005143404206362862
2020-10-05 14:20:27,983 - __main__ - DEBUG - QR 2, Loss=0.005075768528368224
2020-10-05 14:20:27,983 - __main__ - DEBUG - QR 3, Loss=0.005665056072900704
2020-10-05 14:20:27,983 - __main__ - DEBUG - QR 4, Loss=0.004482035401882664
2020-10-05 14:20:37,600 - __main__ - DEBUG - QR 0, Loss=0.010570027449814048
2020-10-05 14:20:37,600 - __main__ - DEBUG - QR 1, Loss=0.005209710895636864
2020-10-05 14:20:37,600 - __main__ - DEBUG - QR 2, Loss=0.004793232143439115
2020-10-05 14:20:37,600 - __main__ - DEBUG - QR 3, Loss=0.030570369608834497
2020-10-05 14:20:37,601 - __main__ - DEBUG - QR 4, Loss=0.005453781660825976
2020-10-05 14:20:38,039 - __main__ - INFO - innate_buffer=2000, innate_train_len=2000, innate_val_len=2000
2020-10-05 14:20:38,039 - __main__ - INFO - target_state_list=(6000, 25), target_innate_seq=(6000, 5)
2020-10-05 14:20:40,215 - __main__ - DEBUG - QR 0, Loss=0.01805783211964486
2020-10-05 14:20:40,215 - __main__ - DEBUG - QR 1, Loss=0.004411429978498375
2020-10-05 14:20:40,215 - __main__ - DEBUG - QR 2, Loss=0.004469781968067166
2020-10-05 14:20:40,216 - __main__ - DEBUG - QR 3, Loss=0.024286856755815166
2020-10-05 14:20:40,216 - __main__ - DEBUG - QR 4, Loss=0.004922744056097892
2020-10-05 14:20:50,722 - __main__ - DEBUG - QR 0, Loss=0.005796996397420261
2020-10-05 14:20:50,723 - __main__ - DEBUG - QR 1, Loss=0.004498580909806652
2020-10-05 14:20:50,723 - __main__ - DEBUG - QR 2, Loss=0.006021669438494952
2020-10-05 14:20:50,723 - __main__ - DEBUG - QR 3, Loss=0.005400006487160295
2020-10-05 14:20:50,723 - __main__ - DEBUG - QR 4, Loss=0.008193636805599543
2020-10-05 14:20:54,460 - __main__ - INFO - innate_buffer=2000, innate_train_len=2000, innate_val_len=2000
2020-10-05 14:20:54,460 - __main__ - INFO - target_state_list=(6000, 25), target_innate_seq=(6000, 5)
2020-10-05 14:20:57,676 - __main__ - INFO - innate_buffer=2000, innate_train_len=2000, innate_val_len=2000
2020-10-05 14:20:57,676 - __main__ - INFO - target_state_list=(6000, 25), target_innate_seq=(6000, 5)
2020-10-05 14:21:08,092 - __main__ - INFO - innate_buffer=2000, innate_train_len=2000, innate_val_len=2000
2020-10-05 14:21:08,092 - __main__ - INFO - target_state_list=(6000, 25), target_innate_seq=(6000, 5)
2020-10-05 14:21:10,705 - __main__ - DEBUG - QR 0, Loss=0.006623994075804015
2020-10-05 14:21:10,705 - __main__ - DEBUG - QR 1, Loss=0.005516412238979226
2020-10-05 14:21:10,706 - __main__ - DEBUG - QR 2, Loss=0.0070836200999700736
2020-10-05 14:21:10,706 - __main__ - DEBUG - QR 3, Loss=0.004517769731598488
2020-10-05 14:21:10,706 - __main__ - DEBUG - QR 4, Loss=0.008373851673886334
2020-10-05 14:21:13,577 - __main__ - DEBUG - QR 0, Loss=0.004483048177492423
2020-10-05 14:21:13,578 - __main__ - DEBUG - QR 1, Loss=0.004565222041075331
2020-10-05 14:21:13,578 - __main__ - DEBUG - QR 2, Loss=0.004793131720351892
2020-10-05 14:21:13,578 - __main__ - DEBUG - QR 3, Loss=0.004428882738294252
2020-10-05 14:21:13,578 - __main__ - DEBUG - QR 4, Loss=0.0066586811376505165
2020-10-05 14:21:24,723 - __main__ - DEBUG - QR 0, Loss=0.010100292120866695
2020-10-05 14:21:24,724 - __main__ - DEBUG - QR 1, Loss=0.004496655657627265
2020-10-05 14:21:24,724 - __main__ - DEBUG - QR 2, Loss=0.0046877093782908465
2020-10-05 14:21:24,724 - __main__ - DEBUG - QR 3, Loss=0.004921501889208783
2020-10-05 14:21:24,724 - __main__ - DEBUG - QR 4, Loss=0.005059692811603064
2020-10-05 14:21:27,611 - __main__ - INFO - innate_buffer=2000, innate_train_len=2000, innate_val_len=2000
2020-10-05 14:21:27,612 - __main__ - INFO - target_state_list=(6000, 25), target_innate_seq=(6000, 5)
2020-10-05 14:21:30,680 - __main__ - INFO - innate_buffer=2000, innate_train_len=2000, innate_val_len=2000
2020-10-05 14:21:30,680 - __main__ - INFO - target_state_list=(6000, 25), target_innate_seq=(6000, 5)
2020-10-05 14:21:42,090 - __main__ - INFO - innate_buffer=2000, innate_train_len=2000, innate_val_len=2000
2020-10-05 14:21:42,091 - __main__ - INFO - target_state_list=(6000, 25), target_innate_seq=(6000, 5)
2020-10-05 14:21:44,677 - __main__ - DEBUG - QR 0, Loss=0.01638814435859929
2020-10-05 14:21:44,677 - __main__ - DEBUG - QR 1, Loss=0.005028580850148735
2020-10-05 14:21:44,677 - __main__ - DEBUG - QR 2, Loss=0.006041279441140131
2020-10-05 14:21:44,677 - __main__ - DEBUG - QR 3, Loss=0.004877411760685477
2020-10-05 14:21:44,677 - __main__ - DEBUG - QR 4, Loss=0.011173377327069849
2020-10-05 14:21:47,803 - __main__ - DEBUG - QR 0, Loss=0.01714533486321891
2020-10-05 14:21:47,803 - __main__ - DEBUG - QR 1, Loss=0.004496757969847551
2020-10-05 14:21:47,803 - __main__ - DEBUG - QR 2, Loss=0.01529223405732664
2020-10-05 14:21:47,803 - __main__ - DEBUG - QR 3, Loss=0.004550828606786385
2020-10-05 14:21:47,804 - __main__ - DEBUG - QR 4, Loss=0.01027919449641469
2020-10-05 14:21:58,025 - __main__ - DEBUG - QR 0, Loss=0.004307940948758257
2020-10-05 14:21:58,025 - __main__ - DEBUG - QR 1, Loss=0.012052749090574227
2020-10-05 14:21:58,025 - __main__ - DEBUG - QR 2, Loss=0.005841331975436168
2020-10-05 14:21:58,025 - __main__ - DEBUG - QR 3, Loss=0.004690028909760143
2020-10-05 14:21:58,025 - __main__ - DEBUG - QR 4, Loss=0.005367769272530277
2020-10-05 14:22:01,675 - __main__ - INFO - innate_buffer=2000, innate_train_len=2000, innate_val_len=2000
2020-10-05 14:22:01,676 - __main__ - INFO - target_state_list=(6000, 25), target_innate_seq=(6000, 5)
2020-10-05 14:22:05,448 - __main__ - INFO - innate_buffer=2000, innate_train_len=2000, innate_val_len=2000
2020-10-05 14:22:05,448 - __main__ - INFO - target_state_list=(6000, 25), target_innate_seq=(6000, 5)
2020-10-05 14:22:14,546 - __main__ - INFO - innate_buffer=2000, innate_train_len=2000, innate_val_len=2000
2020-10-05 14:22:14,546 - __main__ - INFO - target_state_list=(6000, 25), target_innate_seq=(6000, 5)
2020-10-05 14:22:18,693 - __main__ - DEBUG - QR 0, Loss=0.004308426076982385
2020-10-05 14:22:18,693 - __main__ - DEBUG - QR 1, Loss=0.022555578571661603
2020-10-05 14:22:18,693 - __main__ - DEBUG - QR 2, Loss=0.010386440422727074
2020-10-05 14:22:18,693 - __main__ - DEBUG - QR 3, Loss=0.006334269005701161
2020-10-05 14:22:18,694 - __main__ - DEBUG - QR 4, Loss=0.004448679961553459
2020-10-05 14:22:22,138 - __main__ - DEBUG - QR 0, Loss=0.004308060452218552
2020-10-05 14:22:22,139 - __main__ - DEBUG - QR 1, Loss=0.020622516129827302
2020-10-05 14:22:22,140 - __main__ - DEBUG - QR 2, Loss=0.006457017630712404
2020-10-05 14:22:22,140 - __main__ - DEBUG - QR 3, Loss=0.005266329131992721
2020-10-05 14:22:22,140 - __main__ - DEBUG - QR 4, Loss=0.004504220943440357
2020-10-05 14:22:30,525 - __main__ - DEBUG - QR 0, Loss=0.004872313275379262
2020-10-05 14:22:30,525 - __main__ - DEBUG - QR 1, Loss=0.0044696685762403935
2020-10-05 14:22:30,525 - __main__ - DEBUG - QR 2, Loss=0.005486170343082157
2020-10-05 14:22:30,526 - __main__ - DEBUG - QR 3, Loss=0.005441510508928908
2020-10-05 14:22:30,526 - __main__ - DEBUG - QR 4, Loss=0.004471196470076752
2020-10-05 14:22:35,638 - __main__ - INFO - innate_buffer=2000, innate_train_len=2000, innate_val_len=2000
2020-10-05 14:22:35,638 - __main__ - INFO - target_state_list=(6000, 25), target_innate_seq=(6000, 5)
2020-10-05 14:22:38,579 - __main__ - INFO - innate_buffer=2000, innate_train_len=2000, innate_val_len=2000
2020-10-05 14:22:38,579 - __main__ - INFO - target_state_list=(6000, 25), target_innate_seq=(6000, 5)
2020-10-05 14:22:47,770 - __main__ - INFO - innate_buffer=2000, innate_train_len=2000, innate_val_len=2000
2020-10-05 14:22:47,770 - __main__ - INFO - target_state_list=(6000, 25), target_innate_seq=(6000, 5)
2020-10-05 14:22:51,573 - __main__ - DEBUG - QR 0, Loss=0.006413143927089225
2020-10-05 14:22:51,573 - __main__ - DEBUG - QR 1, Loss=0.0044795582859129155
2020-10-05 14:22:51,573 - __main__ - DEBUG - QR 2, Loss=0.011243697594615548
2020-10-05 14:22:51,573 - __main__ - DEBUG - QR 3, Loss=0.004785680423303936
2020-10-05 14:22:51,573 - __main__ - DEBUG - QR 4, Loss=0.008993430237878488
2020-10-05 14:22:54,018 - __main__ - DEBUG - QR 0, Loss=0.004702394817238832
2020-10-05 14:22:54,018 - __main__ - DEBUG - QR 1, Loss=0.004470750117816076
2020-10-05 14:22:54,019 - __main__ - DEBUG - QR 2, Loss=0.00824571416880297
2020-10-05 14:22:54,019 - __main__ - DEBUG - QR 3, Loss=0.0059422302322099186
2020-10-05 14:22:54,019 - __main__ - DEBUG - QR 4, Loss=0.004480925043735684
2020-10-05 14:23:04,751 - __main__ - DEBUG - QR 0, Loss=0.0044444162120595935
2020-10-05 14:23:04,751 - __main__ - DEBUG - QR 1, Loss=0.008381193339529755
2020-10-05 14:23:04,752 - __main__ - DEBUG - QR 2, Loss=0.004601110290085583
2020-10-05 14:23:04,752 - __main__ - DEBUG - QR 3, Loss=0.00474221367538886
2020-10-05 14:23:04,752 - __main__ - DEBUG - QR 4, Loss=0.005236622373652106
2020-10-05 14:23:08,616 - __main__ - INFO - innate_buffer=2000, innate_train_len=2000, innate_val_len=2000
2020-10-05 14:23:08,616 - __main__ - INFO - target_state_list=(6000, 25), target_innate_seq=(6000, 5)
2020-10-05 14:23:11,745 - __main__ - INFO - innate_buffer=2000, innate_train_len=2000, innate_val_len=2000
2020-10-05 14:23:11,746 - __main__ - INFO - target_state_list=(6000, 25), target_innate_seq=(6000, 5)
2020-10-05 14:23:22,455 - __main__ - INFO - innate_buffer=2000, innate_train_len=2000, innate_val_len=2000
2020-10-05 14:23:22,455 - __main__ - INFO - target_state_list=(6000, 25), target_innate_seq=(6000, 5)
2020-10-05 14:23:24,421 - __main__ - DEBUG - QR 0, Loss=0.004520764733893331
2020-10-05 14:23:24,421 - __main__ - DEBUG - QR 1, Loss=0.010159715157322493
2020-10-05 14:23:24,421 - __main__ - DEBUG - QR 2, Loss=0.005072455441744709
2020-10-05 14:23:24,422 - __main__ - DEBUG - QR 3, Loss=0.00504111243944161
2020-10-05 14:23:24,422 - __main__ - DEBUG - QR 4, Loss=0.00458927722952267
2020-10-05 14:23:28,168 - __main__ - DEBUG - QR 0, Loss=0.004479991108355132
2020-10-05 14:23:28,168 - __main__ - DEBUG - QR 1, Loss=0.009053162640410674
2020-10-05 14:23:28,168 - __main__ - DEBUG - QR 2, Loss=0.006214294734376197
2020-10-05 14:23:28,168 - __main__ - DEBUG - QR 3, Loss=0.00480704180903401
2020-10-05 14:23:28,168 - __main__ - DEBUG - QR 4, Loss=0.005219811529109694
2020-10-05 14:23:38,521 - __main__ - DEBUG - QR 0, Loss=0.004449104410852778
2020-10-05 14:23:38,521 - __main__ - DEBUG - QR 1, Loss=0.0049831818813164935
2020-10-05 14:23:38,521 - __main__ - DEBUG - QR 2, Loss=0.0043038683427952884
2020-10-05 14:23:38,521 - __main__ - DEBUG - QR 3, Loss=0.004481289483955988
2020-10-05 14:23:38,522 - __main__ - DEBUG - QR 4, Loss=0.004866319998062194
2020-10-05 14:23:39,744 - __main__ - INFO - innate_buffer=2000, innate_train_len=2000, innate_val_len=2000
2020-10-05 14:23:39,744 - __main__ - INFO - target_state_list=(6000, 25), target_innate_seq=(6000, 5)
2020-10-05 14:23:45,118 - __main__ - INFO - innate_buffer=2000, innate_train_len=2000, innate_val_len=2000
2020-10-05 14:23:45,118 - __main__ - INFO - target_state_list=(6000, 25), target_innate_seq=(6000, 5)
2020-10-05 14:23:55,354 - __main__ - INFO - innate_buffer=2000, innate_train_len=2000, innate_val_len=2000
2020-10-05 14:23:55,354 - __main__ - INFO - target_state_list=(6000, 25), target_innate_seq=(6000, 5)
2020-10-05 14:23:56,228 - __main__ - DEBUG - QR 0, Loss=0.004450840647894555
2020-10-05 14:23:56,228 - __main__ - DEBUG - QR 1, Loss=0.004973600740979294
2020-10-05 14:23:56,228 - __main__ - DEBUG - QR 2, Loss=0.005433254227358843
2020-10-05 14:23:56,229 - __main__ - DEBUG - QR 3, Loss=0.004532954712155935
2020-10-05 14:23:56,229 - __main__ - DEBUG - QR 4, Loss=0.006231154889957724
2020-10-05 14:24:01,542 - __main__ - DEBUG - QR 0, Loss=0.00446570292524971
2020-10-05 14:24:01,542 - __main__ - DEBUG - QR 1, Loss=0.004546846950800578
2020-10-05 14:24:01,542 - __main__ - DEBUG - QR 2, Loss=0.005721452346353063
2020-10-05 14:24:01,543 - __main__ - DEBUG - QR 3, Loss=0.004463116556443619
2020-10-05 14:24:01,543 - __main__ - DEBUG - QR 4, Loss=0.004626132244497712
2020-10-05 14:24:11,517 - __main__ - DEBUG - QR 0, Loss=0.005229829164686533
2020-10-05 14:24:11,518 - __main__ - DEBUG - QR 1, Loss=0.004956823598672919
2020-10-05 14:24:11,518 - __main__ - DEBUG - QR 2, Loss=0.004403857028935413
2020-10-05 14:24:11,518 - __main__ - DEBUG - QR 3, Loss=0.004393082165031187
2020-10-05 14:24:11,518 - __main__ - DEBUG - QR 4, Loss=0.004630218182346509
2020-10-05 14:24:13,322 - __main__ - INFO - innate_buffer=2000, innate_train_len=2000, innate_val_len=2000
2020-10-05 14:24:13,323 - __main__ - INFO - target_state_list=(6000, 25), target_innate_seq=(6000, 5)
2020-10-05 14:24:17,724 - __main__ - INFO - innate_buffer=2000, innate_train_len=2000, innate_val_len=2000
2020-10-05 14:24:17,724 - __main__ - INFO - target_state_list=(6000, 25), target_innate_seq=(6000, 5)
2020-10-05 14:24:28,768 - __main__ - INFO - innate_buffer=2000, innate_train_len=2000, innate_val_len=2000
2020-10-05 14:24:28,768 - __main__ - INFO - target_state_list=(6000, 25), target_innate_seq=(6000, 5)
2020-10-05 14:24:29,766 - __main__ - DEBUG - QR 0, Loss=0.00498205841112751
2020-10-05 14:24:29,766 - __main__ - DEBUG - QR 1, Loss=0.005493140827104438
2020-10-05 14:24:29,767 - __main__ - DEBUG - QR 2, Loss=0.0058752016008556795
2020-10-05 14:24:29,767 - __main__ - DEBUG - QR 3, Loss=0.0044401451663817395
2020-10-05 14:24:29,767 - __main__ - DEBUG - QR 4, Loss=0.005871582156419316
2020-10-05 14:24:33,436 - __main__ - DEBUG - QR 0, Loss=0.005853399625187802
2020-10-05 14:24:33,436 - __main__ - DEBUG - QR 1, Loss=0.004503074904032321
2020-10-05 14:24:33,436 - __main__ - DEBUG - QR 2, Loss=0.005472417329767449
2020-10-05 14:24:33,436 - __main__ - DEBUG - QR 3, Loss=0.004479888421145835
2020-10-05 14:24:33,436 - __main__ - DEBUG - QR 4, Loss=0.007216211338082451
2020-10-05 14:24:43,170 - __main__ - DEBUG - QR 0, Loss=0.004491480427488609
2020-10-05 14:24:43,170 - __main__ - DEBUG - QR 1, Loss=0.004775399070784146
2020-10-05 14:24:43,171 - __main__ - DEBUG - QR 2, Loss=0.004581250045479138
2020-10-05 14:24:43,171 - __main__ - DEBUG - QR 3, Loss=0.015528126148665456
2020-10-05 14:24:43,171 - __main__ - DEBUG - QR 4, Loss=0.004478497646941373
2020-10-05 14:24:46,188 - __main__ - INFO - innate_buffer=2000, innate_train_len=2000, innate_val_len=2000
2020-10-05 14:24:46,188 - __main__ - INFO - target_state_list=(6000, 25), target_innate_seq=(6000, 5)
2020-10-05 14:24:49,774 - __main__ - INFO - innate_buffer=2000, innate_train_len=2000, innate_val_len=2000
2020-10-05 14:24:49,774 - __main__ - INFO - target_state_list=(6000, 25), target_innate_seq=(6000, 5)
2020-10-05 14:24:58,784 - __main__ - INFO - innate_buffer=2000, innate_train_len=2000, innate_val_len=2000
2020-10-05 14:24:58,785 - __main__ - INFO - target_state_list=(6000, 25), target_innate_seq=(6000, 5)
2020-10-05 14:25:01,984 - __main__ - DEBUG - QR 0, Loss=0.005280980852187252
2020-10-05 14:25:01,984 - __main__ - DEBUG - QR 1, Loss=0.006599940113923846
2020-10-05 14:25:01,984 - __main__ - DEBUG - QR 2, Loss=0.004567343738658306
2020-10-05 14:25:01,984 - __main__ - DEBUG - QR 3, Loss=0.006650988935602846
2020-10-05 14:25:01,985 - __main__ - DEBUG - QR 4, Loss=0.004496082726206226
2020-10-05 14:25:04,578 - __main__ - DEBUG - QR 0, Loss=0.0064477228315801376
2020-10-05 14:25:04,578 - __main__ - DEBUG - QR 1, Loss=0.006906035792063233
2020-10-05 14:25:04,578 - __main__ - DEBUG - QR 2, Loss=0.004570065308378257
2020-10-05 14:25:04,579 - __main__ - DEBUG - QR 3, Loss=0.005251048412799923
2020-10-05 14:25:04,579 - __main__ - DEBUG - QR 4, Loss=0.004478417787368729
2020-10-05 14:25:07,752 - __main__ - DEBUG - QR 0, Loss=0.004544229237113578
2020-10-05 14:25:07,752 - __main__ - DEBUG - QR 1, Loss=0.005235179175453491
2020-10-05 14:25:07,753 - __main__ - DEBUG - QR 2, Loss=0.004570073810281306
2020-10-05 14:25:07,753 - __main__ - DEBUG - QR 3, Loss=0.004972635539096524
2020-10-05 14:25:07,753 - __main__ - DEBUG - QR 4, Loss=0.005547830534304592
2020-10-05 14:25:07,753 - __main__ - INFO - do_narma=0, Ntrials=10, total loss avg=0.005496371095101442, std=0.0007041466368060958
2020-10-05 14:25:10,948 - __main__ - INFO - innate_buffer=2000, innate_train_len=2000, innate_val_len=2000
2020-10-05 14:25:10,948 - __main__ - INFO - target_state_list=(6000, 25), target_innate_seq=(6000, 5)
2020-10-05 14:25:13,430 - __main__ - INFO - innate_buffer=2000, innate_train_len=2000, innate_val_len=2000
2020-10-05 14:25:13,430 - __main__ - INFO - target_state_list=(6000, 25), target_innate_seq=(6000, 5)
2020-10-05 14:25:18,451 - __main__ - DEBUG - QR 0, Loss=0.0046312032737974625
2020-10-05 14:25:18,451 - __main__ - DEBUG - QR 1, Loss=0.007637474685179699
2020-10-05 14:25:18,451 - __main__ - DEBUG - QR 2, Loss=0.004741578187716781
2020-10-05 14:25:18,451 - __main__ - DEBUG - QR 3, Loss=0.005768891498790236
2020-10-05 14:25:18,451 - __main__ - DEBUG - QR 4, Loss=0.004349951282716802
2020-10-05 14:25:18,451 - __main__ - INFO - do_narma=0, Ntrials=10, total loss avg=0.007051243230015944, std=0.0020228727972275797
2020-10-05 14:25:20,628 - __main__ - DEBUG - QR 0, Loss=0.004539200820092848
2020-10-05 14:25:20,628 - __main__ - DEBUG - QR 1, Loss=0.005647187414914624
2020-10-05 14:25:20,628 - __main__ - DEBUG - QR 2, Loss=0.004557313106240111
2020-10-05 14:25:20,628 - __main__ - DEBUG - QR 3, Loss=0.004575092464570018
2020-10-05 14:25:20,628 - __main__ - DEBUG - QR 4, Loss=0.004946001809812895
2020-10-05 14:25:20,628 - __main__ - INFO - do_narma=0, Ntrials=10, total loss avg=0.0066976549913048775, std=0.0022568676187097584
