2020-10-05 12:53:00,911 - __main__ - INFO - n_units=5
2020-10-05 12:53:00,911 - __main__ - INFO - max_energy=1.0
2020-10-05 12:53:00,911 - __main__ - INFO - beta=1e-14
2020-10-05 12:53:00,911 - __main__ - INFO - taudelta=1.0
2020-10-05 12:53:00,912 - __main__ - INFO - V=1
2020-10-05 12:53:00,912 - __main__ - INFO - layers=5
2020-10-05 12:53:00,912 - __main__ - INFO - train_len=2000, val_len=2000, buffer=2000
2020-10-05 12:53:00,912 - __main__ - INFO - alpha=0.5, Ntrials=10
2020-10-05 12:53:00,912 - __main__ - INFO - noise=0.003, learning rate=10.0,scale_input=0.2
2020-10-05 12:53:00,951 - __main__ - INFO - n_units=5
2020-10-05 12:53:00,951 - __main__ - INFO - max_energy=1.0
2020-10-05 12:53:00,951 - __main__ - INFO - beta=1e-14
2020-10-05 12:53:00,951 - __main__ - INFO - taudelta=2.0
2020-10-05 12:53:00,952 - __main__ - INFO - V=1
2020-10-05 12:53:00,952 - __main__ - INFO - layers=5
2020-10-05 12:53:00,952 - __main__ - INFO - train_len=2000, val_len=2000, buffer=2000
2020-10-05 12:53:00,952 - __main__ - INFO - alpha=0.5, Ntrials=10
2020-10-05 12:53:00,952 - __main__ - INFO - noise=0.003, learning rate=10.0,scale_input=0.2
2020-10-05 12:53:01,014 - __main__ - INFO - n_units=5
2020-10-05 12:53:01,014 - __main__ - INFO - max_energy=1.0
2020-10-05 12:53:01,015 - __main__ - INFO - beta=1e-14
2020-10-05 12:53:01,015 - __main__ - INFO - taudelta=4.0
2020-10-05 12:53:01,015 - __main__ - INFO - V=1
2020-10-05 12:53:01,015 - __main__ - INFO - layers=5
2020-10-05 12:53:01,015 - __main__ - INFO - train_len=2000, val_len=2000, buffer=2000
2020-10-05 12:53:01,015 - __main__ - INFO - alpha=0.5, Ntrials=10
2020-10-05 12:53:01,015 - __main__ - INFO - noise=0.003, learning rate=10.0,scale_input=0.2
2020-10-05 12:53:15,513 - __main__ - INFO - innate_buffer=2000, innate_train_len=2000, innate_val_len=2000
2020-10-05 12:53:15,514 - __main__ - INFO - target_state_list=(6000, 25), target_innate_seq=(6000, 5)
2020-10-05 12:53:17,802 - __main__ - INFO - innate_buffer=2000, innate_train_len=2000, innate_val_len=2000
2020-10-05 12:53:17,802 - __main__ - INFO - target_state_list=(6000, 25), target_innate_seq=(6000, 5)
2020-10-05 12:53:18,010 - __main__ - INFO - innate_buffer=2000, innate_train_len=2000, innate_val_len=2000
2020-10-05 12:53:18,010 - __main__ - INFO - target_state_list=(6000, 25), target_innate_seq=(6000, 5)
2020-10-05 12:58:24,708 - __main__ - DEBUG - QR 0, Loss=0.05512999160919981
2020-10-05 12:58:24,708 - __main__ - DEBUG - QR 1, Loss=0.05524866405238614
2020-10-05 12:58:24,708 - __main__ - DEBUG - QR 2, Loss=0.05456433963847634
2020-10-05 12:58:24,708 - __main__ - DEBUG - QR 3, Loss=0.055727887113231164
2020-10-05 12:58:24,709 - __main__ - DEBUG - QR 4, Loss=0.054624528981419986
2020-10-05 12:58:35,048 - __main__ - INFO - innate_buffer=2000, innate_train_len=2000, innate_val_len=2000
2020-10-05 12:58:35,048 - __main__ - INFO - target_state_list=(6000, 25), target_innate_seq=(6000, 5)
2020-10-05 12:58:40,766 - __main__ - DEBUG - QR 0, Loss=0.0650291925741754
2020-10-05 12:58:40,766 - __main__ - DEBUG - QR 1, Loss=0.05526735464760091
2020-10-05 12:58:40,767 - __main__ - DEBUG - QR 2, Loss=0.05455958995068584
2020-10-05 12:58:40,767 - __main__ - DEBUG - QR 3, Loss=0.05573593759752924
2020-10-05 12:58:40,767 - __main__ - DEBUG - QR 4, Loss=0.05463246998137662
2020-10-05 12:58:47,330 - __main__ - DEBUG - QR 0, Loss=0.05507479625271006
2020-10-05 12:58:47,331 - __main__ - DEBUG - QR 1, Loss=0.055255181138978544
2020-10-05 12:58:47,331 - __main__ - DEBUG - QR 2, Loss=0.05454778322406776
2020-10-05 12:58:47,331 - __main__ - DEBUG - QR 3, Loss=0.055712567284080514
2020-10-05 12:58:47,331 - __main__ - DEBUG - QR 4, Loss=0.05464319446484426
2020-10-05 12:58:57,942 - __main__ - INFO - innate_buffer=2000, innate_train_len=2000, innate_val_len=2000
2020-10-05 12:58:57,942 - __main__ - INFO - target_state_list=(6000, 25), target_innate_seq=(6000, 5)
2020-10-05 12:59:04,153 - __main__ - INFO - innate_buffer=2000, innate_train_len=2000, innate_val_len=2000
2020-10-05 12:59:04,153 - __main__ - INFO - target_state_list=(6000, 25), target_innate_seq=(6000, 5)
2020-10-05 13:03:10,599 - __main__ - DEBUG - QR 0, Loss=0.05369079322332025
2020-10-05 13:03:10,599 - __main__ - DEBUG - QR 1, Loss=0.05284506166454462
2020-10-05 13:03:10,599 - __main__ - DEBUG - QR 2, Loss=0.05510023902584073
2020-10-05 13:03:10,599 - __main__ - DEBUG - QR 3, Loss=0.05456645816127965
2020-10-05 13:03:10,600 - __main__ - DEBUG - QR 4, Loss=0.05493050751049465
2020-10-05 13:03:14,106 - __main__ - DEBUG - QR 0, Loss=0.053542879531394395
2020-10-05 13:03:14,106 - __main__ - DEBUG - QR 1, Loss=0.05285980766870256
2020-10-05 13:03:14,107 - __main__ - DEBUG - QR 2, Loss=0.05507674997951581
2020-10-05 13:03:14,107 - __main__ - DEBUG - QR 3, Loss=0.05485987113087127
2020-10-05 13:03:14,107 - __main__ - DEBUG - QR 4, Loss=0.05494838089709233
2020-10-05 13:03:24,479 - __main__ - INFO - innate_buffer=2000, innate_train_len=2000, innate_val_len=2000
2020-10-05 13:03:24,479 - __main__ - INFO - target_state_list=(6000, 25), target_innate_seq=(6000, 5)
2020-10-05 13:03:28,124 - __main__ - INFO - innate_buffer=2000, innate_train_len=2000, innate_val_len=2000
2020-10-05 13:03:28,124 - __main__ - INFO - target_state_list=(6000, 25), target_innate_seq=(6000, 5)
2020-10-05 13:04:24,007 - __main__ - DEBUG - QR 0, Loss=0.05349743147054088
2020-10-05 13:04:24,007 - __main__ - DEBUG - QR 1, Loss=0.05285656141111054
2020-10-05 13:04:24,008 - __main__ - DEBUG - QR 2, Loss=0.05499951757397089
2020-10-05 13:04:24,008 - __main__ - DEBUG - QR 3, Loss=0.05454580337181291
2020-10-05 13:04:24,009 - __main__ - DEBUG - QR 4, Loss=0.054924131443598555
2020-10-05 13:04:42,050 - __main__ - INFO - innate_buffer=2000, innate_train_len=2000, innate_val_len=2000
2020-10-05 13:04:42,050 - __main__ - INFO - target_state_list=(6000, 25), target_innate_seq=(6000, 5)
2020-10-05 13:08:30,541 - __main__ - DEBUG - QR 0, Loss=0.05506433865011533
2020-10-05 13:08:30,541 - __main__ - DEBUG - QR 1, Loss=0.053541151263073156
2020-10-05 13:08:30,541 - __main__ - DEBUG - QR 2, Loss=0.05494589142494532
2020-10-05 13:08:30,542 - __main__ - DEBUG - QR 3, Loss=0.054618138480537745
2020-10-05 13:08:30,542 - __main__ - DEBUG - QR 4, Loss=0.05535728179879239
2020-10-05 13:08:47,933 - __main__ - INFO - innate_buffer=2000, innate_train_len=2000, innate_val_len=2000
2020-10-05 13:08:47,933 - __main__ - INFO - target_state_list=(6000, 25), target_innate_seq=(6000, 5)
2020-10-05 13:09:09,984 - __main__ - DEBUG - QR 0, Loss=0.05512041824301338
2020-10-05 13:09:09,984 - __main__ - DEBUG - QR 1, Loss=0.05356037895278103
2020-10-05 13:09:09,984 - __main__ - DEBUG - QR 2, Loss=0.05460812281426107
2020-10-05 13:09:09,984 - __main__ - DEBUG - QR 3, Loss=0.05674927854105612
2020-10-05 13:09:09,984 - __main__ - DEBUG - QR 4, Loss=0.05535336299603936
2020-10-05 13:09:27,471 - __main__ - INFO - innate_buffer=2000, innate_train_len=2000, innate_val_len=2000
2020-10-05 13:09:27,471 - __main__ - INFO - target_state_list=(6000, 25), target_innate_seq=(6000, 5)
2020-10-05 13:10:02,333 - __main__ - DEBUG - QR 0, Loss=0.05499373217830461
2020-10-05 13:10:02,334 - __main__ - DEBUG - QR 1, Loss=0.05353813639729511
2020-10-05 13:10:02,334 - __main__ - DEBUG - QR 2, Loss=0.054707277988745355
2020-10-05 13:10:02,334 - __main__ - DEBUG - QR 3, Loss=0.05424714044723728
2020-10-05 13:10:02,334 - __main__ - DEBUG - QR 4, Loss=0.05539047165073371
2020-10-05 13:10:19,636 - __main__ - INFO - innate_buffer=2000, innate_train_len=2000, innate_val_len=2000
2020-10-05 13:10:19,636 - __main__ - INFO - target_state_list=(6000, 25), target_innate_seq=(6000, 5)
2020-10-05 13:14:26,498 - __main__ - DEBUG - QR 0, Loss=0.05471938618027758
2020-10-05 13:14:26,498 - __main__ - DEBUG - QR 1, Loss=0.053902797533846296
2020-10-05 13:14:26,499 - __main__ - DEBUG - QR 2, Loss=0.05681402444932782
2020-10-05 13:14:26,499 - __main__ - DEBUG - QR 3, Loss=0.05547627943136296
2020-10-05 13:14:26,499 - __main__ - DEBUG - QR 4, Loss=0.053986879206217454
2020-10-05 13:14:41,216 - __main__ - INFO - innate_buffer=2000, innate_train_len=2000, innate_val_len=2000
2020-10-05 13:14:41,216 - __main__ - INFO - target_state_list=(6000, 25), target_innate_seq=(6000, 5)
2020-10-05 13:15:11,635 - __main__ - DEBUG - QR 0, Loss=0.054710775598475855
2020-10-05 13:15:11,635 - __main__ - DEBUG - QR 1, Loss=0.05380569534568582
2020-10-05 13:15:11,635 - __main__ - DEBUG - QR 2, Loss=0.05696500086976242
2020-10-05 13:15:11,635 - __main__ - DEBUG - QR 3, Loss=0.05579687939258326
2020-10-05 13:15:11,635 - __main__ - DEBUG - QR 4, Loss=0.053897789338297135
2020-10-05 13:15:19,178 - __main__ - DEBUG - QR 0, Loss=0.054712318715257634
2020-10-05 13:15:19,179 - __main__ - DEBUG - QR 1, Loss=0.05386556138218423
2020-10-05 13:15:19,179 - __main__ - DEBUG - QR 2, Loss=0.05704442045530227
2020-10-05 13:15:19,179 - __main__ - DEBUG - QR 3, Loss=0.05564114853863252
2020-10-05 13:15:19,179 - __main__ - DEBUG - QR 4, Loss=0.0539093545447337
2020-10-05 13:15:22,045 - __main__ - INFO - innate_buffer=2000, innate_train_len=2000, innate_val_len=2000
2020-10-05 13:15:22,045 - __main__ - INFO - target_state_list=(6000, 25), target_innate_seq=(6000, 5)
2020-10-05 13:15:35,941 - __main__ - INFO - innate_buffer=2000, innate_train_len=2000, innate_val_len=2000
2020-10-05 13:15:35,941 - __main__ - INFO - target_state_list=(6000, 25), target_innate_seq=(6000, 5)
2020-10-05 13:19:58,118 - __main__ - DEBUG - QR 0, Loss=0.0540537255663977
2020-10-05 13:19:58,119 - __main__ - DEBUG - QR 1, Loss=0.0546080928679362
2020-10-05 13:19:58,119 - __main__ - DEBUG - QR 2, Loss=0.0544958913066835
2020-10-05 13:19:58,119 - __main__ - DEBUG - QR 3, Loss=0.0547110002781062
2020-10-05 13:19:58,119 - __main__ - DEBUG - QR 4, Loss=0.05422504058142888
2020-10-05 13:20:15,581 - __main__ - INFO - innate_buffer=2000, innate_train_len=2000, innate_val_len=2000
2020-10-05 13:20:15,581 - __main__ - INFO - target_state_list=(6000, 25), target_innate_seq=(6000, 5)
2020-10-05 13:20:44,574 - __main__ - DEBUG - QR 0, Loss=0.054121329033174535
2020-10-05 13:20:44,574 - __main__ - DEBUG - QR 1, Loss=0.054538338322928474
2020-10-05 13:20:44,574 - __main__ - DEBUG - QR 2, Loss=0.05471739919983372
2020-10-05 13:20:44,574 - __main__ - DEBUG - QR 3, Loss=0.054789319465939484
2020-10-05 13:20:44,575 - __main__ - DEBUG - QR 4, Loss=0.05421309491896747
2020-10-05 13:20:55,862 - __main__ - DEBUG - QR 0, Loss=0.05407317932464646
2020-10-05 13:20:55,862 - __main__ - DEBUG - QR 1, Loss=0.05463809299802012
2020-10-05 13:20:55,862 - __main__ - DEBUG - QR 2, Loss=0.05483731949932767
2020-10-05 13:20:55,862 - __main__ - DEBUG - QR 3, Loss=0.05451471660000474
2020-10-05 13:20:55,863 - __main__ - DEBUG - QR 4, Loss=0.054326706560800145
2020-10-05 13:21:01,465 - __main__ - INFO - innate_buffer=2000, innate_train_len=2000, innate_val_len=2000
2020-10-05 13:21:01,465 - __main__ - INFO - target_state_list=(6000, 25), target_innate_seq=(6000, 5)
2020-10-05 13:21:13,531 - __main__ - INFO - innate_buffer=2000, innate_train_len=2000, innate_val_len=2000
2020-10-05 13:21:13,532 - __main__ - INFO - target_state_list=(6000, 25), target_innate_seq=(6000, 5)
2020-10-05 13:25:47,132 - __main__ - DEBUG - QR 0, Loss=0.05539444491891981
2020-10-05 13:25:47,133 - __main__ - DEBUG - QR 1, Loss=0.05384595360561019
2020-10-05 13:25:47,133 - __main__ - DEBUG - QR 2, Loss=0.05323675365139163
2020-10-05 13:25:47,133 - __main__ - DEBUG - QR 3, Loss=0.05475521678458405
2020-10-05 13:25:47,133 - __main__ - DEBUG - QR 4, Loss=0.05487720499637651
2020-10-05 13:25:51,991 - __main__ - DEBUG - QR 0, Loss=0.05547178592612635
2020-10-05 13:25:51,991 - __main__ - DEBUG - QR 1, Loss=0.05387379772829805
2020-10-05 13:25:51,991 - __main__ - DEBUG - QR 2, Loss=0.0532419823926932
2020-10-05 13:25:51,991 - __main__ - DEBUG - QR 3, Loss=0.05480832493963098
2020-10-05 13:25:51,991 - __main__ - DEBUG - QR 4, Loss=0.05495789247415071
2020-10-05 13:25:57,528 - __main__ - INFO - innate_buffer=2000, innate_train_len=2000, innate_val_len=2000
2020-10-05 13:25:57,528 - __main__ - INFO - target_state_list=(6000, 25), target_innate_seq=(6000, 5)
2020-10-05 13:26:08,812 - __main__ - INFO - innate_buffer=2000, innate_train_len=2000, innate_val_len=2000
2020-10-05 13:26:08,812 - __main__ - INFO - target_state_list=(6000, 25), target_innate_seq=(6000, 5)
2020-10-05 13:26:19,637 - __main__ - DEBUG - QR 0, Loss=0.055351632943944684
2020-10-05 13:26:19,638 - __main__ - DEBUG - QR 1, Loss=0.05383780643416017
2020-10-05 13:26:19,638 - __main__ - DEBUG - QR 2, Loss=0.05323691550507267
2020-10-05 13:26:19,638 - __main__ - DEBUG - QR 3, Loss=0.05475218580530873
2020-10-05 13:26:19,638 - __main__ - DEBUG - QR 4, Loss=0.05496141573774148
2020-10-05 13:26:36,274 - __main__ - INFO - innate_buffer=2000, innate_train_len=2000, innate_val_len=2000
2020-10-05 13:26:36,274 - __main__ - INFO - target_state_list=(6000, 25), target_innate_seq=(6000, 5)
2020-10-05 13:30:30,315 - __main__ - DEBUG - QR 0, Loss=0.056374871897261564
2020-10-05 13:30:30,315 - __main__ - DEBUG - QR 1, Loss=0.05746182243586749
2020-10-05 13:30:30,316 - __main__ - DEBUG - QR 2, Loss=0.05579725087318557
2020-10-05 13:30:30,316 - __main__ - DEBUG - QR 3, Loss=0.053607433593747485
2020-10-05 13:30:30,316 - __main__ - DEBUG - QR 4, Loss=0.0556483434390061
2020-10-05 13:30:40,698 - __main__ - INFO - innate_buffer=2000, innate_train_len=2000, innate_val_len=2000
2020-10-05 13:30:40,698 - __main__ - INFO - target_state_list=(6000, 25), target_innate_seq=(6000, 5)
2020-10-05 13:31:22,529 - __main__ - DEBUG - QR 0, Loss=0.05639312763397513
2020-10-05 13:31:22,530 - __main__ - DEBUG - QR 1, Loss=0.05705814988537097
2020-10-05 13:31:22,530 - __main__ - DEBUG - QR 2, Loss=0.055912714875715024
2020-10-05 13:31:22,530 - __main__ - DEBUG - QR 3, Loss=0.05422126039846184
2020-10-05 13:31:22,530 - __main__ - DEBUG - QR 4, Loss=0.055696015437888956
2020-10-05 13:31:39,499 - __main__ - INFO - innate_buffer=2000, innate_train_len=2000, innate_val_len=2000
2020-10-05 13:31:39,499 - __main__ - INFO - target_state_list=(6000, 25), target_innate_seq=(6000, 5)
2020-10-05 13:32:08,236 - __main__ - DEBUG - QR 0, Loss=0.05645102233231391
2020-10-05 13:32:08,237 - __main__ - DEBUG - QR 1, Loss=0.057027424749761316
2020-10-05 13:32:08,237 - __main__ - DEBUG - QR 2, Loss=0.055912083664589614
2020-10-05 13:32:08,237 - __main__ - DEBUG - QR 3, Loss=0.05334438022441821
2020-10-05 13:32:08,237 - __main__ - DEBUG - QR 4, Loss=0.055607930240785496
2020-10-05 13:32:25,052 - __main__ - INFO - innate_buffer=2000, innate_train_len=2000, innate_val_len=2000
2020-10-05 13:32:25,052 - __main__ - INFO - target_state_list=(6000, 25), target_innate_seq=(6000, 5)
2020-10-05 13:34:09,462 - __main__ - DEBUG - QR 0, Loss=0.054729787016216815
2020-10-05 13:34:09,462 - __main__ - DEBUG - QR 1, Loss=0.053965164795235755
2020-10-05 13:34:09,463 - __main__ - DEBUG - QR 2, Loss=0.05564183115251236
2020-10-05 13:34:09,463 - __main__ - DEBUG - QR 3, Loss=0.053768179711169484
2020-10-05 13:34:09,463 - __main__ - DEBUG - QR 4, Loss=0.05438805990894112
2020-10-05 13:34:19,944 - __main__ - INFO - innate_buffer=2000, innate_train_len=2000, innate_val_len=2000
2020-10-05 13:34:19,944 - __main__ - INFO - target_state_list=(6000, 25), target_innate_seq=(6000, 5)
2020-10-05 13:37:14,930 - __main__ - DEBUG - QR 0, Loss=0.05473271591060425
2020-10-05 13:37:14,930 - __main__ - DEBUG - QR 1, Loss=0.05395382728433688
2020-10-05 13:37:14,930 - __main__ - DEBUG - QR 2, Loss=0.05564454841628066
2020-10-05 13:37:14,930 - __main__ - DEBUG - QR 3, Loss=0.053711247549392695
2020-10-05 13:37:14,930 - __main__ - DEBUG - QR 4, Loss=0.05440694911167466
2020-10-05 13:37:31,420 - __main__ - INFO - innate_buffer=2000, innate_train_len=2000, innate_val_len=2000
2020-10-05 13:37:31,420 - __main__ - INFO - target_state_list=(6000, 25), target_innate_seq=(6000, 5)
2020-10-05 13:37:44,070 - __main__ - DEBUG - QR 0, Loss=0.05473847967286267
2020-10-05 13:37:44,070 - __main__ - DEBUG - QR 1, Loss=0.05390243394200501
2020-10-05 13:37:44,070 - __main__ - DEBUG - QR 2, Loss=0.05564351796389255
2020-10-05 13:37:44,071 - __main__ - DEBUG - QR 3, Loss=0.05380811048822564
2020-10-05 13:37:44,071 - __main__ - DEBUG - QR 4, Loss=0.054425135982889776
2020-10-05 13:38:01,511 - __main__ - INFO - innate_buffer=2000, innate_train_len=2000, innate_val_len=2000
2020-10-05 13:38:01,512 - __main__ - INFO - target_state_list=(6000, 25), target_innate_seq=(6000, 5)
2020-10-05 13:39:50,647 - __main__ - DEBUG - QR 0, Loss=0.05549937440358991
2020-10-05 13:39:50,647 - __main__ - DEBUG - QR 1, Loss=0.054325882801703765
2020-10-05 13:39:50,647 - __main__ - DEBUG - QR 2, Loss=0.055490667173993403
2020-10-05 13:39:50,648 - __main__ - DEBUG - QR 3, Loss=0.05435221060090975
2020-10-05 13:39:50,648 - __main__ - DEBUG - QR 4, Loss=0.05608844855629684
2020-10-05 13:40:07,715 - __main__ - INFO - innate_buffer=2000, innate_train_len=2000, innate_val_len=2000
2020-10-05 13:40:07,716 - __main__ - INFO - target_state_list=(6000, 25), target_innate_seq=(6000, 5)
2020-10-05 13:43:08,358 - __main__ - DEBUG - QR 0, Loss=0.055560985539933105
2020-10-05 13:43:08,358 - __main__ - DEBUG - QR 1, Loss=0.05440959027901338
2020-10-05 13:43:08,359 - __main__ - DEBUG - QR 2, Loss=0.055494534038326514
2020-10-05 13:43:08,359 - __main__ - DEBUG - QR 3, Loss=0.0542841098571592
2020-10-05 13:43:08,359 - __main__ - DEBUG - QR 4, Loss=0.05609744940279053
2020-10-05 13:43:14,334 - __main__ - DEBUG - QR 0, Loss=0.05554027765187219
2020-10-05 13:43:14,334 - __main__ - DEBUG - QR 1, Loss=0.05440026951700444
2020-10-05 13:43:14,335 - __main__ - DEBUG - QR 2, Loss=0.055488499809053154
2020-10-05 13:43:14,335 - __main__ - DEBUG - QR 3, Loss=0.05429288454581258
2020-10-05 13:43:14,335 - __main__ - DEBUG - QR 4, Loss=0.056106805867165176
2020-10-05 13:43:22,122 - __main__ - INFO - innate_buffer=2000, innate_train_len=2000, innate_val_len=2000
2020-10-05 13:43:22,122 - __main__ - INFO - target_state_list=(6000, 25), target_innate_seq=(6000, 5)
2020-10-05 13:43:31,114 - __main__ - INFO - innate_buffer=2000, innate_train_len=2000, innate_val_len=2000
2020-10-05 13:43:31,114 - __main__ - INFO - target_state_list=(6000, 25), target_innate_seq=(6000, 5)
2020-10-05 13:44:47,958 - __main__ - DEBUG - QR 0, Loss=0.05358387792879297
2020-10-05 13:44:47,959 - __main__ - DEBUG - QR 1, Loss=0.05473573456427877
2020-10-05 13:44:47,959 - __main__ - DEBUG - QR 2, Loss=0.05370461038889864
2020-10-05 13:44:47,959 - __main__ - DEBUG - QR 3, Loss=0.05441794127212546
2020-10-05 13:44:47,959 - __main__ - DEBUG - QR 4, Loss=0.05393940336497054
2020-10-05 13:44:47,959 - __main__ - INFO - do_narma=0, Ntrials=10, total loss avg=0.05473831619861819, std=0.0004802606845715163
2020-10-05 13:46:57,852 - __main__ - DEBUG - QR 0, Loss=0.05358984284250004
2020-10-05 13:46:57,852 - __main__ - DEBUG - QR 1, Loss=0.05472847407506622
2020-10-05 13:46:57,852 - __main__ - DEBUG - QR 2, Loss=0.05368301558887832
2020-10-05 13:46:57,852 - __main__ - DEBUG - QR 3, Loss=0.05422748621419761
2020-10-05 13:46:57,852 - __main__ - DEBUG - QR 4, Loss=0.05328397664044186
2020-10-05 13:46:57,852 - __main__ - INFO - do_narma=0, Ntrials=10, total loss avg=0.05489673946855901, std=0.0008650248497508574
2020-10-05 13:47:20,984 - __main__ - DEBUG - QR 0, Loss=0.05360645066492642
2020-10-05 13:47:20,984 - __main__ - DEBUG - QR 1, Loss=0.054728710937026054
2020-10-05 13:47:20,985 - __main__ - DEBUG - QR 2, Loss=0.053872075016524745
2020-10-05 13:47:20,985 - __main__ - DEBUG - QR 3, Loss=0.0544708230668103
2020-10-05 13:47:20,985 - __main__ - DEBUG - QR 4, Loss=0.05326026820101063
2020-10-05 13:47:20,985 - __main__ - INFO - do_narma=0, Ntrials=10, total loss avg=0.05477986767585473, std=0.0005269519321628811
