2020-10-05 14:20:06,230 - __main__ - INFO - n_units=5
2020-10-05 14:20:06,230 - __main__ - INFO - max_energy=1.0
2020-10-05 14:20:06,230 - __main__ - INFO - beta=1e-14
2020-10-05 14:20:06,230 - __main__ - INFO - taudelta=1.0
2020-10-05 14:20:06,230 - __main__ - INFO - V=1
2020-10-05 14:20:06,230 - __main__ - INFO - layers=5
2020-10-05 14:20:06,231 - __main__ - INFO - train_len=2000, val_len=2000, buffer=2000
2020-10-05 14:20:06,231 - __main__ - INFO - alpha=0.5, Ntrials=10
2020-10-05 14:20:06,231 - __main__ - INFO - noise=3.0000000000000004e-05, learning rate=0.0,scale_input=0.2
2020-10-05 14:20:06,262 - __main__ - INFO - n_units=5
2020-10-05 14:20:06,262 - __main__ - INFO - max_energy=1.0
2020-10-05 14:20:06,262 - __main__ - INFO - beta=1e-14
2020-10-05 14:20:06,262 - __main__ - INFO - taudelta=2.0
2020-10-05 14:20:06,262 - __main__ - INFO - V=1
2020-10-05 14:20:06,262 - __main__ - INFO - layers=5
2020-10-05 14:20:06,262 - __main__ - INFO - train_len=2000, val_len=2000, buffer=2000
2020-10-05 14:20:06,263 - __main__ - INFO - alpha=0.5, Ntrials=10
2020-10-05 14:20:06,263 - __main__ - INFO - noise=3.0000000000000004e-05, learning rate=0.0,scale_input=0.2
2020-10-05 14:20:06,316 - __main__ - INFO - n_units=5
2020-10-05 14:20:06,316 - __main__ - INFO - max_energy=1.0
2020-10-05 14:20:06,317 - __main__ - INFO - beta=1e-14
2020-10-05 14:20:06,317 - __main__ - INFO - taudelta=4.0
2020-10-05 14:20:06,317 - __main__ - INFO - V=1
2020-10-05 14:20:06,317 - __main__ - INFO - layers=5
2020-10-05 14:20:06,317 - __main__ - INFO - train_len=2000, val_len=2000, buffer=2000
2020-10-05 14:20:06,317 - __main__ - INFO - alpha=0.5, Ntrials=10
2020-10-05 14:20:06,317 - __main__ - INFO - noise=3.0000000000000004e-05, learning rate=0.0,scale_input=0.2
2020-10-05 14:20:19,804 - __main__ - INFO - innate_buffer=2000, innate_train_len=2000, innate_val_len=2000
2020-10-05 14:20:19,804 - __main__ - INFO - target_state_list=(6000, 25), target_innate_seq=(6000, 5)
2020-10-05 14:20:20,467 - __main__ - INFO - innate_buffer=2000, innate_train_len=2000, innate_val_len=2000
2020-10-05 14:20:20,467 - __main__ - INFO - target_state_list=(6000, 25), target_innate_seq=(6000, 5)
2020-10-05 14:20:22,602 - __main__ - INFO - innate_buffer=2000, innate_train_len=2000, innate_val_len=2000
2020-10-05 14:20:22,602 - __main__ - INFO - target_state_list=(6000, 25), target_innate_seq=(6000, 5)
2020-10-05 14:20:34,407 - __main__ - DEBUG - QR 0, Loss=0.011030641903010391
2020-10-05 14:20:34,407 - __main__ - DEBUG - QR 1, Loss=0.006087452465467304
2020-10-05 14:20:34,408 - __main__ - DEBUG - QR 2, Loss=0.005698037080893329
2020-10-05 14:20:34,408 - __main__ - DEBUG - QR 3, Loss=0.030748071706955784
2020-10-05 14:20:34,408 - __main__ - DEBUG - QR 4, Loss=0.006296742894919893
2020-10-05 14:20:36,832 - __main__ - DEBUG - QR 0, Loss=0.018364338637580874
2020-10-05 14:20:36,832 - __main__ - DEBUG - QR 1, Loss=0.005401025142607252
2020-10-05 14:20:36,832 - __main__ - DEBUG - QR 2, Loss=0.005429646747134072
2020-10-05 14:20:36,833 - __main__ - DEBUG - QR 3, Loss=0.024505973003172622
2020-10-05 14:20:36,833 - __main__ - DEBUG - QR 4, Loss=0.005846311699644683
2020-10-05 14:20:39,878 - __main__ - DEBUG - QR 0, Loss=0.006317115283571803
2020-10-05 14:20:39,879 - __main__ - DEBUG - QR 1, Loss=0.0060299636932087735
2020-10-05 14:20:39,879 - __main__ - DEBUG - QR 2, Loss=0.005937937579705058
2020-10-05 14:20:39,879 - __main__ - DEBUG - QR 3, Loss=0.0064766160678320075
2020-10-05 14:20:39,879 - __main__ - DEBUG - QR 4, Loss=0.005486639561657871
2020-10-05 14:20:50,662 - __main__ - INFO - innate_buffer=2000, innate_train_len=2000, innate_val_len=2000
2020-10-05 14:20:50,662 - __main__ - INFO - target_state_list=(6000, 25), target_innate_seq=(6000, 5)
2020-10-05 14:20:54,146 - __main__ - INFO - innate_buffer=2000, innate_train_len=2000, innate_val_len=2000
2020-10-05 14:20:54,146 - __main__ - INFO - target_state_list=(6000, 25), target_innate_seq=(6000, 5)
2020-10-05 14:20:56,198 - __main__ - INFO - innate_buffer=2000, innate_train_len=2000, innate_val_len=2000
2020-10-05 14:20:56,198 - __main__ - INFO - target_state_list=(6000, 25), target_innate_seq=(6000, 5)
2020-10-05 14:21:06,359 - __main__ - DEBUG - QR 0, Loss=0.0073377709362930504
2020-10-05 14:21:06,359 - __main__ - DEBUG - QR 1, Loss=0.006388312077212392
2020-10-05 14:21:06,359 - __main__ - DEBUG - QR 2, Loss=0.00776566888966789
2020-10-05 14:21:06,359 - __main__ - DEBUG - QR 3, Loss=0.005487258534180247
2020-10-05 14:21:06,359 - __main__ - DEBUG - QR 4, Loss=0.008954073957605481
2020-10-05 14:21:09,935 - __main__ - DEBUG - QR 0, Loss=0.005485453347929751
2020-10-05 14:21:09,936 - __main__ - DEBUG - QR 1, Loss=0.005566301579426017
2020-10-05 14:21:09,937 - __main__ - DEBUG - QR 2, Loss=0.005744516634419362
2020-10-05 14:21:09,937 - __main__ - DEBUG - QR 3, Loss=0.005423759476993914
2020-10-05 14:21:09,937 - __main__ - DEBUG - QR 4, Loss=0.007370838573897623
2020-10-05 14:21:13,256 - __main__ - DEBUG - QR 0, Loss=0.006604333415195434
2020-10-05 14:21:13,256 - __main__ - DEBUG - QR 1, Loss=0.005501331171391193
2020-10-05 14:21:13,256 - __main__ - DEBUG - QR 2, Loss=0.006808416824867747
2020-10-05 14:21:13,256 - __main__ - DEBUG - QR 3, Loss=0.0062630212878991755
2020-10-05 14:21:13,256 - __main__ - DEBUG - QR 4, Loss=0.008786079631186912
2020-10-05 14:21:23,133 - __main__ - INFO - innate_buffer=2000, innate_train_len=2000, innate_val_len=2000
2020-10-05 14:21:23,133 - __main__ - INFO - target_state_list=(6000, 25), target_innate_seq=(6000, 5)
2020-10-05 14:21:26,716 - __main__ - INFO - innate_buffer=2000, innate_train_len=2000, innate_val_len=2000
2020-10-05 14:21:26,716 - __main__ - INFO - target_state_list=(6000, 25), target_innate_seq=(6000, 5)
2020-10-05 14:21:29,306 - __main__ - INFO - innate_buffer=2000, innate_train_len=2000, innate_val_len=2000
2020-10-05 14:21:29,306 - __main__ - INFO - target_state_list=(6000, 25), target_innate_seq=(6000, 5)
2020-10-05 14:21:39,236 - __main__ - DEBUG - QR 0, Loss=0.016701878588903093
2020-10-05 14:21:39,236 - __main__ - DEBUG - QR 1, Loss=0.005947523290504355
2020-10-05 14:21:39,236 - __main__ - DEBUG - QR 2, Loss=0.006810104337990715
2020-10-05 14:21:39,236 - __main__ - DEBUG - QR 3, Loss=0.005847014462870044
2020-10-05 14:21:39,236 - __main__ - DEBUG - QR 4, Loss=0.011626053466682112
2020-10-05 14:21:43,580 - __main__ - DEBUG - QR 0, Loss=0.01744545454585499
2020-10-05 14:21:43,580 - __main__ - DEBUG - QR 1, Loss=0.005507015818045317
2020-10-05 14:21:43,581 - __main__ - DEBUG - QR 2, Loss=0.015607968597394106
2020-10-05 14:21:43,581 - __main__ - DEBUG - QR 3, Loss=0.005573598836681163
2020-10-05 14:21:43,581 - __main__ - DEBUG - QR 4, Loss=0.010767710810296177
2020-10-05 14:21:45,310 - __main__ - DEBUG - QR 0, Loss=0.010589708638283443
2020-10-05 14:21:45,310 - __main__ - DEBUG - QR 1, Loss=0.00550652490514852
2020-10-05 14:21:45,310 - __main__ - DEBUG - QR 2, Loss=0.005649317078383091
2020-10-05 14:21:45,310 - __main__ - DEBUG - QR 3, Loss=0.005883267746967069
2020-10-05 14:21:45,311 - __main__ - DEBUG - QR 4, Loss=0.005976433503422383
2020-10-05 14:21:56,458 - __main__ - INFO - innate_buffer=2000, innate_train_len=2000, innate_val_len=2000
2020-10-05 14:21:56,458 - __main__ - INFO - target_state_list=(6000, 25), target_innate_seq=(6000, 5)
2020-10-05 14:21:59,534 - __main__ - INFO - innate_buffer=2000, innate_train_len=2000, innate_val_len=2000
2020-10-05 14:21:59,534 - __main__ - INFO - target_state_list=(6000, 25), target_innate_seq=(6000, 5)
2020-10-05 14:22:02,334 - __main__ - INFO - innate_buffer=2000, innate_train_len=2000, innate_val_len=2000
2020-10-05 14:22:02,334 - __main__ - INFO - target_state_list=(6000, 25), target_innate_seq=(6000, 5)
2020-10-05 14:22:12,922 - __main__ - DEBUG - QR 0, Loss=0.005276557932422544
2020-10-05 14:22:12,923 - __main__ - DEBUG - QR 1, Loss=0.022802039826240995
2020-10-05 14:22:12,923 - __main__ - DEBUG - QR 2, Loss=0.010856585198920243
2020-10-05 14:22:12,923 - __main__ - DEBUG - QR 3, Loss=0.007086492918330919
2020-10-05 14:22:12,923 - __main__ - DEBUG - QR 4, Loss=0.005440949468832137
2020-10-05 14:22:15,588 - __main__ - DEBUG - QR 0, Loss=0.005276186307848966
2020-10-05 14:22:15,588 - __main__ - DEBUG - QR 1, Loss=0.020890559216761008
2020-10-05 14:22:15,588 - __main__ - DEBUG - QR 2, Loss=0.007172857976896991
2020-10-05 14:22:15,588 - __main__ - DEBUG - QR 3, Loss=0.006151805432192692
2020-10-05 14:22:15,589 - __main__ - DEBUG - QR 4, Loss=0.00548746227971021
2020-10-05 14:22:19,713 - __main__ - DEBUG - QR 0, Loss=0.005276130076305886
2020-10-05 14:22:19,713 - __main__ - DEBUG - QR 1, Loss=0.012486380880664427
2020-10-05 14:22:19,713 - __main__ - DEBUG - QR 2, Loss=0.006634429579065107
2020-10-05 14:22:19,713 - __main__ - DEBUG - QR 3, Loss=0.005667053490591757
2020-10-05 14:22:19,714 - __main__ - DEBUG - QR 4, Loss=0.006212803410750871
2020-10-05 14:22:30,312 - __main__ - INFO - innate_buffer=2000, innate_train_len=2000, innate_val_len=2000
2020-10-05 14:22:30,312 - __main__ - INFO - target_state_list=(6000, 25), target_innate_seq=(6000, 5)
2020-10-05 14:22:32,892 - __main__ - INFO - innate_buffer=2000, innate_train_len=2000, innate_val_len=2000
2020-10-05 14:22:32,892 - __main__ - INFO - target_state_list=(6000, 25), target_innate_seq=(6000, 5)
2020-10-05 14:22:36,633 - __main__ - INFO - innate_buffer=2000, innate_train_len=2000, innate_val_len=2000
2020-10-05 14:22:36,633 - __main__ - INFO - target_state_list=(6000, 25), target_innate_seq=(6000, 5)
2020-10-05 14:22:46,175 - __main__ - DEBUG - QR 0, Loss=0.0071882874836632785
2020-10-05 14:22:46,175 - __main__ - DEBUG - QR 1, Loss=0.005483247669419784
2020-10-05 14:22:46,175 - __main__ - DEBUG - QR 2, Loss=0.011685725091524107
2020-10-05 14:22:46,175 - __main__ - DEBUG - QR 3, Loss=0.0057577773283995146
2020-10-05 14:22:46,176 - __main__ - DEBUG - QR 4, Loss=0.009544528731223335
2020-10-05 14:22:48,901 - __main__ - DEBUG - QR 0, Loss=0.005704365506908375
2020-10-05 14:22:48,901 - __main__ - DEBUG - QR 1, Loss=0.00547557618436087
2020-10-05 14:22:48,902 - __main__ - DEBUG - QR 2, Loss=0.008835699935213884
2020-10-05 14:22:48,902 - __main__ - DEBUG - QR 3, Loss=0.006750519985957602
2020-10-05 14:22:48,902 - __main__ - DEBUG - QR 4, Loss=0.005477851308451555
2020-10-05 14:22:53,382 - __main__ - DEBUG - QR 0, Loss=0.005849381998993716
2020-10-05 14:22:53,382 - __main__ - DEBUG - QR 1, Loss=0.005474345591931455
2020-10-05 14:22:53,383 - __main__ - DEBUG - QR 2, Loss=0.006336020069063079
2020-10-05 14:22:53,383 - __main__ - DEBUG - QR 3, Loss=0.0063142451333002
2020-10-05 14:22:53,383 - __main__ - DEBUG - QR 4, Loss=0.005472264039236278
2020-10-05 14:23:02,838 - __main__ - INFO - innate_buffer=2000, innate_train_len=2000, innate_val_len=2000
2020-10-05 14:23:02,838 - __main__ - INFO - target_state_list=(6000, 25), target_innate_seq=(6000, 5)
2020-10-05 14:23:06,128 - __main__ - INFO - innate_buffer=2000, innate_train_len=2000, innate_val_len=2000
2020-10-05 14:23:06,128 - __main__ - INFO - target_state_list=(6000, 25), target_innate_seq=(6000, 5)
2020-10-05 14:23:10,097 - __main__ - INFO - innate_buffer=2000, innate_train_len=2000, innate_val_len=2000
2020-10-05 14:23:10,097 - __main__ - INFO - target_state_list=(6000, 25), target_innate_seq=(6000, 5)
2020-10-05 14:23:19,702 - __main__ - DEBUG - QR 0, Loss=0.005502078586668239
2020-10-05 14:23:19,702 - __main__ - DEBUG - QR 1, Loss=0.010651304241147446
2020-10-05 14:23:19,702 - __main__ - DEBUG - QR 2, Loss=0.005977660698777223
2020-10-05 14:23:19,702 - __main__ - DEBUG - QR 3, Loss=0.006005889794304148
2020-10-05 14:23:19,702 - __main__ - DEBUG - QR 4, Loss=0.005580683899154599
2020-10-05 14:23:22,342 - __main__ - DEBUG - QR 0, Loss=0.005469125140879036
2020-10-05 14:23:22,342 - __main__ - DEBUG - QR 1, Loss=0.00959974316849644
2020-10-05 14:23:22,342 - __main__ - DEBUG - QR 2, Loss=0.006974227864348137
2020-10-05 14:23:22,342 - __main__ - DEBUG - QR 3, Loss=0.0058067321540966116
2020-10-05 14:23:22,343 - __main__ - DEBUG - QR 4, Loss=0.0061056341900530995
2020-10-05 14:23:27,504 - __main__ - DEBUG - QR 0, Loss=0.005442152972833133
2020-10-05 14:23:27,505 - __main__ - DEBUG - QR 1, Loss=0.008967611594055102
2020-10-05 14:23:27,505 - __main__ - DEBUG - QR 2, Loss=0.005581641256282312
2020-10-05 14:23:27,505 - __main__ - DEBUG - QR 3, Loss=0.00573705939804404
2020-10-05 14:23:27,505 - __main__ - DEBUG - QR 4, Loss=0.006119723489325565
2020-10-05 14:23:36,390 - __main__ - INFO - innate_buffer=2000, innate_train_len=2000, innate_val_len=2000
2020-10-05 14:23:36,391 - __main__ - INFO - target_state_list=(6000, 25), target_innate_seq=(6000, 5)
2020-10-05 14:23:39,015 - __main__ - INFO - innate_buffer=2000, innate_train_len=2000, innate_val_len=2000
2020-10-05 14:23:39,016 - __main__ - INFO - target_state_list=(6000, 25), target_innate_seq=(6000, 5)
2020-10-05 14:23:39,076 - __main__ - INFO - innate_buffer=2000, innate_train_len=2000, innate_val_len=2000
2020-10-05 14:23:39,076 - __main__ - INFO - target_state_list=(6000, 25), target_innate_seq=(6000, 5)
2020-10-05 14:23:48,821 - __main__ - DEBUG - QR 0, Loss=0.00544144276699796
2020-10-05 14:23:48,821 - __main__ - DEBUG - QR 1, Loss=0.0058760308570734105
2020-10-05 14:23:48,822 - __main__ - DEBUG - QR 2, Loss=0.005231781617700692
2020-10-05 14:23:48,822 - __main__ - DEBUG - QR 3, Loss=0.0054805540930276874
2020-10-05 14:23:48,822 - __main__ - DEBUG - QR 4, Loss=0.005782276826898675
2020-10-05 14:23:52,964 - __main__ - DEBUG - QR 0, Loss=0.005448075724105466
2020-10-05 14:23:52,965 - __main__ - DEBUG - QR 1, Loss=0.00587153365125301
2020-10-05 14:23:52,965 - __main__ - DEBUG - QR 2, Loss=0.006206746917275746
2020-10-05 14:23:52,965 - __main__ - DEBUG - QR 3, Loss=0.005523159276612865
2020-10-05 14:23:52,965 - __main__ - DEBUG - QR 4, Loss=0.006963377708535233
2020-10-05 14:23:55,573 - __main__ - DEBUG - QR 0, Loss=0.005461585081349883
2020-10-05 14:23:55,573 - __main__ - DEBUG - QR 1, Loss=0.00551377667631442
2020-10-05 14:23:55,574 - __main__ - DEBUG - QR 2, Loss=0.006461355395521343
2020-10-05 14:23:55,574 - __main__ - DEBUG - QR 3, Loss=0.0054661082143266995
2020-10-05 14:23:55,574 - __main__ - DEBUG - QR 4, Loss=0.005584090140121341
2020-10-05 14:23:58,991 - __main__ - INFO - innate_buffer=2000, innate_train_len=2000, innate_val_len=2000
2020-10-05 14:23:58,991 - __main__ - INFO - target_state_list=(6000, 25), target_innate_seq=(6000, 5)
2020-10-05 14:24:08,752 - __main__ - DEBUG - QR 0, Loss=0.006112182871691891
2020-10-05 14:24:08,753 - __main__ - DEBUG - QR 1, Loss=0.005882052091206163
2020-10-05 14:24:08,753 - __main__ - DEBUG - QR 2, Loss=0.005393385243061815
2020-10-05 14:24:08,753 - __main__ - DEBUG - QR 3, Loss=0.005378008710135199
2020-10-05 14:24:08,753 - __main__ - DEBUG - QR 4, Loss=0.00567087851412211
2020-10-05 14:24:09,580 - __main__ - INFO - innate_buffer=2000, innate_train_len=2000, innate_val_len=2000
2020-10-05 14:24:09,580 - __main__ - INFO - target_state_list=(6000, 25), target_innate_seq=(6000, 5)
2020-10-05 14:24:12,559 - __main__ - INFO - innate_buffer=2000, innate_train_len=2000, innate_val_len=2000
2020-10-05 14:24:12,559 - __main__ - INFO - target_state_list=(6000, 25), target_innate_seq=(6000, 5)
2020-10-05 14:24:18,882 - __main__ - INFO - innate_buffer=2000, innate_train_len=2000, innate_val_len=2000
2020-10-05 14:24:18,883 - __main__ - INFO - target_state_list=(6000, 25), target_innate_seq=(6000, 5)
2020-10-05 14:24:25,928 - __main__ - DEBUG - QR 0, Loss=0.005901899240053334
2020-10-05 14:24:25,928 - __main__ - DEBUG - QR 1, Loss=0.0063441750521630695
2020-10-05 14:24:25,928 - __main__ - DEBUG - QR 2, Loss=0.006649886155776364
2020-10-05 14:24:25,928 - __main__ - DEBUG - QR 3, Loss=0.005415073567579139
2020-10-05 14:24:25,928 - __main__ - DEBUG - QR 4, Loss=0.006708711484857241
2020-10-05 14:24:26,492 - __main__ - DEBUG - QR 0, Loss=0.006652768739614445
2020-10-05 14:24:26,492 - __main__ - DEBUG - QR 1, Loss=0.005507365297611522
2020-10-05 14:24:26,492 - __main__ - DEBUG - QR 2, Loss=0.006296400716898165
2020-10-05 14:24:26,492 - __main__ - DEBUG - QR 3, Loss=0.005446420404658085
2020-10-05 14:24:26,492 - __main__ - DEBUG - QR 4, Loss=0.007905823780768378
2020-10-05 14:24:28,573 - __main__ - DEBUG - QR 0, Loss=0.005499450725048391
2020-10-05 14:24:28,574 - __main__ - DEBUG - QR 1, Loss=0.005728195224653293
2020-10-05 14:24:28,574 - __main__ - DEBUG - QR 2, Loss=0.005606203061428832
2020-10-05 14:24:28,574 - __main__ - DEBUG - QR 3, Loss=0.015896229287587944
2020-10-05 14:24:28,574 - __main__ - DEBUG - QR 4, Loss=0.005483277380916004
2020-10-05 14:24:36,427 - __main__ - INFO - innate_buffer=2000, innate_train_len=2000, innate_val_len=2000
2020-10-05 14:24:36,427 - __main__ - INFO - target_state_list=(6000, 25), target_innate_seq=(6000, 5)
2020-10-05 14:24:38,596 - __main__ - INFO - innate_buffer=2000, innate_train_len=2000, innate_val_len=2000
2020-10-05 14:24:38,597 - __main__ - INFO - target_state_list=(6000, 25), target_innate_seq=(6000, 5)
2020-10-05 14:24:41,902 - __main__ - INFO - innate_buffer=2000, innate_train_len=2000, innate_val_len=2000
2020-10-05 14:24:41,902 - __main__ - INFO - target_state_list=(6000, 25), target_innate_seq=(6000, 5)
2020-10-05 14:24:45,898 - __main__ - DEBUG - QR 0, Loss=0.007204335908770547
2020-10-05 14:24:45,898 - __main__ - DEBUG - QR 1, Loss=0.0075802699997945
2020-10-05 14:24:45,898 - __main__ - DEBUG - QR 2, Loss=0.00559573626567887
2020-10-05 14:24:45,898 - __main__ - DEBUG - QR 3, Loss=0.006145026255761706
2020-10-05 14:24:45,898 - __main__ - DEBUG - QR 4, Loss=0.0054771577266571215
2020-10-05 14:24:48,159 - __main__ - DEBUG - QR 0, Loss=0.005563441027619762
2020-10-05 14:24:48,159 - __main__ - DEBUG - QR 1, Loss=0.006143606918560704
2020-10-05 14:24:48,159 - __main__ - DEBUG - QR 2, Loss=0.0055897609499132896
2020-10-05 14:24:48,159 - __main__ - DEBUG - QR 3, Loss=0.005930966798605492
2020-10-05 14:24:48,159 - __main__ - DEBUG - QR 4, Loss=0.006338871194394885
2020-10-05 14:24:48,160 - __main__ - INFO - do_narma=0, Ntrials=10, total loss avg=0.006388330910596152, std=0.0006605003309251085
2020-10-05 14:24:55,713 - __main__ - INFO - innate_buffer=2000, innate_train_len=2000, innate_val_len=2000
2020-10-05 14:24:55,713 - __main__ - INFO - target_state_list=(6000, 25), target_innate_seq=(6000, 5)
2020-10-05 14:24:57,745 - __main__ - DEBUG - QR 0, Loss=0.006173684047599784
2020-10-05 14:24:57,745 - __main__ - DEBUG - QR 1, Loss=0.0073031885029919185
2020-10-05 14:24:57,745 - __main__ - DEBUG - QR 2, Loss=0.005593860799110106
2020-10-05 14:24:57,745 - __main__ - DEBUG - QR 3, Loss=0.007389804796797733
2020-10-05 14:24:57,746 - __main__ - DEBUG - QR 4, Loss=0.005490010219859378
2020-10-05 14:25:04,780 - __main__ - DEBUG - QR 0, Loss=0.005559284296512656
2020-10-05 14:25:04,780 - __main__ - DEBUG - QR 1, Loss=0.006499330782141856
2020-10-05 14:25:04,781 - __main__ - DEBUG - QR 2, Loss=0.0055808317001131
2020-10-05 14:25:04,781 - __main__ - DEBUG - QR 3, Loss=0.005598016721346087
2020-10-05 14:25:04,781 - __main__ - DEBUG - QR 4, Loss=0.005821383283757193
2020-10-05 14:25:04,781 - __main__ - INFO - do_narma=0, Ntrials=10, total loss avg=0.007531506549819426, std=0.0021563245541155237
2020-10-05 14:25:07,593 - __main__ - INFO - innate_buffer=2000, innate_train_len=2000, innate_val_len=2000
2020-10-05 14:25:07,593 - __main__ - INFO - target_state_list=(6000, 25), target_innate_seq=(6000, 5)
2020-10-05 14:25:15,460 - __main__ - DEBUG - QR 0, Loss=0.005634725273692761
2020-10-05 14:25:15,461 - __main__ - DEBUG - QR 1, Loss=0.008291283718205021
2020-10-05 14:25:15,461 - __main__ - DEBUG - QR 2, Loss=0.005728433882081059
2020-10-05 14:25:15,461 - __main__ - DEBUG - QR 3, Loss=0.0066169846468268545
2020-10-05 14:25:15,461 - __main__ - DEBUG - QR 4, Loss=0.005323390136977239
2020-10-05 14:25:15,461 - __main__ - INFO - do_narma=0, Ntrials=10, total loss avg=0.007842888365290757, std=0.0019387527847635256
