2020-10-05 14:20:06,241 - __main__ - INFO - n_units=5
2020-10-05 14:20:06,241 - __main__ - INFO - max_energy=1.0
2020-10-05 14:20:06,241 - __main__ - INFO - beta=1e-14
2020-10-05 14:20:06,241 - __main__ - INFO - taudelta=1.0
2020-10-05 14:20:06,241 - __main__ - INFO - V=1
2020-10-05 14:20:06,242 - __main__ - INFO - layers=5
2020-10-05 14:20:06,242 - __main__ - INFO - train_len=2000, val_len=2000, buffer=2000
2020-10-05 14:20:06,242 - __main__ - INFO - alpha=0.5, Ntrials=10
2020-10-05 14:20:06,242 - __main__ - INFO - noise=0.0007, learning rate=0.0,scale_input=0.2
2020-10-05 14:20:06,279 - __main__ - INFO - n_units=5
2020-10-05 14:20:06,280 - __main__ - INFO - max_energy=1.0
2020-10-05 14:20:06,280 - __main__ - INFO - beta=1e-14
2020-10-05 14:20:06,280 - __main__ - INFO - taudelta=2.0
2020-10-05 14:20:06,280 - __main__ - INFO - V=1
2020-10-05 14:20:06,280 - __main__ - INFO - layers=5
2020-10-05 14:20:06,280 - __main__ - INFO - train_len=2000, val_len=2000, buffer=2000
2020-10-05 14:20:06,280 - __main__ - INFO - alpha=0.5, Ntrials=10
2020-10-05 14:20:06,280 - __main__ - INFO - noise=0.0007, learning rate=0.0,scale_input=0.2
2020-10-05 14:20:06,338 - __main__ - INFO - n_units=5
2020-10-05 14:20:06,338 - __main__ - INFO - max_energy=1.0
2020-10-05 14:20:06,338 - __main__ - INFO - beta=1e-14
2020-10-05 14:20:06,338 - __main__ - INFO - taudelta=4.0
2020-10-05 14:20:06,338 - __main__ - INFO - V=1
2020-10-05 14:20:06,338 - __main__ - INFO - layers=5
2020-10-05 14:20:06,338 - __main__ - INFO - train_len=2000, val_len=2000, buffer=2000
2020-10-05 14:20:06,339 - __main__ - INFO - alpha=0.5, Ntrials=10
2020-10-05 14:20:06,339 - __main__ - INFO - noise=0.0007, learning rate=0.0,scale_input=0.2
2020-10-05 14:20:20,227 - __main__ - INFO - innate_buffer=2000, innate_train_len=2000, innate_val_len=2000
2020-10-05 14:20:20,227 - __main__ - INFO - target_state_list=(6000, 25), target_innate_seq=(6000, 5)
2020-10-05 14:20:22,341 - __main__ - INFO - innate_buffer=2000, innate_train_len=2000, innate_val_len=2000
2020-10-05 14:20:22,341 - __main__ - INFO - target_state_list=(6000, 25), target_innate_seq=(6000, 5)
2020-10-05 14:20:23,349 - __main__ - INFO - innate_buffer=2000, innate_train_len=2000, innate_val_len=2000
2020-10-05 14:20:23,349 - __main__ - INFO - target_state_list=(6000, 25), target_innate_seq=(6000, 5)
2020-10-05 14:20:29,897 - __main__ - DEBUG - QR 0, Loss=0.027059040958921587
2020-10-05 14:20:29,897 - __main__ - DEBUG - QR 1, Loss=0.02628437881332435
2020-10-05 14:20:29,897 - __main__ - DEBUG - QR 2, Loss=0.025931292808559183
2020-10-05 14:20:29,897 - __main__ - DEBUG - QR 3, Loss=0.02657293486872722
2020-10-05 14:20:29,897 - __main__ - DEBUG - QR 4, Loss=0.026473567397498378
2020-10-05 14:20:38,474 - __main__ - DEBUG - QR 0, Loss=0.02843252397421497
2020-10-05 14:20:38,474 - __main__ - DEBUG - QR 1, Loss=0.02630357028475277
2020-10-05 14:20:38,474 - __main__ - DEBUG - QR 2, Loss=0.025871880329320696
2020-10-05 14:20:38,475 - __main__ - DEBUG - QR 3, Loss=0.040391457149149546
2020-10-05 14:20:38,475 - __main__ - DEBUG - QR 4, Loss=0.026615752308274232
2020-10-05 14:20:39,967 - __main__ - INFO - innate_buffer=2000, innate_train_len=2000, innate_val_len=2000
2020-10-05 14:20:39,967 - __main__ - INFO - target_state_list=(6000, 25), target_innate_seq=(6000, 5)
2020-10-05 14:20:40,263 - __main__ - DEBUG - QR 0, Loss=0.03238388861788566
2020-10-05 14:20:40,263 - __main__ - DEBUG - QR 1, Loss=0.02606297781739128
2020-10-05 14:20:40,264 - __main__ - DEBUG - QR 2, Loss=0.02581719542024723
2020-10-05 14:20:40,264 - __main__ - DEBUG - QR 3, Loss=0.03581007418700172
2020-10-05 14:20:40,264 - __main__ - DEBUG - QR 4, Loss=0.026534219845289943
2020-10-05 14:20:49,696 - __main__ - DEBUG - QR 0, Loss=0.026716696969306696
2020-10-05 14:20:49,696 - __main__ - DEBUG - QR 1, Loss=0.026544938192929322
2020-10-05 14:20:49,696 - __main__ - DEBUG - QR 2, Loss=0.02679011506395586
2020-10-05 14:20:49,696 - __main__ - DEBUG - QR 3, Loss=0.026492795808941975
2020-10-05 14:20:49,696 - __main__ - DEBUG - QR 4, Loss=0.027222609340456613
2020-10-05 14:20:55,919 - __main__ - INFO - innate_buffer=2000, innate_train_len=2000, innate_val_len=2000
2020-10-05 14:20:55,920 - __main__ - INFO - target_state_list=(6000, 25), target_innate_seq=(6000, 5)
2020-10-05 14:20:57,732 - __main__ - INFO - innate_buffer=2000, innate_train_len=2000, innate_val_len=2000
2020-10-05 14:20:57,733 - __main__ - INFO - target_state_list=(6000, 25), target_innate_seq=(6000, 5)
2020-10-05 14:20:59,765 - __main__ - INFO - innate_buffer=2000, innate_train_len=2000, innate_val_len=2000
2020-10-05 14:20:59,766 - __main__ - INFO - target_state_list=(6000, 25), target_innate_seq=(6000, 5)
2020-10-05 14:21:09,507 - __main__ - DEBUG - QR 0, Loss=0.027902227605632577
2020-10-05 14:21:09,508 - __main__ - DEBUG - QR 1, Loss=0.026592764033028658
2020-10-05 14:21:09,508 - __main__ - DEBUG - QR 2, Loss=0.02642174340463648
2020-10-05 14:21:09,508 - __main__ - DEBUG - QR 3, Loss=0.027009284138925425
2020-10-05 14:21:09,508 - __main__ - DEBUG - QR 4, Loss=0.026688196711546944
2020-10-05 14:21:11,918 - __main__ - DEBUG - QR 0, Loss=0.02688343687851543
2020-10-05 14:21:11,918 - __main__ - DEBUG - QR 1, Loss=0.026879987045134685
2020-10-05 14:21:11,918 - __main__ - DEBUG - QR 2, Loss=0.027061234453384937
2020-10-05 14:21:11,918 - __main__ - DEBUG - QR 3, Loss=0.026174396081989355
2020-10-05 14:21:11,918 - __main__ - DEBUG - QR 4, Loss=0.0272694113342238
2020-10-05 14:21:13,632 - __main__ - DEBUG - QR 0, Loss=0.026451264410511193
2020-10-05 14:21:13,632 - __main__ - DEBUG - QR 1, Loss=0.02660410340231097
2020-10-05 14:21:13,632 - __main__ - DEBUG - QR 2, Loss=0.026512444185777844
2020-10-05 14:21:13,633 - __main__ - DEBUG - QR 3, Loss=0.026202328974829936
2020-10-05 14:21:13,633 - __main__ - DEBUG - QR 4, Loss=0.026766428693789125
2020-10-05 14:21:19,614 - __main__ - INFO - innate_buffer=2000, innate_train_len=2000, innate_val_len=2000
2020-10-05 14:21:19,614 - __main__ - INFO - target_state_list=(6000, 25), target_innate_seq=(6000, 5)
2020-10-05 14:21:29,034 - __main__ - INFO - innate_buffer=2000, innate_train_len=2000, innate_val_len=2000
2020-10-05 14:21:29,034 - __main__ - INFO - target_state_list=(6000, 25), target_innate_seq=(6000, 5)
2020-10-05 14:21:29,399 - __main__ - DEBUG - QR 0, Loss=0.025486158653071654
2020-10-05 14:21:29,399 - __main__ - DEBUG - QR 1, Loss=0.02939645883328184
2020-10-05 14:21:29,399 - __main__ - DEBUG - QR 2, Loss=0.026537209158654845
2020-10-05 14:21:29,399 - __main__ - DEBUG - QR 3, Loss=0.026654150226373047
2020-10-05 14:21:29,399 - __main__ - DEBUG - QR 4, Loss=0.026370338701419537
2020-10-05 14:21:30,744 - __main__ - INFO - innate_buffer=2000, innate_train_len=2000, innate_val_len=2000
2020-10-05 14:21:30,744 - __main__ - INFO - target_state_list=(6000, 25), target_innate_seq=(6000, 5)
2020-10-05 14:21:39,583 - __main__ - INFO - innate_buffer=2000, innate_train_len=2000, innate_val_len=2000
2020-10-05 14:21:39,583 - __main__ - INFO - target_state_list=(6000, 25), target_innate_seq=(6000, 5)
2020-10-05 14:21:45,488 - __main__ - DEBUG - QR 0, Loss=0.030834147971510725
2020-10-05 14:21:45,488 - __main__ - DEBUG - QR 1, Loss=0.026676807904906893
2020-10-05 14:21:45,488 - __main__ - DEBUG - QR 2, Loss=0.026670593704791752
2020-10-05 14:21:45,488 - __main__ - DEBUG - QR 3, Loss=0.027009345591066915
2020-10-05 14:21:45,488 - __main__ - DEBUG - QR 4, Loss=0.028564298984797665
2020-10-05 14:21:47,865 - __main__ - DEBUG - QR 0, Loss=0.031247404094189978
2020-10-05 14:21:47,865 - __main__ - DEBUG - QR 1, Loss=0.02659730153727717
2020-10-05 14:21:47,865 - __main__ - DEBUG - QR 2, Loss=0.030097411114848125
2020-10-05 14:21:47,865 - __main__ - DEBUG - QR 3, Loss=0.026923349066118662
2020-10-05 14:21:47,865 - __main__ - DEBUG - QR 4, Loss=0.02821628680788181
2020-10-05 14:21:49,387 - __main__ - DEBUG - QR 0, Loss=0.02710126344774718
2020-10-05 14:21:49,387 - __main__ - DEBUG - QR 1, Loss=0.026446403514957823
2020-10-05 14:21:49,387 - __main__ - DEBUG - QR 2, Loss=0.026681600709528214
2020-10-05 14:21:49,387 - __main__ - DEBUG - QR 3, Loss=0.026954826145409942
2020-10-05 14:21:49,387 - __main__ - DEBUG - QR 4, Loss=0.026391281379929295
2020-10-05 14:21:59,507 - __main__ - INFO - innate_buffer=2000, innate_train_len=2000, innate_val_len=2000
2020-10-05 14:21:59,507 - __main__ - INFO - target_state_list=(6000, 25), target_innate_seq=(6000, 5)
2020-10-05 14:22:02,645 - __main__ - INFO - innate_buffer=2000, innate_train_len=2000, innate_val_len=2000
2020-10-05 14:22:02,645 - __main__ - INFO - target_state_list=(6000, 25), target_innate_seq=(6000, 5)
2020-10-05 14:22:05,499 - __main__ - INFO - innate_buffer=2000, innate_train_len=2000, innate_val_len=2000
2020-10-05 14:22:05,499 - __main__ - INFO - target_state_list=(6000, 25), target_innate_seq=(6000, 5)
2020-10-05 14:22:09,298 - __main__ - DEBUG - QR 0, Loss=0.02627428544465476
2020-10-05 14:22:09,298 - __main__ - DEBUG - QR 1, Loss=0.02744182386790086
2020-10-05 14:22:09,298 - __main__ - DEBUG - QR 2, Loss=0.026447920889589683
2020-10-05 14:22:09,298 - __main__ - DEBUG - QR 3, Loss=0.02712442036764579
2020-10-05 14:22:09,298 - __main__ - DEBUG - QR 4, Loss=0.02669560541018594
2020-10-05 14:22:18,734 - __main__ - DEBUG - QR 0, Loss=0.02548602530700671
2020-10-05 14:22:18,735 - __main__ - DEBUG - QR 1, Loss=0.035145716550412674
2020-10-05 14:22:18,735 - __main__ - DEBUG - QR 2, Loss=0.027927035319827268
2020-10-05 14:22:18,735 - __main__ - DEBUG - QR 3, Loss=0.02698280671154786
2020-10-05 14:22:18,735 - __main__ - DEBUG - QR 4, Loss=0.02621405634648503
2020-10-05 14:22:19,420 - __main__ - INFO - innate_buffer=2000, innate_train_len=2000, innate_val_len=2000
2020-10-05 14:22:19,420 - __main__ - INFO - target_state_list=(6000, 25), target_innate_seq=(6000, 5)
2020-10-05 14:22:22,187 - __main__ - DEBUG - QR 0, Loss=0.025485579257826598
2020-10-05 14:22:22,187 - __main__ - DEBUG - QR 1, Loss=0.033926123992677415
2020-10-05 14:22:22,187 - __main__ - DEBUG - QR 2, Loss=0.026625166622104183
2020-10-05 14:22:22,188 - __main__ - DEBUG - QR 3, Loss=0.02675799282961248
2020-10-05 14:22:22,188 - __main__ - DEBUG - QR 4, Loss=0.026229161406089347
2020-10-05 14:22:29,179 - __main__ - DEBUG - QR 0, Loss=0.026250089526497787
2020-10-05 14:22:29,179 - __main__ - DEBUG - QR 1, Loss=0.026174935421985828
2020-10-05 14:22:29,179 - __main__ - DEBUG - QR 2, Loss=0.024949859841877402
2020-10-05 14:22:29,179 - __main__ - DEBUG - QR 3, Loss=0.026400179092369597
2020-10-05 14:22:29,180 - __main__ - DEBUG - QR 4, Loss=0.0262816594430519
2020-10-05 14:22:35,572 - __main__ - INFO - innate_buffer=2000, innate_train_len=2000, innate_val_len=2000
2020-10-05 14:22:35,572 - __main__ - INFO - target_state_list=(6000, 25), target_innate_seq=(6000, 5)
2020-10-05 14:22:38,606 - __main__ - INFO - innate_buffer=2000, innate_train_len=2000, innate_val_len=2000
2020-10-05 14:22:38,606 - __main__ - INFO - target_state_list=(6000, 25), target_innate_seq=(6000, 5)
2020-10-05 14:22:39,354 - __main__ - INFO - innate_buffer=2000, innate_train_len=2000, innate_val_len=2000
2020-10-05 14:22:39,354 - __main__ - INFO - target_state_list=(6000, 25), target_innate_seq=(6000, 5)
2020-10-05 14:22:49,176 - __main__ - DEBUG - QR 0, Loss=0.026650531778251586
2020-10-05 14:22:49,176 - __main__ - DEBUG - QR 1, Loss=0.026598761001540527
2020-10-05 14:22:49,177 - __main__ - DEBUG - QR 2, Loss=0.026056000910967478
2020-10-05 14:22:49,177 - __main__ - DEBUG - QR 3, Loss=0.02594495416580528
2020-10-05 14:22:49,177 - __main__ - DEBUG - QR 4, Loss=0.027396505206726166
2020-10-05 14:22:51,712 - __main__ - DEBUG - QR 0, Loss=0.02744776886831586
2020-10-05 14:22:51,713 - __main__ - DEBUG - QR 1, Loss=0.02645148380584281
2020-10-05 14:22:51,713 - __main__ - DEBUG - QR 2, Loss=0.028462373404514282
2020-10-05 14:22:51,713 - __main__ - DEBUG - QR 3, Loss=0.02682536490442741
2020-10-05 14:22:51,713 - __main__ - DEBUG - QR 4, Loss=0.027629758151345614
2020-10-05 14:22:54,045 - __main__ - DEBUG - QR 0, Loss=0.027050156519382133
2020-10-05 14:22:54,045 - __main__ - DEBUG - QR 1, Loss=0.02645044677478148
2020-10-05 14:22:54,045 - __main__ - DEBUG - QR 2, Loss=0.027396173138092617
2020-10-05 14:22:54,045 - __main__ - DEBUG - QR 3, Loss=0.02706094395717602
2020-10-05 14:22:54,045 - __main__ - DEBUG - QR 4, Loss=0.026378898859324623
2020-10-05 14:22:59,365 - __main__ - INFO - innate_buffer=2000, innate_train_len=2000, innate_val_len=2000
2020-10-05 14:22:59,366 - __main__ - INFO - target_state_list=(6000, 25), target_innate_seq=(6000, 5)
2020-10-05 14:23:09,161 - __main__ - INFO - innate_buffer=2000, innate_train_len=2000, innate_val_len=2000
2020-10-05 14:23:09,161 - __main__ - INFO - target_state_list=(6000, 25), target_innate_seq=(6000, 5)
2020-10-05 14:23:09,217 - __main__ - DEBUG - QR 0, Loss=0.026565140866686248
2020-10-05 14:23:09,217 - __main__ - DEBUG - QR 1, Loss=0.026625611405229732
2020-10-05 14:23:09,217 - __main__ - DEBUG - QR 2, Loss=0.027029356283644453
2020-10-05 14:23:09,217 - __main__ - DEBUG - QR 3, Loss=0.030840414122723675
2020-10-05 14:23:09,217 - __main__ - DEBUG - QR 4, Loss=0.026461648664860917
2020-10-05 14:23:11,781 - __main__ - INFO - innate_buffer=2000, innate_train_len=2000, innate_val_len=2000
2020-10-05 14:23:11,781 - __main__ - INFO - target_state_list=(6000, 25), target_innate_seq=(6000, 5)
2020-10-05 14:23:19,410 - __main__ - INFO - innate_buffer=2000, innate_train_len=2000, innate_val_len=2000
2020-10-05 14:23:19,410 - __main__ - INFO - target_state_list=(6000, 25), target_innate_seq=(6000, 5)
2020-10-05 14:23:25,972 - __main__ - DEBUG - QR 0, Loss=0.026287374976649753
2020-10-05 14:23:25,972 - __main__ - DEBUG - QR 1, Loss=0.028060365666461445
2020-10-05 14:23:25,972 - __main__ - DEBUG - QR 2, Loss=0.026541745328224623
2020-10-05 14:23:25,972 - __main__ - DEBUG - QR 3, Loss=0.027271994793980427
2020-10-05 14:23:25,973 - __main__ - DEBUG - QR 4, Loss=0.026598368878031964
2020-10-05 14:23:28,202 - __main__ - DEBUG - QR 0, Loss=0.026274828010129706
2020-10-05 14:23:28,202 - __main__ - DEBUG - QR 1, Loss=0.027663208183984545
2020-10-05 14:23:28,202 - __main__ - DEBUG - QR 2, Loss=0.026792531571412023
2020-10-05 14:23:28,202 - __main__ - DEBUG - QR 3, Loss=0.02721116728831496
2020-10-05 14:23:28,202 - __main__ - DEBUG - QR 4, Loss=0.026693426889359943
2020-10-05 14:23:29,227 - __main__ - DEBUG - QR 0, Loss=0.026854224760147254
2020-10-05 14:23:29,228 - __main__ - DEBUG - QR 1, Loss=0.026982816486190143
2020-10-05 14:23:29,228 - __main__ - DEBUG - QR 2, Loss=0.02694426116689658
2020-10-05 14:23:29,228 - __main__ - DEBUG - QR 3, Loss=0.027065867682783556
2020-10-05 14:23:29,228 - __main__ - DEBUG - QR 4, Loss=0.025890690460316487
2020-10-05 14:23:29,228 - __main__ - INFO - do_narma=0, Ntrials=10, total loss avg=0.02673339682310589, std=0.00035985494078804285
2020-10-05 14:23:39,207 - __main__ - INFO - innate_buffer=2000, innate_train_len=2000, innate_val_len=2000
2020-10-05 14:23:39,207 - __main__ - INFO - target_state_list=(6000, 25), target_innate_seq=(6000, 5)
2020-10-05 14:23:43,637 - __main__ - INFO - innate_buffer=2000, innate_train_len=2000, innate_val_len=2000
2020-10-05 14:23:43,637 - __main__ - INFO - target_state_list=(6000, 25), target_innate_seq=(6000, 5)
2020-10-05 14:23:48,909 - __main__ - DEBUG - QR 0, Loss=0.026288027549556312
2020-10-05 14:23:48,909 - __main__ - DEBUG - QR 1, Loss=0.026108678743361664
2020-10-05 14:23:48,909 - __main__ - DEBUG - QR 2, Loss=0.025306586415406573
2020-10-05 14:23:48,909 - __main__ - DEBUG - QR 3, Loss=0.026403032547924515
2020-10-05 14:23:48,909 - __main__ - DEBUG - QR 4, Loss=0.026252563315785595
2020-10-05 14:23:58,973 - __main__ - INFO - innate_buffer=2000, innate_train_len=2000, innate_val_len=2000
2020-10-05 14:23:58,974 - __main__ - INFO - target_state_list=(6000, 25), target_innate_seq=(6000, 5)
2020-10-05 14:23:59,620 - __main__ - DEBUG - QR 0, Loss=0.026275462902036553
2020-10-05 14:23:59,620 - __main__ - DEBUG - QR 1, Loss=0.02619084031798758
2020-10-05 14:23:59,620 - __main__ - DEBUG - QR 2, Loss=0.025238115878354683
2020-10-05 14:23:59,620 - __main__ - DEBUG - QR 3, Loss=0.026408609346320756
2020-10-05 14:23:59,621 - __main__ - DEBUG - QR 4, Loss=0.026530718185075602
2020-10-05 14:24:08,660 - __main__ - DEBUG - QR 0, Loss=0.02677811971201465
2020-10-05 14:24:08,660 - __main__ - DEBUG - QR 1, Loss=0.026522691273892656
2020-10-05 14:24:08,660 - __main__ - DEBUG - QR 2, Loss=0.02625886246831691
2020-10-05 14:24:08,661 - __main__ - DEBUG - QR 3, Loss=0.025936408577832738
2020-10-05 14:24:08,661 - __main__ - DEBUG - QR 4, Loss=0.02783518464299944
2020-10-05 14:24:16,683 - __main__ - INFO - innate_buffer=2000, innate_train_len=2000, innate_val_len=2000
2020-10-05 14:24:16,683 - __main__ - INFO - target_state_list=(6000, 25), target_innate_seq=(6000, 5)
2020-10-05 14:24:22,954 - __main__ - INFO - innate_buffer=2000, innate_train_len=2000, innate_val_len=2000
2020-10-05 14:24:22,955 - __main__ - INFO - target_state_list=(6000, 25), target_innate_seq=(6000, 5)
2020-10-05 14:24:32,919 - __main__ - DEBUG - QR 0, Loss=0.02660132811385436
2020-10-05 14:24:32,919 - __main__ - DEBUG - QR 1, Loss=0.02671496837595742
2020-10-05 14:24:32,919 - __main__ - DEBUG - QR 2, Loss=0.026348536120038648
2020-10-05 14:24:32,920 - __main__ - DEBUG - QR 3, Loss=0.02593745738153027
2020-10-05 14:24:32,920 - __main__ - DEBUG - QR 4, Loss=0.027557797007411833
2020-10-05 14:24:39,088 - __main__ - DEBUG - QR 0, Loss=0.027061445143349492
2020-10-05 14:24:39,088 - __main__ - DEBUG - QR 1, Loss=0.026994010379871057
2020-10-05 14:24:39,088 - __main__ - DEBUG - QR 2, Loss=0.027023788991919585
2020-10-05 14:24:39,088 - __main__ - DEBUG - QR 3, Loss=0.02698212226155973
2020-10-05 14:24:39,089 - __main__ - DEBUG - QR 4, Loss=0.02643801038104075
2020-10-05 14:24:45,860 - __main__ - INFO - innate_buffer=2000, innate_train_len=2000, innate_val_len=2000
2020-10-05 14:24:45,860 - __main__ - INFO - target_state_list=(6000, 25), target_innate_seq=(6000, 5)
2020-10-05 14:24:55,400 - __main__ - DEBUG - QR 0, Loss=0.026768954261697054
2020-10-05 14:24:55,400 - __main__ - DEBUG - QR 1, Loss=0.026920371173396188
2020-10-05 14:24:55,400 - __main__ - DEBUG - QR 2, Loss=0.027023466925012736
2020-10-05 14:24:55,400 - __main__ - DEBUG - QR 3, Loss=0.027318494467406324
2020-10-05 14:24:55,400 - __main__ - DEBUG - QR 4, Loss=0.02643089188332903
2020-10-05 14:24:56,124 - __main__ - INFO - innate_buffer=2000, innate_train_len=2000, innate_val_len=2000
2020-10-05 14:24:56,124 - __main__ - INFO - target_state_list=(6000, 25), target_innate_seq=(6000, 5)
2020-10-05 14:25:04,947 - __main__ - INFO - innate_buffer=2000, innate_train_len=2000, innate_val_len=2000
2020-10-05 14:25:04,947 - __main__ - INFO - target_state_list=(6000, 25), target_innate_seq=(6000, 5)
2020-10-05 14:25:07,957 - __main__ - DEBUG - QR 0, Loss=0.02685448235319102
2020-10-05 14:25:07,957 - __main__ - DEBUG - QR 1, Loss=0.02707137055624347
2020-10-05 14:25:07,957 - __main__ - DEBUG - QR 2, Loss=0.026948982674522632
2020-10-05 14:25:07,957 - __main__ - DEBUG - QR 3, Loss=0.026980344530751186
2020-10-05 14:25:07,957 - __main__ - DEBUG - QR 4, Loss=0.025795818234826295
2020-10-05 14:25:07,957 - __main__ - INFO - do_narma=0, Ntrials=10, total loss avg=0.0272412602845997, std=0.0009690128489140661
2020-10-05 14:25:13,306 - __main__ - DEBUG - QR 0, Loss=0.026873441197952576
2020-10-05 14:25:13,306 - __main__ - DEBUG - QR 1, Loss=0.02758675985487543
2020-10-05 14:25:13,306 - __main__ - DEBUG - QR 2, Loss=0.026962711984349182
2020-10-05 14:25:13,306 - __main__ - DEBUG - QR 3, Loss=0.02724663570779393
2020-10-05 14:25:13,306 - __main__ - DEBUG - QR 4, Loss=0.02567956901297119
2020-10-05 14:25:13,306 - __main__ - INFO - do_narma=0, Ntrials=10, total loss avg=0.02735172426212919, std=0.0009453770474075904
