2020-10-05 12:53:00,894 - __main__ - INFO - n_units=5
2020-10-05 12:53:00,894 - __main__ - INFO - max_energy=1.0
2020-10-05 12:53:00,894 - __main__ - INFO - beta=1e-14
2020-10-05 12:53:00,894 - __main__ - INFO - taudelta=1.0
2020-10-05 12:53:00,895 - __main__ - INFO - V=1
2020-10-05 12:53:00,895 - __main__ - INFO - layers=5
2020-10-05 12:53:00,895 - __main__ - INFO - train_len=2000, val_len=2000, buffer=2000
2020-10-05 12:53:00,895 - __main__ - INFO - alpha=0.5, Ntrials=10
2020-10-05 12:53:00,895 - __main__ - INFO - noise=9e-06, learning rate=10.0,scale_input=0.2
2020-10-05 12:53:00,926 - __main__ - INFO - n_units=5
2020-10-05 12:53:00,926 - __main__ - INFO - max_energy=1.0
2020-10-05 12:53:00,926 - __main__ - INFO - beta=1e-14
2020-10-05 12:53:00,926 - __main__ - INFO - taudelta=2.0
2020-10-05 12:53:00,926 - __main__ - INFO - V=1
2020-10-05 12:53:00,926 - __main__ - INFO - layers=5
2020-10-05 12:53:00,926 - __main__ - INFO - train_len=2000, val_len=2000, buffer=2000
2020-10-05 12:53:00,926 - __main__ - INFO - alpha=0.5, Ntrials=10
2020-10-05 12:53:00,926 - __main__ - INFO - noise=9e-06, learning rate=10.0,scale_input=0.2
2020-10-05 12:53:00,977 - __main__ - INFO - n_units=5
2020-10-05 12:53:00,977 - __main__ - INFO - max_energy=1.0
2020-10-05 12:53:00,977 - __main__ - INFO - beta=1e-14
2020-10-05 12:53:00,977 - __main__ - INFO - taudelta=4.0
2020-10-05 12:53:00,977 - __main__ - INFO - V=1
2020-10-05 12:53:00,977 - __main__ - INFO - layers=5
2020-10-05 12:53:00,977 - __main__ - INFO - train_len=2000, val_len=2000, buffer=2000
2020-10-05 12:53:00,978 - __main__ - INFO - alpha=0.5, Ntrials=10
2020-10-05 12:53:00,978 - __main__ - INFO - noise=9e-06, learning rate=10.0,scale_input=0.2
2020-10-05 12:53:10,840 - __main__ - INFO - innate_buffer=2000, innate_train_len=2000, innate_val_len=2000
2020-10-05 12:53:10,840 - __main__ - INFO - target_state_list=(6000, 25), target_innate_seq=(6000, 5)
2020-10-05 12:53:17,559 - __main__ - INFO - innate_buffer=2000, innate_train_len=2000, innate_val_len=2000
2020-10-05 12:53:17,559 - __main__ - INFO - target_state_list=(6000, 25), target_innate_seq=(6000, 5)
2020-10-05 12:53:17,926 - __main__ - INFO - innate_buffer=2000, innate_train_len=2000, innate_val_len=2000
2020-10-05 12:53:17,926 - __main__ - INFO - target_state_list=(6000, 25), target_innate_seq=(6000, 5)
2020-10-05 12:56:34,473 - __main__ - DEBUG - QR 0, Loss=0.004805750746340444
2020-10-05 12:56:34,473 - __main__ - DEBUG - QR 1, Loss=0.003322759203216182
2020-10-05 12:56:34,473 - __main__ - DEBUG - QR 2, Loss=0.0031699650590242736
2020-10-05 12:56:34,474 - __main__ - DEBUG - QR 3, Loss=0.005306750236250113
2020-10-05 12:56:34,474 - __main__ - DEBUG - QR 4, Loss=0.0035047036607548593
2020-10-05 12:56:44,693 - __main__ - INFO - innate_buffer=2000, innate_train_len=2000, innate_val_len=2000
2020-10-05 12:56:44,693 - __main__ - INFO - target_state_list=(6000, 25), target_innate_seq=(6000, 5)
2020-10-05 12:58:55,156 - __main__ - DEBUG - QR 0, Loss=0.07740504338072281
2020-10-05 12:58:55,157 - __main__ - DEBUG - QR 1, Loss=0.003030729534104842
2020-10-05 12:58:55,157 - __main__ - DEBUG - QR 2, Loss=0.0030940962046149736
2020-10-05 12:58:55,157 - __main__ - DEBUG - QR 3, Loss=0.005019861829318965
2020-10-05 12:58:55,157 - __main__ - DEBUG - QR 4, Loss=0.0032396744466783663
2020-10-05 12:59:03,071 - __main__ - DEBUG - QR 0, Loss=0.0037680733063490115
2020-10-05 12:59:03,072 - __main__ - DEBUG - QR 1, Loss=0.0033682005403179367
2020-10-05 12:59:03,072 - __main__ - DEBUG - QR 2, Loss=0.003259340406827453
2020-10-05 12:59:03,072 - __main__ - DEBUG - QR 3, Loss=0.005113932006300824
2020-10-05 12:59:03,072 - __main__ - DEBUG - QR 4, Loss=0.003006892743234718
2020-10-05 12:59:11,797 - __main__ - INFO - innate_buffer=2000, innate_train_len=2000, innate_val_len=2000
2020-10-05 12:59:11,798 - __main__ - INFO - target_state_list=(6000, 25), target_innate_seq=(6000, 5)
2020-10-05 12:59:19,820 - __main__ - INFO - innate_buffer=2000, innate_train_len=2000, innate_val_len=2000
2020-10-05 12:59:19,820 - __main__ - INFO - target_state_list=(6000, 25), target_innate_seq=(6000, 5)
2020-10-05 13:00:10,075 - __main__ - DEBUG - QR 0, Loss=0.009672977740163817
2020-10-05 13:00:10,075 - __main__ - DEBUG - QR 1, Loss=0.0034137458063811937
2020-10-05 13:00:10,075 - __main__ - DEBUG - QR 2, Loss=0.004094194027146207
2020-10-05 13:00:10,076 - __main__ - DEBUG - QR 3, Loss=0.0031593870333055407
2020-10-05 13:00:10,076 - __main__ - DEBUG - QR 4, Loss=0.0037558035912709925
2020-10-05 13:00:20,349 - __main__ - INFO - innate_buffer=2000, innate_train_len=2000, innate_val_len=2000
2020-10-05 13:00:20,349 - __main__ - INFO - target_state_list=(6000, 25), target_innate_seq=(6000, 5)
2020-10-05 13:03:25,775 - __main__ - DEBUG - QR 0, Loss=0.0029561856383008853
2020-10-05 13:03:25,775 - __main__ - DEBUG - QR 1, Loss=0.0029490747334974957
2020-10-05 13:03:25,775 - __main__ - DEBUG - QR 2, Loss=0.0033314885060945552
2020-10-05 13:03:25,775 - __main__ - DEBUG - QR 3, Loss=0.0029862018086363063
2020-10-05 13:03:25,776 - __main__ - DEBUG - QR 4, Loss=0.0038176602581750994
2020-10-05 13:03:42,328 - __main__ - INFO - innate_buffer=2000, innate_train_len=2000, innate_val_len=2000
2020-10-05 13:03:42,329 - __main__ - INFO - target_state_list=(6000, 25), target_innate_seq=(6000, 5)
2020-10-05 13:03:46,538 - __main__ - DEBUG - QR 0, Loss=0.005026992255098059
2020-10-05 13:03:46,538 - __main__ - DEBUG - QR 1, Loss=0.0030758750376540596
2020-10-05 13:03:46,538 - __main__ - DEBUG - QR 2, Loss=0.0037918697097717377
2020-10-05 13:03:46,538 - __main__ - DEBUG - QR 3, Loss=0.006013150086171293
2020-10-05 13:03:46,538 - __main__ - DEBUG - QR 4, Loss=0.0034773610213167188
2020-10-05 13:03:56,803 - __main__ - INFO - innate_buffer=2000, innate_train_len=2000, innate_val_len=2000
2020-10-05 13:03:56,803 - __main__ - INFO - target_state_list=(6000, 25), target_innate_seq=(6000, 5)
2020-10-05 13:04:54,049 - __main__ - DEBUG - QR 0, Loss=0.003694152214095921
2020-10-05 13:04:54,049 - __main__ - DEBUG - QR 1, Loss=0.002951681118726773
2020-10-05 13:04:54,049 - __main__ - DEBUG - QR 2, Loss=0.004006053769056862
2020-10-05 13:04:54,050 - __main__ - DEBUG - QR 3, Loss=0.004926325493164777
2020-10-05 13:04:54,050 - __main__ - DEBUG - QR 4, Loss=0.0038239432460888258
2020-10-05 13:05:10,996 - __main__ - INFO - innate_buffer=2000, innate_train_len=2000, innate_val_len=2000
2020-10-05 13:05:10,996 - __main__ - INFO - target_state_list=(6000, 25), target_innate_seq=(6000, 5)
2020-10-05 13:08:07,177 - __main__ - DEBUG - QR 0, Loss=0.0029980075164737097
2020-10-05 13:08:07,177 - __main__ - DEBUG - QR 1, Loss=0.004307208557006602
2020-10-05 13:08:07,177 - __main__ - DEBUG - QR 2, Loss=0.006564130851747248
2020-10-05 13:08:07,178 - __main__ - DEBUG - QR 3, Loss=0.004104576606386583
2020-10-05 13:08:07,178 - __main__ - DEBUG - QR 4, Loss=0.0029830464551173124
2020-10-05 13:08:24,099 - __main__ - INFO - innate_buffer=2000, innate_train_len=2000, innate_val_len=2000
2020-10-05 13:08:24,100 - __main__ - INFO - target_state_list=(6000, 25), target_innate_seq=(6000, 5)
2020-10-05 13:09:28,264 - __main__ - DEBUG - QR 0, Loss=0.004765394054448928
2020-10-05 13:09:28,264 - __main__ - DEBUG - QR 1, Loss=0.002936303973132628
2020-10-05 13:09:28,264 - __main__ - DEBUG - QR 2, Loss=0.003911187938866871
2020-10-05 13:09:28,264 - __main__ - DEBUG - QR 3, Loss=0.0029708196091017443
2020-10-05 13:09:28,264 - __main__ - DEBUG - QR 4, Loss=0.003354921527645714
2020-10-05 13:09:45,683 - __main__ - INFO - innate_buffer=2000, innate_train_len=2000, innate_val_len=2000
2020-10-05 13:09:45,683 - __main__ - INFO - target_state_list=(6000, 25), target_innate_seq=(6000, 5)
2020-10-05 13:09:56,875 - __main__ - DEBUG - QR 0, Loss=0.004946795033306857
2020-10-05 13:09:56,875 - __main__ - DEBUG - QR 1, Loss=0.0029350948164116575
2020-10-05 13:09:56,876 - __main__ - DEBUG - QR 2, Loss=0.0035764539052372504
2020-10-05 13:09:56,876 - __main__ - DEBUG - QR 3, Loss=0.004818269793750202
2020-10-05 13:09:56,876 - __main__ - DEBUG - QR 4, Loss=0.003353846994175887
2020-10-05 13:10:09,913 - __main__ - INFO - innate_buffer=2000, innate_train_len=2000, innate_val_len=2000
2020-10-05 13:10:09,913 - __main__ - INFO - target_state_list=(6000, 25), target_innate_seq=(6000, 5)
2020-10-05 13:13:39,178 - __main__ - DEBUG - QR 0, Loss=0.004266497533659548
2020-10-05 13:13:39,179 - __main__ - DEBUG - QR 1, Loss=0.003001464995110872
2020-10-05 13:13:39,179 - __main__ - DEBUG - QR 2, Loss=0.006172218134101726
2020-10-05 13:13:39,179 - __main__ - DEBUG - QR 3, Loss=0.0032679383611596315
2020-10-05 13:13:39,179 - __main__ - DEBUG - QR 4, Loss=0.0037662744090142235
2020-10-05 13:13:49,441 - __main__ - INFO - innate_buffer=2000, innate_train_len=2000, innate_val_len=2000
2020-10-05 13:13:49,441 - __main__ - INFO - target_state_list=(6000, 25), target_innate_seq=(6000, 5)
2020-10-05 13:15:15,105 - __main__ - DEBUG - QR 0, Loss=0.0029979533996771284
2020-10-05 13:15:15,105 - __main__ - DEBUG - QR 1, Loss=0.0045934703858191185
2020-10-05 13:15:15,105 - __main__ - DEBUG - QR 2, Loss=0.006748344115748246
2020-10-05 13:15:15,105 - __main__ - DEBUG - QR 3, Loss=0.0037242036667169288
2020-10-05 13:15:15,106 - __main__ - DEBUG - QR 4, Loss=0.003111925510537675
2020-10-05 13:15:31,090 - __main__ - DEBUG - QR 0, Loss=0.0029971506695911114
2020-10-05 13:15:31,090 - __main__ - DEBUG - QR 1, Loss=0.005269821009056317
2020-10-05 13:15:31,090 - __main__ - DEBUG - QR 2, Loss=0.0043665102684635445
2020-10-05 13:15:31,090 - __main__ - DEBUG - QR 3, Loss=0.0033015971014724176
2020-10-05 13:15:31,091 - __main__ - DEBUG - QR 4, Loss=0.003425818293463979
2020-10-05 13:15:32,486 - __main__ - INFO - innate_buffer=2000, innate_train_len=2000, innate_val_len=2000
2020-10-05 13:15:32,486 - __main__ - INFO - target_state_list=(6000, 25), target_innate_seq=(6000, 5)
2020-10-05 13:15:41,401 - __main__ - INFO - innate_buffer=2000, innate_train_len=2000, innate_val_len=2000
2020-10-05 13:15:41,402 - __main__ - INFO - target_state_list=(6000, 25), target_innate_seq=(6000, 5)
2020-10-05 13:19:11,064 - __main__ - DEBUG - QR 0, Loss=0.003049146090866101
2020-10-05 13:19:11,064 - __main__ - DEBUG - QR 1, Loss=0.0033242636639106127
2020-10-05 13:19:11,064 - __main__ - DEBUG - QR 2, Loss=0.0032174140985173623
2020-10-05 13:19:11,065 - __main__ - DEBUG - QR 3, Loss=0.0033526915401852087
2020-10-05 13:19:11,065 - __main__ - DEBUG - QR 4, Loss=0.0031867665537365004
2020-10-05 13:19:27,962 - __main__ - INFO - innate_buffer=2000, innate_train_len=2000, innate_val_len=2000
2020-10-05 13:19:27,963 - __main__ - INFO - target_state_list=(6000, 25), target_innate_seq=(6000, 5)
2020-10-05 13:20:53,119 - __main__ - DEBUG - QR 0, Loss=0.003259292912481872
2020-10-05 13:20:53,119 - __main__ - DEBUG - QR 1, Loss=0.002989963919986339
2020-10-05 13:20:53,120 - __main__ - DEBUG - QR 2, Loss=0.003978219818969799
2020-10-05 13:20:53,120 - __main__ - DEBUG - QR 3, Loss=0.0036170737049863962
2020-10-05 13:20:53,120 - __main__ - DEBUG - QR 4, Loss=0.0029824018788177724
2020-10-05 13:21:03,406 - __main__ - INFO - innate_buffer=2000, innate_train_len=2000, innate_val_len=2000
2020-10-05 13:21:03,406 - __main__ - INFO - target_state_list=(6000, 25), target_innate_seq=(6000, 5)
2020-10-05 13:21:10,538 - __main__ - DEBUG - QR 0, Loss=0.0032410222622016624
2020-10-05 13:21:10,538 - __main__ - DEBUG - QR 1, Loss=0.0029868377385593066
2020-10-05 13:21:10,538 - __main__ - DEBUG - QR 2, Loss=0.005495318385288234
2020-10-05 13:21:10,538 - __main__ - DEBUG - QR 3, Loss=0.003715298158738853
2020-10-05 13:21:10,539 - __main__ - DEBUG - QR 4, Loss=0.0030089882440651724
2020-10-05 13:21:27,349 - __main__ - INFO - innate_buffer=2000, innate_train_len=2000, innate_val_len=2000
2020-10-05 13:21:27,349 - __main__ - INFO - target_state_list=(6000, 25), target_innate_seq=(6000, 5)
2020-10-05 13:23:57,325 - __main__ - DEBUG - QR 0, Loss=0.0030996917564205346
2020-10-05 13:23:57,326 - __main__ - DEBUG - QR 1, Loss=0.003563667383047945
2020-10-05 13:23:57,326 - __main__ - DEBUG - QR 2, Loss=0.00368216939618325
2020-10-05 13:23:57,326 - __main__ - DEBUG - QR 3, Loss=0.0035282980800085515
2020-10-05 13:23:57,326 - __main__ - DEBUG - QR 4, Loss=0.003570038443286063
2020-10-05 13:24:14,515 - __main__ - INFO - innate_buffer=2000, innate_train_len=2000, innate_val_len=2000
2020-10-05 13:24:14,515 - __main__ - INFO - target_state_list=(6000, 25), target_innate_seq=(6000, 5)
2020-10-05 13:25:32,406 - __main__ - DEBUG - QR 0, Loss=0.00305219710720155
2020-10-05 13:25:32,406 - __main__ - DEBUG - QR 1, Loss=0.0034304444423054223
2020-10-05 13:25:32,406 - __main__ - DEBUG - QR 2, Loss=0.0030233014324837475
2020-10-05 13:25:32,406 - __main__ - DEBUG - QR 3, Loss=0.003420697553729401
2020-10-05 13:25:32,407 - __main__ - DEBUG - QR 4, Loss=0.00473994323459578
2020-10-05 13:25:49,413 - __main__ - INFO - innate_buffer=2000, innate_train_len=2000, innate_val_len=2000
2020-10-05 13:25:49,413 - __main__ - INFO - target_state_list=(6000, 25), target_innate_seq=(6000, 5)
2020-10-05 13:27:05,054 - __main__ - DEBUG - QR 0, Loss=0.0030474121391483927
2020-10-05 13:27:05,054 - __main__ - DEBUG - QR 1, Loss=0.003308832444280042
2020-10-05 13:27:05,055 - __main__ - DEBUG - QR 2, Loss=0.003373005140975262
2020-10-05 13:27:05,055 - __main__ - DEBUG - QR 3, Loss=0.0031847103887136146
2020-10-05 13:27:05,055 - __main__ - DEBUG - QR 4, Loss=0.0047004334468164965
2020-10-05 13:27:21,763 - __main__ - INFO - innate_buffer=2000, innate_train_len=2000, innate_val_len=2000
2020-10-05 13:27:21,764 - __main__ - INFO - target_state_list=(6000, 25), target_innate_seq=(6000, 5)
2020-10-05 13:28:46,511 - __main__ - DEBUG - QR 0, Loss=0.003248457444570434
2020-10-05 13:28:46,511 - __main__ - DEBUG - QR 1, Loss=0.003589584238855441
2020-10-05 13:28:46,512 - __main__ - DEBUG - QR 2, Loss=0.0035156821335973333
2020-10-05 13:28:46,512 - __main__ - DEBUG - QR 3, Loss=0.0029555668305658
2020-10-05 13:28:46,512 - __main__ - DEBUG - QR 4, Loss=0.0035302678220985907
2020-10-05 13:29:01,315 - __main__ - INFO - innate_buffer=2000, innate_train_len=2000, innate_val_len=2000
2020-10-05 13:29:01,316 - __main__ - INFO - target_state_list=(6000, 25), target_innate_seq=(6000, 5)
2020-10-05 13:31:19,457 - __main__ - DEBUG - QR 0, Loss=0.003219375725986311
2020-10-05 13:31:19,457 - __main__ - DEBUG - QR 1, Loss=0.004653928429125095
2020-10-05 13:31:19,457 - __main__ - DEBUG - QR 2, Loss=0.00322900971897096
2020-10-05 13:31:19,457 - __main__ - DEBUG - QR 3, Loss=0.0030603274976094314
2020-10-05 13:31:19,457 - __main__ - DEBUG - QR 4, Loss=0.003409886979791135
2020-10-05 13:31:36,705 - __main__ - INFO - innate_buffer=2000, innate_train_len=2000, innate_val_len=2000
2020-10-05 13:31:36,705 - __main__ - INFO - target_state_list=(6000, 25), target_innate_seq=(6000, 5)
2020-10-05 13:32:05,921 - __main__ - DEBUG - QR 0, Loss=0.0031009615673586767
2020-10-05 13:32:05,921 - __main__ - DEBUG - QR 1, Loss=0.0032623397126533976
2020-10-05 13:32:05,921 - __main__ - DEBUG - QR 2, Loss=0.003682565365752628
2020-10-05 13:32:05,922 - __main__ - DEBUG - QR 3, Loss=0.002921838974614646
2020-10-05 13:32:05,922 - __main__ - DEBUG - QR 4, Loss=0.003263536822346188
2020-10-05 13:32:22,844 - __main__ - INFO - innate_buffer=2000, innate_train_len=2000, innate_val_len=2000
2020-10-05 13:32:22,844 - __main__ - INFO - target_state_list=(6000, 25), target_innate_seq=(6000, 5)
2020-10-05 13:34:33,553 - __main__ - DEBUG - QR 0, Loss=0.0034693792390482914
2020-10-05 13:34:33,554 - __main__ - DEBUG - QR 1, Loss=0.004101213110076968
2020-10-05 13:34:33,554 - __main__ - DEBUG - QR 2, Loss=0.003039811518607044
2020-10-05 13:34:33,554 - __main__ - DEBUG - QR 3, Loss=0.004260743174047757
2020-10-05 13:34:33,554 - __main__ - DEBUG - QR 4, Loss=0.0031196916888449064
2020-10-05 13:34:50,629 - __main__ - INFO - innate_buffer=2000, innate_train_len=2000, innate_val_len=2000
2020-10-05 13:34:50,630 - __main__ - INFO - target_state_list=(6000, 25), target_innate_seq=(6000, 5)
2020-10-05 13:37:08,240 - __main__ - DEBUG - QR 0, Loss=0.0032819244840414296
2020-10-05 13:37:08,240 - __main__ - DEBUG - QR 1, Loss=0.004128528327834564
2020-10-05 13:37:08,241 - __main__ - DEBUG - QR 2, Loss=0.003045680388127836
2020-10-05 13:37:08,241 - __main__ - DEBUG - QR 3, Loss=0.00294696778267266
2020-10-05 13:37:08,241 - __main__ - DEBUG - QR 4, Loss=0.002978426378272164
2020-10-05 13:37:18,733 - __main__ - INFO - innate_buffer=2000, innate_train_len=2000, innate_val_len=2000
2020-10-05 13:37:18,734 - __main__ - INFO - target_state_list=(6000, 25), target_innate_seq=(6000, 5)
2020-10-05 13:38:01,628 - __main__ - DEBUG - QR 0, Loss=0.0033578210489151475
2020-10-05 13:38:01,628 - __main__ - DEBUG - QR 1, Loss=0.002976022326458457
2020-10-05 13:38:01,628 - __main__ - DEBUG - QR 2, Loss=0.0034869543375634963
2020-10-05 13:38:01,629 - __main__ - DEBUG - QR 3, Loss=0.0029585086153774264
2020-10-05 13:38:01,629 - __main__ - DEBUG - QR 4, Loss=0.0036112061234428432
2020-10-05 13:38:18,407 - __main__ - INFO - innate_buffer=2000, innate_train_len=2000, innate_val_len=2000
2020-10-05 13:38:18,407 - __main__ - INFO - target_state_list=(6000, 25), target_innate_seq=(6000, 5)
2020-10-05 13:40:21,133 - __main__ - DEBUG - QR 0, Loss=0.0031485139321221073
2020-10-05 13:40:21,134 - __main__ - DEBUG - QR 1, Loss=0.0034463420963747548
2020-10-05 13:40:21,134 - __main__ - DEBUG - QR 2, Loss=0.0035025094684089436
2020-10-05 13:40:21,134 - __main__ - DEBUG - QR 3, Loss=0.0032312922164582226
2020-10-05 13:40:21,134 - __main__ - DEBUG - QR 4, Loss=0.0029252087784696853
2020-10-05 13:40:21,134 - __main__ - INFO - do_narma=0, Ntrials=10, total loss avg=0.0038336211866390273, std=0.0004999865675886399
2020-10-05 13:42:25,204 - __main__ - DEBUG - QR 0, Loss=0.0030526507410991686
2020-10-05 13:42:25,204 - __main__ - DEBUG - QR 1, Loss=0.003302135186994121
2020-10-05 13:42:25,204 - __main__ - DEBUG - QR 2, Loss=0.00305260810136934
2020-10-05 13:42:25,205 - __main__ - DEBUG - QR 3, Loss=0.005227291983775283
2020-10-05 13:42:25,205 - __main__ - DEBUG - QR 4, Loss=0.0030753271584221405
2020-10-05 13:42:42,162 - __main__ - INFO - innate_buffer=2000, innate_train_len=2000, innate_val_len=2000
2020-10-05 13:42:42,162 - __main__ - INFO - target_state_list=(6000, 25), target_innate_seq=(6000, 5)
2020-10-05 13:43:28,096 - __main__ - DEBUG - QR 0, Loss=0.0036739849114578887
2020-10-05 13:43:28,096 - __main__ - DEBUG - QR 1, Loss=0.004170347905999693
2020-10-05 13:43:28,097 - __main__ - DEBUG - QR 2, Loss=0.0030430835238649265
2020-10-05 13:43:28,097 - __main__ - DEBUG - QR 3, Loss=0.003574865785586471
2020-10-05 13:43:28,098 - __main__ - DEBUG - QR 4, Loss=0.003101041421220881
2020-10-05 13:43:38,298 - __main__ - INFO - innate_buffer=2000, innate_train_len=2000, innate_val_len=2000
2020-10-05 13:43:38,298 - __main__ - INFO - target_state_list=(6000, 25), target_innate_seq=(6000, 5)
2020-10-05 13:46:59,295 - __main__ - DEBUG - QR 0, Loss=0.0029356255877332807
2020-10-05 13:46:59,295 - __main__ - DEBUG - QR 1, Loss=0.0034635250913452806
2020-10-05 13:46:59,295 - __main__ - DEBUG - QR 2, Loss=0.0029413412753490176
2020-10-05 13:46:59,295 - __main__ - DEBUG - QR 3, Loss=0.0029850264922098
2020-10-05 13:46:59,295 - __main__ - DEBUG - QR 4, Loss=0.003203101782393754
2020-10-05 13:46:59,295 - __main__ - INFO - do_narma=0, Ntrials=10, total loss avg=0.004974401950845404, std=0.004471655951510841
2020-10-05 13:46:59,384 - __main__ - DEBUG - QR 0, Loss=0.002939351944800607
2020-10-05 13:46:59,384 - __main__ - DEBUG - QR 1, Loss=0.003452389341793242
2020-10-05 13:46:59,384 - __main__ - DEBUG - QR 2, Loss=0.0029906716387120727
2020-10-05 13:46:59,384 - __main__ - DEBUG - QR 3, Loss=0.0031811705818501792
2020-10-05 13:46:59,384 - __main__ - DEBUG - QR 4, Loss=0.00856650104911956
2020-10-05 13:46:59,384 - __main__ - INFO - do_narma=0, Ntrials=10, total loss avg=0.0036839528435003545, std=0.00027678213992612824
