2020-10-05 14:20:06,232 - __main__ - INFO - n_units=5
2020-10-05 14:20:06,232 - __main__ - INFO - max_energy=1.0
2020-10-05 14:20:06,233 - __main__ - INFO - beta=1e-14
2020-10-05 14:20:06,233 - __main__ - INFO - taudelta=1.0
2020-10-05 14:20:06,233 - __main__ - INFO - V=1
2020-10-05 14:20:06,233 - __main__ - INFO - layers=5
2020-10-05 14:20:06,233 - __main__ - INFO - train_len=2000, val_len=2000, buffer=2000
2020-10-05 14:20:06,233 - __main__ - INFO - alpha=0.5, Ntrials=10
2020-10-05 14:20:06,233 - __main__ - INFO - noise=5e-05, learning rate=0.0,scale_input=0.2
2020-10-05 14:20:06,265 - __main__ - INFO - n_units=5
2020-10-05 14:20:06,265 - __main__ - INFO - max_energy=1.0
2020-10-05 14:20:06,266 - __main__ - INFO - beta=1e-14
2020-10-05 14:20:06,266 - __main__ - INFO - taudelta=2.0
2020-10-05 14:20:06,266 - __main__ - INFO - V=1
2020-10-05 14:20:06,266 - __main__ - INFO - layers=5
2020-10-05 14:20:06,266 - __main__ - INFO - train_len=2000, val_len=2000, buffer=2000
2020-10-05 14:20:06,266 - __main__ - INFO - alpha=0.5, Ntrials=10
2020-10-05 14:20:06,266 - __main__ - INFO - noise=5e-05, learning rate=0.0,scale_input=0.2
2020-10-05 14:20:06,319 - __main__ - INFO - n_units=5
2020-10-05 14:20:06,320 - __main__ - INFO - max_energy=1.0
2020-10-05 14:20:06,320 - __main__ - INFO - beta=1e-14
2020-10-05 14:20:06,320 - __main__ - INFO - taudelta=4.0
2020-10-05 14:20:06,320 - __main__ - INFO - V=1
2020-10-05 14:20:06,320 - __main__ - INFO - layers=5
2020-10-05 14:20:06,320 - __main__ - INFO - train_len=2000, val_len=2000, buffer=2000
2020-10-05 14:20:06,320 - __main__ - INFO - alpha=0.5, Ntrials=10
2020-10-05 14:20:06,320 - __main__ - INFO - noise=5e-05, learning rate=0.0,scale_input=0.2
2020-10-05 14:20:18,172 - __main__ - INFO - innate_buffer=2000, innate_train_len=2000, innate_val_len=2000
2020-10-05 14:20:18,173 - __main__ - INFO - target_state_list=(6000, 25), target_innate_seq=(6000, 5)
2020-10-05 14:20:22,773 - __main__ - INFO - innate_buffer=2000, innate_train_len=2000, innate_val_len=2000
2020-10-05 14:20:22,773 - __main__ - INFO - target_state_list=(6000, 25), target_innate_seq=(6000, 5)
2020-10-05 14:20:23,841 - __main__ - INFO - innate_buffer=2000, innate_train_len=2000, innate_val_len=2000
2020-10-05 14:20:23,842 - __main__ - INFO - target_state_list=(6000, 25), target_innate_seq=(6000, 5)
2020-10-05 14:20:34,493 - __main__ - DEBUG - QR 0, Loss=0.007774040264380857
2020-10-05 14:20:34,494 - __main__ - DEBUG - QR 1, Loss=0.007489305405387208
2020-10-05 14:20:34,494 - __main__ - DEBUG - QR 2, Loss=0.007366077622541775
2020-10-05 14:20:34,494 - __main__ - DEBUG - QR 3, Loss=0.00785427647243596
2020-10-05 14:20:34,494 - __main__ - DEBUG - QR 4, Loss=0.007080275030939077
2020-10-05 14:20:38,499 - __main__ - DEBUG - QR 0, Loss=0.011906083755897327
2020-10-05 14:20:38,500 - __main__ - DEBUG - QR 1, Loss=0.007536795662991311
2020-10-05 14:20:38,500 - __main__ - DEBUG - QR 2, Loss=0.007173610194898655
2020-10-05 14:20:38,500 - __main__ - DEBUG - QR 3, Loss=0.031094071822093127
2020-10-05 14:20:38,500 - __main__ - DEBUG - QR 4, Loss=0.007713963374041797
2020-10-05 14:20:40,265 - __main__ - DEBUG - QR 0, Loss=0.018953850535492027
2020-10-05 14:20:40,265 - __main__ - DEBUG - QR 1, Loss=0.006970467873883751
2020-10-05 14:20:40,266 - __main__ - DEBUG - QR 2, Loss=0.006963399045118027
2020-10-05 14:20:40,266 - __main__ - DEBUG - QR 3, Loss=0.024932218232313865
2020-10-05 14:20:40,266 - __main__ - DEBUG - QR 4, Loss=0.007355457556654873
2020-10-05 14:20:48,015 - __main__ - INFO - innate_buffer=2000, innate_train_len=2000, innate_val_len=2000
2020-10-05 14:20:48,015 - __main__ - INFO - target_state_list=(6000, 25), target_innate_seq=(6000, 5)
2020-10-05 14:20:53,832 - __main__ - INFO - innate_buffer=2000, innate_train_len=2000, innate_val_len=2000
2020-10-05 14:20:53,832 - __main__ - INFO - target_state_list=(6000, 25), target_innate_seq=(6000, 5)
2020-10-05 14:20:57,429 - __main__ - INFO - innate_buffer=2000, innate_train_len=2000, innate_val_len=2000
2020-10-05 14:20:57,429 - __main__ - INFO - target_state_list=(6000, 25), target_innate_seq=(6000, 5)
2020-10-05 14:21:03,339 - __main__ - DEBUG - QR 0, Loss=0.0079771894824873
2020-10-05 14:21:03,339 - __main__ - DEBUG - QR 1, Loss=0.00709522478788945
2020-10-05 14:21:03,339 - __main__ - DEBUG - QR 2, Loss=0.008154643341340093
2020-10-05 14:21:03,340 - __main__ - DEBUG - QR 3, Loss=0.007697451952731741
2020-10-05 14:21:03,340 - __main__ - DEBUG - QR 4, Loss=0.009860193071672076
2020-10-05 14:21:08,535 - __main__ - DEBUG - QR 0, Loss=0.00858980020924637
2020-10-05 14:21:08,535 - __main__ - DEBUG - QR 1, Loss=0.00783880016473822
2020-10-05 14:21:08,535 - __main__ - DEBUG - QR 2, Loss=0.008972319474985033
2020-10-05 14:21:08,536 - __main__ - DEBUG - QR 3, Loss=0.007039557923276657
2020-10-05 14:21:08,536 - __main__ - DEBUG - QR 4, Loss=0.010009603044746986
2020-10-05 14:21:14,534 - __main__ - DEBUG - QR 0, Loss=0.0070764329305453635
2020-10-05 14:21:14,534 - __main__ - DEBUG - QR 1, Loss=0.007158487065839454
2020-10-05 14:21:14,534 - __main__ - DEBUG - QR 2, Loss=0.007282453242449813
2020-10-05 14:21:14,535 - __main__ - DEBUG - QR 3, Loss=0.007001791684813683
2020-10-05 14:21:14,535 - __main__ - DEBUG - QR 4, Loss=0.008616621085890102
2020-10-05 14:21:19,427 - __main__ - INFO - innate_buffer=2000, innate_train_len=2000, innate_val_len=2000
2020-10-05 14:21:19,428 - __main__ - INFO - target_state_list=(6000, 25), target_innate_seq=(6000, 5)
2020-10-05 14:21:24,385 - __main__ - INFO - innate_buffer=2000, innate_train_len=2000, innate_val_len=2000
2020-10-05 14:21:24,386 - __main__ - INFO - target_state_list=(6000, 25), target_innate_seq=(6000, 5)
2020-10-05 14:21:31,665 - __main__ - INFO - innate_buffer=2000, innate_train_len=2000, innate_val_len=2000
2020-10-05 14:21:31,665 - __main__ - INFO - target_state_list=(6000, 25), target_innate_seq=(6000, 5)
2020-10-05 14:21:35,506 - __main__ - DEBUG - QR 0, Loss=0.011502508794063364
2020-10-05 14:21:35,506 - __main__ - DEBUG - QR 1, Loss=0.007108154275662402
2020-10-05 14:21:35,506 - __main__ - DEBUG - QR 2, Loss=0.007197007985639766
2020-10-05 14:21:35,507 - __main__ - DEBUG - QR 3, Loss=0.0074420460756759255
2020-10-05 14:21:35,507 - __main__ - DEBUG - QR 4, Loss=0.007477979997626298
2020-10-05 14:21:38,868 - __main__ - DEBUG - QR 0, Loss=0.01730619607359001
2020-10-05 14:21:38,868 - __main__ - DEBUG - QR 1, Loss=0.0074532038915238645
2020-10-05 14:21:38,869 - __main__ - DEBUG - QR 2, Loss=0.008134184336068237
2020-10-05 14:21:38,869 - __main__ - DEBUG - QR 3, Loss=0.007414314788516839
2020-10-05 14:21:38,869 - __main__ - DEBUG - QR 4, Loss=0.01247838968619698
2020-10-05 14:21:48,866 - __main__ - DEBUG - QR 0, Loss=0.01802486080248761
2020-10-05 14:21:48,866 - __main__ - DEBUG - QR 1, Loss=0.007109124793960561
2020-10-05 14:21:48,866 - __main__ - DEBUG - QR 2, Loss=0.016223384793898902
2020-10-05 14:21:48,867 - __main__ - DEBUG - QR 3, Loss=0.007195491803956924
2020-10-05 14:21:48,867 - __main__ - DEBUG - QR 4, Loss=0.011680317854117547
2020-10-05 14:21:52,482 - __main__ - INFO - innate_buffer=2000, innate_train_len=2000, innate_val_len=2000
2020-10-05 14:21:52,482 - __main__ - INFO - target_state_list=(6000, 25), target_innate_seq=(6000, 5)
2020-10-05 14:21:54,805 - __main__ - INFO - innate_buffer=2000, innate_train_len=2000, innate_val_len=2000
2020-10-05 14:21:54,806 - __main__ - INFO - target_state_list=(6000, 25), target_innate_seq=(6000, 5)
2020-10-05 14:22:06,031 - __main__ - INFO - innate_buffer=2000, innate_train_len=2000, innate_val_len=2000
2020-10-05 14:22:06,031 - __main__ - INFO - target_state_list=(6000, 25), target_innate_seq=(6000, 5)
2020-10-05 14:22:08,977 - __main__ - DEBUG - QR 0, Loss=0.006811456757311374
2020-10-05 14:22:08,978 - __main__ - DEBUG - QR 1, Loss=0.013323720516850114
2020-10-05 14:22:08,978 - __main__ - DEBUG - QR 2, Loss=0.007986656621856086
2020-10-05 14:22:08,978 - __main__ - DEBUG - QR 3, Loss=0.0072357755389868455
2020-10-05 14:22:08,978 - __main__ - DEBUG - QR 4, Loss=0.0076267461884511065
2020-10-05 14:22:09,700 - __main__ - DEBUG - QR 0, Loss=0.006811815045877675
2020-10-05 14:22:09,700 - __main__ - DEBUG - QR 1, Loss=0.023280492758927584
2020-10-05 14:22:09,701 - __main__ - DEBUG - QR 2, Loss=0.011737823807585177
2020-10-05 14:22:09,701 - __main__ - DEBUG - QR 3, Loss=0.008391800613512851
2020-10-05 14:22:09,701 - __main__ - DEBUG - QR 4, Loss=0.007016487433115754
2020-10-05 14:22:22,321 - __main__ - DEBUG - QR 0, Loss=0.006811435650957023
2020-10-05 14:22:22,322 - __main__ - DEBUG - QR 1, Loss=0.021409795900149593
2020-10-05 14:22:22,322 - __main__ - DEBUG - QR 2, Loss=0.008426004312396186
2020-10-05 14:22:22,322 - __main__ - DEBUG - QR 3, Loss=0.007620517561195679
2020-10-05 14:22:22,322 - __main__ - DEBUG - QR 4, Loss=0.0070538903656129515
2020-10-05 14:22:25,564 - __main__ - INFO - innate_buffer=2000, innate_train_len=2000, innate_val_len=2000
2020-10-05 14:22:25,564 - __main__ - INFO - target_state_list=(6000, 25), target_innate_seq=(6000, 5)
2020-10-05 14:22:26,408 - __main__ - INFO - innate_buffer=2000, innate_train_len=2000, innate_val_len=2000
2020-10-05 14:22:26,408 - __main__ - INFO - target_state_list=(6000, 25), target_innate_seq=(6000, 5)
2020-10-05 14:22:39,032 - __main__ - DEBUG - QR 0, Loss=0.007426466792523651
2020-10-05 14:22:39,032 - __main__ - DEBUG - QR 1, Loss=0.007067546450702209
2020-10-05 14:22:39,032 - __main__ - DEBUG - QR 2, Loss=0.007760594042063979
2020-10-05 14:22:39,032 - __main__ - DEBUG - QR 3, Loss=0.007770629293541092
2020-10-05 14:22:39,033 - __main__ - DEBUG - QR 4, Loss=0.007060489465942944
2020-10-05 14:22:40,409 - __main__ - INFO - innate_buffer=2000, innate_train_len=2000, innate_val_len=2000
2020-10-05 14:22:40,410 - __main__ - INFO - target_state_list=(6000, 25), target_innate_seq=(6000, 5)
2020-10-05 14:22:40,850 - __main__ - DEBUG - QR 0, Loss=0.008527344409864489
2020-10-05 14:22:40,850 - __main__ - DEBUG - QR 1, Loss=0.00707544595779944
2020-10-05 14:22:40,850 - __main__ - DEBUG - QR 2, Loss=0.012521079726442879
2020-10-05 14:22:40,850 - __main__ - DEBUG - QR 3, Loss=0.007324497131231202
2020-10-05 14:22:40,850 - __main__ - DEBUG - QR 4, Loss=0.01055561971404626
2020-10-05 14:22:55,509 - __main__ - INFO - innate_buffer=2000, innate_train_len=2000, innate_val_len=2000
2020-10-05 14:22:55,509 - __main__ - INFO - target_state_list=(6000, 25), target_innate_seq=(6000, 5)
2020-10-05 14:22:56,432 - __main__ - INFO - innate_buffer=2000, innate_train_len=2000, innate_val_len=2000
2020-10-05 14:22:56,433 - __main__ - INFO - target_state_list=(6000, 25), target_innate_seq=(6000, 5)
2020-10-05 14:22:57,913 - __main__ - DEBUG - QR 0, Loss=0.007307476325518476
2020-10-05 14:22:57,913 - __main__ - DEBUG - QR 1, Loss=0.007069003288919627
2020-10-05 14:22:57,913 - __main__ - DEBUG - QR 2, Loss=0.009909623994278685
2020-10-05 14:22:57,914 - __main__ - DEBUG - QR 3, Loss=0.008129112467795543
2020-10-05 14:22:57,914 - __main__ - DEBUG - QR 4, Loss=0.007061801776551056
2020-10-05 14:23:10,844 - __main__ - DEBUG - QR 0, Loss=0.007068230609642926
2020-10-05 14:23:10,844 - __main__ - DEBUG - QR 1, Loss=0.0115675355958563
2020-10-05 14:23:10,844 - __main__ - DEBUG - QR 2, Loss=0.007464898344570489
2020-10-05 14:23:10,844 - __main__ - DEBUG - QR 3, Loss=0.007571600850765439
2020-10-05 14:23:10,844 - __main__ - DEBUG - QR 4, Loss=0.007163541405927164
2020-10-05 14:23:12,886 - __main__ - DEBUG - QR 0, Loss=0.007024514229120066
2020-10-05 14:23:12,886 - __main__ - DEBUG - QR 1, Loss=0.010034169230198607
2020-10-05 14:23:12,886 - __main__ - DEBUG - QR 2, Loss=0.007149693969621269
2020-10-05 14:23:12,887 - __main__ - DEBUG - QR 3, Loss=0.007335068932313274
2020-10-05 14:23:12,887 - __main__ - DEBUG - QR 4, Loss=0.007585382417995923
2020-10-05 14:23:15,170 - __main__ - INFO - innate_buffer=2000, innate_train_len=2000, innate_val_len=2000
2020-10-05 14:23:15,170 - __main__ - INFO - target_state_list=(6000, 25), target_innate_seq=(6000, 5)
2020-10-05 14:23:26,698 - __main__ - INFO - innate_buffer=2000, innate_train_len=2000, innate_val_len=2000
2020-10-05 14:23:26,698 - __main__ - INFO - target_state_list=(6000, 25), target_innate_seq=(6000, 5)
2020-10-05 14:23:29,628 - __main__ - INFO - innate_buffer=2000, innate_train_len=2000, innate_val_len=2000
2020-10-05 14:23:29,628 - __main__ - INFO - target_state_list=(6000, 25), target_innate_seq=(6000, 5)
2020-10-05 14:23:30,794 - __main__ - DEBUG - QR 0, Loss=0.007042960759687699
2020-10-05 14:23:30,794 - __main__ - DEBUG - QR 1, Loss=0.010604527386851194
2020-10-05 14:23:30,794 - __main__ - DEBUG - QR 2, Loss=0.008286373413962333
2020-10-05 14:23:30,795 - __main__ - DEBUG - QR 3, Loss=0.0074095638825290985
2020-10-05 14:23:30,795 - __main__ - DEBUG - QR 4, Loss=0.007574379462932957
2020-10-05 14:23:42,221 - __main__ - DEBUG - QR 0, Loss=0.00702983343805632
2020-10-05 14:23:42,221 - __main__ - DEBUG - QR 1, Loss=0.0073445601235919014
2020-10-05 14:23:42,221 - __main__ - DEBUG - QR 2, Loss=0.007515821879840547
2020-10-05 14:23:42,221 - __main__ - DEBUG - QR 3, Loss=0.007100581576069634
2020-10-05 14:23:42,221 - __main__ - DEBUG - QR 4, Loss=0.008239167012203032
2020-10-05 14:23:42,958 - __main__ - INFO - innate_buffer=2000, innate_train_len=2000, innate_val_len=2000
2020-10-05 14:23:42,958 - __main__ - INFO - target_state_list=(6000, 25), target_innate_seq=(6000, 5)
2020-10-05 14:23:46,443 - __main__ - DEBUG - QR 0, Loss=0.0070182345532356725
2020-10-05 14:23:46,443 - __main__ - DEBUG - QR 1, Loss=0.007343563126367781
2020-10-05 14:23:46,444 - __main__ - DEBUG - QR 2, Loss=0.006714806241800924
2020-10-05 14:23:46,444 - __main__ - DEBUG - QR 3, Loss=0.007067201127405132
2020-10-05 14:23:46,444 - __main__ - DEBUG - QR 4, Loss=0.0072784699409284654
2020-10-05 14:23:52,748 - __main__ - DEBUG - QR 0, Loss=0.0070421113172379375
2020-10-05 14:23:52,749 - __main__ - DEBUG - QR 1, Loss=0.007060665289129106
2020-10-05 14:23:52,749 - __main__ - DEBUG - QR 2, Loss=0.007728517199544866
2020-10-05 14:23:52,749 - __main__ - DEBUG - QR 3, Loss=0.007056638020505779
2020-10-05 14:23:52,749 - __main__ - DEBUG - QR 4, Loss=0.007125177223293401
2020-10-05 14:23:57,354 - __main__ - INFO - innate_buffer=2000, innate_train_len=2000, innate_val_len=2000
2020-10-05 14:23:57,354 - __main__ - INFO - target_state_list=(6000, 25), target_innate_seq=(6000, 5)
2020-10-05 14:24:02,675 - __main__ - INFO - innate_buffer=2000, innate_train_len=2000, innate_val_len=2000
2020-10-05 14:24:02,675 - __main__ - INFO - target_state_list=(6000, 25), target_innate_seq=(6000, 5)
2020-10-05 14:24:02,927 - __main__ - INFO - innate_buffer=2000, innate_train_len=2000, innate_val_len=2000
2020-10-05 14:24:02,927 - __main__ - INFO - target_state_list=(6000, 25), target_innate_seq=(6000, 5)
2020-10-05 14:24:12,400 - __main__ - DEBUG - QR 0, Loss=0.007575979919786394
2020-10-05 14:24:12,400 - __main__ - DEBUG - QR 1, Loss=0.007393531161235443
2020-10-05 14:24:12,400 - __main__ - DEBUG - QR 2, Loss=0.0069627911722288495
2020-10-05 14:24:12,400 - __main__ - DEBUG - QR 3, Loss=0.0069401301096188835
2020-10-05 14:24:12,400 - __main__ - DEBUG - QR 4, Loss=0.007321223064136407
2020-10-05 14:24:12,674 - __main__ - DEBUG - QR 0, Loss=0.008017507059035686
2020-10-05 14:24:12,674 - __main__ - DEBUG - QR 1, Loss=0.007101673335507948
2020-10-05 14:24:12,675 - __main__ - DEBUG - QR 2, Loss=0.0076837979293396886
2020-10-05 14:24:12,675 - __main__ - DEBUG - QR 3, Loss=0.006989545437650884
2020-10-05 14:24:12,675 - __main__ - DEBUG - QR 4, Loss=0.009136784805552576
2020-10-05 14:24:13,445 - __main__ - DEBUG - QR 0, Loss=0.007407674143802661
2020-10-05 14:24:13,445 - __main__ - DEBUG - QR 1, Loss=0.007770642135298543
2020-10-05 14:24:13,445 - __main__ - DEBUG - QR 2, Loss=0.007976608708347283
2020-10-05 14:24:13,445 - __main__ - DEBUG - QR 3, Loss=0.006966810380241575
2020-10-05 14:24:13,445 - __main__ - DEBUG - QR 4, Loss=0.008133187354819205
2020-10-05 14:24:22,515 - __main__ - INFO - innate_buffer=2000, innate_train_len=2000, innate_val_len=2000
2020-10-05 14:24:22,516 - __main__ - INFO - target_state_list=(6000, 25), target_innate_seq=(6000, 5)
2020-10-05 14:24:22,773 - __main__ - INFO - innate_buffer=2000, innate_train_len=2000, innate_val_len=2000
2020-10-05 14:24:22,773 - __main__ - INFO - target_state_list=(6000, 25), target_innate_seq=(6000, 5)
2020-10-05 14:24:29,755 - __main__ - INFO - innate_buffer=2000, innate_train_len=2000, innate_val_len=2000
2020-10-05 14:24:29,756 - __main__ - INFO - target_state_list=(6000, 25), target_innate_seq=(6000, 5)
2020-10-05 14:24:32,214 - __main__ - DEBUG - QR 0, Loss=0.007098710114922811
2020-10-05 14:24:32,214 - __main__ - DEBUG - QR 1, Loss=0.007271716628066909
2020-10-05 14:24:32,214 - __main__ - DEBUG - QR 2, Loss=0.00723249018959397
2020-10-05 14:24:32,215 - __main__ - DEBUG - QR 3, Loss=0.016548465689479826
2020-10-05 14:24:32,215 - __main__ - DEBUG - QR 4, Loss=0.007076781314153078
2020-10-05 14:24:32,499 - __main__ - DEBUG - QR 0, Loss=0.008512326668807232
2020-10-05 14:24:32,499 - __main__ - DEBUG - QR 1, Loss=0.00878350318627515
2020-10-05 14:24:32,500 - __main__ - DEBUG - QR 2, Loss=0.007222824580088229
2020-10-05 14:24:32,500 - __main__ - DEBUG - QR 3, Loss=0.007649380845539018
2020-10-05 14:24:32,500 - __main__ - DEBUG - QR 4, Loss=0.007064731643997123
2020-10-05 14:24:42,433 - __main__ - INFO - innate_buffer=2000, innate_train_len=2000, innate_val_len=2000
2020-10-05 14:24:42,433 - __main__ - INFO - target_state_list=(6000, 25), target_innate_seq=(6000, 5)
2020-10-05 14:24:43,035 - __main__ - INFO - innate_buffer=2000, innate_train_len=2000, innate_val_len=2000
2020-10-05 14:24:43,035 - __main__ - INFO - target_state_list=(6000, 25), target_innate_seq=(6000, 5)
2020-10-05 14:24:45,557 - __main__ - DEBUG - QR 0, Loss=0.007648912369225844
2020-10-05 14:24:45,557 - __main__ - DEBUG - QR 1, Loss=0.008546181425596688
2020-10-05 14:24:45,558 - __main__ - DEBUG - QR 2, Loss=0.007221750667990403
2020-10-05 14:24:45,558 - __main__ - DEBUG - QR 3, Loss=0.00867529791055646
2020-10-05 14:24:45,558 - __main__ - DEBUG - QR 4, Loss=0.0070726283221430606
2020-10-05 14:24:55,774 - __main__ - DEBUG - QR 0, Loss=0.007180205286976181
2020-10-05 14:24:55,774 - __main__ - DEBUG - QR 1, Loss=0.007641820620379532
2020-10-05 14:24:55,774 - __main__ - DEBUG - QR 2, Loss=0.0072090817332735755
2020-10-05 14:24:55,774 - __main__ - DEBUG - QR 3, Loss=0.007486688467773936
2020-10-05 14:24:55,774 - __main__ - DEBUG - QR 4, Loss=0.007680390973560288
2020-10-05 14:24:55,774 - __main__ - INFO - do_narma=0, Ntrials=10, total loss avg=0.007846351328857517, std=0.0005998784247398728
2020-10-05 14:24:59,747 - __main__ - DEBUG - QR 0, Loss=0.007176968150575751
2020-10-05 14:24:59,748 - __main__ - DEBUG - QR 1, Loss=0.00793200297807764
2020-10-05 14:24:59,748 - __main__ - DEBUG - QR 2, Loss=0.007204004769389397
2020-10-05 14:24:59,748 - __main__ - DEBUG - QR 3, Loss=0.007221138662581834
2020-10-05 14:24:59,748 - __main__ - DEBUG - QR 4, Loss=0.007262220405361815
2020-10-05 14:24:59,748 - __main__ - INFO - do_narma=0, Ntrials=10, total loss avg=0.008904646907165035, std=0.002003974555805817
2020-10-05 14:25:02,341 - __main__ - INFO - innate_buffer=2000, innate_train_len=2000, innate_val_len=2000
2020-10-05 14:25:02,341 - __main__ - INFO - target_state_list=(6000, 25), target_innate_seq=(6000, 5)
2020-10-05 14:25:10,963 - __main__ - DEBUG - QR 0, Loss=0.007235746232722821
2020-10-05 14:25:10,963 - __main__ - DEBUG - QR 1, Loss=0.009461760859610945
2020-10-05 14:25:10,963 - __main__ - DEBUG - QR 2, Loss=0.00731415228436351
2020-10-05 14:25:10,963 - __main__ - DEBUG - QR 3, Loss=0.008046524379803282
2020-10-05 14:25:10,964 - __main__ - DEBUG - QR 4, Loss=0.006868268697741472
2020-10-05 14:25:10,964 - __main__ - INFO - do_narma=0, Ntrials=10, total loss avg=0.009166304354200044, std=0.001813626342614315
