2020-10-05 12:53:00,895 - __main__ - INFO - n_units=5
2020-10-05 12:53:00,895 - __main__ - INFO - max_energy=1.0
2020-10-05 12:53:00,895 - __main__ - INFO - beta=1e-14
2020-10-05 12:53:00,895 - __main__ - INFO - taudelta=1.0
2020-10-05 12:53:00,895 - __main__ - INFO - V=1
2020-10-05 12:53:00,895 - __main__ - INFO - layers=5
2020-10-05 12:53:00,895 - __main__ - INFO - train_len=2000, val_len=2000, buffer=2000
2020-10-05 12:53:00,895 - __main__ - INFO - alpha=0.5, Ntrials=10
2020-10-05 12:53:00,896 - __main__ - INFO - noise=1e-05, learning rate=10.0,scale_input=0.2
2020-10-05 12:53:00,927 - __main__ - INFO - n_units=5
2020-10-05 12:53:00,927 - __main__ - INFO - max_energy=1.0
2020-10-05 12:53:00,927 - __main__ - INFO - beta=1e-14
2020-10-05 12:53:00,927 - __main__ - INFO - taudelta=2.0
2020-10-05 12:53:00,927 - __main__ - INFO - V=1
2020-10-05 12:53:00,927 - __main__ - INFO - layers=5
2020-10-05 12:53:00,927 - __main__ - INFO - train_len=2000, val_len=2000, buffer=2000
2020-10-05 12:53:00,927 - __main__ - INFO - alpha=0.5, Ntrials=10
2020-10-05 12:53:00,927 - __main__ - INFO - noise=1e-05, learning rate=10.0,scale_input=0.2
2020-10-05 12:53:00,978 - __main__ - INFO - n_units=5
2020-10-05 12:53:00,979 - __main__ - INFO - max_energy=1.0
2020-10-05 12:53:00,979 - __main__ - INFO - beta=1e-14
2020-10-05 12:53:00,979 - __main__ - INFO - taudelta=4.0
2020-10-05 12:53:00,979 - __main__ - INFO - V=1
2020-10-05 12:53:00,979 - __main__ - INFO - layers=5
2020-10-05 12:53:00,979 - __main__ - INFO - train_len=2000, val_len=2000, buffer=2000
2020-10-05 12:53:00,979 - __main__ - INFO - alpha=0.5, Ntrials=10
2020-10-05 12:53:00,979 - __main__ - INFO - noise=1e-05, learning rate=10.0,scale_input=0.2
2020-10-05 12:53:10,873 - __main__ - INFO - innate_buffer=2000, innate_train_len=2000, innate_val_len=2000
2020-10-05 12:53:10,873 - __main__ - INFO - target_state_list=(6000, 25), target_innate_seq=(6000, 5)
2020-10-05 12:53:17,581 - __main__ - INFO - innate_buffer=2000, innate_train_len=2000, innate_val_len=2000
2020-10-05 12:53:17,582 - __main__ - INFO - target_state_list=(6000, 25), target_innate_seq=(6000, 5)
2020-10-05 12:53:18,451 - __main__ - INFO - innate_buffer=2000, innate_train_len=2000, innate_val_len=2000
2020-10-05 12:53:18,452 - __main__ - INFO - target_state_list=(6000, 25), target_innate_seq=(6000, 5)
2020-10-05 12:58:01,889 - __main__ - DEBUG - QR 0, Loss=0.004904126712609893
2020-10-05 12:58:01,889 - __main__ - DEBUG - QR 1, Loss=0.0034725828848815392
2020-10-05 12:58:01,890 - __main__ - DEBUG - QR 2, Loss=0.0033214842878290826
2020-10-05 12:58:01,890 - __main__ - DEBUG - QR 3, Loss=0.005392896351053633
2020-10-05 12:58:01,890 - __main__ - DEBUG - QR 4, Loss=0.00363993712161538
2020-10-05 12:58:05,075 - __main__ - DEBUG - QR 0, Loss=0.07727134906253384
2020-10-05 12:58:05,076 - __main__ - DEBUG - QR 1, Loss=0.003194358859424645
2020-10-05 12:58:05,076 - __main__ - DEBUG - QR 2, Loss=0.0032500134496887077
2020-10-05 12:58:05,076 - __main__ - DEBUG - QR 3, Loss=0.005116271903891475
2020-10-05 12:58:05,076 - __main__ - DEBUG - QR 4, Loss=0.003386993254085087
2020-10-05 12:58:12,664 - __main__ - INFO - innate_buffer=2000, innate_train_len=2000, innate_val_len=2000
2020-10-05 12:58:12,664 - __main__ - INFO - target_state_list=(6000, 25), target_innate_seq=(6000, 5)
2020-10-05 12:58:22,209 - __main__ - INFO - innate_buffer=2000, innate_train_len=2000, innate_val_len=2000
2020-10-05 12:58:22,209 - __main__ - INFO - target_state_list=(6000, 25), target_innate_seq=(6000, 5)
2020-10-05 12:58:56,381 - __main__ - DEBUG - QR 0, Loss=0.0038970542149540377
2020-10-05 12:58:56,381 - __main__ - DEBUG - QR 1, Loss=0.0035161119578838505
2020-10-05 12:58:56,382 - __main__ - DEBUG - QR 2, Loss=0.003406190394646809
2020-10-05 12:58:56,382 - __main__ - DEBUG - QR 3, Loss=0.005205075063105818
2020-10-05 12:58:56,382 - __main__ - DEBUG - QR 4, Loss=0.0031683554394945287
2020-10-05 12:59:13,607 - __main__ - INFO - innate_buffer=2000, innate_train_len=2000, innate_val_len=2000
2020-10-05 12:59:13,607 - __main__ - INFO - target_state_list=(6000, 25), target_innate_seq=(6000, 5)
2020-10-05 13:03:24,316 - __main__ - DEBUG - QR 0, Loss=0.009707858152873977
2020-10-05 13:03:24,316 - __main__ - DEBUG - QR 1, Loss=0.003545263752131194
2020-10-05 13:03:24,316 - __main__ - DEBUG - QR 2, Loss=0.0042177504449381
2020-10-05 13:03:24,316 - __main__ - DEBUG - QR 3, Loss=0.0033128721938657625
2020-10-05 13:03:24,316 - __main__ - DEBUG - QR 4, Loss=0.0038872288446823366
2020-10-05 13:03:40,992 - __main__ - INFO - innate_buffer=2000, innate_train_len=2000, innate_val_len=2000
2020-10-05 13:03:40,992 - __main__ - INFO - target_state_list=(6000, 25), target_innate_seq=(6000, 5)
2020-10-05 13:03:51,237 - __main__ - DEBUG - QR 0, Loss=0.0031137321495952937
2020-10-05 13:03:51,238 - __main__ - DEBUG - QR 1, Loss=0.003102717196760229
2020-10-05 13:03:51,238 - __main__ - DEBUG - QR 2, Loss=0.0034799215949361303
2020-10-05 13:03:51,238 - __main__ - DEBUG - QR 3, Loss=0.0031475578607496535
2020-10-05 13:03:51,238 - __main__ - DEBUG - QR 4, Loss=0.003946834707580606
2020-10-05 13:04:08,720 - __main__ - INFO - innate_buffer=2000, innate_train_len=2000, innate_val_len=2000
2020-10-05 13:04:08,720 - __main__ - INFO - target_state_list=(6000, 25), target_innate_seq=(6000, 5)
2020-10-05 13:04:21,711 - __main__ - DEBUG - QR 0, Loss=0.003823160385968541
2020-10-05 13:04:21,712 - __main__ - DEBUG - QR 1, Loss=0.003105027384092252
2020-10-05 13:04:21,712 - __main__ - DEBUG - QR 2, Loss=0.00413168660515701
2020-10-05 13:04:21,712 - __main__ - DEBUG - QR 3, Loss=0.005030445899398129
2020-10-05 13:04:21,712 - __main__ - DEBUG - QR 4, Loss=0.003952955591618268
2020-10-05 13:04:38,043 - __main__ - INFO - innate_buffer=2000, innate_train_len=2000, innate_val_len=2000
2020-10-05 13:04:38,043 - __main__ - INFO - target_state_list=(6000, 25), target_innate_seq=(6000, 5)
2020-10-05 13:08:50,322 - __main__ - DEBUG - QR 0, Loss=0.005138628604222296
2020-10-05 13:08:50,323 - __main__ - DEBUG - QR 1, Loss=0.003226163862778371
2020-10-05 13:08:50,323 - __main__ - DEBUG - QR 2, Loss=0.0039183868901139915
2020-10-05 13:08:50,323 - __main__ - DEBUG - QR 3, Loss=0.006035874310975755
2020-10-05 13:08:50,323 - __main__ - DEBUG - QR 4, Loss=0.0036203996448570808
2020-10-05 13:09:05,309 - __main__ - INFO - innate_buffer=2000, innate_train_len=2000, innate_val_len=2000
2020-10-05 13:09:05,309 - __main__ - INFO - target_state_list=(6000, 25), target_innate_seq=(6000, 5)
2020-10-05 13:09:41,142 - __main__ - DEBUG - QR 0, Loss=0.004882286693981598
2020-10-05 13:09:41,142 - __main__ - DEBUG - QR 1, Loss=0.003094851604264344
2020-10-05 13:09:41,142 - __main__ - DEBUG - QR 2, Loss=0.004034501580379953
2020-10-05 13:09:41,142 - __main__ - DEBUG - QR 3, Loss=0.0031315309987868384
2020-10-05 13:09:41,142 - __main__ - DEBUG - QR 4, Loss=0.003505326758300012
2020-10-05 13:09:55,115 - __main__ - INFO - innate_buffer=2000, innate_train_len=2000, innate_val_len=2000
2020-10-05 13:09:55,115 - __main__ - INFO - target_state_list=(6000, 25), target_innate_seq=(6000, 5)
2020-10-05 13:10:00,592 - __main__ - DEBUG - QR 0, Loss=0.005065471670657488
2020-10-05 13:10:00,592 - __main__ - DEBUG - QR 1, Loss=0.00309359802909975
2020-10-05 13:10:00,592 - __main__ - DEBUG - QR 2, Loss=0.0037184804028943795
2020-10-05 13:10:00,593 - __main__ - DEBUG - QR 3, Loss=0.00489416691985885
2020-10-05 13:10:00,593 - __main__ - DEBUG - QR 4, Loss=0.003480505666884441
2020-10-05 13:10:17,520 - __main__ - INFO - innate_buffer=2000, innate_train_len=2000, innate_val_len=2000
2020-10-05 13:10:17,520 - __main__ - INFO - target_state_list=(6000, 25), target_innate_seq=(6000, 5)
2020-10-05 13:14:18,146 - __main__ - DEBUG - QR 0, Loss=0.003160083063452576
2020-10-05 13:14:18,146 - __main__ - DEBUG - QR 1, Loss=0.004423124820567321
2020-10-05 13:14:18,146 - __main__ - DEBUG - QR 2, Loss=0.006641596852891817
2020-10-05 13:14:18,146 - __main__ - DEBUG - QR 3, Loss=0.004236401396649529
2020-10-05 13:14:18,147 - __main__ - DEBUG - QR 4, Loss=0.003141425718030065
2020-10-05 13:14:35,208 - __main__ - INFO - innate_buffer=2000, innate_train_len=2000, innate_val_len=2000
2020-10-05 13:14:35,208 - __main__ - INFO - target_state_list=(6000, 25), target_innate_seq=(6000, 5)
2020-10-05 13:14:54,810 - __main__ - DEBUG - QR 0, Loss=0.0031592718286196624
2020-10-05 13:14:54,811 - __main__ - DEBUG - QR 1, Loss=0.0054329179304471505
2020-10-05 13:14:54,811 - __main__ - DEBUG - QR 2, Loss=0.004490524044859689
2020-10-05 13:14:54,811 - __main__ - DEBUG - QR 3, Loss=0.0034568539946036683
2020-10-05 13:14:54,811 - __main__ - DEBUG - QR 4, Loss=0.003565649149870013
2020-10-05 13:15:05,405 - __main__ - INFO - innate_buffer=2000, innate_train_len=2000, innate_val_len=2000
2020-10-05 13:15:05,406 - __main__ - INFO - target_state_list=(6000, 25), target_innate_seq=(6000, 5)
2020-10-05 13:15:29,678 - __main__ - DEBUG - QR 0, Loss=0.003160038945999354
2020-10-05 13:15:29,678 - __main__ - DEBUG - QR 1, Loss=0.004699554762009402
2020-10-05 13:15:29,678 - __main__ - DEBUG - QR 2, Loss=0.00682604080080714
2020-10-05 13:15:29,678 - __main__ - DEBUG - QR 3, Loss=0.0038659901799706106
2020-10-05 13:15:29,678 - __main__ - DEBUG - QR 4, Loss=0.003264207267076276
2020-10-05 13:15:45,646 - __main__ - INFO - innate_buffer=2000, innate_train_len=2000, innate_val_len=2000
2020-10-05 13:15:45,647 - __main__ - INFO - target_state_list=(6000, 25), target_innate_seq=(6000, 5)
2020-10-05 13:19:15,146 - __main__ - DEBUG - QR 0, Loss=0.0033895600360064927
2020-10-05 13:19:15,146 - __main__ - DEBUG - QR 1, Loss=0.0031484207376915423
2020-10-05 13:19:15,146 - __main__ - DEBUG - QR 2, Loss=0.005587607996335487
2020-10-05 13:19:15,146 - __main__ - DEBUG - QR 3, Loss=0.0038540474713869605
2020-10-05 13:19:15,146 - __main__ - DEBUG - QR 4, Loss=0.0031671070416074767
2020-10-05 13:19:25,527 - __main__ - INFO - innate_buffer=2000, innate_train_len=2000, innate_val_len=2000
2020-10-05 13:19:25,527 - __main__ - INFO - target_state_list=(6000, 25), target_innate_seq=(6000, 5)
2020-10-05 13:19:44,727 - __main__ - DEBUG - QR 0, Loss=0.00437606308056892
2020-10-05 13:19:44,727 - __main__ - DEBUG - QR 1, Loss=0.0031631970416265563
2020-10-05 13:19:44,727 - __main__ - DEBUG - QR 2, Loss=0.00625575979564038
2020-10-05 13:19:44,728 - __main__ - DEBUG - QR 3, Loss=0.0034189476639715894
2020-10-05 13:19:44,728 - __main__ - DEBUG - QR 4, Loss=0.0038955764600895064
2020-10-05 13:20:01,861 - __main__ - INFO - innate_buffer=2000, innate_train_len=2000, innate_val_len=2000
2020-10-05 13:20:01,861 - __main__ - INFO - target_state_list=(6000, 25), target_innate_seq=(6000, 5)
2020-10-05 13:20:20,586 - __main__ - DEBUG - QR 0, Loss=0.003403744863814727
2020-10-05 13:20:20,586 - __main__ - DEBUG - QR 1, Loss=0.003151740348411297
2020-10-05 13:20:20,586 - __main__ - DEBUG - QR 2, Loss=0.0041014210452920905
2020-10-05 13:20:20,586 - __main__ - DEBUG - QR 3, Loss=0.0037579462678731085
2020-10-05 13:20:20,586 - __main__ - DEBUG - QR 4, Loss=0.0031425433526420855
2020-10-05 13:20:31,148 - __main__ - INFO - innate_buffer=2000, innate_train_len=2000, innate_val_len=2000
2020-10-05 13:20:31,148 - __main__ - INFO - target_state_list=(6000, 25), target_innate_seq=(6000, 5)
2020-10-05 13:23:59,177 - __main__ - DEBUG - QR 0, Loss=0.0032104664505987132
2020-10-05 13:23:59,177 - __main__ - DEBUG - QR 1, Loss=0.0034521627430447767
2020-10-05 13:23:59,177 - __main__ - DEBUG - QR 2, Loss=0.003507282332685447
2020-10-05 13:23:59,177 - __main__ - DEBUG - QR 3, Loss=0.003336906207127951
2020-10-05 13:23:59,178 - __main__ - DEBUG - QR 4, Loss=0.004804706150984174
2020-10-05 13:24:12,112 - __main__ - INFO - innate_buffer=2000, innate_train_len=2000, innate_val_len=2000
2020-10-05 13:24:12,112 - __main__ - INFO - target_state_list=(6000, 25), target_innate_seq=(6000, 5)
2020-10-05 13:24:58,961 - __main__ - DEBUG - QR 0, Loss=0.003212356011444535
2020-10-05 13:24:58,962 - __main__ - DEBUG - QR 1, Loss=0.003466771636664924
2020-10-05 13:24:58,962 - __main__ - DEBUG - QR 2, Loss=0.0033589665434475397
2020-10-05 13:24:58,962 - __main__ - DEBUG - QR 3, Loss=0.0034972440772831808
2020-10-05 13:24:58,962 - __main__ - DEBUG - QR 4, Loss=0.0033401735012760156
2020-10-05 13:25:13,452 - __main__ - INFO - innate_buffer=2000, innate_train_len=2000, innate_val_len=2000
2020-10-05 13:25:13,452 - __main__ - INFO - target_state_list=(6000, 25), target_innate_seq=(6000, 5)
2020-10-05 13:25:45,910 - __main__ - DEBUG - QR 0, Loss=0.003216294843793924
2020-10-05 13:25:45,910 - __main__ - DEBUG - QR 1, Loss=0.0035691651257672317
2020-10-05 13:25:45,910 - __main__ - DEBUG - QR 2, Loss=0.003174998105890932
2020-10-05 13:25:45,910 - __main__ - DEBUG - QR 3, Loss=0.0035650376432260636
2020-10-05 13:25:45,910 - __main__ - DEBUG - QR 4, Loss=0.0048432702427271
2020-10-05 13:26:03,745 - __main__ - INFO - innate_buffer=2000, innate_train_len=2000, innate_val_len=2000
2020-10-05 13:26:03,745 - __main__ - INFO - target_state_list=(6000, 25), target_innate_seq=(6000, 5)
2020-10-05 13:29:51,609 - __main__ - DEBUG - QR 0, Loss=0.0032681368121134946
2020-10-05 13:29:51,609 - __main__ - DEBUG - QR 1, Loss=0.003424144676231703
2020-10-05 13:29:51,609 - __main__ - DEBUG - QR 2, Loss=0.0038237038916579856
2020-10-05 13:29:51,610 - __main__ - DEBUG - QR 3, Loss=0.00307986999942318
2020-10-05 13:29:51,610 - __main__ - DEBUG - QR 4, Loss=0.003419228752229776
2020-10-05 13:30:02,027 - __main__ - INFO - innate_buffer=2000, innate_train_len=2000, innate_val_len=2000
2020-10-05 13:30:02,027 - __main__ - INFO - target_state_list=(6000, 25), target_innate_seq=(6000, 5)
2020-10-05 13:30:20,375 - __main__ - DEBUG - QR 0, Loss=0.003266576430649491
2020-10-05 13:30:20,375 - __main__ - DEBUG - QR 1, Loss=0.0037130809728891435
2020-10-05 13:30:20,375 - __main__ - DEBUG - QR 2, Loss=0.003823316798247567
2020-10-05 13:30:20,375 - __main__ - DEBUG - QR 3, Loss=0.003674077652310767
2020-10-05 13:30:20,376 - __main__ - DEBUG - QR 4, Loss=0.003714679538573608
2020-10-05 13:30:38,163 - __main__ - INFO - innate_buffer=2000, innate_train_len=2000, innate_val_len=2000
2020-10-05 13:30:38,164 - __main__ - INFO - target_state_list=(6000, 25), target_innate_seq=(6000, 5)
2020-10-05 13:31:39,389 - __main__ - DEBUG - QR 0, Loss=0.003380683640123913
2020-10-05 13:31:39,389 - __main__ - DEBUG - QR 1, Loss=0.004777287835310069
2020-10-05 13:31:39,389 - __main__ - DEBUG - QR 2, Loss=0.0033837241877609447
2020-10-05 13:31:39,389 - __main__ - DEBUG - QR 3, Loss=0.0032155947797355734
2020-10-05 13:31:39,389 - __main__ - DEBUG - QR 4, Loss=0.0035600168625119365
2020-10-05 13:31:56,045 - __main__ - INFO - innate_buffer=2000, innate_train_len=2000, innate_val_len=2000
2020-10-05 13:31:56,045 - __main__ - INFO - target_state_list=(6000, 25), target_innate_seq=(6000, 5)
2020-10-05 13:34:29,330 - __main__ - DEBUG - QR 0, Loss=0.0035020839809691883
2020-10-05 13:34:29,330 - __main__ - DEBUG - QR 1, Loss=0.0031345907335149662
2020-10-05 13:34:29,330 - __main__ - DEBUG - QR 2, Loss=0.0036295110430191774
2020-10-05 13:34:29,330 - __main__ - DEBUG - QR 3, Loss=0.0031171218629240825
2020-10-05 13:34:29,330 - __main__ - DEBUG - QR 4, Loss=0.003737406815653217
2020-10-05 13:34:45,954 - __main__ - INFO - innate_buffer=2000, innate_train_len=2000, innate_val_len=2000
2020-10-05 13:34:45,954 - __main__ - INFO - target_state_list=(6000, 25), target_innate_seq=(6000, 5)
2020-10-05 13:35:57,088 - __main__ - DEBUG - QR 0, Loss=0.0033975576077907056
2020-10-05 13:35:57,088 - __main__ - DEBUG - QR 1, Loss=0.003722563447467942
2020-10-05 13:35:57,088 - __main__ - DEBUG - QR 2, Loss=0.0036570225747238508
2020-10-05 13:35:57,088 - __main__ - DEBUG - QR 3, Loss=0.003113743292230998
2020-10-05 13:35:57,089 - __main__ - DEBUG - QR 4, Loss=0.0036608668045818482
2020-10-05 13:36:14,019 - __main__ - INFO - innate_buffer=2000, innate_train_len=2000, innate_val_len=2000
2020-10-05 13:36:14,019 - __main__ - INFO - target_state_list=(6000, 25), target_innate_seq=(6000, 5)
2020-10-05 13:37:12,646 - __main__ - DEBUG - QR 0, Loss=0.003429408523091703
2020-10-05 13:37:12,646 - __main__ - DEBUG - QR 1, Loss=0.0042440527881731855
2020-10-05 13:37:12,646 - __main__ - DEBUG - QR 2, Loss=0.0032103862936349622
2020-10-05 13:37:12,647 - __main__ - DEBUG - QR 3, Loss=0.0031060399157953303
2020-10-05 13:37:12,647 - __main__ - DEBUG - QR 4, Loss=0.0031395032664982524
2020-10-05 13:37:30,266 - __main__ - INFO - innate_buffer=2000, innate_train_len=2000, innate_val_len=2000
2020-10-05 13:37:30,266 - __main__ - INFO - target_state_list=(6000, 25), target_innate_seq=(6000, 5)
2020-10-05 13:40:03,600 - __main__ - DEBUG - QR 0, Loss=0.0038125594793202242
2020-10-05 13:40:03,600 - __main__ - DEBUG - QR 1, Loss=0.004287877038780931
2020-10-05 13:40:03,600 - __main__ - DEBUG - QR 2, Loss=0.0032072921859145967
2020-10-05 13:40:03,600 - __main__ - DEBUG - QR 3, Loss=0.0036976598375282285
2020-10-05 13:40:03,600 - __main__ - DEBUG - QR 4, Loss=0.003265954445252895
2020-10-05 13:40:20,369 - __main__ - INFO - innate_buffer=2000, innate_train_len=2000, innate_val_len=2000
2020-10-05 13:40:20,370 - __main__ - INFO - target_state_list=(6000, 25), target_innate_seq=(6000, 5)
2020-10-05 13:41:17,520 - __main__ - DEBUG - QR 0, Loss=0.0036155239377174036
2020-10-05 13:41:17,521 - __main__ - DEBUG - QR 1, Loss=0.004220104795822117
2020-10-05 13:41:17,521 - __main__ - DEBUG - QR 2, Loss=0.0032041865025962423
2020-10-05 13:41:17,521 - __main__ - DEBUG - QR 3, Loss=0.004324616511799325
2020-10-05 13:41:17,521 - __main__ - DEBUG - QR 4, Loss=0.0032839891023857958
2020-10-05 13:41:33,003 - __main__ - INFO - innate_buffer=2000, innate_train_len=2000, innate_val_len=2000
2020-10-05 13:41:33,003 - __main__ - INFO - target_state_list=(6000, 25), target_innate_seq=(6000, 5)
2020-10-05 13:42:52,250 - __main__ - DEBUG - QR 0, Loss=0.003216403378330953
2020-10-05 13:42:52,251 - __main__ - DEBUG - QR 1, Loss=0.0034486989052819796
2020-10-05 13:42:52,251 - __main__ - DEBUG - QR 2, Loss=0.003216068634889433
2020-10-05 13:42:52,251 - __main__ - DEBUG - QR 3, Loss=0.005306104672040242
2020-10-05 13:42:52,251 - __main__ - DEBUG - QR 4, Loss=0.003241368593627561
2020-10-05 13:43:08,980 - __main__ - INFO - innate_buffer=2000, innate_train_len=2000, innate_val_len=2000
2020-10-05 13:43:08,980 - __main__ - INFO - target_state_list=(6000, 25), target_innate_seq=(6000, 5)
2020-10-05 13:45:28,266 - __main__ - DEBUG - QR 0, Loss=0.0032950274855674685
2020-10-05 13:45:28,266 - __main__ - DEBUG - QR 1, Loss=0.0035880776904136406
2020-10-05 13:45:28,266 - __main__ - DEBUG - QR 2, Loss=0.003641435616478028
2020-10-05 13:45:28,266 - __main__ - DEBUG - QR 3, Loss=0.003383025015060642
2020-10-05 13:45:28,266 - __main__ - DEBUG - QR 4, Loss=0.0030822574024278143
2020-10-05 13:45:28,267 - __main__ - INFO - do_narma=0, Ntrials=10, total loss avg=0.003966217418055345, std=0.00048802531099758506
2020-10-05 13:45:33,380 - __main__ - DEBUG - QR 0, Loss=0.003094353685200298
2020-10-05 13:45:33,380 - __main__ - DEBUG - QR 1, Loss=0.003604507779822479
2020-10-05 13:45:33,380 - __main__ - DEBUG - QR 2, Loss=0.003100314709921574
2020-10-05 13:45:33,381 - __main__ - DEBUG - QR 3, Loss=0.0031450255860230062
2020-10-05 13:45:33,381 - __main__ - DEBUG - QR 4, Loss=0.003346286998564569
2020-10-05 13:45:33,381 - __main__ - INFO - do_narma=0, Ntrials=10, total loss avg=0.005112599542247116, std=0.004453790888053749
2020-10-05 13:47:08,995 - __main__ - DEBUG - QR 0, Loss=0.003097806810887147
2020-10-05 13:47:08,996 - __main__ - DEBUG - QR 1, Loss=0.00359407113668008
2020-10-05 13:47:08,996 - __main__ - DEBUG - QR 2, Loss=0.003147759382841541
2020-10-05 13:47:08,996 - __main__ - DEBUG - QR 3, Loss=0.003334045239374537
2020-10-05 13:47:08,996 - __main__ - DEBUG - QR 4, Loss=0.008623348612416855
2020-10-05 13:47:08,996 - __main__ - INFO - do_narma=0, Ntrials=10, total loss avg=0.0038238407574511814, std=0.0002710550072164778
