2020-10-05 12:53:00,915 - __main__ - INFO - n_units=5
2020-10-05 12:53:00,916 - __main__ - INFO - max_energy=1.0
2020-10-05 12:53:00,916 - __main__ - INFO - beta=1e-14
2020-10-05 12:53:00,916 - __main__ - INFO - taudelta=1.0
2020-10-05 12:53:00,916 - __main__ - INFO - V=1
2020-10-05 12:53:00,916 - __main__ - INFO - layers=5
2020-10-05 12:53:00,916 - __main__ - INFO - train_len=2000, val_len=2000, buffer=2000
2020-10-05 12:53:00,916 - __main__ - INFO - alpha=0.5, Ntrials=10
2020-10-05 12:53:00,916 - __main__ - INFO - noise=0.008, learning rate=10.0,scale_input=0.2
2020-10-05 12:53:00,959 - __main__ - INFO - n_units=5
2020-10-05 12:53:00,959 - __main__ - INFO - max_energy=1.0
2020-10-05 12:53:00,959 - __main__ - INFO - beta=1e-14
2020-10-05 12:53:00,959 - __main__ - INFO - taudelta=2.0
2020-10-05 12:53:00,959 - __main__ - INFO - V=1
2020-10-05 12:53:00,959 - __main__ - INFO - layers=5
2020-10-05 12:53:00,960 - __main__ - INFO - train_len=2000, val_len=2000, buffer=2000
2020-10-05 12:53:00,960 - __main__ - INFO - alpha=0.5, Ntrials=10
2020-10-05 12:53:00,960 - __main__ - INFO - noise=0.008, learning rate=10.0,scale_input=0.2
2020-10-05 12:53:01,023 - __main__ - INFO - n_units=5
2020-10-05 12:53:01,024 - __main__ - INFO - max_energy=1.0
2020-10-05 12:53:01,024 - __main__ - INFO - beta=1e-14
2020-10-05 12:53:01,024 - __main__ - INFO - taudelta=4.0
2020-10-05 12:53:01,024 - __main__ - INFO - V=1
2020-10-05 12:53:01,024 - __main__ - INFO - layers=5
2020-10-05 12:53:01,024 - __main__ - INFO - train_len=2000, val_len=2000, buffer=2000
2020-10-05 12:53:01,024 - __main__ - INFO - alpha=0.5, Ntrials=10
2020-10-05 12:53:01,024 - __main__ - INFO - noise=0.008, learning rate=10.0,scale_input=0.2
2020-10-05 12:53:11,441 - __main__ - INFO - innate_buffer=2000, innate_train_len=2000, innate_val_len=2000
2020-10-05 12:53:11,441 - __main__ - INFO - target_state_list=(6000, 25), target_innate_seq=(6000, 5)
2020-10-05 12:53:16,839 - __main__ - INFO - innate_buffer=2000, innate_train_len=2000, innate_val_len=2000
2020-10-05 12:53:16,839 - __main__ - INFO - target_state_list=(6000, 25), target_innate_seq=(6000, 5)
2020-10-05 12:53:17,449 - __main__ - INFO - innate_buffer=2000, innate_train_len=2000, innate_val_len=2000
2020-10-05 12:53:17,449 - __main__ - INFO - target_state_list=(6000, 25), target_innate_seq=(6000, 5)
2020-10-05 12:57:28,695 - __main__ - DEBUG - QR 0, Loss=0.09025119335613624
2020-10-05 12:57:28,695 - __main__ - DEBUG - QR 1, Loss=0.09025535985645099
2020-10-05 12:57:28,696 - __main__ - DEBUG - QR 2, Loss=0.08909762360442916
2020-10-05 12:57:28,696 - __main__ - DEBUG - QR 3, Loss=0.09104338330789938
2020-10-05 12:57:28,696 - __main__ - DEBUG - QR 4, Loss=0.08924317005352074
2020-10-05 12:57:45,904 - __main__ - INFO - innate_buffer=2000, innate_train_len=2000, innate_val_len=2000
2020-10-05 12:57:45,904 - __main__ - INFO - target_state_list=(6000, 25), target_innate_seq=(6000, 5)
2020-10-05 12:57:59,074 - __main__ - DEBUG - QR 0, Loss=0.08993999778595374
2020-10-05 12:57:59,075 - __main__ - DEBUG - QR 1, Loss=0.09020928973781303
2020-10-05 12:57:59,075 - __main__ - DEBUG - QR 2, Loss=0.08909820933256869
2020-10-05 12:57:59,075 - __main__ - DEBUG - QR 3, Loss=0.09102365102960631
2020-10-05 12:57:59,075 - __main__ - DEBUG - QR 4, Loss=0.0892293011990484
2020-10-05 12:58:09,319 - __main__ - INFO - innate_buffer=2000, innate_train_len=2000, innate_val_len=2000
2020-10-05 12:58:09,319 - __main__ - INFO - target_state_list=(6000, 25), target_innate_seq=(6000, 5)
2020-10-05 12:59:00,169 - __main__ - DEBUG - QR 0, Loss=0.09004143181111784
2020-10-05 12:59:00,169 - __main__ - DEBUG - QR 1, Loss=0.09019921956175807
2020-10-05 12:59:00,169 - __main__ - DEBUG - QR 2, Loss=0.08911573697375025
2020-10-05 12:59:00,170 - __main__ - DEBUG - QR 3, Loss=0.09102702558615858
2020-10-05 12:59:00,170 - __main__ - DEBUG - QR 4, Loss=0.08922901876728721
2020-10-05 12:59:16,888 - __main__ - INFO - innate_buffer=2000, innate_train_len=2000, innate_val_len=2000
2020-10-05 12:59:16,888 - __main__ - INFO - target_state_list=(6000, 25), target_innate_seq=(6000, 5)
2020-10-05 13:02:50,474 - __main__ - DEBUG - QR 0, Loss=0.08735916356424996
2020-10-05 13:02:50,475 - __main__ - DEBUG - QR 1, Loss=0.08631806966203598
2020-10-05 13:02:50,475 - __main__ - DEBUG - QR 2, Loss=0.08978710857839811
2020-10-05 13:02:50,475 - __main__ - DEBUG - QR 3, Loss=0.08907757596895689
2020-10-05 13:02:50,475 - __main__ - DEBUG - QR 4, Loss=0.0896495792544156
2020-10-05 13:03:07,593 - __main__ - INFO - innate_buffer=2000, innate_train_len=2000, innate_val_len=2000
2020-10-05 13:03:07,593 - __main__ - INFO - target_state_list=(6000, 25), target_innate_seq=(6000, 5)
2020-10-05 13:03:17,820 - __main__ - DEBUG - QR 0, Loss=0.08738446771202435
2020-10-05 13:03:17,820 - __main__ - DEBUG - QR 1, Loss=0.08632629788023417
2020-10-05 13:03:17,821 - __main__ - DEBUG - QR 2, Loss=0.08985038490269037
2020-10-05 13:03:17,821 - __main__ - DEBUG - QR 3, Loss=0.0893695889162829
2020-10-05 13:03:17,821 - __main__ - DEBUG - QR 4, Loss=0.08970627490966467
2020-10-05 13:03:34,761 - __main__ - INFO - innate_buffer=2000, innate_train_len=2000, innate_val_len=2000
2020-10-05 13:03:34,761 - __main__ - INFO - target_state_list=(6000, 25), target_innate_seq=(6000, 5)
2020-10-05 13:04:51,684 - __main__ - DEBUG - QR 0, Loss=0.08736674252228208
2020-10-05 13:04:51,684 - __main__ - DEBUG - QR 1, Loss=0.08628848982819043
2020-10-05 13:04:51,685 - __main__ - DEBUG - QR 2, Loss=0.08986788944389124
2020-10-05 13:04:51,685 - __main__ - DEBUG - QR 3, Loss=0.08909478686972767
2020-10-05 13:04:51,685 - __main__ - DEBUG - QR 4, Loss=0.08966085840686878
2020-10-05 13:05:08,522 - __main__ - INFO - innate_buffer=2000, innate_train_len=2000, innate_val_len=2000
2020-10-05 13:05:08,522 - __main__ - INFO - target_state_list=(6000, 25), target_innate_seq=(6000, 5)
2020-10-05 13:08:42,360 - __main__ - DEBUG - QR 0, Loss=0.08951945260049289
2020-10-05 13:08:42,361 - __main__ - DEBUG - QR 1, Loss=0.08742917383818154
2020-10-05 13:08:42,361 - __main__ - DEBUG - QR 2, Loss=0.08942033070566631
2020-10-05 13:08:42,361 - __main__ - DEBUG - QR 3, Loss=0.08858522029752752
2020-10-05 13:08:42,361 - __main__ - DEBUG - QR 4, Loss=0.0905466942430849
2020-10-05 13:08:54,818 - __main__ - DEBUG - QR 0, Loss=0.0895247018627756
2020-10-05 13:08:54,818 - __main__ - DEBUG - QR 1, Loss=0.08743171299509558
2020-10-05 13:08:54,818 - __main__ - DEBUG - QR 2, Loss=0.08970022632035857
2020-10-05 13:08:54,818 - __main__ - DEBUG - QR 3, Loss=0.08959017698729091
2020-10-05 13:08:54,818 - __main__ - DEBUG - QR 4, Loss=0.09045594641579091
2020-10-05 13:08:59,096 - __main__ - INFO - innate_buffer=2000, innate_train_len=2000, innate_val_len=2000
2020-10-05 13:08:59,096 - __main__ - INFO - target_state_list=(6000, 25), target_innate_seq=(6000, 5)
2020-10-05 13:09:05,113 - __main__ - INFO - innate_buffer=2000, innate_train_len=2000, innate_val_len=2000
2020-10-05 13:09:05,114 - __main__ - INFO - target_state_list=(6000, 25), target_innate_seq=(6000, 5)
2020-10-05 13:09:44,149 - __main__ - DEBUG - QR 0, Loss=0.0896373805248327
2020-10-05 13:09:44,150 - __main__ - DEBUG - QR 1, Loss=0.08748573542293701
2020-10-05 13:09:44,150 - __main__ - DEBUG - QR 2, Loss=0.08918745594734019
2020-10-05 13:09:44,150 - __main__ - DEBUG - QR 3, Loss=0.09400322824555246
2020-10-05 13:09:44,150 - __main__ - DEBUG - QR 4, Loss=0.09046944137304919
2020-10-05 13:10:01,501 - __main__ - INFO - innate_buffer=2000, innate_train_len=2000, innate_val_len=2000
2020-10-05 13:10:01,501 - __main__ - INFO - target_state_list=(6000, 25), target_innate_seq=(6000, 5)
2020-10-05 13:14:21,071 - __main__ - DEBUG - QR 0, Loss=0.08933915797813015
2020-10-05 13:14:21,071 - __main__ - DEBUG - QR 1, Loss=0.08773445568691247
2020-10-05 13:14:21,071 - __main__ - DEBUG - QR 2, Loss=0.0928109524221534
2020-10-05 13:14:21,071 - __main__ - DEBUG - QR 3, Loss=0.09092451452957244
2020-10-05 13:14:21,071 - __main__ - DEBUG - QR 4, Loss=0.08800838900861811
2020-10-05 13:14:34,271 - __main__ - DEBUG - QR 0, Loss=0.08934229657984263
2020-10-05 13:14:34,271 - __main__ - DEBUG - QR 1, Loss=0.08783318725856631
2020-10-05 13:14:34,271 - __main__ - DEBUG - QR 2, Loss=0.0928490338463862
2020-10-05 13:14:34,271 - __main__ - DEBUG - QR 3, Loss=0.09073230877977295
2020-10-05 13:14:34,271 - __main__ - DEBUG - QR 4, Loss=0.08802099368290277
2020-10-05 13:14:37,977 - __main__ - INFO - innate_buffer=2000, innate_train_len=2000, innate_val_len=2000
2020-10-05 13:14:37,977 - __main__ - INFO - target_state_list=(6000, 25), target_innate_seq=(6000, 5)
2020-10-05 13:14:44,542 - __main__ - DEBUG - QR 0, Loss=0.08935613611960284
2020-10-05 13:14:44,543 - __main__ - DEBUG - QR 1, Loss=0.08778361471264698
2020-10-05 13:14:44,543 - __main__ - DEBUG - QR 2, Loss=0.09272476870165651
2020-10-05 13:14:44,543 - __main__ - DEBUG - QR 3, Loss=0.09053558895750057
2020-10-05 13:14:44,543 - __main__ - DEBUG - QR 4, Loss=0.08811642044687658
2020-10-05 13:14:51,169 - __main__ - INFO - innate_buffer=2000, innate_train_len=2000, innate_val_len=2000
2020-10-05 13:14:51,170 - __main__ - INFO - target_state_list=(6000, 25), target_innate_seq=(6000, 5)
2020-10-05 13:15:01,507 - __main__ - INFO - innate_buffer=2000, innate_train_len=2000, innate_val_len=2000
2020-10-05 13:15:01,508 - __main__ - INFO - target_state_list=(6000, 25), target_innate_seq=(6000, 5)
2020-10-05 13:19:59,306 - __main__ - DEBUG - QR 0, Loss=0.08825518486042983
2020-10-05 13:19:59,307 - __main__ - DEBUG - QR 1, Loss=0.08921878836872822
2020-10-05 13:19:59,307 - __main__ - DEBUG - QR 2, Loss=0.08920041268522458
2020-10-05 13:19:59,307 - __main__ - DEBUG - QR 3, Loss=0.08898860640437788
2020-10-05 13:19:59,307 - __main__ - DEBUG - QR 4, Loss=0.08864173604653176
2020-10-05 13:20:04,764 - __main__ - DEBUG - QR 0, Loss=0.08827086198052475
2020-10-05 13:20:04,764 - __main__ - DEBUG - QR 1, Loss=0.08917669317242485
2020-10-05 13:20:04,764 - __main__ - DEBUG - QR 2, Loss=0.08891645532193355
2020-10-05 13:20:04,764 - __main__ - DEBUG - QR 3, Loss=0.08925326034325128
2020-10-05 13:20:04,764 - __main__ - DEBUG - QR 4, Loss=0.0885463546015608
2020-10-05 13:20:15,091 - __main__ - INFO - innate_buffer=2000, innate_train_len=2000, innate_val_len=2000
2020-10-05 13:20:15,092 - __main__ - INFO - target_state_list=(6000, 25), target_innate_seq=(6000, 5)
2020-10-05 13:20:16,822 - __main__ - INFO - innate_buffer=2000, innate_train_len=2000, innate_val_len=2000
2020-10-05 13:20:16,823 - __main__ - INFO - target_state_list=(6000, 25), target_innate_seq=(6000, 5)
2020-10-05 13:20:28,631 - __main__ - DEBUG - QR 0, Loss=0.08834905893774118
2020-10-05 13:20:28,631 - __main__ - DEBUG - QR 1, Loss=0.08905936031383163
2020-10-05 13:20:28,631 - __main__ - DEBUG - QR 2, Loss=0.08910334798234514
2020-10-05 13:20:28,631 - __main__ - DEBUG - QR 3, Loss=0.08934984119751335
2020-10-05 13:20:28,632 - __main__ - DEBUG - QR 4, Loss=0.0885441150230476
2020-10-05 13:20:45,672 - __main__ - INFO - innate_buffer=2000, innate_train_len=2000, innate_val_len=2000
2020-10-05 13:20:45,673 - __main__ - INFO - target_state_list=(6000, 25), target_innate_seq=(6000, 5)
2020-10-05 13:24:44,509 - __main__ - DEBUG - QR 0, Loss=0.09052086915107743
2020-10-05 13:24:44,509 - __main__ - DEBUG - QR 1, Loss=0.08805619037472819
2020-10-05 13:24:44,509 - __main__ - DEBUG - QR 2, Loss=0.08694462333136938
2020-10-05 13:24:44,509 - __main__ - DEBUG - QR 3, Loss=0.08940949552186316
2020-10-05 13:24:44,509 - __main__ - DEBUG - QR 4, Loss=0.08960335203687587
2020-10-05 13:25:01,687 - __main__ - INFO - innate_buffer=2000, innate_train_len=2000, innate_val_len=2000
2020-10-05 13:25:01,687 - __main__ - INFO - target_state_list=(6000, 25), target_innate_seq=(6000, 5)
2020-10-05 13:25:33,078 - __main__ - DEBUG - QR 0, Loss=0.09057965027877098
2020-10-05 13:25:33,078 - __main__ - DEBUG - QR 1, Loss=0.08810599275804694
2020-10-05 13:25:33,079 - __main__ - DEBUG - QR 2, Loss=0.08694427040919586
2020-10-05 13:25:33,079 - __main__ - DEBUG - QR 3, Loss=0.08945475609589636
2020-10-05 13:25:33,079 - __main__ - DEBUG - QR 4, Loss=0.08963758069632284
2020-10-05 13:25:43,374 - __main__ - INFO - innate_buffer=2000, innate_train_len=2000, innate_val_len=2000
2020-10-05 13:25:43,374 - __main__ - INFO - target_state_list=(6000, 25), target_innate_seq=(6000, 5)
2020-10-05 13:26:22,960 - __main__ - DEBUG - QR 0, Loss=0.09040258587607262
2020-10-05 13:26:22,960 - __main__ - DEBUG - QR 1, Loss=0.08803128927492461
2020-10-05 13:26:22,960 - __main__ - DEBUG - QR 2, Loss=0.08695044900051448
2020-10-05 13:26:22,960 - __main__ - DEBUG - QR 3, Loss=0.08941191000009506
2020-10-05 13:26:22,961 - __main__ - DEBUG - QR 4, Loss=0.08964681305966668
2020-10-05 13:26:39,746 - __main__ - INFO - innate_buffer=2000, innate_train_len=2000, innate_val_len=2000
2020-10-05 13:26:39,746 - __main__ - INFO - target_state_list=(6000, 25), target_innate_seq=(6000, 5)
2020-10-05 13:29:10,452 - __main__ - DEBUG - QR 0, Loss=0.0920513248347826
2020-10-05 13:29:10,452 - __main__ - DEBUG - QR 1, Loss=0.09360216151028702
2020-10-05 13:29:10,452 - __main__ - DEBUG - QR 2, Loss=0.09113792119821655
2020-10-05 13:29:10,452 - __main__ - DEBUG - QR 3, Loss=0.08748569783121814
2020-10-05 13:29:10,453 - __main__ - DEBUG - QR 4, Loss=0.09081474771858977
2020-10-05 13:29:20,756 - __main__ - INFO - innate_buffer=2000, innate_train_len=2000, innate_val_len=2000
2020-10-05 13:29:20,756 - __main__ - INFO - target_state_list=(6000, 25), target_innate_seq=(6000, 5)
2020-10-05 13:30:32,121 - __main__ - DEBUG - QR 0, Loss=0.09208108482663538
2020-10-05 13:30:32,122 - __main__ - DEBUG - QR 1, Loss=0.09313642912106755
2020-10-05 13:30:32,122 - __main__ - DEBUG - QR 2, Loss=0.09122206789485526
2020-10-05 13:30:32,122 - __main__ - DEBUG - QR 3, Loss=0.08827898780529603
2020-10-05 13:30:32,122 - __main__ - DEBUG - QR 4, Loss=0.09087077412389388
2020-10-05 13:30:49,525 - __main__ - INFO - innate_buffer=2000, innate_train_len=2000, innate_val_len=2000
2020-10-05 13:30:49,525 - __main__ - INFO - target_state_list=(6000, 25), target_innate_seq=(6000, 5)
2020-10-05 13:31:05,461 - __main__ - DEBUG - QR 0, Loss=0.09218085295970022
2020-10-05 13:31:05,461 - __main__ - DEBUG - QR 1, Loss=0.09311805293526776
2020-10-05 13:31:05,461 - __main__ - DEBUG - QR 2, Loss=0.09122117362350633
2020-10-05 13:31:05,461 - __main__ - DEBUG - QR 3, Loss=0.08711203706413555
2020-10-05 13:31:05,461 - __main__ - DEBUG - QR 4, Loss=0.09077828430500018
2020-10-05 13:31:22,283 - __main__ - INFO - innate_buffer=2000, innate_train_len=2000, innate_val_len=2000
2020-10-05 13:31:22,283 - __main__ - INFO - target_state_list=(6000, 25), target_innate_seq=(6000, 5)
2020-10-05 13:34:32,916 - __main__ - DEBUG - QR 0, Loss=0.08940332031355329
2020-10-05 13:34:32,917 - __main__ - DEBUG - QR 1, Loss=0.0880338779663391
2020-10-05 13:34:32,917 - __main__ - DEBUG - QR 2, Loss=0.09086737526626722
2020-10-05 13:34:32,917 - __main__ - DEBUG - QR 3, Loss=0.0878221611759864
2020-10-05 13:34:32,917 - __main__ - DEBUG - QR 4, Loss=0.08881679299546351
2020-10-05 13:34:49,987 - __main__ - INFO - innate_buffer=2000, innate_train_len=2000, innate_val_len=2000
2020-10-05 13:34:49,987 - __main__ - INFO - target_state_list=(6000, 25), target_innate_seq=(6000, 5)
2020-10-05 13:36:29,902 - __main__ - DEBUG - QR 0, Loss=0.0893792339310375
2020-10-05 13:36:29,902 - __main__ - DEBUG - QR 1, Loss=0.08807835693629208
2020-10-05 13:36:29,903 - __main__ - DEBUG - QR 2, Loss=0.09087211365341408
2020-10-05 13:36:29,903 - __main__ - DEBUG - QR 3, Loss=0.0877206034107629
2020-10-05 13:36:29,903 - __main__ - DEBUG - QR 4, Loss=0.08889497727881923
2020-10-05 13:36:46,810 - __main__ - INFO - innate_buffer=2000, innate_train_len=2000, innate_val_len=2000
2020-10-05 13:36:46,811 - __main__ - INFO - target_state_list=(6000, 25), target_innate_seq=(6000, 5)
2020-10-05 13:36:51,006 - __main__ - DEBUG - QR 0, Loss=0.08941230258017997
2020-10-05 13:36:51,006 - __main__ - DEBUG - QR 1, Loss=0.0880246337569803
2020-10-05 13:36:51,007 - __main__ - DEBUG - QR 2, Loss=0.09087172277103765
2020-10-05 13:36:51,007 - __main__ - DEBUG - QR 3, Loss=0.08794947493849804
2020-10-05 13:36:51,007 - __main__ - DEBUG - QR 4, Loss=0.08894114586588889
2020-10-05 13:37:01,456 - __main__ - INFO - innate_buffer=2000, innate_train_len=2000, innate_val_len=2000
2020-10-05 13:37:01,457 - __main__ - INFO - target_state_list=(6000, 25), target_innate_seq=(6000, 5)
2020-10-05 13:40:25,874 - __main__ - DEBUG - QR 0, Loss=0.09063061472105081
2020-10-05 13:40:25,874 - __main__ - DEBUG - QR 1, Loss=0.08868326773304977
2020-10-05 13:40:25,874 - __main__ - DEBUG - QR 2, Loss=0.09061943593759902
2020-10-05 13:40:25,874 - __main__ - DEBUG - QR 3, Loss=0.08869707320984715
2020-10-05 13:40:25,874 - __main__ - DEBUG - QR 4, Loss=0.09159231557188371
2020-10-05 13:40:42,485 - __main__ - INFO - innate_buffer=2000, innate_train_len=2000, innate_val_len=2000
2020-10-05 13:40:42,486 - __main__ - INFO - target_state_list=(6000, 25), target_innate_seq=(6000, 5)
2020-10-05 13:41:17,950 - __main__ - DEBUG - QR 0, Loss=0.09069431799898066
2020-10-05 13:41:17,951 - __main__ - DEBUG - QR 1, Loss=0.08875087866356789
2020-10-05 13:41:17,952 - __main__ - DEBUG - QR 2, Loss=0.09062127473962966
2020-10-05 13:41:17,952 - __main__ - DEBUG - QR 3, Loss=0.08864976498733343
2020-10-05 13:41:17,952 - __main__ - DEBUG - QR 4, Loss=0.091604332754726
2020-10-05 13:41:20,587 - __main__ - DEBUG - QR 0, Loss=0.09065996194260094
2020-10-05 13:41:20,587 - __main__ - DEBUG - QR 1, Loss=0.08874239861036322
2020-10-05 13:41:20,587 - __main__ - DEBUG - QR 2, Loss=0.09060984753983033
2020-10-05 13:41:20,587 - __main__ - DEBUG - QR 3, Loss=0.08863974142538127
2020-10-05 13:41:20,587 - __main__ - DEBUG - QR 4, Loss=0.09159494608933233
2020-10-05 13:41:28,333 - __main__ - INFO - innate_buffer=2000, innate_train_len=2000, innate_val_len=2000
2020-10-05 13:41:28,333 - __main__ - INFO - target_state_list=(6000, 25), target_innate_seq=(6000, 5)
2020-10-05 13:41:31,088 - __main__ - INFO - innate_buffer=2000, innate_train_len=2000, innate_val_len=2000
2020-10-05 13:41:31,089 - __main__ - INFO - target_state_list=(6000, 25), target_innate_seq=(6000, 5)
2020-10-05 13:44:55,221 - __main__ - DEBUG - QR 0, Loss=0.08751155973087638
2020-10-05 13:44:55,221 - __main__ - DEBUG - QR 1, Loss=0.08934964118859853
2020-10-05 13:44:55,221 - __main__ - DEBUG - QR 2, Loss=0.08766471008804921
2020-10-05 13:44:55,221 - __main__ - DEBUG - QR 3, Loss=0.08855043363005087
2020-10-05 13:44:55,221 - __main__ - DEBUG - QR 4, Loss=0.08703684830181799
2020-10-05 13:44:55,221 - __main__ - INFO - do_narma=0, Ntrials=10, total loss avg=0.08930506265176989, std=0.0008112015295686268
2020-10-05 13:44:59,957 - __main__ - DEBUG - QR 0, Loss=0.08750222289953971
2020-10-05 13:44:59,957 - __main__ - DEBUG - QR 1, Loss=0.08935642047040684
2020-10-05 13:44:59,957 - __main__ - DEBUG - QR 2, Loss=0.08768818241519295
2020-10-05 13:44:59,957 - __main__ - DEBUG - QR 3, Loss=0.08891720229085337
2020-10-05 13:44:59,957 - __main__ - DEBUG - QR 4, Loss=0.08742652257492821
2020-10-05 13:44:59,957 - __main__ - INFO - do_narma=0, Ntrials=10, total loss avg=0.0893478254243693, std=0.000794095949698852
2020-10-05 13:46:21,500 - __main__ - DEBUG - QR 0, Loss=0.08755744045217283
2020-10-05 13:46:21,500 - __main__ - DEBUG - QR 1, Loss=0.089359127748367
2020-10-05 13:46:21,500 - __main__ - DEBUG - QR 2, Loss=0.0878790138725881
2020-10-05 13:46:21,500 - __main__ - DEBUG - QR 3, Loss=0.08899946624645287
2020-10-05 13:46:21,500 - __main__ - DEBUG - QR 4, Loss=0.08697977773013914
2020-10-05 13:46:21,500 - __main__ - INFO - do_narma=0, Ntrials=10, total loss avg=0.08943775040661277, std=0.0008648965589513178
