2020-10-05 12:53:00,906 - __main__ - INFO - n_units=5
2020-10-05 12:53:00,906 - __main__ - INFO - max_energy=1.0
2020-10-05 12:53:00,906 - __main__ - INFO - beta=1e-14
2020-10-05 12:53:00,906 - __main__ - INFO - taudelta=1.0
2020-10-05 12:53:00,906 - __main__ - INFO - V=1
2020-10-05 12:53:00,907 - __main__ - INFO - layers=5
2020-10-05 12:53:00,907 - __main__ - INFO - train_len=2000, val_len=2000, buffer=2000
2020-10-05 12:53:00,907 - __main__ - INFO - alpha=0.5, Ntrials=10
2020-10-05 12:53:00,907 - __main__ - INFO - noise=0.0006000000000000001, learning rate=10.0,scale_input=0.2
2020-10-05 12:53:00,942 - __main__ - INFO - n_units=5
2020-10-05 12:53:00,942 - __main__ - INFO - max_energy=1.0
2020-10-05 12:53:00,942 - __main__ - INFO - beta=1e-14
2020-10-05 12:53:00,943 - __main__ - INFO - taudelta=2.0
2020-10-05 12:53:00,943 - __main__ - INFO - V=1
2020-10-05 12:53:00,943 - __main__ - INFO - layers=5
2020-10-05 12:53:00,943 - __main__ - INFO - train_len=2000, val_len=2000, buffer=2000
2020-10-05 12:53:00,943 - __main__ - INFO - alpha=0.5, Ntrials=10
2020-10-05 12:53:00,943 - __main__ - INFO - noise=0.0006000000000000001, learning rate=10.0,scale_input=0.2
2020-10-05 12:53:01,003 - __main__ - INFO - n_units=5
2020-10-05 12:53:01,004 - __main__ - INFO - max_energy=1.0
2020-10-05 12:53:01,004 - __main__ - INFO - beta=1e-14
2020-10-05 12:53:01,004 - __main__ - INFO - taudelta=4.0
2020-10-05 12:53:01,004 - __main__ - INFO - V=1
2020-10-05 12:53:01,004 - __main__ - INFO - layers=5
2020-10-05 12:53:01,004 - __main__ - INFO - train_len=2000, val_len=2000, buffer=2000
2020-10-05 12:53:01,004 - __main__ - INFO - alpha=0.5, Ntrials=10
2020-10-05 12:53:01,004 - __main__ - INFO - noise=0.0006000000000000001, learning rate=10.0,scale_input=0.2
2020-10-05 12:53:16,293 - __main__ - INFO - innate_buffer=2000, innate_train_len=2000, innate_val_len=2000
2020-10-05 12:53:16,293 - __main__ - INFO - target_state_list=(6000, 25), target_innate_seq=(6000, 5)
2020-10-05 12:53:17,992 - __main__ - INFO - innate_buffer=2000, innate_train_len=2000, innate_val_len=2000
2020-10-05 12:53:17,992 - __main__ - INFO - target_state_list=(6000, 25), target_innate_seq=(6000, 5)
2020-10-05 12:53:18,111 - __main__ - INFO - innate_buffer=2000, innate_train_len=2000, innate_val_len=2000
2020-10-05 12:53:18,111 - __main__ - INFO - target_state_list=(6000, 25), target_innate_seq=(6000, 5)
2020-10-05 12:57:57,159 - __main__ - DEBUG - QR 0, Loss=0.024678675721825874
2020-10-05 12:57:57,159 - __main__ - DEBUG - QR 1, Loss=0.024748345266665934
2020-10-05 12:57:57,159 - __main__ - DEBUG - QR 2, Loss=0.024399929029626104
2020-10-05 12:57:57,159 - __main__ - DEBUG - QR 3, Loss=0.025042949190328925
2020-10-05 12:57:57,159 - __main__ - DEBUG - QR 4, Loss=0.024441577068310898
2020-10-05 12:58:09,159 - __main__ - DEBUG - QR 0, Loss=0.02478934353367559
2020-10-05 12:58:09,159 - __main__ - DEBUG - QR 1, Loss=0.024740935120713094
2020-10-05 12:58:09,159 - __main__ - DEBUG - QR 2, Loss=0.024405521077736365
2020-10-05 12:58:09,159 - __main__ - DEBUG - QR 3, Loss=0.025062067452691548
2020-10-05 12:58:09,159 - __main__ - DEBUG - QR 4, Loss=0.024438621871083453
2020-10-05 12:58:10,058 - __main__ - DEBUG - QR 0, Loss=0.0641397644368943
2020-10-05 12:58:10,058 - __main__ - DEBUG - QR 1, Loss=0.024716515559785344
2020-10-05 12:58:10,058 - __main__ - DEBUG - QR 2, Loss=0.024405023954075993
2020-10-05 12:58:10,058 - __main__ - DEBUG - QR 3, Loss=0.025066306165206696
2020-10-05 12:58:10,059 - __main__ - DEBUG - QR 4, Loss=0.024425719873335614
2020-10-05 12:58:14,299 - __main__ - INFO - innate_buffer=2000, innate_train_len=2000, innate_val_len=2000
2020-10-05 12:58:14,300 - __main__ - INFO - target_state_list=(6000, 25), target_innate_seq=(6000, 5)
2020-10-05 12:58:20,418 - __main__ - INFO - innate_buffer=2000, innate_train_len=2000, innate_val_len=2000
2020-10-05 12:58:20,418 - __main__ - INFO - target_state_list=(6000, 25), target_innate_seq=(6000, 5)
2020-10-05 12:58:25,151 - __main__ - INFO - innate_buffer=2000, innate_train_len=2000, innate_val_len=2000
2020-10-05 12:58:25,152 - __main__ - INFO - target_state_list=(6000, 25), target_innate_seq=(6000, 5)
2020-10-05 13:03:07,232 - __main__ - DEBUG - QR 0, Loss=0.024052080989807722
2020-10-05 13:03:07,233 - __main__ - DEBUG - QR 1, Loss=0.023640166168781417
2020-10-05 13:03:07,233 - __main__ - DEBUG - QR 2, Loss=0.024763957646534666
2020-10-05 13:03:07,233 - __main__ - DEBUG - QR 3, Loss=0.024842230888913
2020-10-05 13:03:07,233 - __main__ - DEBUG - QR 4, Loss=0.024658599593851218
2020-10-05 13:03:19,056 - __main__ - INFO - innate_buffer=2000, innate_train_len=2000, innate_val_len=2000
2020-10-05 13:03:19,056 - __main__ - INFO - target_state_list=(6000, 25), target_innate_seq=(6000, 5)
2020-10-05 13:03:30,029 - __main__ - DEBUG - QR 0, Loss=0.02393062977895431
2020-10-05 13:03:30,030 - __main__ - DEBUG - QR 1, Loss=0.023640430762643005
2020-10-05 13:03:30,030 - __main__ - DEBUG - QR 2, Loss=0.024634104710532595
2020-10-05 13:03:30,030 - __main__ - DEBUG - QR 3, Loss=0.024390086068190788
2020-10-05 13:03:30,030 - __main__ - DEBUG - QR 4, Loss=0.024650127185322737
2020-10-05 13:03:33,188 - __main__ - DEBUG - QR 0, Loss=0.024994323349840787
2020-10-05 13:03:33,189 - __main__ - DEBUG - QR 1, Loss=0.023665987332840113
2020-10-05 13:03:33,189 - __main__ - DEBUG - QR 2, Loss=0.024792707695235658
2020-10-05 13:03:33,189 - __main__ - DEBUG - QR 3, Loss=0.024422022773128157
2020-10-05 13:03:33,189 - __main__ - DEBUG - QR 4, Loss=0.024647594127120954
2020-10-05 13:03:47,566 - __main__ - INFO - innate_buffer=2000, innate_train_len=2000, innate_val_len=2000
2020-10-05 13:03:47,566 - __main__ - INFO - target_state_list=(6000, 25), target_innate_seq=(6000, 5)
2020-10-05 13:03:47,700 - __main__ - INFO - innate_buffer=2000, innate_train_len=2000, innate_val_len=2000
2020-10-05 13:03:47,700 - __main__ - INFO - target_state_list=(6000, 25), target_innate_seq=(6000, 5)
2020-10-05 13:07:57,099 - __main__ - DEBUG - QR 0, Loss=0.024997062400861293
2020-10-05 13:07:57,099 - __main__ - DEBUG - QR 1, Loss=0.023943861733162278
2020-10-05 13:07:57,099 - __main__ - DEBUG - QR 2, Loss=0.024527154480185935
2020-10-05 13:07:57,099 - __main__ - DEBUG - QR 3, Loss=0.02425973930007974
2020-10-05 13:07:57,099 - __main__ - DEBUG - QR 4, Loss=0.02478648969315737
2020-10-05 13:08:14,386 - __main__ - INFO - innate_buffer=2000, innate_train_len=2000, innate_val_len=2000
2020-10-05 13:08:14,386 - __main__ - INFO - target_state_list=(6000, 25), target_innate_seq=(6000, 5)
2020-10-05 13:08:37,656 - __main__ - DEBUG - QR 0, Loss=0.02509370136345009
2020-10-05 13:08:37,657 - __main__ - DEBUG - QR 1, Loss=0.023944762487115117
2020-10-05 13:08:37,657 - __main__ - DEBUG - QR 2, Loss=0.024669017330087143
2020-10-05 13:08:37,657 - __main__ - DEBUG - QR 3, Loss=0.024258414419971557
2020-10-05 13:08:37,657 - __main__ - DEBUG - QR 4, Loss=0.024771143295059268
2020-10-05 13:08:54,606 - __main__ - INFO - innate_buffer=2000, innate_train_len=2000, innate_val_len=2000
2020-10-05 13:08:54,606 - __main__ - INFO - target_state_list=(6000, 25), target_innate_seq=(6000, 5)
2020-10-05 13:08:58,186 - __main__ - DEBUG - QR 0, Loss=0.02513100983395177
2020-10-05 13:08:58,187 - __main__ - DEBUG - QR 1, Loss=0.023951493405177642
2020-10-05 13:08:58,187 - __main__ - DEBUG - QR 2, Loss=0.024478937711420064
2020-10-05 13:08:58,187 - __main__ - DEBUG - QR 3, Loss=0.02455648694183116
2020-10-05 13:08:58,187 - __main__ - DEBUG - QR 4, Loss=0.024782461895133417
2020-10-05 13:09:13,521 - __main__ - INFO - innate_buffer=2000, innate_train_len=2000, innate_val_len=2000
2020-10-05 13:09:13,522 - __main__ - INFO - target_state_list=(6000, 25), target_innate_seq=(6000, 5)
2020-10-05 13:13:03,992 - __main__ - DEBUG - QR 0, Loss=0.024469226509246645
2020-10-05 13:13:03,993 - __main__ - DEBUG - QR 1, Loss=0.024337902613023092
2020-10-05 13:13:03,993 - __main__ - DEBUG - QR 2, Loss=0.026050699539687496
2020-10-05 13:13:03,993 - __main__ - DEBUG - QR 3, Loss=0.025026235015000117
2020-10-05 13:13:03,993 - __main__ - DEBUG - QR 4, Loss=0.024128260842793885
2020-10-05 13:13:21,459 - __main__ - INFO - innate_buffer=2000, innate_train_len=2000, innate_val_len=2000
2020-10-05 13:13:21,460 - __main__ - INFO - target_state_list=(6000, 25), target_innate_seq=(6000, 5)
2020-10-05 13:14:12,107 - __main__ - DEBUG - QR 0, Loss=0.024471332629473062
2020-10-05 13:14:12,108 - __main__ - DEBUG - QR 1, Loss=0.02448446694825035
2020-10-05 13:14:12,108 - __main__ - DEBUG - QR 2, Loss=0.025533134498904445
2020-10-05 13:14:12,108 - __main__ - DEBUG - QR 3, Loss=0.024869149381814323
2020-10-05 13:14:12,108 - __main__ - DEBUG - QR 4, Loss=0.024213582561615363
2020-10-05 13:14:12,455 - __main__ - DEBUG - QR 0, Loss=0.024468695203576425
2020-10-05 13:14:12,455 - __main__ - DEBUG - QR 1, Loss=0.024268343468597308
2020-10-05 13:14:12,455 - __main__ - DEBUG - QR 2, Loss=0.025933201380213444
2020-10-05 13:14:12,455 - __main__ - DEBUG - QR 3, Loss=0.025173192053270576
2020-10-05 13:14:12,455 - __main__ - DEBUG - QR 4, Loss=0.024110221690549424
2020-10-05 13:14:24,644 - __main__ - INFO - innate_buffer=2000, innate_train_len=2000, innate_val_len=2000
2020-10-05 13:14:24,644 - __main__ - INFO - target_state_list=(6000, 25), target_innate_seq=(6000, 5)
2020-10-05 13:14:27,574 - __main__ - INFO - innate_buffer=2000, innate_train_len=2000, innate_val_len=2000
2020-10-05 13:14:27,574 - __main__ - INFO - target_state_list=(6000, 25), target_innate_seq=(6000, 5)
2020-10-05 13:18:59,021 - __main__ - DEBUG - QR 0, Loss=0.02424579338846571
2020-10-05 13:18:59,022 - __main__ - DEBUG - QR 1, Loss=0.024390141098368654
2020-10-05 13:18:59,022 - __main__ - DEBUG - QR 2, Loss=0.024864007821493814
2020-10-05 13:18:59,022 - __main__ - DEBUG - QR 3, Loss=0.024656425584213205
2020-10-05 13:18:59,022 - __main__ - DEBUG - QR 4, Loss=0.02424132933638286
2020-10-05 13:19:09,502 - __main__ - INFO - innate_buffer=2000, innate_train_len=2000, innate_val_len=2000
2020-10-05 13:19:09,503 - __main__ - INFO - target_state_list=(6000, 25), target_innate_seq=(6000, 5)
2020-10-05 13:19:22,472 - __main__ - DEBUG - QR 0, Loss=0.024301332149008485
2020-10-05 13:19:22,472 - __main__ - DEBUG - QR 1, Loss=0.024438314479584312
2020-10-05 13:19:22,472 - __main__ - DEBUG - QR 2, Loss=0.025063503413232675
2020-10-05 13:19:22,472 - __main__ - DEBUG - QR 3, Loss=0.024435922647125165
2020-10-05 13:19:22,472 - __main__ - DEBUG - QR 4, Loss=0.024397758423877956
2020-10-05 13:19:37,131 - __main__ - DEBUG - QR 0, Loss=0.024187824994022892
2020-10-05 13:19:37,131 - __main__ - DEBUG - QR 1, Loss=0.02442017190411875
2020-10-05 13:19:37,131 - __main__ - DEBUG - QR 2, Loss=0.024496380441505008
2020-10-05 13:19:37,131 - __main__ - DEBUG - QR 3, Loss=0.024595879093824817
2020-10-05 13:19:37,131 - __main__ - DEBUG - QR 4, Loss=0.02425272743441654
2020-10-05 13:19:37,337 - __main__ - INFO - innate_buffer=2000, innate_train_len=2000, innate_val_len=2000
2020-10-05 13:19:37,338 - __main__ - INFO - target_state_list=(6000, 25), target_innate_seq=(6000, 5)
2020-10-05 13:19:54,342 - __main__ - INFO - innate_buffer=2000, innate_train_len=2000, innate_val_len=2000
2020-10-05 13:19:54,342 - __main__ - INFO - target_state_list=(6000, 25), target_innate_seq=(6000, 5)
2020-10-05 13:23:23,462 - __main__ - DEBUG - QR 0, Loss=0.02475185210426604
2020-10-05 13:23:23,462 - __main__ - DEBUG - QR 1, Loss=0.024101776753278504
2020-10-05 13:23:23,462 - __main__ - DEBUG - QR 2, Loss=0.02382648175435406
2020-10-05 13:23:23,463 - __main__ - DEBUG - QR 3, Loss=0.024494822615560095
2020-10-05 13:23:23,463 - __main__ - DEBUG - QR 4, Loss=0.024773622898229895
2020-10-05 13:23:40,237 - __main__ - INFO - innate_buffer=2000, innate_train_len=2000, innate_val_len=2000
2020-10-05 13:23:40,237 - __main__ - INFO - target_state_list=(6000, 25), target_innate_seq=(6000, 5)
2020-10-05 13:24:39,055 - __main__ - DEBUG - QR 0, Loss=0.02476357805603094
2020-10-05 13:24:39,056 - __main__ - DEBUG - QR 1, Loss=0.024101275319980266
2020-10-05 13:24:39,056 - __main__ - DEBUG - QR 2, Loss=0.02381907984832877
2020-10-05 13:24:39,056 - __main__ - DEBUG - QR 3, Loss=0.024511204902931027
2020-10-05 13:24:39,056 - __main__ - DEBUG - QR 4, Loss=0.024557360506893156
2020-10-05 13:24:53,523 - __main__ - INFO - innate_buffer=2000, innate_train_len=2000, innate_val_len=2000
2020-10-05 13:24:53,523 - __main__ - INFO - target_state_list=(6000, 25), target_innate_seq=(6000, 5)
2020-10-05 13:25:04,592 - __main__ - DEBUG - QR 0, Loss=0.02481339767358474
2020-10-05 13:25:04,592 - __main__ - DEBUG - QR 1, Loss=0.024127115220594304
2020-10-05 13:25:04,592 - __main__ - DEBUG - QR 2, Loss=0.02381493688094845
2020-10-05 13:25:04,592 - __main__ - DEBUG - QR 3, Loss=0.024568619240427126
2020-10-05 13:25:04,592 - __main__ - DEBUG - QR 4, Loss=0.024777464527108203
2020-10-05 13:25:21,738 - __main__ - INFO - innate_buffer=2000, innate_train_len=2000, innate_val_len=2000
2020-10-05 13:25:21,738 - __main__ - INFO - target_state_list=(6000, 25), target_innate_seq=(6000, 5)
2020-10-05 13:28:17,975 - __main__ - DEBUG - QR 0, Loss=0.02525426292195121
2020-10-05 13:28:17,975 - __main__ - DEBUG - QR 1, Loss=0.025514800323088813
2020-10-05 13:28:17,975 - __main__ - DEBUG - QR 2, Loss=0.025102550896990504
2020-10-05 13:28:17,975 - __main__ - DEBUG - QR 3, Loss=0.023855878945306365
2020-10-05 13:28:17,975 - __main__ - DEBUG - QR 4, Loss=0.02490642776016403
2020-10-05 13:28:28,373 - __main__ - INFO - innate_buffer=2000, innate_train_len=2000, innate_val_len=2000
2020-10-05 13:28:28,373 - __main__ - INFO - target_state_list=(6000, 25), target_innate_seq=(6000, 5)
2020-10-05 13:29:43,713 - __main__ - DEBUG - QR 0, Loss=0.02522571149056442
2020-10-05 13:29:43,713 - __main__ - DEBUG - QR 1, Loss=0.025568558569131632
2020-10-05 13:29:43,714 - __main__ - DEBUG - QR 2, Loss=0.025102478316760053
2020-10-05 13:29:43,714 - __main__ - DEBUG - QR 3, Loss=0.02443471870508063
2020-10-05 13:29:43,714 - __main__ - DEBUG - QR 4, Loss=0.02500024006940876
2020-10-05 13:29:55,790 - __main__ - INFO - innate_buffer=2000, innate_train_len=2000, innate_val_len=2000
2020-10-05 13:29:55,790 - __main__ - INFO - target_state_list=(6000, 25), target_innate_seq=(6000, 5)
2020-10-05 13:30:39,848 - __main__ - DEBUG - QR 0, Loss=0.025229895805261374
2020-10-05 13:30:39,848 - __main__ - DEBUG - QR 1, Loss=0.025981898278486022
2020-10-05 13:30:39,849 - __main__ - DEBUG - QR 2, Loss=0.024947910354710112
2020-10-05 13:30:39,850 - __main__ - DEBUG - QR 3, Loss=0.024014108643649733
2020-10-05 13:30:39,850 - __main__ - DEBUG - QR 4, Loss=0.024950141532065418
2020-10-05 13:30:56,938 - __main__ - INFO - innate_buffer=2000, innate_train_len=2000, innate_val_len=2000
2020-10-05 13:30:56,939 - __main__ - INFO - target_state_list=(6000, 25), target_innate_seq=(6000, 5)
2020-10-05 13:33:02,738 - __main__ - DEBUG - QR 0, Loss=0.024503086807551273
2020-10-05 13:33:02,739 - __main__ - DEBUG - QR 1, Loss=0.024108327050034656
2020-10-05 13:33:02,739 - __main__ - DEBUG - QR 2, Loss=0.02490422228063636
2020-10-05 13:33:02,739 - __main__ - DEBUG - QR 3, Loss=0.02405384643941161
2020-10-05 13:33:02,739 - __main__ - DEBUG - QR 4, Loss=0.02431798754399278
2020-10-05 13:33:19,490 - __main__ - INFO - innate_buffer=2000, innate_train_len=2000, innate_val_len=2000
2020-10-05 13:33:19,490 - __main__ - INFO - target_state_list=(6000, 25), target_innate_seq=(6000, 5)
2020-10-05 13:34:56,016 - __main__ - DEBUG - QR 0, Loss=0.024493365591063087
2020-10-05 13:34:56,017 - __main__ - DEBUG - QR 1, Loss=0.02420092138361614
2020-10-05 13:34:56,017 - __main__ - DEBUG - QR 2, Loss=0.02490702492328339
2020-10-05 13:34:56,017 - __main__ - DEBUG - QR 3, Loss=0.024018928352661884
2020-10-05 13:34:56,017 - __main__ - DEBUG - QR 4, Loss=0.024319033226117583
2020-10-05 13:35:13,350 - __main__ - INFO - innate_buffer=2000, innate_train_len=2000, innate_val_len=2000
2020-10-05 13:35:13,350 - __main__ - INFO - target_state_list=(6000, 25), target_innate_seq=(6000, 5)
2020-10-05 13:36:08,947 - __main__ - DEBUG - QR 0, Loss=0.024491216557402006
2020-10-05 13:36:08,947 - __main__ - DEBUG - QR 1, Loss=0.02427270024258591
2020-10-05 13:36:08,947 - __main__ - DEBUG - QR 2, Loss=0.024880926510873674
2020-10-05 13:36:08,948 - __main__ - DEBUG - QR 3, Loss=0.024041017700244506
2020-10-05 13:36:08,948 - __main__ - DEBUG - QR 4, Loss=0.02432217396851762
2020-10-05 13:36:25,825 - __main__ - INFO - innate_buffer=2000, innate_train_len=2000, innate_val_len=2000
2020-10-05 13:36:25,825 - __main__ - INFO - target_state_list=(6000, 25), target_innate_seq=(6000, 5)
2020-10-05 13:39:00,187 - __main__ - DEBUG - QR 0, Loss=0.02493200114103293
2020-10-05 13:39:00,187 - __main__ - DEBUG - QR 1, Loss=0.02449274914381099
2020-10-05 13:39:00,188 - __main__ - DEBUG - QR 2, Loss=0.02481761377782571
2020-10-05 13:39:00,188 - __main__ - DEBUG - QR 3, Loss=0.024306888462576278
2020-10-05 13:39:00,188 - __main__ - DEBUG - QR 4, Loss=0.0250912531394351
2020-10-05 13:39:17,045 - __main__ - INFO - innate_buffer=2000, innate_train_len=2000, innate_val_len=2000
2020-10-05 13:39:17,045 - __main__ - INFO - target_state_list=(6000, 25), target_innate_seq=(6000, 5)
2020-10-05 13:40:21,076 - __main__ - DEBUG - QR 0, Loss=0.024895771435867787
2020-10-05 13:40:21,076 - __main__ - DEBUG - QR 1, Loss=0.02447675329588421
2020-10-05 13:40:21,076 - __main__ - DEBUG - QR 2, Loss=0.024815679667600704
2020-10-05 13:40:21,076 - __main__ - DEBUG - QR 3, Loss=0.024371048142413865
2020-10-05 13:40:21,076 - __main__ - DEBUG - QR 4, Loss=0.025104415777152753
2020-10-05 13:40:31,287 - __main__ - INFO - innate_buffer=2000, innate_train_len=2000, innate_val_len=2000
2020-10-05 13:40:31,288 - __main__ - INFO - target_state_list=(6000, 25), target_innate_seq=(6000, 5)
2020-10-05 13:41:18,394 - __main__ - DEBUG - QR 0, Loss=0.024821426237556284
2020-10-05 13:41:18,394 - __main__ - DEBUG - QR 1, Loss=0.024339480710976715
2020-10-05 13:41:18,394 - __main__ - DEBUG - QR 2, Loss=0.02481494358374197
2020-10-05 13:41:18,394 - __main__ - DEBUG - QR 3, Loss=0.024519821301780237
2020-10-05 13:41:18,394 - __main__ - DEBUG - QR 4, Loss=0.02508398619159791
2020-10-05 13:41:33,008 - __main__ - INFO - innate_buffer=2000, innate_train_len=2000, innate_val_len=2000
2020-10-05 13:41:33,008 - __main__ - INFO - target_state_list=(6000, 25), target_innate_seq=(6000, 5)
2020-10-05 13:44:32,968 - __main__ - DEBUG - QR 0, Loss=0.023966024994610965
2020-10-05 13:44:32,969 - __main__ - DEBUG - QR 1, Loss=0.02452233647324856
2020-10-05 13:44:32,969 - __main__ - DEBUG - QR 2, Loss=0.024007498426818215
2020-10-05 13:44:32,969 - __main__ - DEBUG - QR 3, Loss=0.024253683675783372
2020-10-05 13:44:32,969 - __main__ - DEBUG - QR 4, Loss=0.023841328584611757
2020-10-05 13:44:32,969 - __main__ - INFO - do_narma=0, Ntrials=10, total loss avg=0.025312487255312672, std=0.0024243324730811476
2020-10-05 13:44:38,578 - __main__ - DEBUG - QR 0, Loss=0.0239731987850188
2020-10-05 13:44:38,578 - __main__ - DEBUG - QR 1, Loss=0.024520086322915982
2020-10-05 13:44:38,578 - __main__ - DEBUG - QR 2, Loss=0.024195410054560572
2020-10-05 13:44:38,578 - __main__ - DEBUG - QR 3, Loss=0.02439082276980288
2020-10-05 13:44:38,578 - __main__ - DEBUG - QR 4, Loss=0.023815662083354526
2020-10-05 13:44:38,579 - __main__ - INFO - do_narma=0, Ntrials=10, total loss avg=0.024580646532540787, std=0.00023970825144479426
2020-10-05 13:46:03,913 - __main__ - DEBUG - QR 0, Loss=0.023963152271240254
2020-10-05 13:46:03,913 - __main__ - DEBUG - QR 1, Loss=0.02452725442721541
2020-10-05 13:46:03,913 - __main__ - DEBUG - QR 2, Loss=0.02402772099454235
2020-10-05 13:46:03,913 - __main__ - DEBUG - QR 3, Loss=0.02435449594201209
2020-10-05 13:46:03,913 - __main__ - DEBUG - QR 4, Loss=0.02521728931301568
2020-10-05 13:46:03,914 - __main__ - INFO - do_narma=0, Ntrials=10, total loss avg=0.02456866588916825, std=0.0001989795089612498
