2020-10-05 14:20:06,238 - __main__ - INFO - n_units=5
2020-10-05 14:20:06,239 - __main__ - INFO - max_energy=1.0
2020-10-05 14:20:06,239 - __main__ - INFO - beta=1e-14
2020-10-05 14:20:06,239 - __main__ - INFO - taudelta=1.0
2020-10-05 14:20:06,239 - __main__ - INFO - V=1
2020-10-05 14:20:06,239 - __main__ - INFO - layers=5
2020-10-05 14:20:06,239 - __main__ - INFO - train_len=2000, val_len=2000, buffer=2000
2020-10-05 14:20:06,239 - __main__ - INFO - alpha=0.5, Ntrials=10
2020-10-05 14:20:06,239 - __main__ - INFO - noise=0.0004, learning rate=0.0,scale_input=0.2
2020-10-05 14:20:06,275 - __main__ - INFO - n_units=5
2020-10-05 14:20:06,275 - __main__ - INFO - max_energy=1.0
2020-10-05 14:20:06,275 - __main__ - INFO - beta=1e-14
2020-10-05 14:20:06,275 - __main__ - INFO - taudelta=2.0
2020-10-05 14:20:06,276 - __main__ - INFO - V=1
2020-10-05 14:20:06,276 - __main__ - INFO - layers=5
2020-10-05 14:20:06,276 - __main__ - INFO - train_len=2000, val_len=2000, buffer=2000
2020-10-05 14:20:06,276 - __main__ - INFO - alpha=0.5, Ntrials=10
2020-10-05 14:20:06,276 - __main__ - INFO - noise=0.0004, learning rate=0.0,scale_input=0.2
2020-10-05 14:20:06,333 - __main__ - INFO - n_units=5
2020-10-05 14:20:06,333 - __main__ - INFO - max_energy=1.0
2020-10-05 14:20:06,333 - __main__ - INFO - beta=1e-14
2020-10-05 14:20:06,333 - __main__ - INFO - taudelta=4.0
2020-10-05 14:20:06,333 - __main__ - INFO - V=1
2020-10-05 14:20:06,333 - __main__ - INFO - layers=5
2020-10-05 14:20:06,333 - __main__ - INFO - train_len=2000, val_len=2000, buffer=2000
2020-10-05 14:20:06,333 - __main__ - INFO - alpha=0.5, Ntrials=10
2020-10-05 14:20:06,333 - __main__ - INFO - noise=0.0004, learning rate=0.0,scale_input=0.2
2020-10-05 14:20:19,093 - __main__ - INFO - innate_buffer=2000, innate_train_len=2000, innate_val_len=2000
2020-10-05 14:20:19,093 - __main__ - INFO - target_state_list=(6000, 25), target_innate_seq=(6000, 5)
2020-10-05 14:20:22,497 - __main__ - INFO - innate_buffer=2000, innate_train_len=2000, innate_val_len=2000
2020-10-05 14:20:22,498 - __main__ - INFO - target_state_list=(6000, 25), target_innate_seq=(6000, 5)
2020-10-05 14:20:23,433 - __main__ - INFO - innate_buffer=2000, innate_train_len=2000, innate_val_len=2000
2020-10-05 14:20:23,433 - __main__ - INFO - target_state_list=(6000, 25), target_innate_seq=(6000, 5)
2020-10-05 14:20:33,045 - __main__ - DEBUG - QR 0, Loss=0.020537813416638382
2020-10-05 14:20:33,046 - __main__ - DEBUG - QR 1, Loss=0.019959634313246568
2020-10-05 14:20:33,047 - __main__ - DEBUG - QR 2, Loss=0.019674087122477667
2020-10-05 14:20:33,047 - __main__ - DEBUG - QR 3, Loss=0.02021082593716006
2020-10-05 14:20:33,047 - __main__ - DEBUG - QR 4, Loss=0.02001324668189054
2020-10-05 14:20:39,328 - __main__ - DEBUG - QR 0, Loss=0.022352671902987342
2020-10-05 14:20:39,328 - __main__ - DEBUG - QR 1, Loss=0.019981978251670186
2020-10-05 14:20:39,328 - __main__ - DEBUG - QR 2, Loss=0.01959910710524069
2020-10-05 14:20:39,328 - __main__ - DEBUG - QR 3, Loss=0.036429154283532585
2020-10-05 14:20:39,329 - __main__ - DEBUG - QR 4, Loss=0.02021473083586827
2020-10-05 14:20:40,236 - __main__ - DEBUG - QR 0, Loss=0.027064008840117584
2020-10-05 14:20:40,236 - __main__ - DEBUG - QR 1, Loss=0.019703212955022392
2020-10-05 14:20:40,237 - __main__ - DEBUG - QR 2, Loss=0.019525809062342993
2020-10-05 14:20:40,237 - __main__ - DEBUG - QR 3, Loss=0.031293045601181624
2020-10-05 14:20:40,237 - __main__ - DEBUG - QR 4, Loss=0.020097114126331715
2020-10-05 14:20:49,541 - __main__ - INFO - innate_buffer=2000, innate_train_len=2000, innate_val_len=2000
2020-10-05 14:20:49,541 - __main__ - INFO - target_state_list=(6000, 25), target_innate_seq=(6000, 5)
2020-10-05 14:20:56,485 - __main__ - INFO - innate_buffer=2000, innate_train_len=2000, innate_val_len=2000
2020-10-05 14:20:56,485 - __main__ - INFO - target_state_list=(6000, 25), target_innate_seq=(6000, 5)
2020-10-05 14:20:57,418 - __main__ - INFO - innate_buffer=2000, innate_train_len=2000, innate_val_len=2000
2020-10-05 14:20:57,418 - __main__ - INFO - target_state_list=(6000, 25), target_innate_seq=(6000, 5)
2020-10-05 14:21:04,173 - __main__ - DEBUG - QR 0, Loss=0.020340818085098723
2020-10-05 14:21:04,173 - __main__ - DEBUG - QR 1, Loss=0.020062826891612647
2020-10-05 14:21:04,173 - __main__ - DEBUG - QR 2, Loss=0.020430772073075948
2020-10-05 14:21:04,174 - __main__ - DEBUG - QR 3, Loss=0.020147107482425534
2020-10-05 14:21:04,174 - __main__ - DEBUG - QR 4, Loss=0.02108206328917312
2020-10-05 14:21:12,007 - __main__ - DEBUG - QR 0, Loss=0.02057054807580933
2020-10-05 14:21:12,008 - __main__ - DEBUG - QR 1, Loss=0.02044880207176121
2020-10-05 14:21:12,008 - __main__ - DEBUG - QR 2, Loss=0.020780489006557414
2020-10-05 14:21:12,008 - __main__ - DEBUG - QR 3, Loss=0.019786282845141077
2020-10-05 14:21:12,008 - __main__ - DEBUG - QR 4, Loss=0.021147110171856148
2020-10-05 14:21:14,602 - __main__ - DEBUG - QR 0, Loss=0.019996314307412697
2020-10-05 14:21:14,602 - __main__ - DEBUG - QR 1, Loss=0.020122380006234578
2020-10-05 14:21:14,602 - __main__ - DEBUG - QR 2, Loss=0.02007643381034658
2020-10-05 14:21:14,602 - __main__ - DEBUG - QR 3, Loss=0.019806381322202197
2020-10-05 14:21:14,602 - __main__ - DEBUG - QR 4, Loss=0.020504531523782347
2020-10-05 14:21:19,244 - __main__ - INFO - innate_buffer=2000, innate_train_len=2000, innate_val_len=2000
2020-10-05 14:21:19,244 - __main__ - INFO - target_state_list=(6000, 25), target_innate_seq=(6000, 5)
2020-10-05 14:21:28,764 - __main__ - INFO - innate_buffer=2000, innate_train_len=2000, innate_val_len=2000
2020-10-05 14:21:28,764 - __main__ - INFO - target_state_list=(6000, 25), target_innate_seq=(6000, 5)
2020-10-05 14:21:31,778 - __main__ - INFO - innate_buffer=2000, innate_train_len=2000, innate_val_len=2000
2020-10-05 14:21:31,779 - __main__ - INFO - target_state_list=(6000, 25), target_innate_seq=(6000, 5)
2020-10-05 14:21:32,062 - __main__ - DEBUG - QR 0, Loss=0.021930948698613128
2020-10-05 14:21:32,062 - __main__ - DEBUG - QR 1, Loss=0.02010235909218644
2020-10-05 14:21:32,062 - __main__ - DEBUG - QR 2, Loss=0.019994998639434523
2020-10-05 14:21:32,062 - __main__ - DEBUG - QR 3, Loss=0.02045588319869317
2020-10-05 14:21:32,062 - __main__ - DEBUG - QR 4, Loss=0.020232236150474793
2020-10-05 14:21:41,170 - __main__ - DEBUG - QR 0, Loss=0.025523579738910545
2020-10-05 14:21:41,171 - __main__ - DEBUG - QR 1, Loss=0.02021903933287676
2020-10-05 14:21:41,171 - __main__ - DEBUG - QR 2, Loss=0.020332188537511203
2020-10-05 14:21:41,171 - __main__ - DEBUG - QR 3, Loss=0.020451307135859704
2020-10-05 14:21:41,171 - __main__ - DEBUG - QR 4, Loss=0.022622642039901896
2020-10-05 14:21:48,528 - __main__ - DEBUG - QR 0, Loss=0.02601860408385155
2020-10-05 14:21:48,528 - __main__ - DEBUG - QR 1, Loss=0.020105835956508215
2020-10-05 14:21:48,528 - __main__ - DEBUG - QR 2, Loss=0.024673528983382684
2020-10-05 14:21:48,528 - __main__ - DEBUG - QR 3, Loss=0.020352101120790105
2020-10-05 14:21:48,529 - __main__ - DEBUG - QR 4, Loss=0.022184119124336522
2020-10-05 14:21:48,714 - __main__ - INFO - innate_buffer=2000, innate_train_len=2000, innate_val_len=2000
2020-10-05 14:21:48,714 - __main__ - INFO - target_state_list=(6000, 25), target_innate_seq=(6000, 5)
2020-10-05 14:21:52,653 - __main__ - INFO - innate_buffer=2000, innate_train_len=2000, innate_val_len=2000
2020-10-05 14:21:52,653 - __main__ - INFO - target_state_list=(6000, 25), target_innate_seq=(6000, 5)
2020-10-05 14:22:04,870 - __main__ - DEBUG - QR 0, Loss=0.01926572306820439
2020-10-05 14:22:04,870 - __main__ - DEBUG - QR 1, Loss=0.023411489730618084
2020-10-05 14:22:04,870 - __main__ - DEBUG - QR 2, Loss=0.020218648131394668
2020-10-05 14:22:04,870 - __main__ - DEBUG - QR 3, Loss=0.020166602406226614
2020-10-05 14:22:04,871 - __main__ - DEBUG - QR 4, Loss=0.02003013862622037
2020-10-05 14:22:05,214 - __main__ - INFO - innate_buffer=2000, innate_train_len=2000, innate_val_len=2000
2020-10-05 14:22:05,214 - __main__ - INFO - target_state_list=(6000, 25), target_innate_seq=(6000, 5)
2020-10-05 14:22:09,298 - __main__ - DEBUG - QR 0, Loss=0.019265733556443745
2020-10-05 14:22:09,299 - __main__ - DEBUG - QR 1, Loss=0.03028306120623395
2020-10-05 14:22:09,299 - __main__ - DEBUG - QR 2, Loss=0.02199834247095337
2020-10-05 14:22:09,299 - __main__ - DEBUG - QR 3, Loss=0.020602495790865562
2020-10-05 14:22:09,299 - __main__ - DEBUG - QR 4, Loss=0.019817555652916142
2020-10-05 14:22:21,778 - __main__ - INFO - innate_buffer=2000, innate_train_len=2000, innate_val_len=2000
2020-10-05 14:22:21,779 - __main__ - INFO - target_state_list=(6000, 25), target_innate_seq=(6000, 5)
2020-10-05 14:22:22,382 - __main__ - DEBUG - QR 0, Loss=0.019265308211259085
2020-10-05 14:22:22,382 - __main__ - DEBUG - QR 1, Loss=0.028860978268994412
2020-10-05 14:22:22,382 - __main__ - DEBUG - QR 2, Loss=0.020353943964105687
2020-10-05 14:22:22,382 - __main__ - DEBUG - QR 3, Loss=0.020305066598487204
2020-10-05 14:22:22,382 - __main__ - DEBUG - QR 4, Loss=0.019835053666483932
2020-10-05 14:22:25,712 - __main__ - INFO - innate_buffer=2000, innate_train_len=2000, innate_val_len=2000
2020-10-05 14:22:25,713 - __main__ - INFO - target_state_list=(6000, 25), target_innate_seq=(6000, 5)
2020-10-05 14:22:38,180 - __main__ - DEBUG - QR 0, Loss=0.020519021650980795
2020-10-05 14:22:38,181 - __main__ - DEBUG - QR 1, Loss=0.019991406260548888
2020-10-05 14:22:38,181 - __main__ - DEBUG - QR 2, Loss=0.02027823321470641
2020-10-05 14:22:38,181 - __main__ - DEBUG - QR 3, Loss=0.020472732426684494
2020-10-05 14:22:38,181 - __main__ - DEBUG - QR 4, Loss=0.01995159311199017
2020-10-05 14:22:39,025 - __main__ - INFO - innate_buffer=2000, innate_train_len=2000, innate_val_len=2000
2020-10-05 14:22:39,026 - __main__ - INFO - target_state_list=(6000, 25), target_innate_seq=(6000, 5)
2020-10-05 14:22:42,491 - __main__ - DEBUG - QR 0, Loss=0.020963739851501975
2020-10-05 14:22:42,491 - __main__ - DEBUG - QR 1, Loss=0.019996897601667257
2020-10-05 14:22:42,492 - __main__ - DEBUG - QR 2, Loss=0.022558076226874033
2020-10-05 14:22:42,492 - __main__ - DEBUG - QR 3, Loss=0.020303972980225616
2020-10-05 14:22:42,492 - __main__ - DEBUG - QR 4, Loss=0.02152075586194797
2020-10-05 14:22:50,207 - __main__ - INFO - innate_buffer=2000, innate_train_len=2000, innate_val_len=2000
2020-10-05 14:22:50,207 - __main__ - INFO - target_state_list=(6000, 25), target_innate_seq=(6000, 5)
2020-10-05 14:22:55,802 - __main__ - DEBUG - QR 0, Loss=0.020460077546273787
2020-10-05 14:22:55,802 - __main__ - DEBUG - QR 1, Loss=0.01999459687558317
2020-10-05 14:22:55,803 - __main__ - DEBUG - QR 2, Loss=0.021204069162592307
2020-10-05 14:22:55,803 - __main__ - DEBUG - QR 3, Loss=0.020611825855125356
2020-10-05 14:22:55,803 - __main__ - DEBUG - QR 4, Loss=0.019941612500187778
2020-10-05 14:22:59,762 - __main__ - INFO - innate_buffer=2000, innate_train_len=2000, innate_val_len=2000
2020-10-05 14:22:59,762 - __main__ - INFO - target_state_list=(6000, 25), target_innate_seq=(6000, 5)
2020-10-05 14:22:59,854 - __main__ - DEBUG - QR 0, Loss=0.019862130436767225
2020-10-05 14:22:59,854 - __main__ - DEBUG - QR 1, Loss=0.02127072175372879
2020-10-05 14:22:59,854 - __main__ - DEBUG - QR 2, Loss=0.020006907124412603
2020-10-05 14:22:59,855 - __main__ - DEBUG - QR 3, Loss=0.02051254141460758
2020-10-05 14:22:59,855 - __main__ - DEBUG - QR 4, Loss=0.020251361102514867
2020-10-05 14:23:09,899 - __main__ - INFO - innate_buffer=2000, innate_train_len=2000, innate_val_len=2000
2020-10-05 14:23:09,899 - __main__ - INFO - target_state_list=(6000, 25), target_innate_seq=(6000, 5)
2020-10-05 14:23:12,779 - __main__ - INFO - innate_buffer=2000, innate_train_len=2000, innate_val_len=2000
2020-10-05 14:23:12,779 - __main__ - INFO - target_state_list=(6000, 25), target_innate_seq=(6000, 5)
2020-10-05 14:23:15,661 - __main__ - DEBUG - QR 0, Loss=0.019875972023721544
2020-10-05 14:23:15,661 - __main__ - DEBUG - QR 1, Loss=0.02205338183849113
2020-10-05 14:23:15,662 - __main__ - DEBUG - QR 2, Loss=0.020127681477817884
2020-10-05 14:23:15,662 - __main__ - DEBUG - QR 3, Loss=0.02067098901678241
2020-10-05 14:23:15,662 - __main__ - DEBUG - QR 4, Loss=0.020114391519418327
2020-10-05 14:23:19,552 - __main__ - DEBUG - QR 0, Loss=0.019841098476479798
2020-10-05 14:23:19,552 - __main__ - DEBUG - QR 1, Loss=0.019843165162461485
2020-10-05 14:23:19,553 - __main__ - DEBUG - QR 2, Loss=0.018864701648539543
2020-10-05 14:23:19,553 - __main__ - DEBUG - QR 3, Loss=0.01995855699931047
2020-10-05 14:23:19,553 - __main__ - DEBUG - QR 4, Loss=0.019904165619928204
2020-10-05 14:23:29,553 - __main__ - INFO - innate_buffer=2000, innate_train_len=2000, innate_val_len=2000
2020-10-05 14:23:29,553 - __main__ - INFO - target_state_list=(6000, 25), target_innate_seq=(6000, 5)
2020-10-05 14:23:30,189 - __main__ - DEBUG - QR 0, Loss=0.01986379126220551
2020-10-05 14:23:30,190 - __main__ - DEBUG - QR 1, Loss=0.02155222899230821
2020-10-05 14:23:30,190 - __main__ - DEBUG - QR 2, Loss=0.02045345267368828
2020-10-05 14:23:30,190 - __main__ - DEBUG - QR 3, Loss=0.020597716829013013
2020-10-05 14:23:30,190 - __main__ - DEBUG - QR 4, Loss=0.020248153491772412
2020-10-05 14:23:32,801 - __main__ - INFO - innate_buffer=2000, innate_train_len=2000, innate_val_len=2000
2020-10-05 14:23:32,802 - __main__ - INFO - target_state_list=(6000, 25), target_innate_seq=(6000, 5)
2020-10-05 14:23:43,956 - __main__ - DEBUG - QR 0, Loss=0.020218932732856278
2020-10-05 14:23:43,956 - __main__ - DEBUG - QR 1, Loss=0.02015278736663805
2020-10-05 14:23:43,956 - __main__ - DEBUG - QR 2, Loss=0.019695938577489403
2020-10-05 14:23:43,956 - __main__ - DEBUG - QR 3, Loss=0.019614319885308887
2020-10-05 14:23:43,957 - __main__ - DEBUG - QR 4, Loss=0.020709455988652314
2020-10-05 14:23:47,664 - __main__ - INFO - innate_buffer=2000, innate_train_len=2000, innate_val_len=2000
2020-10-05 14:23:47,664 - __main__ - INFO - target_state_list=(6000, 25), target_innate_seq=(6000, 5)
2020-10-05 14:23:49,338 - __main__ - DEBUG - QR 0, Loss=0.01986450704258513
2020-10-05 14:23:49,338 - __main__ - DEBUG - QR 1, Loss=0.01985729206600715
2020-10-05 14:23:49,338 - __main__ - DEBUG - QR 2, Loss=0.01921739899763388
2020-10-05 14:23:49,339 - __main__ - DEBUG - QR 3, Loss=0.019970337641723103
2020-10-05 14:23:49,339 - __main__ - DEBUG - QR 4, Loss=0.020246203813199224
2020-10-05 14:23:59,590 - __main__ - INFO - innate_buffer=2000, innate_train_len=2000, innate_val_len=2000
2020-10-05 14:23:59,590 - __main__ - INFO - target_state_list=(6000, 25), target_innate_seq=(6000, 5)
2020-10-05 14:24:03,602 - __main__ - DEBUG - QR 0, Loss=0.019876115224234207
2020-10-05 14:24:03,603 - __main__ - DEBUG - QR 1, Loss=0.01975058932350511
2020-10-05 14:24:03,603 - __main__ - DEBUG - QR 2, Loss=0.01930528643654848
2020-10-05 14:24:03,603 - __main__ - DEBUG - QR 3, Loss=0.019958846749846104
2020-10-05 14:24:03,603 - __main__ - DEBUG - QR 4, Loss=0.01985933190050344
2020-10-05 14:24:06,246 - __main__ - INFO - innate_buffer=2000, innate_train_len=2000, innate_val_len=2000
2020-10-05 14:24:06,246 - __main__ - INFO - target_state_list=(6000, 25), target_innate_seq=(6000, 5)
2020-10-05 14:24:12,464 - __main__ - DEBUG - QR 0, Loss=0.020080192773494147
2020-10-05 14:24:12,464 - __main__ - DEBUG - QR 1, Loss=0.020145284583614552
2020-10-05 14:24:12,465 - __main__ - DEBUG - QR 2, Loss=0.02043424540021282
2020-10-05 14:24:12,465 - __main__ - DEBUG - QR 3, Loss=0.025274475526549323
2020-10-05 14:24:12,465 - __main__ - DEBUG - QR 4, Loss=0.020004518415932704
2020-10-05 14:24:21,577 - __main__ - INFO - innate_buffer=2000, innate_train_len=2000, innate_val_len=2000
2020-10-05 14:24:21,578 - __main__ - INFO - target_state_list=(6000, 25), target_innate_seq=(6000, 5)
2020-10-05 14:24:22,386 - __main__ - DEBUG - QR 0, Loss=0.020155626963084587
2020-10-05 14:24:22,386 - __main__ - DEBUG - QR 1, Loss=0.02030381070283312
2020-10-05 14:24:22,387 - __main__ - DEBUG - QR 2, Loss=0.020079703340734823
2020-10-05 14:24:22,387 - __main__ - DEBUG - QR 3, Loss=0.019612988714628868
2020-10-05 14:24:22,387 - __main__ - DEBUG - QR 4, Loss=0.020951876829428607
2020-10-05 14:24:22,560 - __main__ - INFO - innate_buffer=2000, innate_train_len=2000, innate_val_len=2000
2020-10-05 14:24:22,560 - __main__ - INFO - target_state_list=(6000, 25), target_innate_seq=(6000, 5)
2020-10-05 14:24:32,300 - __main__ - DEBUG - QR 0, Loss=0.02030042925178531
2020-10-05 14:24:32,300 - __main__ - DEBUG - QR 1, Loss=0.020472220280651134
2020-10-05 14:24:32,300 - __main__ - DEBUG - QR 2, Loss=0.020368400106313925
2020-10-05 14:24:32,300 - __main__ - DEBUG - QR 3, Loss=0.020505398265938907
2020-10-05 14:24:32,300 - __main__ - DEBUG - QR 4, Loss=0.019701849569117056
2020-10-05 14:24:32,300 - __main__ - INFO - do_narma=0, Ntrials=10, total loss avg=0.020349500163261626, std=0.0003777721445751328
2020-10-05 14:24:34,662 - __main__ - DEBUG - QR 0, Loss=0.02038675504450999
2020-10-05 14:24:34,662 - __main__ - DEBUG - QR 1, Loss=0.020052032813426744
2020-10-05 14:24:34,662 - __main__ - DEBUG - QR 2, Loss=0.019963091861958146
2020-10-05 14:24:34,662 - __main__ - DEBUG - QR 3, Loss=0.01961522814595335
2020-10-05 14:24:34,662 - __main__ - DEBUG - QR 4, Loss=0.02133068144225353
2020-10-05 14:24:39,052 - __main__ - INFO - innate_buffer=2000, innate_train_len=2000, innate_val_len=2000
2020-10-05 14:24:39,052 - __main__ - INFO - target_state_list=(6000, 25), target_innate_seq=(6000, 5)
2020-10-05 14:24:44,612 - __main__ - INFO - innate_buffer=2000, innate_train_len=2000, innate_val_len=2000
2020-10-05 14:24:44,613 - __main__ - INFO - target_state_list=(6000, 25), target_innate_seq=(6000, 5)
2020-10-05 14:24:51,793 - __main__ - DEBUG - QR 0, Loss=0.02032754812972373
2020-10-05 14:24:51,794 - __main__ - DEBUG - QR 1, Loss=0.020568427456463877
2020-10-05 14:24:51,794 - __main__ - DEBUG - QR 2, Loss=0.020427565615376918
2020-10-05 14:24:51,795 - __main__ - DEBUG - QR 3, Loss=0.020892447209995176
2020-10-05 14:24:51,795 - __main__ - DEBUG - QR 4, Loss=0.0199766608915769
2020-10-05 14:24:54,120 - __main__ - DEBUG - QR 0, Loss=0.020697852420729093
2020-10-05 14:24:54,120 - __main__ - DEBUG - QR 1, Loss=0.020665816860451977
2020-10-05 14:24:54,120 - __main__ - DEBUG - QR 2, Loss=0.020427632166732688
2020-10-05 14:24:54,120 - __main__ - DEBUG - QR 3, Loss=0.020473033625495383
2020-10-05 14:24:54,120 - __main__ - DEBUG - QR 4, Loss=0.01998133424935023
2020-10-05 14:25:01,418 - __main__ - INFO - innate_buffer=2000, innate_train_len=2000, innate_val_len=2000
2020-10-05 14:25:01,418 - __main__ - INFO - target_state_list=(6000, 25), target_innate_seq=(6000, 5)
2020-10-05 14:25:03,696 - __main__ - INFO - innate_buffer=2000, innate_train_len=2000, innate_val_len=2000
2020-10-05 14:25:03,697 - __main__ - INFO - target_state_list=(6000, 25), target_innate_seq=(6000, 5)
2020-10-05 14:25:10,149 - __main__ - DEBUG - QR 0, Loss=0.020322921833196287
2020-10-05 14:25:10,149 - __main__ - DEBUG - QR 1, Loss=0.02124614037455962
2020-10-05 14:25:10,149 - __main__ - DEBUG - QR 2, Loss=0.020397147750043927
2020-10-05 14:25:10,149 - __main__ - DEBUG - QR 3, Loss=0.020734147616660932
2020-10-05 14:25:10,149 - __main__ - DEBUG - QR 4, Loss=0.019412484563185835
2020-10-05 14:25:10,149 - __main__ - INFO - do_narma=0, Ntrials=10, total loss avg=0.021103558319279743, std=0.0011364639792513793
2020-10-05 14:25:12,241 - __main__ - DEBUG - QR 0, Loss=0.02029995545599184
2020-10-05 14:25:12,242 - __main__ - DEBUG - QR 1, Loss=0.020586624525450764
2020-10-05 14:25:12,242 - __main__ - DEBUG - QR 2, Loss=0.0203719447941447
2020-10-05 14:25:12,242 - __main__ - DEBUG - QR 3, Loss=0.020397730842880477
2020-10-05 14:25:12,242 - __main__ - DEBUG - QR 4, Loss=0.019561329629970595
2020-10-05 14:25:12,242 - __main__ - INFO - do_narma=0, Ntrials=10, total loss avg=0.020972650204717214, std=0.0011844344570374663
