2020-10-05 12:53:00,903 - __main__ - INFO - n_units=5
2020-10-05 12:53:00,904 - __main__ - INFO - max_energy=1.0
2020-10-05 12:53:00,904 - __main__ - INFO - beta=1e-14
2020-10-05 12:53:00,904 - __main__ - INFO - taudelta=1.0
2020-10-05 12:53:00,904 - __main__ - INFO - V=1
2020-10-05 12:53:00,904 - __main__ - INFO - layers=5
2020-10-05 12:53:00,904 - __main__ - INFO - train_len=2000, val_len=2000, buffer=2000
2020-10-05 12:53:00,904 - __main__ - INFO - alpha=0.5, Ntrials=10
2020-10-05 12:53:00,904 - __main__ - INFO - noise=0.00030000000000000003, learning rate=10.0,scale_input=0.2
2020-10-05 12:53:00,938 - __main__ - INFO - n_units=5
2020-10-05 12:53:00,938 - __main__ - INFO - max_energy=1.0
2020-10-05 12:53:00,938 - __main__ - INFO - beta=1e-14
2020-10-05 12:53:00,938 - __main__ - INFO - taudelta=2.0
2020-10-05 12:53:00,938 - __main__ - INFO - V=1
2020-10-05 12:53:00,938 - __main__ - INFO - layers=5
2020-10-05 12:53:00,938 - __main__ - INFO - train_len=2000, val_len=2000, buffer=2000
2020-10-05 12:53:00,938 - __main__ - INFO - alpha=0.5, Ntrials=10
2020-10-05 12:53:00,939 - __main__ - INFO - noise=0.00030000000000000003, learning rate=10.0,scale_input=0.2
2020-10-05 12:53:00,998 - __main__ - INFO - n_units=5
2020-10-05 12:53:00,998 - __main__ - INFO - max_energy=1.0
2020-10-05 12:53:00,999 - __main__ - INFO - beta=1e-14
2020-10-05 12:53:00,999 - __main__ - INFO - taudelta=4.0
2020-10-05 12:53:00,999 - __main__ - INFO - V=1
2020-10-05 12:53:00,999 - __main__ - INFO - layers=5
2020-10-05 12:53:00,999 - __main__ - INFO - train_len=2000, val_len=2000, buffer=2000
2020-10-05 12:53:00,999 - __main__ - INFO - alpha=0.5, Ntrials=10
2020-10-05 12:53:00,999 - __main__ - INFO - noise=0.00030000000000000003, learning rate=10.0,scale_input=0.2
2020-10-05 12:53:17,363 - __main__ - INFO - innate_buffer=2000, innate_train_len=2000, innate_val_len=2000
2020-10-05 12:53:17,363 - __main__ - INFO - target_state_list=(6000, 25), target_innate_seq=(6000, 5)
2020-10-05 12:53:17,585 - __main__ - INFO - innate_buffer=2000, innate_train_len=2000, innate_val_len=2000
2020-10-05 12:53:17,586 - __main__ - INFO - target_state_list=(6000, 25), target_innate_seq=(6000, 5)
2020-10-05 12:53:18,117 - __main__ - INFO - innate_buffer=2000, innate_train_len=2000, innate_val_len=2000
2020-10-05 12:53:18,118 - __main__ - INFO - target_state_list=(6000, 25), target_innate_seq=(6000, 5)
2020-10-05 12:58:13,290 - __main__ - DEBUG - QR 0, Loss=0.01768926541854138
2020-10-05 12:58:13,291 - __main__ - DEBUG - QR 1, Loss=0.017522418823150115
2020-10-05 12:58:13,291 - __main__ - DEBUG - QR 2, Loss=0.01726727524360804
2020-10-05 12:58:13,291 - __main__ - DEBUG - QR 3, Loss=0.017910981287558
2020-10-05 12:58:13,291 - __main__ - DEBUG - QR 4, Loss=0.017308966412214695
2020-10-05 12:58:28,264 - __main__ - DEBUG - QR 0, Loss=0.017508673833106003
2020-10-05 12:58:28,265 - __main__ - DEBUG - QR 1, Loss=0.01753195847124689
2020-10-05 12:58:28,265 - __main__ - DEBUG - QR 2, Loss=0.017268747792560477
2020-10-05 12:58:28,265 - __main__ - DEBUG - QR 3, Loss=0.017882445598668344
2020-10-05 12:58:28,265 - __main__ - DEBUG - QR 4, Loss=0.01728540457315348
2020-10-05 12:58:30,616 - __main__ - INFO - innate_buffer=2000, innate_train_len=2000, innate_val_len=2000
2020-10-05 12:58:30,617 - __main__ - INFO - target_state_list=(6000, 25), target_innate_seq=(6000, 5)
2020-10-05 12:58:45,288 - __main__ - INFO - innate_buffer=2000, innate_train_len=2000, innate_val_len=2000
2020-10-05 12:58:45,288 - __main__ - INFO - target_state_list=(6000, 25), target_innate_seq=(6000, 5)
2020-10-05 12:58:48,720 - __main__ - DEBUG - QR 0, Loss=0.06747433877991912
2020-10-05 12:58:48,720 - __main__ - DEBUG - QR 1, Loss=0.017477859561800726
2020-10-05 12:58:48,720 - __main__ - DEBUG - QR 2, Loss=0.01726411517379965
2020-10-05 12:58:48,720 - __main__ - DEBUG - QR 3, Loss=0.017905881156475192
2020-10-05 12:58:48,720 - __main__ - DEBUG - QR 4, Loss=0.017280200766107253
2020-10-05 12:59:06,400 - __main__ - INFO - innate_buffer=2000, innate_train_len=2000, innate_val_len=2000
2020-10-05 12:59:06,400 - __main__ - INFO - target_state_list=(6000, 25), target_innate_seq=(6000, 5)
2020-10-05 13:03:32,061 - __main__ - DEBUG - QR 0, Loss=0.018667119098642864
2020-10-05 13:03:32,061 - __main__ - DEBUG - QR 1, Loss=0.016772575721711522
2020-10-05 13:03:32,061 - __main__ - DEBUG - QR 2, Loss=0.01765236090099089
2020-10-05 13:03:32,061 - __main__ - DEBUG - QR 3, Loss=0.017285140564060646
2020-10-05 13:03:32,061 - __main__ - DEBUG - QR 4, Loss=0.017501158738925767
2020-10-05 13:03:47,700 - __main__ - INFO - innate_buffer=2000, innate_train_len=2000, innate_val_len=2000
2020-10-05 13:03:47,700 - __main__ - INFO - target_state_list=(6000, 25), target_innate_seq=(6000, 5)
2020-10-05 13:04:01,215 - __main__ - DEBUG - QR 0, Loss=0.016925512165633233
2020-10-05 13:04:01,215 - __main__ - DEBUG - QR 1, Loss=0.016719933525642987
2020-10-05 13:04:01,215 - __main__ - DEBUG - QR 2, Loss=0.01745025295963058
2020-10-05 13:04:01,215 - __main__ - DEBUG - QR 3, Loss=0.01724477478320244
2020-10-05 13:04:01,215 - __main__ - DEBUG - QR 4, Loss=0.017508973291336882
2020-10-05 13:04:11,665 - __main__ - INFO - innate_buffer=2000, innate_train_len=2000, innate_val_len=2000
2020-10-05 13:04:11,665 - __main__ - INFO - target_state_list=(6000, 25), target_innate_seq=(6000, 5)
2020-10-05 13:04:12,914 - __main__ - DEBUG - QR 0, Loss=0.01709330901684827
2020-10-05 13:04:12,914 - __main__ - DEBUG - QR 1, Loss=0.01671913350870911
2020-10-05 13:04:12,914 - __main__ - DEBUG - QR 2, Loss=0.017619407887132267
2020-10-05 13:04:12,914 - __main__ - DEBUG - QR 3, Loss=0.0178097098252852
2020-10-05 13:04:12,915 - __main__ - DEBUG - QR 4, Loss=0.017515023674753955
2020-10-05 13:04:29,730 - __main__ - INFO - innate_buffer=2000, innate_train_len=2000, innate_val_len=2000
2020-10-05 13:04:29,730 - __main__ - INFO - target_state_list=(6000, 25), target_innate_seq=(6000, 5)
2020-10-05 13:08:26,153 - __main__ - DEBUG - QR 0, Loss=0.017954950900662923
2020-10-05 13:08:26,153 - __main__ - DEBUG - QR 1, Loss=0.016931761800540485
2020-10-05 13:08:26,154 - __main__ - DEBUG - QR 2, Loss=0.01742292653179723
2020-10-05 13:08:26,154 - __main__ - DEBUG - QR 3, Loss=0.01715403740061214
2020-10-05 13:08:26,155 - __main__ - DEBUG - QR 4, Loss=0.017553930835575462
2020-10-05 13:08:42,878 - __main__ - INFO - innate_buffer=2000, innate_train_len=2000, innate_val_len=2000
2020-10-05 13:08:42,878 - __main__ - INFO - target_state_list=(6000, 25), target_innate_seq=(6000, 5)
2020-10-05 13:09:01,308 - __main__ - DEBUG - QR 0, Loss=0.018097689922226327
2020-10-05 13:09:01,308 - __main__ - DEBUG - QR 1, Loss=0.016942229956418694
2020-10-05 13:09:01,309 - __main__ - DEBUG - QR 2, Loss=0.017375427807937452
2020-10-05 13:09:01,309 - __main__ - DEBUG - QR 3, Loss=0.017170400796739392
2020-10-05 13:09:01,309 - __main__ - DEBUG - QR 4, Loss=0.01756190632689474
2020-10-05 13:09:17,492 - __main__ - INFO - innate_buffer=2000, innate_train_len=2000, innate_val_len=2000
2020-10-05 13:09:17,493 - __main__ - INFO - target_state_list=(6000, 25), target_innate_seq=(6000, 5)
2020-10-05 13:10:05,470 - __main__ - DEBUG - QR 0, Loss=0.018064033777734148
2020-10-05 13:10:05,470 - __main__ - DEBUG - QR 1, Loss=0.0169317305213344
2020-10-05 13:10:05,470 - __main__ - DEBUG - QR 2, Loss=0.017518753335248567
2020-10-05 13:10:05,470 - __main__ - DEBUG - QR 3, Loss=0.017179284147465054
2020-10-05 13:10:05,471 - __main__ - DEBUG - QR 4, Loss=0.01753974870526699
2020-10-05 13:10:22,181 - __main__ - INFO - innate_buffer=2000, innate_train_len=2000, innate_val_len=2000
2020-10-05 13:10:22,182 - __main__ - INFO - target_state_list=(6000, 25), target_innate_seq=(6000, 5)
2020-10-05 13:14:15,943 - __main__ - DEBUG - QR 0, Loss=0.01730238065817276
2020-10-05 13:14:15,943 - __main__ - DEBUG - QR 1, Loss=0.017323769092871883
2020-10-05 13:14:15,943 - __main__ - DEBUG - QR 2, Loss=0.018761267865973194
2020-10-05 13:14:15,943 - __main__ - DEBUG - QR 3, Loss=0.017951813781498238
2020-10-05 13:14:15,943 - __main__ - DEBUG - QR 4, Loss=0.017052508179095587
2020-10-05 13:14:19,344 - __main__ - DEBUG - QR 0, Loss=0.017302728196551966
2020-10-05 13:14:19,344 - __main__ - DEBUG - QR 1, Loss=0.01741213443829416
2020-10-05 13:14:19,344 - __main__ - DEBUG - QR 2, Loss=0.018893357341079168
2020-10-05 13:14:19,345 - __main__ - DEBUG - QR 3, Loss=0.017792816922782787
2020-10-05 13:14:19,345 - __main__ - DEBUG - QR 4, Loss=0.01707723536127916
2020-10-05 13:14:27,868 - __main__ - INFO - innate_buffer=2000, innate_train_len=2000, innate_val_len=2000
2020-10-05 13:14:27,869 - __main__ - INFO - target_state_list=(6000, 25), target_innate_seq=(6000, 5)
2020-10-05 13:14:36,824 - __main__ - INFO - innate_buffer=2000, innate_train_len=2000, innate_val_len=2000
2020-10-05 13:14:36,825 - __main__ - INFO - target_state_list=(6000, 25), target_innate_seq=(6000, 5)
2020-10-05 13:16:08,429 - __main__ - DEBUG - QR 0, Loss=0.01730386417446708
2020-10-05 13:16:08,429 - __main__ - DEBUG - QR 1, Loss=0.01761588045089591
2020-10-05 13:16:08,429 - __main__ - DEBUG - QR 2, Loss=0.018174620269769893
2020-10-05 13:16:08,429 - __main__ - DEBUG - QR 3, Loss=0.01762395223810606
2020-10-05 13:16:08,430 - __main__ - DEBUG - QR 4, Loss=0.017174951919230342
2020-10-05 13:16:26,134 - __main__ - INFO - innate_buffer=2000, innate_train_len=2000, innate_val_len=2000
2020-10-05 13:16:26,134 - __main__ - INFO - target_state_list=(6000, 25), target_innate_seq=(6000, 5)
2020-10-05 13:19:08,726 - __main__ - DEBUG - QR 0, Loss=0.01717603138353301
2020-10-05 13:19:08,726 - __main__ - DEBUG - QR 1, Loss=0.01724628110490692
2020-10-05 13:19:08,726 - __main__ - DEBUG - QR 2, Loss=0.017903958348298284
2020-10-05 13:19:08,727 - __main__ - DEBUG - QR 3, Loss=0.017540319330777286
2020-10-05 13:19:08,727 - __main__ - DEBUG - QR 4, Loss=0.017142292713216954
2020-10-05 13:19:19,158 - __main__ - INFO - innate_buffer=2000, innate_train_len=2000, innate_val_len=2000
2020-10-05 13:19:19,158 - __main__ - INFO - target_state_list=(6000, 25), target_innate_seq=(6000, 5)
2020-10-05 13:19:39,928 - __main__ - DEBUG - QR 0, Loss=0.01730314637285786
2020-10-05 13:19:39,928 - __main__ - DEBUG - QR 1, Loss=0.017282581202375562
2020-10-05 13:19:39,928 - __main__ - DEBUG - QR 2, Loss=0.018160866650374502
2020-10-05 13:19:39,929 - __main__ - DEBUG - QR 3, Loss=0.017318670916123872
2020-10-05 13:19:39,929 - __main__ - DEBUG - QR 4, Loss=0.017335177370310456
2020-10-05 13:19:56,752 - __main__ - INFO - innate_buffer=2000, innate_train_len=2000, innate_val_len=2000
2020-10-05 13:19:56,752 - __main__ - INFO - target_state_list=(6000, 25), target_innate_seq=(6000, 5)
2020-10-05 13:21:48,993 - __main__ - DEBUG - QR 0, Loss=0.01712272465512067
2020-10-05 13:21:48,993 - __main__ - DEBUG - QR 1, Loss=0.017267150283863098
2020-10-05 13:21:48,993 - __main__ - DEBUG - QR 2, Loss=0.01742697483026954
2020-10-05 13:21:48,994 - __main__ - DEBUG - QR 3, Loss=0.017481581667929437
2020-10-05 13:21:48,994 - __main__ - DEBUG - QR 4, Loss=0.017150906148758742
2020-10-05 13:22:06,343 - __main__ - INFO - innate_buffer=2000, innate_train_len=2000, innate_val_len=2000
2020-10-05 13:22:06,344 - __main__ - INFO - target_state_list=(6000, 25), target_innate_seq=(6000, 5)
2020-10-05 13:24:01,455 - __main__ - DEBUG - QR 0, Loss=0.01750281396594041
2020-10-05 13:24:01,455 - __main__ - DEBUG - QR 1, Loss=0.01707846000531525
2020-10-05 13:24:01,455 - __main__ - DEBUG - QR 2, Loss=0.01687620911309506
2020-10-05 13:24:01,455 - __main__ - DEBUG - QR 3, Loss=0.017332525960698345
2020-10-05 13:24:01,455 - __main__ - DEBUG - QR 4, Loss=0.017694915476944257
2020-10-05 13:24:18,583 - __main__ - INFO - innate_buffer=2000, innate_train_len=2000, innate_val_len=2000
2020-10-05 13:24:18,584 - __main__ - INFO - target_state_list=(6000, 25), target_innate_seq=(6000, 5)
2020-10-05 13:25:07,266 - __main__ - DEBUG - QR 0, Loss=0.017510860162300083
2020-10-05 13:25:07,266 - __main__ - DEBUG - QR 1, Loss=0.01707806214950272
2020-10-05 13:25:07,266 - __main__ - DEBUG - QR 2, Loss=0.016860494871701527
2020-10-05 13:25:07,266 - __main__ - DEBUG - QR 3, Loss=0.01735845901303957
2020-10-05 13:25:07,266 - __main__ - DEBUG - QR 4, Loss=0.017379303568301464
2020-10-05 13:25:23,133 - __main__ - INFO - innate_buffer=2000, innate_train_len=2000, innate_val_len=2000
2020-10-05 13:25:23,133 - __main__ - INFO - target_state_list=(6000, 25), target_innate_seq=(6000, 5)
2020-10-05 13:27:43,035 - __main__ - DEBUG - QR 0, Loss=0.017549034696369908
2020-10-05 13:27:43,035 - __main__ - DEBUG - QR 1, Loss=0.017108382985356118
2020-10-05 13:27:43,035 - __main__ - DEBUG - QR 2, Loss=0.016845950360488932
2020-10-05 13:27:43,035 - __main__ - DEBUG - QR 3, Loss=0.017417121491629623
2020-10-05 13:27:43,036 - __main__ - DEBUG - QR 4, Loss=0.01770246820261144
2020-10-05 13:28:00,482 - __main__ - INFO - innate_buffer=2000, innate_train_len=2000, innate_val_len=2000
2020-10-05 13:28:00,482 - __main__ - INFO - target_state_list=(6000, 25), target_innate_seq=(6000, 5)
2020-10-05 13:29:22,358 - __main__ - DEBUG - QR 0, Loss=0.01786056991763029
2020-10-05 13:29:22,358 - __main__ - DEBUG - QR 1, Loss=0.01805266796802607
2020-10-05 13:29:22,359 - __main__ - DEBUG - QR 2, Loss=0.017822462401965257
2020-10-05 13:29:22,359 - __main__ - DEBUG - QR 3, Loss=0.016868558517893303
2020-10-05 13:29:22,360 - __main__ - DEBUG - QR 4, Loss=0.017638386035703276
2020-10-05 13:29:39,580 - __main__ - INFO - innate_buffer=2000, innate_train_len=2000, innate_val_len=2000
2020-10-05 13:29:39,581 - __main__ - INFO - target_state_list=(6000, 25), target_innate_seq=(6000, 5)
2020-10-05 13:30:30,216 - __main__ - DEBUG - QR 0, Loss=0.017839984169312952
2020-10-05 13:30:30,216 - __main__ - DEBUG - QR 1, Loss=0.018122318608855777
2020-10-05 13:30:30,216 - __main__ - DEBUG - QR 2, Loss=0.017822270589479265
2020-10-05 13:30:30,216 - __main__ - DEBUG - QR 3, Loss=0.017382748521188117
2020-10-05 13:30:30,216 - __main__ - DEBUG - QR 4, Loss=0.017741480470691122
2020-10-05 13:30:47,640 - __main__ - INFO - innate_buffer=2000, innate_train_len=2000, innate_val_len=2000
2020-10-05 13:30:47,640 - __main__ - INFO - target_state_list=(6000, 25), target_innate_seq=(6000, 5)
2020-10-05 13:33:39,602 - __main__ - DEBUG - QR 0, Loss=0.017855560023354478
2020-10-05 13:33:39,602 - __main__ - DEBUG - QR 1, Loss=0.018577202663241334
2020-10-05 13:33:39,602 - __main__ - DEBUG - QR 2, Loss=0.017646034207089198
2020-10-05 13:33:39,603 - __main__ - DEBUG - QR 3, Loss=0.017003883217352904
2020-10-05 13:33:39,603 - __main__ - DEBUG - QR 4, Loss=0.017686277660913956
2020-10-05 13:33:56,890 - __main__ - INFO - innate_buffer=2000, innate_train_len=2000, innate_val_len=2000
2020-10-05 13:33:56,891 - __main__ - INFO - target_state_list=(6000, 25), target_innate_seq=(6000, 5)
2020-10-05 13:35:09,926 - __main__ - DEBUG - QR 0, Loss=0.017353752929204457
2020-10-05 13:35:09,926 - __main__ - DEBUG - QR 1, Loss=0.0170496079473694
2020-10-05 13:35:09,926 - __main__ - DEBUG - QR 2, Loss=0.017638747699270898
2020-10-05 13:35:09,926 - __main__ - DEBUG - QR 3, Loss=0.01700889743053818
2020-10-05 13:35:09,926 - __main__ - DEBUG - QR 4, Loss=0.01721327238731973
2020-10-05 13:35:27,090 - __main__ - INFO - innate_buffer=2000, innate_train_len=2000, innate_val_len=2000
2020-10-05 13:35:27,091 - __main__ - INFO - target_state_list=(6000, 25), target_innate_seq=(6000, 5)
2020-10-05 13:36:04,672 - __main__ - DEBUG - QR 0, Loss=0.017337341357676138
2020-10-05 13:36:04,672 - __main__ - DEBUG - QR 1, Loss=0.01717595441120742
2020-10-05 13:36:04,672 - __main__ - DEBUG - QR 2, Loss=0.017643112520066978
2020-10-05 13:36:04,672 - __main__ - DEBUG - QR 3, Loss=0.016984094090294347
2020-10-05 13:36:04,672 - __main__ - DEBUG - QR 4, Loss=0.017214541631879864
2020-10-05 13:36:16,196 - __main__ - INFO - innate_buffer=2000, innate_train_len=2000, innate_val_len=2000
2020-10-05 13:36:16,196 - __main__ - INFO - target_state_list=(6000, 25), target_innate_seq=(6000, 5)
2020-10-05 13:38:29,097 - __main__ - DEBUG - QR 0, Loss=0.0173384118840909
2020-10-05 13:38:29,098 - __main__ - DEBUG - QR 1, Loss=0.017283752399905795
2020-10-05 13:38:29,098 - __main__ - DEBUG - QR 2, Loss=0.017592175390111424
2020-10-05 13:38:29,098 - __main__ - DEBUG - QR 3, Loss=0.016998846212727
2020-10-05 13:38:29,098 - __main__ - DEBUG - QR 4, Loss=0.01719792536037217
2020-10-05 13:38:46,135 - __main__ - INFO - innate_buffer=2000, innate_train_len=2000, innate_val_len=2000
2020-10-05 13:38:46,136 - __main__ - INFO - target_state_list=(6000, 25), target_innate_seq=(6000, 5)
2020-10-05 13:39:43,399 - __main__ - DEBUG - QR 0, Loss=0.017698672713592666
2020-10-05 13:39:43,399 - __main__ - DEBUG - QR 1, Loss=0.01745107854127243
2020-10-05 13:39:43,400 - __main__ - DEBUG - QR 2, Loss=0.017548802264098506
2020-10-05 13:39:43,400 - __main__ - DEBUG - QR 3, Loss=0.017228803691969566
2020-10-05 13:39:43,400 - __main__ - DEBUG - QR 4, Loss=0.01774553645512564
2020-10-05 13:39:53,827 - __main__ - INFO - innate_buffer=2000, innate_train_len=2000, innate_val_len=2000
2020-10-05 13:39:53,828 - __main__ - INFO - target_state_list=(6000, 25), target_innate_seq=(6000, 5)
2020-10-05 13:41:05,431 - __main__ - DEBUG - QR 0, Loss=0.017649318785037508
2020-10-05 13:41:05,431 - __main__ - DEBUG - QR 1, Loss=0.0174307074620514
2020-10-05 13:41:05,431 - __main__ - DEBUG - QR 2, Loss=0.01754742340704017
2020-10-05 13:41:05,431 - __main__ - DEBUG - QR 3, Loss=0.01734351648910402
2020-10-05 13:41:05,432 - __main__ - DEBUG - QR 4, Loss=0.017757734024385005
2020-10-05 13:41:22,329 - __main__ - INFO - innate_buffer=2000, innate_train_len=2000, innate_val_len=2000
2020-10-05 13:41:22,330 - __main__ - INFO - target_state_list=(6000, 25), target_innate_seq=(6000, 5)
2020-10-05 13:43:48,378 - __main__ - DEBUG - QR 0, Loss=0.01755250388926646
2020-10-05 13:43:48,378 - __main__ - DEBUG - QR 1, Loss=0.017245155920838882
2020-10-05 13:43:48,379 - __main__ - DEBUG - QR 2, Loss=0.01754679028740473
2020-10-05 13:43:48,379 - __main__ - DEBUG - QR 3, Loss=0.01754099259720429
2020-10-05 13:43:48,379 - __main__ - DEBUG - QR 4, Loss=0.01773746833889365
2020-10-05 13:44:04,418 - __main__ - INFO - innate_buffer=2000, innate_train_len=2000, innate_val_len=2000
2020-10-05 13:44:04,418 - __main__ - INFO - target_state_list=(6000, 25), target_innate_seq=(6000, 5)
2020-10-05 13:44:58,697 - __main__ - DEBUG - QR 0, Loss=0.016946462316994957
2020-10-05 13:44:58,698 - __main__ - DEBUG - QR 1, Loss=0.017382975994443942
2020-10-05 13:44:58,698 - __main__ - DEBUG - QR 2, Loss=0.0169758219353171
2020-10-05 13:44:58,698 - __main__ - DEBUG - QR 3, Loss=0.017151676817243222
2020-10-05 13:44:58,698 - __main__ - DEBUG - QR 4, Loss=0.016878131866609084
2020-10-05 13:44:58,698 - __main__ - INFO - do_narma=0, Ntrials=10, total loss avg=0.018395128302540746, std=0.00303441353048212
2020-10-05 13:46:06,697 - __main__ - DEBUG - QR 0, Loss=0.016960814696171434
2020-10-05 13:46:06,697 - __main__ - DEBUG - QR 1, Loss=0.017380116145064677
2020-10-05 13:46:06,698 - __main__ - DEBUG - QR 2, Loss=0.01718027613014079
2020-10-05 13:46:06,698 - __main__ - DEBUG - QR 3, Loss=0.0172793859113171
2020-10-05 13:46:06,698 - __main__ - DEBUG - QR 4, Loss=0.016839347361877297
2020-10-05 13:46:06,698 - __main__ - INFO - do_narma=0, Ntrials=10, total loss avg=0.017466735313139227, std=0.0001935625106275624
2020-10-05 13:47:29,236 - __main__ - DEBUG - QR 0, Loss=0.01694453132242804
2020-10-05 13:47:29,236 - __main__ - DEBUG - QR 1, Loss=0.017386453233005836
2020-10-05 13:47:29,236 - __main__ - DEBUG - QR 2, Loss=0.01699674017223807
2020-10-05 13:47:29,236 - __main__ - DEBUG - QR 3, Loss=0.017244957632642135
2020-10-05 13:47:29,237 - __main__ - DEBUG - QR 4, Loss=0.018737930569604835
2020-10-05 13:47:29,237 - __main__ - INFO - do_narma=0, Ntrials=10, total loss avg=0.01745093044052132, std=0.00013995553838285995
