2020-10-05 14:20:06,224 - __main__ - INFO - n_units=5
2020-10-05 14:20:06,225 - __main__ - INFO - max_energy=1.0
2020-10-05 14:20:06,225 - __main__ - INFO - beta=1e-14
2020-10-05 14:20:06,225 - __main__ - INFO - taudelta=1.0
2020-10-05 14:20:06,225 - __main__ - INFO - V=1
2020-10-05 14:20:06,225 - __main__ - INFO - layers=5
2020-10-05 14:20:06,225 - __main__ - INFO - train_len=2000, val_len=2000, buffer=2000
2020-10-05 14:20:06,225 - __main__ - INFO - alpha=0.5, Ntrials=10
2020-10-05 14:20:06,225 - __main__ - INFO - noise=4e-06, learning rate=0.0,scale_input=0.2
2020-10-05 14:20:06,255 - __main__ - INFO - n_units=5
2020-10-05 14:20:06,255 - __main__ - INFO - max_energy=1.0
2020-10-05 14:20:06,255 - __main__ - INFO - beta=1e-14
2020-10-05 14:20:06,255 - __main__ - INFO - taudelta=2.0
2020-10-05 14:20:06,255 - __main__ - INFO - V=1
2020-10-05 14:20:06,255 - __main__ - INFO - layers=5
2020-10-05 14:20:06,255 - __main__ - INFO - train_len=2000, val_len=2000, buffer=2000
2020-10-05 14:20:06,255 - __main__ - INFO - alpha=0.5, Ntrials=10
2020-10-05 14:20:06,255 - __main__ - INFO - noise=4e-06, learning rate=0.0,scale_input=0.2
2020-10-05 14:20:06,303 - __main__ - INFO - n_units=5
2020-10-05 14:20:06,304 - __main__ - INFO - max_energy=1.0
2020-10-05 14:20:06,304 - __main__ - INFO - beta=1e-14
2020-10-05 14:20:06,304 - __main__ - INFO - taudelta=4.0
2020-10-05 14:20:06,304 - __main__ - INFO - V=1
2020-10-05 14:20:06,304 - __main__ - INFO - layers=5
2020-10-05 14:20:06,304 - __main__ - INFO - train_len=2000, val_len=2000, buffer=2000
2020-10-05 14:20:06,304 - __main__ - INFO - alpha=0.5, Ntrials=10
2020-10-05 14:20:06,304 - __main__ - INFO - noise=4e-06, learning rate=0.0,scale_input=0.2
2020-10-05 14:20:22,042 - __main__ - INFO - innate_buffer=2000, innate_train_len=2000, innate_val_len=2000
2020-10-05 14:20:22,042 - __main__ - INFO - target_state_list=(6000, 25), target_innate_seq=(6000, 5)
2020-10-05 14:20:22,632 - __main__ - INFO - innate_buffer=2000, innate_train_len=2000, innate_val_len=2000
2020-10-05 14:20:22,632 - __main__ - INFO - target_state_list=(6000, 25), target_innate_seq=(6000, 5)
2020-10-05 14:20:23,092 - __main__ - INFO - innate_buffer=2000, innate_train_len=2000, innate_val_len=2000
2020-10-05 14:20:23,092 - __main__ - INFO - target_state_list=(6000, 25), target_innate_seq=(6000, 5)
2020-10-05 14:20:35,604 - __main__ - DEBUG - QR 0, Loss=0.003662518152250279
2020-10-05 14:20:35,605 - __main__ - DEBUG - QR 1, Loss=0.0032301825963525228
2020-10-05 14:20:35,605 - __main__ - DEBUG - QR 2, Loss=0.0032539639495385584
2020-10-05 14:20:35,605 - __main__ - DEBUG - QR 3, Loss=0.004049822098138897
2020-10-05 14:20:35,605 - __main__ - DEBUG - QR 4, Loss=0.002015202856012087
2020-10-05 14:20:37,863 - __main__ - DEBUG - QR 0, Loss=0.01753691352357613
2020-10-05 14:20:37,863 - __main__ - DEBUG - QR 1, Loss=0.0019786561496876174
2020-10-05 14:20:37,863 - __main__ - DEBUG - QR 2, Loss=0.002187033778553624
2020-10-05 14:20:37,864 - __main__ - DEBUG - QR 3, Loss=0.02391866221420774
2020-10-05 14:20:37,864 - __main__ - DEBUG - QR 4, Loss=0.0028957280843852373
2020-10-05 14:20:39,734 - __main__ - DEBUG - QR 0, Loss=0.009807188933359924
2020-10-05 14:20:39,734 - __main__ - DEBUG - QR 1, Loss=0.0033312932523039533
2020-10-05 14:20:39,734 - __main__ - DEBUG - QR 2, Loss=0.002793473347220263
2020-10-05 14:20:39,734 - __main__ - DEBUG - QR 3, Loss=0.030270325412470576
2020-10-05 14:20:39,734 - __main__ - DEBUG - QR 4, Loss=0.0037403707336288437
2020-10-05 14:20:48,758 - __main__ - INFO - innate_buffer=2000, innate_train_len=2000, innate_val_len=2000
2020-10-05 14:20:48,758 - __main__ - INFO - target_state_list=(6000, 25), target_innate_seq=(6000, 5)
2020-10-05 14:20:55,023 - __main__ - INFO - innate_buffer=2000, innate_train_len=2000, innate_val_len=2000
2020-10-05 14:20:55,023 - __main__ - INFO - target_state_list=(6000, 25), target_innate_seq=(6000, 5)
2020-10-05 14:20:57,754 - __main__ - INFO - innate_buffer=2000, innate_train_len=2000, innate_val_len=2000
2020-10-05 14:20:57,754 - __main__ - INFO - target_state_list=(6000, 25), target_innate_seq=(6000, 5)
2020-10-05 14:21:05,139 - __main__ - DEBUG - QR 0, Loss=0.0041921238747393025
2020-10-05 14:21:05,139 - __main__ - DEBUG - QR 1, Loss=0.0020592620438914457
2020-10-05 14:21:05,139 - __main__ - DEBUG - QR 2, Loss=0.00447413602118855
2020-10-05 14:21:05,139 - __main__ - DEBUG - QR 3, Loss=0.0035828418648280354
2020-10-05 14:21:05,140 - __main__ - DEBUG - QR 4, Loss=0.007131059823700596
2020-10-05 14:21:11,069 - __main__ - DEBUG - QR 0, Loss=0.0020276375515171207
2020-10-05 14:21:11,069 - __main__ - DEBUG - QR 1, Loss=0.0021358980937424637
2020-10-05 14:21:11,070 - __main__ - DEBUG - QR 2, Loss=0.0026268224799207837
2020-10-05 14:21:11,070 - __main__ - DEBUG - QR 3, Loss=0.0019846890908599125
2020-10-05 14:21:11,070 - __main__ - DEBUG - QR 4, Loss=0.005311876096171703
2020-10-05 14:21:15,285 - __main__ - DEBUG - QR 0, Loss=0.005287191294963907
2020-10-05 14:21:15,285 - __main__ - DEBUG - QR 1, Loss=0.0036834193367239537
2020-10-05 14:21:15,285 - __main__ - DEBUG - QR 2, Loss=0.005818125342540451
2020-10-05 14:21:15,286 - __main__ - DEBUG - QR 3, Loss=0.0022328812845834097
2020-10-05 14:21:15,286 - __main__ - DEBUG - QR 4, Loss=0.0073379336529259655
2020-10-05 14:21:18,495 - __main__ - INFO - innate_buffer=2000, innate_train_len=2000, innate_val_len=2000
2020-10-05 14:21:18,495 - __main__ - INFO - target_state_list=(6000, 25), target_innate_seq=(6000, 5)
2020-10-05 14:21:27,360 - __main__ - INFO - innate_buffer=2000, innate_train_len=2000, innate_val_len=2000
2020-10-05 14:21:27,360 - __main__ - INFO - target_state_list=(6000, 25), target_innate_seq=(6000, 5)
2020-10-05 14:21:28,052 - __main__ - DEBUG - QR 0, Loss=0.009249321210495582
2020-10-05 14:21:28,053 - __main__ - DEBUG - QR 1, Loss=0.002014284347952903
2020-10-05 14:21:28,053 - __main__ - DEBUG - QR 2, Loss=0.0024645775087097097
2020-10-05 14:21:28,053 - __main__ - DEBUG - QR 3, Loss=0.0027512010581650613
2020-10-05 14:21:28,053 - __main__ - DEBUG - QR 4, Loss=0.003074645168303873
2020-10-05 14:21:32,742 - __main__ - INFO - innate_buffer=2000, innate_train_len=2000, innate_val_len=2000
2020-10-05 14:21:32,742 - __main__ - INFO - target_state_list=(6000, 25), target_innate_seq=(6000, 5)
2020-10-05 14:21:38,037 - __main__ - INFO - innate_buffer=2000, innate_train_len=2000, innate_val_len=2000
2020-10-05 14:21:38,038 - __main__ - INFO - target_state_list=(6000, 25), target_innate_seq=(6000, 5)
2020-10-05 14:21:43,963 - __main__ - DEBUG - QR 0, Loss=0.01664074718659331
2020-10-05 14:21:43,964 - __main__ - DEBUG - QR 1, Loss=0.002012431547720333
2020-10-05 14:21:43,964 - __main__ - DEBUG - QR 2, Loss=0.01477843921626744
2020-10-05 14:21:43,964 - __main__ - DEBUG - QR 3, Loss=0.0020353028846932368
2020-10-05 14:21:43,964 - __main__ - DEBUG - QR 4, Loss=0.00943654184225307
2020-10-05 14:21:47,674 - __main__ - DEBUG - QR 0, Loss=0.0019265667330466958
2020-10-05 14:21:47,674 - __main__ - DEBUG - QR 1, Loss=0.01130606239044684
2020-10-05 14:21:47,675 - __main__ - DEBUG - QR 2, Loss=0.004270211351625005
2020-10-05 14:21:47,675 - __main__ - DEBUG - QR 3, Loss=0.002410918145578024
2020-10-05 14:21:47,675 - __main__ - DEBUG - QR 4, Loss=0.003631228509796873
2020-10-05 14:21:49,747 - __main__ - DEBUG - QR 0, Loss=0.015859168747209353
2020-10-05 14:21:49,747 - __main__ - DEBUG - QR 1, Loss=0.003026135658624373
2020-10-05 14:21:49,747 - __main__ - DEBUG - QR 2, Loss=0.0045544858173086206
2020-10-05 14:21:49,747 - __main__ - DEBUG - QR 3, Loss=0.0026694550175738467
2020-10-05 14:21:49,747 - __main__ - DEBUG - QR 4, Loss=0.010398607789948054
2020-10-05 14:21:57,648 - __main__ - INFO - innate_buffer=2000, innate_train_len=2000, innate_val_len=2000
2020-10-05 14:21:57,649 - __main__ - INFO - target_state_list=(6000, 25), target_innate_seq=(6000, 5)
2020-10-05 14:22:00,453 - __main__ - INFO - innate_buffer=2000, innate_train_len=2000, innate_val_len=2000
2020-10-05 14:22:00,454 - __main__ - INFO - target_state_list=(6000, 25), target_innate_seq=(6000, 5)
2020-10-05 14:22:07,093 - __main__ - INFO - innate_buffer=2000, innate_train_len=2000, innate_val_len=2000
2020-10-05 14:22:07,094 - __main__ - INFO - target_state_list=(6000, 25), target_innate_seq=(6000, 5)
2020-10-05 14:22:07,223 - __main__ - DEBUG - QR 0, Loss=0.0026358977200275115
2020-10-05 14:22:07,223 - __main__ - DEBUG - QR 1, Loss=0.001998642354520944
2020-10-05 14:22:07,223 - __main__ - DEBUG - QR 2, Loss=0.0037412279116960747
2020-10-05 14:22:07,223 - __main__ - DEBUG - QR 3, Loss=0.003630629273654564
2020-10-05 14:22:07,223 - __main__ - DEBUG - QR 4, Loss=0.002014497326852351
2020-10-05 14:22:17,190 - __main__ - INFO - innate_buffer=2000, innate_train_len=2000, innate_val_len=2000
2020-10-05 14:22:17,190 - __main__ - INFO - target_state_list=(6000, 25), target_innate_seq=(6000, 5)
2020-10-05 14:22:17,424 - __main__ - DEBUG - QR 0, Loss=0.0019270108190248213
2020-10-05 14:22:17,424 - __main__ - DEBUG - QR 1, Loss=0.020172085587386996
2020-10-05 14:22:17,424 - __main__ - DEBUG - QR 2, Loss=0.005113879208945646
2020-10-05 14:22:17,424 - __main__ - DEBUG - QR 3, Loss=0.003401663761890296
2020-10-05 14:22:17,424 - __main__ - DEBUG - QR 4, Loss=0.0021359803245300803
2020-10-05 14:22:23,883 - __main__ - DEBUG - QR 0, Loss=0.0019273492320378686
2020-10-05 14:22:23,883 - __main__ - DEBUG - QR 1, Loss=0.022141547060328358
2020-10-05 14:22:23,883 - __main__ - DEBUG - QR 2, Loss=0.009579458087764519
2020-10-05 14:22:23,883 - __main__ - DEBUG - QR 3, Loss=0.004898727566623793
2020-10-05 14:22:23,884 - __main__ - DEBUG - QR 4, Loss=0.0020227092763622514
2020-10-05 14:22:26,779 - __main__ - DEBUG - QR 0, Loss=0.001991675808971945
2020-10-05 14:22:26,779 - __main__ - DEBUG - QR 1, Loss=0.007334769123504465
2020-10-05 14:22:26,779 - __main__ - DEBUG - QR 2, Loss=0.0022767052371158443
2020-10-05 14:22:26,779 - __main__ - DEBUG - QR 3, Loss=0.002426691021610101
2020-10-05 14:22:26,780 - __main__ - DEBUG - QR 4, Loss=0.0033818867875579973
2020-10-05 14:22:34,791 - __main__ - INFO - innate_buffer=2000, innate_train_len=2000, innate_val_len=2000
2020-10-05 14:22:34,791 - __main__ - INFO - target_state_list=(6000, 25), target_innate_seq=(6000, 5)
2020-10-05 14:22:36,819 - __main__ - INFO - innate_buffer=2000, innate_train_len=2000, innate_val_len=2000
2020-10-05 14:22:36,820 - __main__ - INFO - target_state_list=(6000, 25), target_innate_seq=(6000, 5)
2020-10-05 14:22:41,464 - __main__ - INFO - innate_buffer=2000, innate_train_len=2000, innate_val_len=2000
2020-10-05 14:22:41,465 - __main__ - INFO - target_state_list=(6000, 25), target_innate_seq=(6000, 5)
2020-10-05 14:22:46,411 - __main__ - DEBUG - QR 0, Loss=0.0023321723792160205
2020-10-05 14:22:46,411 - __main__ - DEBUG - QR 1, Loss=0.0019992829046452825
2020-10-05 14:22:46,411 - __main__ - DEBUG - QR 2, Loss=0.007198363367222509
2020-10-05 14:22:46,412 - __main__ - DEBUG - QR 3, Loss=0.004345434891348588
2020-10-05 14:22:46,412 - __main__ - DEBUG - QR 4, Loss=0.0020507999593742526
2020-10-05 14:22:46,539 - __main__ - DEBUG - QR 0, Loss=0.0020311862231404713
2020-10-05 14:22:46,539 - __main__ - DEBUG - QR 1, Loss=0.0030557431250005118
2020-10-05 14:22:46,539 - __main__ - DEBUG - QR 2, Loss=0.002099705487200731
2020-10-05 14:22:46,540 - __main__ - DEBUG - QR 3, Loss=0.002038224751691224
2020-10-05 14:22:46,540 - __main__ - DEBUG - QR 4, Loss=0.002854113769297855
2020-10-05 14:22:56,626 - __main__ - INFO - innate_buffer=2000, innate_train_len=2000, innate_val_len=2000
2020-10-05 14:22:56,626 - __main__ - INFO - target_state_list=(6000, 25), target_innate_seq=(6000, 5)
2020-10-05 14:22:56,680 - __main__ - INFO - innate_buffer=2000, innate_train_len=2000, innate_val_len=2000
2020-10-05 14:22:56,680 - __main__ - INFO - target_state_list=(6000, 25), target_innate_seq=(6000, 5)
2020-10-05 14:22:59,111 - __main__ - DEBUG - QR 0, Loss=0.004916539464055382
2020-10-05 14:22:59,111 - __main__ - DEBUG - QR 1, Loss=0.0020150713582343218
2020-10-05 14:22:59,112 - __main__ - DEBUG - QR 2, Loss=0.010492907119008885
2020-10-05 14:22:59,112 - __main__ - DEBUG - QR 3, Loss=0.0025493553215062592
2020-10-05 14:22:59,113 - __main__ - DEBUG - QR 4, Loss=0.008019274592744497
2020-10-05 14:23:06,297 - __main__ - DEBUG - QR 0, Loss=0.00337389582232822
2020-10-05 14:23:06,297 - __main__ - DEBUG - QR 1, Loss=0.002922850737345362
2020-10-05 14:23:06,297 - __main__ - DEBUG - QR 2, Loss=0.001971759543964837
2020-10-05 14:23:06,298 - __main__ - DEBUG - QR 3, Loss=0.0019723892390581515
2020-10-05 14:23:06,298 - __main__ - DEBUG - QR 4, Loss=0.0020712911410929137
2020-10-05 14:23:10,432 - __main__ - DEBUG - QR 0, Loss=0.002084550026761594
2020-10-05 14:23:10,433 - __main__ - DEBUG - QR 1, Loss=0.008090803763470655
2020-10-05 14:23:10,433 - __main__ - DEBUG - QR 2, Loss=0.0047474994868897365
2020-10-05 14:23:10,433 - __main__ - DEBUG - QR 3, Loss=0.002460304897878892
2020-10-05 14:23:10,433 - __main__ - DEBUG - QR 4, Loss=0.0033544520670442395
2020-10-05 14:23:16,660 - __main__ - INFO - innate_buffer=2000, innate_train_len=2000, innate_val_len=2000
2020-10-05 14:23:16,660 - __main__ - INFO - target_state_list=(6000, 25), target_innate_seq=(6000, 5)
2020-10-05 14:23:21,129 - __main__ - INFO - innate_buffer=2000, innate_train_len=2000, innate_val_len=2000
2020-10-05 14:23:21,130 - __main__ - INFO - target_state_list=(6000, 25), target_innate_seq=(6000, 5)
2020-10-05 14:23:27,355 - __main__ - INFO - innate_buffer=2000, innate_train_len=2000, innate_val_len=2000
2020-10-05 14:23:27,355 - __main__ - INFO - target_state_list=(6000, 25), target_innate_seq=(6000, 5)
2020-10-05 14:23:33,549 - __main__ - DEBUG - QR 0, Loss=0.002175645415904141
2020-10-05 14:23:33,549 - __main__ - DEBUG - QR 1, Loss=0.009307878513286233
2020-10-05 14:23:33,549 - __main__ - DEBUG - QR 2, Loss=0.0031142733976387686
2020-10-05 14:23:33,549 - __main__ - DEBUG - QR 3, Loss=0.00287073634020848
2020-10-05 14:23:33,549 - __main__ - DEBUG - QR 4, Loss=0.0022235584078473514
2020-10-05 14:23:36,919 - __main__ - DEBUG - QR 0, Loss=0.0020184635754935403
2020-10-05 14:23:36,919 - __main__ - DEBUG - QR 1, Loss=0.002626084284599663
2020-10-05 14:23:36,920 - __main__ - DEBUG - QR 2, Loss=0.00206715292605126
2020-10-05 14:23:36,920 - __main__ - DEBUG - QR 3, Loss=0.014935275226324457
2020-10-05 14:23:36,920 - __main__ - DEBUG - QR 4, Loss=0.0020082399141585165
2020-10-05 14:23:40,359 - __main__ - DEBUG - QR 0, Loss=0.002025505119633092
2020-10-05 14:23:40,359 - __main__ - DEBUG - QR 1, Loss=0.002258243943448957
2020-10-05 14:23:40,360 - __main__ - DEBUG - QR 2, Loss=0.004267815026061228
2020-10-05 14:23:40,360 - __main__ - DEBUG - QR 3, Loss=0.001996246879242938
2020-10-05 14:23:40,360 - __main__ - DEBUG - QR 4, Loss=0.0024086716046842808
2020-10-05 14:23:50,657 - __main__ - INFO - innate_buffer=2000, innate_train_len=2000, innate_val_len=2000
2020-10-05 14:23:50,657 - __main__ - INFO - target_state_list=(6000, 25), target_innate_seq=(6000, 5)
2020-10-05 14:23:50,915 - __main__ - INFO - innate_buffer=2000, innate_train_len=2000, innate_val_len=2000
2020-10-05 14:23:50,915 - __main__ - INFO - target_state_list=(6000, 25), target_innate_seq=(6000, 5)
2020-10-05 14:23:53,148 - __main__ - INFO - innate_buffer=2000, innate_train_len=2000, innate_val_len=2000
2020-10-05 14:23:53,148 - __main__ - INFO - target_state_list=(6000, 25), target_innate_seq=(6000, 5)
2020-10-05 14:24:00,554 - __main__ - DEBUG - QR 0, Loss=0.004280542317235945
2020-10-05 14:24:00,554 - __main__ - DEBUG - QR 1, Loss=0.0020454293695226743
2020-10-05 14:24:00,554 - __main__ - DEBUG - QR 2, Loss=0.0037993025794967263
2020-10-05 14:24:00,554 - __main__ - DEBUG - QR 3, Loss=0.0021732749078418132
2020-10-05 14:24:00,554 - __main__ - DEBUG - QR 4, Loss=0.005970070349480283
2020-10-05 14:24:08,152 - __main__ - DEBUG - QR 0, Loss=0.0020007306242322337
2020-10-05 14:24:08,152 - __main__ - DEBUG - QR 1, Loss=0.003022816725164362
2020-10-05 14:24:08,152 - __main__ - DEBUG - QR 2, Loss=0.0038762616083321023
2020-10-05 14:24:08,153 - __main__ - DEBUG - QR 3, Loss=0.00214728526819516
2020-10-05 14:24:08,153 - __main__ - DEBUG - QR 4, Loss=0.0048497160861480015
2020-10-05 14:24:09,453 - __main__ - DEBUG - QR 0, Loss=0.002041212234051506
2020-10-05 14:24:09,453 - __main__ - DEBUG - QR 1, Loss=0.003290366897227707
2020-10-05 14:24:09,453 - __main__ - DEBUG - QR 2, Loss=0.0020788682904093925
2020-10-05 14:24:09,454 - __main__ - DEBUG - QR 3, Loss=0.002820934432679548
2020-10-05 14:24:09,454 - __main__ - DEBUG - QR 4, Loss=0.003966953804333177
2020-10-05 14:24:09,454 - __main__ - INFO - do_narma=0, Ntrials=10, total loss avg=0.003488549273914434, std=0.0008369169706562839
2020-10-05 14:24:10,779 - __main__ - INFO - innate_buffer=2000, innate_train_len=2000, innate_val_len=2000
2020-10-05 14:24:10,779 - __main__ - INFO - target_state_list=(6000, 25), target_innate_seq=(6000, 5)
2020-10-05 14:24:20,620 - __main__ - DEBUG - QR 0, Loss=0.004982294778782081
2020-10-05 14:24:20,621 - __main__ - DEBUG - QR 1, Loss=0.005689604524067904
2020-10-05 14:24:20,621 - __main__ - DEBUG - QR 2, Loss=0.002051771573853698
2020-10-05 14:24:20,621 - __main__ - DEBUG - QR 3, Loss=0.0032930509238640127
2020-10-05 14:24:20,621 - __main__ - DEBUG - QR 4, Loss=0.002049172306701261
2020-10-05 14:24:25,461 - __main__ - INFO - innate_buffer=2000, innate_train_len=2000, innate_val_len=2000
2020-10-05 14:24:25,461 - __main__ - INFO - target_state_list=(6000, 25), target_innate_seq=(6000, 5)
2020-10-05 14:24:30,798 - __main__ - INFO - innate_buffer=2000, innate_train_len=2000, innate_val_len=2000
2020-10-05 14:24:30,799 - __main__ - INFO - target_state_list=(6000, 25), target_innate_seq=(6000, 5)
2020-10-05 14:24:40,554 - __main__ - DEBUG - QR 0, Loss=0.002030660982918714
2020-10-05 14:24:40,554 - __main__ - DEBUG - QR 1, Loss=0.0039084918717703305
2020-10-05 14:24:40,554 - __main__ - DEBUG - QR 2, Loss=0.002040630733553116
2020-10-05 14:24:40,554 - __main__ - DEBUG - QR 3, Loss=0.0020663404026527634
2020-10-05 14:24:40,554 - __main__ - DEBUG - QR 4, Loss=0.0030630775728199586
2020-10-05 14:24:40,554 - __main__ - INFO - do_narma=0, Ntrials=10, total loss avg=0.004826437219068223, std=0.0025050928550132486
2020-10-05 14:24:42,225 - __main__ - DEBUG - QR 0, Loss=0.002973259163029393
2020-10-05 14:24:42,225 - __main__ - DEBUG - QR 1, Loss=0.0037454019949292503
2020-10-05 14:24:42,225 - __main__ - DEBUG - QR 2, Loss=0.0043579568837332685
2020-10-05 14:24:42,225 - __main__ - DEBUG - QR 3, Loss=0.002082302252788845
2020-10-05 14:24:42,226 - __main__ - DEBUG - QR 4, Loss=0.0042177991001861245
2020-10-05 14:24:58,455 - __main__ - INFO - innate_buffer=2000, innate_train_len=2000, innate_val_len=2000
2020-10-05 14:24:58,455 - __main__ - INFO - target_state_list=(6000, 25), target_innate_seq=(6000, 5)
2020-10-05 14:25:10,335 - __main__ - DEBUG - QR 0, Loss=0.0033769477702996677
2020-10-05 14:25:10,335 - __main__ - DEBUG - QR 1, Loss=0.005312132498929654
2020-10-05 14:25:10,335 - __main__ - DEBUG - QR 2, Loss=0.002043007683307187
2020-10-05 14:25:10,335 - __main__ - DEBUG - QR 3, Loss=0.005246705664324802
2020-10-05 14:25:10,335 - __main__ - DEBUG - QR 4, Loss=0.002097206335401926
2020-10-05 14:25:18,240 - __main__ - INFO - innate_buffer=2000, innate_train_len=2000, innate_val_len=2000
2020-10-05 14:25:18,240 - __main__ - INFO - target_state_list=(6000, 25), target_innate_seq=(6000, 5)
2020-10-05 14:25:25,009 - __main__ - DEBUG - QR 0, Loss=0.002228965217495465
2020-10-05 14:25:25,009 - __main__ - DEBUG - QR 1, Loss=0.006447164825121398
2020-10-05 14:25:25,009 - __main__ - DEBUG - QR 2, Loss=0.002446670610278417
2020-10-05 14:25:25,009 - __main__ - DEBUG - QR 3, Loss=0.004046754957230025
2020-10-05 14:25:25,010 - __main__ - DEBUG - QR 4, Loss=0.0019645870498149493
2020-10-05 14:25:25,010 - __main__ - INFO - do_narma=0, Ntrials=10, total loss avg=0.005350975181877577, std=0.0022401142935225687
