2020-10-05 14:20:06,237 - __main__ - INFO - n_units=5
2020-10-05 14:20:06,237 - __main__ - INFO - max_energy=1.0
2020-10-05 14:20:06,237 - __main__ - INFO - beta=1e-14
2020-10-05 14:20:06,237 - __main__ - INFO - taudelta=1.0
2020-10-05 14:20:06,237 - __main__ - INFO - V=1
2020-10-05 14:20:06,237 - __main__ - INFO - layers=5
2020-10-05 14:20:06,237 - __main__ - INFO - train_len=2000, val_len=2000, buffer=2000
2020-10-05 14:20:06,238 - __main__ - INFO - alpha=0.5, Ntrials=10
2020-10-05 14:20:06,238 - __main__ - INFO - noise=0.0002, learning rate=0.0,scale_input=0.2
2020-10-05 14:20:06,272 - __main__ - INFO - n_units=5
2020-10-05 14:20:06,273 - __main__ - INFO - max_energy=1.0
2020-10-05 14:20:06,273 - __main__ - INFO - beta=1e-14
2020-10-05 14:20:06,273 - __main__ - INFO - taudelta=2.0
2020-10-05 14:20:06,273 - __main__ - INFO - V=1
2020-10-05 14:20:06,273 - __main__ - INFO - layers=5
2020-10-05 14:20:06,273 - __main__ - INFO - train_len=2000, val_len=2000, buffer=2000
2020-10-05 14:20:06,273 - __main__ - INFO - alpha=0.5, Ntrials=10
2020-10-05 14:20:06,273 - __main__ - INFO - noise=0.0002, learning rate=0.0,scale_input=0.2
2020-10-05 14:20:06,329 - __main__ - INFO - n_units=5
2020-10-05 14:20:06,330 - __main__ - INFO - max_energy=1.0
2020-10-05 14:20:06,330 - __main__ - INFO - beta=1e-14
2020-10-05 14:20:06,330 - __main__ - INFO - taudelta=4.0
2020-10-05 14:20:06,330 - __main__ - INFO - V=1
2020-10-05 14:20:06,330 - __main__ - INFO - layers=5
2020-10-05 14:20:06,330 - __main__ - INFO - train_len=2000, val_len=2000, buffer=2000
2020-10-05 14:20:06,330 - __main__ - INFO - alpha=0.5, Ntrials=10
2020-10-05 14:20:06,330 - __main__ - INFO - noise=0.0002, learning rate=0.0,scale_input=0.2
2020-10-05 14:20:19,389 - __main__ - INFO - innate_buffer=2000, innate_train_len=2000, innate_val_len=2000
2020-10-05 14:20:19,389 - __main__ - INFO - target_state_list=(6000, 25), target_innate_seq=(6000, 5)
2020-10-05 14:20:21,838 - __main__ - INFO - innate_buffer=2000, innate_train_len=2000, innate_val_len=2000
2020-10-05 14:20:21,839 - __main__ - INFO - target_state_list=(6000, 25), target_innate_seq=(6000, 5)
2020-10-05 14:20:22,668 - __main__ - INFO - innate_buffer=2000, innate_train_len=2000, innate_val_len=2000
2020-10-05 14:20:22,669 - __main__ - INFO - target_state_list=(6000, 25), target_innate_seq=(6000, 5)
2020-10-05 14:20:29,063 - __main__ - DEBUG - QR 0, Loss=0.022812299879631827
2020-10-05 14:20:29,064 - __main__ - DEBUG - QR 1, Loss=0.013934088926666132
2020-10-05 14:20:29,064 - __main__ - DEBUG - QR 2, Loss=0.013823550339474869
2020-10-05 14:20:29,064 - __main__ - DEBUG - QR 3, Loss=0.02785727984480648
2020-10-05 14:20:29,064 - __main__ - DEBUG - QR 4, Loss=0.014279270114021891
2020-10-05 14:20:37,923 - __main__ - DEBUG - QR 0, Loss=0.017160164868672046
2020-10-05 14:20:37,923 - __main__ - DEBUG - QR 1, Loss=0.014279145481383346
2020-10-05 14:20:37,923 - __main__ - DEBUG - QR 2, Loss=0.013928455579167331
2020-10-05 14:20:37,923 - __main__ - DEBUG - QR 3, Loss=0.033506477322781184
2020-10-05 14:20:37,924 - __main__ - DEBUG - QR 4, Loss=0.014455592490252104
2020-10-05 14:20:38,380 - __main__ - DEBUG - QR 0, Loss=0.014666036148973929
2020-10-05 14:20:38,380 - __main__ - DEBUG - QR 1, Loss=0.01425102309699597
2020-10-05 14:20:38,380 - __main__ - DEBUG - QR 2, Loss=0.014030696658342237
2020-10-05 14:20:38,381 - __main__ - DEBUG - QR 3, Loss=0.014497646859747547
2020-10-05 14:20:38,381 - __main__ - DEBUG - QR 4, Loss=0.014153063205973681
2020-10-05 14:20:41,551 - __main__ - INFO - innate_buffer=2000, innate_train_len=2000, innate_val_len=2000
2020-10-05 14:20:41,552 - __main__ - INFO - target_state_list=(6000, 25), target_innate_seq=(6000, 5)
2020-10-05 14:20:54,068 - __main__ - INFO - innate_buffer=2000, innate_train_len=2000, innate_val_len=2000
2020-10-05 14:20:54,068 - __main__ - INFO - target_state_list=(6000, 25), target_innate_seq=(6000, 5)
2020-10-05 14:20:54,654 - __main__ - INFO - innate_buffer=2000, innate_train_len=2000, innate_val_len=2000
2020-10-05 14:20:54,654 - __main__ - INFO - target_state_list=(6000, 25), target_innate_seq=(6000, 5)
2020-10-05 14:20:58,003 - __main__ - DEBUG - QR 0, Loss=0.01414133872392512
2020-10-05 14:20:58,003 - __main__ - DEBUG - QR 1, Loss=0.014244506147459972
2020-10-05 14:20:58,003 - __main__ - DEBUG - QR 2, Loss=0.014251512920395058
2020-10-05 14:20:58,003 - __main__ - DEBUG - QR 3, Loss=0.014004520663549555
2020-10-05 14:20:58,003 - __main__ - DEBUG - QR 4, Loss=0.014928297612797818
2020-10-05 14:21:09,032 - __main__ - DEBUG - QR 0, Loss=0.01461866402303363
2020-10-05 14:21:09,032 - __main__ - DEBUG - QR 1, Loss=0.014184170670192649
2020-10-05 14:21:09,032 - __main__ - DEBUG - QR 2, Loss=0.014732784462941156
2020-10-05 14:21:09,032 - __main__ - DEBUG - QR 3, Loss=0.014429297576176423
2020-10-05 14:21:09,032 - __main__ - DEBUG - QR 4, Loss=0.01569617763980061
2020-10-05 14:21:09,802 - __main__ - DEBUG - QR 0, Loss=0.014948998572884273
2020-10-05 14:21:09,802 - __main__ - DEBUG - QR 1, Loss=0.014655165174358015
2020-10-05 14:21:09,802 - __main__ - DEBUG - QR 2, Loss=0.015208143669782183
2020-10-05 14:21:09,802 - __main__ - DEBUG - QR 3, Loss=0.013997617591496264
2020-10-05 14:21:09,802 - __main__ - DEBUG - QR 4, Loss=0.015787519106510096
2020-10-05 14:21:15,450 - __main__ - INFO - innate_buffer=2000, innate_train_len=2000, innate_val_len=2000
2020-10-05 14:21:15,451 - __main__ - INFO - target_state_list=(6000, 25), target_innate_seq=(6000, 5)
2020-10-05 14:21:19,025 - __main__ - INFO - innate_buffer=2000, innate_train_len=2000, innate_val_len=2000
2020-10-05 14:21:19,026 - __main__ - INFO - target_state_list=(6000, 25), target_innate_seq=(6000, 5)
2020-10-05 14:21:26,801 - __main__ - INFO - innate_buffer=2000, innate_train_len=2000, innate_val_len=2000
2020-10-05 14:21:26,801 - __main__ - INFO - target_state_list=(6000, 25), target_innate_seq=(6000, 5)
2020-10-05 14:21:28,659 - __main__ - DEBUG - QR 0, Loss=0.016797623815454733
2020-10-05 14:21:28,659 - __main__ - DEBUG - QR 1, Loss=0.014214740985598748
2020-10-05 14:21:28,659 - __main__ - DEBUG - QR 2, Loss=0.014175132634872226
2020-10-05 14:21:28,659 - __main__ - DEBUG - QR 3, Loss=0.014526716699773564
2020-10-05 14:21:28,659 - __main__ - DEBUG - QR 4, Loss=0.014401550044603712
2020-10-05 14:21:32,202 - __main__ - DEBUG - QR 0, Loss=0.021830233939766006
2020-10-05 14:21:32,202 - __main__ - DEBUG - QR 1, Loss=0.014217200582622653
2020-10-05 14:21:32,202 - __main__ - DEBUG - QR 2, Loss=0.020273700052939398
2020-10-05 14:21:32,202 - __main__ - DEBUG - QR 3, Loss=0.014391068809768795
2020-10-05 14:21:32,202 - __main__ - DEBUG - QR 4, Loss=0.01700475642123211
2020-10-05 14:21:40,559 - __main__ - INFO - innate_buffer=2000, innate_train_len=2000, innate_val_len=2000
2020-10-05 14:21:40,559 - __main__ - INFO - target_state_list=(6000, 25), target_innate_seq=(6000, 5)
2020-10-05 14:21:43,703 - __main__ - DEBUG - QR 0, Loss=0.02123972016531807
2020-10-05 14:21:43,704 - __main__ - DEBUG - QR 1, Loss=0.014385094069510126
2020-10-05 14:21:43,704 - __main__ - DEBUG - QR 2, Loss=0.014658841792567026
2020-10-05 14:21:43,704 - __main__ - DEBUG - QR 3, Loss=0.014515875191893004
2020-10-05 14:21:43,704 - __main__ - DEBUG - QR 4, Loss=0.017568937556128268
2020-10-05 14:21:49,552 - __main__ - INFO - innate_buffer=2000, innate_train_len=2000, innate_val_len=2000
2020-10-05 14:21:49,552 - __main__ - INFO - target_state_list=(6000, 25), target_innate_seq=(6000, 5)
2020-10-05 14:21:56,711 - __main__ - DEBUG - QR 0, Loss=0.01362292107877151
2020-10-05 14:21:56,712 - __main__ - DEBUG - QR 1, Loss=0.018352657568572812
2020-10-05 14:21:56,712 - __main__ - DEBUG - QR 2, Loss=0.01455134899511686
2020-10-05 14:21:56,712 - __main__ - DEBUG - QR 3, Loss=0.014289951244571539
2020-10-05 14:21:56,712 - __main__ - DEBUG - QR 4, Loss=0.01432255293269309
2020-10-05 14:21:59,966 - __main__ - INFO - innate_buffer=2000, innate_train_len=2000, innate_val_len=2000
2020-10-05 14:21:59,966 - __main__ - INFO - target_state_list=(6000, 25), target_innate_seq=(6000, 5)
2020-10-05 14:22:06,351 - __main__ - DEBUG - QR 0, Loss=0.013622664691076454
2020-10-05 14:22:06,351 - __main__ - DEBUG - QR 1, Loss=0.024898250329875075
2020-10-05 14:22:06,352 - __main__ - DEBUG - QR 2, Loss=0.014764712833288538
2020-10-05 14:22:06,352 - __main__ - DEBUG - QR 3, Loss=0.014486468129082133
2020-10-05 14:22:06,352 - __main__ - DEBUG - QR 4, Loss=0.01403771494421876
2020-10-05 14:22:13,621 - __main__ - INFO - innate_buffer=2000, innate_train_len=2000, innate_val_len=2000
2020-10-05 14:22:13,621 - __main__ - INFO - target_state_list=(6000, 25), target_innate_seq=(6000, 5)
2020-10-05 14:22:15,261 - __main__ - DEBUG - QR 0, Loss=0.013623070675524955
2020-10-05 14:22:15,262 - __main__ - DEBUG - QR 1, Loss=0.026529948196222338
2020-10-05 14:22:15,262 - __main__ - DEBUG - QR 2, Loss=0.01692220584940289
2020-10-05 14:22:15,262 - __main__ - DEBUG - QR 3, Loss=0.01490321287066971
2020-10-05 14:22:15,262 - __main__ - DEBUG - QR 4, Loss=0.014015859524997912
2020-10-05 14:22:23,153 - __main__ - INFO - innate_buffer=2000, innate_train_len=2000, innate_val_len=2000
2020-10-05 14:22:23,153 - __main__ - INFO - target_state_list=(6000, 25), target_innate_seq=(6000, 5)
2020-10-05 14:22:29,949 - __main__ - DEBUG - QR 0, Loss=0.014560583247961304
2020-10-05 14:22:29,949 - __main__ - DEBUG - QR 1, Loss=0.014135829048904914
2020-10-05 14:22:29,949 - __main__ - DEBUG - QR 2, Loss=0.014515258543904872
2020-10-05 14:22:29,949 - __main__ - DEBUG - QR 3, Loss=0.014634068128255958
2020-10-05 14:22:29,949 - __main__ - DEBUG - QR 4, Loss=0.014110206569132852
2020-10-05 14:22:32,419 - __main__ - INFO - innate_buffer=2000, innate_train_len=2000, innate_val_len=2000
2020-10-05 14:22:32,419 - __main__ - INFO - target_state_list=(6000, 25), target_innate_seq=(6000, 5)
2020-10-05 14:22:40,152 - __main__ - DEBUG - QR 0, Loss=0.014488002121690385
2020-10-05 14:22:40,152 - __main__ - DEBUG - QR 1, Loss=0.01413824261324363
2020-10-05 14:22:40,152 - __main__ - DEBUG - QR 2, Loss=0.015776434738577597
2020-10-05 14:22:40,152 - __main__ - DEBUG - QR 3, Loss=0.014827693845593754
2020-10-05 14:22:40,152 - __main__ - DEBUG - QR 4, Loss=0.014103338923087605
2020-10-05 14:22:47,287 - __main__ - INFO - innate_buffer=2000, innate_train_len=2000, innate_val_len=2000
2020-10-05 14:22:47,288 - __main__ - INFO - target_state_list=(6000, 25), target_innate_seq=(6000, 5)
2020-10-05 14:22:49,166 - __main__ - DEBUG - QR 0, Loss=0.015167531103954511
2020-10-05 14:22:49,166 - __main__ - DEBUG - QR 1, Loss=0.01414192172733983
2020-10-05 14:22:49,166 - __main__ - DEBUG - QR 2, Loss=0.01754580247562189
2020-10-05 14:22:49,166 - __main__ - DEBUG - QR 3, Loss=0.014399431003235466
2020-10-05 14:22:49,166 - __main__ - DEBUG - QR 4, Loss=0.016203737743153916
2020-10-05 14:22:57,229 - __main__ - INFO - innate_buffer=2000, innate_train_len=2000, innate_val_len=2000
2020-10-05 14:22:57,229 - __main__ - INFO - target_state_list=(6000, 25), target_innate_seq=(6000, 5)
2020-10-05 14:23:03,583 - __main__ - DEBUG - QR 0, Loss=0.014045484480364627
2020-10-05 14:23:03,583 - __main__ - DEBUG - QR 1, Loss=0.015866172991021728
2020-10-05 14:23:03,583 - __main__ - DEBUG - QR 2, Loss=0.014169613754035353
2020-10-05 14:23:03,583 - __main__ - DEBUG - QR 3, Loss=0.014523410260744923
2020-10-05 14:23:03,583 - __main__ - DEBUG - QR 4, Loss=0.014440758073715487
2020-10-05 14:23:05,632 - __main__ - INFO - innate_buffer=2000, innate_train_len=2000, innate_val_len=2000
2020-10-05 14:23:05,633 - __main__ - INFO - target_state_list=(6000, 25), target_innate_seq=(6000, 5)
2020-10-05 14:23:14,032 - __main__ - DEBUG - QR 0, Loss=0.014050256336530877
2020-10-05 14:23:14,032 - __main__ - DEBUG - QR 1, Loss=0.01623764248478286
2020-10-05 14:23:14,032 - __main__ - DEBUG - QR 2, Loss=0.014785217569025655
2020-10-05 14:23:14,032 - __main__ - DEBUG - QR 3, Loss=0.014606106861112347
2020-10-05 14:23:14,032 - __main__ - DEBUG - QR 4, Loss=0.014435735929220489
2020-10-05 14:23:15,921 - __main__ - INFO - innate_buffer=2000, innate_train_len=2000, innate_val_len=2000
2020-10-05 14:23:15,921 - __main__ - INFO - target_state_list=(6000, 25), target_innate_seq=(6000, 5)
2020-10-05 14:23:21,511 - __main__ - DEBUG - QR 0, Loss=0.01406410420091496
2020-10-05 14:23:21,511 - __main__ - DEBUG - QR 1, Loss=0.016890170857499658
2020-10-05 14:23:21,512 - __main__ - DEBUG - QR 2, Loss=0.01433578501066592
2020-10-05 14:23:21,512 - __main__ - DEBUG - QR 3, Loss=0.014700154373586646
2020-10-05 14:23:21,512 - __main__ - DEBUG - QR 4, Loss=0.01423701081271108
2020-10-05 14:23:31,087 - __main__ - INFO - innate_buffer=2000, innate_train_len=2000, innate_val_len=2000
2020-10-05 14:23:31,087 - __main__ - INFO - target_state_list=(6000, 25), target_innate_seq=(6000, 5)
2020-10-05 14:23:31,384 - __main__ - DEBUG - QR 0, Loss=0.014028534062165166
2020-10-05 14:23:31,384 - __main__ - DEBUG - QR 1, Loss=0.014125641028920565
2020-10-05 14:23:31,384 - __main__ - DEBUG - QR 2, Loss=0.013349457626203848
2020-10-05 14:23:31,384 - __main__ - DEBUG - QR 3, Loss=0.014115937676684766
2020-10-05 14:23:31,384 - __main__ - DEBUG - QR 4, Loss=0.014139887492695968
2020-10-05 14:23:37,435 - __main__ - INFO - innate_buffer=2000, innate_train_len=2000, innate_val_len=2000
2020-10-05 14:23:37,435 - __main__ - INFO - target_state_list=(6000, 25), target_innate_seq=(6000, 5)
2020-10-05 14:23:46,121 - __main__ - INFO - innate_buffer=2000, innate_train_len=2000, innate_val_len=2000
2020-10-05 14:23:46,122 - __main__ - INFO - target_state_list=(6000, 25), target_innate_seq=(6000, 5)
2020-10-05 14:23:47,170 - __main__ - DEBUG - QR 0, Loss=0.014049027039206382
2020-10-05 14:23:47,170 - __main__ - DEBUG - QR 1, Loss=0.014136737961775883
2020-10-05 14:23:47,170 - __main__ - DEBUG - QR 2, Loss=0.013809845685464882
2020-10-05 14:23:47,170 - __main__ - DEBUG - QR 3, Loss=0.014132910264147112
2020-10-05 14:23:47,170 - __main__ - DEBUG - QR 4, Loss=0.01463554827953936
2020-10-05 14:23:47,885 - __main__ - DEBUG - QR 0, Loss=0.014060139887300555
2020-10-05 14:23:47,885 - __main__ - DEBUG - QR 1, Loss=0.013988704161588029
2020-10-05 14:23:47,885 - __main__ - DEBUG - QR 2, Loss=0.013929515243110232
2020-10-05 14:23:47,885 - __main__ - DEBUG - QR 3, Loss=0.014113077824264937
2020-10-05 14:23:47,886 - __main__ - DEBUG - QR 4, Loss=0.01406937000980376
2020-10-05 14:23:57,223 - __main__ - INFO - innate_buffer=2000, innate_train_len=2000, innate_val_len=2000
2020-10-05 14:23:57,223 - __main__ - INFO - target_state_list=(6000, 25), target_innate_seq=(6000, 5)
2020-10-05 14:23:58,304 - __main__ - DEBUG - QR 0, Loss=0.014419471655714406
2020-10-05 14:23:58,304 - __main__ - DEBUG - QR 1, Loss=0.01432696225817536
2020-10-05 14:23:58,304 - __main__ - DEBUG - QR 2, Loss=0.013926572499724189
2020-10-05 14:23:58,304 - __main__ - DEBUG - QR 3, Loss=0.013871654783842967
2020-10-05 14:23:58,304 - __main__ - DEBUG - QR 4, Loss=0.014643408451159865
2020-10-05 14:24:05,199 - __main__ - INFO - innate_buffer=2000, innate_train_len=2000, innate_val_len=2000
2020-10-05 14:24:05,199 - __main__ - INFO - target_state_list=(6000, 25), target_innate_seq=(6000, 5)
2020-10-05 14:24:06,926 - __main__ - DEBUG - QR 0, Loss=0.01433165374369987
2020-10-05 14:24:06,926 - __main__ - DEBUG - QR 1, Loss=0.014533781242421096
2020-10-05 14:24:06,927 - __main__ - DEBUG - QR 2, Loss=0.014462296707248025
2020-10-05 14:24:06,927 - __main__ - DEBUG - QR 3, Loss=0.013878178180081328
2020-10-05 14:24:06,927 - __main__ - DEBUG - QR 4, Loss=0.015021409891432398
2020-10-05 14:24:15,127 - __main__ - INFO - innate_buffer=2000, innate_train_len=2000, innate_val_len=2000
2020-10-05 14:24:15,127 - __main__ - INFO - target_state_list=(6000, 25), target_innate_seq=(6000, 5)
2020-10-05 14:24:17,649 - __main__ - INFO - innate_buffer=2000, innate_train_len=2000, innate_val_len=2000
2020-10-05 14:24:17,649 - __main__ - INFO - target_state_list=(6000, 25), target_innate_seq=(6000, 5)
2020-10-05 14:24:21,731 - __main__ - DEBUG - QR 0, Loss=0.014654528580462588
2020-10-05 14:24:21,731 - __main__ - DEBUG - QR 1, Loss=0.014182948611356232
2020-10-05 14:24:21,731 - __main__ - DEBUG - QR 2, Loss=0.014301350445738676
2020-10-05 14:24:21,732 - __main__ - DEBUG - QR 3, Loss=0.01388541628761263
2020-10-05 14:24:21,732 - __main__ - DEBUG - QR 4, Loss=0.015564501923514096
2020-10-05 14:24:31,640 - __main__ - DEBUG - QR 0, Loss=0.014197783296631137
2020-10-05 14:24:31,641 - __main__ - DEBUG - QR 1, Loss=0.014281432338138656
2020-10-05 14:24:31,641 - __main__ - DEBUG - QR 2, Loss=0.014451943829688941
2020-10-05 14:24:31,641 - __main__ - DEBUG - QR 3, Loss=0.020703130567329024
2020-10-05 14:24:31,641 - __main__ - DEBUG - QR 4, Loss=0.01414706352426338
2020-10-05 14:24:33,928 - __main__ - DEBUG - QR 0, Loss=0.014516926211464361
2020-10-05 14:24:33,928 - __main__ - DEBUG - QR 1, Loss=0.014916800459850246
2020-10-05 14:24:33,928 - __main__ - DEBUG - QR 2, Loss=0.014444191146015991
2020-10-05 14:24:33,928 - __main__ - DEBUG - QR 3, Loss=0.015181926554267453
2020-10-05 14:24:33,928 - __main__ - DEBUG - QR 4, Loss=0.01412441185109442
2020-10-05 14:24:39,055 - __main__ - INFO - innate_buffer=2000, innate_train_len=2000, innate_val_len=2000
2020-10-05 14:24:39,055 - __main__ - INFO - target_state_list=(6000, 25), target_innate_seq=(6000, 5)
2020-10-05 14:24:47,984 - __main__ - INFO - innate_buffer=2000, innate_train_len=2000, innate_val_len=2000
2020-10-05 14:24:47,984 - __main__ - INFO - target_state_list=(6000, 25), target_innate_seq=(6000, 5)
2020-10-05 14:24:48,726 - __main__ - DEBUG - QR 0, Loss=0.01501312559958169
2020-10-05 14:24:48,726 - __main__ - DEBUG - QR 1, Loss=0.01505217065949744
2020-10-05 14:24:48,727 - __main__ - DEBUG - QR 2, Loss=0.014444244903021835
2020-10-05 14:24:48,727 - __main__ - DEBUG - QR 3, Loss=0.014600046435688446
2020-10-05 14:24:48,727 - __main__ - DEBUG - QR 4, Loss=0.014125761460348184
2020-10-05 14:24:50,325 - __main__ - INFO - innate_buffer=2000, innate_train_len=2000, innate_val_len=2000
2020-10-05 14:24:50,325 - __main__ - INFO - target_state_list=(6000, 25), target_innate_seq=(6000, 5)
2020-10-05 14:24:58,524 - __main__ - INFO - innate_buffer=2000, innate_train_len=2000, innate_val_len=2000
2020-10-05 14:24:58,524 - __main__ - INFO - target_state_list=(6000, 25), target_innate_seq=(6000, 5)
2020-10-05 14:25:04,056 - __main__ - DEBUG - QR 0, Loss=0.014355436428763
2020-10-05 14:25:04,056 - __main__ - DEBUG - QR 1, Loss=0.014596682626689415
2020-10-05 14:25:04,056 - __main__ - DEBUG - QR 2, Loss=0.014404122885187018
2020-10-05 14:25:04,056 - __main__ - DEBUG - QR 3, Loss=0.014571221723132858
2020-10-05 14:25:04,056 - __main__ - DEBUG - QR 4, Loss=0.014144188707328665
2020-10-05 14:25:04,057 - __main__ - INFO - do_narma=0, Ntrials=10, total loss avg=0.014606333498053759, std=0.0004327257964642345
2020-10-05 14:25:05,446 - __main__ - DEBUG - QR 0, Loss=0.014384729955857333
2020-10-05 14:25:05,446 - __main__ - DEBUG - QR 1, Loss=0.01564590703478746
2020-10-05 14:25:05,446 - __main__ - DEBUG - QR 2, Loss=0.014450302163514128
2020-10-05 14:25:05,446 - __main__ - DEBUG - QR 3, Loss=0.014880005219988604
2020-10-05 14:25:05,446 - __main__ - DEBUG - QR 4, Loss=0.013727861930243475
2020-10-05 14:25:05,446 - __main__ - INFO - do_narma=0, Ntrials=10, total loss avg=0.0155448029316061, std=0.001380337283139436
2020-10-05 14:25:07,577 - __main__ - DEBUG - QR 0, Loss=0.014354112139141267
2020-10-05 14:25:07,577 - __main__ - DEBUG - QR 1, Loss=0.01475396925521235
2020-10-05 14:25:07,577 - __main__ - DEBUG - QR 2, Loss=0.014405697843228695
2020-10-05 14:25:07,577 - __main__ - DEBUG - QR 3, Loss=0.014426787616572265
2020-10-05 14:25:07,577 - __main__ - DEBUG - QR 4, Loss=0.013932956925279164
2020-10-05 14:25:07,577 - __main__ - INFO - do_narma=0, Ntrials=10, total loss avg=0.015382210662835738, std=0.0014731427431240306
