2020-10-05 14:20:06,251 - __main__ - INFO - n_units=5
2020-10-05 14:20:06,251 - __main__ - INFO - max_energy=1.0
2020-10-05 14:20:06,252 - __main__ - INFO - beta=1e-14
2020-10-05 14:20:06,252 - __main__ - INFO - taudelta=1.0
2020-10-05 14:20:06,252 - __main__ - INFO - V=1
2020-10-05 14:20:06,252 - __main__ - INFO - layers=5
2020-10-05 14:20:06,252 - __main__ - INFO - train_len=2000, val_len=2000, buffer=2000
2020-10-05 14:20:06,252 - __main__ - INFO - alpha=0.5, Ntrials=10
2020-10-05 14:20:06,252 - __main__ - INFO - noise=0.01, learning rate=0.0,scale_input=0.2
2020-10-05 14:20:06,297 - __main__ - INFO - n_units=5
2020-10-05 14:20:06,297 - __main__ - INFO - max_energy=1.0
2020-10-05 14:20:06,297 - __main__ - INFO - beta=1e-14
2020-10-05 14:20:06,298 - __main__ - INFO - taudelta=2.0
2020-10-05 14:20:06,298 - __main__ - INFO - V=1
2020-10-05 14:20:06,298 - __main__ - INFO - layers=5
2020-10-05 14:20:06,298 - __main__ - INFO - train_len=2000, val_len=2000, buffer=2000
2020-10-05 14:20:06,298 - __main__ - INFO - alpha=0.5, Ntrials=10
2020-10-05 14:20:06,298 - __main__ - INFO - noise=0.01, learning rate=0.0,scale_input=0.2
2020-10-05 14:20:06,359 - __main__ - INFO - n_units=5
2020-10-05 14:20:06,359 - __main__ - INFO - max_energy=1.0
2020-10-05 14:20:06,359 - __main__ - INFO - beta=1e-14
2020-10-05 14:20:06,359 - __main__ - INFO - taudelta=4.0
2020-10-05 14:20:06,359 - __main__ - INFO - V=1
2020-10-05 14:20:06,359 - __main__ - INFO - layers=5
2020-10-05 14:20:06,359 - __main__ - INFO - train_len=2000, val_len=2000, buffer=2000
2020-10-05 14:20:06,360 - __main__ - INFO - alpha=0.5, Ntrials=10
2020-10-05 14:20:06,360 - __main__ - INFO - noise=0.01, learning rate=0.0,scale_input=0.2
2020-10-05 14:20:18,926 - __main__ - INFO - innate_buffer=2000, innate_train_len=2000, innate_val_len=2000
2020-10-05 14:20:18,926 - __main__ - INFO - target_state_list=(6000, 25), target_innate_seq=(6000, 5)
2020-10-05 14:20:22,087 - __main__ - INFO - innate_buffer=2000, innate_train_len=2000, innate_val_len=2000
2020-10-05 14:20:22,087 - __main__ - INFO - target_state_list=(6000, 25), target_innate_seq=(6000, 5)
2020-10-05 14:20:23,103 - __main__ - INFO - innate_buffer=2000, innate_train_len=2000, innate_val_len=2000
2020-10-05 14:20:23,104 - __main__ - INFO - target_state_list=(6000, 25), target_innate_seq=(6000, 5)
2020-10-05 14:20:28,392 - __main__ - DEBUG - QR 0, Loss=0.10184307729413496
2020-10-05 14:20:28,392 - __main__ - DEBUG - QR 1, Loss=0.0986544825119591
2020-10-05 14:20:28,392 - __main__ - DEBUG - QR 2, Loss=0.09757710173231654
2020-10-05 14:20:28,393 - __main__ - DEBUG - QR 3, Loss=0.09971925028494853
2020-10-05 14:20:28,393 - __main__ - DEBUG - QR 4, Loss=0.1000506646276528
2020-10-05 14:20:35,991 - __main__ - DEBUG - QR 0, Loss=0.10215237057067947
2020-10-05 14:20:35,991 - __main__ - DEBUG - QR 1, Loss=0.09867290331649724
2020-10-05 14:20:35,991 - __main__ - DEBUG - QR 2, Loss=0.09753913007161442
2020-10-05 14:20:35,992 - __main__ - DEBUG - QR 3, Loss=0.10462874265419905
2020-10-05 14:20:35,992 - __main__ - DEBUG - QR 4, Loss=0.1000748324609579
2020-10-05 14:20:38,245 - __main__ - INFO - innate_buffer=2000, innate_train_len=2000, innate_val_len=2000
2020-10-05 14:20:38,245 - __main__ - INFO - target_state_list=(6000, 25), target_innate_seq=(6000, 5)
2020-10-05 14:20:39,888 - __main__ - DEBUG - QR 0, Loss=0.10369642695405898
2020-10-05 14:20:39,889 - __main__ - DEBUG - QR 1, Loss=0.09849303038504248
2020-10-05 14:20:39,889 - __main__ - DEBUG - QR 2, Loss=0.09752443368242758
2020-10-05 14:20:39,889 - __main__ - DEBUG - QR 3, Loss=0.10288068680070478
2020-10-05 14:20:39,889 - __main__ - DEBUG - QR 4, Loss=0.10009462067664157
2020-10-05 14:20:47,805 - __main__ - DEBUG - QR 0, Loss=0.10006522736157612
2020-10-05 14:20:47,805 - __main__ - DEBUG - QR 1, Loss=0.10038510877635487
2020-10-05 14:20:47,805 - __main__ - DEBUG - QR 2, Loss=0.10006652034280528
2020-10-05 14:20:47,805 - __main__ - DEBUG - QR 3, Loss=0.09922016142904058
2020-10-05 14:20:47,806 - __main__ - DEBUG - QR 4, Loss=0.09954186561518866
2020-10-05 14:20:51,036 - __main__ - INFO - innate_buffer=2000, innate_train_len=2000, innate_val_len=2000
2020-10-05 14:20:51,036 - __main__ - INFO - target_state_list=(6000, 25), target_innate_seq=(6000, 5)
2020-10-05 14:20:57,433 - __main__ - INFO - innate_buffer=2000, innate_train_len=2000, innate_val_len=2000
2020-10-05 14:20:57,434 - __main__ - INFO - target_state_list=(6000, 25), target_innate_seq=(6000, 5)
2020-10-05 14:20:57,666 - __main__ - INFO - innate_buffer=2000, innate_train_len=2000, innate_val_len=2000
2020-10-05 14:20:57,667 - __main__ - INFO - target_state_list=(6000, 25), target_innate_seq=(6000, 5)
2020-10-05 14:21:06,777 - __main__ - DEBUG - QR 0, Loss=0.10006334402750673
2020-10-05 14:21:06,777 - __main__ - DEBUG - QR 1, Loss=0.10060240459803951
2020-10-05 14:21:06,777 - __main__ - DEBUG - QR 2, Loss=0.10014641632029508
2020-10-05 14:21:06,777 - __main__ - DEBUG - QR 3, Loss=0.09899852072025758
2020-10-05 14:21:06,777 - __main__ - DEBUG - QR 4, Loss=0.09952320369872625
2020-10-05 14:21:07,197 - __main__ - DEBUG - QR 0, Loss=0.09983714372080857
2020-10-05 14:21:07,197 - __main__ - DEBUG - QR 1, Loss=0.10051081061688855
2020-10-05 14:21:07,198 - __main__ - DEBUG - QR 2, Loss=0.09973076341629539
2020-10-05 14:21:07,198 - __main__ - DEBUG - QR 3, Loss=0.10182636645218228
2020-10-05 14:21:07,198 - __main__ - DEBUG - QR 4, Loss=0.10050598576639627
2020-10-05 14:21:14,085 - __main__ - DEBUG - QR 0, Loss=0.09997098803934588
2020-10-05 14:21:14,085 - __main__ - DEBUG - QR 1, Loss=0.10044488442744688
2020-10-05 14:21:14,085 - __main__ - DEBUG - QR 2, Loss=0.09996634578539884
2020-10-05 14:21:14,085 - __main__ - DEBUG - QR 3, Loss=0.09904545752670518
2020-10-05 14:21:14,086 - __main__ - DEBUG - QR 4, Loss=0.09936143426562286
2020-10-05 14:21:17,109 - __main__ - INFO - innate_buffer=2000, innate_train_len=2000, innate_val_len=2000
2020-10-05 14:21:17,110 - __main__ - INFO - target_state_list=(6000, 25), target_innate_seq=(6000, 5)
2020-10-05 14:21:21,364 - __main__ - INFO - innate_buffer=2000, innate_train_len=2000, innate_val_len=2000
2020-10-05 14:21:21,364 - __main__ - INFO - target_state_list=(6000, 25), target_innate_seq=(6000, 5)
2020-10-05 14:21:26,679 - __main__ - DEBUG - QR 0, Loss=0.0963286461112868
2020-10-05 14:21:26,679 - __main__ - DEBUG - QR 1, Loss=0.10298967379826957
2020-10-05 14:21:26,679 - __main__ - DEBUG - QR 2, Loss=0.09926919218377168
2020-10-05 14:21:26,679 - __main__ - DEBUG - QR 3, Loss=0.10063670246717638
2020-10-05 14:21:26,679 - __main__ - DEBUG - QR 4, Loss=0.09909511637869683
2020-10-05 14:21:31,200 - __main__ - INFO - innate_buffer=2000, innate_train_len=2000, innate_val_len=2000
2020-10-05 14:21:31,200 - __main__ - INFO - target_state_list=(6000, 25), target_innate_seq=(6000, 5)
2020-10-05 14:21:36,640 - __main__ - DEBUG - QR 0, Loss=0.10081506170955962
2020-10-05 14:21:36,640 - __main__ - DEBUG - QR 1, Loss=0.10050426373179551
2020-10-05 14:21:36,641 - __main__ - DEBUG - QR 2, Loss=0.09977465431766304
2020-10-05 14:21:36,641 - __main__ - DEBUG - QR 3, Loss=0.10185506081232149
2020-10-05 14:21:36,641 - __main__ - DEBUG - QR 4, Loss=0.10106840424128463
2020-10-05 14:21:36,664 - __main__ - INFO - innate_buffer=2000, innate_train_len=2000, innate_val_len=2000
2020-10-05 14:21:36,664 - __main__ - INFO - target_state_list=(6000, 25), target_innate_seq=(6000, 5)
2020-10-05 14:21:46,296 - __main__ - DEBUG - QR 0, Loss=0.10221035564679494
2020-10-05 14:21:46,296 - __main__ - DEBUG - QR 1, Loss=0.09996027548268761
2020-10-05 14:21:46,296 - __main__ - DEBUG - QR 2, Loss=0.1001490767113762
2020-10-05 14:21:46,296 - __main__ - DEBUG - QR 3, Loss=0.10126682371391771
2020-10-05 14:21:46,296 - __main__ - DEBUG - QR 4, Loss=0.09973432128621458
2020-10-05 14:21:47,984 - __main__ - DEBUG - QR 0, Loss=0.10096844848207877
2020-10-05 14:21:47,984 - __main__ - DEBUG - QR 1, Loss=0.1005267882098727
2020-10-05 14:21:47,985 - __main__ - DEBUG - QR 2, Loss=0.10069009728532176
2020-10-05 14:21:47,985 - __main__ - DEBUG - QR 3, Loss=0.10176118970869467
2020-10-05 14:21:47,985 - __main__ - DEBUG - QR 4, Loss=0.10098098242869494
2020-10-05 14:21:53,893 - __main__ - INFO - innate_buffer=2000, innate_train_len=2000, innate_val_len=2000
2020-10-05 14:21:53,893 - __main__ - INFO - target_state_list=(6000, 25), target_innate_seq=(6000, 5)
2020-10-05 14:21:56,265 - __main__ - INFO - innate_buffer=2000, innate_train_len=2000, innate_val_len=2000
2020-10-05 14:21:56,265 - __main__ - INFO - target_state_list=(6000, 25), target_innate_seq=(6000, 5)
2020-10-05 14:22:05,114 - __main__ - INFO - innate_buffer=2000, innate_train_len=2000, innate_val_len=2000
2020-10-05 14:22:05,114 - __main__ - INFO - target_state_list=(6000, 25), target_innate_seq=(6000, 5)
2020-10-05 14:22:09,575 - __main__ - DEBUG - QR 0, Loss=0.09930104139726678
2020-10-05 14:22:09,576 - __main__ - DEBUG - QR 1, Loss=0.10023664505102871
2020-10-05 14:22:09,576 - __main__ - DEBUG - QR 2, Loss=0.09986731119363285
2020-10-05 14:22:09,576 - __main__ - DEBUG - QR 3, Loss=0.10252621835276848
2020-10-05 14:22:09,576 - __main__ - DEBUG - QR 4, Loss=0.10050009425790805
2020-10-05 14:22:09,828 - __main__ - DEBUG - QR 0, Loss=0.09632697838643099
2020-10-05 14:22:09,828 - __main__ - DEBUG - QR 1, Loss=0.10491163005044278
2020-10-05 14:22:09,828 - __main__ - DEBUG - QR 2, Loss=0.0996809369007473
2020-10-05 14:22:09,828 - __main__ - DEBUG - QR 3, Loss=0.10071713874349189
2020-10-05 14:22:09,828 - __main__ - DEBUG - QR 4, Loss=0.09907108563428708
2020-10-05 14:22:22,253 - __main__ - DEBUG - QR 0, Loss=0.0963262999103449
2020-10-05 14:22:22,253 - __main__ - DEBUG - QR 1, Loss=0.10452828901517942
2020-10-05 14:22:22,253 - __main__ - DEBUG - QR 2, Loss=0.09925820902262723
2020-10-05 14:22:22,253 - __main__ - DEBUG - QR 3, Loss=0.10066058027763772
2020-10-05 14:22:22,253 - __main__ - DEBUG - QR 4, Loss=0.09908427850651785
2020-10-05 14:22:26,278 - __main__ - INFO - innate_buffer=2000, innate_train_len=2000, innate_val_len=2000
2020-10-05 14:22:26,278 - __main__ - INFO - target_state_list=(6000, 25), target_innate_seq=(6000, 5)
2020-10-05 14:22:27,581 - __main__ - INFO - innate_buffer=2000, innate_train_len=2000, innate_val_len=2000
2020-10-05 14:22:27,581 - __main__ - INFO - target_state_list=(6000, 25), target_innate_seq=(6000, 5)
2020-10-05 14:22:40,066 - __main__ - INFO - innate_buffer=2000, innate_train_len=2000, innate_val_len=2000
2020-10-05 14:22:40,067 - __main__ - INFO - target_state_list=(6000, 25), target_innate_seq=(6000, 5)
2020-10-05 14:22:42,321 - __main__ - DEBUG - QR 0, Loss=0.0992547827681016
2020-10-05 14:22:42,321 - __main__ - DEBUG - QR 1, Loss=0.09859257196984683
2020-10-05 14:22:42,321 - __main__ - DEBUG - QR 2, Loss=0.09430765131151325
2020-10-05 14:22:42,322 - __main__ - DEBUG - QR 3, Loss=0.09977125838671405
2020-10-05 14:22:42,322 - __main__ - DEBUG - QR 4, Loss=0.09915715324422515
2020-10-05 14:22:44,405 - __main__ - DEBUG - QR 0, Loss=0.10233063276143124
2020-10-05 14:22:44,405 - __main__ - DEBUG - QR 1, Loss=0.09996333958989652
2020-10-05 14:22:44,405 - __main__ - DEBUG - QR 2, Loss=0.10066504985097585
2020-10-05 14:22:44,405 - __main__ - DEBUG - QR 3, Loss=0.10122612314124352
2020-10-05 14:22:44,405 - __main__ - DEBUG - QR 4, Loss=0.10019078805405733
2020-10-05 14:22:56,527 - __main__ - DEBUG - QR 0, Loss=0.10217230630044791
2020-10-05 14:22:56,528 - __main__ - DEBUG - QR 1, Loss=0.09997402285196777
2020-10-05 14:22:56,528 - __main__ - DEBUG - QR 2, Loss=0.1003601461144705
2020-10-05 14:22:56,528 - __main__ - DEBUG - QR 3, Loss=0.10129840493040072
2020-10-05 14:22:56,528 - __main__ - DEBUG - QR 4, Loss=0.09970537302452914
2020-10-05 14:22:58,966 - __main__ - INFO - innate_buffer=2000, innate_train_len=2000, innate_val_len=2000
2020-10-05 14:22:58,966 - __main__ - INFO - target_state_list=(6000, 25), target_innate_seq=(6000, 5)
2020-10-05 14:23:00,565 - __main__ - INFO - innate_buffer=2000, innate_train_len=2000, innate_val_len=2000
2020-10-05 14:23:00,565 - __main__ - INFO - target_state_list=(6000, 25), target_innate_seq=(6000, 5)
2020-10-05 14:23:12,349 - __main__ - DEBUG - QR 0, Loss=0.09935283178020857
2020-10-05 14:23:12,349 - __main__ - DEBUG - QR 1, Loss=0.10043878318930671
2020-10-05 14:23:12,349 - __main__ - DEBUG - QR 2, Loss=0.09990033521043237
2020-10-05 14:23:12,350 - __main__ - DEBUG - QR 3, Loss=0.10264959993684804
2020-10-05 14:23:12,350 - __main__ - DEBUG - QR 4, Loss=0.10049416343279283
2020-10-05 14:23:13,714 - __main__ - INFO - innate_buffer=2000, innate_train_len=2000, innate_val_len=2000
2020-10-05 14:23:13,714 - __main__ - INFO - target_state_list=(6000, 25), target_innate_seq=(6000, 5)
2020-10-05 14:23:14,543 - __main__ - DEBUG - QR 0, Loss=0.1003073178729229
2020-10-05 14:23:14,543 - __main__ - DEBUG - QR 1, Loss=0.10026134752123841
2020-10-05 14:23:14,544 - __main__ - DEBUG - QR 2, Loss=0.09848976540859013
2020-10-05 14:23:14,544 - __main__ - DEBUG - QR 3, Loss=0.0980436477539073
2020-10-05 14:23:14,544 - __main__ - DEBUG - QR 4, Loss=0.10355351898580825
2020-10-05 14:23:29,247 - __main__ - INFO - innate_buffer=2000, innate_train_len=2000, innate_val_len=2000
2020-10-05 14:23:29,248 - __main__ - INFO - target_state_list=(6000, 25), target_innate_seq=(6000, 5)
2020-10-05 14:23:30,627 - __main__ - INFO - innate_buffer=2000, innate_train_len=2000, innate_val_len=2000
2020-10-05 14:23:30,627 - __main__ - INFO - target_state_list=(6000, 25), target_innate_seq=(6000, 5)
2020-10-05 14:23:30,868 - __main__ - DEBUG - QR 0, Loss=0.09931301647790355
2020-10-05 14:23:30,868 - __main__ - DEBUG - QR 1, Loss=0.10030636916247011
2020-10-05 14:23:30,868 - __main__ - DEBUG - QR 2, Loss=0.09997966961134065
2020-10-05 14:23:30,868 - __main__ - DEBUG - QR 3, Loss=0.10261908305820683
2020-10-05 14:23:30,868 - __main__ - DEBUG - QR 4, Loss=0.10049917366881672
2020-10-05 14:23:44,348 - __main__ - DEBUG - QR 0, Loss=0.09928947978219664
2020-10-05 14:23:44,348 - __main__ - DEBUG - QR 1, Loss=0.09861230332959314
2020-10-05 14:23:44,348 - __main__ - DEBUG - QR 2, Loss=0.09445180557285375
2020-10-05 14:23:44,348 - __main__ - DEBUG - QR 3, Loss=0.09976641778608897
2020-10-05 14:23:44,348 - __main__ - DEBUG - QR 4, Loss=0.09919188168695325
2020-10-05 14:23:46,539 - __main__ - DEBUG - QR 0, Loss=0.10042402067124269
2020-10-05 14:23:46,539 - __main__ - DEBUG - QR 1, Loss=0.10059827563314569
2020-10-05 14:23:46,540 - __main__ - DEBUG - QR 2, Loss=0.10214331787223752
2020-10-05 14:23:46,540 - __main__ - DEBUG - QR 3, Loss=0.10275288580852168
2020-10-05 14:23:46,540 - __main__ - DEBUG - QR 4, Loss=0.10000050494220736
2020-10-05 14:23:47,319 - __main__ - INFO - innate_buffer=2000, innate_train_len=2000, innate_val_len=2000
2020-10-05 14:23:47,319 - __main__ - INFO - target_state_list=(6000, 25), target_innate_seq=(6000, 5)
2020-10-05 14:23:58,049 - __main__ - INFO - innate_buffer=2000, innate_train_len=2000, innate_val_len=2000
2020-10-05 14:23:58,049 - __main__ - INFO - target_state_list=(6000, 25), target_innate_seq=(6000, 5)
2020-10-05 14:24:03,020 - __main__ - INFO - innate_buffer=2000, innate_train_len=2000, innate_val_len=2000
2020-10-05 14:24:03,020 - __main__ - INFO - target_state_list=(6000, 25), target_innate_seq=(6000, 5)
2020-10-05 14:24:03,133 - __main__ - DEBUG - QR 0, Loss=0.09931719209818371
2020-10-05 14:24:03,133 - __main__ - DEBUG - QR 1, Loss=0.09858584851265098
2020-10-05 14:24:03,133 - __main__ - DEBUG - QR 2, Loss=0.09447555210815257
2020-10-05 14:24:03,134 - __main__ - DEBUG - QR 3, Loss=0.09979379734836728
2020-10-05 14:24:03,134 - __main__ - DEBUG - QR 4, Loss=0.09917394835470428
2020-10-05 14:24:13,516 - __main__ - DEBUG - QR 0, Loss=0.10027957596532894
2020-10-05 14:24:13,516 - __main__ - DEBUG - QR 1, Loss=0.10027133512108255
2020-10-05 14:24:13,517 - __main__ - DEBUG - QR 2, Loss=0.09857289273354478
2020-10-05 14:24:13,517 - __main__ - DEBUG - QR 3, Loss=0.09799206465184405
2020-10-05 14:24:13,517 - __main__ - DEBUG - QR 4, Loss=0.10352548435863805
2020-10-05 14:24:17,476 - __main__ - INFO - innate_buffer=2000, innate_train_len=2000, innate_val_len=2000
2020-10-05 14:24:17,476 - __main__ - INFO - target_state_list=(6000, 25), target_innate_seq=(6000, 5)
2020-10-05 14:24:18,886 - __main__ - DEBUG - QR 0, Loss=0.10149570002445576
2020-10-05 14:24:18,886 - __main__ - DEBUG - QR 1, Loss=0.10148763997977324
2020-10-05 14:24:18,886 - __main__ - DEBUG - QR 2, Loss=0.10184547655485346
2020-10-05 14:24:18,886 - __main__ - DEBUG - QR 3, Loss=0.10198003583229838
2020-10-05 14:24:18,887 - __main__ - DEBUG - QR 4, Loss=0.09704568685935974
2020-10-05 14:24:18,887 - __main__ - INFO - do_narma=0, Ntrials=10, total loss avg=0.10010237166764617, std=0.0007948596119261853
2020-10-05 14:24:27,107 - __main__ - DEBUG - QR 0, Loss=0.10035022263074383
2020-10-05 14:24:27,107 - __main__ - DEBUG - QR 1, Loss=0.10022303168169848
2020-10-05 14:24:27,107 - __main__ - DEBUG - QR 2, Loss=0.09854471030725073
2020-10-05 14:24:27,107 - __main__ - DEBUG - QR 3, Loss=0.09797687687394123
2020-10-05 14:24:27,107 - __main__ - DEBUG - QR 4, Loss=0.10356512164859573
2020-10-05 14:24:29,154 - __main__ - INFO - innate_buffer=2000, innate_train_len=2000, innate_val_len=2000
2020-10-05 14:24:29,154 - __main__ - INFO - target_state_list=(6000, 25), target_innate_seq=(6000, 5)
2020-10-05 14:24:37,078 - __main__ - INFO - innate_buffer=2000, innate_train_len=2000, innate_val_len=2000
2020-10-05 14:24:37,078 - __main__ - INFO - target_state_list=(6000, 25), target_innate_seq=(6000, 5)
2020-10-05 14:24:45,912 - __main__ - DEBUG - QR 0, Loss=0.10051272240474922
2020-10-05 14:24:45,912 - __main__ - DEBUG - QR 1, Loss=0.10059880027497703
2020-10-05 14:24:45,913 - __main__ - DEBUG - QR 2, Loss=0.10214234118343954
2020-10-05 14:24:45,913 - __main__ - DEBUG - QR 3, Loss=0.1015589887917736
2020-10-05 14:24:45,913 - __main__ - DEBUG - QR 4, Loss=0.09996629895526118
2020-10-05 14:24:46,521 - __main__ - DEBUG - QR 0, Loss=0.10060682154894464
2020-10-05 14:24:46,521 - __main__ - DEBUG - QR 1, Loss=0.10061722356300846
2020-10-05 14:24:46,521 - __main__ - DEBUG - QR 2, Loss=0.10214808070448245
2020-10-05 14:24:46,522 - __main__ - DEBUG - QR 3, Loss=0.10145885759972834
2020-10-05 14:24:46,522 - __main__ - DEBUG - QR 4, Loss=0.09998865951547645
2020-10-05 14:24:56,291 - __main__ - INFO - innate_buffer=2000, innate_train_len=2000, innate_val_len=2000
2020-10-05 14:24:56,292 - __main__ - INFO - target_state_list=(6000, 25), target_innate_seq=(6000, 5)
2020-10-05 14:25:01,739 - __main__ - INFO - innate_buffer=2000, innate_train_len=2000, innate_val_len=2000
2020-10-05 14:25:01,739 - __main__ - INFO - target_state_list=(6000, 25), target_innate_seq=(6000, 5)
2020-10-05 14:25:05,335 - __main__ - DEBUG - QR 0, Loss=0.101502125833256
2020-10-05 14:25:05,335 - __main__ - DEBUG - QR 1, Loss=0.10151630458214109
2020-10-05 14:25:05,335 - __main__ - DEBUG - QR 2, Loss=0.10185319436687443
2020-10-05 14:25:05,335 - __main__ - DEBUG - QR 3, Loss=0.10195222869104714
2020-10-05 14:25:05,336 - __main__ - DEBUG - QR 4, Loss=0.09711653604151627
2020-10-05 14:25:05,336 - __main__ - INFO - do_narma=0, Ntrials=10, total loss avg=0.10026514741203367, std=0.0007725426416252451
2020-10-05 14:25:10,476 - __main__ - DEBUG - QR 0, Loss=0.10152185702608804
2020-10-05 14:25:10,476 - __main__ - DEBUG - QR 1, Loss=0.10170848478504163
2020-10-05 14:25:10,476 - __main__ - DEBUG - QR 2, Loss=0.10184034298106423
2020-10-05 14:25:10,476 - __main__ - DEBUG - QR 3, Loss=0.10205330586863162
2020-10-05 14:25:10,477 - __main__ - DEBUG - QR 4, Loss=0.0970590344504118
2020-10-05 14:25:10,477 - __main__ - INFO - do_narma=0, Ntrials=10, total loss avg=0.10030508295247105, std=0.0007659001821769414
