2020-10-05 14:20:06,235 - __main__ - INFO - n_units=5
2020-10-05 14:20:06,235 - __main__ - INFO - max_energy=1.0
2020-10-05 14:20:06,236 - __main__ - INFO - beta=1e-14
2020-10-05 14:20:06,236 - __main__ - INFO - taudelta=1.0
2020-10-05 14:20:06,236 - __main__ - INFO - V=1
2020-10-05 14:20:06,236 - __main__ - INFO - layers=5
2020-10-05 14:20:06,236 - __main__ - INFO - train_len=2000, val_len=2000, buffer=2000
2020-10-05 14:20:06,236 - __main__ - INFO - alpha=0.5, Ntrials=10
2020-10-05 14:20:06,236 - __main__ - INFO - noise=9e-05, learning rate=0.0,scale_input=0.2
2020-10-05 14:20:06,269 - __main__ - INFO - n_units=5
2020-10-05 14:20:06,270 - __main__ - INFO - max_energy=1.0
2020-10-05 14:20:06,270 - __main__ - INFO - beta=1e-14
2020-10-05 14:20:06,270 - __main__ - INFO - taudelta=2.0
2020-10-05 14:20:06,270 - __main__ - INFO - V=1
2020-10-05 14:20:06,270 - __main__ - INFO - layers=5
2020-10-05 14:20:06,270 - __main__ - INFO - train_len=2000, val_len=2000, buffer=2000
2020-10-05 14:20:06,270 - __main__ - INFO - alpha=0.5, Ntrials=10
2020-10-05 14:20:06,270 - __main__ - INFO - noise=9e-05, learning rate=0.0,scale_input=0.2
2020-10-05 14:20:06,326 - __main__ - INFO - n_units=5
2020-10-05 14:20:06,326 - __main__ - INFO - max_energy=1.0
2020-10-05 14:20:06,326 - __main__ - INFO - beta=1e-14
2020-10-05 14:20:06,326 - __main__ - INFO - taudelta=4.0
2020-10-05 14:20:06,327 - __main__ - INFO - V=1
2020-10-05 14:20:06,327 - __main__ - INFO - layers=5
2020-10-05 14:20:06,327 - __main__ - INFO - train_len=2000, val_len=2000, buffer=2000
2020-10-05 14:20:06,327 - __main__ - INFO - alpha=0.5, Ntrials=10
2020-10-05 14:20:06,327 - __main__ - INFO - noise=9e-05, learning rate=0.0,scale_input=0.2
2020-10-05 14:20:17,648 - __main__ - INFO - innate_buffer=2000, innate_train_len=2000, innate_val_len=2000
2020-10-05 14:20:17,648 - __main__ - INFO - target_state_list=(6000, 25), target_innate_seq=(6000, 5)
2020-10-05 14:20:22,958 - __main__ - INFO - innate_buffer=2000, innate_train_len=2000, innate_val_len=2000
2020-10-05 14:20:22,958 - __main__ - INFO - target_state_list=(6000, 25), target_innate_seq=(6000, 5)
2020-10-05 14:20:23,260 - __main__ - INFO - innate_buffer=2000, innate_train_len=2000, innate_val_len=2000
2020-10-05 14:20:23,260 - __main__ - INFO - target_state_list=(6000, 25), target_innate_seq=(6000, 5)
2020-10-05 14:20:33,745 - __main__ - DEBUG - QR 0, Loss=0.02006588679060929
2020-10-05 14:20:33,745 - __main__ - DEBUG - QR 1, Loss=0.00934943987716054
2020-10-05 14:20:33,745 - __main__ - DEBUG - QR 2, Loss=0.009301150124434217
2020-10-05 14:20:33,745 - __main__ - DEBUG - QR 3, Loss=0.025752411177621438
2020-10-05 14:20:33,745 - __main__ - DEBUG - QR 4, Loss=0.009695768947820012
2020-10-05 14:20:39,318 - __main__ - DEBUG - QR 0, Loss=0.010079846645696841
2020-10-05 14:20:39,318 - __main__ - DEBUG - QR 1, Loss=0.009767048833743453
2020-10-05 14:20:39,319 - __main__ - DEBUG - QR 2, Loss=0.009605993929271507
2020-10-05 14:20:39,319 - __main__ - DEBUG - QR 3, Loss=0.010061912286336658
2020-10-05 14:20:39,319 - __main__ - DEBUG - QR 4, Loss=0.009496348236118553
2020-10-05 14:20:40,115 - __main__ - DEBUG - QR 0, Loss=0.013499971527456904
2020-10-05 14:20:40,115 - __main__ - DEBUG - QR 1, Loss=0.009804931965460143
2020-10-05 14:20:40,115 - __main__ - DEBUG - QR 2, Loss=0.009458411119414995
2020-10-05 14:20:40,116 - __main__ - DEBUG - QR 3, Loss=0.031763231904629895
2020-10-05 14:20:40,116 - __main__ - DEBUG - QR 4, Loss=0.009965071089928725
2020-10-05 14:20:50,980 - __main__ - INFO - innate_buffer=2000, innate_train_len=2000, innate_val_len=2000
2020-10-05 14:20:50,981 - __main__ - INFO - target_state_list=(6000, 25), target_innate_seq=(6000, 5)
2020-10-05 14:20:55,585 - __main__ - INFO - innate_buffer=2000, innate_train_len=2000, innate_val_len=2000
2020-10-05 14:20:55,586 - __main__ - INFO - target_state_list=(6000, 25), target_innate_seq=(6000, 5)
2020-10-05 14:20:57,118 - __main__ - INFO - innate_buffer=2000, innate_train_len=2000, innate_val_len=2000
2020-10-05 14:20:57,119 - __main__ - INFO - target_state_list=(6000, 25), target_innate_seq=(6000, 5)
2020-10-05 14:21:06,660 - __main__ - DEBUG - QR 0, Loss=0.00948939938022838
2020-10-05 14:21:06,661 - __main__ - DEBUG - QR 1, Loss=0.009576982415737753
2020-10-05 14:21:06,661 - __main__ - DEBUG - QR 2, Loss=0.009647468414606186
2020-10-05 14:21:06,661 - __main__ - DEBUG - QR 3, Loss=0.009394018539092889
2020-10-05 14:21:06,661 - __main__ - DEBUG - QR 4, Loss=0.010675130424799974
2020-10-05 14:21:11,212 - __main__ - DEBUG - QR 0, Loss=0.010181429797655746
2020-10-05 14:21:11,212 - __main__ - DEBUG - QR 1, Loss=0.009515225640848609
2020-10-05 14:21:11,213 - __main__ - DEBUG - QR 2, Loss=0.010329724770457517
2020-10-05 14:21:11,213 - __main__ - DEBUG - QR 3, Loss=0.009955200082758254
2020-10-05 14:21:11,213 - __main__ - DEBUG - QR 4, Loss=0.011709460417406498
2020-10-05 14:21:13,901 - __main__ - DEBUG - QR 0, Loss=0.010662453783373556
2020-10-05 14:21:13,902 - __main__ - DEBUG - QR 1, Loss=0.010123778157172313
2020-10-05 14:21:13,902 - __main__ - DEBUG - QR 2, Loss=0.010990312937961296
2020-10-05 14:21:13,902 - __main__ - DEBUG - QR 3, Loss=0.009409097332984106
2020-10-05 14:21:13,902 - __main__ - DEBUG - QR 4, Loss=0.01183453191003845
2020-10-05 14:21:23,997 - __main__ - INFO - innate_buffer=2000, innate_train_len=2000, innate_val_len=2000
2020-10-05 14:21:23,998 - __main__ - INFO - target_state_list=(6000, 25), target_innate_seq=(6000, 5)
2020-10-05 14:21:28,259 - __main__ - INFO - innate_buffer=2000, innate_train_len=2000, innate_val_len=2000
2020-10-05 14:21:28,259 - __main__ - INFO - target_state_list=(6000, 25), target_innate_seq=(6000, 5)
2020-10-05 14:21:31,088 - __main__ - INFO - innate_buffer=2000, innate_train_len=2000, innate_val_len=2000
2020-10-05 14:21:31,088 - __main__ - INFO - target_state_list=(6000, 25), target_innate_seq=(6000, 5)
2020-10-05 14:21:40,654 - __main__ - DEBUG - QR 0, Loss=0.01912087588310293
2020-10-05 14:21:40,654 - __main__ - DEBUG - QR 1, Loss=0.009537498144848163
2020-10-05 14:21:40,654 - __main__ - DEBUG - QR 2, Loss=0.017393103177218924
2020-10-05 14:21:40,654 - __main__ - DEBUG - QR 3, Loss=0.009653787780273874
2020-10-05 14:21:40,654 - __main__ - DEBUG - QR 4, Loss=0.013313822523003106
2020-10-05 14:21:45,018 - __main__ - DEBUG - QR 0, Loss=0.013130767150458111
2020-10-05 14:21:45,018 - __main__ - DEBUG - QR 1, Loss=0.009535951190089561
2020-10-05 14:21:45,018 - __main__ - DEBUG - QR 2, Loss=0.009568938742896676
2020-10-05 14:21:45,018 - __main__ - DEBUG - QR 3, Loss=0.009843977410818138
2020-10-05 14:21:45,018 - __main__ - DEBUG - QR 4, Loss=0.009814650984954742
2020-10-05 14:21:47,161 - __main__ - DEBUG - QR 0, Loss=0.018444780992276366
2020-10-05 14:21:47,161 - __main__ - DEBUG - QR 1, Loss=0.009793509643338694
2020-10-05 14:21:47,162 - __main__ - DEBUG - QR 2, Loss=0.01028537694071173
2020-10-05 14:21:47,162 - __main__ - DEBUG - QR 3, Loss=0.009824362592657856
2020-10-05 14:21:47,162 - __main__ - DEBUG - QR 4, Loss=0.014022182928392635
2020-10-05 14:21:58,276 - __main__ - INFO - innate_buffer=2000, innate_train_len=2000, innate_val_len=2000
2020-10-05 14:21:58,276 - __main__ - INFO - target_state_list=(6000, 25), target_innate_seq=(6000, 5)
2020-10-05 14:22:02,088 - __main__ - INFO - innate_buffer=2000, innate_train_len=2000, innate_val_len=2000
2020-10-05 14:22:02,088 - __main__ - INFO - target_state_list=(6000, 25), target_innate_seq=(6000, 5)
2020-10-05 14:22:03,829 - __main__ - INFO - innate_buffer=2000, innate_train_len=2000, innate_val_len=2000
2020-10-05 14:22:03,829 - __main__ - INFO - target_state_list=(6000, 25), target_innate_seq=(6000, 5)
2020-10-05 14:22:15,131 - __main__ - DEBUG - QR 0, Loss=0.009138417855889069
2020-10-05 14:22:15,131 - __main__ - DEBUG - QR 1, Loss=0.022400961451555398
2020-10-05 14:22:15,131 - __main__ - DEBUG - QR 2, Loss=0.010495466141839192
2020-10-05 14:22:15,131 - __main__ - DEBUG - QR 3, Loss=0.009926725170929697
2020-10-05 14:22:15,131 - __main__ - DEBUG - QR 4, Loss=0.009436183153281768
2020-10-05 14:22:18,603 - __main__ - DEBUG - QR 0, Loss=0.009138530902170492
2020-10-05 14:22:18,604 - __main__ - DEBUG - QR 1, Loss=0.014859735398998264
2020-10-05 14:22:18,604 - __main__ - DEBUG - QR 2, Loss=0.010163045633983575
2020-10-05 14:22:18,604 - __main__ - DEBUG - QR 3, Loss=0.009635552831509549
2020-10-05 14:22:18,604 - __main__ - DEBUG - QR 4, Loss=0.009864839397246264
2020-10-05 14:22:20,198 - __main__ - DEBUG - QR 0, Loss=0.009138807150530075
2020-10-05 14:22:20,198 - __main__ - DEBUG - QR 1, Loss=0.024197651544195502
2020-10-05 14:22:20,198 - __main__ - DEBUG - QR 2, Loss=0.013322171206877844
2020-10-05 14:22:20,198 - __main__ - DEBUG - QR 3, Loss=0.010528747694421607
2020-10-05 14:22:20,198 - __main__ - DEBUG - QR 4, Loss=0.009406749015057966
2020-10-05 14:22:31,274 - __main__ - INFO - innate_buffer=2000, innate_train_len=2000, innate_val_len=2000
2020-10-05 14:22:31,275 - __main__ - INFO - target_state_list=(6000, 25), target_innate_seq=(6000, 5)
2020-10-05 14:22:34,957 - __main__ - INFO - innate_buffer=2000, innate_train_len=2000, innate_val_len=2000
2020-10-05 14:22:34,957 - __main__ - INFO - target_state_list=(6000, 25), target_innate_seq=(6000, 5)
2020-10-05 14:22:38,244 - __main__ - INFO - innate_buffer=2000, innate_train_len=2000, innate_val_len=2000
2020-10-05 14:22:38,245 - __main__ - INFO - target_state_list=(6000, 25), target_innate_seq=(6000, 5)
2020-10-05 14:22:47,916 - __main__ - DEBUG - QR 0, Loss=0.009753313260717447
2020-10-05 14:22:47,916 - __main__ - DEBUG - QR 1, Loss=0.009484142353361405
2020-10-05 14:22:47,916 - __main__ - DEBUG - QR 2, Loss=0.011765087318997858
2020-10-05 14:22:47,916 - __main__ - DEBUG - QR 3, Loss=0.010348789629508342
2020-10-05 14:22:47,917 - __main__ - DEBUG - QR 4, Loss=0.009465953960540865
2020-10-05 14:22:50,932 - __main__ - DEBUG - QR 0, Loss=0.009848845291536573
2020-10-05 14:22:50,932 - __main__ - DEBUG - QR 1, Loss=0.009482353710229133
2020-10-05 14:22:50,932 - __main__ - DEBUG - QR 2, Loss=0.010018332255868555
2020-10-05 14:22:50,932 - __main__ - DEBUG - QR 3, Loss=0.010069604488472288
2020-10-05 14:22:50,932 - __main__ - DEBUG - QR 4, Loss=0.009468581879958032
2020-10-05 14:22:55,415 - __main__ - DEBUG - QR 0, Loss=0.010711021744812177
2020-10-05 14:22:55,415 - __main__ - DEBUG - QR 1, Loss=0.00948935580465318
2020-10-05 14:22:55,415 - __main__ - DEBUG - QR 2, Loss=0.014040227954063752
2020-10-05 14:22:55,415 - __main__ - DEBUG - QR 3, Loss=0.009728133038133741
2020-10-05 14:22:55,415 - __main__ - DEBUG - QR 4, Loss=0.01232332836771567
2020-10-05 14:23:05,334 - __main__ - INFO - innate_buffer=2000, innate_train_len=2000, innate_val_len=2000
2020-10-05 14:23:05,334 - __main__ - INFO - target_state_list=(6000, 25), target_innate_seq=(6000, 5)
2020-10-05 14:23:07,907 - __main__ - INFO - innate_buffer=2000, innate_train_len=2000, innate_val_len=2000
2020-10-05 14:23:07,908 - __main__ - INFO - target_state_list=(6000, 25), target_innate_seq=(6000, 5)
2020-10-05 14:23:11,938 - __main__ - INFO - innate_buffer=2000, innate_train_len=2000, innate_val_len=2000
2020-10-05 14:23:11,939 - __main__ - INFO - target_state_list=(6000, 25), target_innate_seq=(6000, 5)
2020-10-05 14:23:21,646 - __main__ - DEBUG - QR 0, Loss=0.009434281752951183
2020-10-05 14:23:21,646 - __main__ - DEBUG - QR 1, Loss=0.012364932651110966
2020-10-05 14:23:21,646 - __main__ - DEBUG - QR 2, Loss=0.010424679305593966
2020-10-05 14:23:21,647 - __main__ - DEBUG - QR 3, Loss=0.009858962948748272
2020-10-05 14:23:21,647 - __main__ - DEBUG - QR 4, Loss=0.009879658191178992
2020-10-05 14:23:24,328 - __main__ - DEBUG - QR 0, Loss=0.009423075223407285
2020-10-05 14:23:24,329 - __main__ - DEBUG - QR 1, Loss=0.011877192419771013
2020-10-05 14:23:24,329 - __main__ - DEBUG - QR 2, Loss=0.009541202577792913
2020-10-05 14:23:24,329 - __main__ - DEBUG - QR 3, Loss=0.009780289764985822
2020-10-05 14:23:24,329 - __main__ - DEBUG - QR 4, Loss=0.009887697992432245
2020-10-05 14:23:28,334 - __main__ - DEBUG - QR 0, Loss=0.009453221846997891
2020-10-05 14:23:28,334 - __main__ - DEBUG - QR 1, Loss=0.013203464343423683
2020-10-05 14:23:28,334 - __main__ - DEBUG - QR 2, Loss=0.009781882523989755
2020-10-05 14:23:28,335 - __main__ - DEBUG - QR 3, Loss=0.009986972986218718
2020-10-05 14:23:28,335 - __main__ - DEBUG - QR 4, Loss=0.009574663600992106
2020-10-05 14:23:38,428 - __main__ - INFO - innate_buffer=2000, innate_train_len=2000, innate_val_len=2000
2020-10-05 14:23:38,428 - __main__ - INFO - target_state_list=(6000, 25), target_innate_seq=(6000, 5)
2020-10-05 14:23:41,402 - __main__ - INFO - innate_buffer=2000, innate_train_len=2000, innate_val_len=2000
2020-10-05 14:23:41,403 - __main__ - INFO - target_state_list=(6000, 25), target_innate_seq=(6000, 5)
2020-10-05 14:23:45,673 - __main__ - INFO - innate_buffer=2000, innate_train_len=2000, innate_val_len=2000
2020-10-05 14:23:45,673 - __main__ - INFO - target_state_list=(6000, 25), target_innate_seq=(6000, 5)
2020-10-05 14:23:55,125 - __main__ - DEBUG - QR 0, Loss=0.009439115080531111
2020-10-05 14:23:55,125 - __main__ - DEBUG - QR 1, Loss=0.009420564819451914
2020-10-05 14:23:55,125 - __main__ - DEBUG - QR 2, Loss=0.009777727558874351
2020-10-05 14:23:55,126 - __main__ - DEBUG - QR 3, Loss=0.009467398512286593
2020-10-05 14:23:55,126 - __main__ - DEBUG - QR 4, Loss=0.009486048873080367
2020-10-05 14:23:58,547 - __main__ - DEBUG - QR 0, Loss=0.009411660756023843
2020-10-05 14:23:58,547 - __main__ - DEBUG - QR 1, Loss=0.009630409903393833
2020-10-05 14:23:58,548 - __main__ - DEBUG - QR 2, Loss=0.008975574214387414
2020-10-05 14:23:58,548 - __main__ - DEBUG - QR 3, Loss=0.00947431902773115
2020-10-05 14:23:58,548 - __main__ - DEBUG - QR 4, Loss=0.009598027290270312
2020-10-05 14:24:02,490 - __main__ - DEBUG - QR 0, Loss=0.009427691830437205
2020-10-05 14:24:02,490 - __main__ - DEBUG - QR 1, Loss=0.009636475068245314
2020-10-05 14:24:02,490 - __main__ - DEBUG - QR 2, Loss=0.009609137358867618
2020-10-05 14:24:02,490 - __main__ - DEBUG - QR 3, Loss=0.009499475163185589
2020-10-05 14:24:02,491 - __main__ - DEBUG - QR 4, Loss=0.010334839511801764
2020-10-05 14:24:11,919 - __main__ - INFO - innate_buffer=2000, innate_train_len=2000, innate_val_len=2000
2020-10-05 14:24:11,919 - __main__ - INFO - target_state_list=(6000, 25), target_innate_seq=(6000, 5)
2020-10-05 14:24:15,484 - __main__ - INFO - innate_buffer=2000, innate_train_len=2000, innate_val_len=2000
2020-10-05 14:24:15,485 - __main__ - INFO - target_state_list=(6000, 25), target_innate_seq=(6000, 5)
2020-10-05 14:24:20,067 - __main__ - INFO - innate_buffer=2000, innate_train_len=2000, innate_val_len=2000
2020-10-05 14:24:20,068 - __main__ - INFO - target_state_list=(6000, 25), target_innate_seq=(6000, 5)
2020-10-05 14:24:27,467 - __main__ - DEBUG - QR 0, Loss=0.010216293412089258
2020-10-05 14:24:27,467 - __main__ - DEBUG - QR 1, Loss=0.009520061528530816
2020-10-05 14:24:27,468 - __main__ - DEBUG - QR 2, Loss=0.009891190455739593
2020-10-05 14:24:27,468 - __main__ - DEBUG - QR 3, Loss=0.009340132001686747
2020-10-05 14:24:27,468 - __main__ - DEBUG - QR 4, Loss=0.0112100309202443
2020-10-05 14:24:31,906 - __main__ - DEBUG - QR 0, Loss=0.009874637119038854
2020-10-05 14:24:31,906 - __main__ - DEBUG - QR 1, Loss=0.009737162004810722
2020-10-05 14:24:31,907 - __main__ - DEBUG - QR 2, Loss=0.00934178369397433
2020-10-05 14:24:31,907 - __main__ - DEBUG - QR 3, Loss=0.009308095863814835
2020-10-05 14:24:31,907 - __main__ - DEBUG - QR 4, Loss=0.009822733049174883
2020-10-05 14:24:36,620 - __main__ - DEBUG - QR 0, Loss=0.009746272711692684
2020-10-05 14:24:36,620 - __main__ - DEBUG - QR 1, Loss=0.010031266535300948
2020-10-05 14:24:36,620 - __main__ - DEBUG - QR 2, Loss=0.010121048391625037
2020-10-05 14:24:36,620 - __main__ - DEBUG - QR 3, Loss=0.009325129036441537
2020-10-05 14:24:36,620 - __main__ - DEBUG - QR 4, Loss=0.01042015097564688
2020-10-05 14:24:43,307 - __main__ - INFO - innate_buffer=2000, innate_train_len=2000, innate_val_len=2000
2020-10-05 14:24:43,307 - __main__ - INFO - target_state_list=(6000, 25), target_innate_seq=(6000, 5)
2020-10-05 14:24:44,624 - __main__ - INFO - innate_buffer=2000, innate_train_len=2000, innate_val_len=2000
2020-10-05 14:24:44,624 - __main__ - INFO - target_state_list=(6000, 25), target_innate_seq=(6000, 5)
2020-10-05 14:24:47,347 - __main__ - INFO - innate_buffer=2000, innate_train_len=2000, innate_val_len=2000
2020-10-05 14:24:47,347 - __main__ - INFO - target_state_list=(6000, 25), target_innate_seq=(6000, 5)
2020-10-05 14:24:52,760 - __main__ - DEBUG - QR 0, Loss=0.009523622165234096
2020-10-05 14:24:52,760 - __main__ - DEBUG - QR 1, Loss=0.009648942463371044
2020-10-05 14:24:52,760 - __main__ - DEBUG - QR 2, Loss=0.009698476641905459
2020-10-05 14:24:52,761 - __main__ - DEBUG - QR 3, Loss=0.017700083932618196
2020-10-05 14:24:52,761 - __main__ - DEBUG - QR 4, Loss=0.009492202809229132
2020-10-05 14:24:56,739 - __main__ - DEBUG - QR 0, Loss=0.009958818137699716
2020-10-05 14:24:56,739 - __main__ - DEBUG - QR 1, Loss=0.010616456975979805
2020-10-05 14:24:56,739 - __main__ - DEBUG - QR 2, Loss=0.009689197052688966
2020-10-05 14:24:56,739 - __main__ - DEBUG - QR 3, Loss=0.010788279907030698
2020-10-05 14:24:56,739 - __main__ - DEBUG - QR 4, Loss=0.009478564148884738
2020-10-05 14:24:59,467 - __main__ - DEBUG - QR 0, Loss=0.010647842815921248
2020-10-05 14:24:59,467 - __main__ - DEBUG - QR 1, Loss=0.01080758894771737
2020-10-05 14:24:59,467 - __main__ - DEBUG - QR 2, Loss=0.00968965366678079
2020-10-05 14:24:59,467 - __main__ - DEBUG - QR 3, Loss=0.009989121170394443
2020-10-05 14:24:59,467 - __main__ - DEBUG - QR 4, Loss=0.009475181523321932
2020-10-05 14:25:02,302 - __main__ - INFO - innate_buffer=2000, innate_train_len=2000, innate_val_len=2000
2020-10-05 14:25:02,302 - __main__ - INFO - target_state_list=(6000, 25), target_innate_seq=(6000, 5)
2020-10-05 14:25:06,183 - __main__ - INFO - innate_buffer=2000, innate_train_len=2000, innate_val_len=2000
2020-10-05 14:25:06,183 - __main__ - INFO - target_state_list=(6000, 25), target_innate_seq=(6000, 5)
2020-10-05 14:25:08,799 - __main__ - INFO - innate_buffer=2000, innate_train_len=2000, innate_val_len=2000
2020-10-05 14:25:08,800 - __main__ - INFO - target_state_list=(6000, 25), target_innate_seq=(6000, 5)
2020-10-05 14:25:10,880 - __main__ - DEBUG - QR 0, Loss=0.009631295031792466
2020-10-05 14:25:10,880 - __main__ - DEBUG - QR 1, Loss=0.009983346161876442
2020-10-05 14:25:10,880 - __main__ - DEBUG - QR 2, Loss=0.00966604056874891
2020-10-05 14:25:10,880 - __main__ - DEBUG - QR 3, Loss=0.009887039979640426
2020-10-05 14:25:10,880 - __main__ - DEBUG - QR 4, Loss=0.009828795212986064
2020-10-05 14:25:10,880 - __main__ - INFO - do_narma=0, Ntrials=10, total loss avg=0.010117792075557906, std=0.0005244821016283694
2020-10-05 14:25:14,397 - __main__ - DEBUG - QR 0, Loss=0.009673210937760836
2020-10-05 14:25:14,397 - __main__ - DEBUG - QR 1, Loss=0.011445207063224723
2020-10-05 14:25:14,398 - __main__ - DEBUG - QR 2, Loss=0.009741264890878804
2020-10-05 14:25:14,398 - __main__ - DEBUG - QR 3, Loss=0.01032395927745446
2020-10-05 14:25:14,398 - __main__ - DEBUG - QR 4, Loss=0.009211175435329521
2020-10-05 14:25:14,398 - __main__ - INFO - do_narma=0, Ntrials=10, total loss avg=0.011276920481161164, std=0.0016445055823486236
2020-10-05 14:25:16,695 - __main__ - DEBUG - QR 0, Loss=0.009628941156027861
2020-10-05 14:25:16,695 - __main__ - DEBUG - QR 1, Loss=0.010208800879926863
2020-10-05 14:25:16,695 - __main__ - DEBUG - QR 2, Loss=0.009664343936614174
2020-10-05 14:25:16,695 - __main__ - DEBUG - QR 3, Loss=0.00968238544056373
2020-10-05 14:25:16,695 - __main__ - DEBUG - QR 4, Loss=0.009510147488295689
2020-10-05 14:25:16,695 - __main__ - INFO - do_narma=0, Ntrials=10, total loss avg=0.011064337378696824, std=0.0017958541788144114
